<?xml version="1.0" encoding="UTF-8"?>
<testsuite xmlns:xsi="http://www.w3.org/2001/XMLSchema-instance" xsi:noNamespaceSchemaLocation="https://maven.apache.org/surefire/maven-surefire-plugin/xsd/surefire-test-report-3.0.xsd" version="3.0" name="TestSuite" time="1,870.192" tests="69" errors="0" skipped="0" failures="0">
  <properties>
    <property name="java.specification.version" value="17"/>
    <property name="webdriver.chrome.driver" value="C:\Users\Akundar\eclipse-workspace\AEMhdfc\Driver\chromedriver.exe"/>
    <property name="sun.cpu.isalist" value="amd64"/>
    <property name="sun.jnu.encoding" value="Cp1252"/>
    <property name="java.class.path" value="C:\Users\Akundar\eclipse-workspace\AEMhdfc\target\test-classes;C:\Users\Akundar\eclipse-workspace\AEMhdfc\target\classes;C:\Users\Akundar\.m2\repository\junit\junit\4.11\junit-4.11.jar;C:\Users\Akundar\.m2\repository\org\hamcrest\hamcrest-core\1.3\hamcrest-core-1.3.jar;C:\Users\Akundar\.m2\repository\org\seleniumhq\selenium\selenium-java\3.141.59\selenium-java-3.141.59.jar;C:\Users\Akundar\.m2\repository\org\seleniumhq\selenium\selenium-api\3.141.59\selenium-api-3.141.59.jar;C:\Users\Akundar\.m2\repository\org\seleniumhq\selenium\selenium-chrome-driver\3.141.59\selenium-chrome-driver-3.141.59.jar;C:\Users\Akundar\.m2\repository\org\seleniumhq\selenium\selenium-edge-driver\3.141.59\selenium-edge-driver-3.141.59.jar;C:\Users\Akundar\.m2\repository\org\seleniumhq\selenium\selenium-firefox-driver\3.141.59\selenium-firefox-driver-3.141.59.jar;C:\Users\Akundar\.m2\repository\org\seleniumhq\selenium\selenium-ie-driver\3.141.59\selenium-ie-driver-3.141.59.jar;C:\Users\Akundar\.m2\repository\org\seleniumhq\selenium\selenium-opera-driver\3.141.59\selenium-opera-driver-3.141.59.jar;C:\Users\Akundar\.m2\repository\org\seleniumhq\selenium\selenium-remote-driver\3.141.59\selenium-remote-driver-3.141.59.jar;C:\Users\Akundar\.m2\repository\org\seleniumhq\selenium\selenium-safari-driver\3.141.59\selenium-safari-driver-3.141.59.jar;C:\Users\Akundar\.m2\repository\org\seleniumhq\selenium\selenium-support\3.141.59\selenium-support-3.141.59.jar;C:\Users\Akundar\.m2\repository\net\bytebuddy\byte-buddy\1.8.15\byte-buddy-1.8.15.jar;C:\Users\Akundar\.m2\repository\org\apache\commons\commons-exec\1.3\commons-exec-1.3.jar;C:\Users\Akundar\.m2\repository\com\google\guava\guava\25.0-jre\guava-25.0-jre.jar;C:\Users\Akundar\.m2\repository\com\google\code\findbugs\jsr305\1.3.9\jsr305-1.3.9.jar;C:\Users\Akundar\.m2\repository\org\checkerframework\checker-compat-qual\2.0.0\checker-compat-qual-2.0.0.jar;C:\Users\Akundar\.m2\repository\com\google\errorprone\error_prone_annotations\2.1.3\error_prone_annotations-2.1.3.jar;C:\Users\Akundar\.m2\repository\com\google\j2objc\j2objc-annotations\1.1\j2objc-annotations-1.1.jar;C:\Users\Akundar\.m2\repository\org\codehaus\mojo\animal-sniffer-annotations\1.14\animal-sniffer-annotations-1.14.jar;C:\Users\Akundar\.m2\repository\com\squareup\okhttp3\okhttp\3.11.0\okhttp-3.11.0.jar;C:\Users\Akundar\.m2\repository\com\squareup\okio\okio\1.14.0\okio-1.14.0.jar;C:\Users\Akundar\.m2\repository\org\testng\testng\7.4.0\testng-7.4.0.jar;C:\Users\Akundar\.m2\repository\com\beust\jcommander\1.78\jcommander-1.78.jar;C:\Users\Akundar\.m2\repository\org\webjars\jquery\3.5.1\jquery-3.5.1.jar;C:\Users\Akundar\.m2\repository\org\apache\logging\log4j\log4j-core\2.14.1\log4j-core-2.14.1.jar;C:\Users\Akundar\.m2\repository\org\apache\logging\log4j\log4j-api\2.14.1\log4j-api-2.14.1.jar;C:\Users\Akundar\.m2\repository\com\aventstack\extentreports\5.0.9\extentreports-5.0.9.jar;C:\Users\Akundar\.m2\repository\io\reactivex\rxjava3\rxjava\3.0.4\rxjava-3.0.4.jar;C:\Users\Akundar\.m2\repository\org\reactivestreams\reactive-streams\1.0.3\reactive-streams-1.0.3.jar;C:\Users\Akundar\.m2\repository\org\freemarker\freemarker\2.3.30\freemarker-2.3.30.jar;C:\Users\Akundar\.m2\repository\com\google\code\gson\gson\2.8.6\gson-2.8.6.jar;C:\Users\Akundar\.m2\repository\commons-io\commons-io\2.11.0\commons-io-2.11.0.jar;C:\Users\Akundar\.m2\repository\org\apache\poi\poi\5.0.0\poi-5.0.0.jar;C:\Users\Akundar\.m2\repository\org\slf4j\slf4j-api\1.7.30\slf4j-api-1.7.30.jar;C:\Users\Akundar\.m2\repository\org\slf4j\jcl-over-slf4j\1.7.30\jcl-over-slf4j-1.7.30.jar;C:\Users\Akundar\.m2\repository\commons-codec\commons-codec\1.15\commons-codec-1.15.jar;C:\Users\Akundar\.m2\repository\org\apache\commons\commons-collections4\4.4\commons-collections4-4.4.jar;C:\Users\Akundar\.m2\repository\org\apache\commons\commons-math3\3.6.1\commons-math3-3.6.1.jar;C:\Users\Akundar\.m2\repository\com\zaxxer\SparseBitSet\1.2\SparseBitSet-1.2.jar;C:\Users\Akundar\.m2\repository\org\apache\poi\poi-ooxml\5.0.0\poi-ooxml-5.0.0.jar;C:\Users\Akundar\.m2\repository\org\apache\poi\poi-ooxml-lite\5.0.0\poi-ooxml-lite-5.0.0.jar;C:\Users\Akundar\.m2\repository\org\apache\commons\commons-compress\1.20\commons-compress-1.20.jar;C:\Users\Akundar\.m2\repository\com\github\virtuald\curvesapi\1.06\curvesapi-1.06.jar;C:\Users\Akundar\.m2\repository\org\bouncycastle\bcpkix-jdk15on\1.68\bcpkix-jdk15on-1.68.jar;C:\Users\Akundar\.m2\repository\org\bouncycastle\bcprov-jdk15on\1.68\bcprov-jdk15on-1.68.jar;C:\Users\Akundar\.m2\repository\org\apache\santuario\xmlsec\2.2.1\xmlsec-2.2.1.jar;C:\Users\Akundar\.m2\repository\com\fasterxml\woodstox\woodstox-core\5.2.1\woodstox-core-5.2.1.jar;C:\Users\Akundar\.m2\repository\org\codehaus\woodstox\stax2-api\4.2\stax2-api-4.2.jar;C:\Users\Akundar\.m2\repository\jakarta\xml\bind\jakarta.xml.bind-api\2.3.2\jakarta.xml.bind-api-2.3.2.jar;C:\Users\Akundar\.m2\repository\jakarta\activation\jakarta.activation-api\1.2.1\jakarta.activation-api-1.2.1.jar;C:\Users\Akundar\.m2\repository\org\apache\xmlgraphics\batik-all\1.13\batik-all-1.13.jar;C:\Users\Akundar\.m2\repository\org\apache\xmlgraphics\batik-anim\1.13\batik-anim-1.13.jar;C:\Users\Akundar\.m2\repository\org\apache\xmlgraphics\batik-shared-resources\1.13\batik-shared-resources-1.13.jar;C:\Users\Akundar\.m2\repository\xml-apis\xml-apis-ext\1.3.04\xml-apis-ext-1.3.04.jar;C:\Users\Akundar\.m2\repository\org\apache\xmlgraphics\batik-awt-util\1.13\batik-awt-util-1.13.jar;C:\Users\Akundar\.m2\repository\org\apache\xmlgraphics\xmlgraphics-commons\2.4\xmlgraphics-commons-2.4.jar;C:\Users\Akundar\.m2\repository\org\apache\xmlgraphics\batik-bridge\1.13\batik-bridge-1.13.jar;C:\Users\Akundar\.m2\repository\org\apache\xmlgraphics\batik-codec\1.13\batik-codec-1.13.jar;C:\Users\Akundar\.m2\repository\org\apache\xmlgraphics\batik-constants\1.13\batik-constants-1.13.jar;C:\Users\Akundar\.m2\repository\org\apache\xmlgraphics\batik-css\1.13\batik-css-1.13.jar;C:\Users\Akundar\.m2\repository\org\apache\xmlgraphics\batik-dom\1.13\batik-dom-1.13.jar;C:\Users\Akundar\.m2\repository\xalan\xalan\2.7.2\xalan-2.7.2.jar;C:\Users\Akundar\.m2\repository\xalan\serializer\2.7.2\serializer-2.7.2.jar;C:\Users\Akundar\.m2\repository\xml-apis\xml-apis\1.4.01\xml-apis-1.4.01.jar;C:\Users\Akundar\.m2\repository\org\apache\xmlgraphics\batik-ext\1.13\batik-ext-1.13.jar;C:\Users\Akundar\.m2\repository\org\apache\xmlgraphics\batik-extension\1.13\batik-extension-1.13.jar;C:\Users\Akundar\.m2\repository\org\apache\xmlgraphics\batik-gui-util\1.13\batik-gui-util-1.13.jar;C:\Users\Akundar\.m2\repository\org\apache\xmlgraphics\batik-gvt\1.13\batik-gvt-1.13.jar;C:\Users\Akundar\.m2\repository\org\apache\xmlgraphics\batik-i18n\1.13\batik-i18n-1.13.jar;C:\Users\Akundar\.m2\repository\org\apache\xmlgraphics\batik-parser\1.13\batik-parser-1.13.jar;C:\Users\Akundar\.m2\repository\org\apache\xmlgraphics\batik-rasterizer-ext\1.13\batik-rasterizer-ext-1.13.jar;C:\Users\Akundar\.m2\repository\org\apache\xmlgraphics\batik-rasterizer\1.13\batik-rasterizer-1.13.jar;C:\Users\Akundar\.m2\repository\org\apache\xmlgraphics\batik-script\1.13\batik-script-1.13.jar;C:\Users\Akundar\.m2\repository\org\apache\xmlgraphics\batik-slideshow\1.13\batik-slideshow-1.13.jar;C:\Users\Akundar\.m2\repository\org\apache\xmlgraphics\batik-squiggle-ext\1.13\batik-squiggle-ext-1.13.jar;C:\Users\Akundar\.m2\repository\org\apache\xmlgraphics\batik-squiggle\1.13\batik-squiggle-1.13.jar;C:\Users\Akundar\.m2\repository\org\apache\xmlgraphics\batik-svg-dom\1.13\batik-svg-dom-1.13.jar;C:\Users\Akundar\.m2\repository\org\apache\xmlgraphics\batik-svgbrowser\1.13\batik-svgbrowser-1.13.jar;C:\Users\Akundar\.m2\repository\org\apache\xmlgraphics\batik-svggen\1.13\batik-svggen-1.13.jar;C:\Users\Akundar\.m2\repository\org\apache\xmlgraphics\batik-svgpp\1.13\batik-svgpp-1.13.jar;C:\Users\Akundar\.m2\repository\org\apache\xmlgraphics\batik-svgrasterizer\1.13\batik-svgrasterizer-1.13.jar;C:\Users\Akundar\.m2\repository\org\apache\xmlgraphics\batik-swing\1.13\batik-swing-1.13.jar;C:\Users\Akundar\.m2\repository\org\apache\xmlgraphics\batik-transcoder\1.13\batik-transcoder-1.13.jar;C:\Users\Akundar\.m2\repository\org\apache\xmlgraphics\batik-util\1.13\batik-util-1.13.jar;C:\Users\Akundar\.m2\repository\org\apache\xmlgraphics\batik-ttf2svg\1.13\batik-ttf2svg-1.13.jar;C:\Users\Akundar\.m2\repository\org\apache\xmlgraphics\batik-xml\1.13\batik-xml-1.13.jar;C:\Users\Akundar\.m2\repository\de\rototor\pdfbox\graphics2d\0.30\graphics2d-0.30.jar;C:\Users\Akundar\.m2\repository\org\apache\pdfbox\pdfbox\2.0.22\pdfbox-2.0.22.jar;C:\Users\Akundar\.m2\repository\org\apache\pdfbox\fontbox\2.0.22\fontbox-2.0.22.jar;C:\Users\Akundar\.m2\repository\org\apache\poi\poi-ooxml-schemas\4.1.2\poi-ooxml-schemas-4.1.2.jar;C:\Users\Akundar\.m2\repository\org\apache\poi\poi-scratchpad\5.0.0\poi-scratchpad-5.0.0.jar;C:\Users\Akundar\.m2\repository\org\apache\poi\poi-excelant\5.0.0\poi-excelant-5.0.0.jar;C:\Users\Akundar\.m2\repository\org\apache\ant\ant\1.10.9\ant-1.10.9.jar;C:\Users\Akundar\.m2\repository\org\apache\ant\ant-launcher\1.10.9\ant-launcher-1.10.9.jar;C:\Users\Akundar\.m2\repository\org\apache\poi\ooxml-schemas\1.4\ooxml-schemas-1.4.jar;C:\Users\Akundar\.m2\repository\org\apache\xmlbeans\xmlbeans\5.0.1\xmlbeans-5.0.1.jar;C:\Users\Akundar\.m2\repository\org\projectlombok\lombok\1.18.20\lombok-1.18.20.jar;C:\Users\Akundar\.m2\repository\com\microsoft\edge\msedge-selenium-tools-java\3.141.0\msedge-selenium-tools-java-3.141.0.jar;C:\Users\Akundar\.m2\repository\io\netty\netty-all\4.1.70.Final\netty-all-4.1.70.Final.jar;C:\Users\Akundar\.m2\repository\io\netty\netty-buffer\4.1.70.Final\netty-buffer-4.1.70.Final.jar;C:\Users\Akundar\.m2\repository\io\netty\netty-codec\4.1.70.Final\netty-codec-4.1.70.Final.jar;C:\Users\Akundar\.m2\repository\io\netty\netty-codec-dns\4.1.70.Final\netty-codec-dns-4.1.70.Final.jar;C:\Users\Akundar\.m2\repository\io\netty\netty-codec-haproxy\4.1.70.Final\netty-codec-haproxy-4.1.70.Final.jar;C:\Users\Akundar\.m2\repository\io\netty\netty-codec-http\4.1.70.Final\netty-codec-http-4.1.70.Final.jar;C:\Users\Akundar\.m2\repository\io\netty\netty-codec-http2\4.1.70.Final\netty-codec-http2-4.1.70.Final.jar;C:\Users\Akundar\.m2\repository\io\netty\netty-codec-memcache\4.1.70.Final\netty-codec-memcache-4.1.70.Final.jar;C:\Users\Akundar\.m2\repository\io\netty\netty-codec-mqtt\4.1.70.Final\netty-codec-mqtt-4.1.70.Final.jar;C:\Users\Akundar\.m2\repository\io\netty\netty-codec-redis\4.1.70.Final\netty-codec-redis-4.1.70.Final.jar;C:\Users\Akundar\.m2\repository\io\netty\netty-codec-smtp\4.1.70.Final\netty-codec-smtp-4.1.70.Final.jar;C:\Users\Akundar\.m2\repository\io\netty\netty-codec-socks\4.1.70.Final\netty-codec-socks-4.1.70.Final.jar;C:\Users\Akundar\.m2\repository\io\netty\netty-codec-stomp\4.1.70.Final\netty-codec-stomp-4.1.70.Final.jar;C:\Users\Akundar\.m2\repository\io\netty\netty-codec-xml\4.1.70.Final\netty-codec-xml-4.1.70.Final.jar;C:\Users\Akundar\.m2\repository\io\netty\netty-common\4.1.70.Final\netty-common-4.1.70.Final.jar;C:\Users\Akundar\.m2\repository\io\netty\netty-handler\4.1.70.Final\netty-handler-4.1.70.Final.jar;C:\Users\Akundar\.m2\repository\io\netty\netty-handler-proxy\4.1.70.Final\netty-handler-proxy-4.1.70.Final.jar;C:\Users\Akundar\.m2\repository\io\netty\netty-resolver\4.1.70.Final\netty-resolver-4.1.70.Final.jar;C:\Users\Akundar\.m2\repository\io\netty\netty-resolver-dns\4.1.70.Final\netty-resolver-dns-4.1.70.Final.jar;C:\Users\Akundar\.m2\repository\io\netty\netty-transport\4.1.70.Final\netty-transport-4.1.70.Final.jar;C:\Users\Akundar\.m2\repository\io\netty\netty-transport-rxtx\4.1.70.Final\netty-transport-rxtx-4.1.70.Final.jar;C:\Users\Akundar\.m2\repository\io\netty\netty-transport-sctp\4.1.70.Final\netty-transport-sctp-4.1.70.Final.jar;C:\Users\Akundar\.m2\repository\io\netty\netty-transport-udt\4.1.70.Final\netty-transport-udt-4.1.70.Final.jar;C:\Users\Akundar\.m2\repository\io\netty\netty-transport-classes-epoll\4.1.70.Final\netty-transport-classes-epoll-4.1.70.Final.jar;C:\Users\Akundar\.m2\repository\io\netty\netty-transport-native-unix-common\4.1.70.Final\netty-transport-native-unix-common-4.1.70.Final.jar;C:\Users\Akundar\.m2\repository\io\netty\netty-transport-classes-kqueue\4.1.70.Final\netty-transport-classes-kqueue-4.1.70.Final.jar;C:\Users\Akundar\.m2\repository\io\netty\netty-resolver-dns-classes-macos\4.1.70.Final\netty-resolver-dns-classes-macos-4.1.70.Final.jar;C:\Users\Akundar\.m2\repository\io\netty\netty-transport-native-epoll\4.1.70.Final\netty-transport-native-epoll-4.1.70.Final-linux-x86_64.jar;C:\Users\Akundar\.m2\repository\io\netty\netty-transport-native-epoll\4.1.70.Final\netty-transport-native-epoll-4.1.70.Final-linux-aarch_64.jar;C:\Users\Akundar\.m2\repository\io\netty\netty-transport-native-kqueue\4.1.70.Final\netty-transport-native-kqueue-4.1.70.Final-osx-x86_64.jar;C:\Users\Akundar\.m2\repository\io\netty\netty-transport-native-kqueue\4.1.70.Final\netty-transport-native-kqueue-4.1.70.Final-osx-aarch_64.jar;C:\Users\Akundar\.m2\repository\io\netty\netty-resolver-dns-native-macos\4.1.70.Final\netty-resolver-dns-native-macos-4.1.70.Final-osx-x86_64.jar;C:\Users\Akundar\.m2\repository\io\netty\netty-resolver-dns-native-macos\4.1.70.Final\netty-resolver-dns-native-macos-4.1.70.Final-osx-aarch_64.jar;"/>
    <property name="java.vm.vendor" value="Oracle Corporation"/>
    <property name="sun.arch.data.model" value="64"/>
    <property name="user.variant" value=""/>
    <property name="java.vendor.url" value="https://java.oracle.com/"/>
    <property name="user.timezone" value="Asia/Calcutta"/>
    <property name="os.name" value="Windows 10"/>
    <property name="java.vm.specification.version" value="17"/>
    <property name="sun.java.launcher" value="SUN_STANDARD"/>
    <property name="user.country" value="IN"/>
    <property name="sun.boot.library.path" value="C:\Users\Akundar\Installers\openjdk-17_windows-x64_bin (1)\jdk-17\bin"/>
    <property name="sun.java.command" value="C:\Users\Akundar\AppData\Local\Temp\surefire9265047390484114512\surefirebooter7346077187040319238.jar C:\Users\Akundar\AppData\Local\Temp\surefire9265047390484114512 2021-12-17T20-07-46_388-jvmRun1 surefire15815889709094556394tmp surefire_02918811451892792782tmp"/>
    <property name="jdk.debug" value="release"/>
    <property name="surefire.test.class.path" value="C:\Users\Akundar\eclipse-workspace\AEMhdfc\target\test-classes;C:\Users\Akundar\eclipse-workspace\AEMhdfc\target\classes;C:\Users\Akundar\.m2\repository\junit\junit\4.11\junit-4.11.jar;C:\Users\Akundar\.m2\repository\org\hamcrest\hamcrest-core\1.3\hamcrest-core-1.3.jar;C:\Users\Akundar\.m2\repository\org\seleniumhq\selenium\selenium-java\3.141.59\selenium-java-3.141.59.jar;C:\Users\Akundar\.m2\repository\org\seleniumhq\selenium\selenium-api\3.141.59\selenium-api-3.141.59.jar;C:\Users\Akundar\.m2\repository\org\seleniumhq\selenium\selenium-chrome-driver\3.141.59\selenium-chrome-driver-3.141.59.jar;C:\Users\Akundar\.m2\repository\org\seleniumhq\selenium\selenium-edge-driver\3.141.59\selenium-edge-driver-3.141.59.jar;C:\Users\Akundar\.m2\repository\org\seleniumhq\selenium\selenium-firefox-driver\3.141.59\selenium-firefox-driver-3.141.59.jar;C:\Users\Akundar\.m2\repository\org\seleniumhq\selenium\selenium-ie-driver\3.141.59\selenium-ie-driver-3.141.59.jar;C:\Users\Akundar\.m2\repository\org\seleniumhq\selenium\selenium-opera-driver\3.141.59\selenium-opera-driver-3.141.59.jar;C:\Users\Akundar\.m2\repository\org\seleniumhq\selenium\selenium-remote-driver\3.141.59\selenium-remote-driver-3.141.59.jar;C:\Users\Akundar\.m2\repository\org\seleniumhq\selenium\selenium-safari-driver\3.141.59\selenium-safari-driver-3.141.59.jar;C:\Users\Akundar\.m2\repository\org\seleniumhq\selenium\selenium-support\3.141.59\selenium-support-3.141.59.jar;C:\Users\Akundar\.m2\repository\net\bytebuddy\byte-buddy\1.8.15\byte-buddy-1.8.15.jar;C:\Users\Akundar\.m2\repository\org\apache\commons\commons-exec\1.3\commons-exec-1.3.jar;C:\Users\Akundar\.m2\repository\com\google\guava\guava\25.0-jre\guava-25.0-jre.jar;C:\Users\Akundar\.m2\repository\com\google\code\findbugs\jsr305\1.3.9\jsr305-1.3.9.jar;C:\Users\Akundar\.m2\repository\org\checkerframework\checker-compat-qual\2.0.0\checker-compat-qual-2.0.0.jar;C:\Users\Akundar\.m2\repository\com\google\errorprone\error_prone_annotations\2.1.3\error_prone_annotations-2.1.3.jar;C:\Users\Akundar\.m2\repository\com\google\j2objc\j2objc-annotations\1.1\j2objc-annotations-1.1.jar;C:\Users\Akundar\.m2\repository\org\codehaus\mojo\animal-sniffer-annotations\1.14\animal-sniffer-annotations-1.14.jar;C:\Users\Akundar\.m2\repository\com\squareup\okhttp3\okhttp\3.11.0\okhttp-3.11.0.jar;C:\Users\Akundar\.m2\repository\com\squareup\okio\okio\1.14.0\okio-1.14.0.jar;C:\Users\Akundar\.m2\repository\org\testng\testng\7.4.0\testng-7.4.0.jar;C:\Users\Akundar\.m2\repository\com\beust\jcommander\1.78\jcommander-1.78.jar;C:\Users\Akundar\.m2\repository\org\webjars\jquery\3.5.1\jquery-3.5.1.jar;C:\Users\Akundar\.m2\repository\org\apache\logging\log4j\log4j-core\2.14.1\log4j-core-2.14.1.jar;C:\Users\Akundar\.m2\repository\org\apache\logging\log4j\log4j-api\2.14.1\log4j-api-2.14.1.jar;C:\Users\Akundar\.m2\repository\com\aventstack\extentreports\5.0.9\extentreports-5.0.9.jar;C:\Users\Akundar\.m2\repository\io\reactivex\rxjava3\rxjava\3.0.4\rxjava-3.0.4.jar;C:\Users\Akundar\.m2\repository\org\reactivestreams\reactive-streams\1.0.3\reactive-streams-1.0.3.jar;C:\Users\Akundar\.m2\repository\org\freemarker\freemarker\2.3.30\freemarker-2.3.30.jar;C:\Users\Akundar\.m2\repository\com\google\code\gson\gson\2.8.6\gson-2.8.6.jar;C:\Users\Akundar\.m2\repository\commons-io\commons-io\2.11.0\commons-io-2.11.0.jar;C:\Users\Akundar\.m2\repository\org\apache\poi\poi\5.0.0\poi-5.0.0.jar;C:\Users\Akundar\.m2\repository\org\slf4j\slf4j-api\1.7.30\slf4j-api-1.7.30.jar;C:\Users\Akundar\.m2\repository\org\slf4j\jcl-over-slf4j\1.7.30\jcl-over-slf4j-1.7.30.jar;C:\Users\Akundar\.m2\repository\commons-codec\commons-codec\1.15\commons-codec-1.15.jar;C:\Users\Akundar\.m2\repository\org\apache\commons\commons-collections4\4.4\commons-collections4-4.4.jar;C:\Users\Akundar\.m2\repository\org\apache\commons\commons-math3\3.6.1\commons-math3-3.6.1.jar;C:\Users\Akundar\.m2\repository\com\zaxxer\SparseBitSet\1.2\SparseBitSet-1.2.jar;C:\Users\Akundar\.m2\repository\org\apache\poi\poi-ooxml\5.0.0\poi-ooxml-5.0.0.jar;C:\Users\Akundar\.m2\repository\org\apache\poi\poi-ooxml-lite\5.0.0\poi-ooxml-lite-5.0.0.jar;C:\Users\Akundar\.m2\repository\org\apache\commons\commons-compress\1.20\commons-compress-1.20.jar;C:\Users\Akundar\.m2\repository\com\github\virtuald\curvesapi\1.06\curvesapi-1.06.jar;C:\Users\Akundar\.m2\repository\org\bouncycastle\bcpkix-jdk15on\1.68\bcpkix-jdk15on-1.68.jar;C:\Users\Akundar\.m2\repository\org\bouncycastle\bcprov-jdk15on\1.68\bcprov-jdk15on-1.68.jar;C:\Users\Akundar\.m2\repository\org\apache\santuario\xmlsec\2.2.1\xmlsec-2.2.1.jar;C:\Users\Akundar\.m2\repository\com\fasterxml\woodstox\woodstox-core\5.2.1\woodstox-core-5.2.1.jar;C:\Users\Akundar\.m2\repository\org\codehaus\woodstox\stax2-api\4.2\stax2-api-4.2.jar;C:\Users\Akundar\.m2\repository\jakarta\xml\bind\jakarta.xml.bind-api\2.3.2\jakarta.xml.bind-api-2.3.2.jar;C:\Users\Akundar\.m2\repository\jakarta\activation\jakarta.activation-api\1.2.1\jakarta.activation-api-1.2.1.jar;C:\Users\Akundar\.m2\repository\org\apache\xmlgraphics\batik-all\1.13\batik-all-1.13.jar;C:\Users\Akundar\.m2\repository\org\apache\xmlgraphics\batik-anim\1.13\batik-anim-1.13.jar;C:\Users\Akundar\.m2\repository\org\apache\xmlgraphics\batik-shared-resources\1.13\batik-shared-resources-1.13.jar;C:\Users\Akundar\.m2\repository\xml-apis\xml-apis-ext\1.3.04\xml-apis-ext-1.3.04.jar;C:\Users\Akundar\.m2\repository\org\apache\xmlgraphics\batik-awt-util\1.13\batik-awt-util-1.13.jar;C:\Users\Akundar\.m2\repository\org\apache\xmlgraphics\xmlgraphics-commons\2.4\xmlgraphics-commons-2.4.jar;C:\Users\Akundar\.m2\repository\org\apache\xmlgraphics\batik-bridge\1.13\batik-bridge-1.13.jar;C:\Users\Akundar\.m2\repository\org\apache\xmlgraphics\batik-codec\1.13\batik-codec-1.13.jar;C:\Users\Akundar\.m2\repository\org\apache\xmlgraphics\batik-constants\1.13\batik-constants-1.13.jar;C:\Users\Akundar\.m2\repository\org\apache\xmlgraphics\batik-css\1.13\batik-css-1.13.jar;C:\Users\Akundar\.m2\repository\org\apache\xmlgraphics\batik-dom\1.13\batik-dom-1.13.jar;C:\Users\Akundar\.m2\repository\xalan\xalan\2.7.2\xalan-2.7.2.jar;C:\Users\Akundar\.m2\repository\xalan\serializer\2.7.2\serializer-2.7.2.jar;C:\Users\Akundar\.m2\repository\xml-apis\xml-apis\1.4.01\xml-apis-1.4.01.jar;C:\Users\Akundar\.m2\repository\org\apache\xmlgraphics\batik-ext\1.13\batik-ext-1.13.jar;C:\Users\Akundar\.m2\repository\org\apache\xmlgraphics\batik-extension\1.13\batik-extension-1.13.jar;C:\Users\Akundar\.m2\repository\org\apache\xmlgraphics\batik-gui-util\1.13\batik-gui-util-1.13.jar;C:\Users\Akundar\.m2\repository\org\apache\xmlgraphics\batik-gvt\1.13\batik-gvt-1.13.jar;C:\Users\Akundar\.m2\repository\org\apache\xmlgraphics\batik-i18n\1.13\batik-i18n-1.13.jar;C:\Users\Akundar\.m2\repository\org\apache\xmlgraphics\batik-parser\1.13\batik-parser-1.13.jar;C:\Users\Akundar\.m2\repository\org\apache\xmlgraphics\batik-rasterizer-ext\1.13\batik-rasterizer-ext-1.13.jar;C:\Users\Akundar\.m2\repository\org\apache\xmlgraphics\batik-rasterizer\1.13\batik-rasterizer-1.13.jar;C:\Users\Akundar\.m2\repository\org\apache\xmlgraphics\batik-script\1.13\batik-script-1.13.jar;C:\Users\Akundar\.m2\repository\org\apache\xmlgraphics\batik-slideshow\1.13\batik-slideshow-1.13.jar;C:\Users\Akundar\.m2\repository\org\apache\xmlgraphics\batik-squiggle-ext\1.13\batik-squiggle-ext-1.13.jar;C:\Users\Akundar\.m2\repository\org\apache\xmlgraphics\batik-squiggle\1.13\batik-squiggle-1.13.jar;C:\Users\Akundar\.m2\repository\org\apache\xmlgraphics\batik-svg-dom\1.13\batik-svg-dom-1.13.jar;C:\Users\Akundar\.m2\repository\org\apache\xmlgraphics\batik-svgbrowser\1.13\batik-svgbrowser-1.13.jar;C:\Users\Akundar\.m2\repository\org\apache\xmlgraphics\batik-svggen\1.13\batik-svggen-1.13.jar;C:\Users\Akundar\.m2\repository\org\apache\xmlgraphics\batik-svgpp\1.13\batik-svgpp-1.13.jar;C:\Users\Akundar\.m2\repository\org\apache\xmlgraphics\batik-svgrasterizer\1.13\batik-svgrasterizer-1.13.jar;C:\Users\Akundar\.m2\repository\org\apache\xmlgraphics\batik-swing\1.13\batik-swing-1.13.jar;C:\Users\Akundar\.m2\repository\org\apache\xmlgraphics\batik-transcoder\1.13\batik-transcoder-1.13.jar;C:\Users\Akundar\.m2\repository\org\apache\xmlgraphics\batik-util\1.13\batik-util-1.13.jar;C:\Users\Akundar\.m2\repository\org\apache\xmlgraphics\batik-ttf2svg\1.13\batik-ttf2svg-1.13.jar;C:\Users\Akundar\.m2\repository\org\apache\xmlgraphics\batik-xml\1.13\batik-xml-1.13.jar;C:\Users\Akundar\.m2\repository\de\rototor\pdfbox\graphics2d\0.30\graphics2d-0.30.jar;C:\Users\Akundar\.m2\repository\org\apache\pdfbox\pdfbox\2.0.22\pdfbox-2.0.22.jar;C:\Users\Akundar\.m2\repository\org\apache\pdfbox\fontbox\2.0.22\fontbox-2.0.22.jar;C:\Users\Akundar\.m2\repository\org\apache\poi\poi-ooxml-schemas\4.1.2\poi-ooxml-schemas-4.1.2.jar;C:\Users\Akundar\.m2\repository\org\apache\poi\poi-scratchpad\5.0.0\poi-scratchpad-5.0.0.jar;C:\Users\Akundar\.m2\repository\org\apache\poi\poi-excelant\5.0.0\poi-excelant-5.0.0.jar;C:\Users\Akundar\.m2\repository\org\apache\ant\ant\1.10.9\ant-1.10.9.jar;C:\Users\Akundar\.m2\repository\org\apache\ant\ant-launcher\1.10.9\ant-launcher-1.10.9.jar;C:\Users\Akundar\.m2\repository\org\apache\poi\ooxml-schemas\1.4\ooxml-schemas-1.4.jar;C:\Users\Akundar\.m2\repository\org\apache\xmlbeans\xmlbeans\5.0.1\xmlbeans-5.0.1.jar;C:\Users\Akundar\.m2\repository\org\projectlombok\lombok\1.18.20\lombok-1.18.20.jar;C:\Users\Akundar\.m2\repository\com\microsoft\edge\msedge-selenium-tools-java\3.141.0\msedge-selenium-tools-java-3.141.0.jar;C:\Users\Akundar\.m2\repository\io\netty\netty-all\4.1.70.Final\netty-all-4.1.70.Final.jar;C:\Users\Akundar\.m2\repository\io\netty\netty-buffer\4.1.70.Final\netty-buffer-4.1.70.Final.jar;C:\Users\Akundar\.m2\repository\io\netty\netty-codec\4.1.70.Final\netty-codec-4.1.70.Final.jar;C:\Users\Akundar\.m2\repository\io\netty\netty-codec-dns\4.1.70.Final\netty-codec-dns-4.1.70.Final.jar;C:\Users\Akundar\.m2\repository\io\netty\netty-codec-haproxy\4.1.70.Final\netty-codec-haproxy-4.1.70.Final.jar;C:\Users\Akundar\.m2\repository\io\netty\netty-codec-http\4.1.70.Final\netty-codec-http-4.1.70.Final.jar;C:\Users\Akundar\.m2\repository\io\netty\netty-codec-http2\4.1.70.Final\netty-codec-http2-4.1.70.Final.jar;C:\Users\Akundar\.m2\repository\io\netty\netty-codec-memcache\4.1.70.Final\netty-codec-memcache-4.1.70.Final.jar;C:\Users\Akundar\.m2\repository\io\netty\netty-codec-mqtt\4.1.70.Final\netty-codec-mqtt-4.1.70.Final.jar;C:\Users\Akundar\.m2\repository\io\netty\netty-codec-redis\4.1.70.Final\netty-codec-redis-4.1.70.Final.jar;C:\Users\Akundar\.m2\repository\io\netty\netty-codec-smtp\4.1.70.Final\netty-codec-smtp-4.1.70.Final.jar;C:\Users\Akundar\.m2\repository\io\netty\netty-codec-socks\4.1.70.Final\netty-codec-socks-4.1.70.Final.jar;C:\Users\Akundar\.m2\repository\io\netty\netty-codec-stomp\4.1.70.Final\netty-codec-stomp-4.1.70.Final.jar;C:\Users\Akundar\.m2\repository\io\netty\netty-codec-xml\4.1.70.Final\netty-codec-xml-4.1.70.Final.jar;C:\Users\Akundar\.m2\repository\io\netty\netty-common\4.1.70.Final\netty-common-4.1.70.Final.jar;C:\Users\Akundar\.m2\repository\io\netty\netty-handler\4.1.70.Final\netty-handler-4.1.70.Final.jar;C:\Users\Akundar\.m2\repository\io\netty\netty-handler-proxy\4.1.70.Final\netty-handler-proxy-4.1.70.Final.jar;C:\Users\Akundar\.m2\repository\io\netty\netty-resolver\4.1.70.Final\netty-resolver-4.1.70.Final.jar;C:\Users\Akundar\.m2\repository\io\netty\netty-resolver-dns\4.1.70.Final\netty-resolver-dns-4.1.70.Final.jar;C:\Users\Akundar\.m2\repository\io\netty\netty-transport\4.1.70.Final\netty-transport-4.1.70.Final.jar;C:\Users\Akundar\.m2\repository\io\netty\netty-transport-rxtx\4.1.70.Final\netty-transport-rxtx-4.1.70.Final.jar;C:\Users\Akundar\.m2\repository\io\netty\netty-transport-sctp\4.1.70.Final\netty-transport-sctp-4.1.70.Final.jar;C:\Users\Akundar\.m2\repository\io\netty\netty-transport-udt\4.1.70.Final\netty-transport-udt-4.1.70.Final.jar;C:\Users\Akundar\.m2\repository\io\netty\netty-transport-classes-epoll\4.1.70.Final\netty-transport-classes-epoll-4.1.70.Final.jar;C:\Users\Akundar\.m2\repository\io\netty\netty-transport-native-unix-common\4.1.70.Final\netty-transport-native-unix-common-4.1.70.Final.jar;C:\Users\Akundar\.m2\repository\io\netty\netty-transport-classes-kqueue\4.1.70.Final\netty-transport-classes-kqueue-4.1.70.Final.jar;C:\Users\Akundar\.m2\repository\io\netty\netty-resolver-dns-classes-macos\4.1.70.Final\netty-resolver-dns-classes-macos-4.1.70.Final.jar;C:\Users\Akundar\.m2\repository\io\netty\netty-transport-native-epoll\4.1.70.Final\netty-transport-native-epoll-4.1.70.Final-linux-x86_64.jar;C:\Users\Akundar\.m2\repository\io\netty\netty-transport-native-epoll\4.1.70.Final\netty-transport-native-epoll-4.1.70.Final-linux-aarch_64.jar;C:\Users\Akundar\.m2\repository\io\netty\netty-transport-native-kqueue\4.1.70.Final\netty-transport-native-kqueue-4.1.70.Final-osx-x86_64.jar;C:\Users\Akundar\.m2\repository\io\netty\netty-transport-native-kqueue\4.1.70.Final\netty-transport-native-kqueue-4.1.70.Final-osx-aarch_64.jar;C:\Users\Akundar\.m2\repository\io\netty\netty-resolver-dns-native-macos\4.1.70.Final\netty-resolver-dns-native-macos-4.1.70.Final-osx-x86_64.jar;C:\Users\Akundar\.m2\repository\io\netty\netty-resolver-dns-native-macos\4.1.70.Final\netty-resolver-dns-native-macos-4.1.70.Final-osx-aarch_64.jar;"/>
    <property name="sun.cpu.endian" value="little"/>
    <property name="user.home" value="C:\Users\Akundar"/>
    <property name="user.language" value="en"/>
    <property name="java.specification.vendor" value="Oracle Corporation"/>
    <property name="java.version.date" value="2021-09-14"/>
    <property name="java.home" value="C:\Users\Akundar\Installers\openjdk-17_windows-x64_bin (1)\jdk-17"/>
    <property name="file.separator" value="\"/>
    <property name="basedir" value="C:\Users\Akundar\eclipse-workspace\AEMhdfc"/>
    <property name="java.vm.compressedOopsMode" value="Zero based"/>
    <property name="line.separator" value="&#10;"/>
    <property name="java.vm.specification.vendor" value="Oracle Corporation"/>
    <property name="java.specification.name" value="Java Platform API Specification"/>
    <property name="surefire.real.class.path" value="C:\Users\Akundar\AppData\Local\Temp\surefire9265047390484114512\surefirebooter7346077187040319238.jar"/>
    <property name="user.script" value=""/>
    <property name="sun.management.compiler" value="HotSpot 64-Bit Tiered Compilers"/>
    <property name="java.runtime.version" value="17+35-2724"/>
    <property name="user.name" value="akundar"/>
    <property name="path.separator" value=";"/>
    <property name="os.version" value="10.0"/>
    <property name="java.runtime.name" value="OpenJDK Runtime Environment"/>
    <property name="file.encoding" value="Cp1252"/>
    <property name="java.vm.name" value="OpenJDK 64-Bit Server VM"/>
    <property name="localRepository" value="C:\Users\Akundar\.m2\repository"/>
    <property name="java.vendor.url.bug" value="https://bugreport.java.com/bugreport/"/>
    <property name="java.io.tmpdir" value="C:\Users\Akundar\AppData\Local\Temp\"/>
    <property name="java.version" value="17"/>
    <property name="user.dir" value="C:\Users\Akundar\eclipse-workspace\AEMhdfc"/>
    <property name="os.arch" value="amd64"/>
    <property name="java.vm.specification.name" value="Java Virtual Machine Specification"/>
    <property name="sun.os.patch.level" value=""/>
    <property name="native.encoding" value="Cp1252"/>
    <property name="java.library.path" value="C:\Users\Akundar\Installers\openjdk-17_windows-x64_bin (1)\jdk-17\bin;C:\WINDOWS\Sun\Java\bin;C:\WINDOWS\system32;C:\WINDOWS;C:/Users/Akundar/Installers/openjdk-17_windows-x64_bin (1)/jdk-17/bin/server;C:/Users/Akundar/Installers/openjdk-17_windows-x64_bin (1)/jdk-17/bin;C:\Program Files (x86)\RSA SecurID Token Common;C:\Program Files\RSA SecurID Token Common;C:\Program Files (x86)\Common Files\Oracle\Java\javapath;C:\Program Files\Eclipse Foundation\jdk-11.0.12.7-hotspot\bin;C:\Program Files (x86)\Common Files\Oracle\Java\javapath_target_9596750;C:\WINDOWS\system32;C:\WINDOWS;C:\WINDOWS\System32\Wbem;C:\WINDOWS\System32\WindowsPowerShell\v1.0\;C:\WINDOWS\System32\OpenSSH\;C:\Users\Akundar\Installers\openjdk-17_windows-x64_bin (1)\jdk-17\bin;C:\apache-maven-3.8.2-bin (1)\apache-maven-3.8.2\bin;C:\Users\Akundar\Downloads\edgedriver_win64;;C:\Program Files\Docker\Docker\resources\bin;C:\ProgramData\DockerDesktop\version-bin;C:\Users\Akundar\AppData\Local\Microsoft\WindowsApps;C:\Users\Akundar\AppData\Local\Programs\Git\cmd;C:\Users\Akundar\OneDrive - Capgemini\Desktop;;."/>
    <property name="java.vm.info" value="mixed mode, sharing"/>
    <property name="java.vendor" value="Oracle Corporation"/>
    <property name="java.vm.version" value="17+35-2724"/>
    <property name="sun.io.unicode.encoding" value="UnicodeLittle"/>
    <property name="java.class.version" value="61.0"/>
  </properties>
  <testcase name="verifyBannerCarousel" classname="SeleniumTesting.AEMhdfc.HomepageTest" time="16.015">
    <system-out><![CDATA[Before navigating to: 'https://www.hdfclife.com/'
Navigated to:'https://www.hdfclife.com/'
Trying to find Element By : By.xpath: //li[@data-slide-to='1']
Found Element By : By.xpath: //li[@data-slide-to='1']
Trying to click on: [[ChromeDriver: chrome on WINDOWS (7de9236a1ed370a11363b8c8543bca64)] -> xpath: //li[@data-slide-to='1']]
Clicked on: [[ChromeDriver: chrome on WINDOWS (7de9236a1ed370a11363b8c8543bca64)] -> xpath: //li[@data-slide-to='1']]
Trying to find Element By : By.xpath: //div[@class='carousel-item active']//img[@class='bg-align']
Found Element By : By.xpath: //div[@class='carousel-item active']//img[@class='bg-align']
Trying to find Element By : By.xpath: //li[@data-slide-to='2']
Found Element By : By.xpath: //li[@data-slide-to='2']
Trying to click on: [[ChromeDriver: chrome on WINDOWS (7de9236a1ed370a11363b8c8543bca64)] -> xpath: //li[@data-slide-to='2']]
Clicked on: [[ChromeDriver: chrome on WINDOWS (7de9236a1ed370a11363b8c8543bca64)] -> xpath: //li[@data-slide-to='2']]
Trying to find Element By : By.xpath: //div[@class='carousel-item active']//img[@class='bg-align']
Found Element By : By.xpath: //div[@class='carousel-item active']//img[@class='bg-align']
Trying to find Element By : By.xpath: //li[@data-slide-to='3']
Found Element By : By.xpath: //li[@data-slide-to='3']
Trying to click on: [[ChromeDriver: chrome on WINDOWS (7de9236a1ed370a11363b8c8543bca64)] -> xpath: //li[@data-slide-to='3']]
Clicked on: [[ChromeDriver: chrome on WINDOWS (7de9236a1ed370a11363b8c8543bca64)] -> xpath: //li[@data-slide-to='3']]
Trying to find Element By : By.xpath: //div[@class='carousel-item active']//img[@class='bg-align']
Found Element By : By.xpath: //div[@class='carousel-item active']//img[@class='bg-align']
Trying to find Element By : By.xpath: //li[@data-slide-to='4']
Found Element By : By.xpath: //li[@data-slide-to='4']
Trying to click on: [[ChromeDriver: chrome on WINDOWS (7de9236a1ed370a11363b8c8543bca64)] -> xpath: //li[@data-slide-to='4']]
Clicked on: [[ChromeDriver: chrome on WINDOWS (7de9236a1ed370a11363b8c8543bca64)] -> xpath: //li[@data-slide-to='4']]
Trying to find Element By : By.xpath: //div[@class='carousel-item active']//img[@class='bg-align']
Found Element By : By.xpath: //div[@class='carousel-item active']//img[@class='bg-align']
Trying to find Element By : By.xpath: //li[@data-slide-to='0']
Found Element By : By.xpath: //li[@data-slide-to='0']
Trying to click on: [[ChromeDriver: chrome on WINDOWS (7de9236a1ed370a11363b8c8543bca64)] -> xpath: //li[@data-slide-to='0']]
Clicked on: [[ChromeDriver: chrome on WINDOWS (7de9236a1ed370a11363b8c8543bca64)] -> xpath: //li[@data-slide-to='0']]
Trying to find Element By : By.xpath: //div[@class='carousel-item active']//img[@class='bg-align']
Found Element By : By.xpath: //div[@class='carousel-item active']//img[@class='bg-align']
]]></system-out>
    <system-err><![CDATA[Dec 17, 2021 8:07:50 PM org.openqa.selenium.remote.DesiredCapabilities chrome
INFO: Using `new ChromeOptions()` is preferred to `DesiredCapabilities.chrome()`
Starting ChromeDriver 96.0.4664.45 (76e4c1bb2ab4671b8beba3444e61c0f17584b2fc-refs/branch-heads/4664@{#947}) on port 27381
Only local connections are allowed.
Please see https://chromedriver.chromium.org/security-considerations for suggestions on keeping ChromeDriver safe.
ChromeDriver was started successfully.
[1639751871.546][WARNING]: Deprecated chrome option is ignored: useAutomationExtension
[1639751871.546][WARNING]: Deprecated chrome option is ignored: useAutomationExtension
Dec 17, 2021 8:07:52 PM org.openqa.selenium.remote.ProtocolHandshake createSession
INFO: Detected dialect: W3C
]]></system-err>
  </testcase>
  <testcase name="verifyTermPlanOnBanner" classname="SeleniumTesting.AEMhdfc.HomepageTest" time="15.359">
    <system-out><![CDATA[Trying to find Element By : By.xpath: //a[@onclick='categoryBox(this)'][1]
Found Element By : By.xpath: //a[@onclick='categoryBox(this)'][1]
Trying to click on: [[ChromeDriver: chrome on WINDOWS (7de9236a1ed370a11363b8c8543bca64)] -> xpath: //a[@onclick='categoryBox(this)'][1]]
Clicked on: [[ChromeDriver: chrome on WINDOWS (7de9236a1ed370a11363b8c8543bca64)] -> xpath: //a[@onclick='categoryBox(this)'][1]]
Navigating back to previous page
Navigated back to previous page
]]></system-out>
  </testcase>
  <testcase name="verifySavingPlansOnBanner" classname="SeleniumTesting.AEMhdfc.HomepageTest" time="13.086">
    <system-out><![CDATA[Trying to find Element By : By.xpath: //a[@href='/savings-plans']//div
Found Element By : By.xpath: //a[@href='/savings-plans']//div
Trying to find Element By : By.xpath: //a[@href='/savings-plans']//div
Found Element By : By.xpath: //a[@href='/savings-plans']//div
Trying to click on: [[ChromeDriver: chrome on WINDOWS (7de9236a1ed370a11363b8c8543bca64)] -> xpath: //a[@href='/savings-plans']//div]
Clicked on: [[ChromeDriver: chrome on WINDOWS (7de9236a1ed370a11363b8c8543bca64)] -> xpath: //a[@href='/savings-plans']//div]
Navigating back to previous page
Navigated back to previous page
]]></system-out>
  </testcase>
  <testcase name="verifyChildrenPlansOnBanner" classname="SeleniumTesting.AEMhdfc.HomepageTest" time="12.41">
    <system-out><![CDATA[Trying to find Element By : By.xpath: //a[@href='/children-insurance-plans']//div
Found Element By : By.xpath: //a[@href='/children-insurance-plans']//div
Trying to find Element By : By.xpath: //a[@href='/children-insurance-plans']//div
Found Element By : By.xpath: //a[@href='/children-insurance-plans']//div
Trying to click on: [[ChromeDriver: chrome on WINDOWS (7de9236a1ed370a11363b8c8543bca64)] -> xpath: //a[@href='/children-insurance-plans']//div]
Clicked on: [[ChromeDriver: chrome on WINDOWS (7de9236a1ed370a11363b8c8543bca64)] -> xpath: //a[@href='/children-insurance-plans']//div]
Navigating back to previous page
Navigated back to previous page
]]></system-out>
  </testcase>
  <testcase name="verifyRetirementPlansOnBanner" classname="SeleniumTesting.AEMhdfc.HomepageTest" time="13.712">
    <system-out><![CDATA[Trying to find Element By : By.xpath: //a[@href='/retirement-and-pension-plans']//div//h2[@class='h5']
Found Element By : By.xpath: //a[@href='/retirement-and-pension-plans']//div//h2[@class='h5']
Trying to find Element By : By.xpath: //a[@href='/retirement-and-pension-plans']//div//h2[@class='h5']
Found Element By : By.xpath: //a[@href='/retirement-and-pension-plans']//div//h2[@class='h5']
Trying to click on: [[ChromeDriver: chrome on WINDOWS (7de9236a1ed370a11363b8c8543bca64)] -> xpath: //a[@href='/retirement-and-pension-plans']//div//h2[@class='h5']]
Clicked on: [[ChromeDriver: chrome on WINDOWS (7de9236a1ed370a11363b8c8543bca64)] -> xpath: //a[@href='/retirement-and-pension-plans']//div//h2[@class='h5']]
Navigating back to previous page
Navigated back to previous page
]]></system-out>
  </testcase>
  <testcase name="verifyViewAllButton" classname="SeleniumTesting.AEMhdfc.HomepageTest" time="3.308">
    <system-out><![CDATA[Trying to find Element By : By.xpath: //div[@class='viewall']
Found Element By : By.xpath: //div[@class='viewall']
Trying to find Element By : By.xpath: //div[@class='viewall']
Found Element By : By.xpath: //div[@class='viewall']
Trying to click on: [[ChromeDriver: chrome on WINDOWS (7de9236a1ed370a11363b8c8543bca64)] -> xpath: //div[@class='viewall']]
Clicked on: [[ChromeDriver: chrome on WINDOWS (7de9236a1ed370a11363b8c8543bca64)] -> xpath: //div[@class='viewall']]
]]></system-out>
  </testcase>
  <testcase name="verifyULIPPlansOnBanner" classname="SeleniumTesting.AEMhdfc.HomepageTest" time="12.165">
    <system-out><![CDATA[Trying to find Element By : By.xpath: //a[@class='tile']//div//span[@class='bg-Term_plans bg-plans-4']
Found Element By : By.xpath: //a[@class='tile']//div//span[@class='bg-Term_plans bg-plans-4']
Trying to find Element By : By.xpath: //a[@class='tile']//div//span[@class='bg-Term_plans bg-plans-4']
Found Element By : By.xpath: //a[@class='tile']//div//span[@class='bg-Term_plans bg-plans-4']
Trying to click on: [[ChromeDriver: chrome on WINDOWS (7de9236a1ed370a11363b8c8543bca64)] -> xpath: //a[@class='tile']//div//span[@class='bg-Term_plans bg-plans-4']]
Clicked on: [[ChromeDriver: chrome on WINDOWS (7de9236a1ed370a11363b8c8543bca64)] -> xpath: //a[@class='tile']//div//span[@class='bg-Term_plans bg-plans-4']]
Navigating back to previous page
Navigated back to previous page
]]></system-out>
  </testcase>
  <testcase name="verifyFixedMaturityPlanOnBanner" classname="SeleniumTesting.AEMhdfc.HomepageTest" time="16.596">
    <system-out><![CDATA[Trying to find Element By : By.xpath: //div[@class='viewall']
Found Element By : By.xpath: //div[@class='viewall']
Trying to find Element By : By.xpath: //div[@class='viewall']
Found Element By : By.xpath: //div[@class='viewall']
Trying to click on: [[ChromeDriver: chrome on WINDOWS (7de9236a1ed370a11363b8c8543bca64)] -> xpath: //div[@class='viewall']]
Clicked on: [[ChromeDriver: chrome on WINDOWS (7de9236a1ed370a11363b8c8543bca64)] -> xpath: //div[@class='viewall']]
Trying to find Element By : By.xpath: //a[@href='/savings-plans/sanchay-fixed-maturity-plan']//div
Found Element By : By.xpath: //a[@href='/savings-plans/sanchay-fixed-maturity-plan']//div
Trying to find Element By : By.xpath: //a[@href='/savings-plans/sanchay-fixed-maturity-plan']//div
Found Element By : By.xpath: //a[@href='/savings-plans/sanchay-fixed-maturity-plan']//div
Trying to click on: [[ChromeDriver: chrome on WINDOWS (7de9236a1ed370a11363b8c8543bca64)] -> xpath: //a[@href='/savings-plans/sanchay-fixed-maturity-plan']//div]
Clicked on: [[ChromeDriver: chrome on WINDOWS (7de9236a1ed370a11363b8c8543bca64)] -> xpath: //a[@href='/savings-plans/sanchay-fixed-maturity-plan']//div]
Navigating back to previous page
Navigated back to previous page
]]></system-out>
  </testcase>
  <testcase name="verifyHealthPlansOnBanner" classname="SeleniumTesting.AEMhdfc.HomepageTest" time="15.514">
    <system-out><![CDATA[Trying to find Element By : By.xpath: //div[@class='viewall']
Found Element By : By.xpath: //div[@class='viewall']
Trying to find Element By : By.xpath: //div[@class='viewall']
Found Element By : By.xpath: //div[@class='viewall']
Trying to click on: [[ChromeDriver: chrome on WINDOWS (7de9236a1ed370a11363b8c8543bca64)] -> xpath: //div[@class='viewall']]
Clicked on: [[ChromeDriver: chrome on WINDOWS (7de9236a1ed370a11363b8c8543bca64)] -> xpath: //div[@class='viewall']]
Trying to find Element By : By.xpath: //a[@href='/health-insurance-plans']//div//h2[@class='h5']
Found Element By : By.xpath: //a[@href='/health-insurance-plans']//div//h2[@class='h5']
Trying to find Element By : By.xpath: //a[@href='/health-insurance-plans']//div//h2[@class='h5']
Found Element By : By.xpath: //a[@href='/health-insurance-plans']//div//h2[@class='h5']
Trying to click on: [[ChromeDriver: chrome on WINDOWS (7de9236a1ed370a11363b8c8543bca64)] -> xpath: //a[@href='/health-insurance-plans']//div//h2[@class='h5']]
Clicked on: [[ChromeDriver: chrome on WINDOWS (7de9236a1ed370a11363b8c8543bca64)] -> xpath: //a[@href='/health-insurance-plans']//div//h2[@class='h5']]
Navigating back to previous page
Navigated back to previous page
]]></system-out>
  </testcase>
  <testcase name="verifyPosPlansOnBanner" classname="SeleniumTesting.AEMhdfc.HomepageTest" time="16.002">
    <system-out><![CDATA[Trying to find Element By : By.xpath: //div[@class='viewall']
Found Element By : By.xpath: //div[@class='viewall']
Trying to find Element By : By.xpath: //div[@class='viewall']
Found Element By : By.xpath: //div[@class='viewall']
Trying to click on: [[ChromeDriver: chrome on WINDOWS (7de9236a1ed370a11363b8c8543bca64)] -> xpath: //div[@class='viewall']]
Clicked on: [[ChromeDriver: chrome on WINDOWS (7de9236a1ed370a11363b8c8543bca64)] -> xpath: //div[@class='viewall']]
Trying to find Element By : By.xpath: //a[@href='/savings-plans/pos-guaranteed-savings-plan']//div//h2[@class='h5']
Found Element By : By.xpath: //a[@href='/savings-plans/pos-guaranteed-savings-plan']//div//h2[@class='h5']
Trying to find Element By : By.xpath: //a[@href='/savings-plans/pos-guaranteed-savings-plan']//div//h2[@class='h5']
Found Element By : By.xpath: //a[@href='/savings-plans/pos-guaranteed-savings-plan']//div//h2[@class='h5']
Trying to click on: [[ChromeDriver: chrome on WINDOWS (7de9236a1ed370a11363b8c8543bca64)] -> xpath: //a[@href='/savings-plans/pos-guaranteed-savings-plan']//div//h2[@class='h5']]
Clicked on: [[ChromeDriver: chrome on WINDOWS (7de9236a1ed370a11363b8c8543bca64)] -> xpath: //a[@href='/savings-plans/pos-guaranteed-savings-plan']//div//h2[@class='h5']]
Navigating back to previous page
Navigated back to previous page
]]></system-out>
  </testcase>
  <testcase name="verifyComboPlansOnBanner" classname="SeleniumTesting.AEMhdfc.HomepageTest" time="22.286">
    <system-out><![CDATA[Trying to find Element By : By.xpath: //div[@class='viewall']
Found Element By : By.xpath: //div[@class='viewall']
Trying to find Element By : By.xpath: //div[@class='viewall']
Found Element By : By.xpath: //div[@class='viewall']
Trying to click on: [[ChromeDriver: chrome on WINDOWS (7de9236a1ed370a11363b8c8543bca64)] -> xpath: //div[@class='viewall']]
Clicked on: [[ChromeDriver: chrome on WINDOWS (7de9236a1ed370a11363b8c8543bca64)] -> xpath: //div[@class='viewall']]
Trying to find Element By : By.xpath: //div[@class='swiper-button-next']
Found Element By : By.xpath: //div[@class='swiper-button-next']
Trying to click on: [[ChromeDriver: chrome on WINDOWS (7de9236a1ed370a11363b8c8543bca64)] -> xpath: //div[@class='swiper-button-next']]
Clicked on: [[ChromeDriver: chrome on WINDOWS (7de9236a1ed370a11363b8c8543bca64)] -> xpath: //div[@class='swiper-button-next']]
Trying to find Element By : By.xpath: //a[@class='tile']//div//span[@class='bg-Term_plans bg-plans-8']
Found Element By : By.xpath: //a[@class='tile']//div//span[@class='bg-Term_plans bg-plans-8']
Trying to find Element By : By.xpath: //a[@class='tile']//div//span[@class='bg-Term_plans bg-plans-8']
Found Element By : By.xpath: //a[@class='tile']//div//span[@class='bg-Term_plans bg-plans-8']
Trying to click on: [[ChromeDriver: chrome on WINDOWS (7de9236a1ed370a11363b8c8543bca64)] -> xpath: //a[@class='tile']//div//span[@class='bg-Term_plans bg-plans-8']]
Clicked on: [[ChromeDriver: chrome on WINDOWS (7de9236a1ed370a11363b8c8543bca64)] -> xpath: //a[@class='tile']//div//span[@class='bg-Term_plans bg-plans-8']]
Navigating back to previous page
Navigated back to previous page
]]></system-out>
  </testcase>
  <testcase name="verifyGroupPlansOnBanner" classname="SeleniumTesting.AEMhdfc.HomepageTest" time="35.767">
    <system-out><![CDATA[Trying to find Element By : By.xpath: //div[@class='viewall']
Found Element By : By.xpath: //div[@class='viewall']
Trying to find Element By : By.xpath: //div[@class='viewall']
Found Element By : By.xpath: //div[@class='viewall']
Trying to click on: [[ChromeDriver: chrome on WINDOWS (7de9236a1ed370a11363b8c8543bca64)] -> xpath: //div[@class='viewall']]
Clicked on: [[ChromeDriver: chrome on WINDOWS (7de9236a1ed370a11363b8c8543bca64)] -> xpath: //div[@class='viewall']]
Trying to find Element By : By.xpath: //div[@class='swiper-button-next']
Found Element By : By.xpath: //div[@class='swiper-button-next']
Trying to find Element By : By.xpath: //div[@class='swiper-button-next']
Found Element By : By.xpath: //div[@class='swiper-button-next']
Trying to click on: [[ChromeDriver: chrome on WINDOWS (7de9236a1ed370a11363b8c8543bca64)] -> xpath: //div[@class='swiper-button-next']]
Clicked on: [[ChromeDriver: chrome on WINDOWS (7de9236a1ed370a11363b8c8543bca64)] -> xpath: //div[@class='swiper-button-next']]
Trying to find Element By : By.xpath: //div[@class='swiper-button-next']
Found Element By : By.xpath: //div[@class='swiper-button-next']
Trying to find Element By : By.xpath: //div[@class='swiper-button-next']
Found Element By : By.xpath: //div[@class='swiper-button-next']
Trying to click on: [[ChromeDriver: chrome on WINDOWS (7de9236a1ed370a11363b8c8543bca64)] -> xpath: //div[@class='swiper-button-next']]
Clicked on: [[ChromeDriver: chrome on WINDOWS (7de9236a1ed370a11363b8c8543bca64)] -> xpath: //div[@class='swiper-button-next']]
Trying to find Element By : By.xpath: //div[@class='swiper-button-next']
Found Element By : By.xpath: //div[@class='swiper-button-next']
Trying to find Element By : By.xpath: //div[@class='swiper-button-next']
Found Element By : By.xpath: //div[@class='swiper-button-next']
Trying to click on: [[ChromeDriver: chrome on WINDOWS (7de9236a1ed370a11363b8c8543bca64)] -> xpath: //div[@class='swiper-button-next']]
Clicked on: [[ChromeDriver: chrome on WINDOWS (7de9236a1ed370a11363b8c8543bca64)] -> xpath: //div[@class='swiper-button-next']]
Trying to find Element By : By.xpath: //div[@class='swiper-button-next']
Found Element By : By.xpath: //div[@class='swiper-button-next']
Trying to find Element By : By.xpath: //div[@class='swiper-button-next']
Found Element By : By.xpath: //div[@class='swiper-button-next']
Trying to click on: [[ChromeDriver: chrome on WINDOWS (7de9236a1ed370a11363b8c8543bca64)] -> xpath: //div[@class='swiper-button-next']]
Clicked on: [[ChromeDriver: chrome on WINDOWS (7de9236a1ed370a11363b8c8543bca64)] -> xpath: //div[@class='swiper-button-next']]
Trying to find Element By : By.xpath: //div[@class='swiper-button-next']
Found Element By : By.xpath: //div[@class='swiper-button-next']
Trying to find Element By : By.xpath: //div[@class='swiper-button-next']
Found Element By : By.xpath: //div[@class='swiper-button-next']
Trying to click on: [[ChromeDriver: chrome on WINDOWS (7de9236a1ed370a11363b8c8543bca64)] -> xpath: //div[@class='swiper-button-next']]
Clicked on: [[ChromeDriver: chrome on WINDOWS (7de9236a1ed370a11363b8c8543bca64)] -> xpath: //div[@class='swiper-button-next']]
Trying to find Element By : By.xpath: //a[@class='tile']//div//span[@class='bg-Term_plans bg-plans-9']
Found Element By : By.xpath: //a[@class='tile']//div//span[@class='bg-Term_plans bg-plans-9']
Trying to find Element By : By.xpath: //a[@class='tile']//div//span[@class='bg-Term_plans bg-plans-9']
Found Element By : By.xpath: //a[@class='tile']//div//span[@class='bg-Term_plans bg-plans-9']
Trying to click on: [[ChromeDriver: chrome on WINDOWS (7de9236a1ed370a11363b8c8543bca64)] -> xpath: //a[@class='tile']//div//span[@class='bg-Term_plans bg-plans-9']]
Clicked on: [[ChromeDriver: chrome on WINDOWS (7de9236a1ed370a11363b8c8543bca64)] -> xpath: //a[@class='tile']//div//span[@class='bg-Term_plans bg-plans-9']]
Navigating back to previous page
Navigated back to previous page
]]></system-out>
  </testcase>
  <testcase name="verifyArrowButtonsOnBanner" classname="SeleniumTesting.AEMhdfc.HomepageTest" time="44.743">
    <system-out><![CDATA[Trying to find Element By : By.xpath: //div[@class='viewall']
Found Element By : By.xpath: //div[@class='viewall']
Trying to find Element By : By.xpath: //div[@class='viewall']
Found Element By : By.xpath: //div[@class='viewall']
Trying to click on: [[ChromeDriver: chrome on WINDOWS (7de9236a1ed370a11363b8c8543bca64)] -> xpath: //div[@class='viewall']]
Clicked on: [[ChromeDriver: chrome on WINDOWS (7de9236a1ed370a11363b8c8543bca64)] -> xpath: //div[@class='viewall']]
Trying to find Element By : By.xpath: //div[@class='swiper-button-next']
Found Element By : By.xpath: //div[@class='swiper-button-next']
Trying to find Element By : By.xpath: //div[@class='swiper-button-next']
Found Element By : By.xpath: //div[@class='swiper-button-next']
Trying to click on: [[ChromeDriver: chrome on WINDOWS (7de9236a1ed370a11363b8c8543bca64)] -> xpath: //div[@class='swiper-button-next']]
Clicked on: [[ChromeDriver: chrome on WINDOWS (7de9236a1ed370a11363b8c8543bca64)] -> xpath: //div[@class='swiper-button-next']]
Trying to find Element By : By.xpath: //div[@class='swiper-button-next']
Found Element By : By.xpath: //div[@class='swiper-button-next']
Trying to find Element By : By.xpath: //div[@class='swiper-button-next']
Found Element By : By.xpath: //div[@class='swiper-button-next']
Trying to click on: [[ChromeDriver: chrome on WINDOWS (7de9236a1ed370a11363b8c8543bca64)] -> xpath: //div[@class='swiper-button-next']]
Clicked on: [[ChromeDriver: chrome on WINDOWS (7de9236a1ed370a11363b8c8543bca64)] -> xpath: //div[@class='swiper-button-next']]
Trying to find Element By : By.xpath: //div[@class='swiper-button-next']
Found Element By : By.xpath: //div[@class='swiper-button-next']
Trying to find Element By : By.xpath: //div[@class='swiper-button-next']
Found Element By : By.xpath: //div[@class='swiper-button-next']
Trying to click on: [[ChromeDriver: chrome on WINDOWS (7de9236a1ed370a11363b8c8543bca64)] -> xpath: //div[@class='swiper-button-next']]
Clicked on: [[ChromeDriver: chrome on WINDOWS (7de9236a1ed370a11363b8c8543bca64)] -> xpath: //div[@class='swiper-button-next']]
Trying to find Element By : By.xpath: //div[@class='swiper-button-next']
Found Element By : By.xpath: //div[@class='swiper-button-next']
Trying to find Element By : By.xpath: //div[@class='swiper-button-next']
Found Element By : By.xpath: //div[@class='swiper-button-next']
Trying to click on: [[ChromeDriver: chrome on WINDOWS (7de9236a1ed370a11363b8c8543bca64)] -> xpath: //div[@class='swiper-button-next']]
Clicked on: [[ChromeDriver: chrome on WINDOWS (7de9236a1ed370a11363b8c8543bca64)] -> xpath: //div[@class='swiper-button-next']]
Trying to find Element By : By.xpath: //div[@class='swiper-button-next']
Found Element By : By.xpath: //div[@class='swiper-button-next']
Trying to find Element By : By.xpath: //div[@class='swiper-button-next']
Found Element By : By.xpath: //div[@class='swiper-button-next']
Trying to click on: [[ChromeDriver: chrome on WINDOWS (7de9236a1ed370a11363b8c8543bca64)] -> xpath: //div[@class='swiper-button-next']]
Clicked on: [[ChromeDriver: chrome on WINDOWS (7de9236a1ed370a11363b8c8543bca64)] -> xpath: //div[@class='swiper-button-next']]
Trying to find Element By : By.xpath: //div[@class='swiper-button-next swiper-button-disabled']
Found Element By : By.xpath: //div[@class='swiper-button-next swiper-button-disabled']
Trying to find Element By : By.xpath: //div[@class='swiper-button-prev']
Found Element By : By.xpath: //div[@class='swiper-button-prev']
Trying to find Element By : By.xpath: //div[@class='swiper-button-prev']
Found Element By : By.xpath: //div[@class='swiper-button-prev']
Trying to click on: [[ChromeDriver: chrome on WINDOWS (7de9236a1ed370a11363b8c8543bca64)] -> xpath: //div[@class='swiper-button-prev']]
Clicked on: [[ChromeDriver: chrome on WINDOWS (7de9236a1ed370a11363b8c8543bca64)] -> xpath: //div[@class='swiper-button-prev']]
Trying to find Element By : By.xpath: //div[@class='swiper-button-prev']
Found Element By : By.xpath: //div[@class='swiper-button-prev']
Trying to find Element By : By.xpath: //div[@class='swiper-button-prev']
Found Element By : By.xpath: //div[@class='swiper-button-prev']
Trying to click on: [[ChromeDriver: chrome on WINDOWS (7de9236a1ed370a11363b8c8543bca64)] -> xpath: //div[@class='swiper-button-prev']]
Clicked on: [[ChromeDriver: chrome on WINDOWS (7de9236a1ed370a11363b8c8543bca64)] -> xpath: //div[@class='swiper-button-prev']]
Trying to find Element By : By.xpath: //div[@class='swiper-button-prev']
Found Element By : By.xpath: //div[@class='swiper-button-prev']
Trying to find Element By : By.xpath: //div[@class='swiper-button-prev']
Found Element By : By.xpath: //div[@class='swiper-button-prev']
Trying to click on: [[ChromeDriver: chrome on WINDOWS (7de9236a1ed370a11363b8c8543bca64)] -> xpath: //div[@class='swiper-button-prev']]
Clicked on: [[ChromeDriver: chrome on WINDOWS (7de9236a1ed370a11363b8c8543bca64)] -> xpath: //div[@class='swiper-button-prev']]
Trying to find Element By : By.xpath: //div[@class='swiper-button-prev']
Found Element By : By.xpath: //div[@class='swiper-button-prev']
Trying to find Element By : By.xpath: //div[@class='swiper-button-prev']
Found Element By : By.xpath: //div[@class='swiper-button-prev']
Trying to click on: [[ChromeDriver: chrome on WINDOWS (7de9236a1ed370a11363b8c8543bca64)] -> xpath: //div[@class='swiper-button-prev']]
Clicked on: [[ChromeDriver: chrome on WINDOWS (7de9236a1ed370a11363b8c8543bca64)] -> xpath: //div[@class='swiper-button-prev']]
Trying to find Element By : By.xpath: //div[@class='swiper-button-prev']
Found Element By : By.xpath: //div[@class='swiper-button-prev']
Trying to find Element By : By.xpath: //div[@class='swiper-button-prev']
Found Element By : By.xpath: //div[@class='swiper-button-prev']
Trying to click on: [[ChromeDriver: chrome on WINDOWS (7de9236a1ed370a11363b8c8543bca64)] -> xpath: //div[@class='swiper-button-prev']]
Clicked on: [[ChromeDriver: chrome on WINDOWS (7de9236a1ed370a11363b8c8543bca64)] -> xpath: //div[@class='swiper-button-prev']]
Trying to find Element By : By.xpath: //div[@class='swiper-button-prev swiper-button-disabled']
Found Element By : By.xpath: //div[@class='swiper-button-prev swiper-button-disabled']
Trying to find Element By : By.xpath: //div[@class='swiper-button-next']
Found Element By : By.xpath: //div[@class='swiper-button-next']
Trying to find Element By : By.xpath: //div[@class='swiper-button-next']
Found Element By : By.xpath: //div[@class='swiper-button-next']
Trying to click on: [[ChromeDriver: chrome on WINDOWS (7de9236a1ed370a11363b8c8543bca64)] -> xpath: //div[@class='swiper-button-next']]
Clicked on: [[ChromeDriver: chrome on WINDOWS (7de9236a1ed370a11363b8c8543bca64)] -> xpath: //div[@class='swiper-button-next']]
Trying to find Element By : By.xpath: //div[@class='swiper-button-prev']
Found Element By : By.xpath: //div[@class='swiper-button-prev']
]]></system-out>
  </testcase>
  <testcase name="verifyMouseIndicator" classname="SeleniumTesting.AEMhdfc.HomepageTest" time="9.269">
    <system-out><![CDATA[Trying to find Element By : By.xpath: //li[@data-slide-to='0']
Found Element By : By.xpath: //li[@data-slide-to='0']
Trying to find Element By : By.xpath: //img[@src='/content/dam/hdfclifeinsurancecompany/home/banner/mc.svg']
Found Element By : By.xpath: //img[@src='/content/dam/hdfclifeinsurancecompany/home/banner/mc.svg']
Trying to find Element By : By.xpath: //img[@src='/content/dam/hdfclifeinsurancecompany/home/banner/mc.svg']
Found Element By : By.xpath: //img[@src='/content/dam/hdfclifeinsurancecompany/home/banner/mc.svg']
Trying to click on: [[ChromeDriver: chrome on WINDOWS (7de9236a1ed370a11363b8c8543bca64)] -> xpath: //img[@src='/content/dam/hdfclifeinsurancecompany/home/banner/mc.svg']]
Clicked on: [[ChromeDriver: chrome on WINDOWS (7de9236a1ed370a11363b8c8543bca64)] -> xpath: //img[@src='/content/dam/hdfclifeinsurancecompany/home/banner/mc.svg']]
]]></system-out>
  </testcase>
  <testcase name="verifyschedulePopupWithValidDataProductPage[Amit Kundar, 9.768462054E9](1)" classname="SeleniumTesting.AEMhdfc.HomepageTest" time="8.828">
    <system-out><![CDATA[Trying to find Element By : By.xpath: //button[@class='btn btn-primary btnred schedule-btn scb-data-layer']
Found Element By : By.xpath: //button[@class='btn btn-primary btnred schedule-btn scb-data-layer']
Trying to click on: [[ChromeDriver: chrome on WINDOWS (7de9236a1ed370a11363b8c8543bca64)] -> xpath: //button[@class='btn btn-primary btnred schedule-btn scb-data-layer']]
Clicked on: [[ChromeDriver: chrome on WINDOWS (7de9236a1ed370a11363b8c8543bca64)] -> xpath: //button[@class='btn btn-primary btnred schedule-btn scb-data-layer']]
Trying to find Element By : By.xpath: //input[@class='first-name']
Found Element By : By.xpath: //input[@class='first-name']
Trying to find Element By : By.xpath: //input[@class='modilewidth']
Found Element By : By.xpath: //input[@class='modilewidth']
Trying to find Element By : By.id: insurance_category
Found Element By : By.id: insurance_category
Trying to find Element By : By.id: insurance_category
Found Element By : By.id: insurance_category
Trying to find Element By : By.id: insurance_category
Found Element By : By.id: insurance_category
Trying to find Element By : By.xpath: .//option[@value = "Health Plans"]
Found Element By : By.xpath: .//option[@value = "Health Plans"]
Trying to click on: [[[[ChromeDriver: chrome on WINDOWS (7de9236a1ed370a11363b8c8543bca64)] -> id: insurance_category]] -> xpath: .//option[@value = "Health Plans"]]
Clicked on: [[[[ChromeDriver: chrome on WINDOWS (7de9236a1ed370a11363b8c8543bca64)] -> id: insurance_category]] -> xpath: .//option[@value = "Health Plans"]]
Trying to find Element By : By.xpath: //span[@class='close-icon1']
Found Element By : By.xpath: //span[@class='close-icon1']
Trying to find Element By : By.xpath: //span[@class='close-icon1']
Found Element By : By.xpath: //span[@class='close-icon1']
Trying to click on: [[ChromeDriver: chrome on WINDOWS (7de9236a1ed370a11363b8c8543bca64)] -> xpath: //span[@class='close-icon1']]
Clicked on: [[ChromeDriver: chrome on WINDOWS (7de9236a1ed370a11363b8c8543bca64)] -> xpath: //span[@class='close-icon1']]
]]></system-out>
  </testcase>
  <testcase name="verifyschedulepopupblankSubmit" classname="SeleniumTesting.AEMhdfc.HomepageTest" time="9.932">
    <system-out><![CDATA[Trying to find Element By : By.xpath: //button[@class='btn btn-primary btnred schedule-btn scb-data-layer']
Found Element By : By.xpath: //button[@class='btn btn-primary btnred schedule-btn scb-data-layer']
Trying to click on: [[ChromeDriver: chrome on WINDOWS (7de9236a1ed370a11363b8c8543bca64)] -> xpath: //button[@class='btn btn-primary btnred schedule-btn scb-data-layer']]
Clicked on: [[ChromeDriver: chrome on WINDOWS (7de9236a1ed370a11363b8c8543bca64)] -> xpath: //button[@class='btn btn-primary btnred schedule-btn scb-data-layer']]
Trying to find Element By : By.id: scheduleCallBtn
Found Element By : By.id: scheduleCallBtn
Trying to click on: [[ChromeDriver: chrome on WINDOWS (7de9236a1ed370a11363b8c8543bca64)] -> id: scheduleCallBtn]
Clicked on: [[ChromeDriver: chrome on WINDOWS (7de9236a1ed370a11363b8c8543bca64)] -> id: scheduleCallBtn]
Trying to find Element By : By.xpath: //span[contains(text(),'Please enter valid name')]
Found Element By : By.xpath: //span[contains(text(),'Please enter valid name')]
Trying to find Element By : By.xpath: //span[contains(text(),'Please enter valid name')]
Found Element By : By.xpath: //span[contains(text(),'Please enter valid name')]
Trying to find Element By : By.xpath: //span[contains(text(),'Please enter mobile number')]
Found Element By : By.xpath: //span[contains(text(),'Please enter mobile number')]
Trying to find Element By : By.xpath: //span[contains(text(),'Please enter mobile number')]
Found Element By : By.xpath: //span[contains(text(),'Please enter mobile number')]
Trying to find Element By : By.xpath: //span[contains(text(),'Please select plan type')]
Found Element By : By.xpath: //span[contains(text(),'Please select plan type')]
Trying to find Element By : By.xpath: //span[contains(text(),'Please select plan type')]
Found Element By : By.xpath: //span[contains(text(),'Please select plan type')]
Trying to find Element By : By.className: scb-checkbox
Found Element By : By.className: scb-checkbox
Trying to find Element By : By.className: scb-checkbox
Found Element By : By.className: scb-checkbox
Trying to click on: [[ChromeDriver: chrome on WINDOWS (7de9236a1ed370a11363b8c8543bca64)] -> class name: scb-checkbox]
Clicked on: [[ChromeDriver: chrome on WINDOWS (7de9236a1ed370a11363b8c8543bca64)] -> class name: scb-checkbox]
Trying to find Element By : By.xpath: //span[@class='scb-checkbox-error error-txt']
Found Element By : By.xpath: //span[@class='scb-checkbox-error error-txt']
Trying to find Element By : By.xpath: //span[@class='close-icon1']
Found Element By : By.xpath: //span[@class='close-icon1']
Trying to find Element By : By.xpath: //span[@class='close-icon1']
Found Element By : By.xpath: //span[@class='close-icon1']
Trying to click on: [[ChromeDriver: chrome on WINDOWS (7de9236a1ed370a11363b8c8543bca64)] -> xpath: //span[@class='close-icon1']]
Clicked on: [[ChromeDriver: chrome on WINDOWS (7de9236a1ed370a11363b8c8543bca64)] -> xpath: //span[@class='close-icon1']]
]]></system-out>
  </testcase>
  <testcase name="verifyschedulePopupwithoutmindata" classname="SeleniumTesting.AEMhdfc.HomepageTest" time="6.786">
    <system-out><![CDATA[Trying to find Element By : By.xpath: //button[@class='btn btn-primary btnred schedule-btn scb-data-layer']
Found Element By : By.xpath: //button[@class='btn btn-primary btnred schedule-btn scb-data-layer']
Trying to click on: [[ChromeDriver: chrome on WINDOWS (7de9236a1ed370a11363b8c8543bca64)] -> xpath: //button[@class='btn btn-primary btnred schedule-btn scb-data-layer']]
Clicked on: [[ChromeDriver: chrome on WINDOWS (7de9236a1ed370a11363b8c8543bca64)] -> xpath: //button[@class='btn btn-primary btnred schedule-btn scb-data-layer']]
Trying to find Element By : By.xpath: //input[@class='first-name']
Found Element By : By.xpath: //input[@class='first-name']
Trying to find Element By : By.xpath: //input[@class='modilewidth']
Found Element By : By.xpath: //input[@class='modilewidth']
Trying to find Element By : By.xpath: //span[contains(text(),'Field should contain minimum 3 and max 50 characters')]
Found Element By : By.xpath: //span[contains(text(),'Field should contain minimum 3 and max 50 characters')]
Trying to find Element By : By.xpath: //span[contains(text(),'Field should contain minimum 3 and max 50 characters')]
Found Element By : By.xpath: //span[contains(text(),'Field should contain minimum 3 and max 50 characters')]
Trying to find Element By : By.xpath: //span[contains(text(),'Field should contain minimum 3 and max 50 characters')]
Found Element By : By.xpath: //span[contains(text(),'Field should contain minimum 3 and max 50 characters')]
Trying to find Element By : By.xpath: //span[contains(text(),'Please enter valid mobile number')]
Found Element By : By.xpath: //span[contains(text(),'Please enter valid mobile number')]
Trying to find Element By : By.xpath: //span[@class='close-icon1']
Found Element By : By.xpath: //span[@class='close-icon1']
Trying to find Element By : By.xpath: //span[@class='close-icon1']
Found Element By : By.xpath: //span[@class='close-icon1']
Trying to click on: [[ChromeDriver: chrome on WINDOWS (7de9236a1ed370a11363b8c8543bca64)] -> xpath: //span[@class='close-icon1']]
Clicked on: [[ChromeDriver: chrome on WINDOWS (7de9236a1ed370a11363b8c8543bca64)] -> xpath: //span[@class='close-icon1']]
]]></system-out>
  </testcase>
  <testcase name="verifycalculatorWithValidData" classname="SeleniumTesting.AEMhdfc.HomepageTest" time="49.774">
    <system-out><![CDATA[Trying to find Element By : By.xpath: //h5[contains(text(),'How Much Life Insurance')]
Found Element By : By.xpath: //h5[contains(text(),'How Much Life Insurance')]
Trying to find Element By : By.xpath: //button[@class='calculate-btn btn btn-primary btnred cal-data-layer']
Found Element By : By.xpath: //button[@class='calculate-btn btn btn-primary btnred cal-data-layer']
Trying to click on: [[ChromeDriver: chrome on WINDOWS (7de9236a1ed370a11363b8c8543bca64)] -> xpath: //button[@class='calculate-btn btn btn-primary btnred cal-data-layer']]
Clicked on: [[ChromeDriver: chrome on WINDOWS (7de9236a1ed370a11363b8c8543bca64)] -> xpath: //button[@class='calculate-btn btn btn-primary btnred cal-data-layer']]
Trying to find Element By : By.xpath: (//input[@class='years'])[1]
Found Element By : By.xpath: (//input[@class='years'])[1]
Trying to find Element By : By.xpath: (//input[@class='years'])[2]
Found Element By : By.xpath: (//input[@class='years'])[2]
Trying to find Element By : By.id: annual-income
Found Element By : By.id: annual-income
Trying to find Element By : By.id: monthly-expenses
Found Element By : By.id: monthly-expenses
Trying to find Element By : By.id: insurance-cover
Found Element By : By.id: insurance-cover
Trying to find Element By : By.id: qualification
Found Element By : By.id: qualification
Trying to find Element By : By.xpath: .//option[@value = "graduate"]
Found Element By : By.xpath: .//option[@value = "graduate"]
Trying to find Element By : By.id: liabilities
Found Element By : By.id: liabilities
Trying to find Element By : By.xpath: .//option[@value = "0"]
Found Element By : By.xpath: .//option[@value = "0"]
Trying to find Element By : By.id: calculateHlv
Found Element By : By.id: calculateHlv
Trying to click on: [[ChromeDriver: chrome on WINDOWS (7de9236a1ed370a11363b8c8543bca64)] -> id: calculateHlv]
Clicked on: [[ChromeDriver: chrome on WINDOWS (7de9236a1ed370a11363b8c8543bca64)] -> id: calculateHlv]
Trying to find Element By : By.xpath: //section[@class='calculator-section calculateSection']//h2[1]
Found Element By : By.xpath: //section[@class='calculator-section calculateSection']//h2[1]
Trying to find Element By : By.xpath: //p[contains(text(),'Your Required life cover to protect your family’s ')]
Found Element By : By.xpath: //p[contains(text(),'Your Required life cover to protect your family’s ')]
Trying to find Element By : By.xpath: //a[@class='siteButton btnred']
Found Element By : By.xpath: //a[@class='siteButton btnred']
Trying to find Element By : By.xpath: //div[@class='recomendPlans']//a[1]
Found Element By : By.xpath: //div[@class='recomendPlans']//a[1]
Trying to find Element By : By.xpath: //div[@class='recomendPlans']//a[1]
Found Element By : By.xpath: //div[@class='recomendPlans']//a[1]
Trying to click on: [[ChromeDriver: chrome on WINDOWS (7de9236a1ed370a11363b8c8543bca64)] -> xpath: //div[@class='recomendPlans']//a[1]]
Clicked on: [[ChromeDriver: chrome on WINDOWS (7de9236a1ed370a11363b8c8543bca64)] -> xpath: //div[@class='recomendPlans']//a[1]]
Navigating back to previous page
Navigated back to previous page
Trying to find Element By : By.xpath: //button[@class='calculate-btn btn btn-primary btnred cal-data-layer']
Found Element By : By.xpath: //button[@class='calculate-btn btn btn-primary btnred cal-data-layer']
Trying to click on: [[ChromeDriver: chrome on WINDOWS (7de9236a1ed370a11363b8c8543bca64)] -> xpath: //button[@class='calculate-btn btn btn-primary btnred cal-data-layer']]
Clicked on: [[ChromeDriver: chrome on WINDOWS (7de9236a1ed370a11363b8c8543bca64)] -> xpath: //button[@class='calculate-btn btn btn-primary btnred cal-data-layer']]
Trying to find Element By : By.xpath: (//input[@class='years'])[1]
Found Element By : By.xpath: (//input[@class='years'])[1]
Trying to find Element By : By.xpath: (//input[@class='years'])[2]
Found Element By : By.xpath: (//input[@class='years'])[2]
Trying to find Element By : By.id: annual-income
Found Element By : By.id: annual-income
Trying to find Element By : By.id: monthly-expenses
Found Element By : By.id: monthly-expenses
Trying to find Element By : By.id: insurance-cover
Found Element By : By.id: insurance-cover
Trying to find Element By : By.id: qualification
Found Element By : By.id: qualification
Trying to find Element By : By.xpath: .//option[@value = "graduate"]
Found Element By : By.xpath: .//option[@value = "graduate"]
Trying to find Element By : By.id: liabilities
Found Element By : By.id: liabilities
Trying to find Element By : By.xpath: .//option[@value = "0"]
Found Element By : By.xpath: .//option[@value = "0"]
Trying to find Element By : By.id: calculateHlv
Found Element By : By.id: calculateHlv
Trying to click on: [[ChromeDriver: chrome on WINDOWS (7de9236a1ed370a11363b8c8543bca64)] -> id: calculateHlv]
Clicked on: [[ChromeDriver: chrome on WINDOWS (7de9236a1ed370a11363b8c8543bca64)] -> id: calculateHlv]
Trying to find Element By : By.xpath: //a[@class='siteButton btnred']
Found Element By : By.xpath: //a[@class='siteButton btnred']
Trying to click on: [[ChromeDriver: chrome on WINDOWS (7de9236a1ed370a11363b8c8543bca64)] -> xpath: //a[@class='siteButton btnred']]
Clicked on: [[ChromeDriver: chrome on WINDOWS (7de9236a1ed370a11363b8c8543bca64)] -> xpath: //a[@class='siteButton btnred']]
Navigating back to previous page
Navigated back to previous page
]]></system-out>
  </testcase>
  <testcase name="verifyCalculatorCloseBtn" classname="SeleniumTesting.AEMhdfc.HomepageTest" time="9.516">
    <system-out><![CDATA[Trying to find Element By : By.xpath: //button[@class='calculate-btn btn btn-primary btnred cal-data-layer']
Found Element By : By.xpath: //button[@class='calculate-btn btn btn-primary btnred cal-data-layer']
Trying to click on: [[ChromeDriver: chrome on WINDOWS (7de9236a1ed370a11363b8c8543bca64)] -> xpath: //button[@class='calculate-btn btn btn-primary btnred cal-data-layer']]
Clicked on: [[ChromeDriver: chrome on WINDOWS (7de9236a1ed370a11363b8c8543bca64)] -> xpath: //button[@class='calculate-btn btn btn-primary btnred cal-data-layer']]
Trying to find Element By : By.xpath: //span[@class='close-icon calculateClose']
Found Element By : By.xpath: //span[@class='close-icon calculateClose']
Trying to find Element By : By.xpath: //span[@class='close-icon calculateClose']
Found Element By : By.xpath: //span[@class='close-icon calculateClose']
Trying to click on: [[ChromeDriver: chrome on WINDOWS (7de9236a1ed370a11363b8c8543bca64)] -> xpath: //span[@class='close-icon calculateClose']]
Clicked on: [[ChromeDriver: chrome on WINDOWS (7de9236a1ed370a11363b8c8543bca64)] -> xpath: //span[@class='close-icon calculateClose']]
]]></system-out>
  </testcase>
  <testcase name="verifySanchayPlusBuyNowBtn" classname="SeleniumTesting.AEMhdfc.HomepageTest" time="13.341">
    <system-out><![CDATA[Trying to find Element By : By.xpath: //a[@data-button-name='BUY NOW']
Found Element By : By.xpath: //a[@data-button-name='BUY NOW']
Trying to find Element By : By.xpath: //a[@data-button-name='BUY NOW']
Found Element By : By.xpath: //a[@data-button-name='BUY NOW']
Trying to click on: [[ChromeDriver: chrome on WINDOWS (7de9236a1ed370a11363b8c8543bca64)] -> xpath: //a[@data-button-name='BUY NOW']]
Clicked on: [[ChromeDriver: chrome on WINDOWS (7de9236a1ed370a11363b8c8543bca64)] -> xpath: //a[@data-button-name='BUY NOW']]
]]></system-out>
  </testcase>
  <testcase name="verifyDisclaimer" classname="SeleniumTesting.AEMhdfc.HomepageTest" time="15.343">
    <system-out><![CDATA[Trying to find Element By : By.xpath: //a[@data-toggle='collapse']
Found Element By : By.xpath: //a[@data-toggle='collapse']
Trying to find Element By : By.xpath: //a[@data-toggle='collapse']
Found Element By : By.xpath: //a[@data-toggle='collapse']
Trying to find Element By : By.xpath: //a[@data-toggle='collapse']
Found Element By : By.xpath: //a[@data-toggle='collapse']
Trying to click on: [[ChromeDriver: chrome on WINDOWS (7de9236a1ed370a11363b8c8543bca64)] -> xpath: //a[@data-toggle='collapse']]
Clicked on: [[ChromeDriver: chrome on WINDOWS (7de9236a1ed370a11363b8c8543bca64)] -> xpath: //a[@data-toggle='collapse']]
]]></system-out>
  </testcase>
  <testcase name="verifyProductAndPopularLinks" classname="SeleniumTesting.AEMhdfc.HomepageTest" time="8.48">
    <system-out><![CDATA[Trying to find Element By : By.cssSelector: .wrapper.footerMenuSec a
Found Element By : By.cssSelector: .wrapper.footerMenuSec a
]]></system-out>
  </testcase>
  <testcase name="verifyStayConnectedwithUs" classname="SeleniumTesting.AEMhdfc.HomepageTest" time="10.465">
    <system-out><![CDATA[Trying to find Element By : By.cssSelector: .stayConnectedSec.footerFormBlk a
Found Element By : By.cssSelector: .stayConnectedSec.footerFormBlk a
Trying to find Element By : By.cssSelector: .stayConnectedSec.footerFormBlk a
Found Element By : By.cssSelector: .stayConnectedSec.footerFormBlk a
Trying to find Element By : By.cssSelector: .stayConnectedSec.footerFormBlk a
Found Element By : By.cssSelector: .stayConnectedSec.footerFormBlk a
Trying to find Element By : By.cssSelector: .stayConnectedSec.footerFormBlk a
Found Element By : By.cssSelector: .stayConnectedSec.footerFormBlk a
Trying to find Element By : By.cssSelector: .stayConnectedSec.footerFormBlk a
Found Element By : By.cssSelector: .stayConnectedSec.footerFormBlk a
Trying to find Element By : By.cssSelector: .stayConnectedSec.footerFormBlk a
Found Element By : By.cssSelector: .stayConnectedSec.footerFormBlk a
Trying to find Element By : By.cssSelector: .stayConnectedSec.footerFormBlk a
Found Element By : By.cssSelector: .stayConnectedSec.footerFormBlk a
Trying to find Element By : By.cssSelector: .stayConnectedSec.footerFormBlk a
Found Element By : By.cssSelector: .stayConnectedSec.footerFormBlk a
Trying to find Element By : By.cssSelector: .stayConnectedSec.footerFormBlk a
Found Element By : By.cssSelector: .stayConnectedSec.footerFormBlk a
Trying to find Element By : By.cssSelector: .stayConnectedSec.footerFormBlk a
Found Element By : By.cssSelector: .stayConnectedSec.footerFormBlk a
Trying to find Element By : By.cssSelector: .stayConnectedSec.footerFormBlk a
Found Element By : By.cssSelector: .stayConnectedSec.footerFormBlk a
Trying to find Element By : By.cssSelector: .stayConnectedSec.footerFormBlk a
Found Element By : By.cssSelector: .stayConnectedSec.footerFormBlk a
Trying to find Element By : By.cssSelector: .stayConnectedSec.footerFormBlk a
Found Element By : By.cssSelector: .stayConnectedSec.footerFormBlk a
Trying to find Element By : By.cssSelector: .stayConnectedSec.footerFormBlk a
Found Element By : By.cssSelector: .stayConnectedSec.footerFormBlk a
Trying to find Element By : By.cssSelector: .stayConnectedSec.footerFormBlk a
Found Element By : By.cssSelector: .stayConnectedSec.footerFormBlk a
Trying to find Element By : By.cssSelector: .stayConnectedSec.footerFormBlk a
Found Element By : By.cssSelector: .stayConnectedSec.footerFormBlk a
Trying to find Element By : By.cssSelector: .stayConnectedSec.footerFormBlk a
Found Element By : By.cssSelector: .stayConnectedSec.footerFormBlk a
Trying to find Element By : By.cssSelector: .stayConnectedSec.footerFormBlk a
Found Element By : By.cssSelector: .stayConnectedSec.footerFormBlk a
Trying to find Element By : By.cssSelector: .stayConnectedSec.footerFormBlk a
Found Element By : By.cssSelector: .stayConnectedSec.footerFormBlk a
Trying to find Element By : By.cssSelector: .stayConnectedSec.footerFormBlk a
Found Element By : By.cssSelector: .stayConnectedSec.footerFormBlk a
Trying to find Element By : By.cssSelector: .stayConnectedSec.footerFormBlk a
Found Element By : By.cssSelector: .stayConnectedSec.footerFormBlk a
Trying to find Element By : By.cssSelector: .stayConnectedSec.footerFormBlk a
Found Element By : By.cssSelector: .stayConnectedSec.footerFormBlk a
Trying to find Element By : By.cssSelector: .stayConnectedSec.footerFormBlk a
Found Element By : By.cssSelector: .stayConnectedSec.footerFormBlk a
Trying to find Element By : By.cssSelector: .stayConnectedSec.footerFormBlk a
Found Element By : By.cssSelector: .stayConnectedSec.footerFormBlk a
Trying to find Element By : By.cssSelector: .stayConnectedSec.footerFormBlk a
Found Element By : By.cssSelector: .stayConnectedSec.footerFormBlk a
]]></system-out>
  </testcase>
  <testcase name="verifyDownloadLinks" classname="SeleniumTesting.AEMhdfc.HomepageTest" time="13.704">
    <system-out><![CDATA[Trying to find Element By : By.xpath: //a[@class='appleIcon']
Found Element By : By.xpath: //a[@class='appleIcon']
Trying to click on: [[ChromeDriver: chrome on WINDOWS (7de9236a1ed370a11363b8c8543bca64)] -> xpath: //a[@class='appleIcon']]
Clicked on: [[ChromeDriver: chrome on WINDOWS (7de9236a1ed370a11363b8c8543bca64)] -> xpath: //a[@class='appleIcon']]
Trying to find Element By : By.xpath: (//a[@data-position='Download App Icon'])[2]
Found Element By : By.xpath: (//a[@data-position='Download App Icon'])[2]
Trying to click on: [[ChromeDriver: chrome on WINDOWS (7de9236a1ed370a11363b8c8543bca64)] -> xpath: (//a[@data-position='Download App Icon'])[2]]
Clicked on: [[ChromeDriver: chrome on WINDOWS (7de9236a1ed370a11363b8c8543bca64)] -> xpath: (//a[@data-position='Download App Icon'])[2]]
]]></system-out>
  </testcase>
  <testcase name="verifySubscribeOptionWithValidData" classname="SeleniumTesting.AEMhdfc.HomepageTest" time="9.585">
    <system-out><![CDATA[Trying to find Element By : By.className: emailAddress
Found Element By : By.className: emailAddress
Trying to find Element By : By.className: emailAddress
Found Element By : By.className: emailAddress
Trying to click on: [[ChromeDriver: chrome on WINDOWS (7de9236a1ed370a11363b8c8543bca64)] -> class name: emailAddress]
Clicked on: [[ChromeDriver: chrome on WINDOWS (7de9236a1ed370a11363b8c8543bca64)] -> class name: emailAddress]
Trying to find Element By : By.id: subscribeButton
Found Element By : By.id: subscribeButton
Trying to find Element By : By.className: emailAddress
Found Element By : By.className: emailAddress
Trying to find Element By : By.id: subscribeButton
Found Element By : By.id: subscribeButton
Trying to click on: [[ChromeDriver: chrome on WINDOWS (7de9236a1ed370a11363b8c8543bca64)] -> id: subscribeButton]
Clicked on: [[ChromeDriver: chrome on WINDOWS (7de9236a1ed370a11363b8c8543bca64)] -> id: subscribeButton]
Trying to find Element By : By.xpath: //span[@class='message-success-subscribe']
Found Element By : By.xpath: //span[@class='message-success-subscribe']
Trying to find Element By : By.xpath: //span[@class='message-success-subscribe']
Found Element By : By.xpath: //span[@class='message-success-subscribe']
]]></system-out>
  </testcase>
  <testcase name="verifyGroupWebsitesLinks" classname="SeleniumTesting.AEMhdfc.HomepageTest" time="17.831">
    <system-out><![CDATA[Trying to find Element By : By.cssSelector: .wrapper.externalLinks a
Found Element By : By.cssSelector: .wrapper.externalLinks a
Trying to find Element By : By.cssSelector: .wrapper.externalLinks a
Found Element By : By.cssSelector: .wrapper.externalLinks a
Trying to find Element By : By.cssSelector: .wrapper.externalLinks a
Found Element By : By.cssSelector: .wrapper.externalLinks a
Trying to find Element By : By.cssSelector: .wrapper.externalLinks a
Found Element By : By.cssSelector: .wrapper.externalLinks a
Trying to find Element By : By.cssSelector: .wrapper.externalLinks a
Found Element By : By.cssSelector: .wrapper.externalLinks a
Trying to find Element By : By.cssSelector: .wrapper.externalLinks a
Found Element By : By.cssSelector: .wrapper.externalLinks a
Trying to find Element By : By.cssSelector: .wrapper.externalLinks a
Found Element By : By.cssSelector: .wrapper.externalLinks a
Trying to find Element By : By.cssSelector: .wrapper.externalLinks a
Found Element By : By.cssSelector: .wrapper.externalLinks a
Trying to find Element By : By.cssSelector: .wrapper.externalLinks a
Found Element By : By.cssSelector: .wrapper.externalLinks a
Trying to find Element By : By.cssSelector: .wrapper.externalLinks a
Found Element By : By.cssSelector: .wrapper.externalLinks a
Trying to find Element By : By.cssSelector: .wrapper.externalLinks a
Found Element By : By.cssSelector: .wrapper.externalLinks a
Trying to find Element By : By.cssSelector: .wrapper.externalLinks a
Found Element By : By.cssSelector: .wrapper.externalLinks a
Trying to find Element By : By.cssSelector: .wrapper.externalLinks a
Found Element By : By.cssSelector: .wrapper.externalLinks a
Trying to find Element By : By.cssSelector: .wrapper.externalLinks a
Found Element By : By.cssSelector: .wrapper.externalLinks a
Trying to find Element By : By.cssSelector: .wrapper.externalLinks a
Found Element By : By.cssSelector: .wrapper.externalLinks a
Trying to find Element By : By.cssSelector: .wrapper.externalLinks a
Found Element By : By.cssSelector: .wrapper.externalLinks a
Trying to find Element By : By.cssSelector: .wrapper.externalLinks a
Found Element By : By.cssSelector: .wrapper.externalLinks a
Trying to find Element By : By.cssSelector: .wrapper.externalLinks a
Found Element By : By.cssSelector: .wrapper.externalLinks a
Trying to find Element By : By.cssSelector: .wrapper.externalLinks a
Found Element By : By.cssSelector: .wrapper.externalLinks a
Trying to find Element By : By.cssSelector: .wrapper.externalLinks a
Found Element By : By.cssSelector: .wrapper.externalLinks a
Trying to find Element By : By.cssSelector: .wrapper.externalLinks a
Found Element By : By.cssSelector: .wrapper.externalLinks a
Trying to find Element By : By.cssSelector: .wrapper.externalLinks a
Found Element By : By.cssSelector: .wrapper.externalLinks a
Trying to find Element By : By.cssSelector: .wrapper.externalLinks a
Found Element By : By.cssSelector: .wrapper.externalLinks a
Trying to find Element By : By.cssSelector: .wrapper.externalLinks a
Found Element By : By.cssSelector: .wrapper.externalLinks a
Trying to find Element By : By.cssSelector: .wrapper.externalLinks a
Found Element By : By.cssSelector: .wrapper.externalLinks a
Trying to find Element By : By.cssSelector: .wrapper.externalLinks a
Found Element By : By.cssSelector: .wrapper.externalLinks a
Trying to find Element By : By.cssSelector: .wrapper.externalLinks a
Found Element By : By.cssSelector: .wrapper.externalLinks a
Trying to find Element By : By.cssSelector: .wrapper.externalLinks a
Found Element By : By.cssSelector: .wrapper.externalLinks a
Trying to find Element By : By.cssSelector: .wrapper.externalLinks a
Found Element By : By.cssSelector: .wrapper.externalLinks a
Trying to find Element By : By.cssSelector: .wrapper.externalLinks a
Found Element By : By.cssSelector: .wrapper.externalLinks a
Trying to find Element By : By.cssSelector: .wrapper.externalLinks a
Found Element By : By.cssSelector: .wrapper.externalLinks a
Trying to find Element By : By.cssSelector: .wrapper.externalLinks a
Found Element By : By.cssSelector: .wrapper.externalLinks a
Trying to find Element By : By.cssSelector: .wrapper.externalLinks a
Found Element By : By.cssSelector: .wrapper.externalLinks a
Trying to find Element By : By.cssSelector: .wrapper.externalLinks a
Found Element By : By.cssSelector: .wrapper.externalLinks a
Trying to find Element By : By.cssSelector: .wrapper.externalLinks a
Found Element By : By.cssSelector: .wrapper.externalLinks a
Trying to find Element By : By.cssSelector: .wrapper.externalLinks a
Found Element By : By.cssSelector: .wrapper.externalLinks a
Trying to find Element By : By.cssSelector: .wrapper.externalLinks a
Found Element By : By.cssSelector: .wrapper.externalLinks a
Trying to find Element By : By.cssSelector: .wrapper.externalLinks a
Found Element By : By.cssSelector: .wrapper.externalLinks a
Trying to find Element By : By.cssSelector: .wrapper.externalLinks a
Found Element By : By.cssSelector: .wrapper.externalLinks a
Trying to find Element By : By.cssSelector: .wrapper.externalLinks a
Found Element By : By.cssSelector: .wrapper.externalLinks a
Trying to find Element By : By.cssSelector: .wrapper.externalLinks a
Found Element By : By.cssSelector: .wrapper.externalLinks a
Trying to find Element By : By.cssSelector: .wrapper.externalLinks a
Found Element By : By.cssSelector: .wrapper.externalLinks a
Trying to find Element By : By.cssSelector: .wrapper.externalLinks a
Found Element By : By.cssSelector: .wrapper.externalLinks a
Trying to find Element By : By.cssSelector: .wrapper.externalLinks a
Found Element By : By.cssSelector: .wrapper.externalLinks a
Trying to find Element By : By.cssSelector: .wrapper.externalLinks a
Found Element By : By.cssSelector: .wrapper.externalLinks a
Trying to find Element By : By.cssSelector: .wrapper.externalLinks a
Found Element By : By.cssSelector: .wrapper.externalLinks a
Trying to find Element By : By.cssSelector: .wrapper.externalLinks a
Found Element By : By.cssSelector: .wrapper.externalLinks a
Trying to find Element By : By.cssSelector: .wrapper.externalLinks a
Found Element By : By.cssSelector: .wrapper.externalLinks a
Trying to find Element By : By.cssSelector: .wrapper.externalLinks a
Found Element By : By.cssSelector: .wrapper.externalLinks a
Trying to find Element By : By.cssSelector: .wrapper.externalLinks a
Found Element By : By.cssSelector: .wrapper.externalLinks a
Trying to find Element By : By.cssSelector: .wrapper.externalLinks a
Found Element By : By.cssSelector: .wrapper.externalLinks a
Trying to find Element By : By.cssSelector: .wrapper.externalLinks a
Found Element By : By.cssSelector: .wrapper.externalLinks a
Trying to find Element By : By.cssSelector: .wrapper.externalLinks a
Found Element By : By.cssSelector: .wrapper.externalLinks a
Trying to find Element By : By.cssSelector: .wrapper.externalLinks a
Found Element By : By.cssSelector: .wrapper.externalLinks a
Trying to find Element By : By.cssSelector: .wrapper.externalLinks a
Found Element By : By.cssSelector: .wrapper.externalLinks a
Trying to find Element By : By.cssSelector: .wrapper.externalLinks a
Found Element By : By.cssSelector: .wrapper.externalLinks a
Trying to find Element By : By.cssSelector: .wrapper.externalLinks a
Found Element By : By.cssSelector: .wrapper.externalLinks a
Trying to find Element By : By.cssSelector: .wrapper.externalLinks a
Found Element By : By.cssSelector: .wrapper.externalLinks a
Trying to find Element By : By.cssSelector: .wrapper.externalLinks a
Found Element By : By.cssSelector: .wrapper.externalLinks a
Trying to find Element By : By.cssSelector: .wrapper.externalLinks a
Found Element By : By.cssSelector: .wrapper.externalLinks a
Trying to find Element By : By.cssSelector: .wrapper.externalLinks a
Found Element By : By.cssSelector: .wrapper.externalLinks a
Trying to find Element By : By.cssSelector: .wrapper.externalLinks a
Found Element By : By.cssSelector: .wrapper.externalLinks a
Trying to find Element By : By.cssSelector: .wrapper.externalLinks a
Found Element By : By.cssSelector: .wrapper.externalLinks a
Trying to find Element By : By.cssSelector: .wrapper.externalLinks a
Found Element By : By.cssSelector: .wrapper.externalLinks a
Trying to find Element By : By.cssSelector: .wrapper.externalLinks a
Found Element By : By.cssSelector: .wrapper.externalLinks a
Trying to find Element By : By.cssSelector: .wrapper.externalLinks a
Found Element By : By.cssSelector: .wrapper.externalLinks a
Trying to find Element By : By.cssSelector: .wrapper.externalLinks a
Found Element By : By.cssSelector: .wrapper.externalLinks a
Trying to find Element By : By.cssSelector: .wrapper.externalLinks a
Found Element By : By.cssSelector: .wrapper.externalLinks a
Trying to find Element By : By.cssSelector: .wrapper.externalLinks a
Found Element By : By.cssSelector: .wrapper.externalLinks a
Trying to find Element By : By.cssSelector: .wrapper.externalLinks a
Found Element By : By.cssSelector: .wrapper.externalLinks a
Trying to find Element By : By.cssSelector: .wrapper.externalLinks a
Found Element By : By.cssSelector: .wrapper.externalLinks a
Trying to find Element By : By.cssSelector: .wrapper.externalLinks a
Found Element By : By.cssSelector: .wrapper.externalLinks a
Trying to find Element By : By.cssSelector: .wrapper.externalLinks a
Found Element By : By.cssSelector: .wrapper.externalLinks a
Trying to find Element By : By.cssSelector: .wrapper.externalLinks a
Found Element By : By.cssSelector: .wrapper.externalLinks a
Trying to find Element By : By.cssSelector: .wrapper.externalLinks a
Found Element By : By.cssSelector: .wrapper.externalLinks a
Trying to find Element By : By.cssSelector: .wrapper.externalLinks a
Found Element By : By.cssSelector: .wrapper.externalLinks a
Trying to find Element By : By.cssSelector: .wrapper.externalLinks a
Found Element By : By.cssSelector: .wrapper.externalLinks a
Trying to find Element By : By.cssSelector: .wrapper.externalLinks a
Found Element By : By.cssSelector: .wrapper.externalLinks a
Trying to find Element By : By.cssSelector: .wrapper.externalLinks a
Found Element By : By.cssSelector: .wrapper.externalLinks a
Trying to find Element By : By.cssSelector: .wrapper.externalLinks a
Found Element By : By.cssSelector: .wrapper.externalLinks a
Trying to find Element By : By.cssSelector: .wrapper.externalLinks a
Found Element By : By.cssSelector: .wrapper.externalLinks a
Trying to find Element By : By.cssSelector: .wrapper.externalLinks a
Found Element By : By.cssSelector: .wrapper.externalLinks a
Trying to find Element By : By.cssSelector: .wrapper.externalLinks a
Found Element By : By.cssSelector: .wrapper.externalLinks a
Trying to find Element By : By.cssSelector: .wrapper.externalLinks a
Found Element By : By.cssSelector: .wrapper.externalLinks a
Trying to find Element By : By.cssSelector: .wrapper.externalLinks a
Found Element By : By.cssSelector: .wrapper.externalLinks a
Trying to find Element By : By.cssSelector: .wrapper.externalLinks a
Found Element By : By.cssSelector: .wrapper.externalLinks a
Trying to find Element By : By.cssSelector: .wrapper.externalLinks a
Found Element By : By.cssSelector: .wrapper.externalLinks a
Trying to find Element By : By.cssSelector: .wrapper.externalLinks a
Found Element By : By.cssSelector: .wrapper.externalLinks a
Trying to find Element By : By.cssSelector: .wrapper.externalLinks a
Found Element By : By.cssSelector: .wrapper.externalLinks a
Trying to find Element By : By.cssSelector: .wrapper.externalLinks a
Found Element By : By.cssSelector: .wrapper.externalLinks a
Trying to find Element By : By.cssSelector: .wrapper.externalLinks a
Found Element By : By.cssSelector: .wrapper.externalLinks a
Trying to find Element By : By.cssSelector: .wrapper.externalLinks a
Found Element By : By.cssSelector: .wrapper.externalLinks a
Trying to find Element By : By.cssSelector: .wrapper.externalLinks a
Found Element By : By.cssSelector: .wrapper.externalLinks a
Trying to find Element By : By.cssSelector: .wrapper.externalLinks a
Found Element By : By.cssSelector: .wrapper.externalLinks a
Trying to find Element By : By.cssSelector: .wrapper.externalLinks a
Found Element By : By.cssSelector: .wrapper.externalLinks a
Trying to find Element By : By.cssSelector: .wrapper.externalLinks a
Found Element By : By.cssSelector: .wrapper.externalLinks a
Trying to find Element By : By.cssSelector: .wrapper.externalLinks a
Found Element By : By.cssSelector: .wrapper.externalLinks a
Trying to find Element By : By.cssSelector: .wrapper.externalLinks a
Found Element By : By.cssSelector: .wrapper.externalLinks a
Trying to find Element By : By.cssSelector: .wrapper.externalLinks a
Found Element By : By.cssSelector: .wrapper.externalLinks a
Trying to find Element By : By.cssSelector: .wrapper.externalLinks a
Found Element By : By.cssSelector: .wrapper.externalLinks a
Trying to find Element By : By.cssSelector: .wrapper.externalLinks a
Found Element By : By.cssSelector: .wrapper.externalLinks a
Trying to find Element By : By.cssSelector: .wrapper.externalLinks a
Found Element By : By.cssSelector: .wrapper.externalLinks a
Trying to find Element By : By.cssSelector: .wrapper.externalLinks a
Found Element By : By.cssSelector: .wrapper.externalLinks a
Trying to find Element By : By.cssSelector: .wrapper.externalLinks a
Found Element By : By.cssSelector: .wrapper.externalLinks a
Trying to find Element By : By.cssSelector: .wrapper.externalLinks a
Found Element By : By.cssSelector: .wrapper.externalLinks a
Trying to find Element By : By.cssSelector: .wrapper.externalLinks a
Found Element By : By.cssSelector: .wrapper.externalLinks a
Trying to find Element By : By.cssSelector: .wrapper.externalLinks a
Found Element By : By.cssSelector: .wrapper.externalLinks a
Trying to find Element By : By.cssSelector: .wrapper.externalLinks a
Found Element By : By.cssSelector: .wrapper.externalLinks a
Trying to find Element By : By.cssSelector: .wrapper.externalLinks a
Found Element By : By.cssSelector: .wrapper.externalLinks a
Trying to find Element By : By.cssSelector: .wrapper.externalLinks a
Found Element By : By.cssSelector: .wrapper.externalLinks a
Trying to find Element By : By.cssSelector: .wrapper.externalLinks a
Found Element By : By.cssSelector: .wrapper.externalLinks a
Trying to find Element By : By.cssSelector: .wrapper.externalLinks a
Found Element By : By.cssSelector: .wrapper.externalLinks a
Trying to find Element By : By.cssSelector: .wrapper.externalLinks a
Found Element By : By.cssSelector: .wrapper.externalLinks a
Trying to find Element By : By.cssSelector: .wrapper.externalLinks a
Found Element By : By.cssSelector: .wrapper.externalLinks a
Trying to find Element By : By.cssSelector: .wrapper.externalLinks a
Found Element By : By.cssSelector: .wrapper.externalLinks a
Trying to find Element By : By.cssSelector: .wrapper.externalLinks a
Found Element By : By.cssSelector: .wrapper.externalLinks a
Trying to find Element By : By.cssSelector: .wrapper.externalLinks a
Found Element By : By.cssSelector: .wrapper.externalLinks a
Trying to find Element By : By.cssSelector: .wrapper.externalLinks a
Found Element By : By.cssSelector: .wrapper.externalLinks a
Trying to find Element By : By.cssSelector: .wrapper.externalLinks a
Found Element By : By.cssSelector: .wrapper.externalLinks a
Trying to find Element By : By.cssSelector: .wrapper.externalLinks a
Found Element By : By.cssSelector: .wrapper.externalLinks a
Trying to find Element By : By.cssSelector: .wrapper.externalLinks a
Found Element By : By.cssSelector: .wrapper.externalLinks a
Trying to find Element By : By.cssSelector: .wrapper.externalLinks a
Found Element By : By.cssSelector: .wrapper.externalLinks a
Trying to find Element By : By.cssSelector: .wrapper.externalLinks a
Found Element By : By.cssSelector: .wrapper.externalLinks a
Trying to find Element By : By.cssSelector: .wrapper.externalLinks a
Found Element By : By.cssSelector: .wrapper.externalLinks a
Trying to find Element By : By.cssSelector: .wrapper.externalLinks a
Found Element By : By.cssSelector: .wrapper.externalLinks a
Trying to find Element By : By.cssSelector: .wrapper.externalLinks a
Found Element By : By.cssSelector: .wrapper.externalLinks a
Trying to find Element By : By.cssSelector: .wrapper.externalLinks a
Found Element By : By.cssSelector: .wrapper.externalLinks a
Trying to find Element By : By.cssSelector: .wrapper.externalLinks a
Found Element By : By.cssSelector: .wrapper.externalLinks a
Trying to find Element By : By.cssSelector: .wrapper.externalLinks a
Found Element By : By.cssSelector: .wrapper.externalLinks a
Trying to find Element By : By.cssSelector: .wrapper.externalLinks a
Found Element By : By.cssSelector: .wrapper.externalLinks a
Trying to find Element By : By.cssSelector: .wrapper.externalLinks a
Found Element By : By.cssSelector: .wrapper.externalLinks a
Trying to find Element By : By.cssSelector: .wrapper.externalLinks a
Found Element By : By.cssSelector: .wrapper.externalLinks a
Trying to find Element By : By.cssSelector: .wrapper.externalLinks a
Found Element By : By.cssSelector: .wrapper.externalLinks a
Trying to find Element By : By.cssSelector: .wrapper.externalLinks a
Found Element By : By.cssSelector: .wrapper.externalLinks a
Trying to find Element By : By.cssSelector: .wrapper.externalLinks a
Found Element By : By.cssSelector: .wrapper.externalLinks a
Trying to find Element By : By.cssSelector: .wrapper.externalLinks a
Found Element By : By.cssSelector: .wrapper.externalLinks a
Trying to find Element By : By.cssSelector: .wrapper.externalLinks a
Found Element By : By.cssSelector: .wrapper.externalLinks a
Trying to find Element By : By.cssSelector: .wrapper.externalLinks a
Found Element By : By.cssSelector: .wrapper.externalLinks a
Trying to find Element By : By.cssSelector: .wrapper.externalLinks a
Found Element By : By.cssSelector: .wrapper.externalLinks a
Trying to find Element By : By.cssSelector: .wrapper.externalLinks a
Found Element By : By.cssSelector: .wrapper.externalLinks a
Trying to find Element By : By.cssSelector: .wrapper.externalLinks a
Found Element By : By.cssSelector: .wrapper.externalLinks a
Trying to find Element By : By.cssSelector: .wrapper.externalLinks a
Found Element By : By.cssSelector: .wrapper.externalLinks a
Trying to find Element By : By.cssSelector: .wrapper.externalLinks a
Found Element By : By.cssSelector: .wrapper.externalLinks a
Trying to find Element By : By.cssSelector: .wrapper.externalLinks a
Found Element By : By.cssSelector: .wrapper.externalLinks a
Trying to find Element By : By.cssSelector: .wrapper.externalLinks a
Found Element By : By.cssSelector: .wrapper.externalLinks a
Trying to find Element By : By.cssSelector: .wrapper.externalLinks a
Found Element By : By.cssSelector: .wrapper.externalLinks a
Trying to find Element By : By.cssSelector: .wrapper.externalLinks a
Found Element By : By.cssSelector: .wrapper.externalLinks a
Trying to find Element By : By.cssSelector: .wrapper.externalLinks a
Found Element By : By.cssSelector: .wrapper.externalLinks a
Trying to find Element By : By.cssSelector: .wrapper.externalLinks a
Found Element By : By.cssSelector: .wrapper.externalLinks a
Trying to find Element By : By.cssSelector: .wrapper.externalLinks a
Found Element By : By.cssSelector: .wrapper.externalLinks a
Trying to find Element By : By.cssSelector: .wrapper.externalLinks a
Found Element By : By.cssSelector: .wrapper.externalLinks a
Trying to find Element By : By.cssSelector: .wrapper.externalLinks a
Found Element By : By.cssSelector: .wrapper.externalLinks a
Trying to find Element By : By.cssSelector: .wrapper.externalLinks a
Found Element By : By.cssSelector: .wrapper.externalLinks a
Trying to find Element By : By.cssSelector: .wrapper.externalLinks a
Found Element By : By.cssSelector: .wrapper.externalLinks a
Trying to find Element By : By.cssSelector: .wrapper.externalLinks a
Found Element By : By.cssSelector: .wrapper.externalLinks a
Trying to find Element By : By.cssSelector: .wrapper.externalLinks a
Found Element By : By.cssSelector: .wrapper.externalLinks a
Trying to find Element By : By.cssSelector: .wrapper.externalLinks a
Found Element By : By.cssSelector: .wrapper.externalLinks a
Trying to find Element By : By.cssSelector: .wrapper.externalLinks a
Found Element By : By.cssSelector: .wrapper.externalLinks a
Trying to find Element By : By.cssSelector: .wrapper.externalLinks a
Found Element By : By.cssSelector: .wrapper.externalLinks a
Trying to find Element By : By.cssSelector: .wrapper.externalLinks a
Found Element By : By.cssSelector: .wrapper.externalLinks a
Trying to find Element By : By.cssSelector: .wrapper.externalLinks a
Found Element By : By.cssSelector: .wrapper.externalLinks a
Trying to find Element By : By.cssSelector: .wrapper.externalLinks a
Found Element By : By.cssSelector: .wrapper.externalLinks a
Trying to find Element By : By.cssSelector: .wrapper.externalLinks a
Found Element By : By.cssSelector: .wrapper.externalLinks a
Trying to find Element By : By.cssSelector: .wrapper.externalLinks a
Found Element By : By.cssSelector: .wrapper.externalLinks a
Trying to find Element By : By.cssSelector: .wrapper.externalLinks a
Found Element By : By.cssSelector: .wrapper.externalLinks a
Group Websites link check ended
]]></system-out>
  </testcase>
  <testcase name="verifyArticlesOnHomePage" classname="SeleniumTesting.AEMhdfc.HomepageTest" time="102.325">
    <system-out><![CDATA[Trying to find Element By : By.xpath: //div[@class='container aboutus-sec']
Found Element By : By.xpath: //div[@class='container aboutus-sec']
Trying to find Element By : By.tagName: a
Found Element By : By.tagName: a
Trying to find Element By : By.xpath: //div[@class='container aboutus-sec']
Found Element By : By.xpath: //div[@class='container aboutus-sec']
Trying to find Element By : By.tagName: a
Found Element By : By.tagName: a
Navigating forward to next page
Navigated forward to next page
Navigating back to previous page
Navigated back to previous page
Trying to find Element By : By.xpath: //div[@class='container aboutus-sec']
Found Element By : By.xpath: //div[@class='container aboutus-sec']
Trying to find Element By : By.tagName: a
Found Element By : By.tagName: a
Navigating forward to next page
Navigated forward to next page
Navigating back to previous page
Navigated back to previous page
Trying to find Element By : By.xpath: //div[@class='container aboutus-sec']
Found Element By : By.xpath: //div[@class='container aboutus-sec']
Trying to find Element By : By.tagName: a
Found Element By : By.tagName: a
Navigating forward to next page
Navigated forward to next page
Navigating back to previous page
Navigated back to previous page
Trying to find Element By : By.xpath: //div[@class='container aboutus-sec']
Found Element By : By.xpath: //div[@class='container aboutus-sec']
Trying to find Element By : By.tagName: a
Found Element By : By.tagName: a
Navigating forward to next page
Navigated forward to next page
Navigating back to previous page
Navigated back to previous page
Trying to find Element By : By.xpath: //div[@class='container aboutus-sec']
Found Element By : By.xpath: //div[@class='container aboutus-sec']
Trying to find Element By : By.tagName: a
Found Element By : By.tagName: a
Navigating forward to next page
Navigated forward to next page
Navigating back to previous page
Navigated back to previous page
Trying to find Element By : By.xpath: //div[@class='container aboutus-sec']
Found Element By : By.xpath: //div[@class='container aboutus-sec']
Trying to find Element By : By.tagName: a
Found Element By : By.tagName: a
Navigating forward to next page
Navigated forward to next page
Navigating back to previous page
Navigated back to previous page
Trying to find Element By : By.xpath: //div[@class='container aboutus-sec']
Found Element By : By.xpath: //div[@class='container aboutus-sec']
Trying to find Element By : By.tagName: a
Found Element By : By.tagName: a
Navigating forward to next page
Navigated forward to next page
Navigating back to previous page
Navigated back to previous page
]]></system-out>
  </testcase>
  <testcase name="navigateToPage" classname="SeleniumTesting.AEMhdfc.CategorypageTest" time="12.519">
    <system-out><![CDATA[Before navigating to: 'https://www.hdfclife.com/'
Navigated to:'https://www.hdfclife.com/'
Trying to find Element By : By.xpath: //a[@class='megaMenuLink']
Found Element By : By.xpath: //a[@class='megaMenuLink']
Trying to click on: [[ChromeDriver: chrome on WINDOWS (b646689ebf681ee193bb81e3dd3427c9)] -> xpath: //a[@class='megaMenuLink']]
Clicked on: [[ChromeDriver: chrome on WINDOWS (b646689ebf681ee193bb81e3dd3427c9)] -> xpath: //a[@class='megaMenuLink']]
Trying to find Element By : By.xpath: (//a[@class='moreMenuLink gtm-moreMenuLink'])[1]
Found Element By : By.xpath: (//a[@class='moreMenuLink gtm-moreMenuLink'])[1]
Trying to click on: [[ChromeDriver: chrome on WINDOWS (b646689ebf681ee193bb81e3dd3427c9)] -> xpath: (//a[@class='moreMenuLink gtm-moreMenuLink'])[1]]
Clicked on: [[ChromeDriver: chrome on WINDOWS (b646689ebf681ee193bb81e3dd3427c9)] -> xpath: (//a[@class='moreMenuLink gtm-moreMenuLink'])[1]]
]]></system-out>
    <system-err><![CDATA[Dec 17, 2021 8:16:40 PM org.openqa.selenium.remote.DesiredCapabilities chrome
INFO: Using `new ChromeOptions()` is preferred to `DesiredCapabilities.chrome()`
Starting ChromeDriver 96.0.4664.45 (76e4c1bb2ab4671b8beba3444e61c0f17584b2fc-refs/branch-heads/4664@{#947}) on port 49095
Only local connections are allowed.
Please see https://chromedriver.chromium.org/security-considerations for suggestions on keeping ChromeDriver safe.
ChromeDriver was started successfully.
[1639752400.392][WARNING]: Deprecated chrome option is ignored: useAutomationExtension
[1639752400.393][WARNING]: Deprecated chrome option is ignored: useAutomationExtension
Dec 17, 2021 8:16:41 PM org.openqa.selenium.remote.ProtocolHandshake createSession
INFO: Detected dialect: W3C
]]></system-err>
  </testcase>
  <testcase name="verifyCalculatePremiumBtn" classname="SeleniumTesting.AEMhdfc.CategorypageTest" time="39.051">
    <system-out><![CDATA[Trying to find Element By : By.xpath: //a[@class='siteButton dataLayerBtnClick']
Found Element By : By.xpath: //a[@class='siteButton dataLayerBtnClick']
Trying to find Element By : By.xpath: //a[@class='siteButton dataLayerBtnClick']
Found Element By : By.xpath: //a[@class='siteButton dataLayerBtnClick']
Trying to click on: [[ChromeDriver: chrome on WINDOWS (b646689ebf681ee193bb81e3dd3427c9)] -> xpath: //a[@class='siteButton dataLayerBtnClick']]
Clicked on: [[ChromeDriver: chrome on WINDOWS (b646689ebf681ee193bb81e3dd3427c9)] -> xpath: //a[@class='siteButton dataLayerBtnClick']]
]]></system-out>
  </testcase>
  <testcase name="verifyTalkToAdvisor" classname="SeleniumTesting.AEMhdfc.CategorypageTest" time="6.398">
    <system-out><![CDATA[Trying to find Element By : By.xpath: (//a[@class='siteButton outlinedBtn'])[4]
Found Element By : By.xpath: (//a[@class='siteButton outlinedBtn'])[4]
Trying to find Element By : By.xpath: (//a[@class='siteButton outlinedBtn'])[4]
Found Element By : By.xpath: (//a[@class='siteButton outlinedBtn'])[4]
Trying to find Element By : By.xpath: (//a[@class='siteButton outlinedBtn'])[4]
Found Element By : By.xpath: (//a[@class='siteButton outlinedBtn'])[4]
Trying to click on: [[ChromeDriver: chrome on WINDOWS (b646689ebf681ee193bb81e3dd3427c9)] -> xpath: (//a[@class='siteButton outlinedBtn'])[4]]
Clicked on: [[ChromeDriver: chrome on WINDOWS (b646689ebf681ee193bb81e3dd3427c9)] -> xpath: (//a[@class='siteButton outlinedBtn'])[4]]
Trying to find Element By : By.xpath: //span[@class='close-icon1']
Found Element By : By.xpath: //span[@class='close-icon1']
Trying to find Element By : By.xpath: //span[@class='close-icon1']
Found Element By : By.xpath: //span[@class='close-icon1']
Trying to click on: [[ChromeDriver: chrome on WINDOWS (b646689ebf681ee193bb81e3dd3427c9)] -> xpath: //span[@class='close-icon1']]
Clicked on: [[ChromeDriver: chrome on WINDOWS (b646689ebf681ee193bb81e3dd3427c9)] -> xpath: //span[@class='close-icon1']]
]]></system-out>
  </testcase>
  <testcase name="verifyTalkToAdvisorPopup" classname="SeleniumTesting.AEMhdfc.CategorypageTest" time="9.686">
    <system-out><![CDATA[Trying to find Element By : By.xpath: (//a[@class='siteButton outlinedBtn'])[4]
Found Element By : By.xpath: (//a[@class='siteButton outlinedBtn'])[4]
Trying to find Element By : By.xpath: (//a[@class='siteButton outlinedBtn'])[4]
Found Element By : By.xpath: (//a[@class='siteButton outlinedBtn'])[4]
Trying to find Element By : By.xpath: (//a[@class='siteButton outlinedBtn'])[4]
Found Element By : By.xpath: (//a[@class='siteButton outlinedBtn'])[4]
Trying to click on: [[ChromeDriver: chrome on WINDOWS (b646689ebf681ee193bb81e3dd3427c9)] -> xpath: (//a[@class='siteButton outlinedBtn'])[4]]
Clicked on: [[ChromeDriver: chrome on WINDOWS (b646689ebf681ee193bb81e3dd3427c9)] -> xpath: (//a[@class='siteButton outlinedBtn'])[4]]
Trying to find Element By : By.xpath: //input[@class='first-name']
Found Element By : By.xpath: //input[@class='first-name']
Trying to find Element By : By.xpath: //input[@class='modilewidth']
Found Element By : By.xpath: //input[@class='modilewidth']
Trying to find Element By : By.xpath: //span[contains(text(),'Field should contain minimum 3 and max 50 characters')]
Found Element By : By.xpath: //span[contains(text(),'Field should contain minimum 3 and max 50 characters')]
Trying to find Element By : By.xpath: //span[contains(text(),'Field should contain minimum 3 and max 50 characters')]
Found Element By : By.xpath: //span[contains(text(),'Field should contain minimum 3 and max 50 characters')]
Trying to find Element By : By.xpath: //span[contains(text(),'Field should contain minimum 3 and max 50 characters')]
Found Element By : By.xpath: //span[contains(text(),'Field should contain minimum 3 and max 50 characters')]
Trying to find Element By : By.xpath: //span[contains(text(),'Please enter valid mobile number')]
Found Element By : By.xpath: //span[contains(text(),'Please enter valid mobile number')]
Trying to find Element By : By.xpath: //span[@class='close-icon1']
Found Element By : By.xpath: //span[@class='close-icon1']
Trying to find Element By : By.xpath: //span[@class='close-icon1']
Found Element By : By.xpath: //span[@class='close-icon1']
Trying to click on: [[ChromeDriver: chrome on WINDOWS (b646689ebf681ee193bb81e3dd3427c9)] -> xpath: //span[@class='close-icon1']]
Clicked on: [[ChromeDriver: chrome on WINDOWS (b646689ebf681ee193bb81e3dd3427c9)] -> xpath: //span[@class='close-icon1']]
]]></system-out>
  </testcase>
  <testcase name="verifyHomeIconInBreadCrumb" classname="SeleniumTesting.AEMhdfc.CategorypageTest" time="10.898">
    <system-out><![CDATA[Trying to find Element By : By.xpath: //img[@class='homeIconImg']
Found Element By : By.xpath: //img[@class='homeIconImg']
Trying to find Element By : By.xpath: //img[@class='homeIconImg']
Found Element By : By.xpath: //img[@class='homeIconImg']
Trying to click on: [[ChromeDriver: chrome on WINDOWS (b646689ebf681ee193bb81e3dd3427c9)] -> xpath: //img[@class='homeIconImg']]
Clicked on: [[ChromeDriver: chrome on WINDOWS (b646689ebf681ee193bb81e3dd3427c9)] -> xpath: //img[@class='homeIconImg']]
Navigating back to previous page
Navigated back to previous page
]]></system-out>
  </testcase>
  <testcase name="verifyC2PLProduct" classname="SeleniumTesting.AEMhdfc.CategorypageTest" time="35.625">
    <system-out><![CDATA[Trying to find Element By : By.xpath: (//a[@class='siteButton outlinedBtn learMoreBtn dataLayerBtnClick'])[1]
Found Element By : By.xpath: (//a[@class='siteButton outlinedBtn learMoreBtn dataLayerBtnClick'])[1]
Trying to find Element By : By.xpath: (//a[@class='siteButton outlinedBtn learMoreBtn dataLayerBtnClick'])[1]
Found Element By : By.xpath: (//a[@class='siteButton outlinedBtn learMoreBtn dataLayerBtnClick'])[1]
Trying to find Element By : By.xpath: (//a[@class='siteButton outlinedBtn learMoreBtn dataLayerBtnClick'])[1]
Found Element By : By.xpath: (//a[@class='siteButton outlinedBtn learMoreBtn dataLayerBtnClick'])[1]
Trying to find Element By : By.xpath: (//a[@class='siteButton outlinedBtn learMoreBtn dataLayerBtnClick'])[1]
Found Element By : By.xpath: (//a[@class='siteButton outlinedBtn learMoreBtn dataLayerBtnClick'])[1]
Trying to click on: [[ChromeDriver: chrome on WINDOWS (b646689ebf681ee193bb81e3dd3427c9)] -> xpath: (//a[@class='siteButton outlinedBtn learMoreBtn dataLayerBtnClick'])[1]]
Clicked on: [[ChromeDriver: chrome on WINDOWS (b646689ebf681ee193bb81e3dd3427c9)] -> xpath: (//a[@class='siteButton outlinedBtn learMoreBtn dataLayerBtnClick'])[1]]
Navigating back to previous page
Navigated back to previous page
Trying to find Element By : By.xpath: (//a[@class='dwnldLink dataLayerBtnClick'])[1]
Found Element By : By.xpath: (//a[@class='dwnldLink dataLayerBtnClick'])[1]
Trying to click on: [[ChromeDriver: chrome on WINDOWS (b646689ebf681ee193bb81e3dd3427c9)] -> xpath: (//a[@class='dwnldLink dataLayerBtnClick'])[1]]
Clicked on: [[ChromeDriver: chrome on WINDOWS (b646689ebf681ee193bb81e3dd3427c9)] -> xpath: (//a[@class='dwnldLink dataLayerBtnClick'])[1]]
Trying to find Element By : By.xpath: (//a[@class='siteButton buyOnlineBtn dataLayerBtnClick'])[1]
Found Element By : By.xpath: (//a[@class='siteButton buyOnlineBtn dataLayerBtnClick'])[1]
Trying to find Element By : By.xpath: (//a[@class='siteButton buyOnlineBtn dataLayerBtnClick'])[1]
Found Element By : By.xpath: (//a[@class='siteButton buyOnlineBtn dataLayerBtnClick'])[1]
Trying to click on: [[ChromeDriver: chrome on WINDOWS (b646689ebf681ee193bb81e3dd3427c9)] -> xpath: (//a[@class='siteButton buyOnlineBtn dataLayerBtnClick'])[1]]
Clicked on: [[ChromeDriver: chrome on WINDOWS (b646689ebf681ee193bb81e3dd3427c9)] -> xpath: (//a[@class='siteButton buyOnlineBtn dataLayerBtnClick'])[1]]
]]></system-out>
  </testcase>
  <testcase name="verifySJBProduct" classname="SeleniumTesting.AEMhdfc.CategorypageTest" time="27.352">
    <system-out><![CDATA[Trying to find Element By : By.xpath: (//a[@class='siteButton outlinedBtn learMoreBtn dataLayerBtnClick'])[2]
Found Element By : By.xpath: (//a[@class='siteButton outlinedBtn learMoreBtn dataLayerBtnClick'])[2]
Trying to find Element By : By.xpath: (//a[@class='siteButton outlinedBtn learMoreBtn dataLayerBtnClick'])[2]
Found Element By : By.xpath: (//a[@class='siteButton outlinedBtn learMoreBtn dataLayerBtnClick'])[2]
Trying to click on: [[ChromeDriver: chrome on WINDOWS (b646689ebf681ee193bb81e3dd3427c9)] -> xpath: (//a[@class='siteButton outlinedBtn learMoreBtn dataLayerBtnClick'])[2]]
Clicked on: [[ChromeDriver: chrome on WINDOWS (b646689ebf681ee193bb81e3dd3427c9)] -> xpath: (//a[@class='siteButton outlinedBtn learMoreBtn dataLayerBtnClick'])[2]]
Navigating back to previous page
Navigated back to previous page
Trying to find Element By : By.xpath: (//a[@class='dwnldLink dataLayerBtnClick'])[2]
Found Element By : By.xpath: (//a[@class='dwnldLink dataLayerBtnClick'])[2]
Trying to click on: [[ChromeDriver: chrome on WINDOWS (b646689ebf681ee193bb81e3dd3427c9)] -> xpath: (//a[@class='dwnldLink dataLayerBtnClick'])[2]]
Clicked on: [[ChromeDriver: chrome on WINDOWS (b646689ebf681ee193bb81e3dd3427c9)] -> xpath: (//a[@class='dwnldLink dataLayerBtnClick'])[2]]
Trying to find Element By : By.xpath: (//a[@class='siteButton buyOnlineBtn dataLayerBtnClick'])[2]
Found Element By : By.xpath: (//a[@class='siteButton buyOnlineBtn dataLayerBtnClick'])[2]
Trying to find Element By : By.xpath: (//a[@class='siteButton buyOnlineBtn dataLayerBtnClick'])[2]
Found Element By : By.xpath: (//a[@class='siteButton buyOnlineBtn dataLayerBtnClick'])[2]
Trying to click on: [[ChromeDriver: chrome on WINDOWS (b646689ebf681ee193bb81e3dd3427c9)] -> xpath: (//a[@class='siteButton buyOnlineBtn dataLayerBtnClick'])[2]]
Clicked on: [[ChromeDriver: chrome on WINDOWS (b646689ebf681ee193bb81e3dd3427c9)] -> xpath: (//a[@class='siteButton buyOnlineBtn dataLayerBtnClick'])[2]]
]]></system-out>
  </testcase>
  <testcase name="verifyLetsCalculateBtn" classname="SeleniumTesting.AEMhdfc.CategorypageTest" time="13.146">
    <system-out><![CDATA[Trying to find Element By : By.xpath: (//a[@class='bannerAdBtn siteButton'])[1]
Found Element By : By.xpath: (//a[@class='bannerAdBtn siteButton'])[1]
Trying to find Element By : By.xpath: (//a[@class='bannerAdBtn siteButton'])[1]
Found Element By : By.xpath: (//a[@class='bannerAdBtn siteButton'])[1]
Trying to click on: [[ChromeDriver: chrome on WINDOWS (b646689ebf681ee193bb81e3dd3427c9)] -> xpath: (//a[@class='bannerAdBtn siteButton'])[1]]
Clicked on: [[ChromeDriver: chrome on WINDOWS (b646689ebf681ee193bb81e3dd3427c9)] -> xpath: (//a[@class='bannerAdBtn siteButton'])[1]]
Navigating back to previous page
Navigated back to previous page
]]></system-out>
  </testcase>
  <testcase name="verifyVideoOnCategoryPage" classname="SeleniumTesting.AEMhdfc.CategorypageTest" time="6.034"/>
  <testcase name="verifyWhySection" classname="SeleniumTesting.AEMhdfc.CategorypageTest" time="9.398">
    <system-out><![CDATA[Trying to find Element By : By.xpath: (//a[@class='viewMoreBtn'])[1]
Found Element By : By.xpath: (//a[@class='viewMoreBtn'])[1]
Trying to find Element By : By.xpath: (//a[@class='viewMoreBtn'])[1]
Found Element By : By.xpath: (//a[@class='viewMoreBtn'])[1]
Trying to click on: [[ChromeDriver: chrome on WINDOWS (b646689ebf681ee193bb81e3dd3427c9)] -> xpath: (//a[@class='viewMoreBtn'])[1]]
Clicked on: [[ChromeDriver: chrome on WINDOWS (b646689ebf681ee193bb81e3dd3427c9)] -> xpath: (//a[@class='viewMoreBtn'])[1]]
Trying to find Element By : By.xpath: (//a[@class='viewMoreBtn viewLessBtn'])[1]
Found Element By : By.xpath: (//a[@class='viewMoreBtn viewLessBtn'])[1]
Trying to find Element By : By.xpath: (//a[@class='viewMoreBtn viewLessBtn'])[1]
Found Element By : By.xpath: (//a[@class='viewMoreBtn viewLessBtn'])[1]
Trying to click on: [[ChromeDriver: chrome on WINDOWS (b646689ebf681ee193bb81e3dd3427c9)] -> xpath: (//a[@class='viewMoreBtn viewLessBtn'])[1]]
Clicked on: [[ChromeDriver: chrome on WINDOWS (b646689ebf681ee193bb81e3dd3427c9)] -> xpath: (//a[@class='viewMoreBtn viewLessBtn'])[1]]
Trying to find Element By : By.xpath: (//a[@class='viewMoreBtn'])[1]
Found Element By : By.xpath: (//a[@class='viewMoreBtn'])[1]
]]></system-out>
  </testcase>
  <testcase name="verifyTermInsuranceGuideFaqSection" classname="SeleniumTesting.AEMhdfc.CategorypageTest" time="22.014">
    <system-out><![CDATA[Trying to find Element By : By.xpath: //h2[@class='tabAccordMenu opened']
Found Element By : By.xpath: //h2[@class='tabAccordMenu opened']
Trying to find Element By : By.xpath: //h2[@class='tabAccordMenu opened']
Found Element By : By.xpath: //h2[@class='tabAccordMenu opened']
Trying to click on: [[ChromeDriver: chrome on WINDOWS (b646689ebf681ee193bb81e3dd3427c9)] -> xpath: //h2[@class='tabAccordMenu opened']]
Clicked on: [[ChromeDriver: chrome on WINDOWS (b646689ebf681ee193bb81e3dd3427c9)] -> xpath: //h2[@class='tabAccordMenu opened']]
Trying to find Element By : By.xpath: (//h2[@class='tabAccordMenu'])[2]
Found Element By : By.xpath: (//h2[@class='tabAccordMenu'])[2]
Trying to find Element By : By.xpath: (//h2[@class='tabAccordMenu'])[2]
Found Element By : By.xpath: (//h2[@class='tabAccordMenu'])[2]
Trying to click on: [[ChromeDriver: chrome on WINDOWS (b646689ebf681ee193bb81e3dd3427c9)] -> xpath: (//h2[@class='tabAccordMenu'])[2]]
Clicked on: [[ChromeDriver: chrome on WINDOWS (b646689ebf681ee193bb81e3dd3427c9)] -> xpath: (//h2[@class='tabAccordMenu'])[2]]
Trying to find Element By : By.xpath: //h2[@class='tabAccordMenu opened']
Found Element By : By.xpath: //h2[@class='tabAccordMenu opened']
Trying to find Element By : By.xpath: //h2[@class='tabAccordMenu opened']
Found Element By : By.xpath: //h2[@class='tabAccordMenu opened']
Trying to click on: [[ChromeDriver: chrome on WINDOWS (b646689ebf681ee193bb81e3dd3427c9)] -> xpath: //h2[@class='tabAccordMenu opened']]
Clicked on: [[ChromeDriver: chrome on WINDOWS (b646689ebf681ee193bb81e3dd3427c9)] -> xpath: //h2[@class='tabAccordMenu opened']]
Trying to find Element By : By.xpath: (//a[@class='viewMoreBtn'])[2]
Found Element By : By.xpath: (//a[@class='viewMoreBtn'])[2]
Trying to find Element By : By.xpath: (//a[@class='viewMoreBtn'])[2]
Found Element By : By.xpath: (//a[@class='viewMoreBtn'])[2]
Trying to click on: [[ChromeDriver: chrome on WINDOWS (b646689ebf681ee193bb81e3dd3427c9)] -> xpath: (//a[@class='viewMoreBtn'])[2]]
Clicked on: [[ChromeDriver: chrome on WINDOWS (b646689ebf681ee193bb81e3dd3427c9)] -> xpath: (//a[@class='viewMoreBtn'])[2]]
Trying to find Element By : By.xpath: //a[@class='viewMoreBtn viewLessBtn']
Found Element By : By.xpath: //a[@class='viewMoreBtn viewLessBtn']
Trying to click on: [[ChromeDriver: chrome on WINDOWS (b646689ebf681ee193bb81e3dd3427c9)] -> xpath: //a[@class='viewMoreBtn viewLessBtn']]
Clicked on: [[ChromeDriver: chrome on WINDOWS (b646689ebf681ee193bb81e3dd3427c9)] -> xpath: //a[@class='viewMoreBtn viewLessBtn']]
Trying to find Element By : By.xpath: (//a[@class='viewMoreBtn'])[2]
Found Element By : By.xpath: (//a[@class='viewMoreBtn'])[2]
]]></system-out>
  </testcase>
  <testcase name="verifyRidersSection" classname="SeleniumTesting.AEMhdfc.CategorypageTest" time="52.214">
    <system-out><![CDATA[Trying to find Element By : By.xpath: (//a[@class='viewMoreBtn'])[5]
Found Element By : By.xpath: (//a[@class='viewMoreBtn'])[5]
Trying to find Element By : By.xpath: (//a[@class='viewMoreBtn'])[5]
Found Element By : By.xpath: (//a[@class='viewMoreBtn'])[5]
Trying to click on: [[ChromeDriver: chrome on WINDOWS (b646689ebf681ee193bb81e3dd3427c9)] -> xpath: (//a[@class='viewMoreBtn'])[5]]
Clicked on: [[ChromeDriver: chrome on WINDOWS (b646689ebf681ee193bb81e3dd3427c9)] -> xpath: (//a[@class='viewMoreBtn'])[5]]
Trying to find Element By : By.xpath: (//ul[@class='insuranceBenList'])[1]
Found Element By : By.xpath: (//ul[@class='insuranceBenList'])[1]
Trying to find Element By : By.tagName: a
Found Element By : By.tagName: a
Trying to find Element By : By.xpath: (//ul[@class='insuranceBenList'])[2]
Found Element By : By.xpath: (//ul[@class='insuranceBenList'])[2]
Trying to find Element By : By.tagName: a
Found Element By : By.tagName: a
]]></system-out>
  </testcase>
  <testcase name="verifyContactUs" classname="SeleniumTesting.AEMhdfc.CategorypageTest" time="17.161">
    <system-out><![CDATA[Trying to find Element By : By.xpath: (//a[@class='bannerAdBtn siteButton'])[2]
Found Element By : By.xpath: (//a[@class='bannerAdBtn siteButton'])[2]
Trying to find Element By : By.xpath: (//a[@class='bannerAdBtn siteButton'])[2]
Found Element By : By.xpath: (//a[@class='bannerAdBtn siteButton'])[2]
Trying to click on: [[ChromeDriver: chrome on WINDOWS (b646689ebf681ee193bb81e3dd3427c9)] -> xpath: (//a[@class='bannerAdBtn siteButton'])[2]]
Clicked on: [[ChromeDriver: chrome on WINDOWS (b646689ebf681ee193bb81e3dd3427c9)] -> xpath: (//a[@class='bannerAdBtn siteButton'])[2]]
Navigating back to previous page
Navigated back to previous page
]]></system-out>
  </testcase>
  <testcase name="verifyArticlesSection" classname="SeleniumTesting.AEMhdfc.CategorypageTest" time="107.096">
    <system-out><![CDATA[Trying to find Element By : By.xpath: //div[@class='container aboutus-sec']
Found Element By : By.xpath: //div[@class='container aboutus-sec']
Trying to find Element By : By.tagName: a
Found Element By : By.tagName: a
Trying to find Element By : By.xpath: //div[@class='container aboutus-sec']
Found Element By : By.xpath: //div[@class='container aboutus-sec']
Trying to find Element By : By.tagName: a
Found Element By : By.tagName: a
Navigating forward to next page
Navigated forward to next page
Navigating back to previous page
Navigated back to previous page
Trying to find Element By : By.xpath: //div[@class='container aboutus-sec']
Found Element By : By.xpath: //div[@class='container aboutus-sec']
Trying to find Element By : By.tagName: a
Found Element By : By.tagName: a
Navigating forward to next page
Navigated forward to next page
Navigating back to previous page
Navigated back to previous page
Trying to find Element By : By.xpath: //div[@class='container aboutus-sec']
Found Element By : By.xpath: //div[@class='container aboutus-sec']
Trying to find Element By : By.tagName: a
Found Element By : By.tagName: a
Navigating forward to next page
Navigated forward to next page
Navigating back to previous page
Navigated back to previous page
Trying to find Element By : By.xpath: //div[@class='container aboutus-sec']
Found Element By : By.xpath: //div[@class='container aboutus-sec']
Trying to find Element By : By.tagName: a
Found Element By : By.tagName: a
Navigating forward to next page
Navigated forward to next page
Navigating back to previous page
Navigated back to previous page
Trying to find Element By : By.xpath: //div[@class='container aboutus-sec']
Found Element By : By.xpath: //div[@class='container aboutus-sec']
Trying to find Element By : By.tagName: a
Found Element By : By.tagName: a
Navigating forward to next page
Navigated forward to next page
Navigating back to previous page
Navigated back to previous page
Trying to find Element By : By.xpath: //div[@class='container aboutus-sec']
Found Element By : By.xpath: //div[@class='container aboutus-sec']
Trying to find Element By : By.tagName: a
Found Element By : By.tagName: a
Navigating forward to next page
Navigated forward to next page
Navigating back to previous page
Navigated back to previous page
Trying to find Element By : By.xpath: //div[@class='container aboutus-sec']
Found Element By : By.xpath: //div[@class='container aboutus-sec']
Trying to find Element By : By.tagName: a
Found Element By : By.tagName: a
Navigating forward to next page
Navigated forward to next page
Navigating back to previous page
Navigated back to previous page
]]></system-out>
  </testcase>
  <testcase name="verifyDisclaimer" classname="SeleniumTesting.AEMhdfc.CategorypageTest" time="9.19">
    <system-out><![CDATA[Trying to find Element By : By.xpath: //a[@data-toggle='collapse']
Found Element By : By.xpath: //a[@data-toggle='collapse']
Trying to find Element By : By.xpath: //a[@data-toggle='collapse']
Found Element By : By.xpath: //a[@data-toggle='collapse']
Trying to click on: [[ChromeDriver: chrome on WINDOWS (b646689ebf681ee193bb81e3dd3427c9)] -> xpath: //a[@data-toggle='collapse']]
Clicked on: [[ChromeDriver: chrome on WINDOWS (b646689ebf681ee193bb81e3dd3427c9)] -> xpath: //a[@data-toggle='collapse']]
]]></system-out>
  </testcase>
  <testcase name="navigateToProductPage" classname="SeleniumTesting.AEMhdfc.ProductpageTest" time="24.818">
    <system-out><![CDATA[Before navigating to: 'https://www.hdfclife.com/'
Navigated to:'https://www.hdfclife.com/'
Trying to find Element By : By.xpath: //a[@class='megaMenuLink']
Found Element By : By.xpath: //a[@class='megaMenuLink']
Trying to click on: [[ChromeDriver: chrome on WINDOWS (bed9d8a9a989c71ec550f50c45f24fe4)] -> xpath: //a[@class='megaMenuLink']]
Clicked on: [[ChromeDriver: chrome on WINDOWS (bed9d8a9a989c71ec550f50c45f24fe4)] -> xpath: //a[@class='megaMenuLink']]
Trying to find Element By : By.xpath: (//a[@class='moreMenuLink gtm-moreMenuLink'])[1]
Found Element By : By.xpath: (//a[@class='moreMenuLink gtm-moreMenuLink'])[1]
Trying to click on: [[ChromeDriver: chrome on WINDOWS (bed9d8a9a989c71ec550f50c45f24fe4)] -> xpath: (//a[@class='moreMenuLink gtm-moreMenuLink'])[1]]
Clicked on: [[ChromeDriver: chrome on WINDOWS (bed9d8a9a989c71ec550f50c45f24fe4)] -> xpath: (//a[@class='moreMenuLink gtm-moreMenuLink'])[1]]
Trying to find Element By : By.xpath: (//a[@class='siteButton outlinedBtn learMoreBtn dataLayerBtnClick'])[1]
Found Element By : By.xpath: (//a[@class='siteButton outlinedBtn learMoreBtn dataLayerBtnClick'])[1]
Trying to find Element By : By.xpath: (//a[@class='siteButton outlinedBtn learMoreBtn dataLayerBtnClick'])[1]
Found Element By : By.xpath: (//a[@class='siteButton outlinedBtn learMoreBtn dataLayerBtnClick'])[1]
Trying to find Element By : By.xpath: (//a[@class='siteButton outlinedBtn learMoreBtn dataLayerBtnClick'])[1]
Found Element By : By.xpath: (//a[@class='siteButton outlinedBtn learMoreBtn dataLayerBtnClick'])[1]
Trying to find Element By : By.xpath: (//a[@class='siteButton outlinedBtn learMoreBtn dataLayerBtnClick'])[1]
Found Element By : By.xpath: (//a[@class='siteButton outlinedBtn learMoreBtn dataLayerBtnClick'])[1]
Trying to click on: [[ChromeDriver: chrome on WINDOWS (bed9d8a9a989c71ec550f50c45f24fe4)] -> xpath: (//a[@class='siteButton outlinedBtn learMoreBtn dataLayerBtnClick'])[1]]
Clicked on: [[ChromeDriver: chrome on WINDOWS (bed9d8a9a989c71ec550f50c45f24fe4)] -> xpath: (//a[@class='siteButton outlinedBtn learMoreBtn dataLayerBtnClick'])[1]]
]]></system-out>
    <system-err><![CDATA[Dec 17, 2021 8:23:02 PM org.openqa.selenium.remote.DesiredCapabilities chrome
INFO: Using `new ChromeOptions()` is preferred to `DesiredCapabilities.chrome()`
Starting ChromeDriver 96.0.4664.45 (76e4c1bb2ab4671b8beba3444e61c0f17584b2fc-refs/branch-heads/4664@{#947}) on port 11660
Only local connections are allowed.
Please see https://chromedriver.chromium.org/security-considerations for suggestions on keeping ChromeDriver safe.
ChromeDriver was started successfully.
[1639752783.183][WARNING]: Deprecated chrome option is ignored: useAutomationExtension
[1639752783.183][WARNING]: Deprecated chrome option is ignored: useAutomationExtension
Dec 17, 2021 8:23:04 PM org.openqa.selenium.remote.ProtocolHandshake createSession
INFO: Detected dialect: W3C
]]></system-err>
  </testcase>
  <testcase name="verifyTandCOption" classname="SeleniumTesting.AEMhdfc.ProductpageTest" time="24.623">
    <system-out><![CDATA[Trying to find Element By : By.xpath: //a[@class='popuptext']
Found Element By : By.xpath: //a[@class='popuptext']
Trying to find Element By : By.xpath: //a[@class='popuptext']
Found Element By : By.xpath: //a[@class='popuptext']
Trying to click on: [[ChromeDriver: chrome on WINDOWS (bed9d8a9a989c71ec550f50c45f24fe4)] -> xpath: //a[@class='popuptext']]
Clicked on: [[ChromeDriver: chrome on WINDOWS (bed9d8a9a989c71ec550f50c45f24fe4)] -> xpath: //a[@class='popuptext']]
Trying to find Element By : By.xpath: //a[@data-toggle='collapse']
Found Element By : By.xpath: //a[@data-toggle='collapse']
Trying to find Element By : By.xpath: //a[@data-toggle='collapse']
Found Element By : By.xpath: //a[@data-toggle='collapse']
Trying to click on: [[ChromeDriver: chrome on WINDOWS (bed9d8a9a989c71ec550f50c45f24fe4)] -> xpath: //a[@data-toggle='collapse']]
Clicked on: [[ChromeDriver: chrome on WINDOWS (bed9d8a9a989c71ec550f50c45f24fe4)] -> xpath: //a[@data-toggle='collapse']]
]]></system-out>
  </testcase>
  <testcase name="verifyProductPageBreadcrumb" classname="SeleniumTesting.AEMhdfc.ProductpageTest" time="25.376">
    <system-out><![CDATA[Trying to find Element By : By.xpath: //img[@class='homeIconImg']
Found Element By : By.xpath: //img[@class='homeIconImg']
Trying to find Element By : By.xpath: //img[@class='homeIconImg']
Found Element By : By.xpath: //img[@class='homeIconImg']
Trying to click on: [[ChromeDriver: chrome on WINDOWS (bed9d8a9a989c71ec550f50c45f24fe4)] -> xpath: //img[@class='homeIconImg']]
Clicked on: [[ChromeDriver: chrome on WINDOWS (bed9d8a9a989c71ec550f50c45f24fe4)] -> xpath: //img[@class='homeIconImg']]
Navigating back to previous page
Navigated back to previous page
Trying to find Element By : By.xpath: //label[normalize-space()='Term Insurance Plans']
Found Element By : By.xpath: //label[normalize-space()='Term Insurance Plans']
Trying to find Element By : By.xpath: //label[normalize-space()='Term Insurance Plans']
Found Element By : By.xpath: //label[normalize-space()='Term Insurance Plans']
Trying to click on: [[ChromeDriver: chrome on WINDOWS (bed9d8a9a989c71ec550f50c45f24fe4)] -> xpath: //label[normalize-space()='Term Insurance Plans']]
Clicked on: [[ChromeDriver: chrome on WINDOWS (bed9d8a9a989c71ec550f50c45f24fe4)] -> xpath: //label[normalize-space()='Term Insurance Plans']]
Navigating back to previous page
Navigated back to previous page
]]></system-out>
  </testcase>
  <testcase name="verifyRatingOption" classname="SeleniumTesting.AEMhdfc.ProductpageTest" time="9.705">
    <system-out><![CDATA[Trying to find Element By : By.xpath: //div[@class='icon-wrap rate']
Found Element By : By.xpath: //div[@class='icon-wrap rate']
Trying to find Element By : By.xpath: //div[@class='icon-wrap rate']
Found Element By : By.xpath: //div[@class='icon-wrap rate']
Trying to find Element By : By.cssSelector: #rate-msg
Found Element By : By.cssSelector: #rate-msg
Trying to find Element By : By.xpath: (//*[name()='svg'][@class='starttest'])[2]
Found Element By : By.xpath: (//*[name()='svg'][@class='starttest'])[2]
Trying to click on: [[ChromeDriver: chrome on WINDOWS (bed9d8a9a989c71ec550f50c45f24fe4)] -> xpath: (//*[name()='svg'][@class='starttest'])[2]]
Clicked on: [[ChromeDriver: chrome on WINDOWS (bed9d8a9a989c71ec550f50c45f24fe4)] -> xpath: (//*[name()='svg'][@class='starttest'])[2]]
Trying to find Element By : By.xpath: //div[@class='icon-wrap rate']
Found Element By : By.xpath: //div[@class='icon-wrap rate']
Trying to find Element By : By.cssSelector: #rate-msg
Found Element By : By.cssSelector: #rate-msg
]]></system-out>
  </testcase>
  <testcase name="verifyPrintBtn" classname="SeleniumTesting.AEMhdfc.ProductpageTest" time="9.602">
    <system-out><![CDATA[Trying to find Element By : By.xpath: //div[@class='icon-wrap print']
Found Element By : By.xpath: //div[@class='icon-wrap print']
Trying to find Element By : By.xpath: //div[@class='icon-wrap print']
Found Element By : By.xpath: //div[@class='icon-wrap print']
Trying to click on: [[ChromeDriver: chrome on WINDOWS (bed9d8a9a989c71ec550f50c45f24fe4)] -> xpath: //div[@class='icon-wrap print']]
Clicked on: [[ChromeDriver: chrome on WINDOWS (bed9d8a9a989c71ec550f50c45f24fe4)] -> xpath: //div[@class='icon-wrap print']]
]]></system-out>
  </testcase>
  <testcase name="verifyShareOption" classname="SeleniumTesting.AEMhdfc.ProductpageTest" time="50.214">
    <system-out><![CDATA[Trying to find Element By : By.xpath: //div[@class='icon-wrap share']
Found Element By : By.xpath: //div[@class='icon-wrap share']
Trying to find Element By : By.xpath: //div[@class='icon-wrap share']
Found Element By : By.xpath: //div[@class='icon-wrap share']
Trying to find Element By : By.xpath: //li[@class='share_social'][@data-medium='facebook']
Found Element By : By.xpath: //li[@class='share_social'][@data-medium='facebook']
Trying to find Element By : By.xpath: //li[@class='share_social'][@data-medium='facebook']
Found Element By : By.xpath: //li[@class='share_social'][@data-medium='facebook']
Trying to click on: [[ChromeDriver: chrome on WINDOWS (bed9d8a9a989c71ec550f50c45f24fe4)] -> xpath: //li[@class='share_social'][@data-medium='facebook']]
Clicked on: [[ChromeDriver: chrome on WINDOWS (bed9d8a9a989c71ec550f50c45f24fe4)] -> xpath: //li[@class='share_social'][@data-medium='facebook']]
Trying to find Element By : By.xpath: //div[@class='icon-wrap share']
Found Element By : By.xpath: //div[@class='icon-wrap share']
Trying to find Element By : By.xpath: //div[@class='icon-wrap share']
Found Element By : By.xpath: //div[@class='icon-wrap share']
Trying to find Element By : By.xpath: //li[@class='share_social'][@data-medium='twitter']
Found Element By : By.xpath: //li[@class='share_social'][@data-medium='twitter']
Trying to find Element By : By.xpath: //li[@class='share_social'][@data-medium='twitter']
Found Element By : By.xpath: //li[@class='share_social'][@data-medium='twitter']
Trying to click on: [[ChromeDriver: chrome on WINDOWS (bed9d8a9a989c71ec550f50c45f24fe4)] -> xpath: //li[@class='share_social'][@data-medium='twitter']]
Clicked on: [[ChromeDriver: chrome on WINDOWS (bed9d8a9a989c71ec550f50c45f24fe4)] -> xpath: //li[@class='share_social'][@data-medium='twitter']]
Trying to find Element By : By.xpath: //div[@class='icon-wrap share']
Found Element By : By.xpath: //div[@class='icon-wrap share']
Trying to find Element By : By.xpath: //div[@class='icon-wrap share']
Found Element By : By.xpath: //div[@class='icon-wrap share']
Trying to find Element By : By.xpath: //li[@class='share_social'][@data-medium='linkedin']
Found Element By : By.xpath: //li[@class='share_social'][@data-medium='linkedin']
Trying to find Element By : By.xpath: //li[@class='share_social'][@data-medium='linkedin']
Found Element By : By.xpath: //li[@class='share_social'][@data-medium='linkedin']
Trying to click on: [[ChromeDriver: chrome on WINDOWS (bed9d8a9a989c71ec550f50c45f24fe4)] -> xpath: //li[@class='share_social'][@data-medium='linkedin']]
Clicked on: [[ChromeDriver: chrome on WINDOWS (bed9d8a9a989c71ec550f50c45f24fe4)] -> xpath: //li[@class='share_social'][@data-medium='linkedin']]
]]></system-out>
  </testcase>
  <testcase name="verifyRatingsFromAPI" classname="SeleniumTesting.AEMhdfc.ProductpageTest" time="3.032">
    <system-out><![CDATA[Trying to find Element By : By.xpath: //div[@class='five-star-wrapper'][@id='starRating']
Found Element By : By.xpath: //div[@class='five-star-wrapper'][@id='starRating']
]]></system-out>
  </testcase>
  <testcase name="verifyDownloadBrochure" classname="SeleniumTesting.AEMhdfc.ProductpageTest" time="6.245">
    <system-out><![CDATA[Trying to find Element By : By.xpath: //a[@class='product-download-btn downloadPdfClick']
Found Element By : By.xpath: //a[@class='product-download-btn downloadPdfClick']
Trying to find Element By : By.xpath: //a[@class='product-download-btn downloadPdfClick']
Found Element By : By.xpath: //a[@class='product-download-btn downloadPdfClick']
Trying to click on: [[ChromeDriver: chrome on WINDOWS (bed9d8a9a989c71ec550f50c45f24fe4)] -> xpath: //a[@class='product-download-btn downloadPdfClick']]
Clicked on: [[ChromeDriver: chrome on WINDOWS (bed9d8a9a989c71ec550f50c45f24fe4)] -> xpath: //a[@class='product-download-btn downloadPdfClick']]
]]></system-out>
  </testcase>
  <testcase name="verifyCalculatePremiumBtn" classname="SeleniumTesting.AEMhdfc.ProductpageTest" time="13.012">
    <system-out><![CDATA[Trying to find Element By : By.xpath: //a[@class='product-calculate-btn outlined-button-hover dataLayerBtnClick']
Found Element By : By.xpath: //a[@class='product-calculate-btn outlined-button-hover dataLayerBtnClick']
Trying to find Element By : By.xpath: //a[@class='product-calculate-btn outlined-button-hover dataLayerBtnClick']
Found Element By : By.xpath: //a[@class='product-calculate-btn outlined-button-hover dataLayerBtnClick']
Trying to click on: [[ChromeDriver: chrome on WINDOWS (bed9d8a9a989c71ec550f50c45f24fe4)] -> xpath: //a[@class='product-calculate-btn outlined-button-hover dataLayerBtnClick']]
Clicked on: [[ChromeDriver: chrome on WINDOWS (bed9d8a9a989c71ec550f50c45f24fe4)] -> xpath: //a[@class='product-calculate-btn outlined-button-hover dataLayerBtnClick']]
]]></system-out>
  </testcase>
  <testcase name="verifyBuyNowBtn" classname="SeleniumTesting.AEMhdfc.ProductpageTest" time="9.627">
    <system-out><![CDATA[Trying to find Element By : By.xpath: //a[@class='product-buynow-btn btnred dataLayerBtnClick']
Found Element By : By.xpath: //a[@class='product-buynow-btn btnred dataLayerBtnClick']
Trying to find Element By : By.xpath: //a[@class='product-buynow-btn btnred dataLayerBtnClick']
Found Element By : By.xpath: //a[@class='product-buynow-btn btnred dataLayerBtnClick']
Trying to click on: [[ChromeDriver: chrome on WINDOWS (bed9d8a9a989c71ec550f50c45f24fe4)] -> xpath: //a[@class='product-buynow-btn btnred dataLayerBtnClick']]
Clicked on: [[ChromeDriver: chrome on WINDOWS (bed9d8a9a989c71ec550f50c45f24fe4)] -> xpath: //a[@class='product-buynow-btn btnred dataLayerBtnClick']]
]]></system-out>
  </testcase>
  <testcase name="verifyDownloadsSectionAfterScroll" classname="SeleniumTesting.AEMhdfc.ProductpageTest" time="111.286">
    <system-out><![CDATA[Trying to find Element By : By.xpath: //div[@class='icon-wrap rate']
Found Element By : By.xpath: //div[@class='icon-wrap rate']
Trying to find Element By : By.xpath: //div[@class='icon-wrap rate']
Found Element By : By.xpath: //div[@class='icon-wrap rate']
Trying to find Element By : By.cssSelector: #rate-msg
Found Element By : By.cssSelector: #rate-msg
Trying to find Element By : By.xpath: (//*[name()='svg'][@class='starttest'])[2]
Found Element By : By.xpath: (//*[name()='svg'][@class='starttest'])[2]
Trying to click on: [[ChromeDriver: chrome on WINDOWS (bed9d8a9a989c71ec550f50c45f24fe4)] -> xpath: (//*[name()='svg'][@class='starttest'])[2]]
Clicked on: [[ChromeDriver: chrome on WINDOWS (bed9d8a9a989c71ec550f50c45f24fe4)] -> xpath: (//*[name()='svg'][@class='starttest'])[2]]
Trying to find Element By : By.xpath: //div[@class='icon-wrap rate']
Found Element By : By.xpath: //div[@class='icon-wrap rate']
Trying to find Element By : By.cssSelector: #rate-msg
Found Element By : By.cssSelector: #rate-msg
Trying to find Element By : By.xpath: //div[@class='icon-wrap print']
Found Element By : By.xpath: //div[@class='icon-wrap print']
Trying to find Element By : By.xpath: //div[@class='icon-wrap print']
Found Element By : By.xpath: //div[@class='icon-wrap print']
Trying to click on: [[ChromeDriver: chrome on WINDOWS (bed9d8a9a989c71ec550f50c45f24fe4)] -> xpath: //div[@class='icon-wrap print']]
Clicked on: [[ChromeDriver: chrome on WINDOWS (bed9d8a9a989c71ec550f50c45f24fe4)] -> xpath: //div[@class='icon-wrap print']]
Trying to find Element By : By.xpath: //div[@class='icon-wrap share']
Found Element By : By.xpath: //div[@class='icon-wrap share']
Trying to find Element By : By.xpath: //div[@class='icon-wrap share']
Found Element By : By.xpath: //div[@class='icon-wrap share']
Trying to find Element By : By.xpath: //li[@class='share_social'][@data-medium='facebook']
Found Element By : By.xpath: //li[@class='share_social'][@data-medium='facebook']
Trying to find Element By : By.xpath: //li[@class='share_social'][@data-medium='facebook']
Found Element By : By.xpath: //li[@class='share_social'][@data-medium='facebook']
Trying to click on: [[ChromeDriver: chrome on WINDOWS (bed9d8a9a989c71ec550f50c45f24fe4)] -> xpath: //li[@class='share_social'][@data-medium='facebook']]
Clicked on: [[ChromeDriver: chrome on WINDOWS (bed9d8a9a989c71ec550f50c45f24fe4)] -> xpath: //li[@class='share_social'][@data-medium='facebook']]
Trying to find Element By : By.xpath: //div[@class='icon-wrap share']
Found Element By : By.xpath: //div[@class='icon-wrap share']
Trying to find Element By : By.xpath: //div[@class='icon-wrap share']
Found Element By : By.xpath: //div[@class='icon-wrap share']
Trying to find Element By : By.xpath: //li[@class='share_social'][@data-medium='twitter']
Found Element By : By.xpath: //li[@class='share_social'][@data-medium='twitter']
Trying to find Element By : By.xpath: //li[@class='share_social'][@data-medium='twitter']
Found Element By : By.xpath: //li[@class='share_social'][@data-medium='twitter']
Trying to click on: [[ChromeDriver: chrome on WINDOWS (bed9d8a9a989c71ec550f50c45f24fe4)] -> xpath: //li[@class='share_social'][@data-medium='twitter']]
Clicked on: [[ChromeDriver: chrome on WINDOWS (bed9d8a9a989c71ec550f50c45f24fe4)] -> xpath: //li[@class='share_social'][@data-medium='twitter']]
Trying to find Element By : By.xpath: //div[@class='icon-wrap share']
Found Element By : By.xpath: //div[@class='icon-wrap share']
Trying to find Element By : By.xpath: //div[@class='icon-wrap share']
Found Element By : By.xpath: //div[@class='icon-wrap share']
Trying to find Element By : By.xpath: //li[@class='share_social'][@data-medium='linkedin']
Found Element By : By.xpath: //li[@class='share_social'][@data-medium='linkedin']
Trying to find Element By : By.xpath: //li[@class='share_social'][@data-medium='linkedin']
Found Element By : By.xpath: //li[@class='share_social'][@data-medium='linkedin']
Trying to click on: [[ChromeDriver: chrome on WINDOWS (bed9d8a9a989c71ec550f50c45f24fe4)] -> xpath: //li[@class='share_social'][@data-medium='linkedin']]
Clicked on: [[ChromeDriver: chrome on WINDOWS (bed9d8a9a989c71ec550f50c45f24fe4)] -> xpath: //li[@class='share_social'][@data-medium='linkedin']]
Trying to find Element By : By.xpath: //div[@class='five-star-wrapper'][@id='starRating']
Found Element By : By.xpath: //div[@class='five-star-wrapper'][@id='starRating']
Trying to find Element By : By.xpath: //a[@class='product-download-btn downloadPdfClick']
Found Element By : By.xpath: //a[@class='product-download-btn downloadPdfClick']
Trying to find Element By : By.xpath: //a[@class='product-download-btn downloadPdfClick']
Found Element By : By.xpath: //a[@class='product-download-btn downloadPdfClick']
Trying to click on: [[ChromeDriver: chrome on WINDOWS (bed9d8a9a989c71ec550f50c45f24fe4)] -> xpath: //a[@class='product-download-btn downloadPdfClick']]
Clicked on: [[ChromeDriver: chrome on WINDOWS (bed9d8a9a989c71ec550f50c45f24fe4)] -> xpath: //a[@class='product-download-btn downloadPdfClick']]
Trying to find Element By : By.xpath: //a[@class='product-calculate-btn outlined-button-hover dataLayerBtnClick']
Found Element By : By.xpath: //a[@class='product-calculate-btn outlined-button-hover dataLayerBtnClick']
Trying to find Element By : By.xpath: //a[@class='product-calculate-btn outlined-button-hover dataLayerBtnClick']
Found Element By : By.xpath: //a[@class='product-calculate-btn outlined-button-hover dataLayerBtnClick']
Trying to click on: [[ChromeDriver: chrome on WINDOWS (bed9d8a9a989c71ec550f50c45f24fe4)] -> xpath: //a[@class='product-calculate-btn outlined-button-hover dataLayerBtnClick']]
Clicked on: [[ChromeDriver: chrome on WINDOWS (bed9d8a9a989c71ec550f50c45f24fe4)] -> xpath: //a[@class='product-calculate-btn outlined-button-hover dataLayerBtnClick']]
Trying to find Element By : By.xpath: //a[@class='product-buynow-btn btnred dataLayerBtnClick']
Found Element By : By.xpath: //a[@class='product-buynow-btn btnred dataLayerBtnClick']
Trying to find Element By : By.xpath: //a[@class='product-buynow-btn btnred dataLayerBtnClick']
Found Element By : By.xpath: //a[@class='product-buynow-btn btnred dataLayerBtnClick']
Trying to click on: [[ChromeDriver: chrome on WINDOWS (bed9d8a9a989c71ec550f50c45f24fe4)] -> xpath: //a[@class='product-buynow-btn btnred dataLayerBtnClick']]
Clicked on: [[ChromeDriver: chrome on WINDOWS (bed9d8a9a989c71ec550f50c45f24fe4)] -> xpath: //a[@class='product-buynow-btn btnred dataLayerBtnClick']]
]]></system-out>
  </testcase>
  <testcase name="verifyYourPlanYourBenefitsSection" classname="SeleniumTesting.AEMhdfc.ProductpageTest" time="49.91">
    <system-out><![CDATA[Trying to find Element By : By.xpath: (//button[@class='btn btnwhite dataLayerBtnClick'])[1]
Found Element By : By.xpath: (//button[@class='btn btnwhite dataLayerBtnClick'])[1]
Trying to click on: [[ChromeDriver: chrome on WINDOWS (bed9d8a9a989c71ec550f50c45f24fe4)] -> xpath: (//button[@class='btn btnwhite dataLayerBtnClick'])[1]]
Clicked on: [[ChromeDriver: chrome on WINDOWS (bed9d8a9a989c71ec550f50c45f24fe4)] -> xpath: (//button[@class='btn btnwhite dataLayerBtnClick'])[1]]
Trying to find Element By : By.xpath: (//span[@class='close-iconprod'])[1]
Found Element By : By.xpath: (//span[@class='close-iconprod'])[1]
Trying to click on: [[ChromeDriver: chrome on WINDOWS (bed9d8a9a989c71ec550f50c45f24fe4)] -> xpath: (//span[@class='close-iconprod'])[1]]
Clicked on: [[ChromeDriver: chrome on WINDOWS (bed9d8a9a989c71ec550f50c45f24fe4)] -> xpath: (//span[@class='close-iconprod'])[1]]
Trying to find Element By : By.xpath: (//button[@class='owl-next'])[1]
Found Element By : By.xpath: (//button[@class='owl-next'])[1]
Trying to find Element By : By.xpath: (//button[@class='owl-next'])[1]
Found Element By : By.xpath: (//button[@class='owl-next'])[1]
Trying to click on: [[ChromeDriver: chrome on WINDOWS (bed9d8a9a989c71ec550f50c45f24fe4)] -> xpath: (//button[@class='owl-next'])[1]]
Clicked on: [[ChromeDriver: chrome on WINDOWS (bed9d8a9a989c71ec550f50c45f24fe4)] -> xpath: (//button[@class='owl-next'])[1]]
Trying to find Element By : By.xpath: (//button[@class='owl-next'])[1]
Found Element By : By.xpath: (//button[@class='owl-next'])[1]
Trying to find Element By : By.xpath: (//button[@class='owl-next'])[1]
Found Element By : By.xpath: (//button[@class='owl-next'])[1]
Trying to click on: [[ChromeDriver: chrome on WINDOWS (bed9d8a9a989c71ec550f50c45f24fe4)] -> xpath: (//button[@class='owl-next'])[1]]
Clicked on: [[ChromeDriver: chrome on WINDOWS (bed9d8a9a989c71ec550f50c45f24fe4)] -> xpath: (//button[@class='owl-next'])[1]]
Trying to find Element By : By.xpath: (//button[@class='owl-next'])[1]
Found Element By : By.xpath: (//button[@class='owl-next'])[1]
Trying to find Element By : By.xpath: (//button[@class='owl-next disabled'])[1]
Found Element By : By.xpath: (//button[@class='owl-next disabled'])[1]
Trying to find Element By : By.xpath: (//button[@class='owl-prev'])[1]
Found Element By : By.xpath: (//button[@class='owl-prev'])[1]
Trying to find Element By : By.xpath: (//button[@class='owl-prev'])[1]
Found Element By : By.xpath: (//button[@class='owl-prev'])[1]
Trying to click on: [[ChromeDriver: chrome on WINDOWS (bed9d8a9a989c71ec550f50c45f24fe4)] -> xpath: (//button[@class='owl-prev'])[1]]
Clicked on: [[ChromeDriver: chrome on WINDOWS (bed9d8a9a989c71ec550f50c45f24fe4)] -> xpath: (//button[@class='owl-prev'])[1]]
Trying to find Element By : By.xpath: (//button[@class='owl-prev'])[1]
Found Element By : By.xpath: (//button[@class='owl-prev'])[1]
Trying to find Element By : By.xpath: (//button[@class='owl-prev'])[1]
Found Element By : By.xpath: (//button[@class='owl-prev'])[1]
Trying to click on: [[ChromeDriver: chrome on WINDOWS (bed9d8a9a989c71ec550f50c45f24fe4)] -> xpath: (//button[@class='owl-prev'])[1]]
Clicked on: [[ChromeDriver: chrome on WINDOWS (bed9d8a9a989c71ec550f50c45f24fe4)] -> xpath: (//button[@class='owl-prev'])[1]]
Trying to find Element By : By.xpath: (//button[@class='owl-prev disabled'])[1]
Found Element By : By.xpath: (//button[@class='owl-prev disabled'])[1]
Trying to find Element By : By.xpath: (//a[@class='talk-to-advisor-link outlined-button-hover product-benefits-cards-data-layer'])[1]
Found Element By : By.xpath: (//a[@class='talk-to-advisor-link outlined-button-hover product-benefits-cards-data-layer'])[1]
Trying to find Element By : By.xpath: (//a[@class='talk-to-advisor-link outlined-button-hover product-benefits-cards-data-layer'])[1]
Found Element By : By.xpath: (//a[@class='talk-to-advisor-link outlined-button-hover product-benefits-cards-data-layer'])[1]
Trying to click on: [[ChromeDriver: chrome on WINDOWS (bed9d8a9a989c71ec550f50c45f24fe4)] -> xpath: (//a[@class='talk-to-advisor-link outlined-button-hover product-benefits-cards-data-layer'])[1]]
Clicked on: [[ChromeDriver: chrome on WINDOWS (bed9d8a9a989c71ec550f50c45f24fe4)] -> xpath: (//a[@class='talk-to-advisor-link outlined-button-hover product-benefits-cards-data-layer'])[1]]
Trying to find Element By : By.xpath: //input[@class='first-name']
Found Element By : By.xpath: //input[@class='first-name']
Trying to find Element By : By.xpath: //input[@class='modilewidth']
Found Element By : By.xpath: //input[@class='modilewidth']
Trying to find Element By : By.id: insurance_category
Found Element By : By.id: insurance_category
Trying to find Element By : By.id: insurance_category
Found Element By : By.id: insurance_category
Trying to find Element By : By.id: insurance_category
Found Element By : By.id: insurance_category
Trying to find Element By : By.xpath: .//option[@value = "Health Plans"]
Found Element By : By.xpath: .//option[@value = "Health Plans"]
Trying to click on: [[[[ChromeDriver: chrome on WINDOWS (bed9d8a9a989c71ec550f50c45f24fe4)] -> id: insurance_category]] -> xpath: .//option[@value = "Health Plans"]]
Clicked on: [[[[ChromeDriver: chrome on WINDOWS (bed9d8a9a989c71ec550f50c45f24fe4)] -> id: insurance_category]] -> xpath: .//option[@value = "Health Plans"]]
Trying to find Element By : By.xpath: //span[@class='close-icon1']
Found Element By : By.xpath: //span[@class='close-icon1']
Trying to find Element By : By.xpath: //span[@class='close-icon1']
Found Element By : By.xpath: //span[@class='close-icon1']
Trying to click on: [[ChromeDriver: chrome on WINDOWS (bed9d8a9a989c71ec550f50c45f24fe4)] -> xpath: //span[@class='close-icon1']]
Clicked on: [[ChromeDriver: chrome on WINDOWS (bed9d8a9a989c71ec550f50c45f24fe4)] -> xpath: //span[@class='close-icon1']]
]]></system-out>
  </testcase>
  <testcase name="verifyEligibilityCriteria" classname="SeleniumTesting.AEMhdfc.ProductpageTest" time="9.586">
    <system-out><![CDATA[Trying to find Element By : By.id: view-eligibility-table
Found Element By : By.id: view-eligibility-table
Trying to find Element By : By.id: view-eligibility-table
Found Element By : By.id: view-eligibility-table
Trying to click on: [[ChromeDriver: chrome on WINDOWS (bed9d8a9a989c71ec550f50c45f24fe4)] -> id: view-eligibility-table]
Clicked on: [[ChromeDriver: chrome on WINDOWS (bed9d8a9a989c71ec550f50c45f24fe4)] -> id: view-eligibility-table]
Trying to find Element By : By.className: close-table
Found Element By : By.className: close-table
Trying to find Element By : By.className: close-table
Found Element By : By.className: close-table
Trying to find Element By : By.className: close-table
Found Element By : By.className: close-table
Trying to click on: [[ChromeDriver: chrome on WINDOWS (bed9d8a9a989c71ec550f50c45f24fe4)] -> class name: close-table]
Clicked on: [[ChromeDriver: chrome on WINDOWS (bed9d8a9a989c71ec550f50c45f24fe4)] -> class name: close-table]
Trying to find Element By : By.id: view-eligibility-table
Found Element By : By.id: view-eligibility-table
]]></system-out>
  </testcase>
  <testcase name="verifyVideoOnCategoryPage" classname="SeleniumTesting.AEMhdfc.ProductpageTest" time="3.012"/>
  <testcase name="verifyRidersSection" classname="SeleniumTesting.AEMhdfc.ProductpageTest" time="58.274">
    <system-out><![CDATA[Trying to find Element By : By.xpath: (//a[@class='viewMoreBtn'])[3]
Found Element By : By.xpath: (//a[@class='viewMoreBtn'])[3]
Trying to find Element By : By.xpath: (//a[@class='viewMoreBtn'])[3]
Found Element By : By.xpath: (//a[@class='viewMoreBtn'])[3]
Trying to click on: [[ChromeDriver: chrome on WINDOWS (bed9d8a9a989c71ec550f50c45f24fe4)] -> xpath: (//a[@class='viewMoreBtn'])[3]]
Clicked on: [[ChromeDriver: chrome on WINDOWS (bed9d8a9a989c71ec550f50c45f24fe4)] -> xpath: (//a[@class='viewMoreBtn'])[3]]
Trying to find Element By : By.xpath: (//ul[@class='insuranceBenList'])[1]
Found Element By : By.xpath: (//ul[@class='insuranceBenList'])[1]
Trying to find Element By : By.tagName: a
Found Element By : By.tagName: a
Trying to find Element By : By.xpath: (//ul[@class='insuranceBenList'])[2]
Found Element By : By.xpath: (//ul[@class='insuranceBenList'])[2]
Trying to find Element By : By.tagName: a
Found Element By : By.tagName: a
]]></system-out>
  </testcase>
  <testcase name="verifyScheduleACallOnProductPage" classname="SeleniumTesting.AEMhdfc.ProductpageTest" time="17.339">
    <system-out><![CDATA[Trying to find Element By : By.xpath: //button[@class='btn btn-primary btnred schedule-btn scb-data-layer']
Found Element By : By.xpath: //button[@class='btn btn-primary btnred schedule-btn scb-data-layer']
Trying to click on: [[ChromeDriver: chrome on WINDOWS (bed9d8a9a989c71ec550f50c45f24fe4)] -> xpath: //button[@class='btn btn-primary btnred schedule-btn scb-data-layer']]
Clicked on: [[ChromeDriver: chrome on WINDOWS (bed9d8a9a989c71ec550f50c45f24fe4)] -> xpath: //button[@class='btn btn-primary btnred schedule-btn scb-data-layer']]
Trying to find Element By : By.xpath: //div[@id='myModal']//input[@placeholder='Name']
Found Element By : By.xpath: //div[@id='myModal']//input[@placeholder='Name']
Trying to find Element By : By.xpath: //div[@id='myModal']//input[@placeholder='Mobile Number']
Found Element By : By.xpath: //div[@id='myModal']//input[@placeholder='Mobile Number']
Trying to find Element By : By.xpath: (//select[@id='insurance_category'])[5]
Found Element By : By.xpath: (//select[@id='insurance_category'])[5]
Trying to find Element By : By.xpath: (//select[@id='insurance_category'])[5]
Found Element By : By.xpath: (//select[@id='insurance_category'])[5]
Trying to find Element By : By.xpath: (//select[@id='insurance_category'])[5]
Found Element By : By.xpath: (//select[@id='insurance_category'])[5]
Trying to find Element By : By.xpath: .//option[@value = "Investment Plans"]
Found Element By : By.xpath: .//option[@value = "Investment Plans"]
Trying to click on: [[[[ChromeDriver: chrome on WINDOWS (bed9d8a9a989c71ec550f50c45f24fe4)] -> xpath: (//select[@id='insurance_category'])[5]]] -> xpath: .//option[@value = "Investment Plans"]]
Clicked on: [[[[ChromeDriver: chrome on WINDOWS (bed9d8a9a989c71ec550f50c45f24fe4)] -> xpath: (//select[@id='insurance_category'])[5]]] -> xpath: .//option[@value = "Investment Plans"]]
Trying to find Element By : By.xpath: (//span[@class='close-icon1'])[5]
Found Element By : By.xpath: (//span[@class='close-icon1'])[5]
Trying to find Element By : By.xpath: (//span[@class='close-icon1'])[5]
Found Element By : By.xpath: (//span[@class='close-icon1'])[5]
Trying to click on: [[ChromeDriver: chrome on WINDOWS (bed9d8a9a989c71ec550f50c45f24fe4)] -> xpath: (//span[@class='close-icon1'])[5]]
Clicked on: [[ChromeDriver: chrome on WINDOWS (bed9d8a9a989c71ec550f50c45f24fe4)] -> xpath: (//span[@class='close-icon1'])[5]]
Trying to find Element By : By.xpath: //button[@class='btn btn-primary btnred schedule-btn scb-data-layer']
Found Element By : By.xpath: //button[@class='btn btn-primary btnred schedule-btn scb-data-layer']
Trying to click on: [[ChromeDriver: chrome on WINDOWS (bed9d8a9a989c71ec550f50c45f24fe4)] -> xpath: //button[@class='btn btn-primary btnred schedule-btn scb-data-layer']]
Clicked on: [[ChromeDriver: chrome on WINDOWS (bed9d8a9a989c71ec550f50c45f24fe4)] -> xpath: //button[@class='btn btn-primary btnred schedule-btn scb-data-layer']]
Trying to find Element By : By.xpath: //div[@id='myModal']//input[@placeholder='Name']
Found Element By : By.xpath: //div[@id='myModal']//input[@placeholder='Name']
Trying to find Element By : By.xpath: //div[@id='myModal']//input[@placeholder='Mobile Number']
Found Element By : By.xpath: //div[@id='myModal']//input[@placeholder='Mobile Number']
Trying to find Element By : By.xpath: //span[contains(text(),'Field should contain minimum 3 and max 50 characters')]
Found Element By : By.xpath: //span[contains(text(),'Field should contain minimum 3 and max 50 characters')]
Trying to find Element By : By.xpath: //span[contains(text(),'Field should contain minimum 3 and max 50 characters')]
Found Element By : By.xpath: //span[contains(text(),'Field should contain minimum 3 and max 50 characters')]
Trying to find Element By : By.xpath: //span[contains(text(),'Field should contain minimum 3 and max 50 characters')]
Found Element By : By.xpath: //span[contains(text(),'Field should contain minimum 3 and max 50 characters')]
Trying to find Element By : By.xpath: //span[contains(text(),'Please enter valid mobile number')]
Found Element By : By.xpath: //span[contains(text(),'Please enter valid mobile number')]
Trying to find Element By : By.xpath: (//span[@class='close-icon1'])[5]
Found Element By : By.xpath: (//span[@class='close-icon1'])[5]
Trying to find Element By : By.xpath: (//span[@class='close-icon1'])[5]
Found Element By : By.xpath: (//span[@class='close-icon1'])[5]
Trying to click on: [[ChromeDriver: chrome on WINDOWS (bed9d8a9a989c71ec550f50c45f24fe4)] -> xpath: (//span[@class='close-icon1'])[5]]
Clicked on: [[ChromeDriver: chrome on WINDOWS (bed9d8a9a989c71ec550f50c45f24fe4)] -> xpath: (//span[@class='close-icon1'])[5]]
]]></system-out>
  </testcase>
  <testcase name="verifyFAQSection" classname="SeleniumTesting.AEMhdfc.ProductpageTest" time="12.871">
    <system-out><![CDATA[Trying to find Element By : By.xpath: //h2[@class='tabAccordMenu opened']
Found Element By : By.xpath: //h2[@class='tabAccordMenu opened']
Trying to find Element By : By.xpath: //h2[@class='tabAccordMenu opened']
Found Element By : By.xpath: //h2[@class='tabAccordMenu opened']
Trying to click on: [[ChromeDriver: chrome on WINDOWS (bed9d8a9a989c71ec550f50c45f24fe4)] -> xpath: //h2[@class='tabAccordMenu opened']]
Clicked on: [[ChromeDriver: chrome on WINDOWS (bed9d8a9a989c71ec550f50c45f24fe4)] -> xpath: //h2[@class='tabAccordMenu opened']]
Trying to find Element By : By.xpath: (//h2[@class='tabAccordMenu'])[2]
Found Element By : By.xpath: (//h2[@class='tabAccordMenu'])[2]
Trying to find Element By : By.xpath: (//h2[@class='tabAccordMenu'])[2]
Found Element By : By.xpath: (//h2[@class='tabAccordMenu'])[2]
Trying to click on: [[ChromeDriver: chrome on WINDOWS (bed9d8a9a989c71ec550f50c45f24fe4)] -> xpath: (//h2[@class='tabAccordMenu'])[2]]
Clicked on: [[ChromeDriver: chrome on WINDOWS (bed9d8a9a989c71ec550f50c45f24fe4)] -> xpath: (//h2[@class='tabAccordMenu'])[2]]
Trying to find Element By : By.xpath: //h2[@class='tabAccordMenu opened']
Found Element By : By.xpath: //h2[@class='tabAccordMenu opened']
Trying to find Element By : By.xpath: //h2[@class='tabAccordMenu opened']
Found Element By : By.xpath: //h2[@class='tabAccordMenu opened']
Trying to click on: [[ChromeDriver: chrome on WINDOWS (bed9d8a9a989c71ec550f50c45f24fe4)] -> xpath: //h2[@class='tabAccordMenu opened']]
Clicked on: [[ChromeDriver: chrome on WINDOWS (bed9d8a9a989c71ec550f50c45f24fe4)] -> xpath: //h2[@class='tabAccordMenu opened']]
Trying to find Element By : By.xpath: (//a[@class='viewMoreBtn'])[4]
Found Element By : By.xpath: (//a[@class='viewMoreBtn'])[4]
]]></system-out>
  </testcase>
  <testcase name="verifyDisclaimerOnProductPage" classname="SeleniumTesting.AEMhdfc.ProductpageTest" time="9.17">
    <system-out><![CDATA[Trying to find Element By : By.xpath: //a[@data-toggle='collapse']
Found Element By : By.xpath: //a[@data-toggle='collapse']
Trying to find Element By : By.xpath: //a[@data-toggle='collapse']
Found Element By : By.xpath: //a[@data-toggle='collapse']
Trying to click on: [[ChromeDriver: chrome on WINDOWS (bed9d8a9a989c71ec550f50c45f24fe4)] -> xpath: //a[@data-toggle='collapse']]
Clicked on: [[ChromeDriver: chrome on WINDOWS (bed9d8a9a989c71ec550f50c45f24fe4)] -> xpath: //a[@data-toggle='collapse']]
]]></system-out>
  </testcase>
  <testcase name="navigateToCustomerServiceLandingPage" classname="SeleniumTesting.AEMhdfc.CustomerservicelandingTest" time="5.458">
    <system-out><![CDATA[Before navigating to: 'https://www.hdfclife.com/'
Navigated to:'https://www.hdfclife.com/'
Trying to find Element By : By.xpath: //a[contains(text(),'Customer Service')]
Found Element By : By.xpath: //a[contains(text(),'Customer Service')]
Trying to find Element By : By.xpath: //a[contains(text(),'Customer Service')]
Found Element By : By.xpath: //a[contains(text(),'Customer Service')]
Trying to click on: [[ChromeDriver: chrome on WINDOWS (c5d8f94cb54a91f3560c42c78b369a76)] -> xpath: //a[contains(text(),'Customer Service')]]
Clicked on: [[ChromeDriver: chrome on WINDOWS (c5d8f94cb54a91f3560c42c78b369a76)] -> xpath: //a[contains(text(),'Customer Service')]]
]]></system-out>
    <system-err><![CDATA[Dec 17, 2021 8:30:35 PM org.openqa.selenium.remote.DesiredCapabilities chrome
INFO: Using `new ChromeOptions()` is preferred to `DesiredCapabilities.chrome()`
Starting ChromeDriver 96.0.4664.45 (76e4c1bb2ab4671b8beba3444e61c0f17584b2fc-refs/branch-heads/4664@{#947}) on port 8903
Only local connections are allowed.
Please see https://chromedriver.chromium.org/security-considerations for suggestions on keeping ChromeDriver safe.
ChromeDriver was started successfully.
[1639753236.326][WARNING]: Deprecated chrome option is ignored: useAutomationExtension
[1639753236.327][WARNING]: Deprecated chrome option is ignored: useAutomationExtension
Dec 17, 2021 8:30:37 PM org.openqa.selenium.remote.ProtocolHandshake createSession
INFO: Detected dialect: W3C
]]></system-err>
  </testcase>
  <testcase name="verifyCustomerServiceLandingPopup" classname="SeleniumTesting.AEMhdfc.CustomerservicelandingTest" time="12.618">
    <system-out><![CDATA[Trying to find Element By : By.xpath: //img[@class='closeAll regulatorypopupAImg']
Found Element By : By.xpath: //img[@class='closeAll regulatorypopupAImg']
Trying to find Element By : By.xpath: //a[@class='download-a']
Found Element By : By.xpath: //a[@class='download-a']
Trying to find Element By : By.xpath: //a[@class='download-a']
Found Element By : By.xpath: //a[@class='download-a']
Trying to click on: [[ChromeDriver: chrome on WINDOWS (c5d8f94cb54a91f3560c42c78b369a76)] -> xpath: //a[@class='download-a']]
Clicked on: [[ChromeDriver: chrome on WINDOWS (c5d8f94cb54a91f3560c42c78b369a76)] -> xpath: //a[@class='download-a']]
Trying to find Element By : By.xpath: //img[@class='at-element-click-tracking']
Found Element By : By.xpath: //img[@class='at-element-click-tracking']
Trying to find Element By : By.xpath: //img[@class='at-element-click-tracking']
Found Element By : By.xpath: //img[@class='at-element-click-tracking']
Trying to click on: [[ChromeDriver: chrome on WINDOWS (c5d8f94cb54a91f3560c42c78b369a76)] -> xpath: //img[@class='at-element-click-tracking']]
Clicked on: [[ChromeDriver: chrome on WINDOWS (c5d8f94cb54a91f3560c42c78b369a76)] -> xpath: //img[@class='at-element-click-tracking']]
]]></system-out>
  </testcase>
  <testcase name="verifyBannerCarousel" classname="SeleniumTesting.AEMhdfc.CustomerservicelandingTest" time="36.364">
    <system-out><![CDATA[Trying to find Element By : By.xpath: //li[@data-slide-to='0']
Found Element By : By.xpath: //li[@data-slide-to='0']
Trying to find Element By : By.xpath: //li[@data-slide-to='0']
Found Element By : By.xpath: //li[@data-slide-to='0']
Trying to click on: [[ChromeDriver: chrome on WINDOWS (c5d8f94cb54a91f3560c42c78b369a76)] -> xpath: //li[@data-slide-to='0']]
Clicked on: [[ChromeDriver: chrome on WINDOWS (c5d8f94cb54a91f3560c42c78b369a76)] -> xpath: //li[@data-slide-to='0']]
Trying to find Element By : By.xpath: //li[@data-slide-to='1']
Found Element By : By.xpath: //li[@data-slide-to='1']
Trying to find Element By : By.xpath: //li[@data-slide-to='1']
Found Element By : By.xpath: //li[@data-slide-to='1']
Trying to click on: [[ChromeDriver: chrome on WINDOWS (c5d8f94cb54a91f3560c42c78b369a76)] -> xpath: //li[@data-slide-to='1']]
Clicked on: [[ChromeDriver: chrome on WINDOWS (c5d8f94cb54a91f3560c42c78b369a76)] -> xpath: //li[@data-slide-to='1']]
Trying to find Element By : By.xpath: (//a[contains(text(),'Website')])[1]
Found Element By : By.xpath: (//a[contains(text(),'Website')])[1]
Trying to find Element By : By.xpath: (//a[contains(text(),'Website')])[1]
Found Element By : By.xpath: (//a[contains(text(),'Website')])[1]
Trying to click on: [[ChromeDriver: chrome on WINDOWS (c5d8f94cb54a91f3560c42c78b369a76)] -> xpath: (//a[contains(text(),'Website')])[1]]
Clicked on: [[ChromeDriver: chrome on WINDOWS (c5d8f94cb54a91f3560c42c78b369a76)] -> xpath: (//a[contains(text(),'Website')])[1]]
Trying to find Element By : By.xpath: (//a[contains(text(),'Mobile')])[1]
Found Element By : By.xpath: (//a[contains(text(),'Mobile')])[1]
Trying to find Element By : By.xpath: (//a[contains(text(),'Mobile')])[1]
Found Element By : By.xpath: (//a[contains(text(),'Mobile')])[1]
Trying to click on: [[ChromeDriver: chrome on WINDOWS (c5d8f94cb54a91f3560c42c78b369a76)] -> xpath: (//a[contains(text(),'Mobile')])[1]]
Clicked on: [[ChromeDriver: chrome on WINDOWS (c5d8f94cb54a91f3560c42c78b369a76)] -> xpath: (//a[contains(text(),'Mobile')])[1]]
Trying to find Element By : By.xpath: //li[@data-slide-to='2']
Found Element By : By.xpath: //li[@data-slide-to='2']
Trying to find Element By : By.xpath: //li[@data-slide-to='2']
Found Element By : By.xpath: //li[@data-slide-to='2']
Trying to click on: [[ChromeDriver: chrome on WINDOWS (c5d8f94cb54a91f3560c42c78b369a76)] -> xpath: //li[@data-slide-to='2']]
Clicked on: [[ChromeDriver: chrome on WINDOWS (c5d8f94cb54a91f3560c42c78b369a76)] -> xpath: //li[@data-slide-to='2']]
Trying to find Element By : By.xpath: (//a[contains(text(),'Click here')])[3]
Found Element By : By.xpath: (//a[contains(text(),'Click here')])[3]
Trying to find Element By : By.xpath: (//a[contains(text(),'Click here')])[3]
Found Element By : By.xpath: (//a[contains(text(),'Click here')])[3]
Trying to click on: [[ChromeDriver: chrome on WINDOWS (c5d8f94cb54a91f3560c42c78b369a76)] -> xpath: (//a[contains(text(),'Click here')])[3]]
Clicked on: [[ChromeDriver: chrome on WINDOWS (c5d8f94cb54a91f3560c42c78b369a76)] -> xpath: (//a[contains(text(),'Click here')])[3]]
Trying to find Element By : By.xpath: //li[@data-slide-to='3']
Found Element By : By.xpath: //li[@data-slide-to='3']
Trying to find Element By : By.xpath: //li[@data-slide-to='3']
Found Element By : By.xpath: //li[@data-slide-to='3']
Trying to click on: [[ChromeDriver: chrome on WINDOWS (c5d8f94cb54a91f3560c42c78b369a76)] -> xpath: //li[@data-slide-to='3']]
Clicked on: [[ChromeDriver: chrome on WINDOWS (c5d8f94cb54a91f3560c42c78b369a76)] -> xpath: //li[@data-slide-to='3']]
Trying to find Element By : By.xpath: (//a[contains(text(),'Click here')])[4]
Found Element By : By.xpath: (//a[contains(text(),'Click here')])[4]
Trying to find Element By : By.xpath: (//a[contains(text(),'Click here')])[4]
Found Element By : By.xpath: (//a[contains(text(),'Click here')])[4]
Trying to click on: [[ChromeDriver: chrome on WINDOWS (c5d8f94cb54a91f3560c42c78b369a76)] -> xpath: (//a[contains(text(),'Click here')])[4]]
Clicked on: [[ChromeDriver: chrome on WINDOWS (c5d8f94cb54a91f3560c42c78b369a76)] -> xpath: (//a[contains(text(),'Click here')])[4]]
Trying to find Element By : By.xpath: //li[@data-slide-to='4']
Found Element By : By.xpath: //li[@data-slide-to='4']
Trying to find Element By : By.xpath: //li[@data-slide-to='4']
Found Element By : By.xpath: //li[@data-slide-to='4']
Trying to click on: [[ChromeDriver: chrome on WINDOWS (c5d8f94cb54a91f3560c42c78b369a76)] -> xpath: //li[@data-slide-to='4']]
Clicked on: [[ChromeDriver: chrome on WINDOWS (c5d8f94cb54a91f3560c42c78b369a76)] -> xpath: //li[@data-slide-to='4']]
]]></system-out>
  </testcase>
  <testcase name="verifyBreadcrumb" classname="SeleniumTesting.AEMhdfc.CustomerservicelandingTest" time="12.604">
    <system-out><![CDATA[Trying to find Element By : By.xpath: //img[@class='homeIconImg']
Found Element By : By.xpath: //img[@class='homeIconImg']
Trying to find Element By : By.xpath: //img[@class='homeIconImg']
Found Element By : By.xpath: //img[@class='homeIconImg']
Trying to click on: [[ChromeDriver: chrome on WINDOWS (c5d8f94cb54a91f3560c42c78b369a76)] -> xpath: //img[@class='homeIconImg']]
Clicked on: [[ChromeDriver: chrome on WINDOWS (c5d8f94cb54a91f3560c42c78b369a76)] -> xpath: //img[@class='homeIconImg']]
Navigating back to previous page
Navigated back to previous page
Trying to find Element By : By.xpath: //img[@class='at-element-click-tracking']
Found Element By : By.xpath: //img[@class='at-element-click-tracking']
Trying to find Element By : By.xpath: //img[@class='at-element-click-tracking']
Found Element By : By.xpath: //img[@class='at-element-click-tracking']
Trying to click on: [[ChromeDriver: chrome on WINDOWS (c5d8f94cb54a91f3560c42c78b369a76)] -> xpath: //img[@class='at-element-click-tracking']]
Clicked on: [[ChromeDriver: chrome on WINDOWS (c5d8f94cb54a91f3560c42c78b369a76)] -> xpath: //img[@class='at-element-click-tracking']]
]]></system-out>
  </testcase>
  <testcase name="verifyQuickLinksSection" classname="SeleniumTesting.AEMhdfc.CustomerservicelandingTest" time="182.179">
    <system-out><![CDATA[Trying to find Element By : By.xpath: (//div[@class='rt-blue-bg']//a)[1]
Found Element By : By.xpath: (//div[@class='rt-blue-bg']//a)[1]
Trying to find Element By : By.xpath: (//div[@class='rt-blue-bg']//a)[1]
Found Element By : By.xpath: (//div[@class='rt-blue-bg']//a)[1]
Trying to click on: [[ChromeDriver: chrome on WINDOWS (c5d8f94cb54a91f3560c42c78b369a76)] -> xpath: (//div[@class='rt-blue-bg']//a)[1]]
Clicked on: [[ChromeDriver: chrome on WINDOWS (c5d8f94cb54a91f3560c42c78b369a76)] -> xpath: (//div[@class='rt-blue-bg']//a)[1]]
Navigating back to previous page
Navigated back to previous page
Trying to find Element By : By.xpath: //img[@class='at-element-click-tracking']
Found Element By : By.xpath: //img[@class='at-element-click-tracking']
Trying to find Element By : By.xpath: //img[@class='at-element-click-tracking']
Found Element By : By.xpath: //img[@class='at-element-click-tracking']
Trying to find Element By : By.xpath: //img[@class='at-element-click-tracking']
Found Element By : By.xpath: //img[@class='at-element-click-tracking']
Trying to click on: [[ChromeDriver: chrome on WINDOWS (c5d8f94cb54a91f3560c42c78b369a76)] -> xpath: //img[@class='at-element-click-tracking']]
Clicked on: [[ChromeDriver: chrome on WINDOWS (c5d8f94cb54a91f3560c42c78b369a76)] -> xpath: //img[@class='at-element-click-tracking']]
Trying to find Element By : By.xpath: (//div[@class='rt-blue-bg']//a)[2]
Found Element By : By.xpath: (//div[@class='rt-blue-bg']//a)[2]
Trying to find Element By : By.xpath: (//div[@class='rt-blue-bg']//a)[2]
Found Element By : By.xpath: (//div[@class='rt-blue-bg']//a)[2]
Trying to click on: [[ChromeDriver: chrome on WINDOWS (c5d8f94cb54a91f3560c42c78b369a76)] -> xpath: (//div[@class='rt-blue-bg']//a)[2]]
Clicked on: [[ChromeDriver: chrome on WINDOWS (c5d8f94cb54a91f3560c42c78b369a76)] -> xpath: (//div[@class='rt-blue-bg']//a)[2]]
Navigating back to previous page
Navigated back to previous page
Trying to find Element By : By.xpath: //img[@class='at-element-click-tracking']
Found Element By : By.xpath: //img[@class='at-element-click-tracking']
Trying to find Element By : By.xpath: //img[@class='at-element-click-tracking']
Found Element By : By.xpath: //img[@class='at-element-click-tracking']
Trying to find Element By : By.xpath: //img[@class='at-element-click-tracking']
Found Element By : By.xpath: //img[@class='at-element-click-tracking']
Trying to click on: [[ChromeDriver: chrome on WINDOWS (c5d8f94cb54a91f3560c42c78b369a76)] -> xpath: //img[@class='at-element-click-tracking']]
Clicked on: [[ChromeDriver: chrome on WINDOWS (c5d8f94cb54a91f3560c42c78b369a76)] -> xpath: //img[@class='at-element-click-tracking']]
Trying to find Element By : By.xpath: (//div[@class='rt-blue-bg']//a)[3]
Found Element By : By.xpath: (//div[@class='rt-blue-bg']//a)[3]
Trying to find Element By : By.xpath: (//div[@class='rt-blue-bg']//a)[3]
Found Element By : By.xpath: (//div[@class='rt-blue-bg']//a)[3]
Trying to click on: [[ChromeDriver: chrome on WINDOWS (c5d8f94cb54a91f3560c42c78b369a76)] -> xpath: (//div[@class='rt-blue-bg']//a)[3]]
Clicked on: [[ChromeDriver: chrome on WINDOWS (c5d8f94cb54a91f3560c42c78b369a76)] -> xpath: (//div[@class='rt-blue-bg']//a)[3]]
Navigating back to previous page
Navigated back to previous page
Trying to find Element By : By.xpath: //img[@class='at-element-click-tracking']
Found Element By : By.xpath: //img[@class='at-element-click-tracking']
Trying to find Element By : By.xpath: //img[@class='at-element-click-tracking']
Found Element By : By.xpath: //img[@class='at-element-click-tracking']
Trying to find Element By : By.xpath: //img[@class='at-element-click-tracking']
Found Element By : By.xpath: //img[@class='at-element-click-tracking']
Trying to click on: [[ChromeDriver: chrome on WINDOWS (c5d8f94cb54a91f3560c42c78b369a76)] -> xpath: //img[@class='at-element-click-tracking']]
Clicked on: [[ChromeDriver: chrome on WINDOWS (c5d8f94cb54a91f3560c42c78b369a76)] -> xpath: //img[@class='at-element-click-tracking']]
Trying to find Element By : By.xpath: (//div[@class='rt-blue-bg']//a)[4]
Found Element By : By.xpath: (//div[@class='rt-blue-bg']//a)[4]
Trying to find Element By : By.xpath: (//div[@class='rt-blue-bg']//a)[4]
Found Element By : By.xpath: (//div[@class='rt-blue-bg']//a)[4]
Trying to click on: [[ChromeDriver: chrome on WINDOWS (c5d8f94cb54a91f3560c42c78b369a76)] -> xpath: (//div[@class='rt-blue-bg']//a)[4]]
Clicked on: [[ChromeDriver: chrome on WINDOWS (c5d8f94cb54a91f3560c42c78b369a76)] -> xpath: (//div[@class='rt-blue-bg']//a)[4]]
Navigating back to previous page
Navigated back to previous page
Trying to find Element By : By.xpath: //img[@class='at-element-click-tracking']
Found Element By : By.xpath: //img[@class='at-element-click-tracking']
Trying to find Element By : By.xpath: //img[@class='at-element-click-tracking']
Found Element By : By.xpath: //img[@class='at-element-click-tracking']
Trying to find Element By : By.xpath: //img[@class='at-element-click-tracking']
Found Element By : By.xpath: //img[@class='at-element-click-tracking']
Trying to click on: [[ChromeDriver: chrome on WINDOWS (c5d8f94cb54a91f3560c42c78b369a76)] -> xpath: //img[@class='at-element-click-tracking']]
Clicked on: [[ChromeDriver: chrome on WINDOWS (c5d8f94cb54a91f3560c42c78b369a76)] -> xpath: //img[@class='at-element-click-tracking']]
Trying to find Element By : By.xpath: (//div[@class='rt-blue-bg']//a)[5]
Found Element By : By.xpath: (//div[@class='rt-blue-bg']//a)[5]
Trying to find Element By : By.xpath: (//div[@class='rt-blue-bg']//a)[5]
Found Element By : By.xpath: (//div[@class='rt-blue-bg']//a)[5]
Trying to click on: [[ChromeDriver: chrome on WINDOWS (c5d8f94cb54a91f3560c42c78b369a76)] -> xpath: (//div[@class='rt-blue-bg']//a)[5]]
Clicked on: [[ChromeDriver: chrome on WINDOWS (c5d8f94cb54a91f3560c42c78b369a76)] -> xpath: (//div[@class='rt-blue-bg']//a)[5]]
Navigating back to previous page
Navigated back to previous page
Trying to find Element By : By.xpath: //img[@class='at-element-click-tracking']
Found Element By : By.xpath: //img[@class='at-element-click-tracking']
Trying to find Element By : By.xpath: //img[@class='at-element-click-tracking']
Found Element By : By.xpath: //img[@class='at-element-click-tracking']
Trying to find Element By : By.xpath: //img[@class='at-element-click-tracking']
Found Element By : By.xpath: //img[@class='at-element-click-tracking']
Trying to click on: [[ChromeDriver: chrome on WINDOWS (c5d8f94cb54a91f3560c42c78b369a76)] -> xpath: //img[@class='at-element-click-tracking']]
Clicked on: [[ChromeDriver: chrome on WINDOWS (c5d8f94cb54a91f3560c42c78b369a76)] -> xpath: //img[@class='at-element-click-tracking']]
Trying to find Element By : By.xpath: (//div[@class='rt-blue-bg']//a)[6]
Found Element By : By.xpath: (//div[@class='rt-blue-bg']//a)[6]
Trying to find Element By : By.xpath: (//div[@class='rt-blue-bg']//a)[6]
Found Element By : By.xpath: (//div[@class='rt-blue-bg']//a)[6]
Trying to click on: [[ChromeDriver: chrome on WINDOWS (c5d8f94cb54a91f3560c42c78b369a76)] -> xpath: (//div[@class='rt-blue-bg']//a)[6]]
Clicked on: [[ChromeDriver: chrome on WINDOWS (c5d8f94cb54a91f3560c42c78b369a76)] -> xpath: (//div[@class='rt-blue-bg']//a)[6]]
Navigating back to previous page
Navigated back to previous page
Trying to find Element By : By.xpath: //img[@class='at-element-click-tracking']
Found Element By : By.xpath: //img[@class='at-element-click-tracking']
Trying to find Element By : By.xpath: //img[@class='at-element-click-tracking']
Found Element By : By.xpath: //img[@class='at-element-click-tracking']
Trying to find Element By : By.xpath: //img[@class='at-element-click-tracking']
Found Element By : By.xpath: //img[@class='at-element-click-tracking']
Trying to click on: [[ChromeDriver: chrome on WINDOWS (c5d8f94cb54a91f3560c42c78b369a76)] -> xpath: //img[@class='at-element-click-tracking']]
Clicked on: [[ChromeDriver: chrome on WINDOWS (c5d8f94cb54a91f3560c42c78b369a76)] -> xpath: //img[@class='at-element-click-tracking']]
Trying to find Element By : By.xpath: (//div[@class='rt-blue-bg']//a)[7]
Found Element By : By.xpath: (//div[@class='rt-blue-bg']//a)[7]
Trying to find Element By : By.xpath: (//div[@class='rt-blue-bg']//a)[7]
Found Element By : By.xpath: (//div[@class='rt-blue-bg']//a)[7]
Trying to click on: [[ChromeDriver: chrome on WINDOWS (c5d8f94cb54a91f3560c42c78b369a76)] -> xpath: (//div[@class='rt-blue-bg']//a)[7]]
Clicked on: [[ChromeDriver: chrome on WINDOWS (c5d8f94cb54a91f3560c42c78b369a76)] -> xpath: (//div[@class='rt-blue-bg']//a)[7]]
Navigating back to previous page
Navigated back to previous page
Trying to find Element By : By.xpath: //img[@class='at-element-click-tracking']
Found Element By : By.xpath: //img[@class='at-element-click-tracking']
Trying to find Element By : By.xpath: //img[@class='at-element-click-tracking']
Found Element By : By.xpath: //img[@class='at-element-click-tracking']
Trying to find Element By : By.xpath: //img[@class='at-element-click-tracking']
Found Element By : By.xpath: //img[@class='at-element-click-tracking']
Trying to click on: [[ChromeDriver: chrome on WINDOWS (c5d8f94cb54a91f3560c42c78b369a76)] -> xpath: //img[@class='at-element-click-tracking']]
Clicked on: [[ChromeDriver: chrome on WINDOWS (c5d8f94cb54a91f3560c42c78b369a76)] -> xpath: //img[@class='at-element-click-tracking']]
Trying to find Element By : By.xpath: (//div[@class='rt-blue-bg']//a)[8]
Found Element By : By.xpath: (//div[@class='rt-blue-bg']//a)[8]
Trying to find Element By : By.xpath: (//div[@class='rt-blue-bg']//a)[8]
Found Element By : By.xpath: (//div[@class='rt-blue-bg']//a)[8]
Trying to click on: [[ChromeDriver: chrome on WINDOWS (c5d8f94cb54a91f3560c42c78b369a76)] -> xpath: (//div[@class='rt-blue-bg']//a)[8]]
Clicked on: [[ChromeDriver: chrome on WINDOWS (c5d8f94cb54a91f3560c42c78b369a76)] -> xpath: (//div[@class='rt-blue-bg']//a)[8]]
Navigating back to previous page
Navigated back to previous page
Trying to find Element By : By.xpath: //img[@class='at-element-click-tracking']
Found Element By : By.xpath: //img[@class='at-element-click-tracking']
Trying to find Element By : By.xpath: //img[@class='at-element-click-tracking']
Found Element By : By.xpath: //img[@class='at-element-click-tracking']
Trying to find Element By : By.xpath: //img[@class='at-element-click-tracking']
Found Element By : By.xpath: //img[@class='at-element-click-tracking']
Trying to click on: [[ChromeDriver: chrome on WINDOWS (c5d8f94cb54a91f3560c42c78b369a76)] -> xpath: //img[@class='at-element-click-tracking']]
Clicked on: [[ChromeDriver: chrome on WINDOWS (c5d8f94cb54a91f3560c42c78b369a76)] -> xpath: //img[@class='at-element-click-tracking']]
Trying to find Element By : By.xpath: (//div[@class='rt-blue-bg']//a)[9]
Found Element By : By.xpath: (//div[@class='rt-blue-bg']//a)[9]
Trying to find Element By : By.xpath: (//div[@class='rt-blue-bg']//a)[9]
Found Element By : By.xpath: (//div[@class='rt-blue-bg']//a)[9]
Trying to click on: [[ChromeDriver: chrome on WINDOWS (c5d8f94cb54a91f3560c42c78b369a76)] -> xpath: (//div[@class='rt-blue-bg']//a)[9]]
Clicked on: [[ChromeDriver: chrome on WINDOWS (c5d8f94cb54a91f3560c42c78b369a76)] -> xpath: (//div[@class='rt-blue-bg']//a)[9]]
Navigating back to previous page
Navigated back to previous page
Trying to find Element By : By.xpath: //img[@class='at-element-click-tracking']
Found Element By : By.xpath: //img[@class='at-element-click-tracking']
Trying to find Element By : By.xpath: //img[@class='at-element-click-tracking']
Found Element By : By.xpath: //img[@class='at-element-click-tracking']
Trying to find Element By : By.xpath: //img[@class='at-element-click-tracking']
Found Element By : By.xpath: //img[@class='at-element-click-tracking']
Trying to click on: [[ChromeDriver: chrome on WINDOWS (c5d8f94cb54a91f3560c42c78b369a76)] -> xpath: //img[@class='at-element-click-tracking']]
Clicked on: [[ChromeDriver: chrome on WINDOWS (c5d8f94cb54a91f3560c42c78b369a76)] -> xpath: //img[@class='at-element-click-tracking']]
Trying to find Element By : By.xpath: (//div[@class='rt-blue-bg']//a)[10]
Found Element By : By.xpath: (//div[@class='rt-blue-bg']//a)[10]
Trying to find Element By : By.xpath: (//div[@class='rt-blue-bg']//a)[10]
Found Element By : By.xpath: (//div[@class='rt-blue-bg']//a)[10]
Trying to click on: [[ChromeDriver: chrome on WINDOWS (c5d8f94cb54a91f3560c42c78b369a76)] -> xpath: (//div[@class='rt-blue-bg']//a)[10]]
Clicked on: [[ChromeDriver: chrome on WINDOWS (c5d8f94cb54a91f3560c42c78b369a76)] -> xpath: (//div[@class='rt-blue-bg']//a)[10]]
Navigating back to previous page
Navigated back to previous page
Trying to find Element By : By.xpath: //img[@class='at-element-click-tracking']
Found Element By : By.xpath: //img[@class='at-element-click-tracking']
Trying to find Element By : By.xpath: //img[@class='at-element-click-tracking']
Found Element By : By.xpath: //img[@class='at-element-click-tracking']
Trying to find Element By : By.xpath: //img[@class='at-element-click-tracking']
Found Element By : By.xpath: //img[@class='at-element-click-tracking']
Trying to click on: [[ChromeDriver: chrome on WINDOWS (c5d8f94cb54a91f3560c42c78b369a76)] -> xpath: //img[@class='at-element-click-tracking']]
Clicked on: [[ChromeDriver: chrome on WINDOWS (c5d8f94cb54a91f3560c42c78b369a76)] -> xpath: //img[@class='at-element-click-tracking']]
]]></system-out>
  </testcase>
  <testcase name="verifyFAQSection" classname="SeleniumTesting.AEMhdfc.CustomerservicelandingTest" time="7.472">
    <system-out><![CDATA[Trying to find Element By : By.xpath: //a[@data-modaltarget='service-when']
Found Element By : By.xpath: //a[@data-modaltarget='service-when']
Trying to find Element By : By.xpath: //a[@data-modaltarget='service-when']
Found Element By : By.xpath: //a[@data-modaltarget='service-when']
Trying to click on: [[ChromeDriver: chrome on WINDOWS (c5d8f94cb54a91f3560c42c78b369a76)] -> xpath: //a[@data-modaltarget='service-when']]
Clicked on: [[ChromeDriver: chrome on WINDOWS (c5d8f94cb54a91f3560c42c78b369a76)] -> xpath: //a[@data-modaltarget='service-when']]
Trying to find Element By : By.xpath: //div[@id='service-when']//a[@class='modalCloseBtn']
Found Element By : By.xpath: //div[@id='service-when']//a[@class='modalCloseBtn']
Trying to find Element By : By.xpath: //div[@id='service-when']//a[@class='modalCloseBtn']
Found Element By : By.xpath: //div[@id='service-when']//a[@class='modalCloseBtn']
Trying to click on: [[ChromeDriver: chrome on WINDOWS (c5d8f94cb54a91f3560c42c78b369a76)] -> xpath: //div[@id='service-when']//a[@class='modalCloseBtn']]
Clicked on: [[ChromeDriver: chrome on WINDOWS (c5d8f94cb54a91f3560c42c78b369a76)] -> xpath: //div[@id='service-when']//a[@class='modalCloseBtn']]
]]></system-out>
  </testcase>
  <testcase name="verifyTiles" classname="SeleniumTesting.AEMhdfc.CustomerservicelandingTest" time="218.988">
    <system-out><![CDATA[Trying to find Element By : By.cssSelector: a[class='btn btnwhite btn-white-data-layer']
Found Element By : By.cssSelector: a[class='btn btnwhite btn-white-data-layer']
Trying to click on: [[ChromeDriver: chrome on WINDOWS (c5d8f94cb54a91f3560c42c78b369a76)] -> css selector: a[class='btn btnwhite btn-white-data-layer']]
Clicked on: [[ChromeDriver: chrome on WINDOWS (c5d8f94cb54a91f3560c42c78b369a76)] -> css selector: a[class='btn btnwhite btn-white-data-layer']]
Navigating back to previous page
Navigated back to previous page
Trying to find Element By : By.xpath: //img[@class='at-element-click-tracking']
Found Element By : By.xpath: //img[@class='at-element-click-tracking']
Trying to find Element By : By.xpath: //img[@class='at-element-click-tracking']
Found Element By : By.xpath: //img[@class='at-element-click-tracking']
Trying to find Element By : By.xpath: //img[@class='at-element-click-tracking']
Found Element By : By.xpath: //img[@class='at-element-click-tracking']
Trying to click on: [[ChromeDriver: chrome on WINDOWS (c5d8f94cb54a91f3560c42c78b369a76)] -> xpath: //img[@class='at-element-click-tracking']]
Clicked on: [[ChromeDriver: chrome on WINDOWS (c5d8f94cb54a91f3560c42c78b369a76)] -> xpath: //img[@class='at-element-click-tracking']]
Trying to find Element By : By.cssSelector: a[class='btn btnwhite btn-white-data-layer']
Found Element By : By.cssSelector: a[class='btn btnwhite btn-white-data-layer']
Trying to click on: [[ChromeDriver: chrome on WINDOWS (c5d8f94cb54a91f3560c42c78b369a76)] -> css selector: a[class='btn btnwhite btn-white-data-layer']]
Clicked on: [[ChromeDriver: chrome on WINDOWS (c5d8f94cb54a91f3560c42c78b369a76)] -> css selector: a[class='btn btnwhite btn-white-data-layer']]
Navigating back to previous page
Navigated back to previous page
Trying to find Element By : By.xpath: //img[@class='at-element-click-tracking']
Found Element By : By.xpath: //img[@class='at-element-click-tracking']
Trying to find Element By : By.xpath: //img[@class='at-element-click-tracking']
Found Element By : By.xpath: //img[@class='at-element-click-tracking']
Trying to find Element By : By.xpath: //img[@class='at-element-click-tracking']
Found Element By : By.xpath: //img[@class='at-element-click-tracking']
Trying to click on: [[ChromeDriver: chrome on WINDOWS (c5d8f94cb54a91f3560c42c78b369a76)] -> xpath: //img[@class='at-element-click-tracking']]
Clicked on: [[ChromeDriver: chrome on WINDOWS (c5d8f94cb54a91f3560c42c78b369a76)] -> xpath: //img[@class='at-element-click-tracking']]
Trying to find Element By : By.cssSelector: a[class='btn btnwhite btn-white-data-layer']
Found Element By : By.cssSelector: a[class='btn btnwhite btn-white-data-layer']
Trying to click on: [[ChromeDriver: chrome on WINDOWS (c5d8f94cb54a91f3560c42c78b369a76)] -> css selector: a[class='btn btnwhite btn-white-data-layer']]
Clicked on: [[ChromeDriver: chrome on WINDOWS (c5d8f94cb54a91f3560c42c78b369a76)] -> css selector: a[class='btn btnwhite btn-white-data-layer']]
Navigating back to previous page
Navigated back to previous page
Trying to find Element By : By.xpath: //img[@class='at-element-click-tracking']
Found Element By : By.xpath: //img[@class='at-element-click-tracking']
Trying to find Element By : By.xpath: //img[@class='at-element-click-tracking']
Found Element By : By.xpath: //img[@class='at-element-click-tracking']
Trying to find Element By : By.xpath: //img[@class='at-element-click-tracking']
Found Element By : By.xpath: //img[@class='at-element-click-tracking']
Trying to click on: [[ChromeDriver: chrome on WINDOWS (c5d8f94cb54a91f3560c42c78b369a76)] -> xpath: //img[@class='at-element-click-tracking']]
Clicked on: [[ChromeDriver: chrome on WINDOWS (c5d8f94cb54a91f3560c42c78b369a76)] -> xpath: //img[@class='at-element-click-tracking']]
Trying to find Element By : By.cssSelector: button[class='info-blue-button info-blue-button-data-layer']
Found Element By : By.cssSelector: button[class='info-blue-button info-blue-button-data-layer']
Trying to click on: [[ChromeDriver: chrome on WINDOWS (c5d8f94cb54a91f3560c42c78b369a76)] -> css selector: button[class='info-blue-button info-blue-button-data-layer']]
Clicked on: [[ChromeDriver: chrome on WINDOWS (c5d8f94cb54a91f3560c42c78b369a76)] -> css selector: button[class='info-blue-button info-blue-button-data-layer']]
Navigating back to previous page
Navigated back to previous page
Trying to find Element By : By.xpath: //img[@class='at-element-click-tracking']
Found Element By : By.xpath: //img[@class='at-element-click-tracking']
Trying to find Element By : By.xpath: //img[@class='at-element-click-tracking']
Found Element By : By.xpath: //img[@class='at-element-click-tracking']
Trying to find Element By : By.xpath: //img[@class='at-element-click-tracking']
Found Element By : By.xpath: //img[@class='at-element-click-tracking']
Trying to click on: [[ChromeDriver: chrome on WINDOWS (c5d8f94cb54a91f3560c42c78b369a76)] -> xpath: //img[@class='at-element-click-tracking']]
Clicked on: [[ChromeDriver: chrome on WINDOWS (c5d8f94cb54a91f3560c42c78b369a76)] -> xpath: //img[@class='at-element-click-tracking']]
Trying to find Element By : By.cssSelector: a[class='btn btnwhite btn-white-data-layer']
Found Element By : By.cssSelector: a[class='btn btnwhite btn-white-data-layer']
Trying to click on: [[ChromeDriver: chrome on WINDOWS (c5d8f94cb54a91f3560c42c78b369a76)] -> css selector: a[class='btn btnwhite btn-white-data-layer']]
Clicked on: [[ChromeDriver: chrome on WINDOWS (c5d8f94cb54a91f3560c42c78b369a76)] -> css selector: a[class='btn btnwhite btn-white-data-layer']]
Navigating back to previous page
Navigated back to previous page
Trying to find Element By : By.xpath: //img[@class='at-element-click-tracking']
Found Element By : By.xpath: //img[@class='at-element-click-tracking']
Trying to find Element By : By.xpath: //img[@class='at-element-click-tracking']
Found Element By : By.xpath: //img[@class='at-element-click-tracking']
Trying to find Element By : By.xpath: //img[@class='at-element-click-tracking']
Found Element By : By.xpath: //img[@class='at-element-click-tracking']
Trying to click on: [[ChromeDriver: chrome on WINDOWS (c5d8f94cb54a91f3560c42c78b369a76)] -> xpath: //img[@class='at-element-click-tracking']]
Clicked on: [[ChromeDriver: chrome on WINDOWS (c5d8f94cb54a91f3560c42c78b369a76)] -> xpath: //img[@class='at-element-click-tracking']]
Trying to find Element By : By.cssSelector: a[class='btn btnwhite btn-white-data-layer']
Found Element By : By.cssSelector: a[class='btn btnwhite btn-white-data-layer']
Trying to click on: [[ChromeDriver: chrome on WINDOWS (c5d8f94cb54a91f3560c42c78b369a76)] -> css selector: a[class='btn btnwhite btn-white-data-layer']]
Clicked on: [[ChromeDriver: chrome on WINDOWS (c5d8f94cb54a91f3560c42c78b369a76)] -> css selector: a[class='btn btnwhite btn-white-data-layer']]
Navigating back to previous page
Navigated back to previous page
Trying to find Element By : By.xpath: //img[@class='at-element-click-tracking']
Found Element By : By.xpath: //img[@class='at-element-click-tracking']
Trying to find Element By : By.xpath: //img[@class='at-element-click-tracking']
Found Element By : By.xpath: //img[@class='at-element-click-tracking']
Trying to find Element By : By.xpath: //img[@class='at-element-click-tracking']
Found Element By : By.xpath: //img[@class='at-element-click-tracking']
Trying to click on: [[ChromeDriver: chrome on WINDOWS (c5d8f94cb54a91f3560c42c78b369a76)] -> xpath: //img[@class='at-element-click-tracking']]
Clicked on: [[ChromeDriver: chrome on WINDOWS (c5d8f94cb54a91f3560c42c78b369a76)] -> xpath: //img[@class='at-element-click-tracking']]
Trying to find Element By : By.cssSelector: a[class='btn btnwhite btn-white-data-layer']
Found Element By : By.cssSelector: a[class='btn btnwhite btn-white-data-layer']
Trying to click on: [[ChromeDriver: chrome on WINDOWS (c5d8f94cb54a91f3560c42c78b369a76)] -> css selector: a[class='btn btnwhite btn-white-data-layer']]
Clicked on: [[ChromeDriver: chrome on WINDOWS (c5d8f94cb54a91f3560c42c78b369a76)] -> css selector: a[class='btn btnwhite btn-white-data-layer']]
Navigating back to previous page
Navigated back to previous page
Trying to find Element By : By.xpath: //img[@class='at-element-click-tracking']
Found Element By : By.xpath: //img[@class='at-element-click-tracking']
Trying to find Element By : By.xpath: //img[@class='at-element-click-tracking']
Found Element By : By.xpath: //img[@class='at-element-click-tracking']
Trying to find Element By : By.xpath: //img[@class='at-element-click-tracking']
Found Element By : By.xpath: //img[@class='at-element-click-tracking']
Trying to click on: [[ChromeDriver: chrome on WINDOWS (c5d8f94cb54a91f3560c42c78b369a76)] -> xpath: //img[@class='at-element-click-tracking']]
Clicked on: [[ChromeDriver: chrome on WINDOWS (c5d8f94cb54a91f3560c42c78b369a76)] -> xpath: //img[@class='at-element-click-tracking']]
Trying to find Element By : By.cssSelector: a[class='btn btnwhite btn-white-data-layer']
Found Element By : By.cssSelector: a[class='btn btnwhite btn-white-data-layer']
Trying to click on: [[ChromeDriver: chrome on WINDOWS (c5d8f94cb54a91f3560c42c78b369a76)] -> css selector: a[class='btn btnwhite btn-white-data-layer']]
Clicked on: [[ChromeDriver: chrome on WINDOWS (c5d8f94cb54a91f3560c42c78b369a76)] -> css selector: a[class='btn btnwhite btn-white-data-layer']]
Navigating back to previous page
Navigated back to previous page
Trying to find Element By : By.xpath: //img[@class='at-element-click-tracking']
Found Element By : By.xpath: //img[@class='at-element-click-tracking']
Trying to find Element By : By.xpath: //img[@class='at-element-click-tracking']
Found Element By : By.xpath: //img[@class='at-element-click-tracking']
Trying to find Element By : By.xpath: //img[@class='at-element-click-tracking']
Found Element By : By.xpath: //img[@class='at-element-click-tracking']
Trying to click on: [[ChromeDriver: chrome on WINDOWS (c5d8f94cb54a91f3560c42c78b369a76)] -> xpath: //img[@class='at-element-click-tracking']]
Clicked on: [[ChromeDriver: chrome on WINDOWS (c5d8f94cb54a91f3560c42c78b369a76)] -> xpath: //img[@class='at-element-click-tracking']]
Trying to find Element By : By.cssSelector: button[class='info-blue-button info-blue-button-data-layer']
Found Element By : By.cssSelector: button[class='info-blue-button info-blue-button-data-layer']
Trying to click on: [[ChromeDriver: chrome on WINDOWS (c5d8f94cb54a91f3560c42c78b369a76)] -> css selector: button[class='info-blue-button info-blue-button-data-layer']]
Clicked on: [[ChromeDriver: chrome on WINDOWS (c5d8f94cb54a91f3560c42c78b369a76)] -> css selector: button[class='info-blue-button info-blue-button-data-layer']]
Navigating back to previous page
Navigated back to previous page
Trying to find Element By : By.xpath: //img[@class='at-element-click-tracking']
Found Element By : By.xpath: //img[@class='at-element-click-tracking']
Trying to find Element By : By.xpath: //img[@class='at-element-click-tracking']
Found Element By : By.xpath: //img[@class='at-element-click-tracking']
Trying to find Element By : By.xpath: //img[@class='at-element-click-tracking']
Found Element By : By.xpath: //img[@class='at-element-click-tracking']
Trying to click on: [[ChromeDriver: chrome on WINDOWS (c5d8f94cb54a91f3560c42c78b369a76)] -> xpath: //img[@class='at-element-click-tracking']]
Clicked on: [[ChromeDriver: chrome on WINDOWS (c5d8f94cb54a91f3560c42c78b369a76)] -> xpath: //img[@class='at-element-click-tracking']]
Trying to find Element By : By.cssSelector: a[class='btn btnwhite btn-white-data-layer']
Found Element By : By.cssSelector: a[class='btn btnwhite btn-white-data-layer']
Trying to click on: [[ChromeDriver: chrome on WINDOWS (c5d8f94cb54a91f3560c42c78b369a76)] -> css selector: a[class='btn btnwhite btn-white-data-layer']]
Clicked on: [[ChromeDriver: chrome on WINDOWS (c5d8f94cb54a91f3560c42c78b369a76)] -> css selector: a[class='btn btnwhite btn-white-data-layer']]
Navigating back to previous page
Navigated back to previous page
Trying to find Element By : By.xpath: //img[@class='at-element-click-tracking']
Found Element By : By.xpath: //img[@class='at-element-click-tracking']
Trying to find Element By : By.xpath: //img[@class='at-element-click-tracking']
Found Element By : By.xpath: //img[@class='at-element-click-tracking']
Trying to find Element By : By.xpath: //img[@class='at-element-click-tracking']
Found Element By : By.xpath: //img[@class='at-element-click-tracking']
Trying to click on: [[ChromeDriver: chrome on WINDOWS (c5d8f94cb54a91f3560c42c78b369a76)] -> xpath: //img[@class='at-element-click-tracking']]
Clicked on: [[ChromeDriver: chrome on WINDOWS (c5d8f94cb54a91f3560c42c78b369a76)] -> xpath: //img[@class='at-element-click-tracking']]
Trying to find Element By : By.cssSelector: a[class='btn btnwhite btn-white-data-layer']
Found Element By : By.cssSelector: a[class='btn btnwhite btn-white-data-layer']
Trying to click on: [[ChromeDriver: chrome on WINDOWS (c5d8f94cb54a91f3560c42c78b369a76)] -> css selector: a[class='btn btnwhite btn-white-data-layer']]
Clicked on: [[ChromeDriver: chrome on WINDOWS (c5d8f94cb54a91f3560c42c78b369a76)] -> css selector: a[class='btn btnwhite btn-white-data-layer']]
Navigating back to previous page
Navigated back to previous page
Trying to find Element By : By.xpath: //img[@class='at-element-click-tracking']
Found Element By : By.xpath: //img[@class='at-element-click-tracking']
Trying to find Element By : By.xpath: //img[@class='at-element-click-tracking']
Found Element By : By.xpath: //img[@class='at-element-click-tracking']
Trying to find Element By : By.xpath: //img[@class='at-element-click-tracking']
Found Element By : By.xpath: //img[@class='at-element-click-tracking']
Trying to click on: [[ChromeDriver: chrome on WINDOWS (c5d8f94cb54a91f3560c42c78b369a76)] -> xpath: //img[@class='at-element-click-tracking']]
Clicked on: [[ChromeDriver: chrome on WINDOWS (c5d8f94cb54a91f3560c42c78b369a76)] -> xpath: //img[@class='at-element-click-tracking']]
]]></system-out>
  </testcase>
  <testcase name="verifyAadharSection" classname="SeleniumTesting.AEMhdfc.CustomerservicelandingTest" time="10.719">
    <system-out><![CDATA[Trying to find Element By : By.xpath: //button[@class='btn btn-primary btnred btn-auto toggleBtnClick']
Found Element By : By.xpath: //button[@class='btn btn-primary btnred btn-auto toggleBtnClick']
Trying to find Element By : By.xpath: //button[@class='btn btn-primary btnred btn-auto toggleBtnClick']
Found Element By : By.xpath: //button[@class='btn btn-primary btnred btn-auto toggleBtnClick']
Trying to click on: [[ChromeDriver: chrome on WINDOWS (c5d8f94cb54a91f3560c42c78b369a76)] -> xpath: //button[@class='btn btn-primary btnred btn-auto toggleBtnClick']]
Clicked on: [[ChromeDriver: chrome on WINDOWS (c5d8f94cb54a91f3560c42c78b369a76)] -> xpath: //button[@class='btn btn-primary btnred btn-auto toggleBtnClick']]
]]></system-out>
  </testcase>
  <testcase name="verifyContactUsSection" classname="SeleniumTesting.AEMhdfc.CustomerservicelandingTest" time="10.324">
    <system-out><![CDATA[Trying to find Element By : By.xpath: //a[@class='bannerAdBtn siteButton']
Found Element By : By.xpath: //a[@class='bannerAdBtn siteButton']
Trying to find Element By : By.xpath: //a[@class='bannerAdBtn siteButton']
Found Element By : By.xpath: //a[@class='bannerAdBtn siteButton']
Trying to click on: [[ChromeDriver: chrome on WINDOWS (c5d8f94cb54a91f3560c42c78b369a76)] -> xpath: //a[@class='bannerAdBtn siteButton']]
Clicked on: [[ChromeDriver: chrome on WINDOWS (c5d8f94cb54a91f3560c42c78b369a76)] -> xpath: //a[@class='bannerAdBtn siteButton']]
]]></system-out>
  </testcase>
</testsuite>