<?xml version="1.0" encoding="UTF-8"?>
<testsuite xmlns:xsi="http://www.w3.org/2001/XMLSchema-instance" xsi:noNamespaceSchemaLocation="https://maven.apache.org/surefire/maven-surefire-plugin/xsd/surefire-test-report-3.0.xsd" version="3.0" name="TestSuite" time="3,401.027" tests="138" errors="0" skipped="94" failures="33">
  <properties>
    <property name="java.specification.version" value="17"/>
    <property name="webdriver.chrome.driver" value="C:\Users\Akundar\.cache\selenium\chromedriver\win32\96.0.4664.45\chromedriver.exe"/>
    <property name="sun.cpu.isalist" value="amd64"/>
    <property name="sun.jnu.encoding" value="Cp1252"/>
    <property name="java.class.path" value="C:\Users\Akundar\eclipse-workspace\AEMhdfc\target\test-classes;C:\Users\Akundar\eclipse-workspace\AEMhdfc\target\classes;C:\Users\Akundar\.m2\repository\junit\junit\4.11\junit-4.11.jar;C:\Users\Akundar\.m2\repository\org\hamcrest\hamcrest-core\1.3\hamcrest-core-1.3.jar;C:\Users\Akundar\.m2\repository\org\seleniumhq\selenium\selenium-java\3.141.59\selenium-java-3.141.59.jar;C:\Users\Akundar\.m2\repository\org\seleniumhq\selenium\selenium-api\3.141.59\selenium-api-3.141.59.jar;C:\Users\Akundar\.m2\repository\org\seleniumhq\selenium\selenium-chrome-driver\3.141.59\selenium-chrome-driver-3.141.59.jar;C:\Users\Akundar\.m2\repository\org\seleniumhq\selenium\selenium-edge-driver\3.141.59\selenium-edge-driver-3.141.59.jar;C:\Users\Akundar\.m2\repository\org\seleniumhq\selenium\selenium-firefox-driver\3.141.59\selenium-firefox-driver-3.141.59.jar;C:\Users\Akundar\.m2\repository\org\seleniumhq\selenium\selenium-ie-driver\3.141.59\selenium-ie-driver-3.141.59.jar;C:\Users\Akundar\.m2\repository\org\seleniumhq\selenium\selenium-opera-driver\3.141.59\selenium-opera-driver-3.141.59.jar;C:\Users\Akundar\.m2\repository\org\seleniumhq\selenium\selenium-remote-driver\3.141.59\selenium-remote-driver-3.141.59.jar;C:\Users\Akundar\.m2\repository\org\seleniumhq\selenium\selenium-safari-driver\3.141.59\selenium-safari-driver-3.141.59.jar;C:\Users\Akundar\.m2\repository\org\seleniumhq\selenium\selenium-support\3.141.59\selenium-support-3.141.59.jar;C:\Users\Akundar\.m2\repository\net\bytebuddy\byte-buddy\1.8.15\byte-buddy-1.8.15.jar;C:\Users\Akundar\.m2\repository\org\apache\commons\commons-exec\1.3\commons-exec-1.3.jar;C:\Users\Akundar\.m2\repository\com\google\guava\guava\25.0-jre\guava-25.0-jre.jar;C:\Users\Akundar\.m2\repository\com\google\code\findbugs\jsr305\1.3.9\jsr305-1.3.9.jar;C:\Users\Akundar\.m2\repository\org\checkerframework\checker-compat-qual\2.0.0\checker-compat-qual-2.0.0.jar;C:\Users\Akundar\.m2\repository\com\google\errorprone\error_prone_annotations\2.1.3\error_prone_annotations-2.1.3.jar;C:\Users\Akundar\.m2\repository\com\google\j2objc\j2objc-annotations\1.1\j2objc-annotations-1.1.jar;C:\Users\Akundar\.m2\repository\org\codehaus\mojo\animal-sniffer-annotations\1.14\animal-sniffer-annotations-1.14.jar;C:\Users\Akundar\.m2\repository\com\squareup\okhttp3\okhttp\3.11.0\okhttp-3.11.0.jar;C:\Users\Akundar\.m2\repository\com\squareup\okio\okio\1.14.0\okio-1.14.0.jar;C:\Users\Akundar\.m2\repository\org\testng\testng\7.4.0\testng-7.4.0.jar;C:\Users\Akundar\.m2\repository\com\beust\jcommander\1.78\jcommander-1.78.jar;C:\Users\Akundar\.m2\repository\org\webjars\jquery\3.5.1\jquery-3.5.1.jar;C:\Users\Akundar\.m2\repository\org\apache\logging\log4j\log4j-core\2.17.0\log4j-core-2.17.0.jar;C:\Users\Akundar\.m2\repository\org\apache\logging\log4j\log4j-api\2.17.0\log4j-api-2.17.0.jar;C:\Users\Akundar\.m2\repository\com\aventstack\extentreports\5.0.9\extentreports-5.0.9.jar;C:\Users\Akundar\.m2\repository\io\reactivex\rxjava3\rxjava\3.0.4\rxjava-3.0.4.jar;C:\Users\Akundar\.m2\repository\org\reactivestreams\reactive-streams\1.0.3\reactive-streams-1.0.3.jar;C:\Users\Akundar\.m2\repository\org\freemarker\freemarker\2.3.30\freemarker-2.3.30.jar;C:\Users\Akundar\.m2\repository\com\google\code\gson\gson\2.8.6\gson-2.8.6.jar;C:\Users\Akundar\.m2\repository\commons-io\commons-io\2.11.0\commons-io-2.11.0.jar;C:\Users\Akundar\.m2\repository\org\apache\poi\poi\5.0.0\poi-5.0.0.jar;C:\Users\Akundar\.m2\repository\org\slf4j\slf4j-api\1.7.30\slf4j-api-1.7.30.jar;C:\Users\Akundar\.m2\repository\org\slf4j\jcl-over-slf4j\1.7.30\jcl-over-slf4j-1.7.30.jar;C:\Users\Akundar\.m2\repository\commons-codec\commons-codec\1.15\commons-codec-1.15.jar;C:\Users\Akundar\.m2\repository\org\apache\commons\commons-collections4\4.4\commons-collections4-4.4.jar;C:\Users\Akundar\.m2\repository\org\apache\commons\commons-math3\3.6.1\commons-math3-3.6.1.jar;C:\Users\Akundar\.m2\repository\com\zaxxer\SparseBitSet\1.2\SparseBitSet-1.2.jar;C:\Users\Akundar\.m2\repository\org\apache\poi\poi-ooxml\5.0.0\poi-ooxml-5.0.0.jar;C:\Users\Akundar\.m2\repository\org\apache\poi\poi-ooxml-lite\5.0.0\poi-ooxml-lite-5.0.0.jar;C:\Users\Akundar\.m2\repository\org\apache\commons\commons-compress\1.20\commons-compress-1.20.jar;C:\Users\Akundar\.m2\repository\com\github\virtuald\curvesapi\1.06\curvesapi-1.06.jar;C:\Users\Akundar\.m2\repository\org\bouncycastle\bcpkix-jdk15on\1.68\bcpkix-jdk15on-1.68.jar;C:\Users\Akundar\.m2\repository\org\bouncycastle\bcprov-jdk15on\1.68\bcprov-jdk15on-1.68.jar;C:\Users\Akundar\.m2\repository\org\apache\santuario\xmlsec\2.2.1\xmlsec-2.2.1.jar;C:\Users\Akundar\.m2\repository\com\fasterxml\woodstox\woodstox-core\5.2.1\woodstox-core-5.2.1.jar;C:\Users\Akundar\.m2\repository\org\codehaus\woodstox\stax2-api\4.2\stax2-api-4.2.jar;C:\Users\Akundar\.m2\repository\jakarta\xml\bind\jakarta.xml.bind-api\2.3.2\jakarta.xml.bind-api-2.3.2.jar;C:\Users\Akundar\.m2\repository\jakarta\activation\jakarta.activation-api\1.2.1\jakarta.activation-api-1.2.1.jar;C:\Users\Akundar\.m2\repository\org\apache\xmlgraphics\batik-all\1.13\batik-all-1.13.jar;C:\Users\Akundar\.m2\repository\org\apache\xmlgraphics\batik-anim\1.13\batik-anim-1.13.jar;C:\Users\Akundar\.m2\repository\org\apache\xmlgraphics\batik-shared-resources\1.13\batik-shared-resources-1.13.jar;C:\Users\Akundar\.m2\repository\xml-apis\xml-apis-ext\1.3.04\xml-apis-ext-1.3.04.jar;C:\Users\Akundar\.m2\repository\org\apache\xmlgraphics\batik-awt-util\1.13\batik-awt-util-1.13.jar;C:\Users\Akundar\.m2\repository\org\apache\xmlgraphics\xmlgraphics-commons\2.4\xmlgraphics-commons-2.4.jar;C:\Users\Akundar\.m2\repository\org\apache\xmlgraphics\batik-bridge\1.13\batik-bridge-1.13.jar;C:\Users\Akundar\.m2\repository\org\apache\xmlgraphics\batik-codec\1.13\batik-codec-1.13.jar;C:\Users\Akundar\.m2\repository\org\apache\xmlgraphics\batik-constants\1.13\batik-constants-1.13.jar;C:\Users\Akundar\.m2\repository\org\apache\xmlgraphics\batik-css\1.13\batik-css-1.13.jar;C:\Users\Akundar\.m2\repository\org\apache\xmlgraphics\batik-dom\1.13\batik-dom-1.13.jar;C:\Users\Akundar\.m2\repository\xalan\xalan\2.7.2\xalan-2.7.2.jar;C:\Users\Akundar\.m2\repository\xalan\serializer\2.7.2\serializer-2.7.2.jar;C:\Users\Akundar\.m2\repository\xml-apis\xml-apis\1.4.01\xml-apis-1.4.01.jar;C:\Users\Akundar\.m2\repository\org\apache\xmlgraphics\batik-ext\1.13\batik-ext-1.13.jar;C:\Users\Akundar\.m2\repository\org\apache\xmlgraphics\batik-extension\1.13\batik-extension-1.13.jar;C:\Users\Akundar\.m2\repository\org\apache\xmlgraphics\batik-gui-util\1.13\batik-gui-util-1.13.jar;C:\Users\Akundar\.m2\repository\org\apache\xmlgraphics\batik-gvt\1.13\batik-gvt-1.13.jar;C:\Users\Akundar\.m2\repository\org\apache\xmlgraphics\batik-i18n\1.13\batik-i18n-1.13.jar;C:\Users\Akundar\.m2\repository\org\apache\xmlgraphics\batik-parser\1.13\batik-parser-1.13.jar;C:\Users\Akundar\.m2\repository\org\apache\xmlgraphics\batik-rasterizer-ext\1.13\batik-rasterizer-ext-1.13.jar;C:\Users\Akundar\.m2\repository\org\apache\xmlgraphics\batik-rasterizer\1.13\batik-rasterizer-1.13.jar;C:\Users\Akundar\.m2\repository\org\apache\xmlgraphics\batik-script\1.13\batik-script-1.13.jar;C:\Users\Akundar\.m2\repository\org\apache\xmlgraphics\batik-slideshow\1.13\batik-slideshow-1.13.jar;C:\Users\Akundar\.m2\repository\org\apache\xmlgraphics\batik-squiggle-ext\1.13\batik-squiggle-ext-1.13.jar;C:\Users\Akundar\.m2\repository\org\apache\xmlgraphics\batik-squiggle\1.13\batik-squiggle-1.13.jar;C:\Users\Akundar\.m2\repository\org\apache\xmlgraphics\batik-svg-dom\1.13\batik-svg-dom-1.13.jar;C:\Users\Akundar\.m2\repository\org\apache\xmlgraphics\batik-svgbrowser\1.13\batik-svgbrowser-1.13.jar;C:\Users\Akundar\.m2\repository\org\apache\xmlgraphics\batik-svggen\1.13\batik-svggen-1.13.jar;C:\Users\Akundar\.m2\repository\org\apache\xmlgraphics\batik-svgpp\1.13\batik-svgpp-1.13.jar;C:\Users\Akundar\.m2\repository\org\apache\xmlgraphics\batik-svgrasterizer\1.13\batik-svgrasterizer-1.13.jar;C:\Users\Akundar\.m2\repository\org\apache\xmlgraphics\batik-swing\1.13\batik-swing-1.13.jar;C:\Users\Akundar\.m2\repository\org\apache\xmlgraphics\batik-transcoder\1.13\batik-transcoder-1.13.jar;C:\Users\Akundar\.m2\repository\org\apache\xmlgraphics\batik-util\1.13\batik-util-1.13.jar;C:\Users\Akundar\.m2\repository\org\apache\xmlgraphics\batik-ttf2svg\1.13\batik-ttf2svg-1.13.jar;C:\Users\Akundar\.m2\repository\org\apache\xmlgraphics\batik-xml\1.13\batik-xml-1.13.jar;C:\Users\Akundar\.m2\repository\de\rototor\pdfbox\graphics2d\0.30\graphics2d-0.30.jar;C:\Users\Akundar\.m2\repository\org\apache\pdfbox\pdfbox\2.0.22\pdfbox-2.0.22.jar;C:\Users\Akundar\.m2\repository\org\apache\pdfbox\fontbox\2.0.22\fontbox-2.0.22.jar;C:\Users\Akundar\.m2\repository\org\apache\poi\poi-ooxml-schemas\4.1.2\poi-ooxml-schemas-4.1.2.jar;C:\Users\Akundar\.m2\repository\org\apache\poi\poi-scratchpad\5.0.0\poi-scratchpad-5.0.0.jar;C:\Users\Akundar\.m2\repository\org\apache\poi\poi-excelant\5.0.0\poi-excelant-5.0.0.jar;C:\Users\Akundar\.m2\repository\org\apache\ant\ant\1.10.9\ant-1.10.9.jar;C:\Users\Akundar\.m2\repository\org\apache\ant\ant-launcher\1.10.9\ant-launcher-1.10.9.jar;C:\Users\Akundar\.m2\repository\org\apache\poi\ooxml-schemas\1.4\ooxml-schemas-1.4.jar;C:\Users\Akundar\.m2\repository\org\apache\xmlbeans\xmlbeans\5.0.1\xmlbeans-5.0.1.jar;C:\Users\Akundar\.m2\repository\org\projectlombok\lombok\1.18.20\lombok-1.18.20.jar;C:\Users\Akundar\.m2\repository\com\microsoft\edge\msedge-selenium-tools-java\3.141.0\msedge-selenium-tools-java-3.141.0.jar;C:\Users\Akundar\.m2\repository\io\netty\netty-all\4.1.70.Final\netty-all-4.1.70.Final.jar;C:\Users\Akundar\.m2\repository\io\netty\netty-buffer\4.1.70.Final\netty-buffer-4.1.70.Final.jar;C:\Users\Akundar\.m2\repository\io\netty\netty-codec\4.1.70.Final\netty-codec-4.1.70.Final.jar;C:\Users\Akundar\.m2\repository\io\netty\netty-codec-dns\4.1.70.Final\netty-codec-dns-4.1.70.Final.jar;C:\Users\Akundar\.m2\repository\io\netty\netty-codec-haproxy\4.1.70.Final\netty-codec-haproxy-4.1.70.Final.jar;C:\Users\Akundar\.m2\repository\io\netty\netty-codec-http\4.1.70.Final\netty-codec-http-4.1.70.Final.jar;C:\Users\Akundar\.m2\repository\io\netty\netty-codec-http2\4.1.70.Final\netty-codec-http2-4.1.70.Final.jar;C:\Users\Akundar\.m2\repository\io\netty\netty-codec-memcache\4.1.70.Final\netty-codec-memcache-4.1.70.Final.jar;C:\Users\Akundar\.m2\repository\io\netty\netty-codec-mqtt\4.1.70.Final\netty-codec-mqtt-4.1.70.Final.jar;C:\Users\Akundar\.m2\repository\io\netty\netty-codec-redis\4.1.70.Final\netty-codec-redis-4.1.70.Final.jar;C:\Users\Akundar\.m2\repository\io\netty\netty-codec-smtp\4.1.70.Final\netty-codec-smtp-4.1.70.Final.jar;C:\Users\Akundar\.m2\repository\io\netty\netty-codec-socks\4.1.70.Final\netty-codec-socks-4.1.70.Final.jar;C:\Users\Akundar\.m2\repository\io\netty\netty-codec-stomp\4.1.70.Final\netty-codec-stomp-4.1.70.Final.jar;C:\Users\Akundar\.m2\repository\io\netty\netty-codec-xml\4.1.70.Final\netty-codec-xml-4.1.70.Final.jar;C:\Users\Akundar\.m2\repository\io\netty\netty-common\4.1.70.Final\netty-common-4.1.70.Final.jar;C:\Users\Akundar\.m2\repository\io\netty\netty-handler\4.1.70.Final\netty-handler-4.1.70.Final.jar;C:\Users\Akundar\.m2\repository\io\netty\netty-handler-proxy\4.1.70.Final\netty-handler-proxy-4.1.70.Final.jar;C:\Users\Akundar\.m2\repository\io\netty\netty-resolver\4.1.70.Final\netty-resolver-4.1.70.Final.jar;C:\Users\Akundar\.m2\repository\io\netty\netty-resolver-dns\4.1.70.Final\netty-resolver-dns-4.1.70.Final.jar;C:\Users\Akundar\.m2\repository\io\netty\netty-transport\4.1.70.Final\netty-transport-4.1.70.Final.jar;C:\Users\Akundar\.m2\repository\io\netty\netty-transport-rxtx\4.1.70.Final\netty-transport-rxtx-4.1.70.Final.jar;C:\Users\Akundar\.m2\repository\io\netty\netty-transport-sctp\4.1.70.Final\netty-transport-sctp-4.1.70.Final.jar;C:\Users\Akundar\.m2\repository\io\netty\netty-transport-udt\4.1.70.Final\netty-transport-udt-4.1.70.Final.jar;C:\Users\Akundar\.m2\repository\io\netty\netty-transport-classes-epoll\4.1.70.Final\netty-transport-classes-epoll-4.1.70.Final.jar;C:\Users\Akundar\.m2\repository\io\netty\netty-transport-native-unix-common\4.1.70.Final\netty-transport-native-unix-common-4.1.70.Final.jar;C:\Users\Akundar\.m2\repository\io\netty\netty-transport-classes-kqueue\4.1.70.Final\netty-transport-classes-kqueue-4.1.70.Final.jar;C:\Users\Akundar\.m2\repository\io\netty\netty-resolver-dns-classes-macos\4.1.70.Final\netty-resolver-dns-classes-macos-4.1.70.Final.jar;C:\Users\Akundar\.m2\repository\io\netty\netty-transport-native-epoll\4.1.70.Final\netty-transport-native-epoll-4.1.70.Final-linux-x86_64.jar;C:\Users\Akundar\.m2\repository\io\netty\netty-transport-native-epoll\4.1.70.Final\netty-transport-native-epoll-4.1.70.Final-linux-aarch_64.jar;C:\Users\Akundar\.m2\repository\io\netty\netty-transport-native-kqueue\4.1.70.Final\netty-transport-native-kqueue-4.1.70.Final-osx-x86_64.jar;C:\Users\Akundar\.m2\repository\io\netty\netty-transport-native-kqueue\4.1.70.Final\netty-transport-native-kqueue-4.1.70.Final-osx-aarch_64.jar;C:\Users\Akundar\.m2\repository\io\netty\netty-resolver-dns-native-macos\4.1.70.Final\netty-resolver-dns-native-macos-4.1.70.Final-osx-x86_64.jar;C:\Users\Akundar\.m2\repository\io\netty\netty-resolver-dns-native-macos\4.1.70.Final\netty-resolver-dns-native-macos-4.1.70.Final-osx-aarch_64.jar;C:\Users\Akundar\.m2\repository\io\github\bonigarcia\webdrivermanager\5.0.0\webdrivermanager-5.0.0.jar;C:\Users\Akundar\.m2\repository\org\jsoup\jsoup\1.14.2\jsoup-1.14.2.jar;C:\Users\Akundar\.m2\repository\com\github\docker-java\docker-java\3.2.11\docker-java-3.2.11.jar;C:\Users\Akundar\.m2\repository\com\github\docker-java\docker-java-core\3.2.11\docker-java-core-3.2.11.jar;C:\Users\Akundar\.m2\repository\com\github\docker-java\docker-java-api\3.2.11\docker-java-api-3.2.11.jar;C:\Users\Akundar\.m2\repository\com\fasterxml\jackson\core\jackson-annotations\2.10.3\jackson-annotations-2.10.3.jar;C:\Users\Akundar\.m2\repository\commons-lang\commons-lang\2.6\commons-lang-2.6.jar;C:\Users\Akundar\.m2\repository\com\fasterxml\jackson\core\jackson-databind\2.10.3\jackson-databind-2.10.3.jar;C:\Users\Akundar\.m2\repository\com\fasterxml\jackson\core\jackson-core\2.10.3\jackson-core-2.10.3.jar;C:\Users\Akundar\.m2\repository\com\github\docker-java\docker-java-transport-httpclient5\3.2.11\docker-java-transport-httpclient5-3.2.11.jar;C:\Users\Akundar\.m2\repository\com\github\docker-java\docker-java-transport\3.2.11\docker-java-transport-3.2.11.jar;C:\Users\Akundar\.m2\repository\org\apache\httpcomponents\client5\httpclient5\5.0.3\httpclient5-5.0.3.jar;C:\Users\Akundar\.m2\repository\org\apache\httpcomponents\core5\httpcore5\5.0.2\httpcore5-5.0.2.jar;C:\Users\Akundar\.m2\repository\net\java\dev\jna\jna\5.8.0\jna-5.8.0.jar;C:\Users\Akundar\.m2\repository\org\brotli\dec\0.1.2\dec-0.1.2.jar;"/>
    <property name="java.vm.vendor" value="Oracle Corporation"/>
    <property name="sun.arch.data.model" value="64"/>
    <property name="user.variant" value=""/>
    <property name="java.vendor.url" value="https://java.oracle.com/"/>
    <property name="user.timezone" value="Asia/Calcutta"/>
    <property name="os.name" value="Windows 10"/>
    <property name="java.vm.specification.version" value="17"/>
    <property name="sun.java.launcher" value="SUN_STANDARD"/>
    <property name="user.country" value="IN"/>
    <property name="sun.boot.library.path" value="C:\Users\Akundar\Installers\openjdk-17_windows-x64_bin (1)\jdk-17\bin"/>
    <property name="sun.java.command" value="C:\Users\Akundar\AppData\Local\Temp\surefire6406013549942934481\surefirebooter15506247635695466092.jar C:\Users\Akundar\AppData\Local\Temp\surefire6406013549942934481 2022-01-06T14-23-49_641-jvmRun1 surefire17077010630939809792tmp surefire_014650513886749730729tmp"/>
    <property name="jdk.debug" value="release"/>
    <property name="surefire.test.class.path" value="C:\Users\Akundar\eclipse-workspace\AEMhdfc\target\test-classes;C:\Users\Akundar\eclipse-workspace\AEMhdfc\target\classes;C:\Users\Akundar\.m2\repository\junit\junit\4.11\junit-4.11.jar;C:\Users\Akundar\.m2\repository\org\hamcrest\hamcrest-core\1.3\hamcrest-core-1.3.jar;C:\Users\Akundar\.m2\repository\org\seleniumhq\selenium\selenium-java\3.141.59\selenium-java-3.141.59.jar;C:\Users\Akundar\.m2\repository\org\seleniumhq\selenium\selenium-api\3.141.59\selenium-api-3.141.59.jar;C:\Users\Akundar\.m2\repository\org\seleniumhq\selenium\selenium-chrome-driver\3.141.59\selenium-chrome-driver-3.141.59.jar;C:\Users\Akundar\.m2\repository\org\seleniumhq\selenium\selenium-edge-driver\3.141.59\selenium-edge-driver-3.141.59.jar;C:\Users\Akundar\.m2\repository\org\seleniumhq\selenium\selenium-firefox-driver\3.141.59\selenium-firefox-driver-3.141.59.jar;C:\Users\Akundar\.m2\repository\org\seleniumhq\selenium\selenium-ie-driver\3.141.59\selenium-ie-driver-3.141.59.jar;C:\Users\Akundar\.m2\repository\org\seleniumhq\selenium\selenium-opera-driver\3.141.59\selenium-opera-driver-3.141.59.jar;C:\Users\Akundar\.m2\repository\org\seleniumhq\selenium\selenium-remote-driver\3.141.59\selenium-remote-driver-3.141.59.jar;C:\Users\Akundar\.m2\repository\org\seleniumhq\selenium\selenium-safari-driver\3.141.59\selenium-safari-driver-3.141.59.jar;C:\Users\Akundar\.m2\repository\org\seleniumhq\selenium\selenium-support\3.141.59\selenium-support-3.141.59.jar;C:\Users\Akundar\.m2\repository\net\bytebuddy\byte-buddy\1.8.15\byte-buddy-1.8.15.jar;C:\Users\Akundar\.m2\repository\org\apache\commons\commons-exec\1.3\commons-exec-1.3.jar;C:\Users\Akundar\.m2\repository\com\google\guava\guava\25.0-jre\guava-25.0-jre.jar;C:\Users\Akundar\.m2\repository\com\google\code\findbugs\jsr305\1.3.9\jsr305-1.3.9.jar;C:\Users\Akundar\.m2\repository\org\checkerframework\checker-compat-qual\2.0.0\checker-compat-qual-2.0.0.jar;C:\Users\Akundar\.m2\repository\com\google\errorprone\error_prone_annotations\2.1.3\error_prone_annotations-2.1.3.jar;C:\Users\Akundar\.m2\repository\com\google\j2objc\j2objc-annotations\1.1\j2objc-annotations-1.1.jar;C:\Users\Akundar\.m2\repository\org\codehaus\mojo\animal-sniffer-annotations\1.14\animal-sniffer-annotations-1.14.jar;C:\Users\Akundar\.m2\repository\com\squareup\okhttp3\okhttp\3.11.0\okhttp-3.11.0.jar;C:\Users\Akundar\.m2\repository\com\squareup\okio\okio\1.14.0\okio-1.14.0.jar;C:\Users\Akundar\.m2\repository\org\testng\testng\7.4.0\testng-7.4.0.jar;C:\Users\Akundar\.m2\repository\com\beust\jcommander\1.78\jcommander-1.78.jar;C:\Users\Akundar\.m2\repository\org\webjars\jquery\3.5.1\jquery-3.5.1.jar;C:\Users\Akundar\.m2\repository\org\apache\logging\log4j\log4j-core\2.17.0\log4j-core-2.17.0.jar;C:\Users\Akundar\.m2\repository\org\apache\logging\log4j\log4j-api\2.17.0\log4j-api-2.17.0.jar;C:\Users\Akundar\.m2\repository\com\aventstack\extentreports\5.0.9\extentreports-5.0.9.jar;C:\Users\Akundar\.m2\repository\io\reactivex\rxjava3\rxjava\3.0.4\rxjava-3.0.4.jar;C:\Users\Akundar\.m2\repository\org\reactivestreams\reactive-streams\1.0.3\reactive-streams-1.0.3.jar;C:\Users\Akundar\.m2\repository\org\freemarker\freemarker\2.3.30\freemarker-2.3.30.jar;C:\Users\Akundar\.m2\repository\com\google\code\gson\gson\2.8.6\gson-2.8.6.jar;C:\Users\Akundar\.m2\repository\commons-io\commons-io\2.11.0\commons-io-2.11.0.jar;C:\Users\Akundar\.m2\repository\org\apache\poi\poi\5.0.0\poi-5.0.0.jar;C:\Users\Akundar\.m2\repository\org\slf4j\slf4j-api\1.7.30\slf4j-api-1.7.30.jar;C:\Users\Akundar\.m2\repository\org\slf4j\jcl-over-slf4j\1.7.30\jcl-over-slf4j-1.7.30.jar;C:\Users\Akundar\.m2\repository\commons-codec\commons-codec\1.15\commons-codec-1.15.jar;C:\Users\Akundar\.m2\repository\org\apache\commons\commons-collections4\4.4\commons-collections4-4.4.jar;C:\Users\Akundar\.m2\repository\org\apache\commons\commons-math3\3.6.1\commons-math3-3.6.1.jar;C:\Users\Akundar\.m2\repository\com\zaxxer\SparseBitSet\1.2\SparseBitSet-1.2.jar;C:\Users\Akundar\.m2\repository\org\apache\poi\poi-ooxml\5.0.0\poi-ooxml-5.0.0.jar;C:\Users\Akundar\.m2\repository\org\apache\poi\poi-ooxml-lite\5.0.0\poi-ooxml-lite-5.0.0.jar;C:\Users\Akundar\.m2\repository\org\apache\commons\commons-compress\1.20\commons-compress-1.20.jar;C:\Users\Akundar\.m2\repository\com\github\virtuald\curvesapi\1.06\curvesapi-1.06.jar;C:\Users\Akundar\.m2\repository\org\bouncycastle\bcpkix-jdk15on\1.68\bcpkix-jdk15on-1.68.jar;C:\Users\Akundar\.m2\repository\org\bouncycastle\bcprov-jdk15on\1.68\bcprov-jdk15on-1.68.jar;C:\Users\Akundar\.m2\repository\org\apache\santuario\xmlsec\2.2.1\xmlsec-2.2.1.jar;C:\Users\Akundar\.m2\repository\com\fasterxml\woodstox\woodstox-core\5.2.1\woodstox-core-5.2.1.jar;C:\Users\Akundar\.m2\repository\org\codehaus\woodstox\stax2-api\4.2\stax2-api-4.2.jar;C:\Users\Akundar\.m2\repository\jakarta\xml\bind\jakarta.xml.bind-api\2.3.2\jakarta.xml.bind-api-2.3.2.jar;C:\Users\Akundar\.m2\repository\jakarta\activation\jakarta.activation-api\1.2.1\jakarta.activation-api-1.2.1.jar;C:\Users\Akundar\.m2\repository\org\apache\xmlgraphics\batik-all\1.13\batik-all-1.13.jar;C:\Users\Akundar\.m2\repository\org\apache\xmlgraphics\batik-anim\1.13\batik-anim-1.13.jar;C:\Users\Akundar\.m2\repository\org\apache\xmlgraphics\batik-shared-resources\1.13\batik-shared-resources-1.13.jar;C:\Users\Akundar\.m2\repository\xml-apis\xml-apis-ext\1.3.04\xml-apis-ext-1.3.04.jar;C:\Users\Akundar\.m2\repository\org\apache\xmlgraphics\batik-awt-util\1.13\batik-awt-util-1.13.jar;C:\Users\Akundar\.m2\repository\org\apache\xmlgraphics\xmlgraphics-commons\2.4\xmlgraphics-commons-2.4.jar;C:\Users\Akundar\.m2\repository\org\apache\xmlgraphics\batik-bridge\1.13\batik-bridge-1.13.jar;C:\Users\Akundar\.m2\repository\org\apache\xmlgraphics\batik-codec\1.13\batik-codec-1.13.jar;C:\Users\Akundar\.m2\repository\org\apache\xmlgraphics\batik-constants\1.13\batik-constants-1.13.jar;C:\Users\Akundar\.m2\repository\org\apache\xmlgraphics\batik-css\1.13\batik-css-1.13.jar;C:\Users\Akundar\.m2\repository\org\apache\xmlgraphics\batik-dom\1.13\batik-dom-1.13.jar;C:\Users\Akundar\.m2\repository\xalan\xalan\2.7.2\xalan-2.7.2.jar;C:\Users\Akundar\.m2\repository\xalan\serializer\2.7.2\serializer-2.7.2.jar;C:\Users\Akundar\.m2\repository\xml-apis\xml-apis\1.4.01\xml-apis-1.4.01.jar;C:\Users\Akundar\.m2\repository\org\apache\xmlgraphics\batik-ext\1.13\batik-ext-1.13.jar;C:\Users\Akundar\.m2\repository\org\apache\xmlgraphics\batik-extension\1.13\batik-extension-1.13.jar;C:\Users\Akundar\.m2\repository\org\apache\xmlgraphics\batik-gui-util\1.13\batik-gui-util-1.13.jar;C:\Users\Akundar\.m2\repository\org\apache\xmlgraphics\batik-gvt\1.13\batik-gvt-1.13.jar;C:\Users\Akundar\.m2\repository\org\apache\xmlgraphics\batik-i18n\1.13\batik-i18n-1.13.jar;C:\Users\Akundar\.m2\repository\org\apache\xmlgraphics\batik-parser\1.13\batik-parser-1.13.jar;C:\Users\Akundar\.m2\repository\org\apache\xmlgraphics\batik-rasterizer-ext\1.13\batik-rasterizer-ext-1.13.jar;C:\Users\Akundar\.m2\repository\org\apache\xmlgraphics\batik-rasterizer\1.13\batik-rasterizer-1.13.jar;C:\Users\Akundar\.m2\repository\org\apache\xmlgraphics\batik-script\1.13\batik-script-1.13.jar;C:\Users\Akundar\.m2\repository\org\apache\xmlgraphics\batik-slideshow\1.13\batik-slideshow-1.13.jar;C:\Users\Akundar\.m2\repository\org\apache\xmlgraphics\batik-squiggle-ext\1.13\batik-squiggle-ext-1.13.jar;C:\Users\Akundar\.m2\repository\org\apache\xmlgraphics\batik-squiggle\1.13\batik-squiggle-1.13.jar;C:\Users\Akundar\.m2\repository\org\apache\xmlgraphics\batik-svg-dom\1.13\batik-svg-dom-1.13.jar;C:\Users\Akundar\.m2\repository\org\apache\xmlgraphics\batik-svgbrowser\1.13\batik-svgbrowser-1.13.jar;C:\Users\Akundar\.m2\repository\org\apache\xmlgraphics\batik-svggen\1.13\batik-svggen-1.13.jar;C:\Users\Akundar\.m2\repository\org\apache\xmlgraphics\batik-svgpp\1.13\batik-svgpp-1.13.jar;C:\Users\Akundar\.m2\repository\org\apache\xmlgraphics\batik-svgrasterizer\1.13\batik-svgrasterizer-1.13.jar;C:\Users\Akundar\.m2\repository\org\apache\xmlgraphics\batik-swing\1.13\batik-swing-1.13.jar;C:\Users\Akundar\.m2\repository\org\apache\xmlgraphics\batik-transcoder\1.13\batik-transcoder-1.13.jar;C:\Users\Akundar\.m2\repository\org\apache\xmlgraphics\batik-util\1.13\batik-util-1.13.jar;C:\Users\Akundar\.m2\repository\org\apache\xmlgraphics\batik-ttf2svg\1.13\batik-ttf2svg-1.13.jar;C:\Users\Akundar\.m2\repository\org\apache\xmlgraphics\batik-xml\1.13\batik-xml-1.13.jar;C:\Users\Akundar\.m2\repository\de\rototor\pdfbox\graphics2d\0.30\graphics2d-0.30.jar;C:\Users\Akundar\.m2\repository\org\apache\pdfbox\pdfbox\2.0.22\pdfbox-2.0.22.jar;C:\Users\Akundar\.m2\repository\org\apache\pdfbox\fontbox\2.0.22\fontbox-2.0.22.jar;C:\Users\Akundar\.m2\repository\org\apache\poi\poi-ooxml-schemas\4.1.2\poi-ooxml-schemas-4.1.2.jar;C:\Users\Akundar\.m2\repository\org\apache\poi\poi-scratchpad\5.0.0\poi-scratchpad-5.0.0.jar;C:\Users\Akundar\.m2\repository\org\apache\poi\poi-excelant\5.0.0\poi-excelant-5.0.0.jar;C:\Users\Akundar\.m2\repository\org\apache\ant\ant\1.10.9\ant-1.10.9.jar;C:\Users\Akundar\.m2\repository\org\apache\ant\ant-launcher\1.10.9\ant-launcher-1.10.9.jar;C:\Users\Akundar\.m2\repository\org\apache\poi\ooxml-schemas\1.4\ooxml-schemas-1.4.jar;C:\Users\Akundar\.m2\repository\org\apache\xmlbeans\xmlbeans\5.0.1\xmlbeans-5.0.1.jar;C:\Users\Akundar\.m2\repository\org\projectlombok\lombok\1.18.20\lombok-1.18.20.jar;C:\Users\Akundar\.m2\repository\com\microsoft\edge\msedge-selenium-tools-java\3.141.0\msedge-selenium-tools-java-3.141.0.jar;C:\Users\Akundar\.m2\repository\io\netty\netty-all\4.1.70.Final\netty-all-4.1.70.Final.jar;C:\Users\Akundar\.m2\repository\io\netty\netty-buffer\4.1.70.Final\netty-buffer-4.1.70.Final.jar;C:\Users\Akundar\.m2\repository\io\netty\netty-codec\4.1.70.Final\netty-codec-4.1.70.Final.jar;C:\Users\Akundar\.m2\repository\io\netty\netty-codec-dns\4.1.70.Final\netty-codec-dns-4.1.70.Final.jar;C:\Users\Akundar\.m2\repository\io\netty\netty-codec-haproxy\4.1.70.Final\netty-codec-haproxy-4.1.70.Final.jar;C:\Users\Akundar\.m2\repository\io\netty\netty-codec-http\4.1.70.Final\netty-codec-http-4.1.70.Final.jar;C:\Users\Akundar\.m2\repository\io\netty\netty-codec-http2\4.1.70.Final\netty-codec-http2-4.1.70.Final.jar;C:\Users\Akundar\.m2\repository\io\netty\netty-codec-memcache\4.1.70.Final\netty-codec-memcache-4.1.70.Final.jar;C:\Users\Akundar\.m2\repository\io\netty\netty-codec-mqtt\4.1.70.Final\netty-codec-mqtt-4.1.70.Final.jar;C:\Users\Akundar\.m2\repository\io\netty\netty-codec-redis\4.1.70.Final\netty-codec-redis-4.1.70.Final.jar;C:\Users\Akundar\.m2\repository\io\netty\netty-codec-smtp\4.1.70.Final\netty-codec-smtp-4.1.70.Final.jar;C:\Users\Akundar\.m2\repository\io\netty\netty-codec-socks\4.1.70.Final\netty-codec-socks-4.1.70.Final.jar;C:\Users\Akundar\.m2\repository\io\netty\netty-codec-stomp\4.1.70.Final\netty-codec-stomp-4.1.70.Final.jar;C:\Users\Akundar\.m2\repository\io\netty\netty-codec-xml\4.1.70.Final\netty-codec-xml-4.1.70.Final.jar;C:\Users\Akundar\.m2\repository\io\netty\netty-common\4.1.70.Final\netty-common-4.1.70.Final.jar;C:\Users\Akundar\.m2\repository\io\netty\netty-handler\4.1.70.Final\netty-handler-4.1.70.Final.jar;C:\Users\Akundar\.m2\repository\io\netty\netty-handler-proxy\4.1.70.Final\netty-handler-proxy-4.1.70.Final.jar;C:\Users\Akundar\.m2\repository\io\netty\netty-resolver\4.1.70.Final\netty-resolver-4.1.70.Final.jar;C:\Users\Akundar\.m2\repository\io\netty\netty-resolver-dns\4.1.70.Final\netty-resolver-dns-4.1.70.Final.jar;C:\Users\Akundar\.m2\repository\io\netty\netty-transport\4.1.70.Final\netty-transport-4.1.70.Final.jar;C:\Users\Akundar\.m2\repository\io\netty\netty-transport-rxtx\4.1.70.Final\netty-transport-rxtx-4.1.70.Final.jar;C:\Users\Akundar\.m2\repository\io\netty\netty-transport-sctp\4.1.70.Final\netty-transport-sctp-4.1.70.Final.jar;C:\Users\Akundar\.m2\repository\io\netty\netty-transport-udt\4.1.70.Final\netty-transport-udt-4.1.70.Final.jar;C:\Users\Akundar\.m2\repository\io\netty\netty-transport-classes-epoll\4.1.70.Final\netty-transport-classes-epoll-4.1.70.Final.jar;C:\Users\Akundar\.m2\repository\io\netty\netty-transport-native-unix-common\4.1.70.Final\netty-transport-native-unix-common-4.1.70.Final.jar;C:\Users\Akundar\.m2\repository\io\netty\netty-transport-classes-kqueue\4.1.70.Final\netty-transport-classes-kqueue-4.1.70.Final.jar;C:\Users\Akundar\.m2\repository\io\netty\netty-resolver-dns-classes-macos\4.1.70.Final\netty-resolver-dns-classes-macos-4.1.70.Final.jar;C:\Users\Akundar\.m2\repository\io\netty\netty-transport-native-epoll\4.1.70.Final\netty-transport-native-epoll-4.1.70.Final-linux-x86_64.jar;C:\Users\Akundar\.m2\repository\io\netty\netty-transport-native-epoll\4.1.70.Final\netty-transport-native-epoll-4.1.70.Final-linux-aarch_64.jar;C:\Users\Akundar\.m2\repository\io\netty\netty-transport-native-kqueue\4.1.70.Final\netty-transport-native-kqueue-4.1.70.Final-osx-x86_64.jar;C:\Users\Akundar\.m2\repository\io\netty\netty-transport-native-kqueue\4.1.70.Final\netty-transport-native-kqueue-4.1.70.Final-osx-aarch_64.jar;C:\Users\Akundar\.m2\repository\io\netty\netty-resolver-dns-native-macos\4.1.70.Final\netty-resolver-dns-native-macos-4.1.70.Final-osx-x86_64.jar;C:\Users\Akundar\.m2\repository\io\netty\netty-resolver-dns-native-macos\4.1.70.Final\netty-resolver-dns-native-macos-4.1.70.Final-osx-aarch_64.jar;C:\Users\Akundar\.m2\repository\io\github\bonigarcia\webdrivermanager\5.0.0\webdrivermanager-5.0.0.jar;C:\Users\Akundar\.m2\repository\org\jsoup\jsoup\1.14.2\jsoup-1.14.2.jar;C:\Users\Akundar\.m2\repository\com\github\docker-java\docker-java\3.2.11\docker-java-3.2.11.jar;C:\Users\Akundar\.m2\repository\com\github\docker-java\docker-java-core\3.2.11\docker-java-core-3.2.11.jar;C:\Users\Akundar\.m2\repository\com\github\docker-java\docker-java-api\3.2.11\docker-java-api-3.2.11.jar;C:\Users\Akundar\.m2\repository\com\fasterxml\jackson\core\jackson-annotations\2.10.3\jackson-annotations-2.10.3.jar;C:\Users\Akundar\.m2\repository\commons-lang\commons-lang\2.6\commons-lang-2.6.jar;C:\Users\Akundar\.m2\repository\com\fasterxml\jackson\core\jackson-databind\2.10.3\jackson-databind-2.10.3.jar;C:\Users\Akundar\.m2\repository\com\fasterxml\jackson\core\jackson-core\2.10.3\jackson-core-2.10.3.jar;C:\Users\Akundar\.m2\repository\com\github\docker-java\docker-java-transport-httpclient5\3.2.11\docker-java-transport-httpclient5-3.2.11.jar;C:\Users\Akundar\.m2\repository\com\github\docker-java\docker-java-transport\3.2.11\docker-java-transport-3.2.11.jar;C:\Users\Akundar\.m2\repository\org\apache\httpcomponents\client5\httpclient5\5.0.3\httpclient5-5.0.3.jar;C:\Users\Akundar\.m2\repository\org\apache\httpcomponents\core5\httpcore5\5.0.2\httpcore5-5.0.2.jar;C:\Users\Akundar\.m2\repository\net\java\dev\jna\jna\5.8.0\jna-5.8.0.jar;C:\Users\Akundar\.m2\repository\org\brotli\dec\0.1.2\dec-0.1.2.jar;"/>
    <property name="sun.cpu.endian" value="little"/>
    <property name="user.home" value="C:\Users\Akundar"/>
    <property name="user.language" value="en"/>
    <property name="java.specification.vendor" value="Oracle Corporation"/>
    <property name="java.version.date" value="2021-09-14"/>
    <property name="java.home" value="C:\Users\Akundar\Installers\openjdk-17_windows-x64_bin (1)\jdk-17"/>
    <property name="file.separator" value="\"/>
    <property name="basedir" value="C:\Users\Akundar\eclipse-workspace\AEMhdfc"/>
    <property name="java.vm.compressedOopsMode" value="Zero based"/>
    <property name="line.separator" value="&#10;"/>
    <property name="java.vm.specification.vendor" value="Oracle Corporation"/>
    <property name="java.specification.name" value="Java Platform API Specification"/>
    <property name="surefire.real.class.path" value="C:\Users\Akundar\AppData\Local\Temp\surefire6406013549942934481\surefirebooter15506247635695466092.jar"/>
    <property name="user.script" value=""/>
    <property name="sun.management.compiler" value="HotSpot 64-Bit Tiered Compilers"/>
    <property name="java.runtime.version" value="17+35-2724"/>
    <property name="user.name" value="akundar"/>
    <property name="path.separator" value=";"/>
    <property name="os.version" value="10.0"/>
    <property name="java.runtime.name" value="OpenJDK Runtime Environment"/>
    <property name="file.encoding" value="Cp1252"/>
    <property name="java.vm.name" value="OpenJDK 64-Bit Server VM"/>
    <property name="localRepository" value="C:\Users\Akundar\.m2\repository"/>
    <property name="java.vendor.url.bug" value="https://bugreport.java.com/bugreport/"/>
    <property name="java.io.tmpdir" value="C:\Users\Akundar\AppData\Local\Temp\"/>
    <property name="java.version" value="17"/>
    <property name="user.dir" value="C:\Users\Akundar\eclipse-workspace\AEMhdfc"/>
    <property name="os.arch" value="amd64"/>
    <property name="java.vm.specification.name" value="Java Virtual Machine Specification"/>
    <property name="sun.os.patch.level" value=""/>
    <property name="native.encoding" value="Cp1252"/>
    <property name="java.library.path" value="C:\Users\Akundar\Installers\openjdk-17_windows-x64_bin (1)\jdk-17\bin;C:\WINDOWS\Sun\Java\bin;C:\WINDOWS\system32;C:\WINDOWS;C:/Users/Akundar/Installers/openjdk-17_windows-x64_bin (1)/jdk-17/bin/server;C:/Users/Akundar/Installers/openjdk-17_windows-x64_bin (1)/jdk-17/bin;C:\Program Files (x86)\RSA SecurID Token Common;C:\Program Files\RSA SecurID Token Common;C:\Program Files (x86)\Common Files\Oracle\Java\javapath;C:\Program Files\Eclipse Foundation\jdk-11.0.12.7-hotspot\bin;C:\Program Files (x86)\Common Files\Oracle\Java\javapath_target_9596750;C:\WINDOWS\system32;C:\WINDOWS;C:\WINDOWS\System32\Wbem;C:\WINDOWS\System32\WindowsPowerShell\v1.0\;C:\WINDOWS\System32\OpenSSH\;C:\Users\Akundar\Installers\openjdk-17_windows-x64_bin (1)\jdk-17\bin;C:\apache-maven-3.8.2-bin (1)\apache-maven-3.8.2\bin;C:\Users\Akundar\Downloads\edgedriver_win64;;C:\Program Files\Docker\Docker\resources\bin;C:\ProgramData\DockerDesktop\version-bin;C:\Program Files\MySQL\MySQL Shell 8.0\bin\;C:\Users\Akundar\AppData\Local\Microsoft\WindowsApps;C:\Users\Akundar\AppData\Local\Programs\Git\cmd;C:\Users\Akundar\OneDrive - Capgemini\Desktop;;."/>
    <property name="java.vm.info" value="mixed mode, sharing"/>
    <property name="java.vendor" value="Oracle Corporation"/>
    <property name="java.vm.version" value="17+35-2724"/>
    <property name="sun.io.unicode.encoding" value="UnicodeLittle"/>
    <property name="java.class.version" value="61.0"/>
  </properties>
  <testcase name="verifyBannerCarousel" classname="SeleniumTesting.AEMhdfc.HomepageTest" time="15.536">
    <system-out><![CDATA[Before navigating to: 'https://www.hdfclife.com/'
Navigated to:'https://www.hdfclife.com/'
14:23:55.518 [main] INFO  SeleniumTesting.AEMhdfc.HomepageTest - Homepage test cases started
Trying to find Element By : By.xpath: //li[@data-slide-to='1']
Found Element By : By.xpath: //li[@data-slide-to='1']
Trying to click on: [[ChromeDriver: chrome on WINDOWS (2544260066e7214d73e607460947d161)] -> xpath: //li[@data-slide-to='1']]
Clicked on: [[ChromeDriver: chrome on WINDOWS (2544260066e7214d73e607460947d161)] -> xpath: //li[@data-slide-to='1']]
Trying to find Element By : By.xpath: //div[@class='carousel-item active']//img[@class='bg-align']
Found Element By : By.xpath: //div[@class='carousel-item active']//img[@class='bg-align']
Trying to find Element By : By.xpath: //li[@data-slide-to='2']
Found Element By : By.xpath: //li[@data-slide-to='2']
Trying to click on: [[ChromeDriver: chrome on WINDOWS (2544260066e7214d73e607460947d161)] -> xpath: //li[@data-slide-to='2']]
Clicked on: [[ChromeDriver: chrome on WINDOWS (2544260066e7214d73e607460947d161)] -> xpath: //li[@data-slide-to='2']]
Trying to find Element By : By.xpath: //div[@class='carousel-item active']//img[@class='bg-align']
Found Element By : By.xpath: //div[@class='carousel-item active']//img[@class='bg-align']
Trying to find Element By : By.xpath: //li[@data-slide-to='3']
Found Element By : By.xpath: //li[@data-slide-to='3']
Trying to click on: [[ChromeDriver: chrome on WINDOWS (2544260066e7214d73e607460947d161)] -> xpath: //li[@data-slide-to='3']]
Clicked on: [[ChromeDriver: chrome on WINDOWS (2544260066e7214d73e607460947d161)] -> xpath: //li[@data-slide-to='3']]
Trying to find Element By : By.xpath: //div[@class='carousel-item active']//img[@class='bg-align']
Found Element By : By.xpath: //div[@class='carousel-item active']//img[@class='bg-align']
Trying to find Element By : By.xpath: //li[@data-slide-to='4']
Found Element By : By.xpath: //li[@data-slide-to='4']
Trying to click on: [[ChromeDriver: chrome on WINDOWS (2544260066e7214d73e607460947d161)] -> xpath: //li[@data-slide-to='4']]
Clicked on: [[ChromeDriver: chrome on WINDOWS (2544260066e7214d73e607460947d161)] -> xpath: //li[@data-slide-to='4']]
Trying to find Element By : By.xpath: //div[@class='carousel-item active']//img[@class='bg-align']
Found Element By : By.xpath: //div[@class='carousel-item active']//img[@class='bg-align']
Trying to find Element By : By.xpath: //li[@data-slide-to='0']
Found Element By : By.xpath: //li[@data-slide-to='0']
Trying to click on: [[ChromeDriver: chrome on WINDOWS (2544260066e7214d73e607460947d161)] -> xpath: //li[@data-slide-to='0']]
Clicked on: [[ChromeDriver: chrome on WINDOWS (2544260066e7214d73e607460947d161)] -> xpath: //li[@data-slide-to='0']]
Trying to find Element By : By.xpath: //div[@class='carousel-item active']//img[@class='bg-align']
Found Element By : By.xpath: //div[@class='carousel-item active']//img[@class='bg-align']
]]></system-out>
    <system-err><![CDATA[SLF4J: Failed to load class "org.slf4j.impl.StaticLoggerBinder".
SLF4J: Defaulting to no-operation (NOP) logger implementation
SLF4J: See http://www.slf4j.org/codes.html#StaticLoggerBinder for further details.
Starting ChromeDriver 96.0.4664.45 (76e4c1bb2ab4671b8beba3444e61c0f17584b2fc-refs/branch-heads/4664@{#947}) on port 24578
Only local connections are allowed.
Please see https://chromedriver.chromium.org/security-considerations for suggestions on keeping ChromeDriver safe.
ChromeDriver was started successfully.
Jan 06, 2022 2:23:53 PM org.openqa.selenium.remote.ProtocolHandshake createSession
INFO: Detected dialect: W3C
]]></system-err>
  </testcase>
  <testcase name="verifyTermPlanOnBanner" classname="SeleniumTesting.AEMhdfc.HomepageTest" time="0">
    <skipped message="The following asserts failed:&#10;	expected [https://www.hdfclife.com/term-insurance-plans/click-2-protect-life] but found [https://www.hdfclife.com/savings-plans]"/>
    <system-out><![CDATA[Trying to find Element By : By.xpath: //a[@onclick='categoryBox(this)'][1]
Found Element By : By.xpath: //a[@onclick='categoryBox(this)'][1]
Trying to click on: [[ChromeDriver: chrome on WINDOWS (2544260066e7214d73e607460947d161)] -> xpath: //a[@onclick='categoryBox(this)'][1]]
Clicked on: [[ChromeDriver: chrome on WINDOWS (2544260066e7214d73e607460947d161)] -> xpath: //a[@onclick='categoryBox(this)'][1]]
Navigating back to previous page
Navigated back to previous page
]]></system-out>
  </testcase>
  <testcase name="verifyTermPlanOnBanner" classname="SeleniumTesting.AEMhdfc.HomepageTest" time="0">
    <skipped message="The following asserts failed:&#10;	expected [https://www.hdfclife.com/term-insurance-plans/click-2-protect-life] but found [https://www.hdfclife.com/savings-plans]"/>
    <system-out><![CDATA[Trying to find Element By : By.xpath: //a[@onclick='categoryBox(this)'][1]
Found Element By : By.xpath: //a[@onclick='categoryBox(this)'][1]
Trying to click on: [[ChromeDriver: chrome on WINDOWS (2544260066e7214d73e607460947d161)] -> xpath: //a[@onclick='categoryBox(this)'][1]]
Clicked on: [[ChromeDriver: chrome on WINDOWS (2544260066e7214d73e607460947d161)] -> xpath: //a[@onclick='categoryBox(this)'][1]]
Navigating back to previous page
Navigated back to previous page
]]></system-out>
  </testcase>
  <testcase name="verifyTermPlanOnBanner" classname="SeleniumTesting.AEMhdfc.HomepageTest" time="0">
    <skipped message="The following asserts failed:&#10;	expected [https://www.hdfclife.com/term-insurance-plans/click-2-protect-life] but found [https://www.hdfclife.com/savings-plans]"/>
    <system-out><![CDATA[Trying to find Element By : By.xpath: //a[@onclick='categoryBox(this)'][1]
Found Element By : By.xpath: //a[@onclick='categoryBox(this)'][1]
Trying to click on: [[ChromeDriver: chrome on WINDOWS (2544260066e7214d73e607460947d161)] -> xpath: //a[@onclick='categoryBox(this)'][1]]
Clicked on: [[ChromeDriver: chrome on WINDOWS (2544260066e7214d73e607460947d161)] -> xpath: //a[@onclick='categoryBox(this)'][1]]
Navigating back to previous page
Navigated back to previous page
]]></system-out>
  </testcase>
  <testcase name="verifyTermPlanOnBanner" classname="SeleniumTesting.AEMhdfc.HomepageTest" time="8.383">
    <failure message="The following asserts failed:&#10;	expected [https://www.hdfclife.com/term-insurance-plans/click-2-protect-life] but found [https://www.hdfclife.com/savings-plans]" type="java.lang.AssertionError"><![CDATA[java.lang.AssertionError: 
The following asserts failed:
	expected [https://www.hdfclife.com/term-insurance-plans/click-2-protect-life] but found [https://www.hdfclife.com/savings-plans]
	at SeleniumTesting.AEMhdfc.HomepageTest.verifyTermPlanOnBanner(HomepageTest.java:66)
]]></failure>
    <system-out><![CDATA[Trying to find Element By : By.xpath: //a[@onclick='categoryBox(this)'][1]
Found Element By : By.xpath: //a[@onclick='categoryBox(this)'][1]
Trying to click on: [[ChromeDriver: chrome on WINDOWS (2544260066e7214d73e607460947d161)] -> xpath: //a[@onclick='categoryBox(this)'][1]]
Clicked on: [[ChromeDriver: chrome on WINDOWS (2544260066e7214d73e607460947d161)] -> xpath: //a[@onclick='categoryBox(this)'][1]]
Navigating back to previous page
Navigated back to previous page
]]></system-out>
  </testcase>
  <testcase name="verifySavingPlansOnBanner" classname="SeleniumTesting.AEMhdfc.HomepageTest" time="11.379">
    <system-out><![CDATA[Trying to find Element By : By.xpath: //a[@href='/savings-plans']//div
Found Element By : By.xpath: //a[@href='/savings-plans']//div
Trying to find Element By : By.xpath: //a[@href='/savings-plans']//div
Found Element By : By.xpath: //a[@href='/savings-plans']//div
Trying to click on: [[ChromeDriver: chrome on WINDOWS (2544260066e7214d73e607460947d161)] -> xpath: //a[@href='/savings-plans']//div]
Clicked on: [[ChromeDriver: chrome on WINDOWS (2544260066e7214d73e607460947d161)] -> xpath: //a[@href='/savings-plans']//div]
Navigating back to previous page
Navigated back to previous page
]]></system-out>
  </testcase>
  <testcase name="verifyChildrenPlansOnBanner" classname="SeleniumTesting.AEMhdfc.HomepageTest" time="11.572">
    <system-out><![CDATA[Trying to find Element By : By.xpath: //a[@href='/children-insurance-plans']//div
Found Element By : By.xpath: //a[@href='/children-insurance-plans']//div
Trying to find Element By : By.xpath: //a[@href='/children-insurance-plans']//div
Found Element By : By.xpath: //a[@href='/children-insurance-plans']//div
Trying to click on: [[ChromeDriver: chrome on WINDOWS (2544260066e7214d73e607460947d161)] -> xpath: //a[@href='/children-insurance-plans']//div]
Clicked on: [[ChromeDriver: chrome on WINDOWS (2544260066e7214d73e607460947d161)] -> xpath: //a[@href='/children-insurance-plans']//div]
Navigating back to previous page
Navigated back to previous page
]]></system-out>
  </testcase>
  <testcase name="verifyRetirementPlansOnBanner" classname="SeleniumTesting.AEMhdfc.HomepageTest" time="0">
    <skipped message="element not interactable&#10;  (Session info: headless chrome=96.0.4664.110)&#10;Build info: version: &apos;3.141.59&apos;, revision: &apos;e82be7d358&apos;, time: &apos;2018-11-14T08:17:03&apos;&#10;System info: host: &apos;LIN24007907&apos;, ip: &apos;192.168.1.13&apos;, os.name: &apos;Windows 10&apos;, os.arch: &apos;amd64&apos;, os.version: &apos;10.0&apos;, java.version: &apos;17&apos;&#10;Driver info: org.openqa.selenium.chrome.ChromeDriver&#10;Capabilities {acceptInsecureCerts: false, browserName: chrome, browserVersion: 96.0.4664.110, chrome: {chromedriverVersion: 96.0.4664.45 (76e4c1bb2ab46..., userDataDir: C:\Users\Akundar\AppData\Lo...}, goog:chromeOptions: {debuggerAddress: localhost:51808}, javascriptEnabled: true, networkConnectionEnabled: false, pageLoadStrategy: normal, platform: WINDOWS, platformName: WINDOWS, proxy: Proxy(), setWindowRect: true, strictFileInteractability: false, timeouts: {implicit: 0, pageLoad: 300000, script: 30000}, unhandledPromptBehavior: dismiss and notify, webauthn:extension:credBlob: true, webauthn:extension:largeBlob: true, webauthn:virtualAuthenticators: true}&#10;Session ID: 2544260066e7214d73e607460947d161"/>
    <system-out><![CDATA[Trying to find Element By : By.xpath: //a[@href='/retirement-and-pension-plans']//div//h2[@class='h5']
Found Element By : By.xpath: //a[@href='/retirement-and-pension-plans']//div//h2[@class='h5']
Trying to find Element By : By.xpath: //a[@href='/retirement-and-pension-plans']//div//h2[@class='h5']
Found Element By : By.xpath: //a[@href='/retirement-and-pension-plans']//div//h2[@class='h5']
Trying to click on: [[ChromeDriver: chrome on WINDOWS (2544260066e7214d73e607460947d161)] -> xpath: //a[@href='/retirement-and-pension-plans']//div//h2[@class='h5']]
]]></system-out>
  </testcase>
  <testcase name="verifyRetirementPlansOnBanner" classname="SeleniumTesting.AEMhdfc.HomepageTest" time="0">
    <skipped message="element not interactable&#10;  (Session info: headless chrome=96.0.4664.110)&#10;Build info: version: &apos;3.141.59&apos;, revision: &apos;e82be7d358&apos;, time: &apos;2018-11-14T08:17:03&apos;&#10;System info: host: &apos;LIN24007907&apos;, ip: &apos;192.168.1.13&apos;, os.name: &apos;Windows 10&apos;, os.arch: &apos;amd64&apos;, os.version: &apos;10.0&apos;, java.version: &apos;17&apos;&#10;Driver info: org.openqa.selenium.chrome.ChromeDriver&#10;Capabilities {acceptInsecureCerts: false, browserName: chrome, browserVersion: 96.0.4664.110, chrome: {chromedriverVersion: 96.0.4664.45 (76e4c1bb2ab46..., userDataDir: C:\Users\Akundar\AppData\Lo...}, goog:chromeOptions: {debuggerAddress: localhost:51808}, javascriptEnabled: true, networkConnectionEnabled: false, pageLoadStrategy: normal, platform: WINDOWS, platformName: WINDOWS, proxy: Proxy(), setWindowRect: true, strictFileInteractability: false, timeouts: {implicit: 0, pageLoad: 300000, script: 30000}, unhandledPromptBehavior: dismiss and notify, webauthn:extension:credBlob: true, webauthn:extension:largeBlob: true, webauthn:virtualAuthenticators: true}&#10;Session ID: 2544260066e7214d73e607460947d161"/>
    <system-out><![CDATA[Trying to find Element By : By.xpath: //a[@href='/retirement-and-pension-plans']//div//h2[@class='h5']
Found Element By : By.xpath: //a[@href='/retirement-and-pension-plans']//div//h2[@class='h5']
Trying to find Element By : By.xpath: //a[@href='/retirement-and-pension-plans']//div//h2[@class='h5']
Found Element By : By.xpath: //a[@href='/retirement-and-pension-plans']//div//h2[@class='h5']
Trying to click on: [[ChromeDriver: chrome on WINDOWS (2544260066e7214d73e607460947d161)] -> xpath: //a[@href='/retirement-and-pension-plans']//div//h2[@class='h5']]
]]></system-out>
  </testcase>
  <testcase name="verifyRetirementPlansOnBanner" classname="SeleniumTesting.AEMhdfc.HomepageTest" time="0">
    <skipped message="element not interactable&#10;  (Session info: headless chrome=96.0.4664.110)&#10;Build info: version: &apos;3.141.59&apos;, revision: &apos;e82be7d358&apos;, time: &apos;2018-11-14T08:17:03&apos;&#10;System info: host: &apos;LIN24007907&apos;, ip: &apos;192.168.1.13&apos;, os.name: &apos;Windows 10&apos;, os.arch: &apos;amd64&apos;, os.version: &apos;10.0&apos;, java.version: &apos;17&apos;&#10;Driver info: org.openqa.selenium.chrome.ChromeDriver&#10;Capabilities {acceptInsecureCerts: false, browserName: chrome, browserVersion: 96.0.4664.110, chrome: {chromedriverVersion: 96.0.4664.45 (76e4c1bb2ab46..., userDataDir: C:\Users\Akundar\AppData\Lo...}, goog:chromeOptions: {debuggerAddress: localhost:51808}, javascriptEnabled: true, networkConnectionEnabled: false, pageLoadStrategy: normal, platform: WINDOWS, platformName: WINDOWS, proxy: Proxy(), setWindowRect: true, strictFileInteractability: false, timeouts: {implicit: 0, pageLoad: 300000, script: 30000}, unhandledPromptBehavior: dismiss and notify, webauthn:extension:credBlob: true, webauthn:extension:largeBlob: true, webauthn:virtualAuthenticators: true}&#10;Session ID: 2544260066e7214d73e607460947d161"/>
    <system-out><![CDATA[Trying to find Element By : By.xpath: //a[@href='/retirement-and-pension-plans']//div//h2[@class='h5']
Found Element By : By.xpath: //a[@href='/retirement-and-pension-plans']//div//h2[@class='h5']
Trying to find Element By : By.xpath: //a[@href='/retirement-and-pension-plans']//div//h2[@class='h5']
Found Element By : By.xpath: //a[@href='/retirement-and-pension-plans']//div//h2[@class='h5']
Trying to click on: [[ChromeDriver: chrome on WINDOWS (2544260066e7214d73e607460947d161)] -> xpath: //a[@href='/retirement-and-pension-plans']//div//h2[@class='h5']]
]]></system-out>
  </testcase>
  <testcase name="verifyRetirementPlansOnBanner" classname="SeleniumTesting.AEMhdfc.HomepageTest" time="33.073">
    <failure message="element not interactable&#10;  (Session info: headless chrome=96.0.4664.110)&#10;Build info: version: &apos;3.141.59&apos;, revision: &apos;e82be7d358&apos;, time: &apos;2018-11-14T08:17:03&apos;&#10;System info: host: &apos;LIN24007907&apos;, ip: &apos;192.168.1.13&apos;, os.name: &apos;Windows 10&apos;, os.arch: &apos;amd64&apos;, os.version: &apos;10.0&apos;, java.version: &apos;17&apos;&#10;Driver info: org.openqa.selenium.chrome.ChromeDriver&#10;Capabilities {acceptInsecureCerts: false, browserName: chrome, browserVersion: 96.0.4664.110, chrome: {chromedriverVersion: 96.0.4664.45 (76e4c1bb2ab46..., userDataDir: C:\Users\Akundar\AppData\Lo...}, goog:chromeOptions: {debuggerAddress: localhost:51808}, javascriptEnabled: true, networkConnectionEnabled: false, pageLoadStrategy: normal, platform: WINDOWS, platformName: WINDOWS, proxy: Proxy(), setWindowRect: true, strictFileInteractability: false, timeouts: {implicit: 0, pageLoad: 300000, script: 30000}, unhandledPromptBehavior: dismiss and notify, webauthn:extension:credBlob: true, webauthn:extension:largeBlob: true, webauthn:virtualAuthenticators: true}&#10;Session ID: 2544260066e7214d73e607460947d161" type="org.openqa.selenium.ElementNotInteractableException"><![CDATA[org.openqa.selenium.ElementNotInteractableException: 
element not interactable
  (Session info: headless chrome=96.0.4664.110)
Build info: version: '3.141.59', revision: 'e82be7d358', time: '2018-11-14T08:17:03'
System info: host: 'LIN24007907', ip: '192.168.1.13', os.name: 'Windows 10', os.arch: 'amd64', os.version: '10.0', java.version: '17'
Driver info: org.openqa.selenium.chrome.ChromeDriver
Capabilities {acceptInsecureCerts: false, browserName: chrome, browserVersion: 96.0.4664.110, chrome: {chromedriverVersion: 96.0.4664.45 (76e4c1bb2ab46..., userDataDir: C:\Users\Akundar\AppData\Lo...}, goog:chromeOptions: {debuggerAddress: localhost:51808}, javascriptEnabled: true, networkConnectionEnabled: false, pageLoadStrategy: normal, platform: WINDOWS, platformName: WINDOWS, proxy: Proxy(), setWindowRect: true, strictFileInteractability: false, timeouts: {implicit: 0, pageLoad: 300000, script: 30000}, unhandledPromptBehavior: dismiss and notify, webauthn:extension:credBlob: true, webauthn:extension:largeBlob: true, webauthn:virtualAuthenticators: true}
Session ID: 2544260066e7214d73e607460947d161
	at SeleniumTesting.AEMhdfc.HomepageTest.verifyRetirementPlansOnBanner(HomepageTest.java:87)
]]></failure>
    <system-out><![CDATA[Trying to find Element By : By.xpath: //a[@href='/retirement-and-pension-plans']//div//h2[@class='h5']
Found Element By : By.xpath: //a[@href='/retirement-and-pension-plans']//div//h2[@class='h5']
Trying to find Element By : By.xpath: //a[@href='/retirement-and-pension-plans']//div//h2[@class='h5']
Found Element By : By.xpath: //a[@href='/retirement-and-pension-plans']//div//h2[@class='h5']
Trying to click on: [[ChromeDriver: chrome on WINDOWS (2544260066e7214d73e607460947d161)] -> xpath: //a[@href='/retirement-and-pension-plans']//div//h2[@class='h5']]
]]></system-out>
  </testcase>
  <testcase name="verifyViewAllButton" classname="SeleniumTesting.AEMhdfc.HomepageTest" time="3.557">
    <system-out><![CDATA[Trying to find Element By : By.xpath: //div[@class='viewall']
Found Element By : By.xpath: //div[@class='viewall']
Trying to find Element By : By.xpath: //div[@class='viewall']
Found Element By : By.xpath: //div[@class='viewall']
Trying to click on: [[ChromeDriver: chrome on WINDOWS (2544260066e7214d73e607460947d161)] -> xpath: //div[@class='viewall']]
Clicked on: [[ChromeDriver: chrome on WINDOWS (2544260066e7214d73e607460947d161)] -> xpath: //div[@class='viewall']]
]]></system-out>
  </testcase>
  <testcase name="verifyULIPPlansOnBanner" classname="SeleniumTesting.AEMhdfc.HomepageTest" time="0">
    <skipped message="element not interactable&#10;  (Session info: headless chrome=96.0.4664.110)&#10;Build info: version: &apos;3.141.59&apos;, revision: &apos;e82be7d358&apos;, time: &apos;2018-11-14T08:17:03&apos;&#10;System info: host: &apos;LIN24007907&apos;, ip: &apos;192.168.1.13&apos;, os.name: &apos;Windows 10&apos;, os.arch: &apos;amd64&apos;, os.version: &apos;10.0&apos;, java.version: &apos;17&apos;&#10;Driver info: org.openqa.selenium.chrome.ChromeDriver&#10;Capabilities {acceptInsecureCerts: false, browserName: chrome, browserVersion: 96.0.4664.110, chrome: {chromedriverVersion: 96.0.4664.45 (76e4c1bb2ab46..., userDataDir: C:\Users\Akundar\AppData\Lo...}, goog:chromeOptions: {debuggerAddress: localhost:51808}, javascriptEnabled: true, networkConnectionEnabled: false, pageLoadStrategy: normal, platform: WINDOWS, platformName: WINDOWS, proxy: Proxy(), setWindowRect: true, strictFileInteractability: false, timeouts: {implicit: 0, pageLoad: 300000, script: 30000}, unhandledPromptBehavior: dismiss and notify, webauthn:extension:credBlob: true, webauthn:extension:largeBlob: true, webauthn:virtualAuthenticators: true}&#10;Session ID: 2544260066e7214d73e607460947d161"/>
    <system-out><![CDATA[Trying to find Element By : By.xpath: //a[@class='tile']//div//span[@class='bg-Term_plans bg-plans-4']
Found Element By : By.xpath: //a[@class='tile']//div//span[@class='bg-Term_plans bg-plans-4']
Trying to find Element By : By.xpath: //a[@class='tile']//div//span[@class='bg-Term_plans bg-plans-4']
Found Element By : By.xpath: //a[@class='tile']//div//span[@class='bg-Term_plans bg-plans-4']
Trying to click on: [[ChromeDriver: chrome on WINDOWS (2544260066e7214d73e607460947d161)] -> xpath: //a[@class='tile']//div//span[@class='bg-Term_plans bg-plans-4']]
]]></system-out>
  </testcase>
  <testcase name="verifyULIPPlansOnBanner" classname="SeleniumTesting.AEMhdfc.HomepageTest" time="0">
    <skipped message="element not interactable&#10;  (Session info: headless chrome=96.0.4664.110)&#10;Build info: version: &apos;3.141.59&apos;, revision: &apos;e82be7d358&apos;, time: &apos;2018-11-14T08:17:03&apos;&#10;System info: host: &apos;LIN24007907&apos;, ip: &apos;192.168.1.13&apos;, os.name: &apos;Windows 10&apos;, os.arch: &apos;amd64&apos;, os.version: &apos;10.0&apos;, java.version: &apos;17&apos;&#10;Driver info: org.openqa.selenium.chrome.ChromeDriver&#10;Capabilities {acceptInsecureCerts: false, browserName: chrome, browserVersion: 96.0.4664.110, chrome: {chromedriverVersion: 96.0.4664.45 (76e4c1bb2ab46..., userDataDir: C:\Users\Akundar\AppData\Lo...}, goog:chromeOptions: {debuggerAddress: localhost:51808}, javascriptEnabled: true, networkConnectionEnabled: false, pageLoadStrategy: normal, platform: WINDOWS, platformName: WINDOWS, proxy: Proxy(), setWindowRect: true, strictFileInteractability: false, timeouts: {implicit: 0, pageLoad: 300000, script: 30000}, unhandledPromptBehavior: dismiss and notify, webauthn:extension:credBlob: true, webauthn:extension:largeBlob: true, webauthn:virtualAuthenticators: true}&#10;Session ID: 2544260066e7214d73e607460947d161"/>
    <system-out><![CDATA[Trying to find Element By : By.xpath: //a[@class='tile']//div//span[@class='bg-Term_plans bg-plans-4']
Found Element By : By.xpath: //a[@class='tile']//div//span[@class='bg-Term_plans bg-plans-4']
Trying to find Element By : By.xpath: //a[@class='tile']//div//span[@class='bg-Term_plans bg-plans-4']
Found Element By : By.xpath: //a[@class='tile']//div//span[@class='bg-Term_plans bg-plans-4']
Trying to click on: [[ChromeDriver: chrome on WINDOWS (2544260066e7214d73e607460947d161)] -> xpath: //a[@class='tile']//div//span[@class='bg-Term_plans bg-plans-4']]
]]></system-out>
  </testcase>
  <testcase name="verifyULIPPlansOnBanner" classname="SeleniumTesting.AEMhdfc.HomepageTest" time="0">
    <skipped message="element not interactable&#10;  (Session info: headless chrome=96.0.4664.110)&#10;Build info: version: &apos;3.141.59&apos;, revision: &apos;e82be7d358&apos;, time: &apos;2018-11-14T08:17:03&apos;&#10;System info: host: &apos;LIN24007907&apos;, ip: &apos;192.168.1.13&apos;, os.name: &apos;Windows 10&apos;, os.arch: &apos;amd64&apos;, os.version: &apos;10.0&apos;, java.version: &apos;17&apos;&#10;Driver info: org.openqa.selenium.chrome.ChromeDriver&#10;Capabilities {acceptInsecureCerts: false, browserName: chrome, browserVersion: 96.0.4664.110, chrome: {chromedriverVersion: 96.0.4664.45 (76e4c1bb2ab46..., userDataDir: C:\Users\Akundar\AppData\Lo...}, goog:chromeOptions: {debuggerAddress: localhost:51808}, javascriptEnabled: true, networkConnectionEnabled: false, pageLoadStrategy: normal, platform: WINDOWS, platformName: WINDOWS, proxy: Proxy(), setWindowRect: true, strictFileInteractability: false, timeouts: {implicit: 0, pageLoad: 300000, script: 30000}, unhandledPromptBehavior: dismiss and notify, webauthn:extension:credBlob: true, webauthn:extension:largeBlob: true, webauthn:virtualAuthenticators: true}&#10;Session ID: 2544260066e7214d73e607460947d161"/>
    <system-out><![CDATA[Trying to find Element By : By.xpath: //a[@class='tile']//div//span[@class='bg-Term_plans bg-plans-4']
Found Element By : By.xpath: //a[@class='tile']//div//span[@class='bg-Term_plans bg-plans-4']
Trying to find Element By : By.xpath: //a[@class='tile']//div//span[@class='bg-Term_plans bg-plans-4']
Found Element By : By.xpath: //a[@class='tile']//div//span[@class='bg-Term_plans bg-plans-4']
Trying to click on: [[ChromeDriver: chrome on WINDOWS (2544260066e7214d73e607460947d161)] -> xpath: //a[@class='tile']//div//span[@class='bg-Term_plans bg-plans-4']]
]]></system-out>
  </testcase>
  <testcase name="verifyULIPPlansOnBanner" classname="SeleniumTesting.AEMhdfc.HomepageTest" time="33.104">
    <failure message="element not interactable&#10;  (Session info: headless chrome=96.0.4664.110)&#10;Build info: version: &apos;3.141.59&apos;, revision: &apos;e82be7d358&apos;, time: &apos;2018-11-14T08:17:03&apos;&#10;System info: host: &apos;LIN24007907&apos;, ip: &apos;192.168.1.13&apos;, os.name: &apos;Windows 10&apos;, os.arch: &apos;amd64&apos;, os.version: &apos;10.0&apos;, java.version: &apos;17&apos;&#10;Driver info: org.openqa.selenium.chrome.ChromeDriver&#10;Capabilities {acceptInsecureCerts: false, browserName: chrome, browserVersion: 96.0.4664.110, chrome: {chromedriverVersion: 96.0.4664.45 (76e4c1bb2ab46..., userDataDir: C:\Users\Akundar\AppData\Lo...}, goog:chromeOptions: {debuggerAddress: localhost:51808}, javascriptEnabled: true, networkConnectionEnabled: false, pageLoadStrategy: normal, platform: WINDOWS, platformName: WINDOWS, proxy: Proxy(), setWindowRect: true, strictFileInteractability: false, timeouts: {implicit: 0, pageLoad: 300000, script: 30000}, unhandledPromptBehavior: dismiss and notify, webauthn:extension:credBlob: true, webauthn:extension:largeBlob: true, webauthn:virtualAuthenticators: true}&#10;Session ID: 2544260066e7214d73e607460947d161" type="org.openqa.selenium.ElementNotInteractableException"><![CDATA[org.openqa.selenium.ElementNotInteractableException: 
element not interactable
  (Session info: headless chrome=96.0.4664.110)
Build info: version: '3.141.59', revision: 'e82be7d358', time: '2018-11-14T08:17:03'
System info: host: 'LIN24007907', ip: '192.168.1.13', os.name: 'Windows 10', os.arch: 'amd64', os.version: '10.0', java.version: '17'
Driver info: org.openqa.selenium.chrome.ChromeDriver
Capabilities {acceptInsecureCerts: false, browserName: chrome, browserVersion: 96.0.4664.110, chrome: {chromedriverVersion: 96.0.4664.45 (76e4c1bb2ab46..., userDataDir: C:\Users\Akundar\AppData\Lo...}, goog:chromeOptions: {debuggerAddress: localhost:51808}, javascriptEnabled: true, networkConnectionEnabled: false, pageLoadStrategy: normal, platform: WINDOWS, platformName: WINDOWS, proxy: Proxy(), setWindowRect: true, strictFileInteractability: false, timeouts: {implicit: 0, pageLoad: 300000, script: 30000}, unhandledPromptBehavior: dismiss and notify, webauthn:extension:credBlob: true, webauthn:extension:largeBlob: true, webauthn:virtualAuthenticators: true}
Session ID: 2544260066e7214d73e607460947d161
	at SeleniumTesting.AEMhdfc.HomepageTest.verifyULIPPlansOnBanner(HomepageTest.java:94)
]]></failure>
    <system-out><![CDATA[Trying to find Element By : By.xpath: //a[@class='tile']//div//span[@class='bg-Term_plans bg-plans-4']
Found Element By : By.xpath: //a[@class='tile']//div//span[@class='bg-Term_plans bg-plans-4']
Trying to find Element By : By.xpath: //a[@class='tile']//div//span[@class='bg-Term_plans bg-plans-4']
Found Element By : By.xpath: //a[@class='tile']//div//span[@class='bg-Term_plans bg-plans-4']
Trying to click on: [[ChromeDriver: chrome on WINDOWS (2544260066e7214d73e607460947d161)] -> xpath: //a[@class='tile']//div//span[@class='bg-Term_plans bg-plans-4']]
]]></system-out>
  </testcase>
  <testcase name="verifyFixedMaturityPlanOnBanner" classname="SeleniumTesting.AEMhdfc.HomepageTest" time="0">
    <skipped message="element not interactable&#10;  (Session info: headless chrome=96.0.4664.110)&#10;Build info: version: &apos;3.141.59&apos;, revision: &apos;e82be7d358&apos;, time: &apos;2018-11-14T08:17:03&apos;&#10;System info: host: &apos;LIN24007907&apos;, ip: &apos;192.168.1.13&apos;, os.name: &apos;Windows 10&apos;, os.arch: &apos;amd64&apos;, os.version: &apos;10.0&apos;, java.version: &apos;17&apos;&#10;Driver info: org.openqa.selenium.chrome.ChromeDriver&#10;Capabilities {acceptInsecureCerts: false, browserName: chrome, browserVersion: 96.0.4664.110, chrome: {chromedriverVersion: 96.0.4664.45 (76e4c1bb2ab46..., userDataDir: C:\Users\Akundar\AppData\Lo...}, goog:chromeOptions: {debuggerAddress: localhost:51808}, javascriptEnabled: true, networkConnectionEnabled: false, pageLoadStrategy: normal, platform: WINDOWS, platformName: WINDOWS, proxy: Proxy(), setWindowRect: true, strictFileInteractability: false, timeouts: {implicit: 0, pageLoad: 300000, script: 30000}, unhandledPromptBehavior: dismiss and notify, webauthn:extension:credBlob: true, webauthn:extension:largeBlob: true, webauthn:virtualAuthenticators: true}&#10;Session ID: 2544260066e7214d73e607460947d161"/>
    <system-out><![CDATA[Trying to find Element By : By.xpath: //div[@class='viewall']
Found Element By : By.xpath: //div[@class='viewall']
Trying to find Element By : By.xpath: //div[@class='viewall']
Found Element By : By.xpath: //div[@class='viewall']
Trying to click on: [[ChromeDriver: chrome on WINDOWS (2544260066e7214d73e607460947d161)] -> xpath: //div[@class='viewall']]
]]></system-out>
  </testcase>
  <testcase name="verifyFixedMaturityPlanOnBanner" classname="SeleniumTesting.AEMhdfc.HomepageTest" time="0">
    <skipped message="element not interactable&#10;  (Session info: headless chrome=96.0.4664.110)&#10;Build info: version: &apos;3.141.59&apos;, revision: &apos;e82be7d358&apos;, time: &apos;2018-11-14T08:17:03&apos;&#10;System info: host: &apos;LIN24007907&apos;, ip: &apos;192.168.1.13&apos;, os.name: &apos;Windows 10&apos;, os.arch: &apos;amd64&apos;, os.version: &apos;10.0&apos;, java.version: &apos;17&apos;&#10;Driver info: org.openqa.selenium.chrome.ChromeDriver&#10;Capabilities {acceptInsecureCerts: false, browserName: chrome, browserVersion: 96.0.4664.110, chrome: {chromedriverVersion: 96.0.4664.45 (76e4c1bb2ab46..., userDataDir: C:\Users\Akundar\AppData\Lo...}, goog:chromeOptions: {debuggerAddress: localhost:51808}, javascriptEnabled: true, networkConnectionEnabled: false, pageLoadStrategy: normal, platform: WINDOWS, platformName: WINDOWS, proxy: Proxy(), setWindowRect: true, strictFileInteractability: false, timeouts: {implicit: 0, pageLoad: 300000, script: 30000}, unhandledPromptBehavior: dismiss and notify, webauthn:extension:credBlob: true, webauthn:extension:largeBlob: true, webauthn:virtualAuthenticators: true}&#10;Session ID: 2544260066e7214d73e607460947d161"/>
    <system-out><![CDATA[Trying to find Element By : By.xpath: //div[@class='viewall']
Found Element By : By.xpath: //div[@class='viewall']
Trying to find Element By : By.xpath: //div[@class='viewall']
Found Element By : By.xpath: //div[@class='viewall']
Trying to click on: [[ChromeDriver: chrome on WINDOWS (2544260066e7214d73e607460947d161)] -> xpath: //div[@class='viewall']]
]]></system-out>
  </testcase>
  <testcase name="verifyFixedMaturityPlanOnBanner" classname="SeleniumTesting.AEMhdfc.HomepageTest" time="0">
    <skipped message="element not interactable&#10;  (Session info: headless chrome=96.0.4664.110)&#10;Build info: version: &apos;3.141.59&apos;, revision: &apos;e82be7d358&apos;, time: &apos;2018-11-14T08:17:03&apos;&#10;System info: host: &apos;LIN24007907&apos;, ip: &apos;192.168.1.13&apos;, os.name: &apos;Windows 10&apos;, os.arch: &apos;amd64&apos;, os.version: &apos;10.0&apos;, java.version: &apos;17&apos;&#10;Driver info: org.openqa.selenium.chrome.ChromeDriver&#10;Capabilities {acceptInsecureCerts: false, browserName: chrome, browserVersion: 96.0.4664.110, chrome: {chromedriverVersion: 96.0.4664.45 (76e4c1bb2ab46..., userDataDir: C:\Users\Akundar\AppData\Lo...}, goog:chromeOptions: {debuggerAddress: localhost:51808}, javascriptEnabled: true, networkConnectionEnabled: false, pageLoadStrategy: normal, platform: WINDOWS, platformName: WINDOWS, proxy: Proxy(), setWindowRect: true, strictFileInteractability: false, timeouts: {implicit: 0, pageLoad: 300000, script: 30000}, unhandledPromptBehavior: dismiss and notify, webauthn:extension:credBlob: true, webauthn:extension:largeBlob: true, webauthn:virtualAuthenticators: true}&#10;Session ID: 2544260066e7214d73e607460947d161"/>
    <system-out><![CDATA[Trying to find Element By : By.xpath: //div[@class='viewall']
Found Element By : By.xpath: //div[@class='viewall']
Trying to find Element By : By.xpath: //div[@class='viewall']
Found Element By : By.xpath: //div[@class='viewall']
Trying to click on: [[ChromeDriver: chrome on WINDOWS (2544260066e7214d73e607460947d161)] -> xpath: //div[@class='viewall']]
]]></system-out>
  </testcase>
  <testcase name="verifyFixedMaturityPlanOnBanner" classname="SeleniumTesting.AEMhdfc.HomepageTest" time="30.079">
    <failure message="element not interactable&#10;  (Session info: headless chrome=96.0.4664.110)&#10;Build info: version: &apos;3.141.59&apos;, revision: &apos;e82be7d358&apos;, time: &apos;2018-11-14T08:17:03&apos;&#10;System info: host: &apos;LIN24007907&apos;, ip: &apos;192.168.1.13&apos;, os.name: &apos;Windows 10&apos;, os.arch: &apos;amd64&apos;, os.version: &apos;10.0&apos;, java.version: &apos;17&apos;&#10;Driver info: org.openqa.selenium.chrome.ChromeDriver&#10;Capabilities {acceptInsecureCerts: false, browserName: chrome, browserVersion: 96.0.4664.110, chrome: {chromedriverVersion: 96.0.4664.45 (76e4c1bb2ab46..., userDataDir: C:\Users\Akundar\AppData\Lo...}, goog:chromeOptions: {debuggerAddress: localhost:51808}, javascriptEnabled: true, networkConnectionEnabled: false, pageLoadStrategy: normal, platform: WINDOWS, platformName: WINDOWS, proxy: Proxy(), setWindowRect: true, strictFileInteractability: false, timeouts: {implicit: 0, pageLoad: 300000, script: 30000}, unhandledPromptBehavior: dismiss and notify, webauthn:extension:credBlob: true, webauthn:extension:largeBlob: true, webauthn:virtualAuthenticators: true}&#10;Session ID: 2544260066e7214d73e607460947d161" type="org.openqa.selenium.ElementNotInteractableException"><![CDATA[org.openqa.selenium.ElementNotInteractableException: 
element not interactable
  (Session info: headless chrome=96.0.4664.110)
Build info: version: '3.141.59', revision: 'e82be7d358', time: '2018-11-14T08:17:03'
System info: host: 'LIN24007907', ip: '192.168.1.13', os.name: 'Windows 10', os.arch: 'amd64', os.version: '10.0', java.version: '17'
Driver info: org.openqa.selenium.chrome.ChromeDriver
Capabilities {acceptInsecureCerts: false, browserName: chrome, browserVersion: 96.0.4664.110, chrome: {chromedriverVersion: 96.0.4664.45 (76e4c1bb2ab46..., userDataDir: C:\Users\Akundar\AppData\Lo...}, goog:chromeOptions: {debuggerAddress: localhost:51808}, javascriptEnabled: true, networkConnectionEnabled: false, pageLoadStrategy: normal, platform: WINDOWS, platformName: WINDOWS, proxy: Proxy(), setWindowRect: true, strictFileInteractability: false, timeouts: {implicit: 0, pageLoad: 300000, script: 30000}, unhandledPromptBehavior: dismiss and notify, webauthn:extension:credBlob: true, webauthn:extension:largeBlob: true, webauthn:virtualAuthenticators: true}
Session ID: 2544260066e7214d73e607460947d161
	at SeleniumTesting.AEMhdfc.HomepageTest.verifyFixedMaturityPlanOnBanner(HomepageTest.java:72)
]]></failure>
    <system-out><![CDATA[Trying to find Element By : By.xpath: //div[@class='viewall']
Found Element By : By.xpath: //div[@class='viewall']
Trying to find Element By : By.xpath: //div[@class='viewall']
Found Element By : By.xpath: //div[@class='viewall']
Trying to click on: [[ChromeDriver: chrome on WINDOWS (2544260066e7214d73e607460947d161)] -> xpath: //div[@class='viewall']]
]]></system-out>
  </testcase>
  <testcase name="verifyHealthPlansOnBanner" classname="SeleniumTesting.AEMhdfc.HomepageTest" time="0">
    <skipped message="element not interactable&#10;  (Session info: headless chrome=96.0.4664.110)&#10;Build info: version: &apos;3.141.59&apos;, revision: &apos;e82be7d358&apos;, time: &apos;2018-11-14T08:17:03&apos;&#10;System info: host: &apos;LIN24007907&apos;, ip: &apos;192.168.1.13&apos;, os.name: &apos;Windows 10&apos;, os.arch: &apos;amd64&apos;, os.version: &apos;10.0&apos;, java.version: &apos;17&apos;&#10;Driver info: org.openqa.selenium.chrome.ChromeDriver&#10;Capabilities {acceptInsecureCerts: false, browserName: chrome, browserVersion: 96.0.4664.110, chrome: {chromedriverVersion: 96.0.4664.45 (76e4c1bb2ab46..., userDataDir: C:\Users\Akundar\AppData\Lo...}, goog:chromeOptions: {debuggerAddress: localhost:51808}, javascriptEnabled: true, networkConnectionEnabled: false, pageLoadStrategy: normal, platform: WINDOWS, platformName: WINDOWS, proxy: Proxy(), setWindowRect: true, strictFileInteractability: false, timeouts: {implicit: 0, pageLoad: 300000, script: 30000}, unhandledPromptBehavior: dismiss and notify, webauthn:extension:credBlob: true, webauthn:extension:largeBlob: true, webauthn:virtualAuthenticators: true}&#10;Session ID: 2544260066e7214d73e607460947d161"/>
    <system-out><![CDATA[Trying to find Element By : By.xpath: //div[@class='viewall']
Found Element By : By.xpath: //div[@class='viewall']
Trying to find Element By : By.xpath: //div[@class='viewall']
Found Element By : By.xpath: //div[@class='viewall']
Trying to click on: [[ChromeDriver: chrome on WINDOWS (2544260066e7214d73e607460947d161)] -> xpath: //div[@class='viewall']]
]]></system-out>
  </testcase>
  <testcase name="verifyHealthPlansOnBanner" classname="SeleniumTesting.AEMhdfc.HomepageTest" time="0">
    <skipped message="element not interactable&#10;  (Session info: headless chrome=96.0.4664.110)&#10;Build info: version: &apos;3.141.59&apos;, revision: &apos;e82be7d358&apos;, time: &apos;2018-11-14T08:17:03&apos;&#10;System info: host: &apos;LIN24007907&apos;, ip: &apos;192.168.1.13&apos;, os.name: &apos;Windows 10&apos;, os.arch: &apos;amd64&apos;, os.version: &apos;10.0&apos;, java.version: &apos;17&apos;&#10;Driver info: org.openqa.selenium.chrome.ChromeDriver&#10;Capabilities {acceptInsecureCerts: false, browserName: chrome, browserVersion: 96.0.4664.110, chrome: {chromedriverVersion: 96.0.4664.45 (76e4c1bb2ab46..., userDataDir: C:\Users\Akundar\AppData\Lo...}, goog:chromeOptions: {debuggerAddress: localhost:51808}, javascriptEnabled: true, networkConnectionEnabled: false, pageLoadStrategy: normal, platform: WINDOWS, platformName: WINDOWS, proxy: Proxy(), setWindowRect: true, strictFileInteractability: false, timeouts: {implicit: 0, pageLoad: 300000, script: 30000}, unhandledPromptBehavior: dismiss and notify, webauthn:extension:credBlob: true, webauthn:extension:largeBlob: true, webauthn:virtualAuthenticators: true}&#10;Session ID: 2544260066e7214d73e607460947d161"/>
    <system-out><![CDATA[Trying to find Element By : By.xpath: //div[@class='viewall']
Found Element By : By.xpath: //div[@class='viewall']
Trying to find Element By : By.xpath: //div[@class='viewall']
Found Element By : By.xpath: //div[@class='viewall']
Trying to click on: [[ChromeDriver: chrome on WINDOWS (2544260066e7214d73e607460947d161)] -> xpath: //div[@class='viewall']]
]]></system-out>
  </testcase>
  <testcase name="verifyHealthPlansOnBanner" classname="SeleniumTesting.AEMhdfc.HomepageTest" time="0">
    <skipped message="element not interactable&#10;  (Session info: headless chrome=96.0.4664.110)&#10;Build info: version: &apos;3.141.59&apos;, revision: &apos;e82be7d358&apos;, time: &apos;2018-11-14T08:17:03&apos;&#10;System info: host: &apos;LIN24007907&apos;, ip: &apos;192.168.1.13&apos;, os.name: &apos;Windows 10&apos;, os.arch: &apos;amd64&apos;, os.version: &apos;10.0&apos;, java.version: &apos;17&apos;&#10;Driver info: org.openqa.selenium.chrome.ChromeDriver&#10;Capabilities {acceptInsecureCerts: false, browserName: chrome, browserVersion: 96.0.4664.110, chrome: {chromedriverVersion: 96.0.4664.45 (76e4c1bb2ab46..., userDataDir: C:\Users\Akundar\AppData\Lo...}, goog:chromeOptions: {debuggerAddress: localhost:51808}, javascriptEnabled: true, networkConnectionEnabled: false, pageLoadStrategy: normal, platform: WINDOWS, platformName: WINDOWS, proxy: Proxy(), setWindowRect: true, strictFileInteractability: false, timeouts: {implicit: 0, pageLoad: 300000, script: 30000}, unhandledPromptBehavior: dismiss and notify, webauthn:extension:credBlob: true, webauthn:extension:largeBlob: true, webauthn:virtualAuthenticators: true}&#10;Session ID: 2544260066e7214d73e607460947d161"/>
    <system-out><![CDATA[Trying to find Element By : By.xpath: //div[@class='viewall']
Found Element By : By.xpath: //div[@class='viewall']
Trying to find Element By : By.xpath: //div[@class='viewall']
Found Element By : By.xpath: //div[@class='viewall']
Trying to click on: [[ChromeDriver: chrome on WINDOWS (2544260066e7214d73e607460947d161)] -> xpath: //div[@class='viewall']]
]]></system-out>
  </testcase>
  <testcase name="verifyHealthPlansOnBanner" classname="SeleniumTesting.AEMhdfc.HomepageTest" time="30.079">
    <failure message="element not interactable&#10;  (Session info: headless chrome=96.0.4664.110)&#10;Build info: version: &apos;3.141.59&apos;, revision: &apos;e82be7d358&apos;, time: &apos;2018-11-14T08:17:03&apos;&#10;System info: host: &apos;LIN24007907&apos;, ip: &apos;192.168.1.13&apos;, os.name: &apos;Windows 10&apos;, os.arch: &apos;amd64&apos;, os.version: &apos;10.0&apos;, java.version: &apos;17&apos;&#10;Driver info: org.openqa.selenium.chrome.ChromeDriver&#10;Capabilities {acceptInsecureCerts: false, browserName: chrome, browserVersion: 96.0.4664.110, chrome: {chromedriverVersion: 96.0.4664.45 (76e4c1bb2ab46..., userDataDir: C:\Users\Akundar\AppData\Lo...}, goog:chromeOptions: {debuggerAddress: localhost:51808}, javascriptEnabled: true, networkConnectionEnabled: false, pageLoadStrategy: normal, platform: WINDOWS, platformName: WINDOWS, proxy: Proxy(), setWindowRect: true, strictFileInteractability: false, timeouts: {implicit: 0, pageLoad: 300000, script: 30000}, unhandledPromptBehavior: dismiss and notify, webauthn:extension:credBlob: true, webauthn:extension:largeBlob: true, webauthn:virtualAuthenticators: true}&#10;Session ID: 2544260066e7214d73e607460947d161" type="org.openqa.selenium.ElementNotInteractableException"><![CDATA[org.openqa.selenium.ElementNotInteractableException: 
element not interactable
  (Session info: headless chrome=96.0.4664.110)
Build info: version: '3.141.59', revision: 'e82be7d358', time: '2018-11-14T08:17:03'
System info: host: 'LIN24007907', ip: '192.168.1.13', os.name: 'Windows 10', os.arch: 'amd64', os.version: '10.0', java.version: '17'
Driver info: org.openqa.selenium.chrome.ChromeDriver
Capabilities {acceptInsecureCerts: false, browserName: chrome, browserVersion: 96.0.4664.110, chrome: {chromedriverVersion: 96.0.4664.45 (76e4c1bb2ab46..., userDataDir: C:\Users\Akundar\AppData\Lo...}, goog:chromeOptions: {debuggerAddress: localhost:51808}, javascriptEnabled: true, networkConnectionEnabled: false, pageLoadStrategy: normal, platform: WINDOWS, platformName: WINDOWS, proxy: Proxy(), setWindowRect: true, strictFileInteractability: false, timeouts: {implicit: 0, pageLoad: 300000, script: 30000}, unhandledPromptBehavior: dismiss and notify, webauthn:extension:credBlob: true, webauthn:extension:largeBlob: true, webauthn:virtualAuthenticators: true}
Session ID: 2544260066e7214d73e607460947d161
	at SeleniumTesting.AEMhdfc.HomepageTest.verifyHealthPlansOnBanner(HomepageTest.java:114)
]]></failure>
    <system-out><![CDATA[Trying to find Element By : By.xpath: //div[@class='viewall']
Found Element By : By.xpath: //div[@class='viewall']
Trying to find Element By : By.xpath: //div[@class='viewall']
Found Element By : By.xpath: //div[@class='viewall']
Trying to click on: [[ChromeDriver: chrome on WINDOWS (2544260066e7214d73e607460947d161)] -> xpath: //div[@class='viewall']]
]]></system-out>
  </testcase>
  <testcase name="verifyPosPlansOnBanner" classname="SeleniumTesting.AEMhdfc.HomepageTest" time="0">
    <skipped message="element not interactable&#10;  (Session info: headless chrome=96.0.4664.110)&#10;Build info: version: &apos;3.141.59&apos;, revision: &apos;e82be7d358&apos;, time: &apos;2018-11-14T08:17:03&apos;&#10;System info: host: &apos;LIN24007907&apos;, ip: &apos;192.168.1.13&apos;, os.name: &apos;Windows 10&apos;, os.arch: &apos;amd64&apos;, os.version: &apos;10.0&apos;, java.version: &apos;17&apos;&#10;Driver info: org.openqa.selenium.chrome.ChromeDriver&#10;Capabilities {acceptInsecureCerts: false, browserName: chrome, browserVersion: 96.0.4664.110, chrome: {chromedriverVersion: 96.0.4664.45 (76e4c1bb2ab46..., userDataDir: C:\Users\Akundar\AppData\Lo...}, goog:chromeOptions: {debuggerAddress: localhost:51808}, javascriptEnabled: true, networkConnectionEnabled: false, pageLoadStrategy: normal, platform: WINDOWS, platformName: WINDOWS, proxy: Proxy(), setWindowRect: true, strictFileInteractability: false, timeouts: {implicit: 0, pageLoad: 300000, script: 30000}, unhandledPromptBehavior: dismiss and notify, webauthn:extension:credBlob: true, webauthn:extension:largeBlob: true, webauthn:virtualAuthenticators: true}&#10;Session ID: 2544260066e7214d73e607460947d161"/>
    <system-out><![CDATA[Trying to find Element By : By.xpath: //div[@class='viewall']
Found Element By : By.xpath: //div[@class='viewall']
Trying to find Element By : By.xpath: //div[@class='viewall']
Found Element By : By.xpath: //div[@class='viewall']
Trying to click on: [[ChromeDriver: chrome on WINDOWS (2544260066e7214d73e607460947d161)] -> xpath: //div[@class='viewall']]
]]></system-out>
  </testcase>
  <testcase name="verifyPosPlansOnBanner" classname="SeleniumTesting.AEMhdfc.HomepageTest" time="0">
    <skipped message="element not interactable&#10;  (Session info: headless chrome=96.0.4664.110)&#10;Build info: version: &apos;3.141.59&apos;, revision: &apos;e82be7d358&apos;, time: &apos;2018-11-14T08:17:03&apos;&#10;System info: host: &apos;LIN24007907&apos;, ip: &apos;192.168.1.13&apos;, os.name: &apos;Windows 10&apos;, os.arch: &apos;amd64&apos;, os.version: &apos;10.0&apos;, java.version: &apos;17&apos;&#10;Driver info: org.openqa.selenium.chrome.ChromeDriver&#10;Capabilities {acceptInsecureCerts: false, browserName: chrome, browserVersion: 96.0.4664.110, chrome: {chromedriverVersion: 96.0.4664.45 (76e4c1bb2ab46..., userDataDir: C:\Users\Akundar\AppData\Lo...}, goog:chromeOptions: {debuggerAddress: localhost:51808}, javascriptEnabled: true, networkConnectionEnabled: false, pageLoadStrategy: normal, platform: WINDOWS, platformName: WINDOWS, proxy: Proxy(), setWindowRect: true, strictFileInteractability: false, timeouts: {implicit: 0, pageLoad: 300000, script: 30000}, unhandledPromptBehavior: dismiss and notify, webauthn:extension:credBlob: true, webauthn:extension:largeBlob: true, webauthn:virtualAuthenticators: true}&#10;Session ID: 2544260066e7214d73e607460947d161"/>
    <system-out><![CDATA[Trying to find Element By : By.xpath: //div[@class='viewall']
Found Element By : By.xpath: //div[@class='viewall']
Trying to find Element By : By.xpath: //div[@class='viewall']
Found Element By : By.xpath: //div[@class='viewall']
Trying to click on: [[ChromeDriver: chrome on WINDOWS (2544260066e7214d73e607460947d161)] -> xpath: //div[@class='viewall']]
]]></system-out>
  </testcase>
  <testcase name="verifyPosPlansOnBanner" classname="SeleniumTesting.AEMhdfc.HomepageTest" time="0">
    <skipped message="element not interactable&#10;  (Session info: headless chrome=96.0.4664.110)&#10;Build info: version: &apos;3.141.59&apos;, revision: &apos;e82be7d358&apos;, time: &apos;2018-11-14T08:17:03&apos;&#10;System info: host: &apos;LIN24007907&apos;, ip: &apos;192.168.1.13&apos;, os.name: &apos;Windows 10&apos;, os.arch: &apos;amd64&apos;, os.version: &apos;10.0&apos;, java.version: &apos;17&apos;&#10;Driver info: org.openqa.selenium.chrome.ChromeDriver&#10;Capabilities {acceptInsecureCerts: false, browserName: chrome, browserVersion: 96.0.4664.110, chrome: {chromedriverVersion: 96.0.4664.45 (76e4c1bb2ab46..., userDataDir: C:\Users\Akundar\AppData\Lo...}, goog:chromeOptions: {debuggerAddress: localhost:51808}, javascriptEnabled: true, networkConnectionEnabled: false, pageLoadStrategy: normal, platform: WINDOWS, platformName: WINDOWS, proxy: Proxy(), setWindowRect: true, strictFileInteractability: false, timeouts: {implicit: 0, pageLoad: 300000, script: 30000}, unhandledPromptBehavior: dismiss and notify, webauthn:extension:credBlob: true, webauthn:extension:largeBlob: true, webauthn:virtualAuthenticators: true}&#10;Session ID: 2544260066e7214d73e607460947d161"/>
    <system-out><![CDATA[Trying to find Element By : By.xpath: //div[@class='viewall']
Found Element By : By.xpath: //div[@class='viewall']
Trying to find Element By : By.xpath: //div[@class='viewall']
Found Element By : By.xpath: //div[@class='viewall']
Trying to click on: [[ChromeDriver: chrome on WINDOWS (2544260066e7214d73e607460947d161)] -> xpath: //div[@class='viewall']]
]]></system-out>
  </testcase>
  <testcase name="verifyPosPlansOnBanner" classname="SeleniumTesting.AEMhdfc.HomepageTest" time="30.047">
    <failure message="element not interactable&#10;  (Session info: headless chrome=96.0.4664.110)&#10;Build info: version: &apos;3.141.59&apos;, revision: &apos;e82be7d358&apos;, time: &apos;2018-11-14T08:17:03&apos;&#10;System info: host: &apos;LIN24007907&apos;, ip: &apos;192.168.1.13&apos;, os.name: &apos;Windows 10&apos;, os.arch: &apos;amd64&apos;, os.version: &apos;10.0&apos;, java.version: &apos;17&apos;&#10;Driver info: org.openqa.selenium.chrome.ChromeDriver&#10;Capabilities {acceptInsecureCerts: false, browserName: chrome, browserVersion: 96.0.4664.110, chrome: {chromedriverVersion: 96.0.4664.45 (76e4c1bb2ab46..., userDataDir: C:\Users\Akundar\AppData\Lo...}, goog:chromeOptions: {debuggerAddress: localhost:51808}, javascriptEnabled: true, networkConnectionEnabled: false, pageLoadStrategy: normal, platform: WINDOWS, platformName: WINDOWS, proxy: Proxy(), setWindowRect: true, strictFileInteractability: false, timeouts: {implicit: 0, pageLoad: 300000, script: 30000}, unhandledPromptBehavior: dismiss and notify, webauthn:extension:credBlob: true, webauthn:extension:largeBlob: true, webauthn:virtualAuthenticators: true}&#10;Session ID: 2544260066e7214d73e607460947d161" type="org.openqa.selenium.ElementNotInteractableException"><![CDATA[org.openqa.selenium.ElementNotInteractableException: 
element not interactable
  (Session info: headless chrome=96.0.4664.110)
Build info: version: '3.141.59', revision: 'e82be7d358', time: '2018-11-14T08:17:03'
System info: host: 'LIN24007907', ip: '192.168.1.13', os.name: 'Windows 10', os.arch: 'amd64', os.version: '10.0', java.version: '17'
Driver info: org.openqa.selenium.chrome.ChromeDriver
Capabilities {acceptInsecureCerts: false, browserName: chrome, browserVersion: 96.0.4664.110, chrome: {chromedriverVersion: 96.0.4664.45 (76e4c1bb2ab46..., userDataDir: C:\Users\Akundar\AppData\Lo...}, goog:chromeOptions: {debuggerAddress: localhost:51808}, javascriptEnabled: true, networkConnectionEnabled: false, pageLoadStrategy: normal, platform: WINDOWS, platformName: WINDOWS, proxy: Proxy(), setWindowRect: true, strictFileInteractability: false, timeouts: {implicit: 0, pageLoad: 300000, script: 30000}, unhandledPromptBehavior: dismiss and notify, webauthn:extension:credBlob: true, webauthn:extension:largeBlob: true, webauthn:virtualAuthenticators: true}
Session ID: 2544260066e7214d73e607460947d161
	at SeleniumTesting.AEMhdfc.HomepageTest.verifyPosPlansOnBanner(HomepageTest.java:122)
]]></failure>
    <system-out><![CDATA[Trying to find Element By : By.xpath: //div[@class='viewall']
Found Element By : By.xpath: //div[@class='viewall']
Trying to find Element By : By.xpath: //div[@class='viewall']
Found Element By : By.xpath: //div[@class='viewall']
Trying to click on: [[ChromeDriver: chrome on WINDOWS (2544260066e7214d73e607460947d161)] -> xpath: //div[@class='viewall']]
]]></system-out>
  </testcase>
  <testcase name="verifyComboPlansOnBanner" classname="SeleniumTesting.AEMhdfc.HomepageTest" time="0">
    <skipped message="element not interactable&#10;  (Session info: headless chrome=96.0.4664.110)&#10;Build info: version: &apos;3.141.59&apos;, revision: &apos;e82be7d358&apos;, time: &apos;2018-11-14T08:17:03&apos;&#10;System info: host: &apos;LIN24007907&apos;, ip: &apos;192.168.1.13&apos;, os.name: &apos;Windows 10&apos;, os.arch: &apos;amd64&apos;, os.version: &apos;10.0&apos;, java.version: &apos;17&apos;&#10;Driver info: org.openqa.selenium.chrome.ChromeDriver&#10;Capabilities {acceptInsecureCerts: false, browserName: chrome, browserVersion: 96.0.4664.110, chrome: {chromedriverVersion: 96.0.4664.45 (76e4c1bb2ab46..., userDataDir: C:\Users\Akundar\AppData\Lo...}, goog:chromeOptions: {debuggerAddress: localhost:51808}, javascriptEnabled: true, networkConnectionEnabled: false, pageLoadStrategy: normal, platform: WINDOWS, platformName: WINDOWS, proxy: Proxy(), setWindowRect: true, strictFileInteractability: false, timeouts: {implicit: 0, pageLoad: 300000, script: 30000}, unhandledPromptBehavior: dismiss and notify, webauthn:extension:credBlob: true, webauthn:extension:largeBlob: true, webauthn:virtualAuthenticators: true}&#10;Session ID: 2544260066e7214d73e607460947d161"/>
    <system-out><![CDATA[Trying to find Element By : By.xpath: //div[@class='viewall']
Found Element By : By.xpath: //div[@class='viewall']
Trying to find Element By : By.xpath: //div[@class='viewall']
Found Element By : By.xpath: //div[@class='viewall']
Trying to click on: [[ChromeDriver: chrome on WINDOWS (2544260066e7214d73e607460947d161)] -> xpath: //div[@class='viewall']]
]]></system-out>
  </testcase>
  <testcase name="verifyComboPlansOnBanner" classname="SeleniumTesting.AEMhdfc.HomepageTest" time="0">
    <skipped message="element not interactable&#10;  (Session info: headless chrome=96.0.4664.110)&#10;Build info: version: &apos;3.141.59&apos;, revision: &apos;e82be7d358&apos;, time: &apos;2018-11-14T08:17:03&apos;&#10;System info: host: &apos;LIN24007907&apos;, ip: &apos;192.168.1.13&apos;, os.name: &apos;Windows 10&apos;, os.arch: &apos;amd64&apos;, os.version: &apos;10.0&apos;, java.version: &apos;17&apos;&#10;Driver info: org.openqa.selenium.chrome.ChromeDriver&#10;Capabilities {acceptInsecureCerts: false, browserName: chrome, browserVersion: 96.0.4664.110, chrome: {chromedriverVersion: 96.0.4664.45 (76e4c1bb2ab46..., userDataDir: C:\Users\Akundar\AppData\Lo...}, goog:chromeOptions: {debuggerAddress: localhost:51808}, javascriptEnabled: true, networkConnectionEnabled: false, pageLoadStrategy: normal, platform: WINDOWS, platformName: WINDOWS, proxy: Proxy(), setWindowRect: true, strictFileInteractability: false, timeouts: {implicit: 0, pageLoad: 300000, script: 30000}, unhandledPromptBehavior: dismiss and notify, webauthn:extension:credBlob: true, webauthn:extension:largeBlob: true, webauthn:virtualAuthenticators: true}&#10;Session ID: 2544260066e7214d73e607460947d161"/>
    <system-out><![CDATA[Trying to find Element By : By.xpath: //div[@class='viewall']
Found Element By : By.xpath: //div[@class='viewall']
Trying to find Element By : By.xpath: //div[@class='viewall']
Found Element By : By.xpath: //div[@class='viewall']
Trying to click on: [[ChromeDriver: chrome on WINDOWS (2544260066e7214d73e607460947d161)] -> xpath: //div[@class='viewall']]
]]></system-out>
  </testcase>
  <testcase name="verifyComboPlansOnBanner" classname="SeleniumTesting.AEMhdfc.HomepageTest" time="0">
    <skipped message="element not interactable&#10;  (Session info: headless chrome=96.0.4664.110)&#10;Build info: version: &apos;3.141.59&apos;, revision: &apos;e82be7d358&apos;, time: &apos;2018-11-14T08:17:03&apos;&#10;System info: host: &apos;LIN24007907&apos;, ip: &apos;192.168.1.13&apos;, os.name: &apos;Windows 10&apos;, os.arch: &apos;amd64&apos;, os.version: &apos;10.0&apos;, java.version: &apos;17&apos;&#10;Driver info: org.openqa.selenium.chrome.ChromeDriver&#10;Capabilities {acceptInsecureCerts: false, browserName: chrome, browserVersion: 96.0.4664.110, chrome: {chromedriverVersion: 96.0.4664.45 (76e4c1bb2ab46..., userDataDir: C:\Users\Akundar\AppData\Lo...}, goog:chromeOptions: {debuggerAddress: localhost:51808}, javascriptEnabled: true, networkConnectionEnabled: false, pageLoadStrategy: normal, platform: WINDOWS, platformName: WINDOWS, proxy: Proxy(), setWindowRect: true, strictFileInteractability: false, timeouts: {implicit: 0, pageLoad: 300000, script: 30000}, unhandledPromptBehavior: dismiss and notify, webauthn:extension:credBlob: true, webauthn:extension:largeBlob: true, webauthn:virtualAuthenticators: true}&#10;Session ID: 2544260066e7214d73e607460947d161"/>
    <system-out><![CDATA[Trying to find Element By : By.xpath: //div[@class='viewall']
Found Element By : By.xpath: //div[@class='viewall']
Trying to find Element By : By.xpath: //div[@class='viewall']
Found Element By : By.xpath: //div[@class='viewall']
Trying to click on: [[ChromeDriver: chrome on WINDOWS (2544260066e7214d73e607460947d161)] -> xpath: //div[@class='viewall']]
]]></system-out>
  </testcase>
  <testcase name="verifyComboPlansOnBanner" classname="SeleniumTesting.AEMhdfc.HomepageTest" time="30.061">
    <failure message="element not interactable&#10;  (Session info: headless chrome=96.0.4664.110)&#10;Build info: version: &apos;3.141.59&apos;, revision: &apos;e82be7d358&apos;, time: &apos;2018-11-14T08:17:03&apos;&#10;System info: host: &apos;LIN24007907&apos;, ip: &apos;192.168.1.13&apos;, os.name: &apos;Windows 10&apos;, os.arch: &apos;amd64&apos;, os.version: &apos;10.0&apos;, java.version: &apos;17&apos;&#10;Driver info: org.openqa.selenium.chrome.ChromeDriver&#10;Capabilities {acceptInsecureCerts: false, browserName: chrome, browserVersion: 96.0.4664.110, chrome: {chromedriverVersion: 96.0.4664.45 (76e4c1bb2ab46..., userDataDir: C:\Users\Akundar\AppData\Lo...}, goog:chromeOptions: {debuggerAddress: localhost:51808}, javascriptEnabled: true, networkConnectionEnabled: false, pageLoadStrategy: normal, platform: WINDOWS, platformName: WINDOWS, proxy: Proxy(), setWindowRect: true, strictFileInteractability: false, timeouts: {implicit: 0, pageLoad: 300000, script: 30000}, unhandledPromptBehavior: dismiss and notify, webauthn:extension:credBlob: true, webauthn:extension:largeBlob: true, webauthn:virtualAuthenticators: true}&#10;Session ID: 2544260066e7214d73e607460947d161" type="org.openqa.selenium.ElementNotInteractableException"><![CDATA[org.openqa.selenium.ElementNotInteractableException: 
element not interactable
  (Session info: headless chrome=96.0.4664.110)
Build info: version: '3.141.59', revision: 'e82be7d358', time: '2018-11-14T08:17:03'
System info: host: 'LIN24007907', ip: '192.168.1.13', os.name: 'Windows 10', os.arch: 'amd64', os.version: '10.0', java.version: '17'
Driver info: org.openqa.selenium.chrome.ChromeDriver
Capabilities {acceptInsecureCerts: false, browserName: chrome, browserVersion: 96.0.4664.110, chrome: {chromedriverVersion: 96.0.4664.45 (76e4c1bb2ab46..., userDataDir: C:\Users\Akundar\AppData\Lo...}, goog:chromeOptions: {debuggerAddress: localhost:51808}, javascriptEnabled: true, networkConnectionEnabled: false, pageLoadStrategy: normal, platform: WINDOWS, platformName: WINDOWS, proxy: Proxy(), setWindowRect: true, strictFileInteractability: false, timeouts: {implicit: 0, pageLoad: 300000, script: 30000}, unhandledPromptBehavior: dismiss and notify, webauthn:extension:credBlob: true, webauthn:extension:largeBlob: true, webauthn:virtualAuthenticators: true}
Session ID: 2544260066e7214d73e607460947d161
	at SeleniumTesting.AEMhdfc.HomepageTest.verifyComboPlansOnBanner(HomepageTest.java:130)
]]></failure>
    <system-out><![CDATA[Trying to find Element By : By.xpath: //div[@class='viewall']
Found Element By : By.xpath: //div[@class='viewall']
Trying to find Element By : By.xpath: //div[@class='viewall']
Found Element By : By.xpath: //div[@class='viewall']
Trying to click on: [[ChromeDriver: chrome on WINDOWS (2544260066e7214d73e607460947d161)] -> xpath: //div[@class='viewall']]
]]></system-out>
  </testcase>
  <testcase name="verifyGroupPlansOnBanner" classname="SeleniumTesting.AEMhdfc.HomepageTest" time="0">
    <skipped message="element not interactable&#10;  (Session info: headless chrome=96.0.4664.110)&#10;Build info: version: &apos;3.141.59&apos;, revision: &apos;e82be7d358&apos;, time: &apos;2018-11-14T08:17:03&apos;&#10;System info: host: &apos;LIN24007907&apos;, ip: &apos;192.168.1.13&apos;, os.name: &apos;Windows 10&apos;, os.arch: &apos;amd64&apos;, os.version: &apos;10.0&apos;, java.version: &apos;17&apos;&#10;Driver info: org.openqa.selenium.chrome.ChromeDriver&#10;Capabilities {acceptInsecureCerts: false, browserName: chrome, browserVersion: 96.0.4664.110, chrome: {chromedriverVersion: 96.0.4664.45 (76e4c1bb2ab46..., userDataDir: C:\Users\Akundar\AppData\Lo...}, goog:chromeOptions: {debuggerAddress: localhost:51808}, javascriptEnabled: true, networkConnectionEnabled: false, pageLoadStrategy: normal, platform: WINDOWS, platformName: WINDOWS, proxy: Proxy(), setWindowRect: true, strictFileInteractability: false, timeouts: {implicit: 0, pageLoad: 300000, script: 30000}, unhandledPromptBehavior: dismiss and notify, webauthn:extension:credBlob: true, webauthn:extension:largeBlob: true, webauthn:virtualAuthenticators: true}&#10;Session ID: 2544260066e7214d73e607460947d161"/>
    <system-out><![CDATA[Trying to find Element By : By.xpath: //div[@class='viewall']
Found Element By : By.xpath: //div[@class='viewall']
Trying to find Element By : By.xpath: //div[@class='viewall']
Found Element By : By.xpath: //div[@class='viewall']
Trying to click on: [[ChromeDriver: chrome on WINDOWS (2544260066e7214d73e607460947d161)] -> xpath: //div[@class='viewall']]
]]></system-out>
  </testcase>
  <testcase name="verifyGroupPlansOnBanner" classname="SeleniumTesting.AEMhdfc.HomepageTest" time="0">
    <skipped message="element not interactable&#10;  (Session info: headless chrome=96.0.4664.110)&#10;Build info: version: &apos;3.141.59&apos;, revision: &apos;e82be7d358&apos;, time: &apos;2018-11-14T08:17:03&apos;&#10;System info: host: &apos;LIN24007907&apos;, ip: &apos;192.168.1.13&apos;, os.name: &apos;Windows 10&apos;, os.arch: &apos;amd64&apos;, os.version: &apos;10.0&apos;, java.version: &apos;17&apos;&#10;Driver info: org.openqa.selenium.chrome.ChromeDriver&#10;Capabilities {acceptInsecureCerts: false, browserName: chrome, browserVersion: 96.0.4664.110, chrome: {chromedriverVersion: 96.0.4664.45 (76e4c1bb2ab46..., userDataDir: C:\Users\Akundar\AppData\Lo...}, goog:chromeOptions: {debuggerAddress: localhost:51808}, javascriptEnabled: true, networkConnectionEnabled: false, pageLoadStrategy: normal, platform: WINDOWS, platformName: WINDOWS, proxy: Proxy(), setWindowRect: true, strictFileInteractability: false, timeouts: {implicit: 0, pageLoad: 300000, script: 30000}, unhandledPromptBehavior: dismiss and notify, webauthn:extension:credBlob: true, webauthn:extension:largeBlob: true, webauthn:virtualAuthenticators: true}&#10;Session ID: 2544260066e7214d73e607460947d161"/>
    <system-out><![CDATA[Trying to find Element By : By.xpath: //div[@class='viewall']
Found Element By : By.xpath: //div[@class='viewall']
Trying to find Element By : By.xpath: //div[@class='viewall']
Found Element By : By.xpath: //div[@class='viewall']
Trying to click on: [[ChromeDriver: chrome on WINDOWS (2544260066e7214d73e607460947d161)] -> xpath: //div[@class='viewall']]
]]></system-out>
  </testcase>
  <testcase name="verifyGroupPlansOnBanner" classname="SeleniumTesting.AEMhdfc.HomepageTest" time="0">
    <skipped message="element not interactable&#10;  (Session info: headless chrome=96.0.4664.110)&#10;Build info: version: &apos;3.141.59&apos;, revision: &apos;e82be7d358&apos;, time: &apos;2018-11-14T08:17:03&apos;&#10;System info: host: &apos;LIN24007907&apos;, ip: &apos;192.168.1.13&apos;, os.name: &apos;Windows 10&apos;, os.arch: &apos;amd64&apos;, os.version: &apos;10.0&apos;, java.version: &apos;17&apos;&#10;Driver info: org.openqa.selenium.chrome.ChromeDriver&#10;Capabilities {acceptInsecureCerts: false, browserName: chrome, browserVersion: 96.0.4664.110, chrome: {chromedriverVersion: 96.0.4664.45 (76e4c1bb2ab46..., userDataDir: C:\Users\Akundar\AppData\Lo...}, goog:chromeOptions: {debuggerAddress: localhost:51808}, javascriptEnabled: true, networkConnectionEnabled: false, pageLoadStrategy: normal, platform: WINDOWS, platformName: WINDOWS, proxy: Proxy(), setWindowRect: true, strictFileInteractability: false, timeouts: {implicit: 0, pageLoad: 300000, script: 30000}, unhandledPromptBehavior: dismiss and notify, webauthn:extension:credBlob: true, webauthn:extension:largeBlob: true, webauthn:virtualAuthenticators: true}&#10;Session ID: 2544260066e7214d73e607460947d161"/>
    <system-out><![CDATA[Trying to find Element By : By.xpath: //div[@class='viewall']
Found Element By : By.xpath: //div[@class='viewall']
Trying to find Element By : By.xpath: //div[@class='viewall']
Found Element By : By.xpath: //div[@class='viewall']
Trying to click on: [[ChromeDriver: chrome on WINDOWS (2544260066e7214d73e607460947d161)] -> xpath: //div[@class='viewall']]
]]></system-out>
  </testcase>
  <testcase name="verifyGroupPlansOnBanner" classname="SeleniumTesting.AEMhdfc.HomepageTest" time="30.079">
    <failure message="element not interactable&#10;  (Session info: headless chrome=96.0.4664.110)&#10;Build info: version: &apos;3.141.59&apos;, revision: &apos;e82be7d358&apos;, time: &apos;2018-11-14T08:17:03&apos;&#10;System info: host: &apos;LIN24007907&apos;, ip: &apos;192.168.1.13&apos;, os.name: &apos;Windows 10&apos;, os.arch: &apos;amd64&apos;, os.version: &apos;10.0&apos;, java.version: &apos;17&apos;&#10;Driver info: org.openqa.selenium.chrome.ChromeDriver&#10;Capabilities {acceptInsecureCerts: false, browserName: chrome, browserVersion: 96.0.4664.110, chrome: {chromedriverVersion: 96.0.4664.45 (76e4c1bb2ab46..., userDataDir: C:\Users\Akundar\AppData\Lo...}, goog:chromeOptions: {debuggerAddress: localhost:51808}, javascriptEnabled: true, networkConnectionEnabled: false, pageLoadStrategy: normal, platform: WINDOWS, platformName: WINDOWS, proxy: Proxy(), setWindowRect: true, strictFileInteractability: false, timeouts: {implicit: 0, pageLoad: 300000, script: 30000}, unhandledPromptBehavior: dismiss and notify, webauthn:extension:credBlob: true, webauthn:extension:largeBlob: true, webauthn:virtualAuthenticators: true}&#10;Session ID: 2544260066e7214d73e607460947d161" type="org.openqa.selenium.ElementNotInteractableException"><![CDATA[org.openqa.selenium.ElementNotInteractableException: 
element not interactable
  (Session info: headless chrome=96.0.4664.110)
Build info: version: '3.141.59', revision: 'e82be7d358', time: '2018-11-14T08:17:03'
System info: host: 'LIN24007907', ip: '192.168.1.13', os.name: 'Windows 10', os.arch: 'amd64', os.version: '10.0', java.version: '17'
Driver info: org.openqa.selenium.chrome.ChromeDriver
Capabilities {acceptInsecureCerts: false, browserName: chrome, browserVersion: 96.0.4664.110, chrome: {chromedriverVersion: 96.0.4664.45 (76e4c1bb2ab46..., userDataDir: C:\Users\Akundar\AppData\Lo...}, goog:chromeOptions: {debuggerAddress: localhost:51808}, javascriptEnabled: true, networkConnectionEnabled: false, pageLoadStrategy: normal, platform: WINDOWS, platformName: WINDOWS, proxy: Proxy(), setWindowRect: true, strictFileInteractability: false, timeouts: {implicit: 0, pageLoad: 300000, script: 30000}, unhandledPromptBehavior: dismiss and notify, webauthn:extension:credBlob: true, webauthn:extension:largeBlob: true, webauthn:virtualAuthenticators: true}
Session ID: 2544260066e7214d73e607460947d161
	at SeleniumTesting.AEMhdfc.HomepageTest.verifyGroupPlansOnBanner(HomepageTest.java:141)
]]></failure>
    <system-out><![CDATA[Trying to find Element By : By.xpath: //div[@class='viewall']
Found Element By : By.xpath: //div[@class='viewall']
Trying to find Element By : By.xpath: //div[@class='viewall']
Found Element By : By.xpath: //div[@class='viewall']
Trying to click on: [[ChromeDriver: chrome on WINDOWS (2544260066e7214d73e607460947d161)] -> xpath: //div[@class='viewall']]
]]></system-out>
  </testcase>
  <testcase name="verifyArrowButtonsOnBanner" classname="SeleniumTesting.AEMhdfc.HomepageTest" time="0">
    <skipped message="element not interactable&#10;  (Session info: headless chrome=96.0.4664.110)&#10;Build info: version: &apos;3.141.59&apos;, revision: &apos;e82be7d358&apos;, time: &apos;2018-11-14T08:17:03&apos;&#10;System info: host: &apos;LIN24007907&apos;, ip: &apos;192.168.1.13&apos;, os.name: &apos;Windows 10&apos;, os.arch: &apos;amd64&apos;, os.version: &apos;10.0&apos;, java.version: &apos;17&apos;&#10;Driver info: org.openqa.selenium.chrome.ChromeDriver&#10;Capabilities {acceptInsecureCerts: false, browserName: chrome, browserVersion: 96.0.4664.110, chrome: {chromedriverVersion: 96.0.4664.45 (76e4c1bb2ab46..., userDataDir: C:\Users\Akundar\AppData\Lo...}, goog:chromeOptions: {debuggerAddress: localhost:51808}, javascriptEnabled: true, networkConnectionEnabled: false, pageLoadStrategy: normal, platform: WINDOWS, platformName: WINDOWS, proxy: Proxy(), setWindowRect: true, strictFileInteractability: false, timeouts: {implicit: 0, pageLoad: 300000, script: 30000}, unhandledPromptBehavior: dismiss and notify, webauthn:extension:credBlob: true, webauthn:extension:largeBlob: true, webauthn:virtualAuthenticators: true}&#10;Session ID: 2544260066e7214d73e607460947d161"/>
    <system-out><![CDATA[Trying to find Element By : By.xpath: //div[@class='viewall']
Found Element By : By.xpath: //div[@class='viewall']
Trying to find Element By : By.xpath: //div[@class='viewall']
Found Element By : By.xpath: //div[@class='viewall']
Trying to click on: [[ChromeDriver: chrome on WINDOWS (2544260066e7214d73e607460947d161)] -> xpath: //div[@class='viewall']]
]]></system-out>
  </testcase>
  <testcase name="verifyArrowButtonsOnBanner" classname="SeleniumTesting.AEMhdfc.HomepageTest" time="0">
    <skipped message="element not interactable&#10;  (Session info: headless chrome=96.0.4664.110)&#10;Build info: version: &apos;3.141.59&apos;, revision: &apos;e82be7d358&apos;, time: &apos;2018-11-14T08:17:03&apos;&#10;System info: host: &apos;LIN24007907&apos;, ip: &apos;192.168.1.13&apos;, os.name: &apos;Windows 10&apos;, os.arch: &apos;amd64&apos;, os.version: &apos;10.0&apos;, java.version: &apos;17&apos;&#10;Driver info: org.openqa.selenium.chrome.ChromeDriver&#10;Capabilities {acceptInsecureCerts: false, browserName: chrome, browserVersion: 96.0.4664.110, chrome: {chromedriverVersion: 96.0.4664.45 (76e4c1bb2ab46..., userDataDir: C:\Users\Akundar\AppData\Lo...}, goog:chromeOptions: {debuggerAddress: localhost:51808}, javascriptEnabled: true, networkConnectionEnabled: false, pageLoadStrategy: normal, platform: WINDOWS, platformName: WINDOWS, proxy: Proxy(), setWindowRect: true, strictFileInteractability: false, timeouts: {implicit: 0, pageLoad: 300000, script: 30000}, unhandledPromptBehavior: dismiss and notify, webauthn:extension:credBlob: true, webauthn:extension:largeBlob: true, webauthn:virtualAuthenticators: true}&#10;Session ID: 2544260066e7214d73e607460947d161"/>
    <system-out><![CDATA[Trying to find Element By : By.xpath: //div[@class='viewall']
Found Element By : By.xpath: //div[@class='viewall']
Trying to find Element By : By.xpath: //div[@class='viewall']
Found Element By : By.xpath: //div[@class='viewall']
Trying to click on: [[ChromeDriver: chrome on WINDOWS (2544260066e7214d73e607460947d161)] -> xpath: //div[@class='viewall']]
]]></system-out>
  </testcase>
  <testcase name="verifyArrowButtonsOnBanner" classname="SeleniumTesting.AEMhdfc.HomepageTest" time="0">
    <skipped message="element not interactable&#10;  (Session info: headless chrome=96.0.4664.110)&#10;Build info: version: &apos;3.141.59&apos;, revision: &apos;e82be7d358&apos;, time: &apos;2018-11-14T08:17:03&apos;&#10;System info: host: &apos;LIN24007907&apos;, ip: &apos;192.168.1.13&apos;, os.name: &apos;Windows 10&apos;, os.arch: &apos;amd64&apos;, os.version: &apos;10.0&apos;, java.version: &apos;17&apos;&#10;Driver info: org.openqa.selenium.chrome.ChromeDriver&#10;Capabilities {acceptInsecureCerts: false, browserName: chrome, browserVersion: 96.0.4664.110, chrome: {chromedriverVersion: 96.0.4664.45 (76e4c1bb2ab46..., userDataDir: C:\Users\Akundar\AppData\Lo...}, goog:chromeOptions: {debuggerAddress: localhost:51808}, javascriptEnabled: true, networkConnectionEnabled: false, pageLoadStrategy: normal, platform: WINDOWS, platformName: WINDOWS, proxy: Proxy(), setWindowRect: true, strictFileInteractability: false, timeouts: {implicit: 0, pageLoad: 300000, script: 30000}, unhandledPromptBehavior: dismiss and notify, webauthn:extension:credBlob: true, webauthn:extension:largeBlob: true, webauthn:virtualAuthenticators: true}&#10;Session ID: 2544260066e7214d73e607460947d161"/>
    <system-out><![CDATA[Trying to find Element By : By.xpath: //div[@class='viewall']
Found Element By : By.xpath: //div[@class='viewall']
Trying to find Element By : By.xpath: //div[@class='viewall']
Found Element By : By.xpath: //div[@class='viewall']
Trying to click on: [[ChromeDriver: chrome on WINDOWS (2544260066e7214d73e607460947d161)] -> xpath: //div[@class='viewall']]
]]></system-out>
  </testcase>
  <testcase name="verifyArrowButtonsOnBanner" classname="SeleniumTesting.AEMhdfc.HomepageTest" time="30.116">
    <failure message="element not interactable&#10;  (Session info: headless chrome=96.0.4664.110)&#10;Build info: version: &apos;3.141.59&apos;, revision: &apos;e82be7d358&apos;, time: &apos;2018-11-14T08:17:03&apos;&#10;System info: host: &apos;LIN24007907&apos;, ip: &apos;192.168.1.13&apos;, os.name: &apos;Windows 10&apos;, os.arch: &apos;amd64&apos;, os.version: &apos;10.0&apos;, java.version: &apos;17&apos;&#10;Driver info: org.openqa.selenium.chrome.ChromeDriver&#10;Capabilities {acceptInsecureCerts: false, browserName: chrome, browserVersion: 96.0.4664.110, chrome: {chromedriverVersion: 96.0.4664.45 (76e4c1bb2ab46..., userDataDir: C:\Users\Akundar\AppData\Lo...}, goog:chromeOptions: {debuggerAddress: localhost:51808}, javascriptEnabled: true, networkConnectionEnabled: false, pageLoadStrategy: normal, platform: WINDOWS, platformName: WINDOWS, proxy: Proxy(), setWindowRect: true, strictFileInteractability: false, timeouts: {implicit: 0, pageLoad: 300000, script: 30000}, unhandledPromptBehavior: dismiss and notify, webauthn:extension:credBlob: true, webauthn:extension:largeBlob: true, webauthn:virtualAuthenticators: true}&#10;Session ID: 2544260066e7214d73e607460947d161" type="org.openqa.selenium.ElementNotInteractableException"><![CDATA[org.openqa.selenium.ElementNotInteractableException: 
element not interactable
  (Session info: headless chrome=96.0.4664.110)
Build info: version: '3.141.59', revision: 'e82be7d358', time: '2018-11-14T08:17:03'
System info: host: 'LIN24007907', ip: '192.168.1.13', os.name: 'Windows 10', os.arch: 'amd64', os.version: '10.0', java.version: '17'
Driver info: org.openqa.selenium.chrome.ChromeDriver
Capabilities {acceptInsecureCerts: false, browserName: chrome, browserVersion: 96.0.4664.110, chrome: {chromedriverVersion: 96.0.4664.45 (76e4c1bb2ab46..., userDataDir: C:\Users\Akundar\AppData\Lo...}, goog:chromeOptions: {debuggerAddress: localhost:51808}, javascriptEnabled: true, networkConnectionEnabled: false, pageLoadStrategy: normal, platform: WINDOWS, platformName: WINDOWS, proxy: Proxy(), setWindowRect: true, strictFileInteractability: false, timeouts: {implicit: 0, pageLoad: 300000, script: 30000}, unhandledPromptBehavior: dismiss and notify, webauthn:extension:credBlob: true, webauthn:extension:largeBlob: true, webauthn:virtualAuthenticators: true}
Session ID: 2544260066e7214d73e607460947d161
	at SeleniumTesting.AEMhdfc.HomepageTest.verifyArrowButtonsOnBanner(HomepageTest.java:150)
]]></failure>
    <system-out><![CDATA[Trying to find Element By : By.xpath: //div[@class='viewall']
Found Element By : By.xpath: //div[@class='viewall']
Trying to find Element By : By.xpath: //div[@class='viewall']
Found Element By : By.xpath: //div[@class='viewall']
Trying to click on: [[ChromeDriver: chrome on WINDOWS (2544260066e7214d73e607460947d161)] -> xpath: //div[@class='viewall']]
]]></system-out>
  </testcase>
  <testcase name="verifyMouseIndicator" classname="SeleniumTesting.AEMhdfc.HomepageTest" time="9.113">
    <system-out><![CDATA[Trying to find Element By : By.xpath: //li[@data-slide-to='0']
Found Element By : By.xpath: //li[@data-slide-to='0']
Trying to find Element By : By.xpath: //img[@src='/content/dam/hdfclifeinsurancecompany/home/banner/mc.svg']
Found Element By : By.xpath: //img[@src='/content/dam/hdfclifeinsurancecompany/home/banner/mc.svg']
Trying to find Element By : By.xpath: //img[@src='/content/dam/hdfclifeinsurancecompany/home/banner/mc.svg']
Found Element By : By.xpath: //img[@src='/content/dam/hdfclifeinsurancecompany/home/banner/mc.svg']
Trying to click on: [[ChromeDriver: chrome on WINDOWS (2544260066e7214d73e607460947d161)] -> xpath: //img[@src='/content/dam/hdfclifeinsurancecompany/home/banner/mc.svg']]
Clicked on: [[ChromeDriver: chrome on WINDOWS (2544260066e7214d73e607460947d161)] -> xpath: //img[@src='/content/dam/hdfclifeinsurancecompany/home/banner/mc.svg']]
]]></system-out>
  </testcase>
  <testcase name="verifyschedulePopupWithValidDataProductPage[Amit Kundar, 9.768462054E9](1)" classname="SeleniumTesting.AEMhdfc.HomepageTest" time="1.088">
    <failure message="element click intercepted: Element is not clickable at point (485, 1348)&#10;  (Session info: headless chrome=96.0.4664.110)&#10;Build info: version: &apos;3.141.59&apos;, revision: &apos;e82be7d358&apos;, time: &apos;2018-11-14T08:17:03&apos;&#10;System info: host: &apos;LIN24007907&apos;, ip: &apos;192.168.1.13&apos;, os.name: &apos;Windows 10&apos;, os.arch: &apos;amd64&apos;, os.version: &apos;10.0&apos;, java.version: &apos;17&apos;&#10;Driver info: org.openqa.selenium.chrome.ChromeDriver&#10;Capabilities {acceptInsecureCerts: false, browserName: chrome, browserVersion: 96.0.4664.110, chrome: {chromedriverVersion: 96.0.4664.45 (76e4c1bb2ab46..., userDataDir: C:\Users\Akundar\AppData\Lo...}, goog:chromeOptions: {debuggerAddress: localhost:51808}, javascriptEnabled: true, networkConnectionEnabled: false, pageLoadStrategy: normal, platform: WINDOWS, platformName: WINDOWS, proxy: Proxy(), setWindowRect: true, strictFileInteractability: false, timeouts: {implicit: 0, pageLoad: 300000, script: 30000}, unhandledPromptBehavior: dismiss and notify, webauthn:extension:credBlob: true, webauthn:extension:largeBlob: true, webauthn:virtualAuthenticators: true}&#10;Session ID: 2544260066e7214d73e607460947d161" type="org.openqa.selenium.ElementClickInterceptedException"><![CDATA[org.openqa.selenium.ElementClickInterceptedException: 
element click intercepted: Element is not clickable at point (485, 1348)
  (Session info: headless chrome=96.0.4664.110)
Build info: version: '3.141.59', revision: 'e82be7d358', time: '2018-11-14T08:17:03'
System info: host: 'LIN24007907', ip: '192.168.1.13', os.name: 'Windows 10', os.arch: 'amd64', os.version: '10.0', java.version: '17'
Driver info: org.openqa.selenium.chrome.ChromeDriver
Capabilities {acceptInsecureCerts: false, browserName: chrome, browserVersion: 96.0.4664.110, chrome: {chromedriverVersion: 96.0.4664.45 (76e4c1bb2ab46..., userDataDir: C:\Users\Akundar\AppData\Lo...}, goog:chromeOptions: {debuggerAddress: localhost:51808}, javascriptEnabled: true, networkConnectionEnabled: false, pageLoadStrategy: normal, platform: WINDOWS, platformName: WINDOWS, proxy: Proxy(), setWindowRect: true, strictFileInteractability: false, timeouts: {implicit: 0, pageLoad: 300000, script: 30000}, unhandledPromptBehavior: dismiss and notify, webauthn:extension:credBlob: true, webauthn:extension:largeBlob: true, webauthn:virtualAuthenticators: true}
Session ID: 2544260066e7214d73e607460947d161
	at SeleniumTesting.AEMhdfc.HomepageTest.verifyschedulePopupWithValidDataProductPage(HomepageTest.java:178)
]]></failure>
    <system-out><![CDATA[14:41:48.282 [main] TRACE org.apache.xmlbeans.impl.common.XBeanDebug - Loading type system org.apache.poi.schemas.ooxml.system.ooxml
14:41:48.285 [main] TRACE org.apache.xmlbeans.impl.common.XBeanDebug - Loading type system org.apache.xmlbeans.metadata.system.sXMLCONFIG
14:41:48.286 [main] TRACE org.apache.xmlbeans.impl.common.XBeanDebug - Loading type system org.apache.xmlbeans.metadata.system.sXMLLANG
14:41:48.287 [main] TRACE org.apache.xmlbeans.impl.common.XBeanDebug - Loading type system org.apache.xmlbeans.metadata.system.sXMLSCHEMA
14:41:48.288 [main] TRACE org.apache.xmlbeans.impl.common.XBeanDebug - Loading type system org.apache.xmlbeans.metadata.system.sXMLTOOLS
14:41:48.289 [main] TRACE org.apache.xmlbeans.impl.common.XBeanDebug - Reading unresolved handles for type system org.apache.xmlbeans.metadata.system.sXMLTOOLS
14:41:48.304 [main] TRACE org.apache.xmlbeans.impl.common.XBeanDebug - Finished loading type system org.apache.xmlbeans.metadata.system.sXMLTOOLS
14:41:48.305 [main] TRACE org.apache.xmlbeans.impl.common.XBeanDebug - Reading unresolved handles for type system org.apache.xmlbeans.metadata.system.sXMLSCHEMA
14:41:48.308 [main] TRACE org.apache.xmlbeans.impl.common.XBeanDebug - Finished loading type system org.apache.xmlbeans.metadata.system.sXMLSCHEMA
14:41:48.309 [main] TRACE org.apache.xmlbeans.impl.common.XBeanDebug - Reading unresolved handles for type system org.apache.xmlbeans.metadata.system.sXMLLANG
14:41:48.310 [main] TRACE org.apache.xmlbeans.impl.common.XBeanDebug - Finished loading type system org.apache.xmlbeans.metadata.system.sXMLLANG
14:41:48.312 [main] TRACE org.apache.xmlbeans.impl.common.XBeanDebug - Reading unresolved handles for type system org.apache.xmlbeans.metadata.system.sXMLCONFIG
14:41:48.315 [main] TRACE org.apache.xmlbeans.impl.common.XBeanDebug - Finished loading type system org.apache.xmlbeans.metadata.system.sXMLCONFIG
14:41:48.316 [main] TRACE org.apache.xmlbeans.impl.common.XBeanDebug - Reading unresolved handles for type system org.apache.poi.schemas.ooxml.system.ooxml
14:41:48.368 [main] TRACE org.apache.xmlbeans.impl.common.XBeanDebug - Finished loading type system org.apache.poi.schemas.ooxml.system.ooxml
14:41:48.369 [main] TRACE org.apache.xmlbeans.impl.common.XBeanDebug - Resolving type for handle themefd26doctype
14:41:48.421 [main] TRACE org.apache.xmlbeans.impl.common.XBeanDebug - Resolving type for handle stylesheet5d8bdoctype
14:41:48.425 [main] TRACE org.apache.xmlbeans.impl.common.XBeanDebug - Resolving type for handle ctstylesheet4257type
14:41:48.430 [main] TRACE org.apache.xmlbeans.impl.common.XBeanDebug - Resolving type for handle ctfonts6623type
14:41:48.433 [main] TRACE org.apache.xmlbeans.impl.common.XBeanDebug - Resolving type for handle ctfont14d8type
14:41:48.439 [main] TRACE org.apache.xmlbeans.impl.common.XBeanDebug - Resolving type for handle ctfills2c6ftype
14:41:48.440 [main] TRACE org.apache.xmlbeans.impl.common.XBeanDebug - Resolving type for handle ctfill550ctype
14:41:48.442 [main] TRACE org.apache.xmlbeans.impl.common.XBeanDebug - Resolving type for handle ctborders0d66type
14:41:48.446 [main] TRACE org.apache.xmlbeans.impl.common.XBeanDebug - Resolving type for handle ctborderf935type
14:41:48.450 [main] TRACE org.apache.xmlbeans.impl.common.XBeanDebug - Resolving type for handle ctcellxfs1322type
14:41:48.452 [main] TRACE org.apache.xmlbeans.impl.common.XBeanDebug - Resolving type for handle ctxf97f7type
14:41:48.459 [main] TRACE org.apache.xmlbeans.impl.common.XBeanDebug - Resolving type for handle ctcellstylexfsa81ftype
14:41:48.461 [main] TRACE org.apache.xmlbeans.impl.common.XBeanDebug - Resolving type for handle ctdxfsb26atype
14:41:48.465 [main] TRACE org.apache.xmlbeans.impl.common.XBeanDebug - Resolving type for handle cttablestyles872ftype
14:41:48.469 [main] TRACE org.apache.xmlbeans.impl.common.XBeanDebug - Resolving type for handle sstf81fdoctype
14:41:48.474 [main] TRACE org.apache.xmlbeans.impl.common.XBeanDebug - Resolving type for handle ctsst44f3type
14:41:48.491 [main] TRACE org.apache.xmlbeans.impl.common.XBeanDebug - Resolving type for handle ctrsta472type
14:41:48.521 [main] TRACE org.apache.xmlbeans.impl.common.XBeanDebug - Resolving type for handle workbookec17doctype
14:41:48.530 [main] TRACE org.apache.xmlbeans.impl.common.XBeanDebug - Resolving type for handle ctworkbook83c3type
14:41:48.537 [main] TRACE org.apache.xmlbeans.impl.common.XBeanDebug - Resolving type for handle ctsheets49fdtype
14:41:48.540 [main] TRACE org.apache.xmlbeans.impl.common.XBeanDebug - Resolving type for handle ctsheet4dbetype
14:41:48.542 [main] TRACE org.apache.xmlbeans.impl.common.XBeanDebug - Resolving type for handle strelationshipid1e94type
14:41:48.546 [main] TRACE org.apache.xmlbeans.impl.common.XBeanDebug - Resolving type for handle worksheetf539doctype
14:41:48.551 [main] TRACE org.apache.xmlbeans.impl.common.XBeanDebug - Resolving type for handle ctworksheet530dtype
14:41:48.557 [main] TRACE org.apache.xmlbeans.impl.common.XBeanDebug - Resolving type for handle ctsheetdata8408type
14:41:48.559 [main] TRACE org.apache.xmlbeans.impl.common.XBeanDebug - Resolving type for handle ctrowdd39type
14:41:48.567 [main] TRACE org.apache.xmlbeans.impl.common.XBeanDebug - Resolving type for handle ctcell842btype
14:41:48.574 [main] TRACE org.apache.xmlbeans.impl.common.XBeanDebug - Resolving type for handle stcellrefe4e0type
14:41:48.582 [main] TRACE org.apache.xmlbeans.impl.common.XBeanDebug - Resolving type for handle ctcols627ctype
14:41:48.584 [main] TRACE org.apache.xmlbeans.impl.common.XBeanDebug - Resolving type for handle ctcola95ftype
14:41:48.602 [main] TRACE org.apache.xmlbeans.impl.common.XBeanDebug - Resolving type for handle stxstringf179type
14:41:48.605 [main] TRACE org.apache.xmlbeans.impl.common.XBeanDebug - Resolving type for handle stcelltypebf95type
14:41:48.622 [main] TRACE org.apache.xmlbeans.impl.common.XBeanDebug - Resolving type for handle stcellstylexfid70c7type
14:41:48.625 [main] TRACE org.apache.xmlbeans.impl.common.XBeanDebug - Resolving type for handle stnumfmtid76fbtype
Trying to find Element By : By.xpath: //button[@class='btn btn-primary btnred schedule-btn scb-data-layer']
Found Element By : By.xpath: //button[@class='btn btn-primary btnred schedule-btn scb-data-layer']
Trying to click on: [[ChromeDriver: chrome on WINDOWS (2544260066e7214d73e607460947d161)] -> xpath: //button[@class='btn btn-primary btnred schedule-btn scb-data-layer']]
]]></system-out>
  </testcase>
  <testcase name="verifyschedulepopupblankSubmit" classname="SeleniumTesting.AEMhdfc.HomepageTest" time="9.8">
    <system-out><![CDATA[Trying to find Element By : By.xpath: //button[@class='btn btn-primary btnred schedule-btn scb-data-layer']
Found Element By : By.xpath: //button[@class='btn btn-primary btnred schedule-btn scb-data-layer']
Trying to click on: [[ChromeDriver: chrome on WINDOWS (2544260066e7214d73e607460947d161)] -> xpath: //button[@class='btn btn-primary btnred schedule-btn scb-data-layer']]
Clicked on: [[ChromeDriver: chrome on WINDOWS (2544260066e7214d73e607460947d161)] -> xpath: //button[@class='btn btn-primary btnred schedule-btn scb-data-layer']]
Trying to find Element By : By.id: scheduleCallBtn
Found Element By : By.id: scheduleCallBtn
Trying to click on: [[ChromeDriver: chrome on WINDOWS (2544260066e7214d73e607460947d161)] -> id: scheduleCallBtn]
Clicked on: [[ChromeDriver: chrome on WINDOWS (2544260066e7214d73e607460947d161)] -> id: scheduleCallBtn]
Trying to find Element By : By.xpath: //span[contains(text(),'Please enter valid name')]
Found Element By : By.xpath: //span[contains(text(),'Please enter valid name')]
Trying to find Element By : By.xpath: //span[contains(text(),'Please enter valid name')]
Found Element By : By.xpath: //span[contains(text(),'Please enter valid name')]
Trying to find Element By : By.xpath: //span[contains(text(),'Please enter mobile number')]
Found Element By : By.xpath: //span[contains(text(),'Please enter mobile number')]
Trying to find Element By : By.xpath: //span[contains(text(),'Please enter mobile number')]
Found Element By : By.xpath: //span[contains(text(),'Please enter mobile number')]
Trying to find Element By : By.xpath: //span[contains(text(),'Please select plan type')]
Found Element By : By.xpath: //span[contains(text(),'Please select plan type')]
Trying to find Element By : By.xpath: //span[contains(text(),'Please select plan type')]
Found Element By : By.xpath: //span[contains(text(),'Please select plan type')]
Trying to find Element By : By.className: scb-checkbox
Found Element By : By.className: scb-checkbox
Trying to find Element By : By.className: scb-checkbox
Found Element By : By.className: scb-checkbox
Trying to click on: [[ChromeDriver: chrome on WINDOWS (2544260066e7214d73e607460947d161)] -> class name: scb-checkbox]
Clicked on: [[ChromeDriver: chrome on WINDOWS (2544260066e7214d73e607460947d161)] -> class name: scb-checkbox]
Trying to find Element By : By.xpath: //span[@class='scb-checkbox-error error-txt']
Found Element By : By.xpath: //span[@class='scb-checkbox-error error-txt']
Trying to find Element By : By.xpath: //span[@class='close-icon1']
Found Element By : By.xpath: //span[@class='close-icon1']
Trying to find Element By : By.xpath: //span[@class='close-icon1']
Found Element By : By.xpath: //span[@class='close-icon1']
Trying to click on: [[ChromeDriver: chrome on WINDOWS (2544260066e7214d73e607460947d161)] -> xpath: //span[@class='close-icon1']]
Clicked on: [[ChromeDriver: chrome on WINDOWS (2544260066e7214d73e607460947d161)] -> xpath: //span[@class='close-icon1']]
]]></system-out>
  </testcase>
  <testcase name="verifyschedulePopupwithoutmindata" classname="SeleniumTesting.AEMhdfc.HomepageTest" time="6.501">
    <system-out><![CDATA[Trying to find Element By : By.xpath: //button[@class='btn btn-primary btnred schedule-btn scb-data-layer']
Found Element By : By.xpath: //button[@class='btn btn-primary btnred schedule-btn scb-data-layer']
Trying to click on: [[ChromeDriver: chrome on WINDOWS (2544260066e7214d73e607460947d161)] -> xpath: //button[@class='btn btn-primary btnred schedule-btn scb-data-layer']]
Clicked on: [[ChromeDriver: chrome on WINDOWS (2544260066e7214d73e607460947d161)] -> xpath: //button[@class='btn btn-primary btnred schedule-btn scb-data-layer']]
Trying to find Element By : By.xpath: //input[@class='first-name']
Found Element By : By.xpath: //input[@class='first-name']
Trying to find Element By : By.xpath: //input[@class='modilewidth']
Found Element By : By.xpath: //input[@class='modilewidth']
Trying to find Element By : By.xpath: //span[contains(text(),'Field should contain minimum 3 and max 50 characters')]
Found Element By : By.xpath: //span[contains(text(),'Field should contain minimum 3 and max 50 characters')]
Trying to find Element By : By.xpath: //span[contains(text(),'Field should contain minimum 3 and max 50 characters')]
Found Element By : By.xpath: //span[contains(text(),'Field should contain minimum 3 and max 50 characters')]
Trying to find Element By : By.xpath: //span[contains(text(),'Field should contain minimum 3 and max 50 characters')]
Found Element By : By.xpath: //span[contains(text(),'Field should contain minimum 3 and max 50 characters')]
Trying to find Element By : By.xpath: //span[contains(text(),'Please enter valid mobile number')]
Found Element By : By.xpath: //span[contains(text(),'Please enter valid mobile number')]
Trying to find Element By : By.xpath: //span[@class='close-icon1']
Found Element By : By.xpath: //span[@class='close-icon1']
Trying to find Element By : By.xpath: //span[@class='close-icon1']
Found Element By : By.xpath: //span[@class='close-icon1']
Trying to click on: [[ChromeDriver: chrome on WINDOWS (2544260066e7214d73e607460947d161)] -> xpath: //span[@class='close-icon1']]
Clicked on: [[ChromeDriver: chrome on WINDOWS (2544260066e7214d73e607460947d161)] -> xpath: //span[@class='close-icon1']]
]]></system-out>
  </testcase>
  <testcase name="verifycalculatorWithValidData" classname="SeleniumTesting.AEMhdfc.HomepageTest" time="10.469">
    <failure message="element click intercepted: Element is not clickable at point (397, 685)&#10;  (Session info: headless chrome=96.0.4664.110)&#10;Build info: version: &apos;3.141.59&apos;, revision: &apos;e82be7d358&apos;, time: &apos;2018-11-14T08:17:03&apos;&#10;System info: host: &apos;LIN24007907&apos;, ip: &apos;192.168.1.13&apos;, os.name: &apos;Windows 10&apos;, os.arch: &apos;amd64&apos;, os.version: &apos;10.0&apos;, java.version: &apos;17&apos;&#10;Driver info: org.openqa.selenium.chrome.ChromeDriver&#10;Capabilities {acceptInsecureCerts: false, browserName: chrome, browserVersion: 96.0.4664.110, chrome: {chromedriverVersion: 96.0.4664.45 (76e4c1bb2ab46..., userDataDir: C:\Users\Akundar\AppData\Lo...}, goog:chromeOptions: {debuggerAddress: localhost:51808}, javascriptEnabled: true, networkConnectionEnabled: false, pageLoadStrategy: normal, platform: WINDOWS, platformName: WINDOWS, proxy: Proxy(), setWindowRect: true, strictFileInteractability: false, timeouts: {implicit: 0, pageLoad: 300000, script: 30000}, unhandledPromptBehavior: dismiss and notify, webauthn:extension:credBlob: true, webauthn:extension:largeBlob: true, webauthn:virtualAuthenticators: true}&#10;Session ID: 2544260066e7214d73e607460947d161" type="org.openqa.selenium.ElementClickInterceptedException"><![CDATA[org.openqa.selenium.ElementClickInterceptedException: 
element click intercepted: Element is not clickable at point (397, 685)
  (Session info: headless chrome=96.0.4664.110)
Build info: version: '3.141.59', revision: 'e82be7d358', time: '2018-11-14T08:17:03'
System info: host: 'LIN24007907', ip: '192.168.1.13', os.name: 'Windows 10', os.arch: 'amd64', os.version: '10.0', java.version: '17'
Driver info: org.openqa.selenium.chrome.ChromeDriver
Capabilities {acceptInsecureCerts: false, browserName: chrome, browserVersion: 96.0.4664.110, chrome: {chromedriverVersion: 96.0.4664.45 (76e4c1bb2ab46..., userDataDir: C:\Users\Akundar\AppData\Lo...}, goog:chromeOptions: {debuggerAddress: localhost:51808}, javascriptEnabled: true, networkConnectionEnabled: false, pageLoadStrategy: normal, platform: WINDOWS, platformName: WINDOWS, proxy: Proxy(), setWindowRect: true, strictFileInteractability: false, timeouts: {implicit: 0, pageLoad: 300000, script: 30000}, unhandledPromptBehavior: dismiss and notify, webauthn:extension:credBlob: true, webauthn:extension:largeBlob: true, webauthn:virtualAuthenticators: true}
Session ID: 2544260066e7214d73e607460947d161
	at SeleniumTesting.AEMhdfc.HomepageTest.verifycalculatorWithValidData(HomepageTest.java:211)
]]></failure>
    <system-out><![CDATA[Trying to find Element By : By.xpath: //h5[contains(text(),'How Much Life Insurance')]
Found Element By : By.xpath: //h5[contains(text(),'How Much Life Insurance')]
Trying to find Element By : By.xpath: //button[@class='calculate-btn btn btn-primary btnred cal-data-layer']
Found Element By : By.xpath: //button[@class='calculate-btn btn btn-primary btnred cal-data-layer']
Trying to click on: [[ChromeDriver: chrome on WINDOWS (2544260066e7214d73e607460947d161)] -> xpath: //button[@class='calculate-btn btn btn-primary btnred cal-data-layer']]
Clicked on: [[ChromeDriver: chrome on WINDOWS (2544260066e7214d73e607460947d161)] -> xpath: //button[@class='calculate-btn btn btn-primary btnred cal-data-layer']]
Trying to find Element By : By.xpath: (//input[@class='years'])[1]
Found Element By : By.xpath: (//input[@class='years'])[1]
Trying to find Element By : By.xpath: (//input[@class='years'])[2]
Found Element By : By.xpath: (//input[@class='years'])[2]
Trying to find Element By : By.id: annual-income
Found Element By : By.id: annual-income
Trying to find Element By : By.id: monthly-expenses
Found Element By : By.id: monthly-expenses
Trying to find Element By : By.id: insurance-cover
Found Element By : By.id: insurance-cover
Trying to find Element By : By.id: qualification
Found Element By : By.id: qualification
Trying to find Element By : By.xpath: .//option[@value = "graduate"]
Found Element By : By.xpath: .//option[@value = "graduate"]
Trying to find Element By : By.id: liabilities
Found Element By : By.id: liabilities
Trying to find Element By : By.xpath: .//option[@value = "0"]
Found Element By : By.xpath: .//option[@value = "0"]
Trying to find Element By : By.id: calculateHlv
Found Element By : By.id: calculateHlv
Trying to click on: [[ChromeDriver: chrome on WINDOWS (2544260066e7214d73e607460947d161)] -> id: calculateHlv]
]]></system-out>
  </testcase>
  <testcase name="verifyCalculatorCloseBtn" classname="SeleniumTesting.AEMhdfc.HomepageTest" time="0">
    <skipped message="Method HomepageTest.verifyCalculatorCloseBtn()[pri:19, instance:SeleniumTesting.AEMhdfc.HomepageTest@6a988392] depends on not successfully finished methods"/>
  </testcase>
  <testcase name="verifySanchayPlusBuyNowBtn" classname="SeleniumTesting.AEMhdfc.HomepageTest" time="4.117">
    <failure message="element click intercepted: Element is not clickable at point (479, 1282)&#10;  (Session info: headless chrome=96.0.4664.110)&#10;Build info: version: &apos;3.141.59&apos;, revision: &apos;e82be7d358&apos;, time: &apos;2018-11-14T08:17:03&apos;&#10;System info: host: &apos;LIN24007907&apos;, ip: &apos;192.168.1.13&apos;, os.name: &apos;Windows 10&apos;, os.arch: &apos;amd64&apos;, os.version: &apos;10.0&apos;, java.version: &apos;17&apos;&#10;Driver info: org.openqa.selenium.chrome.ChromeDriver&#10;Capabilities {acceptInsecureCerts: false, browserName: chrome, browserVersion: 96.0.4664.110, chrome: {chromedriverVersion: 96.0.4664.45 (76e4c1bb2ab46..., userDataDir: C:\Users\Akundar\AppData\Lo...}, goog:chromeOptions: {debuggerAddress: localhost:51808}, javascriptEnabled: true, networkConnectionEnabled: false, pageLoadStrategy: normal, platform: WINDOWS, platformName: WINDOWS, proxy: Proxy(), setWindowRect: true, strictFileInteractability: false, timeouts: {implicit: 0, pageLoad: 300000, script: 30000}, unhandledPromptBehavior: dismiss and notify, webauthn:extension:credBlob: true, webauthn:extension:largeBlob: true, webauthn:virtualAuthenticators: true}&#10;Session ID: 2544260066e7214d73e607460947d161" type="org.openqa.selenium.ElementClickInterceptedException"><![CDATA[org.openqa.selenium.ElementClickInterceptedException: 
element click intercepted: Element is not clickable at point (479, 1282)
  (Session info: headless chrome=96.0.4664.110)
Build info: version: '3.141.59', revision: 'e82be7d358', time: '2018-11-14T08:17:03'
System info: host: 'LIN24007907', ip: '192.168.1.13', os.name: 'Windows 10', os.arch: 'amd64', os.version: '10.0', java.version: '17'
Driver info: org.openqa.selenium.chrome.ChromeDriver
Capabilities {acceptInsecureCerts: false, browserName: chrome, browserVersion: 96.0.4664.110, chrome: {chromedriverVersion: 96.0.4664.45 (76e4c1bb2ab46..., userDataDir: C:\Users\Akundar\AppData\Lo...}, goog:chromeOptions: {debuggerAddress: localhost:51808}, javascriptEnabled: true, networkConnectionEnabled: false, pageLoadStrategy: normal, platform: WINDOWS, platformName: WINDOWS, proxy: Proxy(), setWindowRect: true, strictFileInteractability: false, timeouts: {implicit: 0, pageLoad: 300000, script: 30000}, unhandledPromptBehavior: dismiss and notify, webauthn:extension:credBlob: true, webauthn:extension:largeBlob: true, webauthn:virtualAuthenticators: true}
Session ID: 2544260066e7214d73e607460947d161
	at SeleniumTesting.AEMhdfc.HomepageTest.verifySanchayPlusBuyNowBtn(HomepageTest.java:235)
]]></failure>
    <system-out><![CDATA[Trying to find Element By : By.xpath: //a[@data-button-name='BUY NOW']
Found Element By : By.xpath: //a[@data-button-name='BUY NOW']
Trying to find Element By : By.xpath: //a[@data-button-name='BUY NOW']
Found Element By : By.xpath: //a[@data-button-name='BUY NOW']
Trying to click on: [[ChromeDriver: chrome on WINDOWS (2544260066e7214d73e607460947d161)] -> xpath: //a[@data-button-name='BUY NOW']]
]]></system-out>
  </testcase>
  <testcase name="verifyDisclaimer" classname="SeleniumTesting.AEMhdfc.HomepageTest" time="7.153">
    <failure message="element click intercepted: Element is not clickable at point (397, 969)&#10;  (Session info: headless chrome=96.0.4664.110)&#10;Build info: version: &apos;3.141.59&apos;, revision: &apos;e82be7d358&apos;, time: &apos;2018-11-14T08:17:03&apos;&#10;System info: host: &apos;LIN24007907&apos;, ip: &apos;192.168.1.13&apos;, os.name: &apos;Windows 10&apos;, os.arch: &apos;amd64&apos;, os.version: &apos;10.0&apos;, java.version: &apos;17&apos;&#10;Driver info: org.openqa.selenium.chrome.ChromeDriver&#10;Capabilities {acceptInsecureCerts: false, browserName: chrome, browserVersion: 96.0.4664.110, chrome: {chromedriverVersion: 96.0.4664.45 (76e4c1bb2ab46..., userDataDir: C:\Users\Akundar\AppData\Lo...}, goog:chromeOptions: {debuggerAddress: localhost:51808}, javascriptEnabled: true, networkConnectionEnabled: false, pageLoadStrategy: normal, platform: WINDOWS, platformName: WINDOWS, proxy: Proxy(), setWindowRect: true, strictFileInteractability: false, timeouts: {implicit: 0, pageLoad: 300000, script: 30000}, unhandledPromptBehavior: dismiss and notify, webauthn:extension:credBlob: true, webauthn:extension:largeBlob: true, webauthn:virtualAuthenticators: true}&#10;Session ID: 2544260066e7214d73e607460947d161" type="org.openqa.selenium.ElementClickInterceptedException"><![CDATA[org.openqa.selenium.ElementClickInterceptedException: 
element click intercepted: Element is not clickable at point (397, 969)
  (Session info: headless chrome=96.0.4664.110)
Build info: version: '3.141.59', revision: 'e82be7d358', time: '2018-11-14T08:17:03'
System info: host: 'LIN24007907', ip: '192.168.1.13', os.name: 'Windows 10', os.arch: 'amd64', os.version: '10.0', java.version: '17'
Driver info: org.openqa.selenium.chrome.ChromeDriver
Capabilities {acceptInsecureCerts: false, browserName: chrome, browserVersion: 96.0.4664.110, chrome: {chromedriverVersion: 96.0.4664.45 (76e4c1bb2ab46..., userDataDir: C:\Users\Akundar\AppData\Lo...}, goog:chromeOptions: {debuggerAddress: localhost:51808}, javascriptEnabled: true, networkConnectionEnabled: false, pageLoadStrategy: normal, platform: WINDOWS, platformName: WINDOWS, proxy: Proxy(), setWindowRect: true, strictFileInteractability: false, timeouts: {implicit: 0, pageLoad: 300000, script: 30000}, unhandledPromptBehavior: dismiss and notify, webauthn:extension:credBlob: true, webauthn:extension:largeBlob: true, webauthn:virtualAuthenticators: true}
Session ID: 2544260066e7214d73e607460947d161
	at SeleniumTesting.AEMhdfc.HomepageTest.verifyDisclaimer(HomepageTest.java:246)
]]></failure>
    <system-out><![CDATA[Trying to find Element By : By.xpath: //a[@data-toggle='collapse']
Found Element By : By.xpath: //a[@data-toggle='collapse']
Trying to find Element By : By.xpath: //a[@data-toggle='collapse']
Found Element By : By.xpath: //a[@data-toggle='collapse']
Trying to find Element By : By.xpath: //a[@data-toggle='collapse']
Found Element By : By.xpath: //a[@data-toggle='collapse']
Trying to click on: [[ChromeDriver: chrome on WINDOWS (2544260066e7214d73e607460947d161)] -> xpath: //a[@data-toggle='collapse']]
]]></system-out>
  </testcase>
  <testcase name="verifyProductAndPopularLinks" classname="SeleniumTesting.AEMhdfc.HomepageTest" time="0">
    <skipped message="Method HomepageTest.verifyProductAndPopularLinks()[pri:22, instance:SeleniumTesting.AEMhdfc.HomepageTest@6a988392] depends on not successfully finished methods"/>
  </testcase>
  <testcase name="verifyStayConnectedwithUs" classname="SeleniumTesting.AEMhdfc.HomepageTest" time="0">
    <skipped message="Method HomepageTest.verifyStayConnectedwithUs()[pri:23, instance:SeleniumTesting.AEMhdfc.HomepageTest@6a988392] depends on not successfully finished methods"/>
  </testcase>
  <testcase name="verifyDownloadLinks" classname="SeleniumTesting.AEMhdfc.HomepageTest" time="0">
    <skipped message="Method HomepageTest.verifyDownloadLinks()[pri:24, instance:SeleniumTesting.AEMhdfc.HomepageTest@6a988392] depends on not successfully finished methods"/>
  </testcase>
  <testcase name="verifySubscribeOptionWithValidData" classname="SeleniumTesting.AEMhdfc.HomepageTest" time="0">
    <skipped message="Method HomepageTest.verifySubscribeOptionWithValidData()[pri:25, instance:SeleniumTesting.AEMhdfc.HomepageTest@6a988392] depends on not successfully finished methods"/>
  </testcase>
  <testcase name="verifyGroupWebsitesLinks" classname="SeleniumTesting.AEMhdfc.HomepageTest" time="20.626">
    <system-out><![CDATA[14:42:31.196 [main] INFO  PageObjects.Homepage - Group Websites link check started
Trying to find Element By : By.cssSelector: .wrapper.externalLinks a
Found Element By : By.cssSelector: .wrapper.externalLinks a
Trying to find Element By : By.cssSelector: .wrapper.externalLinks a
Found Element By : By.cssSelector: .wrapper.externalLinks a
Trying to find Element By : By.cssSelector: .wrapper.externalLinks a
Found Element By : By.cssSelector: .wrapper.externalLinks a
Trying to find Element By : By.cssSelector: .wrapper.externalLinks a
Found Element By : By.cssSelector: .wrapper.externalLinks a
Trying to find Element By : By.cssSelector: .wrapper.externalLinks a
Found Element By : By.cssSelector: .wrapper.externalLinks a
Trying to find Element By : By.cssSelector: .wrapper.externalLinks a
Found Element By : By.cssSelector: .wrapper.externalLinks a
Trying to find Element By : By.cssSelector: .wrapper.externalLinks a
Found Element By : By.cssSelector: .wrapper.externalLinks a
Trying to find Element By : By.cssSelector: .wrapper.externalLinks a
Found Element By : By.cssSelector: .wrapper.externalLinks a
Trying to find Element By : By.cssSelector: .wrapper.externalLinks a
Found Element By : By.cssSelector: .wrapper.externalLinks a
Trying to find Element By : By.cssSelector: .wrapper.externalLinks a
Found Element By : By.cssSelector: .wrapper.externalLinks a
Trying to find Element By : By.cssSelector: .wrapper.externalLinks a
Found Element By : By.cssSelector: .wrapper.externalLinks a
Trying to find Element By : By.cssSelector: .wrapper.externalLinks a
Found Element By : By.cssSelector: .wrapper.externalLinks a
Trying to find Element By : By.cssSelector: .wrapper.externalLinks a
Found Element By : By.cssSelector: .wrapper.externalLinks a
Trying to find Element By : By.cssSelector: .wrapper.externalLinks a
Found Element By : By.cssSelector: .wrapper.externalLinks a
Trying to find Element By : By.cssSelector: .wrapper.externalLinks a
Found Element By : By.cssSelector: .wrapper.externalLinks a
Trying to find Element By : By.cssSelector: .wrapper.externalLinks a
Found Element By : By.cssSelector: .wrapper.externalLinks a
Trying to find Element By : By.cssSelector: .wrapper.externalLinks a
Found Element By : By.cssSelector: .wrapper.externalLinks a
Trying to find Element By : By.cssSelector: .wrapper.externalLinks a
Found Element By : By.cssSelector: .wrapper.externalLinks a
Trying to find Element By : By.cssSelector: .wrapper.externalLinks a
Found Element By : By.cssSelector: .wrapper.externalLinks a
Trying to find Element By : By.cssSelector: .wrapper.externalLinks a
Found Element By : By.cssSelector: .wrapper.externalLinks a
Trying to find Element By : By.cssSelector: .wrapper.externalLinks a
Found Element By : By.cssSelector: .wrapper.externalLinks a
Trying to find Element By : By.cssSelector: .wrapper.externalLinks a
Found Element By : By.cssSelector: .wrapper.externalLinks a
Trying to find Element By : By.cssSelector: .wrapper.externalLinks a
Found Element By : By.cssSelector: .wrapper.externalLinks a
Trying to find Element By : By.cssSelector: .wrapper.externalLinks a
Found Element By : By.cssSelector: .wrapper.externalLinks a
Trying to find Element By : By.cssSelector: .wrapper.externalLinks a
Found Element By : By.cssSelector: .wrapper.externalLinks a
Trying to find Element By : By.cssSelector: .wrapper.externalLinks a
Found Element By : By.cssSelector: .wrapper.externalLinks a
Trying to find Element By : By.cssSelector: .wrapper.externalLinks a
Found Element By : By.cssSelector: .wrapper.externalLinks a
Trying to find Element By : By.cssSelector: .wrapper.externalLinks a
Found Element By : By.cssSelector: .wrapper.externalLinks a
Trying to find Element By : By.cssSelector: .wrapper.externalLinks a
Found Element By : By.cssSelector: .wrapper.externalLinks a
Trying to find Element By : By.cssSelector: .wrapper.externalLinks a
Found Element By : By.cssSelector: .wrapper.externalLinks a
Trying to find Element By : By.cssSelector: .wrapper.externalLinks a
Found Element By : By.cssSelector: .wrapper.externalLinks a
Trying to find Element By : By.cssSelector: .wrapper.externalLinks a
Found Element By : By.cssSelector: .wrapper.externalLinks a
Trying to find Element By : By.cssSelector: .wrapper.externalLinks a
Found Element By : By.cssSelector: .wrapper.externalLinks a
Trying to find Element By : By.cssSelector: .wrapper.externalLinks a
Found Element By : By.cssSelector: .wrapper.externalLinks a
Trying to find Element By : By.cssSelector: .wrapper.externalLinks a
Found Element By : By.cssSelector: .wrapper.externalLinks a
Trying to find Element By : By.cssSelector: .wrapper.externalLinks a
Found Element By : By.cssSelector: .wrapper.externalLinks a
Trying to find Element By : By.cssSelector: .wrapper.externalLinks a
Found Element By : By.cssSelector: .wrapper.externalLinks a
Trying to find Element By : By.cssSelector: .wrapper.externalLinks a
Found Element By : By.cssSelector: .wrapper.externalLinks a
Trying to find Element By : By.cssSelector: .wrapper.externalLinks a
Found Element By : By.cssSelector: .wrapper.externalLinks a
Trying to find Element By : By.cssSelector: .wrapper.externalLinks a
Found Element By : By.cssSelector: .wrapper.externalLinks a
Trying to find Element By : By.cssSelector: .wrapper.externalLinks a
Found Element By : By.cssSelector: .wrapper.externalLinks a
Trying to find Element By : By.cssSelector: .wrapper.externalLinks a
Found Element By : By.cssSelector: .wrapper.externalLinks a
Trying to find Element By : By.cssSelector: .wrapper.externalLinks a
Found Element By : By.cssSelector: .wrapper.externalLinks a
Trying to find Element By : By.cssSelector: .wrapper.externalLinks a
Found Element By : By.cssSelector: .wrapper.externalLinks a
Trying to find Element By : By.cssSelector: .wrapper.externalLinks a
Found Element By : By.cssSelector: .wrapper.externalLinks a
Trying to find Element By : By.cssSelector: .wrapper.externalLinks a
Found Element By : By.cssSelector: .wrapper.externalLinks a
Trying to find Element By : By.cssSelector: .wrapper.externalLinks a
Found Element By : By.cssSelector: .wrapper.externalLinks a
Trying to find Element By : By.cssSelector: .wrapper.externalLinks a
Found Element By : By.cssSelector: .wrapper.externalLinks a
Trying to find Element By : By.cssSelector: .wrapper.externalLinks a
Found Element By : By.cssSelector: .wrapper.externalLinks a
Trying to find Element By : By.cssSelector: .wrapper.externalLinks a
Found Element By : By.cssSelector: .wrapper.externalLinks a
Trying to find Element By : By.cssSelector: .wrapper.externalLinks a
Found Element By : By.cssSelector: .wrapper.externalLinks a
Trying to find Element By : By.cssSelector: .wrapper.externalLinks a
Found Element By : By.cssSelector: .wrapper.externalLinks a
Trying to find Element By : By.cssSelector: .wrapper.externalLinks a
Found Element By : By.cssSelector: .wrapper.externalLinks a
Trying to find Element By : By.cssSelector: .wrapper.externalLinks a
Found Element By : By.cssSelector: .wrapper.externalLinks a
Trying to find Element By : By.cssSelector: .wrapper.externalLinks a
Found Element By : By.cssSelector: .wrapper.externalLinks a
Trying to find Element By : By.cssSelector: .wrapper.externalLinks a
Found Element By : By.cssSelector: .wrapper.externalLinks a
Trying to find Element By : By.cssSelector: .wrapper.externalLinks a
Found Element By : By.cssSelector: .wrapper.externalLinks a
Trying to find Element By : By.cssSelector: .wrapper.externalLinks a
Found Element By : By.cssSelector: .wrapper.externalLinks a
Trying to find Element By : By.cssSelector: .wrapper.externalLinks a
Found Element By : By.cssSelector: .wrapper.externalLinks a
Trying to find Element By : By.cssSelector: .wrapper.externalLinks a
Found Element By : By.cssSelector: .wrapper.externalLinks a
Trying to find Element By : By.cssSelector: .wrapper.externalLinks a
Found Element By : By.cssSelector: .wrapper.externalLinks a
Trying to find Element By : By.cssSelector: .wrapper.externalLinks a
Found Element By : By.cssSelector: .wrapper.externalLinks a
Trying to find Element By : By.cssSelector: .wrapper.externalLinks a
Found Element By : By.cssSelector: .wrapper.externalLinks a
Trying to find Element By : By.cssSelector: .wrapper.externalLinks a
Found Element By : By.cssSelector: .wrapper.externalLinks a
Trying to find Element By : By.cssSelector: .wrapper.externalLinks a
Found Element By : By.cssSelector: .wrapper.externalLinks a
Trying to find Element By : By.cssSelector: .wrapper.externalLinks a
Found Element By : By.cssSelector: .wrapper.externalLinks a
Trying to find Element By : By.cssSelector: .wrapper.externalLinks a
Found Element By : By.cssSelector: .wrapper.externalLinks a
Trying to find Element By : By.cssSelector: .wrapper.externalLinks a
Found Element By : By.cssSelector: .wrapper.externalLinks a
Trying to find Element By : By.cssSelector: .wrapper.externalLinks a
Found Element By : By.cssSelector: .wrapper.externalLinks a
Trying to find Element By : By.cssSelector: .wrapper.externalLinks a
Found Element By : By.cssSelector: .wrapper.externalLinks a
Trying to find Element By : By.cssSelector: .wrapper.externalLinks a
Found Element By : By.cssSelector: .wrapper.externalLinks a
Trying to find Element By : By.cssSelector: .wrapper.externalLinks a
Found Element By : By.cssSelector: .wrapper.externalLinks a
Trying to find Element By : By.cssSelector: .wrapper.externalLinks a
Found Element By : By.cssSelector: .wrapper.externalLinks a
Trying to find Element By : By.cssSelector: .wrapper.externalLinks a
Found Element By : By.cssSelector: .wrapper.externalLinks a
Trying to find Element By : By.cssSelector: .wrapper.externalLinks a
Found Element By : By.cssSelector: .wrapper.externalLinks a
Trying to find Element By : By.cssSelector: .wrapper.externalLinks a
Found Element By : By.cssSelector: .wrapper.externalLinks a
Trying to find Element By : By.cssSelector: .wrapper.externalLinks a
Found Element By : By.cssSelector: .wrapper.externalLinks a
Trying to find Element By : By.cssSelector: .wrapper.externalLinks a
Found Element By : By.cssSelector: .wrapper.externalLinks a
Trying to find Element By : By.cssSelector: .wrapper.externalLinks a
Found Element By : By.cssSelector: .wrapper.externalLinks a
Trying to find Element By : By.cssSelector: .wrapper.externalLinks a
Found Element By : By.cssSelector: .wrapper.externalLinks a
Trying to find Element By : By.cssSelector: .wrapper.externalLinks a
Found Element By : By.cssSelector: .wrapper.externalLinks a
Trying to find Element By : By.cssSelector: .wrapper.externalLinks a
Found Element By : By.cssSelector: .wrapper.externalLinks a
Trying to find Element By : By.cssSelector: .wrapper.externalLinks a
Found Element By : By.cssSelector: .wrapper.externalLinks a
Trying to find Element By : By.cssSelector: .wrapper.externalLinks a
Found Element By : By.cssSelector: .wrapper.externalLinks a
Trying to find Element By : By.cssSelector: .wrapper.externalLinks a
Found Element By : By.cssSelector: .wrapper.externalLinks a
Trying to find Element By : By.cssSelector: .wrapper.externalLinks a
Found Element By : By.cssSelector: .wrapper.externalLinks a
Trying to find Element By : By.cssSelector: .wrapper.externalLinks a
Found Element By : By.cssSelector: .wrapper.externalLinks a
Trying to find Element By : By.cssSelector: .wrapper.externalLinks a
Found Element By : By.cssSelector: .wrapper.externalLinks a
Trying to find Element By : By.cssSelector: .wrapper.externalLinks a
Found Element By : By.cssSelector: .wrapper.externalLinks a
Trying to find Element By : By.cssSelector: .wrapper.externalLinks a
Found Element By : By.cssSelector: .wrapper.externalLinks a
Trying to find Element By : By.cssSelector: .wrapper.externalLinks a
Found Element By : By.cssSelector: .wrapper.externalLinks a
Trying to find Element By : By.cssSelector: .wrapper.externalLinks a
Found Element By : By.cssSelector: .wrapper.externalLinks a
Trying to find Element By : By.cssSelector: .wrapper.externalLinks a
Found Element By : By.cssSelector: .wrapper.externalLinks a
Trying to find Element By : By.cssSelector: .wrapper.externalLinks a
Found Element By : By.cssSelector: .wrapper.externalLinks a
Trying to find Element By : By.cssSelector: .wrapper.externalLinks a
Found Element By : By.cssSelector: .wrapper.externalLinks a
Trying to find Element By : By.cssSelector: .wrapper.externalLinks a
Found Element By : By.cssSelector: .wrapper.externalLinks a
Trying to find Element By : By.cssSelector: .wrapper.externalLinks a
Found Element By : By.cssSelector: .wrapper.externalLinks a
Trying to find Element By : By.cssSelector: .wrapper.externalLinks a
Found Element By : By.cssSelector: .wrapper.externalLinks a
Trying to find Element By : By.cssSelector: .wrapper.externalLinks a
Found Element By : By.cssSelector: .wrapper.externalLinks a
Trying to find Element By : By.cssSelector: .wrapper.externalLinks a
Found Element By : By.cssSelector: .wrapper.externalLinks a
Trying to find Element By : By.cssSelector: .wrapper.externalLinks a
Found Element By : By.cssSelector: .wrapper.externalLinks a
Trying to find Element By : By.cssSelector: .wrapper.externalLinks a
Found Element By : By.cssSelector: .wrapper.externalLinks a
Trying to find Element By : By.cssSelector: .wrapper.externalLinks a
Found Element By : By.cssSelector: .wrapper.externalLinks a
Trying to find Element By : By.cssSelector: .wrapper.externalLinks a
Found Element By : By.cssSelector: .wrapper.externalLinks a
Trying to find Element By : By.cssSelector: .wrapper.externalLinks a
Found Element By : By.cssSelector: .wrapper.externalLinks a
Trying to find Element By : By.cssSelector: .wrapper.externalLinks a
Found Element By : By.cssSelector: .wrapper.externalLinks a
Trying to find Element By : By.cssSelector: .wrapper.externalLinks a
Found Element By : By.cssSelector: .wrapper.externalLinks a
Trying to find Element By : By.cssSelector: .wrapper.externalLinks a
Found Element By : By.cssSelector: .wrapper.externalLinks a
Trying to find Element By : By.cssSelector: .wrapper.externalLinks a
Found Element By : By.cssSelector: .wrapper.externalLinks a
Trying to find Element By : By.cssSelector: .wrapper.externalLinks a
Found Element By : By.cssSelector: .wrapper.externalLinks a
Trying to find Element By : By.cssSelector: .wrapper.externalLinks a
Found Element By : By.cssSelector: .wrapper.externalLinks a
Trying to find Element By : By.cssSelector: .wrapper.externalLinks a
Found Element By : By.cssSelector: .wrapper.externalLinks a
Trying to find Element By : By.cssSelector: .wrapper.externalLinks a
Found Element By : By.cssSelector: .wrapper.externalLinks a
Trying to find Element By : By.cssSelector: .wrapper.externalLinks a
Found Element By : By.cssSelector: .wrapper.externalLinks a
Trying to find Element By : By.cssSelector: .wrapper.externalLinks a
Found Element By : By.cssSelector: .wrapper.externalLinks a
Trying to find Element By : By.cssSelector: .wrapper.externalLinks a
Found Element By : By.cssSelector: .wrapper.externalLinks a
Trying to find Element By : By.cssSelector: .wrapper.externalLinks a
Found Element By : By.cssSelector: .wrapper.externalLinks a
Trying to find Element By : By.cssSelector: .wrapper.externalLinks a
Found Element By : By.cssSelector: .wrapper.externalLinks a
Trying to find Element By : By.cssSelector: .wrapper.externalLinks a
Found Element By : By.cssSelector: .wrapper.externalLinks a
Trying to find Element By : By.cssSelector: .wrapper.externalLinks a
Found Element By : By.cssSelector: .wrapper.externalLinks a
Trying to find Element By : By.cssSelector: .wrapper.externalLinks a
Found Element By : By.cssSelector: .wrapper.externalLinks a
Trying to find Element By : By.cssSelector: .wrapper.externalLinks a
Found Element By : By.cssSelector: .wrapper.externalLinks a
Trying to find Element By : By.cssSelector: .wrapper.externalLinks a
Found Element By : By.cssSelector: .wrapper.externalLinks a
Trying to find Element By : By.cssSelector: .wrapper.externalLinks a
Found Element By : By.cssSelector: .wrapper.externalLinks a
Trying to find Element By : By.cssSelector: .wrapper.externalLinks a
Found Element By : By.cssSelector: .wrapper.externalLinks a
Trying to find Element By : By.cssSelector: .wrapper.externalLinks a
Found Element By : By.cssSelector: .wrapper.externalLinks a
Trying to find Element By : By.cssSelector: .wrapper.externalLinks a
Found Element By : By.cssSelector: .wrapper.externalLinks a
Trying to find Element By : By.cssSelector: .wrapper.externalLinks a
Found Element By : By.cssSelector: .wrapper.externalLinks a
Trying to find Element By : By.cssSelector: .wrapper.externalLinks a
Found Element By : By.cssSelector: .wrapper.externalLinks a
Trying to find Element By : By.cssSelector: .wrapper.externalLinks a
Found Element By : By.cssSelector: .wrapper.externalLinks a
Trying to find Element By : By.cssSelector: .wrapper.externalLinks a
Found Element By : By.cssSelector: .wrapper.externalLinks a
Trying to find Element By : By.cssSelector: .wrapper.externalLinks a
Found Element By : By.cssSelector: .wrapper.externalLinks a
Trying to find Element By : By.cssSelector: .wrapper.externalLinks a
Found Element By : By.cssSelector: .wrapper.externalLinks a
Trying to find Element By : By.cssSelector: .wrapper.externalLinks a
Found Element By : By.cssSelector: .wrapper.externalLinks a
Trying to find Element By : By.cssSelector: .wrapper.externalLinks a
Found Element By : By.cssSelector: .wrapper.externalLinks a
Trying to find Element By : By.cssSelector: .wrapper.externalLinks a
Found Element By : By.cssSelector: .wrapper.externalLinks a
Trying to find Element By : By.cssSelector: .wrapper.externalLinks a
Found Element By : By.cssSelector: .wrapper.externalLinks a
Trying to find Element By : By.cssSelector: .wrapper.externalLinks a
Found Element By : By.cssSelector: .wrapper.externalLinks a
Trying to find Element By : By.cssSelector: .wrapper.externalLinks a
Found Element By : By.cssSelector: .wrapper.externalLinks a
Trying to find Element By : By.cssSelector: .wrapper.externalLinks a
Found Element By : By.cssSelector: .wrapper.externalLinks a
Trying to find Element By : By.cssSelector: .wrapper.externalLinks a
Found Element By : By.cssSelector: .wrapper.externalLinks a
Trying to find Element By : By.cssSelector: .wrapper.externalLinks a
Found Element By : By.cssSelector: .wrapper.externalLinks a
Trying to find Element By : By.cssSelector: .wrapper.externalLinks a
Found Element By : By.cssSelector: .wrapper.externalLinks a
Trying to find Element By : By.cssSelector: .wrapper.externalLinks a
Found Element By : By.cssSelector: .wrapper.externalLinks a
Trying to find Element By : By.cssSelector: .wrapper.externalLinks a
Found Element By : By.cssSelector: .wrapper.externalLinks a
Trying to find Element By : By.cssSelector: .wrapper.externalLinks a
Found Element By : By.cssSelector: .wrapper.externalLinks a
Trying to find Element By : By.cssSelector: .wrapper.externalLinks a
Found Element By : By.cssSelector: .wrapper.externalLinks a
Trying to find Element By : By.cssSelector: .wrapper.externalLinks a
Found Element By : By.cssSelector: .wrapper.externalLinks a
Trying to find Element By : By.cssSelector: .wrapper.externalLinks a
Found Element By : By.cssSelector: .wrapper.externalLinks a
Trying to find Element By : By.cssSelector: .wrapper.externalLinks a
Found Element By : By.cssSelector: .wrapper.externalLinks a
Trying to find Element By : By.cssSelector: .wrapper.externalLinks a
Found Element By : By.cssSelector: .wrapper.externalLinks a
Trying to find Element By : By.cssSelector: .wrapper.externalLinks a
Found Element By : By.cssSelector: .wrapper.externalLinks a
Trying to find Element By : By.cssSelector: .wrapper.externalLinks a
Found Element By : By.cssSelector: .wrapper.externalLinks a
Trying to find Element By : By.cssSelector: .wrapper.externalLinks a
Found Element By : By.cssSelector: .wrapper.externalLinks a
Trying to find Element By : By.cssSelector: .wrapper.externalLinks a
Found Element By : By.cssSelector: .wrapper.externalLinks a
Trying to find Element By : By.cssSelector: .wrapper.externalLinks a
Found Element By : By.cssSelector: .wrapper.externalLinks a
Trying to find Element By : By.cssSelector: .wrapper.externalLinks a
Found Element By : By.cssSelector: .wrapper.externalLinks a
Trying to find Element By : By.cssSelector: .wrapper.externalLinks a
Found Element By : By.cssSelector: .wrapper.externalLinks a
Trying to find Element By : By.cssSelector: .wrapper.externalLinks a
Found Element By : By.cssSelector: .wrapper.externalLinks a
Trying to find Element By : By.cssSelector: .wrapper.externalLinks a
Found Element By : By.cssSelector: .wrapper.externalLinks a
Trying to find Element By : By.cssSelector: .wrapper.externalLinks a
Found Element By : By.cssSelector: .wrapper.externalLinks a
Trying to find Element By : By.cssSelector: .wrapper.externalLinks a
Found Element By : By.cssSelector: .wrapper.externalLinks a
Trying to find Element By : By.cssSelector: .wrapper.externalLinks a
Found Element By : By.cssSelector: .wrapper.externalLinks a
Trying to find Element By : By.cssSelector: .wrapper.externalLinks a
Found Element By : By.cssSelector: .wrapper.externalLinks a
Trying to find Element By : By.cssSelector: .wrapper.externalLinks a
Found Element By : By.cssSelector: .wrapper.externalLinks a
14:42:32.966 [main] INFO  PageObjects.Homepage - https://www.hdfc.com/------>OK
14:42:33.105 [main] INFO  PageObjects.Homepage - http://www.hdfcbank.com/------>Moved Permanently
14:42:33.148 [main] INFO  PageObjects.Homepage - http://www.hdfcsec.com/------>Moved Permanently
14:42:33.199 [main] INFO  PageObjects.Homepage - http://www.hdfcfund.com/------>Moved Permanently
14:42:34.833 [main] INFO  PageObjects.Homepage - https://www.hdfcpension.com/------>OK
14:42:41.917 [main] INFO  PageObjects.Homepage - https://www.hdfcergo.com/------>OK
14:42:41.956 [main] INFO  PageObjects.Homepage - http://www.hdbfs.com/------>Moved Permanently
14:42:43.123 [main] INFO  PageObjects.Homepage - http://hdfcrealty.com/------>OK
14:42:43.200 [main] INFO  PageObjects.Homepage - http://www.hdfcpropertyfund.com/------>OK
14:42:43.290 [main] INFO  PageObjects.Homepage - http://www.hdfclifere.com/------>Moved Permanently
14:42:44.087 [main] INFO  PageObjects.Homepage - http://www.credila.com/------>OK
14:42:44.447 [main] INFO  PageObjects.Homepage - https://www.hdfcsales.com/------>OK
14:42:44.612 [main] INFO  PageObjects.Homepage - https://www.exidelife.in/------>OK
14:42:44.858 [main] INFO  PageObjects.Homepage - https://myaccount.hdfclife.com/portal.do?_portalid=cpRegistrationLink&_pageid=cp_dndPage------>OK
14:42:44.948 [main] INFO  PageObjects.Homepage - https://www.hdfclife.com/disclaimer------>OK
14:42:45.239 [main] INFO  PageObjects.Homepage - https://www.hdfclife.com/privacy-policy------>OK
14:42:45.339 [main] INFO  PageObjects.Homepage - https://www.hdfclife.com/terms-and-conditions------>OK
14:42:45.412 [main] INFO  PageObjects.Homepage - https://www.hdfclife.com/content/hdfclifeinsurancecompany/in/en/about-us#investorRelations------>Moved Permanently
14:42:45.498 [main] INFO  PageObjects.Homepage - https://www.hdfclife.com/irda-public-notice-on-spurious-calls------>OK
14:42:45.578 [main] INFO  PageObjects.Homepage - https://www.hdfclife.com/content/hdfclifeinsurancecompany/in/en/customer-service/insurance-notice-corner------>Moved Permanently
14:42:45.638 [main] INFO  PageObjects.Homepage - https://www.hdfclife.com/content/hdfclifeinsurancecompany/in/en/customer-service/claims/unclaimed-policyholder-payment-dues-amount-disclosure------>Moved Permanently
14:42:46.532 [main] INFO  PageObjects.Homepage - https://www.irdai.gov.in/Defaulthome.aspx?page=H1------>OK
14:42:46.754 [main] INFO  PageObjects.Homepage - https://www.irdai.gov.in/ADMINCMS/cms/NormalData_Layout.aspx?page=PageNo234&mid=7.2------>OK
14:42:47.188 [main] INFO  PageObjects.Homepage - https://www.policyholder.gov.in/------>OK
14:42:47.313 [main] INFO  PageObjects.Homepage - https://www.lifeinscouncil.org/code/Default.aspx------>OK
14:42:47.392 [main] INFO  PageObjects.Homepage - https://www.hdfclife.com/qrops------>OK
14:42:47.504 [main] INFO  PageObjects.Homepage - https://www.hdfclife.com/customer-service/pay-premium------>OK
14:42:47.586 [main] INFO  PageObjects.Homepage - https://www.hdfclife.com/nav-summary------>OK
14:42:47.694 [main] INFO  PageObjects.Homepage - https://onlineinsurance.hdfclife.com/------>OK
14:42:47.818 [main] INFO  PageObjects.Homepage - https://www.hdfclife.com/financial-tools-calculators------>OK
14:42:47.872 [main] INFO  PageObjects.Homepage - https://www.hdfclife.com/content/hdfclifeinsurancecompany/in/en/customer-service/about-demat------>Moved Permanently
14:42:47.932 [main] INFO  PageObjects.Homepage - https://www.hdfclife.com/content/hdfclifeinsurancecompany/in/en/about-us/investor-relations------>Moved Permanently
14:42:48.019 [main] INFO  PageObjects.Homepage - https://www.hdfclife.com/documents/apps/T-&-C-for_Policy_loan.pdf------>OK
14:42:48.112 [main] INFO  PageObjects.Homepage - https://www.hdfclife.com/content/dam/hdfclifeinsurancecompany/footer/TERMS-AND-CONDITIONS-OF-APPOINTMENT.pdf------>OK
14:42:48.186 [main] INFO  PageObjects.Homepage - https://www.hdfclife.com/content/hdfclifeinsurancecompany/in/en/sitemap------>Moved Permanently
14:42:48.266 [main] INFO  PageObjects.Homepage - https://www.hdfclife.com/content/dam/hdfclifeinsurancecompany/footer/POSP-Appointment-TandC.pdf------>OK
14:42:48.341 [main] INFO  PageObjects.Homepage - https://www.hdfclife.com/content/dam/hdfclifeinsurancecompany/footer/Underwriting-philosophy-and-approach-with-regard-to-offering-insurance-coverage-to-Persons-with-Disabilities-Mental-Illness.pdf------>OK
14:42:48.421 [main] INFO  PageObjects.Homepage - https://www.hdfclife.com/insurance-knowledge-centre/glossary------>OK
14:42:48.490 [main] INFO  PageObjects.Homepage - https://www.hdfclife.com/life-insurance-solutions------>OK
14:42:48.667 [main] INFO  PageObjects.Homepage - https://www.hdfclife.com/hdfc-life-mobile-app------>OK
14:42:48.737 [main] INFO  PageObjects.Homepage - https://www.hdfclife.com/customer-service/testimonials------>OK
Group Websites link check ended
]]></system-out>
  </testcase>
  <testcase name="verifyArticlesOnHomePage" classname="SeleniumTesting.AEMhdfc.HomepageTest" time="91.488">
    <system-out><![CDATA[14:42:51.753 [main] INFO  PageObjects.Categorypage - Article section verification started
Trying to find Element By : By.xpath: //div[@class='container aboutus-sec']
Found Element By : By.xpath: //div[@class='container aboutus-sec']
Trying to find Element By : By.tagName: a
Found Element By : By.tagName: a
14:42:51.776 [main] INFO  PageObjects.Categorypage -  the number of link in article section : 7
Trying to find Element By : By.xpath: //div[@class='container aboutus-sec']
Found Element By : By.xpath: //div[@class='container aboutus-sec']
Trying to find Element By : By.tagName: a
Found Element By : By.tagName: a
14:42:58.514 [main] INFO  PageObjects.Categorypage -  and URL is: https://www.hdfclife.com/insurance-knowledge-centre/about-life-insurance/best-term-insurance-plan
Navigating forward to next page
Navigated forward to next page
Navigating back to previous page
Navigated back to previous page
Trying to find Element By : By.xpath: //div[@class='container aboutus-sec']
Found Element By : By.xpath: //div[@class='container aboutus-sec']
Trying to find Element By : By.tagName: a
Found Element By : By.tagName: a
14:43:09.574 [main] INFO  PageObjects.Categorypage - Choose the Right Term Insurance Plan - 7 Simple Steps

"There are certain factors which must be taken into consideration before purchasing term plan. Read seven basic steps to be taken while choosing a term insurance plan." and URL is: https://www.hdfclife.com/insurance-knowledge-centre/about-life-insurance/best-term-insurance-plan
Navigating forward to next page
Navigated forward to next page
Navigating back to previous page
Navigated back to previous page
Trying to find Element By : By.xpath: //div[@class='container aboutus-sec']
Found Element By : By.xpath: //div[@class='container aboutus-sec']
Trying to find Element By : By.tagName: a
Found Element By : By.tagName: a
14:43:22.047 [main] INFO  PageObjects.Categorypage - Unit Linked Insurance Plans, Most Preferred Investment Option among Indians | HDFC Life and URL is: https://www.hdfclife.com/insurance-knowledge-centre/investment-for-future-planning/what-makes-ulips-attractive
Navigating forward to next page
Navigated forward to next page
Navigating back to previous page
Navigated back to previous page
Trying to find Element By : By.xpath: //div[@class='container aboutus-sec']
Found Element By : By.xpath: //div[@class='container aboutus-sec']
Trying to find Element By : By.tagName: a
Found Element By : By.tagName: a
14:43:34.505 [main] INFO  PageObjects.Categorypage - Financial Planning - Importance of Savings and Investment | HDFC Life and URL is: https://www.hdfclife.com/insurance-knowledge-centre/investment-for-future-planning/importance-of-savings-and-investments
Navigating forward to next page
Navigated forward to next page
Navigating back to previous page
Navigated back to previous page
Trying to find Element By : By.xpath: //div[@class='container aboutus-sec']
Found Element By : By.xpath: //div[@class='container aboutus-sec']
Trying to find Element By : By.tagName: a
Found Element By : By.tagName: a
14:43:46.958 [main] INFO  PageObjects.Categorypage - Health Insurance Plan - Requirement & Benefits | HDFC Life

"Health Plans offer financial security to meet health related contingencies. It becomes imperative therefore to have a health insurance plan in place. To Know more about health plans, Visit Now !" and URL is: https://www.hdfclife.com/insurance-knowledge-centre/secure-your-health/need-for-health-plan
Navigating forward to next page
Navigated forward to next page
Navigating back to previous page
Navigated back to previous page
Trying to find Element By : By.xpath: //div[@class='container aboutus-sec']
Found Element By : By.xpath: //div[@class='container aboutus-sec']
Trying to find Element By : By.tagName: a
Found Element By : By.tagName: a
14:43:59.379 [main] INFO  PageObjects.Categorypage -  and URL is: https://www.hdfclife.com/insurance-knowledge-centre/secure-your-health/need-for-health-plan
Navigating forward to next page
Navigated forward to next page
Navigating back to previous page
Navigated back to previous page
Trying to find Element By : By.xpath: //div[@class='container aboutus-sec']
Found Element By : By.xpath: //div[@class='container aboutus-sec']
Trying to find Element By : By.tagName: a
Found Element By : By.tagName: a
14:44:11.839 [main] INFO  PageObjects.Categorypage - VIEW MORE and URL is: https://www.hdfclife.com/insurance-knowledge-centre
Navigating forward to next page
Navigated forward to next page
Navigating back to previous page
Navigated back to previous page
14:44:17.283 [main] INFO  PageObjects.Categorypage - No Broken link found
14:44:17.283 [main] INFO  PageObjects.Categorypage - Article section test case ended
]]></system-out>
  </testcase>
  <testcase name="navigateToPage" classname="SeleniumTesting.AEMhdfc.CategorypageTest" time="0">
    <skipped message="element not interactable&#10;  (Session info: headless chrome=96.0.4664.110)&#10;Build info: version: &apos;3.141.59&apos;, revision: &apos;e82be7d358&apos;, time: &apos;2018-11-14T08:17:03&apos;&#10;System info: host: &apos;LIN24007907&apos;, ip: &apos;192.168.1.13&apos;, os.name: &apos;Windows 10&apos;, os.arch: &apos;amd64&apos;, os.version: &apos;10.0&apos;, java.version: &apos;17&apos;&#10;Driver info: org.openqa.selenium.chrome.ChromeDriver&#10;Capabilities {acceptInsecureCerts: false, browserName: chrome, browserVersion: 96.0.4664.110, chrome: {chromedriverVersion: 96.0.4664.45 (76e4c1bb2ab46..., userDataDir: C:\Users\Akundar\AppData\Lo...}, goog:chromeOptions: {debuggerAddress: localhost:52882}, javascriptEnabled: true, networkConnectionEnabled: false, pageLoadStrategy: normal, platform: WINDOWS, platformName: WINDOWS, proxy: Proxy(), setWindowRect: true, strictFileInteractability: false, timeouts: {implicit: 0, pageLoad: 300000, script: 30000}, unhandledPromptBehavior: dismiss and notify, webauthn:extension:credBlob: true, webauthn:extension:largeBlob: true, webauthn:virtualAuthenticators: true}&#10;Session ID: d21c4ca3496d1c499eecb237de66f90a"/>
    <system-out><![CDATA[14:44:20.285 [main] INFO  SeleniumTesting.AEMhdfc.HomepageTest - Homepage test cases executed
Before navigating to: 'https://www.hdfclife.com/'
Navigated to:'https://www.hdfclife.com/'
14:44:23.197 [main] INFO  SeleniumTesting.AEMhdfc.CategorypageTest - Category page test cases started
Trying to find Element By : By.xpath: //a[@class='megaMenuLink']
Found Element By : By.xpath: //a[@class='megaMenuLink']
Trying to click on: [[ChromeDriver: chrome on WINDOWS (d21c4ca3496d1c499eecb237de66f90a)] -> xpath: //a[@class='megaMenuLink']]
]]></system-out>
    <system-err><![CDATA[Starting ChromeDriver 96.0.4664.45 (76e4c1bb2ab4671b8beba3444e61c0f17584b2fc-refs/branch-heads/4664@{#947}) on port 40856
Only local connections are allowed.
Please see https://chromedriver.chromium.org/security-considerations for suggestions on keeping ChromeDriver safe.
ChromeDriver was started successfully.
Jan 06, 2022 2:44:21 PM org.openqa.selenium.remote.ProtocolHandshake createSession
INFO: Detected dialect: W3C
]]></system-err>
  </testcase>
  <testcase name="navigateToPage" classname="SeleniumTesting.AEMhdfc.CategorypageTest" time="0">
    <skipped message="element not interactable&#10;  (Session info: headless chrome=96.0.4664.110)&#10;Build info: version: &apos;3.141.59&apos;, revision: &apos;e82be7d358&apos;, time: &apos;2018-11-14T08:17:03&apos;&#10;System info: host: &apos;LIN24007907&apos;, ip: &apos;192.168.1.13&apos;, os.name: &apos;Windows 10&apos;, os.arch: &apos;amd64&apos;, os.version: &apos;10.0&apos;, java.version: &apos;17&apos;&#10;Driver info: org.openqa.selenium.chrome.ChromeDriver&#10;Capabilities {acceptInsecureCerts: false, browserName: chrome, browserVersion: 96.0.4664.110, chrome: {chromedriverVersion: 96.0.4664.45 (76e4c1bb2ab46..., userDataDir: C:\Users\Akundar\AppData\Lo...}, goog:chromeOptions: {debuggerAddress: localhost:52882}, javascriptEnabled: true, networkConnectionEnabled: false, pageLoadStrategy: normal, platform: WINDOWS, platformName: WINDOWS, proxy: Proxy(), setWindowRect: true, strictFileInteractability: false, timeouts: {implicit: 0, pageLoad: 300000, script: 30000}, unhandledPromptBehavior: dismiss and notify, webauthn:extension:credBlob: true, webauthn:extension:largeBlob: true, webauthn:virtualAuthenticators: true}&#10;Session ID: d21c4ca3496d1c499eecb237de66f90a"/>
    <system-out><![CDATA[Trying to find Element By : By.xpath: //a[@class='megaMenuLink']
Found Element By : By.xpath: //a[@class='megaMenuLink']
Trying to click on: [[ChromeDriver: chrome on WINDOWS (d21c4ca3496d1c499eecb237de66f90a)] -> xpath: //a[@class='megaMenuLink']]
]]></system-out>
  </testcase>
  <testcase name="navigateToPage" classname="SeleniumTesting.AEMhdfc.CategorypageTest" time="0">
    <skipped message="element not interactable&#10;  (Session info: headless chrome=96.0.4664.110)&#10;Build info: version: &apos;3.141.59&apos;, revision: &apos;e82be7d358&apos;, time: &apos;2018-11-14T08:17:03&apos;&#10;System info: host: &apos;LIN24007907&apos;, ip: &apos;192.168.1.13&apos;, os.name: &apos;Windows 10&apos;, os.arch: &apos;amd64&apos;, os.version: &apos;10.0&apos;, java.version: &apos;17&apos;&#10;Driver info: org.openqa.selenium.chrome.ChromeDriver&#10;Capabilities {acceptInsecureCerts: false, browserName: chrome, browserVersion: 96.0.4664.110, chrome: {chromedriverVersion: 96.0.4664.45 (76e4c1bb2ab46..., userDataDir: C:\Users\Akundar\AppData\Lo...}, goog:chromeOptions: {debuggerAddress: localhost:52882}, javascriptEnabled: true, networkConnectionEnabled: false, pageLoadStrategy: normal, platform: WINDOWS, platformName: WINDOWS, proxy: Proxy(), setWindowRect: true, strictFileInteractability: false, timeouts: {implicit: 0, pageLoad: 300000, script: 30000}, unhandledPromptBehavior: dismiss and notify, webauthn:extension:credBlob: true, webauthn:extension:largeBlob: true, webauthn:virtualAuthenticators: true}&#10;Session ID: d21c4ca3496d1c499eecb237de66f90a"/>
    <system-out><![CDATA[Trying to find Element By : By.xpath: //a[@class='megaMenuLink']
Found Element By : By.xpath: //a[@class='megaMenuLink']
Trying to click on: [[ChromeDriver: chrome on WINDOWS (d21c4ca3496d1c499eecb237de66f90a)] -> xpath: //a[@class='megaMenuLink']]
]]></system-out>
  </testcase>
  <testcase name="navigateToPage" classname="SeleniumTesting.AEMhdfc.CategorypageTest" time="30.054">
    <failure message="element not interactable&#10;  (Session info: headless chrome=96.0.4664.110)&#10;Build info: version: &apos;3.141.59&apos;, revision: &apos;e82be7d358&apos;, time: &apos;2018-11-14T08:17:03&apos;&#10;System info: host: &apos;LIN24007907&apos;, ip: &apos;192.168.1.13&apos;, os.name: &apos;Windows 10&apos;, os.arch: &apos;amd64&apos;, os.version: &apos;10.0&apos;, java.version: &apos;17&apos;&#10;Driver info: org.openqa.selenium.chrome.ChromeDriver&#10;Capabilities {acceptInsecureCerts: false, browserName: chrome, browserVersion: 96.0.4664.110, chrome: {chromedriverVersion: 96.0.4664.45 (76e4c1bb2ab46..., userDataDir: C:\Users\Akundar\AppData\Lo...}, goog:chromeOptions: {debuggerAddress: localhost:52882}, javascriptEnabled: true, networkConnectionEnabled: false, pageLoadStrategy: normal, platform: WINDOWS, platformName: WINDOWS, proxy: Proxy(), setWindowRect: true, strictFileInteractability: false, timeouts: {implicit: 0, pageLoad: 300000, script: 30000}, unhandledPromptBehavior: dismiss and notify, webauthn:extension:credBlob: true, webauthn:extension:largeBlob: true, webauthn:virtualAuthenticators: true}&#10;Session ID: d21c4ca3496d1c499eecb237de66f90a" type="org.openqa.selenium.ElementNotInteractableException"><![CDATA[org.openqa.selenium.ElementNotInteractableException: 
element not interactable
  (Session info: headless chrome=96.0.4664.110)
Build info: version: '3.141.59', revision: 'e82be7d358', time: '2018-11-14T08:17:03'
System info: host: 'LIN24007907', ip: '192.168.1.13', os.name: 'Windows 10', os.arch: 'amd64', os.version: '10.0', java.version: '17'
Driver info: org.openqa.selenium.chrome.ChromeDriver
Capabilities {acceptInsecureCerts: false, browserName: chrome, browserVersion: 96.0.4664.110, chrome: {chromedriverVersion: 96.0.4664.45 (76e4c1bb2ab46..., userDataDir: C:\Users\Akundar\AppData\Lo...}, goog:chromeOptions: {debuggerAddress: localhost:52882}, javascriptEnabled: true, networkConnectionEnabled: false, pageLoadStrategy: normal, platform: WINDOWS, platformName: WINDOWS, proxy: Proxy(), setWindowRect: true, strictFileInteractability: false, timeouts: {implicit: 0, pageLoad: 300000, script: 30000}, unhandledPromptBehavior: dismiss and notify, webauthn:extension:credBlob: true, webauthn:extension:largeBlob: true, webauthn:virtualAuthenticators: true}
Session ID: d21c4ca3496d1c499eecb237de66f90a
	at SeleniumTesting.AEMhdfc.CategorypageTest.navigateToPage(CategorypageTest.java:45)
]]></failure>
    <system-out><![CDATA[Trying to find Element By : By.xpath: //a[@class='megaMenuLink']
Found Element By : By.xpath: //a[@class='megaMenuLink']
Trying to click on: [[ChromeDriver: chrome on WINDOWS (d21c4ca3496d1c499eecb237de66f90a)] -> xpath: //a[@class='megaMenuLink']]
]]></system-out>
  </testcase>
  <testcase name="verifyCalculatePremiumBtn" classname="SeleniumTesting.AEMhdfc.CategorypageTest" time="0">
    <skipped message="no such element: Unable to locate element: {&quot;method&quot;:&quot;xpath&quot;,&quot;selector&quot;:&quot;//a[@class=&apos;siteButton dataLayerBtnClick&apos;]&quot;}&#10;  (Session info: headless chrome=96.0.4664.110)&#10;For documentation on this error, please visit: https://www.seleniumhq.org/exceptions/no_such_element.html&#10;Build info: version: &apos;3.141.59&apos;, revision: &apos;e82be7d358&apos;, time: &apos;2018-11-14T08:17:03&apos;&#10;System info: host: &apos;LIN24007907&apos;, ip: &apos;192.168.1.13&apos;, os.name: &apos;Windows 10&apos;, os.arch: &apos;amd64&apos;, os.version: &apos;10.0&apos;, java.version: &apos;17&apos;&#10;Driver info: org.openqa.selenium.chrome.ChromeDriver&#10;Capabilities {acceptInsecureCerts: false, browserName: chrome, browserVersion: 96.0.4664.110, chrome: {chromedriverVersion: 96.0.4664.45 (76e4c1bb2ab46..., userDataDir: C:\Users\Akundar\AppData\Lo...}, goog:chromeOptions: {debuggerAddress: localhost:52882}, javascriptEnabled: true, networkConnectionEnabled: false, pageLoadStrategy: normal, platform: WINDOWS, platformName: WINDOWS, proxy: Proxy(), setWindowRect: true, strictFileInteractability: false, timeouts: {implicit: 0, pageLoad: 300000, script: 30000}, unhandledPromptBehavior: dismiss and notify, webauthn:extension:credBlob: true, webauthn:extension:largeBlob: true, webauthn:virtualAuthenticators: true}&#10;Session ID: d21c4ca3496d1c499eecb237de66f90a&#10;*** Element info: {Using=xpath, value=//a[@class=&apos;siteButton dataLayerBtnClick&apos;]}"/>
    <system-out><![CDATA[Trying to find Element By : By.xpath: //a[@class='siteButton dataLayerBtnClick']
]]></system-out>
  </testcase>
  <testcase name="verifyCalculatePremiumBtn" classname="SeleniumTesting.AEMhdfc.CategorypageTest" time="0">
    <skipped message="no such element: Unable to locate element: {&quot;method&quot;:&quot;xpath&quot;,&quot;selector&quot;:&quot;//a[@class=&apos;siteButton dataLayerBtnClick&apos;]&quot;}&#10;  (Session info: headless chrome=96.0.4664.110)&#10;For documentation on this error, please visit: https://www.seleniumhq.org/exceptions/no_such_element.html&#10;Build info: version: &apos;3.141.59&apos;, revision: &apos;e82be7d358&apos;, time: &apos;2018-11-14T08:17:03&apos;&#10;System info: host: &apos;LIN24007907&apos;, ip: &apos;192.168.1.13&apos;, os.name: &apos;Windows 10&apos;, os.arch: &apos;amd64&apos;, os.version: &apos;10.0&apos;, java.version: &apos;17&apos;&#10;Driver info: org.openqa.selenium.chrome.ChromeDriver&#10;Capabilities {acceptInsecureCerts: false, browserName: chrome, browserVersion: 96.0.4664.110, chrome: {chromedriverVersion: 96.0.4664.45 (76e4c1bb2ab46..., userDataDir: C:\Users\Akundar\AppData\Lo...}, goog:chromeOptions: {debuggerAddress: localhost:52882}, javascriptEnabled: true, networkConnectionEnabled: false, pageLoadStrategy: normal, platform: WINDOWS, platformName: WINDOWS, proxy: Proxy(), setWindowRect: true, strictFileInteractability: false, timeouts: {implicit: 0, pageLoad: 300000, script: 30000}, unhandledPromptBehavior: dismiss and notify, webauthn:extension:credBlob: true, webauthn:extension:largeBlob: true, webauthn:virtualAuthenticators: true}&#10;Session ID: d21c4ca3496d1c499eecb237de66f90a&#10;*** Element info: {Using=xpath, value=//a[@class=&apos;siteButton dataLayerBtnClick&apos;]}"/>
    <system-out><![CDATA[Trying to find Element By : By.xpath: //a[@class='siteButton dataLayerBtnClick']
]]></system-out>
  </testcase>
  <testcase name="verifyCalculatePremiumBtn" classname="SeleniumTesting.AEMhdfc.CategorypageTest" time="0">
    <skipped message="no such element: Unable to locate element: {&quot;method&quot;:&quot;xpath&quot;,&quot;selector&quot;:&quot;//a[@class=&apos;siteButton dataLayerBtnClick&apos;]&quot;}&#10;  (Session info: headless chrome=96.0.4664.110)&#10;For documentation on this error, please visit: https://www.seleniumhq.org/exceptions/no_such_element.html&#10;Build info: version: &apos;3.141.59&apos;, revision: &apos;e82be7d358&apos;, time: &apos;2018-11-14T08:17:03&apos;&#10;System info: host: &apos;LIN24007907&apos;, ip: &apos;192.168.1.13&apos;, os.name: &apos;Windows 10&apos;, os.arch: &apos;amd64&apos;, os.version: &apos;10.0&apos;, java.version: &apos;17&apos;&#10;Driver info: org.openqa.selenium.chrome.ChromeDriver&#10;Capabilities {acceptInsecureCerts: false, browserName: chrome, browserVersion: 96.0.4664.110, chrome: {chromedriverVersion: 96.0.4664.45 (76e4c1bb2ab46..., userDataDir: C:\Users\Akundar\AppData\Lo...}, goog:chromeOptions: {debuggerAddress: localhost:52882}, javascriptEnabled: true, networkConnectionEnabled: false, pageLoadStrategy: normal, platform: WINDOWS, platformName: WINDOWS, proxy: Proxy(), setWindowRect: true, strictFileInteractability: false, timeouts: {implicit: 0, pageLoad: 300000, script: 30000}, unhandledPromptBehavior: dismiss and notify, webauthn:extension:credBlob: true, webauthn:extension:largeBlob: true, webauthn:virtualAuthenticators: true}&#10;Session ID: d21c4ca3496d1c499eecb237de66f90a&#10;*** Element info: {Using=xpath, value=//a[@class=&apos;siteButton dataLayerBtnClick&apos;]}"/>
    <system-out><![CDATA[Trying to find Element By : By.xpath: //a[@class='siteButton dataLayerBtnClick']
]]></system-out>
  </testcase>
  <testcase name="verifyCalculatePremiumBtn" classname="SeleniumTesting.AEMhdfc.CategorypageTest" time="33.051">
    <failure message="no such element: Unable to locate element: {&quot;method&quot;:&quot;xpath&quot;,&quot;selector&quot;:&quot;//a[@class=&apos;siteButton dataLayerBtnClick&apos;]&quot;}&#10;  (Session info: headless chrome=96.0.4664.110)&#10;For documentation on this error, please visit: https://www.seleniumhq.org/exceptions/no_such_element.html&#10;Build info: version: &apos;3.141.59&apos;, revision: &apos;e82be7d358&apos;, time: &apos;2018-11-14T08:17:03&apos;&#10;System info: host: &apos;LIN24007907&apos;, ip: &apos;192.168.1.13&apos;, os.name: &apos;Windows 10&apos;, os.arch: &apos;amd64&apos;, os.version: &apos;10.0&apos;, java.version: &apos;17&apos;&#10;Driver info: org.openqa.selenium.chrome.ChromeDriver&#10;Capabilities {acceptInsecureCerts: false, browserName: chrome, browserVersion: 96.0.4664.110, chrome: {chromedriverVersion: 96.0.4664.45 (76e4c1bb2ab46..., userDataDir: C:\Users\Akundar\AppData\Lo...}, goog:chromeOptions: {debuggerAddress: localhost:52882}, javascriptEnabled: true, networkConnectionEnabled: false, pageLoadStrategy: normal, platform: WINDOWS, platformName: WINDOWS, proxy: Proxy(), setWindowRect: true, strictFileInteractability: false, timeouts: {implicit: 0, pageLoad: 300000, script: 30000}, unhandledPromptBehavior: dismiss and notify, webauthn:extension:credBlob: true, webauthn:extension:largeBlob: true, webauthn:virtualAuthenticators: true}&#10;Session ID: d21c4ca3496d1c499eecb237de66f90a&#10;*** Element info: {Using=xpath, value=//a[@class=&apos;siteButton dataLayerBtnClick&apos;]}" type="org.openqa.selenium.NoSuchElementException"><![CDATA[org.openqa.selenium.NoSuchElementException: 
no such element: Unable to locate element: {"method":"xpath","selector":"//a[@class='siteButton dataLayerBtnClick']"}
  (Session info: headless chrome=96.0.4664.110)
For documentation on this error, please visit: https://www.seleniumhq.org/exceptions/no_such_element.html
Build info: version: '3.141.59', revision: 'e82be7d358', time: '2018-11-14T08:17:03'
System info: host: 'LIN24007907', ip: '192.168.1.13', os.name: 'Windows 10', os.arch: 'amd64', os.version: '10.0', java.version: '17'
Driver info: org.openqa.selenium.chrome.ChromeDriver
Capabilities {acceptInsecureCerts: false, browserName: chrome, browserVersion: 96.0.4664.110, chrome: {chromedriverVersion: 96.0.4664.45 (76e4c1bb2ab46..., userDataDir: C:\Users\Akundar\AppData\Lo...}, goog:chromeOptions: {debuggerAddress: localhost:52882}, javascriptEnabled: true, networkConnectionEnabled: false, pageLoadStrategy: normal, platform: WINDOWS, platformName: WINDOWS, proxy: Proxy(), setWindowRect: true, strictFileInteractability: false, timeouts: {implicit: 0, pageLoad: 300000, script: 30000}, unhandledPromptBehavior: dismiss and notify, webauthn:extension:credBlob: true, webauthn:extension:largeBlob: true, webauthn:virtualAuthenticators: true}
Session ID: d21c4ca3496d1c499eecb237de66f90a
*** Element info: {Using=xpath, value=//a[@class='siteButton dataLayerBtnClick']}
	at SeleniumTesting.AEMhdfc.CategorypageTest.verifyCalculatePremiumBtn(CategorypageTest.java:53)
]]></failure>
    <system-out><![CDATA[Trying to find Element By : By.xpath: //a[@class='siteButton dataLayerBtnClick']
]]></system-out>
  </testcase>
  <testcase name="verifyTalkToAdvisor" classname="SeleniumTesting.AEMhdfc.CategorypageTest" time="0">
    <skipped message="no such element: Unable to locate element: {&quot;method&quot;:&quot;xpath&quot;,&quot;selector&quot;:&quot;(//a[@class=&apos;siteButton outlinedBtn&apos;])[4]&quot;}&#10;  (Session info: headless chrome=96.0.4664.110)&#10;For documentation on this error, please visit: https://www.seleniumhq.org/exceptions/no_such_element.html&#10;Build info: version: &apos;3.141.59&apos;, revision: &apos;e82be7d358&apos;, time: &apos;2018-11-14T08:17:03&apos;&#10;System info: host: &apos;LIN24007907&apos;, ip: &apos;192.168.1.13&apos;, os.name: &apos;Windows 10&apos;, os.arch: &apos;amd64&apos;, os.version: &apos;10.0&apos;, java.version: &apos;17&apos;&#10;Driver info: org.openqa.selenium.chrome.ChromeDriver&#10;Capabilities {acceptInsecureCerts: false, browserName: chrome, browserVersion: 96.0.4664.110, chrome: {chromedriverVersion: 96.0.4664.45 (76e4c1bb2ab46..., userDataDir: C:\Users\Akundar\AppData\Lo...}, goog:chromeOptions: {debuggerAddress: localhost:52882}, javascriptEnabled: true, networkConnectionEnabled: false, pageLoadStrategy: normal, platform: WINDOWS, platformName: WINDOWS, proxy: Proxy(), setWindowRect: true, strictFileInteractability: false, timeouts: {implicit: 0, pageLoad: 300000, script: 30000}, unhandledPromptBehavior: dismiss and notify, webauthn:extension:credBlob: true, webauthn:extension:largeBlob: true, webauthn:virtualAuthenticators: true}&#10;Session ID: d21c4ca3496d1c499eecb237de66f90a&#10;*** Element info: {Using=xpath, value=(//a[@class=&apos;siteButton outlinedBtn&apos;])[4]}"/>
    <system-out><![CDATA[Trying to find Element By : By.xpath: (//a[@class='siteButton outlinedBtn'])[4]
]]></system-out>
  </testcase>
  <testcase name="verifyTalkToAdvisor" classname="SeleniumTesting.AEMhdfc.CategorypageTest" time="0">
    <skipped message="no such element: Unable to locate element: {&quot;method&quot;:&quot;xpath&quot;,&quot;selector&quot;:&quot;(//a[@class=&apos;siteButton outlinedBtn&apos;])[4]&quot;}&#10;  (Session info: headless chrome=96.0.4664.110)&#10;For documentation on this error, please visit: https://www.seleniumhq.org/exceptions/no_such_element.html&#10;Build info: version: &apos;3.141.59&apos;, revision: &apos;e82be7d358&apos;, time: &apos;2018-11-14T08:17:03&apos;&#10;System info: host: &apos;LIN24007907&apos;, ip: &apos;192.168.1.13&apos;, os.name: &apos;Windows 10&apos;, os.arch: &apos;amd64&apos;, os.version: &apos;10.0&apos;, java.version: &apos;17&apos;&#10;Driver info: org.openqa.selenium.chrome.ChromeDriver&#10;Capabilities {acceptInsecureCerts: false, browserName: chrome, browserVersion: 96.0.4664.110, chrome: {chromedriverVersion: 96.0.4664.45 (76e4c1bb2ab46..., userDataDir: C:\Users\Akundar\AppData\Lo...}, goog:chromeOptions: {debuggerAddress: localhost:52882}, javascriptEnabled: true, networkConnectionEnabled: false, pageLoadStrategy: normal, platform: WINDOWS, platformName: WINDOWS, proxy: Proxy(), setWindowRect: true, strictFileInteractability: false, timeouts: {implicit: 0, pageLoad: 300000, script: 30000}, unhandledPromptBehavior: dismiss and notify, webauthn:extension:credBlob: true, webauthn:extension:largeBlob: true, webauthn:virtualAuthenticators: true}&#10;Session ID: d21c4ca3496d1c499eecb237de66f90a&#10;*** Element info: {Using=xpath, value=(//a[@class=&apos;siteButton outlinedBtn&apos;])[4]}"/>
    <system-out><![CDATA[Trying to find Element By : By.xpath: (//a[@class='siteButton outlinedBtn'])[4]
]]></system-out>
  </testcase>
  <testcase name="verifyTalkToAdvisor" classname="SeleniumTesting.AEMhdfc.CategorypageTest" time="0">
    <skipped message="no such element: Unable to locate element: {&quot;method&quot;:&quot;xpath&quot;,&quot;selector&quot;:&quot;(//a[@class=&apos;siteButton outlinedBtn&apos;])[4]&quot;}&#10;  (Session info: headless chrome=96.0.4664.110)&#10;For documentation on this error, please visit: https://www.seleniumhq.org/exceptions/no_such_element.html&#10;Build info: version: &apos;3.141.59&apos;, revision: &apos;e82be7d358&apos;, time: &apos;2018-11-14T08:17:03&apos;&#10;System info: host: &apos;LIN24007907&apos;, ip: &apos;192.168.1.13&apos;, os.name: &apos;Windows 10&apos;, os.arch: &apos;amd64&apos;, os.version: &apos;10.0&apos;, java.version: &apos;17&apos;&#10;Driver info: org.openqa.selenium.chrome.ChromeDriver&#10;Capabilities {acceptInsecureCerts: false, browserName: chrome, browserVersion: 96.0.4664.110, chrome: {chromedriverVersion: 96.0.4664.45 (76e4c1bb2ab46..., userDataDir: C:\Users\Akundar\AppData\Lo...}, goog:chromeOptions: {debuggerAddress: localhost:52882}, javascriptEnabled: true, networkConnectionEnabled: false, pageLoadStrategy: normal, platform: WINDOWS, platformName: WINDOWS, proxy: Proxy(), setWindowRect: true, strictFileInteractability: false, timeouts: {implicit: 0, pageLoad: 300000, script: 30000}, unhandledPromptBehavior: dismiss and notify, webauthn:extension:credBlob: true, webauthn:extension:largeBlob: true, webauthn:virtualAuthenticators: true}&#10;Session ID: d21c4ca3496d1c499eecb237de66f90a&#10;*** Element info: {Using=xpath, value=(//a[@class=&apos;siteButton outlinedBtn&apos;])[4]}"/>
    <system-out><![CDATA[Trying to find Element By : By.xpath: (//a[@class='siteButton outlinedBtn'])[4]
]]></system-out>
  </testcase>
  <testcase name="verifyTalkToAdvisor" classname="SeleniumTesting.AEMhdfc.CategorypageTest" time="30.079">
    <failure message="no such element: Unable to locate element: {&quot;method&quot;:&quot;xpath&quot;,&quot;selector&quot;:&quot;(//a[@class=&apos;siteButton outlinedBtn&apos;])[4]&quot;}&#10;  (Session info: headless chrome=96.0.4664.110)&#10;For documentation on this error, please visit: https://www.seleniumhq.org/exceptions/no_such_element.html&#10;Build info: version: &apos;3.141.59&apos;, revision: &apos;e82be7d358&apos;, time: &apos;2018-11-14T08:17:03&apos;&#10;System info: host: &apos;LIN24007907&apos;, ip: &apos;192.168.1.13&apos;, os.name: &apos;Windows 10&apos;, os.arch: &apos;amd64&apos;, os.version: &apos;10.0&apos;, java.version: &apos;17&apos;&#10;Driver info: org.openqa.selenium.chrome.ChromeDriver&#10;Capabilities {acceptInsecureCerts: false, browserName: chrome, browserVersion: 96.0.4664.110, chrome: {chromedriverVersion: 96.0.4664.45 (76e4c1bb2ab46..., userDataDir: C:\Users\Akundar\AppData\Lo...}, goog:chromeOptions: {debuggerAddress: localhost:52882}, javascriptEnabled: true, networkConnectionEnabled: false, pageLoadStrategy: normal, platform: WINDOWS, platformName: WINDOWS, proxy: Proxy(), setWindowRect: true, strictFileInteractability: false, timeouts: {implicit: 0, pageLoad: 300000, script: 30000}, unhandledPromptBehavior: dismiss and notify, webauthn:extension:credBlob: true, webauthn:extension:largeBlob: true, webauthn:virtualAuthenticators: true}&#10;Session ID: d21c4ca3496d1c499eecb237de66f90a&#10;*** Element info: {Using=xpath, value=(//a[@class=&apos;siteButton outlinedBtn&apos;])[4]}" type="org.openqa.selenium.NoSuchElementException"><![CDATA[org.openqa.selenium.NoSuchElementException: 
no such element: Unable to locate element: {"method":"xpath","selector":"(//a[@class='siteButton outlinedBtn'])[4]"}
  (Session info: headless chrome=96.0.4664.110)
For documentation on this error, please visit: https://www.seleniumhq.org/exceptions/no_such_element.html
Build info: version: '3.141.59', revision: 'e82be7d358', time: '2018-11-14T08:17:03'
System info: host: 'LIN24007907', ip: '192.168.1.13', os.name: 'Windows 10', os.arch: 'amd64', os.version: '10.0', java.version: '17'
Driver info: org.openqa.selenium.chrome.ChromeDriver
Capabilities {acceptInsecureCerts: false, browserName: chrome, browserVersion: 96.0.4664.110, chrome: {chromedriverVersion: 96.0.4664.45 (76e4c1bb2ab46..., userDataDir: C:\Users\Akundar\AppData\Lo...}, goog:chromeOptions: {debuggerAddress: localhost:52882}, javascriptEnabled: true, networkConnectionEnabled: false, pageLoadStrategy: normal, platform: WINDOWS, platformName: WINDOWS, proxy: Proxy(), setWindowRect: true, strictFileInteractability: false, timeouts: {implicit: 0, pageLoad: 300000, script: 30000}, unhandledPromptBehavior: dismiss and notify, webauthn:extension:credBlob: true, webauthn:extension:largeBlob: true, webauthn:virtualAuthenticators: true}
Session ID: d21c4ca3496d1c499eecb237de66f90a
*** Element info: {Using=xpath, value=(//a[@class='siteButton outlinedBtn'])[4]}
	at SeleniumTesting.AEMhdfc.CategorypageTest.verifyTalkToAdvisor(CategorypageTest.java:61)
]]></failure>
    <system-out><![CDATA[Trying to find Element By : By.xpath: (//a[@class='siteButton outlinedBtn'])[4]
]]></system-out>
  </testcase>
  <testcase name="verifyTalkToAdvisorPopup" classname="SeleniumTesting.AEMhdfc.CategorypageTest" time="0">
    <skipped message="no such element: Unable to locate element: {&quot;method&quot;:&quot;xpath&quot;,&quot;selector&quot;:&quot;(//a[@class=&apos;siteButton outlinedBtn&apos;])[4]&quot;}&#10;  (Session info: headless chrome=96.0.4664.110)&#10;For documentation on this error, please visit: https://www.seleniumhq.org/exceptions/no_such_element.html&#10;Build info: version: &apos;3.141.59&apos;, revision: &apos;e82be7d358&apos;, time: &apos;2018-11-14T08:17:03&apos;&#10;System info: host: &apos;LIN24007907&apos;, ip: &apos;192.168.1.13&apos;, os.name: &apos;Windows 10&apos;, os.arch: &apos;amd64&apos;, os.version: &apos;10.0&apos;, java.version: &apos;17&apos;&#10;Driver info: org.openqa.selenium.chrome.ChromeDriver&#10;Capabilities {acceptInsecureCerts: false, browserName: chrome, browserVersion: 96.0.4664.110, chrome: {chromedriverVersion: 96.0.4664.45 (76e4c1bb2ab46..., userDataDir: C:\Users\Akundar\AppData\Lo...}, goog:chromeOptions: {debuggerAddress: localhost:52882}, javascriptEnabled: true, networkConnectionEnabled: false, pageLoadStrategy: normal, platform: WINDOWS, platformName: WINDOWS, proxy: Proxy(), setWindowRect: true, strictFileInteractability: false, timeouts: {implicit: 0, pageLoad: 300000, script: 30000}, unhandledPromptBehavior: dismiss and notify, webauthn:extension:credBlob: true, webauthn:extension:largeBlob: true, webauthn:virtualAuthenticators: true}&#10;Session ID: d21c4ca3496d1c499eecb237de66f90a&#10;*** Element info: {Using=xpath, value=(//a[@class=&apos;siteButton outlinedBtn&apos;])[4]}"/>
    <system-out><![CDATA[Trying to find Element By : By.xpath: (//a[@class='siteButton outlinedBtn'])[4]
]]></system-out>
  </testcase>
  <testcase name="verifyTalkToAdvisorPopup" classname="SeleniumTesting.AEMhdfc.CategorypageTest" time="0">
    <skipped message="no such element: Unable to locate element: {&quot;method&quot;:&quot;xpath&quot;,&quot;selector&quot;:&quot;(//a[@class=&apos;siteButton outlinedBtn&apos;])[4]&quot;}&#10;  (Session info: headless chrome=96.0.4664.110)&#10;For documentation on this error, please visit: https://www.seleniumhq.org/exceptions/no_such_element.html&#10;Build info: version: &apos;3.141.59&apos;, revision: &apos;e82be7d358&apos;, time: &apos;2018-11-14T08:17:03&apos;&#10;System info: host: &apos;LIN24007907&apos;, ip: &apos;192.168.1.13&apos;, os.name: &apos;Windows 10&apos;, os.arch: &apos;amd64&apos;, os.version: &apos;10.0&apos;, java.version: &apos;17&apos;&#10;Driver info: org.openqa.selenium.chrome.ChromeDriver&#10;Capabilities {acceptInsecureCerts: false, browserName: chrome, browserVersion: 96.0.4664.110, chrome: {chromedriverVersion: 96.0.4664.45 (76e4c1bb2ab46..., userDataDir: C:\Users\Akundar\AppData\Lo...}, goog:chromeOptions: {debuggerAddress: localhost:52882}, javascriptEnabled: true, networkConnectionEnabled: false, pageLoadStrategy: normal, platform: WINDOWS, platformName: WINDOWS, proxy: Proxy(), setWindowRect: true, strictFileInteractability: false, timeouts: {implicit: 0, pageLoad: 300000, script: 30000}, unhandledPromptBehavior: dismiss and notify, webauthn:extension:credBlob: true, webauthn:extension:largeBlob: true, webauthn:virtualAuthenticators: true}&#10;Session ID: d21c4ca3496d1c499eecb237de66f90a&#10;*** Element info: {Using=xpath, value=(//a[@class=&apos;siteButton outlinedBtn&apos;])[4]}"/>
    <system-out><![CDATA[Trying to find Element By : By.xpath: (//a[@class='siteButton outlinedBtn'])[4]
]]></system-out>
  </testcase>
  <testcase name="verifyTalkToAdvisorPopup" classname="SeleniumTesting.AEMhdfc.CategorypageTest" time="0">
    <skipped message="no such element: Unable to locate element: {&quot;method&quot;:&quot;xpath&quot;,&quot;selector&quot;:&quot;(//a[@class=&apos;siteButton outlinedBtn&apos;])[4]&quot;}&#10;  (Session info: headless chrome=96.0.4664.110)&#10;For documentation on this error, please visit: https://www.seleniumhq.org/exceptions/no_such_element.html&#10;Build info: version: &apos;3.141.59&apos;, revision: &apos;e82be7d358&apos;, time: &apos;2018-11-14T08:17:03&apos;&#10;System info: host: &apos;LIN24007907&apos;, ip: &apos;192.168.1.13&apos;, os.name: &apos;Windows 10&apos;, os.arch: &apos;amd64&apos;, os.version: &apos;10.0&apos;, java.version: &apos;17&apos;&#10;Driver info: org.openqa.selenium.chrome.ChromeDriver&#10;Capabilities {acceptInsecureCerts: false, browserName: chrome, browserVersion: 96.0.4664.110, chrome: {chromedriverVersion: 96.0.4664.45 (76e4c1bb2ab46..., userDataDir: C:\Users\Akundar\AppData\Lo...}, goog:chromeOptions: {debuggerAddress: localhost:52882}, javascriptEnabled: true, networkConnectionEnabled: false, pageLoadStrategy: normal, platform: WINDOWS, platformName: WINDOWS, proxy: Proxy(), setWindowRect: true, strictFileInteractability: false, timeouts: {implicit: 0, pageLoad: 300000, script: 30000}, unhandledPromptBehavior: dismiss and notify, webauthn:extension:credBlob: true, webauthn:extension:largeBlob: true, webauthn:virtualAuthenticators: true}&#10;Session ID: d21c4ca3496d1c499eecb237de66f90a&#10;*** Element info: {Using=xpath, value=(//a[@class=&apos;siteButton outlinedBtn&apos;])[4]}"/>
    <system-out><![CDATA[Trying to find Element By : By.xpath: (//a[@class='siteButton outlinedBtn'])[4]
]]></system-out>
  </testcase>
  <testcase name="verifyTalkToAdvisorPopup" classname="SeleniumTesting.AEMhdfc.CategorypageTest" time="30.032">
    <failure message="no such element: Unable to locate element: {&quot;method&quot;:&quot;xpath&quot;,&quot;selector&quot;:&quot;(//a[@class=&apos;siteButton outlinedBtn&apos;])[4]&quot;}&#10;  (Session info: headless chrome=96.0.4664.110)&#10;For documentation on this error, please visit: https://www.seleniumhq.org/exceptions/no_such_element.html&#10;Build info: version: &apos;3.141.59&apos;, revision: &apos;e82be7d358&apos;, time: &apos;2018-11-14T08:17:03&apos;&#10;System info: host: &apos;LIN24007907&apos;, ip: &apos;192.168.1.13&apos;, os.name: &apos;Windows 10&apos;, os.arch: &apos;amd64&apos;, os.version: &apos;10.0&apos;, java.version: &apos;17&apos;&#10;Driver info: org.openqa.selenium.chrome.ChromeDriver&#10;Capabilities {acceptInsecureCerts: false, browserName: chrome, browserVersion: 96.0.4664.110, chrome: {chromedriverVersion: 96.0.4664.45 (76e4c1bb2ab46..., userDataDir: C:\Users\Akundar\AppData\Lo...}, goog:chromeOptions: {debuggerAddress: localhost:52882}, javascriptEnabled: true, networkConnectionEnabled: false, pageLoadStrategy: normal, platform: WINDOWS, platformName: WINDOWS, proxy: Proxy(), setWindowRect: true, strictFileInteractability: false, timeouts: {implicit: 0, pageLoad: 300000, script: 30000}, unhandledPromptBehavior: dismiss and notify, webauthn:extension:credBlob: true, webauthn:extension:largeBlob: true, webauthn:virtualAuthenticators: true}&#10;Session ID: d21c4ca3496d1c499eecb237de66f90a&#10;*** Element info: {Using=xpath, value=(//a[@class=&apos;siteButton outlinedBtn&apos;])[4]}" type="org.openqa.selenium.NoSuchElementException"><![CDATA[org.openqa.selenium.NoSuchElementException: 
no such element: Unable to locate element: {"method":"xpath","selector":"(//a[@class='siteButton outlinedBtn'])[4]"}
  (Session info: headless chrome=96.0.4664.110)
For documentation on this error, please visit: https://www.seleniumhq.org/exceptions/no_such_element.html
Build info: version: '3.141.59', revision: 'e82be7d358', time: '2018-11-14T08:17:03'
System info: host: 'LIN24007907', ip: '192.168.1.13', os.name: 'Windows 10', os.arch: 'amd64', os.version: '10.0', java.version: '17'
Driver info: org.openqa.selenium.chrome.ChromeDriver
Capabilities {acceptInsecureCerts: false, browserName: chrome, browserVersion: 96.0.4664.110, chrome: {chromedriverVersion: 96.0.4664.45 (76e4c1bb2ab46..., userDataDir: C:\Users\Akundar\AppData\Lo...}, goog:chromeOptions: {debuggerAddress: localhost:52882}, javascriptEnabled: true, networkConnectionEnabled: false, pageLoadStrategy: normal, platform: WINDOWS, platformName: WINDOWS, proxy: Proxy(), setWindowRect: true, strictFileInteractability: false, timeouts: {implicit: 0, pageLoad: 300000, script: 30000}, unhandledPromptBehavior: dismiss and notify, webauthn:extension:credBlob: true, webauthn:extension:largeBlob: true, webauthn:virtualAuthenticators: true}
Session ID: d21c4ca3496d1c499eecb237de66f90a
*** Element info: {Using=xpath, value=(//a[@class='siteButton outlinedBtn'])[4]}
	at SeleniumTesting.AEMhdfc.CategorypageTest.verifyTalkToAdvisorPopup(CategorypageTest.java:68)
]]></failure>
    <system-out><![CDATA[Trying to find Element By : By.xpath: (//a[@class='siteButton outlinedBtn'])[4]
]]></system-out>
  </testcase>
  <testcase name="verifyHomeIconInBreadCrumb" classname="SeleniumTesting.AEMhdfc.CategorypageTest" time="0">
    <skipped message="no such element: Unable to locate element: {&quot;method&quot;:&quot;xpath&quot;,&quot;selector&quot;:&quot;//img[@class=&apos;homeIconImg&apos;]&quot;}&#10;  (Session info: headless chrome=96.0.4664.110)&#10;For documentation on this error, please visit: https://www.seleniumhq.org/exceptions/no_such_element.html&#10;Build info: version: &apos;3.141.59&apos;, revision: &apos;e82be7d358&apos;, time: &apos;2018-11-14T08:17:03&apos;&#10;System info: host: &apos;LIN24007907&apos;, ip: &apos;192.168.1.13&apos;, os.name: &apos;Windows 10&apos;, os.arch: &apos;amd64&apos;, os.version: &apos;10.0&apos;, java.version: &apos;17&apos;&#10;Driver info: org.openqa.selenium.chrome.ChromeDriver&#10;Capabilities {acceptInsecureCerts: false, browserName: chrome, browserVersion: 96.0.4664.110, chrome: {chromedriverVersion: 96.0.4664.45 (76e4c1bb2ab46..., userDataDir: C:\Users\Akundar\AppData\Lo...}, goog:chromeOptions: {debuggerAddress: localhost:52882}, javascriptEnabled: true, networkConnectionEnabled: false, pageLoadStrategy: normal, platform: WINDOWS, platformName: WINDOWS, proxy: Proxy(), setWindowRect: true, strictFileInteractability: false, timeouts: {implicit: 0, pageLoad: 300000, script: 30000}, unhandledPromptBehavior: dismiss and notify, webauthn:extension:credBlob: true, webauthn:extension:largeBlob: true, webauthn:virtualAuthenticators: true}&#10;Session ID: d21c4ca3496d1c499eecb237de66f90a&#10;*** Element info: {Using=xpath, value=//img[@class=&apos;homeIconImg&apos;]}"/>
    <system-out><![CDATA[Trying to find Element By : By.xpath: //img[@class='homeIconImg']
]]></system-out>
  </testcase>
  <testcase name="verifyHomeIconInBreadCrumb" classname="SeleniumTesting.AEMhdfc.CategorypageTest" time="0">
    <skipped message="no such element: Unable to locate element: {&quot;method&quot;:&quot;xpath&quot;,&quot;selector&quot;:&quot;//img[@class=&apos;homeIconImg&apos;]&quot;}&#10;  (Session info: headless chrome=96.0.4664.110)&#10;For documentation on this error, please visit: https://www.seleniumhq.org/exceptions/no_such_element.html&#10;Build info: version: &apos;3.141.59&apos;, revision: &apos;e82be7d358&apos;, time: &apos;2018-11-14T08:17:03&apos;&#10;System info: host: &apos;LIN24007907&apos;, ip: &apos;192.168.1.13&apos;, os.name: &apos;Windows 10&apos;, os.arch: &apos;amd64&apos;, os.version: &apos;10.0&apos;, java.version: &apos;17&apos;&#10;Driver info: org.openqa.selenium.chrome.ChromeDriver&#10;Capabilities {acceptInsecureCerts: false, browserName: chrome, browserVersion: 96.0.4664.110, chrome: {chromedriverVersion: 96.0.4664.45 (76e4c1bb2ab46..., userDataDir: C:\Users\Akundar\AppData\Lo...}, goog:chromeOptions: {debuggerAddress: localhost:52882}, javascriptEnabled: true, networkConnectionEnabled: false, pageLoadStrategy: normal, platform: WINDOWS, platformName: WINDOWS, proxy: Proxy(), setWindowRect: true, strictFileInteractability: false, timeouts: {implicit: 0, pageLoad: 300000, script: 30000}, unhandledPromptBehavior: dismiss and notify, webauthn:extension:credBlob: true, webauthn:extension:largeBlob: true, webauthn:virtualAuthenticators: true}&#10;Session ID: d21c4ca3496d1c499eecb237de66f90a&#10;*** Element info: {Using=xpath, value=//img[@class=&apos;homeIconImg&apos;]}"/>
    <system-out><![CDATA[Trying to find Element By : By.xpath: //img[@class='homeIconImg']
]]></system-out>
  </testcase>
  <testcase name="verifyHomeIconInBreadCrumb" classname="SeleniumTesting.AEMhdfc.CategorypageTest" time="0">
    <skipped message="no such element: Unable to locate element: {&quot;method&quot;:&quot;xpath&quot;,&quot;selector&quot;:&quot;//img[@class=&apos;homeIconImg&apos;]&quot;}&#10;  (Session info: headless chrome=96.0.4664.110)&#10;For documentation on this error, please visit: https://www.seleniumhq.org/exceptions/no_such_element.html&#10;Build info: version: &apos;3.141.59&apos;, revision: &apos;e82be7d358&apos;, time: &apos;2018-11-14T08:17:03&apos;&#10;System info: host: &apos;LIN24007907&apos;, ip: &apos;192.168.1.13&apos;, os.name: &apos;Windows 10&apos;, os.arch: &apos;amd64&apos;, os.version: &apos;10.0&apos;, java.version: &apos;17&apos;&#10;Driver info: org.openqa.selenium.chrome.ChromeDriver&#10;Capabilities {acceptInsecureCerts: false, browserName: chrome, browserVersion: 96.0.4664.110, chrome: {chromedriverVersion: 96.0.4664.45 (76e4c1bb2ab46..., userDataDir: C:\Users\Akundar\AppData\Lo...}, goog:chromeOptions: {debuggerAddress: localhost:52882}, javascriptEnabled: true, networkConnectionEnabled: false, pageLoadStrategy: normal, platform: WINDOWS, platformName: WINDOWS, proxy: Proxy(), setWindowRect: true, strictFileInteractability: false, timeouts: {implicit: 0, pageLoad: 300000, script: 30000}, unhandledPromptBehavior: dismiss and notify, webauthn:extension:credBlob: true, webauthn:extension:largeBlob: true, webauthn:virtualAuthenticators: true}&#10;Session ID: d21c4ca3496d1c499eecb237de66f90a&#10;*** Element info: {Using=xpath, value=//img[@class=&apos;homeIconImg&apos;]}"/>
    <system-out><![CDATA[Trying to find Element By : By.xpath: //img[@class='homeIconImg']
]]></system-out>
  </testcase>
  <testcase name="verifyHomeIconInBreadCrumb" classname="SeleniumTesting.AEMhdfc.CategorypageTest" time="30.048">
    <failure message="no such element: Unable to locate element: {&quot;method&quot;:&quot;xpath&quot;,&quot;selector&quot;:&quot;//img[@class=&apos;homeIconImg&apos;]&quot;}&#10;  (Session info: headless chrome=96.0.4664.110)&#10;For documentation on this error, please visit: https://www.seleniumhq.org/exceptions/no_such_element.html&#10;Build info: version: &apos;3.141.59&apos;, revision: &apos;e82be7d358&apos;, time: &apos;2018-11-14T08:17:03&apos;&#10;System info: host: &apos;LIN24007907&apos;, ip: &apos;192.168.1.13&apos;, os.name: &apos;Windows 10&apos;, os.arch: &apos;amd64&apos;, os.version: &apos;10.0&apos;, java.version: &apos;17&apos;&#10;Driver info: org.openqa.selenium.chrome.ChromeDriver&#10;Capabilities {acceptInsecureCerts: false, browserName: chrome, browserVersion: 96.0.4664.110, chrome: {chromedriverVersion: 96.0.4664.45 (76e4c1bb2ab46..., userDataDir: C:\Users\Akundar\AppData\Lo...}, goog:chromeOptions: {debuggerAddress: localhost:52882}, javascriptEnabled: true, networkConnectionEnabled: false, pageLoadStrategy: normal, platform: WINDOWS, platformName: WINDOWS, proxy: Proxy(), setWindowRect: true, strictFileInteractability: false, timeouts: {implicit: 0, pageLoad: 300000, script: 30000}, unhandledPromptBehavior: dismiss and notify, webauthn:extension:credBlob: true, webauthn:extension:largeBlob: true, webauthn:virtualAuthenticators: true}&#10;Session ID: d21c4ca3496d1c499eecb237de66f90a&#10;*** Element info: {Using=xpath, value=//img[@class=&apos;homeIconImg&apos;]}" type="org.openqa.selenium.NoSuchElementException"><![CDATA[org.openqa.selenium.NoSuchElementException: 
no such element: Unable to locate element: {"method":"xpath","selector":"//img[@class='homeIconImg']"}
  (Session info: headless chrome=96.0.4664.110)
For documentation on this error, please visit: https://www.seleniumhq.org/exceptions/no_such_element.html
Build info: version: '3.141.59', revision: 'e82be7d358', time: '2018-11-14T08:17:03'
System info: host: 'LIN24007907', ip: '192.168.1.13', os.name: 'Windows 10', os.arch: 'amd64', os.version: '10.0', java.version: '17'
Driver info: org.openqa.selenium.chrome.ChromeDriver
Capabilities {acceptInsecureCerts: false, browserName: chrome, browserVersion: 96.0.4664.110, chrome: {chromedriverVersion: 96.0.4664.45 (76e4c1bb2ab46..., userDataDir: C:\Users\Akundar\AppData\Lo...}, goog:chromeOptions: {debuggerAddress: localhost:52882}, javascriptEnabled: true, networkConnectionEnabled: false, pageLoadStrategy: normal, platform: WINDOWS, platformName: WINDOWS, proxy: Proxy(), setWindowRect: true, strictFileInteractability: false, timeouts: {implicit: 0, pageLoad: 300000, script: 30000}, unhandledPromptBehavior: dismiss and notify, webauthn:extension:credBlob: true, webauthn:extension:largeBlob: true, webauthn:virtualAuthenticators: true}
Session ID: d21c4ca3496d1c499eecb237de66f90a
*** Element info: {Using=xpath, value=//img[@class='homeIconImg']}
	at SeleniumTesting.AEMhdfc.CategorypageTest.verifyHomeIconInBreadCrumb(CategorypageTest.java:77)
]]></failure>
    <system-out><![CDATA[Trying to find Element By : By.xpath: //img[@class='homeIconImg']
]]></system-out>
  </testcase>
  <testcase name="verifyC2PLProduct" classname="SeleniumTesting.AEMhdfc.CategorypageTest" time="0">
    <skipped message="Expected condition failed: waiting for element to be clickable: Proxy element for: DefaultElementLocator &apos;By.xpath: (//a[@class=&apos;siteButton outlinedBtn learMoreBtn dataLayerBtnClick&apos;])[1]&apos; (tried for 30 second(s) with 500 milliseconds interval)"/>
    <system-out><![CDATA[Trying to find Element By : By.xpath: (//a[@class='siteButton outlinedBtn learMoreBtn dataLayerBtnClick'])[1]
Trying to find Element By : By.xpath: (//a[@class='siteButton outlinedBtn learMoreBtn dataLayerBtnClick'])[1]
]]></system-out>
  </testcase>
  <testcase name="verifyC2PLProduct" classname="SeleniumTesting.AEMhdfc.CategorypageTest" time="0">
    <skipped message="Expected condition failed: waiting for element to be clickable: Proxy element for: DefaultElementLocator &apos;By.xpath: (//a[@class=&apos;siteButton outlinedBtn learMoreBtn dataLayerBtnClick&apos;])[1]&apos; (tried for 30 second(s) with 500 milliseconds interval)"/>
    <system-out><![CDATA[Trying to find Element By : By.xpath: (//a[@class='siteButton outlinedBtn learMoreBtn dataLayerBtnClick'])[1]
Trying to find Element By : By.xpath: (//a[@class='siteButton outlinedBtn learMoreBtn dataLayerBtnClick'])[1]
]]></system-out>
  </testcase>
  <testcase name="verifyC2PLProduct" classname="SeleniumTesting.AEMhdfc.CategorypageTest" time="0">
    <skipped message="Expected condition failed: waiting for element to be clickable: Proxy element for: DefaultElementLocator &apos;By.xpath: (//a[@class=&apos;siteButton outlinedBtn learMoreBtn dataLayerBtnClick&apos;])[1]&apos; (tried for 30 second(s) with 500 milliseconds interval)"/>
    <system-out><![CDATA[Trying to find Element By : By.xpath: (//a[@class='siteButton outlinedBtn learMoreBtn dataLayerBtnClick'])[1]
Trying to find Element By : By.xpath: (//a[@class='siteButton outlinedBtn learMoreBtn dataLayerBtnClick'])[1]
]]></system-out>
  </testcase>
  <testcase name="verifyC2PLProduct" classname="SeleniumTesting.AEMhdfc.CategorypageTest" time="65.077">
    <failure message="Expected condition failed: waiting for element to be clickable: Proxy element for: DefaultElementLocator &apos;By.xpath: (//a[@class=&apos;siteButton outlinedBtn learMoreBtn dataLayerBtnClick&apos;])[1]&apos; (tried for 30 second(s) with 500 milliseconds interval)" type="org.openqa.selenium.TimeoutException"><![CDATA[org.openqa.selenium.TimeoutException: Expected condition failed: waiting for element to be clickable: Proxy element for: DefaultElementLocator 'By.xpath: (//a[@class='siteButton outlinedBtn learMoreBtn dataLayerBtnClick'])[1]' (tried for 30 second(s) with 500 milliseconds interval)
	at SeleniumTesting.AEMhdfc.CategorypageTest.verifyC2PLProduct(CategorypageTest.java:84)
Caused by: org.openqa.selenium.NoSuchElementException: 
no such element: Unable to locate element: {"method":"xpath","selector":"(//a[@class='siteButton outlinedBtn learMoreBtn dataLayerBtnClick'])[1]"}
  (Session info: headless chrome=96.0.4664.110)
For documentation on this error, please visit: https://www.seleniumhq.org/exceptions/no_such_element.html
Build info: version: '3.141.59', revision: 'e82be7d358', time: '2018-11-14T08:17:03'
System info: host: 'LIN24007907', ip: '192.168.1.13', os.name: 'Windows 10', os.arch: 'amd64', os.version: '10.0', java.version: '17'
Driver info: org.openqa.selenium.chrome.ChromeDriver
Capabilities {acceptInsecureCerts: false, browserName: chrome, browserVersion: 96.0.4664.110, chrome: {chromedriverVersion: 96.0.4664.45 (76e4c1bb2ab46..., userDataDir: C:\Users\Akundar\AppData\Lo...}, goog:chromeOptions: {debuggerAddress: localhost:52882}, javascriptEnabled: true, networkConnectionEnabled: false, pageLoadStrategy: normal, platform: WINDOWS, platformName: WINDOWS, proxy: Proxy(), setWindowRect: true, strictFileInteractability: false, timeouts: {implicit: 0, pageLoad: 300000, script: 30000}, unhandledPromptBehavior: dismiss and notify, webauthn:extension:credBlob: true, webauthn:extension:largeBlob: true, webauthn:virtualAuthenticators: true}
Session ID: d21c4ca3496d1c499eecb237de66f90a
*** Element info: {Using=xpath, value=(//a[@class='siteButton outlinedBtn learMoreBtn dataLayerBtnClick'])[1]}
	at SeleniumTesting.AEMhdfc.CategorypageTest.verifyC2PLProduct(CategorypageTest.java:84)
]]></failure>
    <system-out><![CDATA[Trying to find Element By : By.xpath: (//a[@class='siteButton outlinedBtn learMoreBtn dataLayerBtnClick'])[1]
Trying to find Element By : By.xpath: (//a[@class='siteButton outlinedBtn learMoreBtn dataLayerBtnClick'])[1]
]]></system-out>
  </testcase>
  <testcase name="verifySJBProduct" classname="SeleniumTesting.AEMhdfc.CategorypageTest" time="0">
    <skipped message="Method CategorypageTest.verifySJBProduct()[pri:7, instance:SeleniumTesting.AEMhdfc.CategorypageTest@1e044120] depends on not successfully finished methods"/>
  </testcase>
  <testcase name="verifyLetsCalculateBtn" classname="SeleniumTesting.AEMhdfc.CategorypageTest" time="0">
    <skipped message="Method CategorypageTest.verifyLetsCalculateBtn()[pri:8, instance:SeleniumTesting.AEMhdfc.CategorypageTest@1e044120] depends on not successfully finished methods"/>
  </testcase>
  <testcase name="verifyVideoOnCategoryPage" classname="SeleniumTesting.AEMhdfc.CategorypageTest" time="0">
    <skipped message="Method CategorypageTest.verifyVideoOnCategoryPage()[pri:9, instance:SeleniumTesting.AEMhdfc.CategorypageTest@1e044120] depends on not successfully finished methods"/>
  </testcase>
  <testcase name="verifyWhySection" classname="SeleniumTesting.AEMhdfc.CategorypageTest" time="0">
    <skipped message="Method CategorypageTest.verifyWhySection()[pri:10, instance:SeleniumTesting.AEMhdfc.CategorypageTest@1e044120] depends on not successfully finished methods"/>
  </testcase>
  <testcase name="verifyTermInsuranceGuideFaqSection" classname="SeleniumTesting.AEMhdfc.CategorypageTest" time="33.029">
    <failure message="no such element: Unable to locate element: {&quot;method&quot;:&quot;xpath&quot;,&quot;selector&quot;:&quot;//h2[@class=&apos;tabAccordMenu opened&apos;]&quot;}&#10;  (Session info: headless chrome=96.0.4664.110)&#10;For documentation on this error, please visit: https://www.seleniumhq.org/exceptions/no_such_element.html&#10;Build info: version: &apos;3.141.59&apos;, revision: &apos;e82be7d358&apos;, time: &apos;2018-11-14T08:17:03&apos;&#10;System info: host: &apos;LIN24007907&apos;, ip: &apos;192.168.1.13&apos;, os.name: &apos;Windows 10&apos;, os.arch: &apos;amd64&apos;, os.version: &apos;10.0&apos;, java.version: &apos;17&apos;&#10;Driver info: org.openqa.selenium.chrome.ChromeDriver&#10;Capabilities {acceptInsecureCerts: false, browserName: chrome, browserVersion: 96.0.4664.110, chrome: {chromedriverVersion: 96.0.4664.45 (76e4c1bb2ab46..., userDataDir: C:\Users\Akundar\AppData\Lo...}, goog:chromeOptions: {debuggerAddress: localhost:52882}, javascriptEnabled: true, networkConnectionEnabled: false, pageLoadStrategy: normal, platform: WINDOWS, platformName: WINDOWS, proxy: Proxy(), setWindowRect: true, strictFileInteractability: false, timeouts: {implicit: 0, pageLoad: 300000, script: 30000}, unhandledPromptBehavior: dismiss and notify, webauthn:extension:credBlob: true, webauthn:extension:largeBlob: true, webauthn:virtualAuthenticators: true}&#10;Session ID: d21c4ca3496d1c499eecb237de66f90a&#10;*** Element info: {Using=xpath, value=//h2[@class=&apos;tabAccordMenu opened&apos;]}" type="org.openqa.selenium.NoSuchElementException"><![CDATA[org.openqa.selenium.NoSuchElementException: 
no such element: Unable to locate element: {"method":"xpath","selector":"//h2[@class='tabAccordMenu opened']"}
  (Session info: headless chrome=96.0.4664.110)
For documentation on this error, please visit: https://www.seleniumhq.org/exceptions/no_such_element.html
Build info: version: '3.141.59', revision: 'e82be7d358', time: '2018-11-14T08:17:03'
System info: host: 'LIN24007907', ip: '192.168.1.13', os.name: 'Windows 10', os.arch: 'amd64', os.version: '10.0', java.version: '17'
Driver info: org.openqa.selenium.chrome.ChromeDriver
Capabilities {acceptInsecureCerts: false, browserName: chrome, browserVersion: 96.0.4664.110, chrome: {chromedriverVersion: 96.0.4664.45 (76e4c1bb2ab46..., userDataDir: C:\Users\Akundar\AppData\Lo...}, goog:chromeOptions: {debuggerAddress: localhost:52882}, javascriptEnabled: true, networkConnectionEnabled: false, pageLoadStrategy: normal, platform: WINDOWS, platformName: WINDOWS, proxy: Proxy(), setWindowRect: true, strictFileInteractability: false, timeouts: {implicit: 0, pageLoad: 300000, script: 30000}, unhandledPromptBehavior: dismiss and notify, webauthn:extension:credBlob: true, webauthn:extension:largeBlob: true, webauthn:virtualAuthenticators: true}
Session ID: d21c4ca3496d1c499eecb237de66f90a
*** Element info: {Using=xpath, value=//h2[@class='tabAccordMenu opened']}
	at SeleniumTesting.AEMhdfc.CategorypageTest.verifyTermInsuranceGuideFaqSection(CategorypageTest.java:136)
]]></failure>
    <system-out><![CDATA[Trying to find Element By : By.xpath: //h2[@class='tabAccordMenu opened']
]]></system-out>
  </testcase>
  <testcase name="verifyRidersSection" classname="SeleniumTesting.AEMhdfc.CategorypageTest" time="30.063">
    <failure message="no such element: Unable to locate element: {&quot;method&quot;:&quot;css selector&quot;,&quot;selector&quot;:&quot;#nv_js\-box\-close\-button_17168&quot;}&#10;  (Session info: headless chrome=96.0.4664.110)&#10;For documentation on this error, please visit: https://www.seleniumhq.org/exceptions/no_such_element.html&#10;Build info: version: &apos;3.141.59&apos;, revision: &apos;e82be7d358&apos;, time: &apos;2018-11-14T08:17:03&apos;&#10;System info: host: &apos;LIN24007907&apos;, ip: &apos;192.168.1.13&apos;, os.name: &apos;Windows 10&apos;, os.arch: &apos;amd64&apos;, os.version: &apos;10.0&apos;, java.version: &apos;17&apos;&#10;Driver info: org.openqa.selenium.chrome.ChromeDriver&#10;Capabilities {acceptInsecureCerts: false, browserName: chrome, browserVersion: 96.0.4664.110, chrome: {chromedriverVersion: 96.0.4664.45 (76e4c1bb2ab46..., userDataDir: C:\Users\Akundar\AppData\Lo...}, goog:chromeOptions: {debuggerAddress: localhost:52882}, javascriptEnabled: true, networkConnectionEnabled: false, pageLoadStrategy: normal, platform: WINDOWS, platformName: WINDOWS, proxy: Proxy(), setWindowRect: true, strictFileInteractability: false, timeouts: {implicit: 0, pageLoad: 300000, script: 30000}, unhandledPromptBehavior: dismiss and notify, webauthn:extension:credBlob: true, webauthn:extension:largeBlob: true, webauthn:virtualAuthenticators: true}&#10;Session ID: d21c4ca3496d1c499eecb237de66f90a&#10;*** Element info: {Using=id, value=nv_js-box-close-button_17168}" type="org.openqa.selenium.NoSuchElementException"><![CDATA[org.openqa.selenium.NoSuchElementException: 
no such element: Unable to locate element: {"method":"css selector","selector":"#nv_js\-box\-close\-button_17168"}
  (Session info: headless chrome=96.0.4664.110)
For documentation on this error, please visit: https://www.seleniumhq.org/exceptions/no_such_element.html
Build info: version: '3.141.59', revision: 'e82be7d358', time: '2018-11-14T08:17:03'
System info: host: 'LIN24007907', ip: '192.168.1.13', os.name: 'Windows 10', os.arch: 'amd64', os.version: '10.0', java.version: '17'
Driver info: org.openqa.selenium.chrome.ChromeDriver
Capabilities {acceptInsecureCerts: false, browserName: chrome, browserVersion: 96.0.4664.110, chrome: {chromedriverVersion: 96.0.4664.45 (76e4c1bb2ab46..., userDataDir: C:\Users\Akundar\AppData\Lo...}, goog:chromeOptions: {debuggerAddress: localhost:52882}, javascriptEnabled: true, networkConnectionEnabled: false, pageLoadStrategy: normal, platform: WINDOWS, platformName: WINDOWS, proxy: Proxy(), setWindowRect: true, strictFileInteractability: false, timeouts: {implicit: 0, pageLoad: 300000, script: 30000}, unhandledPromptBehavior: dismiss and notify, webauthn:extension:credBlob: true, webauthn:extension:largeBlob: true, webauthn:virtualAuthenticators: true}
Session ID: d21c4ca3496d1c499eecb237de66f90a
*** Element info: {Using=id, value=nv_js-box-close-button_17168}
	at SeleniumTesting.AEMhdfc.CategorypageTest.verifyRidersSection(CategorypageTest.java:147)
]]></failure>
    <system-out><![CDATA[Trying to find Element By : By.id: nv_js-box-close-button_17168
]]></system-out>
  </testcase>
  <testcase name="verifyContactUs" classname="SeleniumTesting.AEMhdfc.CategorypageTest" time="33.047">
    <failure message="no such element: Unable to locate element: {&quot;method&quot;:&quot;xpath&quot;,&quot;selector&quot;:&quot;(//a[@class=&apos;bannerAdBtn siteButton&apos;])[2]&quot;}&#10;  (Session info: headless chrome=96.0.4664.110)&#10;For documentation on this error, please visit: https://www.seleniumhq.org/exceptions/no_such_element.html&#10;Build info: version: &apos;3.141.59&apos;, revision: &apos;e82be7d358&apos;, time: &apos;2018-11-14T08:17:03&apos;&#10;System info: host: &apos;LIN24007907&apos;, ip: &apos;192.168.1.13&apos;, os.name: &apos;Windows 10&apos;, os.arch: &apos;amd64&apos;, os.version: &apos;10.0&apos;, java.version: &apos;17&apos;&#10;Driver info: org.openqa.selenium.chrome.ChromeDriver&#10;Capabilities {acceptInsecureCerts: false, browserName: chrome, browserVersion: 96.0.4664.110, chrome: {chromedriverVersion: 96.0.4664.45 (76e4c1bb2ab46..., userDataDir: C:\Users\Akundar\AppData\Lo...}, goog:chromeOptions: {debuggerAddress: localhost:52882}, javascriptEnabled: true, networkConnectionEnabled: false, pageLoadStrategy: normal, platform: WINDOWS, platformName: WINDOWS, proxy: Proxy(), setWindowRect: true, strictFileInteractability: false, timeouts: {implicit: 0, pageLoad: 300000, script: 30000}, unhandledPromptBehavior: dismiss and notify, webauthn:extension:credBlob: true, webauthn:extension:largeBlob: true, webauthn:virtualAuthenticators: true}&#10;Session ID: d21c4ca3496d1c499eecb237de66f90a&#10;*** Element info: {Using=xpath, value=(//a[@class=&apos;bannerAdBtn siteButton&apos;])[2]}" type="org.openqa.selenium.NoSuchElementException"><![CDATA[org.openqa.selenium.NoSuchElementException: 
no such element: Unable to locate element: {"method":"xpath","selector":"(//a[@class='bannerAdBtn siteButton'])[2]"}
  (Session info: headless chrome=96.0.4664.110)
For documentation on this error, please visit: https://www.seleniumhq.org/exceptions/no_such_element.html
Build info: version: '3.141.59', revision: 'e82be7d358', time: '2018-11-14T08:17:03'
System info: host: 'LIN24007907', ip: '192.168.1.13', os.name: 'Windows 10', os.arch: 'amd64', os.version: '10.0', java.version: '17'
Driver info: org.openqa.selenium.chrome.ChromeDriver
Capabilities {acceptInsecureCerts: false, browserName: chrome, browserVersion: 96.0.4664.110, chrome: {chromedriverVersion: 96.0.4664.45 (76e4c1bb2ab46..., userDataDir: C:\Users\Akundar\AppData\Lo...}, goog:chromeOptions: {debuggerAddress: localhost:52882}, javascriptEnabled: true, networkConnectionEnabled: false, pageLoadStrategy: normal, platform: WINDOWS, platformName: WINDOWS, proxy: Proxy(), setWindowRect: true, strictFileInteractability: false, timeouts: {implicit: 0, pageLoad: 300000, script: 30000}, unhandledPromptBehavior: dismiss and notify, webauthn:extension:credBlob: true, webauthn:extension:largeBlob: true, webauthn:virtualAuthenticators: true}
Session ID: d21c4ca3496d1c499eecb237de66f90a
*** Element info: {Using=xpath, value=(//a[@class='bannerAdBtn siteButton'])[2]}
	at SeleniumTesting.AEMhdfc.CategorypageTest.verifyContactUs(CategorypageTest.java:161)
]]></failure>
    <system-out><![CDATA[Trying to find Element By : By.xpath: (//a[@class='bannerAdBtn siteButton'])[2]
]]></system-out>
  </testcase>
  <testcase name="verifyArticlesSection" classname="SeleniumTesting.AEMhdfc.CategorypageTest" time="90.756">
    <system-out><![CDATA[15:00:36.969 [main] INFO  PageObjects.Categorypage - Article section verification started
Trying to find Element By : By.xpath: //div[@class='container aboutus-sec']
Found Element By : By.xpath: //div[@class='container aboutus-sec']
Trying to find Element By : By.tagName: a
Found Element By : By.tagName: a
15:00:36.988 [main] INFO  PageObjects.Categorypage -  the number of link in article section : 7
Trying to find Element By : By.xpath: //div[@class='container aboutus-sec']
Found Element By : By.xpath: //div[@class='container aboutus-sec']
Trying to find Element By : By.tagName: a
Found Element By : By.tagName: a
15:00:43.850 [main] INFO  PageObjects.Categorypage -  and URL is: https://www.hdfclife.com/insurance-knowledge-centre/about-life-insurance/best-term-insurance-plan
Navigating forward to next page
Navigated forward to next page
Navigating back to previous page
Navigated back to previous page
Trying to find Element By : By.xpath: //div[@class='container aboutus-sec']
Found Element By : By.xpath: //div[@class='container aboutus-sec']
Trying to find Element By : By.tagName: a
Found Element By : By.tagName: a
15:00:55.744 [main] INFO  PageObjects.Categorypage - Choose the Right Term Insurance Plan - 7 Simple Steps

"There are certain factors which must be taken into consideration before purchasing term plan. Read seven basic steps to be taken while choosing a term insurance plan." and URL is: https://www.hdfclife.com/insurance-knowledge-centre/about-life-insurance/best-term-insurance-plan
Navigating forward to next page
Navigated forward to next page
Navigating back to previous page
Navigated back to previous page
Trying to find Element By : By.xpath: //div[@class='container aboutus-sec']
Found Element By : By.xpath: //div[@class='container aboutus-sec']
Trying to find Element By : By.tagName: a
Found Element By : By.tagName: a
15:01:07.507 [main] INFO  PageObjects.Categorypage - Unit Linked Insurance Plans, Most Preferred Investment Option among Indians | HDFC Life and URL is: https://www.hdfclife.com/insurance-knowledge-centre/investment-for-future-planning/what-makes-ulips-attractive
Navigating forward to next page
Navigated forward to next page
Navigating back to previous page
Navigated back to previous page
Trying to find Element By : By.xpath: //div[@class='container aboutus-sec']
Found Element By : By.xpath: //div[@class='container aboutus-sec']
Trying to find Element By : By.tagName: a
Found Element By : By.tagName: a
15:01:19.810 [main] INFO  PageObjects.Categorypage - Financial Planning - Importance of Savings and Investment | HDFC Life and URL is: https://www.hdfclife.com/insurance-knowledge-centre/investment-for-future-planning/importance-of-savings-and-investments
Navigating forward to next page
Navigated forward to next page
Navigating back to previous page
Navigated back to previous page
Trying to find Element By : By.xpath: //div[@class='container aboutus-sec']
Found Element By : By.xpath: //div[@class='container aboutus-sec']
Trying to find Element By : By.tagName: a
Found Element By : By.tagName: a
15:01:32.121 [main] INFO  PageObjects.Categorypage - Health Insurance Plan - Requirement & Benefits | HDFC Life

"Health Plans offer financial security to meet health related contingencies. It becomes imperative therefore to have a health insurance plan in place. To Know more about health plans, Visit Now !" and URL is: https://www.hdfclife.com/insurance-knowledge-centre/secure-your-health/need-for-health-plan
Navigating forward to next page
Navigated forward to next page
Navigating back to previous page
Navigated back to previous page
Trying to find Element By : By.xpath: //div[@class='container aboutus-sec']
Found Element By : By.xpath: //div[@class='container aboutus-sec']
Trying to find Element By : By.tagName: a
Found Element By : By.tagName: a
15:01:44.369 [main] INFO  PageObjects.Categorypage -  and URL is: https://www.hdfclife.com/insurance-knowledge-centre/secure-your-health/need-for-health-plan
Navigating forward to next page
Navigated forward to next page
Navigating back to previous page
Navigated back to previous page
Trying to find Element By : By.xpath: //div[@class='container aboutus-sec']
Found Element By : By.xpath: //div[@class='container aboutus-sec']
Trying to find Element By : By.tagName: a
Found Element By : By.tagName: a
15:01:56.582 [main] INFO  PageObjects.Categorypage - VIEW MORE and URL is: https://www.hdfclife.com/insurance-knowledge-centre
Navigating forward to next page
Navigated forward to next page
Navigating back to previous page
Navigated back to previous page
15:02:01.682 [main] INFO  PageObjects.Categorypage - No Broken link found
15:02:01.682 [main] INFO  PageObjects.Categorypage - Article section test case ended
]]></system-out>
  </testcase>
  <testcase name="verifyDisclaimer" classname="SeleniumTesting.AEMhdfc.CategorypageTest" time="4.128">
    <failure message="element click intercepted: Element &lt;a class=&quot;collapsed&quot; data-toggle=&quot;collapse&quot; href=&quot;#collapse1&quot;&gt;...&lt;/a&gt; is not clickable at point (397, 82). Other element would receive the click: &lt;header class=&quot;mobileHeader&quot;&gt;...&lt;/header&gt;&#10;  (Session info: headless chrome=96.0.4664.110)&#10;Build info: version: &apos;3.141.59&apos;, revision: &apos;e82be7d358&apos;, time: &apos;2018-11-14T08:17:03&apos;&#10;System info: host: &apos;LIN24007907&apos;, ip: &apos;192.168.1.13&apos;, os.name: &apos;Windows 10&apos;, os.arch: &apos;amd64&apos;, os.version: &apos;10.0&apos;, java.version: &apos;17&apos;&#10;Driver info: org.openqa.selenium.chrome.ChromeDriver&#10;Capabilities {acceptInsecureCerts: false, browserName: chrome, browserVersion: 96.0.4664.110, chrome: {chromedriverVersion: 96.0.4664.45 (76e4c1bb2ab46..., userDataDir: C:\Users\Akundar\AppData\Lo...}, goog:chromeOptions: {debuggerAddress: localhost:52882}, javascriptEnabled: true, networkConnectionEnabled: false, pageLoadStrategy: normal, platform: WINDOWS, platformName: WINDOWS, proxy: Proxy(), setWindowRect: true, strictFileInteractability: false, timeouts: {implicit: 0, pageLoad: 300000, script: 30000}, unhandledPromptBehavior: dismiss and notify, webauthn:extension:credBlob: true, webauthn:extension:largeBlob: true, webauthn:virtualAuthenticators: true}&#10;Session ID: d21c4ca3496d1c499eecb237de66f90a" type="org.openqa.selenium.ElementClickInterceptedException"><![CDATA[org.openqa.selenium.ElementClickInterceptedException: 
element click intercepted: Element <a class="collapsed" data-toggle="collapse" href="#collapse1">...</a> is not clickable at point (397, 82). Other element would receive the click: <header class="mobileHeader">...</header>
  (Session info: headless chrome=96.0.4664.110)
Build info: version: '3.141.59', revision: 'e82be7d358', time: '2018-11-14T08:17:03'
System info: host: 'LIN24007907', ip: '192.168.1.13', os.name: 'Windows 10', os.arch: 'amd64', os.version: '10.0', java.version: '17'
Driver info: org.openqa.selenium.chrome.ChromeDriver
Capabilities {acceptInsecureCerts: false, browserName: chrome, browserVersion: 96.0.4664.110, chrome: {chromedriverVersion: 96.0.4664.45 (76e4c1bb2ab46..., userDataDir: C:\Users\Akundar\AppData\Lo...}, goog:chromeOptions: {debuggerAddress: localhost:52882}, javascriptEnabled: true, networkConnectionEnabled: false, pageLoadStrategy: normal, platform: WINDOWS, platformName: WINDOWS, proxy: Proxy(), setWindowRect: true, strictFileInteractability: false, timeouts: {implicit: 0, pageLoad: 300000, script: 30000}, unhandledPromptBehavior: dismiss and notify, webauthn:extension:credBlob: true, webauthn:extension:largeBlob: true, webauthn:virtualAuthenticators: true}
Session ID: d21c4ca3496d1c499eecb237de66f90a
	at SeleniumTesting.AEMhdfc.CategorypageTest.verifyDisclaimer(CategorypageTest.java:176)
]]></failure>
    <system-out><![CDATA[Trying to find Element By : By.xpath: //a[@data-toggle='collapse']
Found Element By : By.xpath: //a[@data-toggle='collapse']
Trying to find Element By : By.xpath: //a[@data-toggle='collapse']
Found Element By : By.xpath: //a[@data-toggle='collapse']
Trying to click on: [[ChromeDriver: chrome on WINDOWS (d21c4ca3496d1c499eecb237de66f90a)] -> xpath: //a[@data-toggle='collapse']]
]]></system-out>
  </testcase>
  <testcase name="navigateToProductPage" classname="SeleniumTesting.AEMhdfc.ProductpageTest" time="0">
    <skipped message="element not interactable&#10;  (Session info: headless chrome=96.0.4664.110)&#10;Build info: version: &apos;3.141.59&apos;, revision: &apos;e82be7d358&apos;, time: &apos;2018-11-14T08:17:03&apos;&#10;System info: host: &apos;LIN24007907&apos;, ip: &apos;192.168.1.13&apos;, os.name: &apos;Windows 10&apos;, os.arch: &apos;amd64&apos;, os.version: &apos;10.0&apos;, java.version: &apos;17&apos;&#10;Driver info: org.openqa.selenium.chrome.ChromeDriver&#10;Capabilities {acceptInsecureCerts: false, browserName: chrome, browserVersion: 96.0.4664.110, chrome: {chromedriverVersion: 96.0.4664.45 (76e4c1bb2ab46..., userDataDir: C:\Users\Akundar\AppData\Lo...}, goog:chromeOptions: {debuggerAddress: localhost:53686}, javascriptEnabled: true, networkConnectionEnabled: false, pageLoadStrategy: normal, platform: WINDOWS, platformName: WINDOWS, proxy: Proxy(), setWindowRect: true, strictFileInteractability: false, timeouts: {implicit: 0, pageLoad: 300000, script: 30000}, unhandledPromptBehavior: dismiss and notify, webauthn:extension:credBlob: true, webauthn:extension:largeBlob: true, webauthn:virtualAuthenticators: true}&#10;Session ID: c656b495fe1ef37f64bf29af69bb819b"/>
    <system-out><![CDATA[15:02:09.012 [main] INFO  SeleniumTesting.AEMhdfc.CategorypageTest - Category page test cases executed
15:02:09.013 [main] INFO  SeleniumTesting.AEMhdfc.CategorypageTest - Folder deleted for Category downloads
Before navigating to: 'https://www.hdfclife.com/'
Navigated to:'https://www.hdfclife.com/'
15:02:13.021 [main] INFO  SeleniumTesting.AEMhdfc.ProductpageTest - Product page test cases started
Trying to find Element By : By.xpath: //a[@class='megaMenuLink']
Found Element By : By.xpath: //a[@class='megaMenuLink']
Trying to click on: [[ChromeDriver: chrome on WINDOWS (c656b495fe1ef37f64bf29af69bb819b)] -> xpath: //a[@class='megaMenuLink']]
]]></system-out>
    <system-err><![CDATA[Starting ChromeDriver 96.0.4664.45 (76e4c1bb2ab4671b8beba3444e61c0f17584b2fc-refs/branch-heads/4664@{#947}) on port 26291
Only local connections are allowed.
Please see https://chromedriver.chromium.org/security-considerations for suggestions on keeping ChromeDriver safe.
ChromeDriver was started successfully.
Jan 06, 2022 3:02:10 PM org.openqa.selenium.remote.ProtocolHandshake createSession
INFO: Detected dialect: W3C
]]></system-err>
  </testcase>
  <testcase name="navigateToProductPage" classname="SeleniumTesting.AEMhdfc.ProductpageTest" time="0">
    <skipped message="element not interactable&#10;  (Session info: headless chrome=96.0.4664.110)&#10;Build info: version: &apos;3.141.59&apos;, revision: &apos;e82be7d358&apos;, time: &apos;2018-11-14T08:17:03&apos;&#10;System info: host: &apos;LIN24007907&apos;, ip: &apos;192.168.1.13&apos;, os.name: &apos;Windows 10&apos;, os.arch: &apos;amd64&apos;, os.version: &apos;10.0&apos;, java.version: &apos;17&apos;&#10;Driver info: org.openqa.selenium.chrome.ChromeDriver&#10;Capabilities {acceptInsecureCerts: false, browserName: chrome, browserVersion: 96.0.4664.110, chrome: {chromedriverVersion: 96.0.4664.45 (76e4c1bb2ab46..., userDataDir: C:\Users\Akundar\AppData\Lo...}, goog:chromeOptions: {debuggerAddress: localhost:53686}, javascriptEnabled: true, networkConnectionEnabled: false, pageLoadStrategy: normal, platform: WINDOWS, platformName: WINDOWS, proxy: Proxy(), setWindowRect: true, strictFileInteractability: false, timeouts: {implicit: 0, pageLoad: 300000, script: 30000}, unhandledPromptBehavior: dismiss and notify, webauthn:extension:credBlob: true, webauthn:extension:largeBlob: true, webauthn:virtualAuthenticators: true}&#10;Session ID: c656b495fe1ef37f64bf29af69bb819b"/>
    <system-out><![CDATA[Trying to find Element By : By.xpath: //a[@class='megaMenuLink']
Found Element By : By.xpath: //a[@class='megaMenuLink']
Trying to click on: [[ChromeDriver: chrome on WINDOWS (c656b495fe1ef37f64bf29af69bb819b)] -> xpath: //a[@class='megaMenuLink']]
]]></system-out>
  </testcase>
  <testcase name="navigateToProductPage" classname="SeleniumTesting.AEMhdfc.ProductpageTest" time="0">
    <skipped message="element not interactable&#10;  (Session info: headless chrome=96.0.4664.110)&#10;Build info: version: &apos;3.141.59&apos;, revision: &apos;e82be7d358&apos;, time: &apos;2018-11-14T08:17:03&apos;&#10;System info: host: &apos;LIN24007907&apos;, ip: &apos;192.168.1.13&apos;, os.name: &apos;Windows 10&apos;, os.arch: &apos;amd64&apos;, os.version: &apos;10.0&apos;, java.version: &apos;17&apos;&#10;Driver info: org.openqa.selenium.chrome.ChromeDriver&#10;Capabilities {acceptInsecureCerts: false, browserName: chrome, browserVersion: 96.0.4664.110, chrome: {chromedriverVersion: 96.0.4664.45 (76e4c1bb2ab46..., userDataDir: C:\Users\Akundar\AppData\Lo...}, goog:chromeOptions: {debuggerAddress: localhost:53686}, javascriptEnabled: true, networkConnectionEnabled: false, pageLoadStrategy: normal, platform: WINDOWS, platformName: WINDOWS, proxy: Proxy(), setWindowRect: true, strictFileInteractability: false, timeouts: {implicit: 0, pageLoad: 300000, script: 30000}, unhandledPromptBehavior: dismiss and notify, webauthn:extension:credBlob: true, webauthn:extension:largeBlob: true, webauthn:virtualAuthenticators: true}&#10;Session ID: c656b495fe1ef37f64bf29af69bb819b"/>
    <system-out><![CDATA[Trying to find Element By : By.xpath: //a[@class='megaMenuLink']
Found Element By : By.xpath: //a[@class='megaMenuLink']
Trying to click on: [[ChromeDriver: chrome on WINDOWS (c656b495fe1ef37f64bf29af69bb819b)] -> xpath: //a[@class='megaMenuLink']]
]]></system-out>
  </testcase>
  <testcase name="navigateToProductPage" classname="SeleniumTesting.AEMhdfc.ProductpageTest" time="30.044">
    <failure message="element not interactable&#10;  (Session info: headless chrome=96.0.4664.110)&#10;Build info: version: &apos;3.141.59&apos;, revision: &apos;e82be7d358&apos;, time: &apos;2018-11-14T08:17:03&apos;&#10;System info: host: &apos;LIN24007907&apos;, ip: &apos;192.168.1.13&apos;, os.name: &apos;Windows 10&apos;, os.arch: &apos;amd64&apos;, os.version: &apos;10.0&apos;, java.version: &apos;17&apos;&#10;Driver info: org.openqa.selenium.chrome.ChromeDriver&#10;Capabilities {acceptInsecureCerts: false, browserName: chrome, browserVersion: 96.0.4664.110, chrome: {chromedriverVersion: 96.0.4664.45 (76e4c1bb2ab46..., userDataDir: C:\Users\Akundar\AppData\Lo...}, goog:chromeOptions: {debuggerAddress: localhost:53686}, javascriptEnabled: true, networkConnectionEnabled: false, pageLoadStrategy: normal, platform: WINDOWS, platformName: WINDOWS, proxy: Proxy(), setWindowRect: true, strictFileInteractability: false, timeouts: {implicit: 0, pageLoad: 300000, script: 30000}, unhandledPromptBehavior: dismiss and notify, webauthn:extension:credBlob: true, webauthn:extension:largeBlob: true, webauthn:virtualAuthenticators: true}&#10;Session ID: c656b495fe1ef37f64bf29af69bb819b" type="org.openqa.selenium.ElementNotInteractableException"><![CDATA[org.openqa.selenium.ElementNotInteractableException: 
element not interactable
  (Session info: headless chrome=96.0.4664.110)
Build info: version: '3.141.59', revision: 'e82be7d358', time: '2018-11-14T08:17:03'
System info: host: 'LIN24007907', ip: '192.168.1.13', os.name: 'Windows 10', os.arch: 'amd64', os.version: '10.0', java.version: '17'
Driver info: org.openqa.selenium.chrome.ChromeDriver
Capabilities {acceptInsecureCerts: false, browserName: chrome, browserVersion: 96.0.4664.110, chrome: {chromedriverVersion: 96.0.4664.45 (76e4c1bb2ab46..., userDataDir: C:\Users\Akundar\AppData\Lo...}, goog:chromeOptions: {debuggerAddress: localhost:53686}, javascriptEnabled: true, networkConnectionEnabled: false, pageLoadStrategy: normal, platform: WINDOWS, platformName: WINDOWS, proxy: Proxy(), setWindowRect: true, strictFileInteractability: false, timeouts: {implicit: 0, pageLoad: 300000, script: 30000}, unhandledPromptBehavior: dismiss and notify, webauthn:extension:credBlob: true, webauthn:extension:largeBlob: true, webauthn:virtualAuthenticators: true}
Session ID: c656b495fe1ef37f64bf29af69bb819b
	at SeleniumTesting.AEMhdfc.ProductpageTest.navigateToProductPage(ProductpageTest.java:50)
]]></failure>
    <system-out><![CDATA[Trying to find Element By : By.xpath: //a[@class='megaMenuLink']
Found Element By : By.xpath: //a[@class='megaMenuLink']
Trying to click on: [[ChromeDriver: chrome on WINDOWS (c656b495fe1ef37f64bf29af69bb819b)] -> xpath: //a[@class='megaMenuLink']]
]]></system-out>
  </testcase>
  <testcase name="verifyTandCOption" classname="SeleniumTesting.AEMhdfc.ProductpageTest" time="0">
    <skipped message="Method ProductpageTest.verifyTandCOption()[pri:2, instance:SeleniumTesting.AEMhdfc.ProductpageTest@2cf23c81] depends on not successfully finished methods"/>
  </testcase>
  <testcase name="verifyProductPageBreadcrumb" classname="SeleniumTesting.AEMhdfc.ProductpageTest" time="0">
    <skipped message="Method ProductpageTest.verifyProductPageBreadcrumb()[pri:3, instance:SeleniumTesting.AEMhdfc.ProductpageTest@2cf23c81] depends on not successfully finished methods"/>
  </testcase>
  <testcase name="verifyRatingOption" classname="SeleniumTesting.AEMhdfc.ProductpageTest" time="0">
    <skipped message="Method ProductpageTest.verifyRatingOption()[pri:4, instance:SeleniumTesting.AEMhdfc.ProductpageTest@2cf23c81] depends on not successfully finished methods"/>
  </testcase>
  <testcase name="verifyPrintBtn" classname="SeleniumTesting.AEMhdfc.ProductpageTest" time="0">
    <skipped message="no such element: Unable to locate element: {&quot;method&quot;:&quot;xpath&quot;,&quot;selector&quot;:&quot;//div[@class=&apos;icon-wrap print&apos;]&quot;}&#10;  (Session info: headless chrome=96.0.4664.110)&#10;For documentation on this error, please visit: https://www.seleniumhq.org/exceptions/no_such_element.html&#10;Build info: version: &apos;3.141.59&apos;, revision: &apos;e82be7d358&apos;, time: &apos;2018-11-14T08:17:03&apos;&#10;System info: host: &apos;LIN24007907&apos;, ip: &apos;192.168.1.13&apos;, os.name: &apos;Windows 10&apos;, os.arch: &apos;amd64&apos;, os.version: &apos;10.0&apos;, java.version: &apos;17&apos;&#10;Driver info: org.openqa.selenium.chrome.ChromeDriver&#10;Capabilities {acceptInsecureCerts: false, browserName: chrome, browserVersion: 96.0.4664.110, chrome: {chromedriverVersion: 96.0.4664.45 (76e4c1bb2ab46..., userDataDir: C:\Users\Akundar\AppData\Lo...}, goog:chromeOptions: {debuggerAddress: localhost:53686}, javascriptEnabled: true, networkConnectionEnabled: false, pageLoadStrategy: normal, platform: WINDOWS, platformName: WINDOWS, proxy: Proxy(), setWindowRect: true, strictFileInteractability: false, timeouts: {implicit: 0, pageLoad: 300000, script: 30000}, unhandledPromptBehavior: dismiss and notify, webauthn:extension:credBlob: true, webauthn:extension:largeBlob: true, webauthn:virtualAuthenticators: true}&#10;Session ID: c656b495fe1ef37f64bf29af69bb819b&#10;*** Element info: {Using=xpath, value=//div[@class=&apos;icon-wrap print&apos;]}"/>
    <system-out><![CDATA[Trying to find Element By : By.xpath: //div[@class='icon-wrap print']
]]></system-out>
  </testcase>
  <testcase name="verifyPrintBtn" classname="SeleniumTesting.AEMhdfc.ProductpageTest" time="0">
    <skipped message="no such element: Unable to locate element: {&quot;method&quot;:&quot;xpath&quot;,&quot;selector&quot;:&quot;//div[@class=&apos;icon-wrap print&apos;]&quot;}&#10;  (Session info: headless chrome=96.0.4664.110)&#10;For documentation on this error, please visit: https://www.seleniumhq.org/exceptions/no_such_element.html&#10;Build info: version: &apos;3.141.59&apos;, revision: &apos;e82be7d358&apos;, time: &apos;2018-11-14T08:17:03&apos;&#10;System info: host: &apos;LIN24007907&apos;, ip: &apos;192.168.1.13&apos;, os.name: &apos;Windows 10&apos;, os.arch: &apos;amd64&apos;, os.version: &apos;10.0&apos;, java.version: &apos;17&apos;&#10;Driver info: org.openqa.selenium.chrome.ChromeDriver&#10;Capabilities {acceptInsecureCerts: false, browserName: chrome, browserVersion: 96.0.4664.110, chrome: {chromedriverVersion: 96.0.4664.45 (76e4c1bb2ab46..., userDataDir: C:\Users\Akundar\AppData\Lo...}, goog:chromeOptions: {debuggerAddress: localhost:53686}, javascriptEnabled: true, networkConnectionEnabled: false, pageLoadStrategy: normal, platform: WINDOWS, platformName: WINDOWS, proxy: Proxy(), setWindowRect: true, strictFileInteractability: false, timeouts: {implicit: 0, pageLoad: 300000, script: 30000}, unhandledPromptBehavior: dismiss and notify, webauthn:extension:credBlob: true, webauthn:extension:largeBlob: true, webauthn:virtualAuthenticators: true}&#10;Session ID: c656b495fe1ef37f64bf29af69bb819b&#10;*** Element info: {Using=xpath, value=//div[@class=&apos;icon-wrap print&apos;]}"/>
    <system-out><![CDATA[Trying to find Element By : By.xpath: //div[@class='icon-wrap print']
]]></system-out>
  </testcase>
  <testcase name="verifyPrintBtn" classname="SeleniumTesting.AEMhdfc.ProductpageTest" time="0">
    <skipped message="no such element: Unable to locate element: {&quot;method&quot;:&quot;xpath&quot;,&quot;selector&quot;:&quot;//div[@class=&apos;icon-wrap print&apos;]&quot;}&#10;  (Session info: headless chrome=96.0.4664.110)&#10;For documentation on this error, please visit: https://www.seleniumhq.org/exceptions/no_such_element.html&#10;Build info: version: &apos;3.141.59&apos;, revision: &apos;e82be7d358&apos;, time: &apos;2018-11-14T08:17:03&apos;&#10;System info: host: &apos;LIN24007907&apos;, ip: &apos;192.168.1.13&apos;, os.name: &apos;Windows 10&apos;, os.arch: &apos;amd64&apos;, os.version: &apos;10.0&apos;, java.version: &apos;17&apos;&#10;Driver info: org.openqa.selenium.chrome.ChromeDriver&#10;Capabilities {acceptInsecureCerts: false, browserName: chrome, browserVersion: 96.0.4664.110, chrome: {chromedriverVersion: 96.0.4664.45 (76e4c1bb2ab46..., userDataDir: C:\Users\Akundar\AppData\Lo...}, goog:chromeOptions: {debuggerAddress: localhost:53686}, javascriptEnabled: true, networkConnectionEnabled: false, pageLoadStrategy: normal, platform: WINDOWS, platformName: WINDOWS, proxy: Proxy(), setWindowRect: true, strictFileInteractability: false, timeouts: {implicit: 0, pageLoad: 300000, script: 30000}, unhandledPromptBehavior: dismiss and notify, webauthn:extension:credBlob: true, webauthn:extension:largeBlob: true, webauthn:virtualAuthenticators: true}&#10;Session ID: c656b495fe1ef37f64bf29af69bb819b&#10;*** Element info: {Using=xpath, value=//div[@class=&apos;icon-wrap print&apos;]}"/>
    <system-out><![CDATA[Trying to find Element By : By.xpath: //div[@class='icon-wrap print']
]]></system-out>
  </testcase>
  <testcase name="verifyPrintBtn" classname="SeleniumTesting.AEMhdfc.ProductpageTest" time="33.052">
    <failure message="no such element: Unable to locate element: {&quot;method&quot;:&quot;xpath&quot;,&quot;selector&quot;:&quot;//div[@class=&apos;icon-wrap print&apos;]&quot;}&#10;  (Session info: headless chrome=96.0.4664.110)&#10;For documentation on this error, please visit: https://www.seleniumhq.org/exceptions/no_such_element.html&#10;Build info: version: &apos;3.141.59&apos;, revision: &apos;e82be7d358&apos;, time: &apos;2018-11-14T08:17:03&apos;&#10;System info: host: &apos;LIN24007907&apos;, ip: &apos;192.168.1.13&apos;, os.name: &apos;Windows 10&apos;, os.arch: &apos;amd64&apos;, os.version: &apos;10.0&apos;, java.version: &apos;17&apos;&#10;Driver info: org.openqa.selenium.chrome.ChromeDriver&#10;Capabilities {acceptInsecureCerts: false, browserName: chrome, browserVersion: 96.0.4664.110, chrome: {chromedriverVersion: 96.0.4664.45 (76e4c1bb2ab46..., userDataDir: C:\Users\Akundar\AppData\Lo...}, goog:chromeOptions: {debuggerAddress: localhost:53686}, javascriptEnabled: true, networkConnectionEnabled: false, pageLoadStrategy: normal, platform: WINDOWS, platformName: WINDOWS, proxy: Proxy(), setWindowRect: true, strictFileInteractability: false, timeouts: {implicit: 0, pageLoad: 300000, script: 30000}, unhandledPromptBehavior: dismiss and notify, webauthn:extension:credBlob: true, webauthn:extension:largeBlob: true, webauthn:virtualAuthenticators: true}&#10;Session ID: c656b495fe1ef37f64bf29af69bb819b&#10;*** Element info: {Using=xpath, value=//div[@class=&apos;icon-wrap print&apos;]}" type="org.openqa.selenium.NoSuchElementException"><![CDATA[org.openqa.selenium.NoSuchElementException: 
no such element: Unable to locate element: {"method":"xpath","selector":"//div[@class='icon-wrap print']"}
  (Session info: headless chrome=96.0.4664.110)
For documentation on this error, please visit: https://www.seleniumhq.org/exceptions/no_such_element.html
Build info: version: '3.141.59', revision: 'e82be7d358', time: '2018-11-14T08:17:03'
System info: host: 'LIN24007907', ip: '192.168.1.13', os.name: 'Windows 10', os.arch: 'amd64', os.version: '10.0', java.version: '17'
Driver info: org.openqa.selenium.chrome.ChromeDriver
Capabilities {acceptInsecureCerts: false, browserName: chrome, browserVersion: 96.0.4664.110, chrome: {chromedriverVersion: 96.0.4664.45 (76e4c1bb2ab46..., userDataDir: C:\Users\Akundar\AppData\Lo...}, goog:chromeOptions: {debuggerAddress: localhost:53686}, javascriptEnabled: true, networkConnectionEnabled: false, pageLoadStrategy: normal, platform: WINDOWS, platformName: WINDOWS, proxy: Proxy(), setWindowRect: true, strictFileInteractability: false, timeouts: {implicit: 0, pageLoad: 300000, script: 30000}, unhandledPromptBehavior: dismiss and notify, webauthn:extension:credBlob: true, webauthn:extension:largeBlob: true, webauthn:virtualAuthenticators: true}
Session ID: c656b495fe1ef37f64bf29af69bb819b
*** Element info: {Using=xpath, value=//div[@class='icon-wrap print']}
	at SeleniumTesting.AEMhdfc.ProductpageTest.verifyPrintBtn(ProductpageTest.java:85)
]]></failure>
    <system-out><![CDATA[Trying to find Element By : By.xpath: //div[@class='icon-wrap print']
]]></system-out>
  </testcase>
  <testcase name="verifyShareOption" classname="SeleniumTesting.AEMhdfc.ProductpageTest" time="0">
    <skipped message="no such element: Unable to locate element: {&quot;method&quot;:&quot;xpath&quot;,&quot;selector&quot;:&quot;//div[@class=&apos;icon-wrap share&apos;]&quot;}&#10;  (Session info: headless chrome=96.0.4664.110)&#10;For documentation on this error, please visit: https://www.seleniumhq.org/exceptions/no_such_element.html&#10;Build info: version: &apos;3.141.59&apos;, revision: &apos;e82be7d358&apos;, time: &apos;2018-11-14T08:17:03&apos;&#10;System info: host: &apos;LIN24007907&apos;, ip: &apos;192.168.1.13&apos;, os.name: &apos;Windows 10&apos;, os.arch: &apos;amd64&apos;, os.version: &apos;10.0&apos;, java.version: &apos;17&apos;&#10;Driver info: org.openqa.selenium.chrome.ChromeDriver&#10;Capabilities {acceptInsecureCerts: false, browserName: chrome, browserVersion: 96.0.4664.110, chrome: {chromedriverVersion: 96.0.4664.45 (76e4c1bb2ab46..., userDataDir: C:\Users\Akundar\AppData\Lo...}, goog:chromeOptions: {debuggerAddress: localhost:53686}, javascriptEnabled: true, networkConnectionEnabled: false, pageLoadStrategy: normal, platform: WINDOWS, platformName: WINDOWS, proxy: Proxy(), setWindowRect: true, strictFileInteractability: false, timeouts: {implicit: 0, pageLoad: 300000, script: 30000}, unhandledPromptBehavior: dismiss and notify, webauthn:extension:credBlob: true, webauthn:extension:largeBlob: true, webauthn:virtualAuthenticators: true}&#10;Session ID: c656b495fe1ef37f64bf29af69bb819b&#10;*** Element info: {Using=xpath, value=//div[@class=&apos;icon-wrap share&apos;]}"/>
    <system-out><![CDATA[Trying to find Element By : By.xpath: //div[@class='icon-wrap share']
]]></system-out>
  </testcase>
  <testcase name="verifyShareOption" classname="SeleniumTesting.AEMhdfc.ProductpageTest" time="0">
    <skipped message="no such element: Unable to locate element: {&quot;method&quot;:&quot;xpath&quot;,&quot;selector&quot;:&quot;//div[@class=&apos;icon-wrap share&apos;]&quot;}&#10;  (Session info: headless chrome=96.0.4664.110)&#10;For documentation on this error, please visit: https://www.seleniumhq.org/exceptions/no_such_element.html&#10;Build info: version: &apos;3.141.59&apos;, revision: &apos;e82be7d358&apos;, time: &apos;2018-11-14T08:17:03&apos;&#10;System info: host: &apos;LIN24007907&apos;, ip: &apos;192.168.1.13&apos;, os.name: &apos;Windows 10&apos;, os.arch: &apos;amd64&apos;, os.version: &apos;10.0&apos;, java.version: &apos;17&apos;&#10;Driver info: org.openqa.selenium.chrome.ChromeDriver&#10;Capabilities {acceptInsecureCerts: false, browserName: chrome, browserVersion: 96.0.4664.110, chrome: {chromedriverVersion: 96.0.4664.45 (76e4c1bb2ab46..., userDataDir: C:\Users\Akundar\AppData\Lo...}, goog:chromeOptions: {debuggerAddress: localhost:53686}, javascriptEnabled: true, networkConnectionEnabled: false, pageLoadStrategy: normal, platform: WINDOWS, platformName: WINDOWS, proxy: Proxy(), setWindowRect: true, strictFileInteractability: false, timeouts: {implicit: 0, pageLoad: 300000, script: 30000}, unhandledPromptBehavior: dismiss and notify, webauthn:extension:credBlob: true, webauthn:extension:largeBlob: true, webauthn:virtualAuthenticators: true}&#10;Session ID: c656b495fe1ef37f64bf29af69bb819b&#10;*** Element info: {Using=xpath, value=//div[@class=&apos;icon-wrap share&apos;]}"/>
    <system-out><![CDATA[Trying to find Element By : By.xpath: //div[@class='icon-wrap share']
]]></system-out>
  </testcase>
  <testcase name="verifyShareOption" classname="SeleniumTesting.AEMhdfc.ProductpageTest" time="0">
    <skipped message="no such element: Unable to locate element: {&quot;method&quot;:&quot;xpath&quot;,&quot;selector&quot;:&quot;//div[@class=&apos;icon-wrap share&apos;]&quot;}&#10;  (Session info: headless chrome=96.0.4664.110)&#10;For documentation on this error, please visit: https://www.seleniumhq.org/exceptions/no_such_element.html&#10;Build info: version: &apos;3.141.59&apos;, revision: &apos;e82be7d358&apos;, time: &apos;2018-11-14T08:17:03&apos;&#10;System info: host: &apos;LIN24007907&apos;, ip: &apos;192.168.1.13&apos;, os.name: &apos;Windows 10&apos;, os.arch: &apos;amd64&apos;, os.version: &apos;10.0&apos;, java.version: &apos;17&apos;&#10;Driver info: org.openqa.selenium.chrome.ChromeDriver&#10;Capabilities {acceptInsecureCerts: false, browserName: chrome, browserVersion: 96.0.4664.110, chrome: {chromedriverVersion: 96.0.4664.45 (76e4c1bb2ab46..., userDataDir: C:\Users\Akundar\AppData\Lo...}, goog:chromeOptions: {debuggerAddress: localhost:53686}, javascriptEnabled: true, networkConnectionEnabled: false, pageLoadStrategy: normal, platform: WINDOWS, platformName: WINDOWS, proxy: Proxy(), setWindowRect: true, strictFileInteractability: false, timeouts: {implicit: 0, pageLoad: 300000, script: 30000}, unhandledPromptBehavior: dismiss and notify, webauthn:extension:credBlob: true, webauthn:extension:largeBlob: true, webauthn:virtualAuthenticators: true}&#10;Session ID: c656b495fe1ef37f64bf29af69bb819b&#10;*** Element info: {Using=xpath, value=//div[@class=&apos;icon-wrap share&apos;]}"/>
    <system-out><![CDATA[Trying to find Element By : By.xpath: //div[@class='icon-wrap share']
]]></system-out>
  </testcase>
  <testcase name="verifyShareOption" classname="SeleniumTesting.AEMhdfc.ProductpageTest" time="33.045">
    <failure message="no such element: Unable to locate element: {&quot;method&quot;:&quot;xpath&quot;,&quot;selector&quot;:&quot;//div[@class=&apos;icon-wrap share&apos;]&quot;}&#10;  (Session info: headless chrome=96.0.4664.110)&#10;For documentation on this error, please visit: https://www.seleniumhq.org/exceptions/no_such_element.html&#10;Build info: version: &apos;3.141.59&apos;, revision: &apos;e82be7d358&apos;, time: &apos;2018-11-14T08:17:03&apos;&#10;System info: host: &apos;LIN24007907&apos;, ip: &apos;192.168.1.13&apos;, os.name: &apos;Windows 10&apos;, os.arch: &apos;amd64&apos;, os.version: &apos;10.0&apos;, java.version: &apos;17&apos;&#10;Driver info: org.openqa.selenium.chrome.ChromeDriver&#10;Capabilities {acceptInsecureCerts: false, browserName: chrome, browserVersion: 96.0.4664.110, chrome: {chromedriverVersion: 96.0.4664.45 (76e4c1bb2ab46..., userDataDir: C:\Users\Akundar\AppData\Lo...}, goog:chromeOptions: {debuggerAddress: localhost:53686}, javascriptEnabled: true, networkConnectionEnabled: false, pageLoadStrategy: normal, platform: WINDOWS, platformName: WINDOWS, proxy: Proxy(), setWindowRect: true, strictFileInteractability: false, timeouts: {implicit: 0, pageLoad: 300000, script: 30000}, unhandledPromptBehavior: dismiss and notify, webauthn:extension:credBlob: true, webauthn:extension:largeBlob: true, webauthn:virtualAuthenticators: true}&#10;Session ID: c656b495fe1ef37f64bf29af69bb819b&#10;*** Element info: {Using=xpath, value=//div[@class=&apos;icon-wrap share&apos;]}" type="org.openqa.selenium.NoSuchElementException"><![CDATA[org.openqa.selenium.NoSuchElementException: 
no such element: Unable to locate element: {"method":"xpath","selector":"//div[@class='icon-wrap share']"}
  (Session info: headless chrome=96.0.4664.110)
For documentation on this error, please visit: https://www.seleniumhq.org/exceptions/no_such_element.html
Build info: version: '3.141.59', revision: 'e82be7d358', time: '2018-11-14T08:17:03'
System info: host: 'LIN24007907', ip: '192.168.1.13', os.name: 'Windows 10', os.arch: 'amd64', os.version: '10.0', java.version: '17'
Driver info: org.openqa.selenium.chrome.ChromeDriver
Capabilities {acceptInsecureCerts: false, browserName: chrome, browserVersion: 96.0.4664.110, chrome: {chromedriverVersion: 96.0.4664.45 (76e4c1bb2ab46..., userDataDir: C:\Users\Akundar\AppData\Lo...}, goog:chromeOptions: {debuggerAddress: localhost:53686}, javascriptEnabled: true, networkConnectionEnabled: false, pageLoadStrategy: normal, platform: WINDOWS, platformName: WINDOWS, proxy: Proxy(), setWindowRect: true, strictFileInteractability: false, timeouts: {implicit: 0, pageLoad: 300000, script: 30000}, unhandledPromptBehavior: dismiss and notify, webauthn:extension:credBlob: true, webauthn:extension:largeBlob: true, webauthn:virtualAuthenticators: true}
Session ID: c656b495fe1ef37f64bf29af69bb819b
*** Element info: {Using=xpath, value=//div[@class='icon-wrap share']}
	at SeleniumTesting.AEMhdfc.ProductpageTest.verifyShareOption(ProductpageTest.java:92)
]]></failure>
    <system-out><![CDATA[Trying to find Element By : By.xpath: //div[@class='icon-wrap share']
]]></system-out>
  </testcase>
  <testcase name="verifyRatingsFromAPI" classname="SeleniumTesting.AEMhdfc.ProductpageTest" time="0">
    <skipped message="no such element: Unable to locate element: {&quot;method&quot;:&quot;xpath&quot;,&quot;selector&quot;:&quot;//div[@class=&apos;five-star-wrapper&apos;][@id=&apos;starRating&apos;]&quot;}&#10;  (Session info: headless chrome=96.0.4664.110)&#10;For documentation on this error, please visit: https://www.seleniumhq.org/exceptions/no_such_element.html&#10;Build info: version: &apos;3.141.59&apos;, revision: &apos;e82be7d358&apos;, time: &apos;2018-11-14T08:17:03&apos;&#10;System info: host: &apos;LIN24007907&apos;, ip: &apos;192.168.1.13&apos;, os.name: &apos;Windows 10&apos;, os.arch: &apos;amd64&apos;, os.version: &apos;10.0&apos;, java.version: &apos;17&apos;&#10;Driver info: org.openqa.selenium.chrome.ChromeDriver&#10;Capabilities {acceptInsecureCerts: false, browserName: chrome, browserVersion: 96.0.4664.110, chrome: {chromedriverVersion: 96.0.4664.45 (76e4c1bb2ab46..., userDataDir: C:\Users\Akundar\AppData\Lo...}, goog:chromeOptions: {debuggerAddress: localhost:53686}, javascriptEnabled: true, networkConnectionEnabled: false, pageLoadStrategy: normal, platform: WINDOWS, platformName: WINDOWS, proxy: Proxy(), setWindowRect: true, strictFileInteractability: false, timeouts: {implicit: 0, pageLoad: 300000, script: 30000}, unhandledPromptBehavior: dismiss and notify, webauthn:extension:credBlob: true, webauthn:extension:largeBlob: true, webauthn:virtualAuthenticators: true}&#10;Session ID: c656b495fe1ef37f64bf29af69bb819b&#10;*** Element info: {Using=xpath, value=//div[@class=&apos;five-star-wrapper&apos;][@id=&apos;starRating&apos;]}"/>
    <system-out><![CDATA[Trying to find Element By : By.xpath: //div[@class='five-star-wrapper'][@id='starRating']
]]></system-out>
  </testcase>
  <testcase name="verifyRatingsFromAPI" classname="SeleniumTesting.AEMhdfc.ProductpageTest" time="0">
    <skipped message="no such element: Unable to locate element: {&quot;method&quot;:&quot;xpath&quot;,&quot;selector&quot;:&quot;//div[@class=&apos;five-star-wrapper&apos;][@id=&apos;starRating&apos;]&quot;}&#10;  (Session info: headless chrome=96.0.4664.110)&#10;For documentation on this error, please visit: https://www.seleniumhq.org/exceptions/no_such_element.html&#10;Build info: version: &apos;3.141.59&apos;, revision: &apos;e82be7d358&apos;, time: &apos;2018-11-14T08:17:03&apos;&#10;System info: host: &apos;LIN24007907&apos;, ip: &apos;192.168.1.13&apos;, os.name: &apos;Windows 10&apos;, os.arch: &apos;amd64&apos;, os.version: &apos;10.0&apos;, java.version: &apos;17&apos;&#10;Driver info: org.openqa.selenium.chrome.ChromeDriver&#10;Capabilities {acceptInsecureCerts: false, browserName: chrome, browserVersion: 96.0.4664.110, chrome: {chromedriverVersion: 96.0.4664.45 (76e4c1bb2ab46..., userDataDir: C:\Users\Akundar\AppData\Lo...}, goog:chromeOptions: {debuggerAddress: localhost:53686}, javascriptEnabled: true, networkConnectionEnabled: false, pageLoadStrategy: normal, platform: WINDOWS, platformName: WINDOWS, proxy: Proxy(), setWindowRect: true, strictFileInteractability: false, timeouts: {implicit: 0, pageLoad: 300000, script: 30000}, unhandledPromptBehavior: dismiss and notify, webauthn:extension:credBlob: true, webauthn:extension:largeBlob: true, webauthn:virtualAuthenticators: true}&#10;Session ID: c656b495fe1ef37f64bf29af69bb819b&#10;*** Element info: {Using=xpath, value=//div[@class=&apos;five-star-wrapper&apos;][@id=&apos;starRating&apos;]}"/>
    <system-out><![CDATA[Trying to find Element By : By.xpath: //div[@class='five-star-wrapper'][@id='starRating']
]]></system-out>
  </testcase>
  <testcase name="verifyRatingsFromAPI" classname="SeleniumTesting.AEMhdfc.ProductpageTest" time="0">
    <skipped message="no such element: Unable to locate element: {&quot;method&quot;:&quot;xpath&quot;,&quot;selector&quot;:&quot;//div[@class=&apos;five-star-wrapper&apos;][@id=&apos;starRating&apos;]&quot;}&#10;  (Session info: headless chrome=96.0.4664.110)&#10;For documentation on this error, please visit: https://www.seleniumhq.org/exceptions/no_such_element.html&#10;Build info: version: &apos;3.141.59&apos;, revision: &apos;e82be7d358&apos;, time: &apos;2018-11-14T08:17:03&apos;&#10;System info: host: &apos;LIN24007907&apos;, ip: &apos;192.168.1.13&apos;, os.name: &apos;Windows 10&apos;, os.arch: &apos;amd64&apos;, os.version: &apos;10.0&apos;, java.version: &apos;17&apos;&#10;Driver info: org.openqa.selenium.chrome.ChromeDriver&#10;Capabilities {acceptInsecureCerts: false, browserName: chrome, browserVersion: 96.0.4664.110, chrome: {chromedriverVersion: 96.0.4664.45 (76e4c1bb2ab46..., userDataDir: C:\Users\Akundar\AppData\Lo...}, goog:chromeOptions: {debuggerAddress: localhost:53686}, javascriptEnabled: true, networkConnectionEnabled: false, pageLoadStrategy: normal, platform: WINDOWS, platformName: WINDOWS, proxy: Proxy(), setWindowRect: true, strictFileInteractability: false, timeouts: {implicit: 0, pageLoad: 300000, script: 30000}, unhandledPromptBehavior: dismiss and notify, webauthn:extension:credBlob: true, webauthn:extension:largeBlob: true, webauthn:virtualAuthenticators: true}&#10;Session ID: c656b495fe1ef37f64bf29af69bb819b&#10;*** Element info: {Using=xpath, value=//div[@class=&apos;five-star-wrapper&apos;][@id=&apos;starRating&apos;]}"/>
    <system-out><![CDATA[Trying to find Element By : By.xpath: //div[@class='five-star-wrapper'][@id='starRating']
]]></system-out>
  </testcase>
  <testcase name="verifyRatingsFromAPI" classname="SeleniumTesting.AEMhdfc.ProductpageTest" time="33.078">
    <failure message="no such element: Unable to locate element: {&quot;method&quot;:&quot;xpath&quot;,&quot;selector&quot;:&quot;//div[@class=&apos;five-star-wrapper&apos;][@id=&apos;starRating&apos;]&quot;}&#10;  (Session info: headless chrome=96.0.4664.110)&#10;For documentation on this error, please visit: https://www.seleniumhq.org/exceptions/no_such_element.html&#10;Build info: version: &apos;3.141.59&apos;, revision: &apos;e82be7d358&apos;, time: &apos;2018-11-14T08:17:03&apos;&#10;System info: host: &apos;LIN24007907&apos;, ip: &apos;192.168.1.13&apos;, os.name: &apos;Windows 10&apos;, os.arch: &apos;amd64&apos;, os.version: &apos;10.0&apos;, java.version: &apos;17&apos;&#10;Driver info: org.openqa.selenium.chrome.ChromeDriver&#10;Capabilities {acceptInsecureCerts: false, browserName: chrome, browserVersion: 96.0.4664.110, chrome: {chromedriverVersion: 96.0.4664.45 (76e4c1bb2ab46..., userDataDir: C:\Users\Akundar\AppData\Lo...}, goog:chromeOptions: {debuggerAddress: localhost:53686}, javascriptEnabled: true, networkConnectionEnabled: false, pageLoadStrategy: normal, platform: WINDOWS, platformName: WINDOWS, proxy: Proxy(), setWindowRect: true, strictFileInteractability: false, timeouts: {implicit: 0, pageLoad: 300000, script: 30000}, unhandledPromptBehavior: dismiss and notify, webauthn:extension:credBlob: true, webauthn:extension:largeBlob: true, webauthn:virtualAuthenticators: true}&#10;Session ID: c656b495fe1ef37f64bf29af69bb819b&#10;*** Element info: {Using=xpath, value=//div[@class=&apos;five-star-wrapper&apos;][@id=&apos;starRating&apos;]}" type="org.openqa.selenium.NoSuchElementException"><![CDATA[org.openqa.selenium.NoSuchElementException: 
no such element: Unable to locate element: {"method":"xpath","selector":"//div[@class='five-star-wrapper'][@id='starRating']"}
  (Session info: headless chrome=96.0.4664.110)
For documentation on this error, please visit: https://www.seleniumhq.org/exceptions/no_such_element.html
Build info: version: '3.141.59', revision: 'e82be7d358', time: '2018-11-14T08:17:03'
System info: host: 'LIN24007907', ip: '192.168.1.13', os.name: 'Windows 10', os.arch: 'amd64', os.version: '10.0', java.version: '17'
Driver info: org.openqa.selenium.chrome.ChromeDriver
Capabilities {acceptInsecureCerts: false, browserName: chrome, browserVersion: 96.0.4664.110, chrome: {chromedriverVersion: 96.0.4664.45 (76e4c1bb2ab46..., userDataDir: C:\Users\Akundar\AppData\Lo...}, goog:chromeOptions: {debuggerAddress: localhost:53686}, javascriptEnabled: true, networkConnectionEnabled: false, pageLoadStrategy: normal, platform: WINDOWS, platformName: WINDOWS, proxy: Proxy(), setWindowRect: true, strictFileInteractability: false, timeouts: {implicit: 0, pageLoad: 300000, script: 30000}, unhandledPromptBehavior: dismiss and notify, webauthn:extension:credBlob: true, webauthn:extension:largeBlob: true, webauthn:virtualAuthenticators: true}
Session ID: c656b495fe1ef37f64bf29af69bb819b
*** Element info: {Using=xpath, value=//div[@class='five-star-wrapper'][@id='starRating']}
	at SeleniumTesting.AEMhdfc.ProductpageTest.verifyRatingsFromAPI(ProductpageTest.java:103)
]]></failure>
    <system-out><![CDATA[Trying to find Element By : By.xpath: //div[@class='five-star-wrapper'][@id='starRating']
]]></system-out>
  </testcase>
  <testcase name="verifyDownloadBrochure" classname="SeleniumTesting.AEMhdfc.ProductpageTest" time="0">
    <skipped message="no such element: Unable to locate element: {&quot;method&quot;:&quot;xpath&quot;,&quot;selector&quot;:&quot;//a[@class=&apos;product-download-btn downloadPdfClick&apos;]&quot;}&#10;  (Session info: headless chrome=96.0.4664.110)&#10;For documentation on this error, please visit: https://www.seleniumhq.org/exceptions/no_such_element.html&#10;Build info: version: &apos;3.141.59&apos;, revision: &apos;e82be7d358&apos;, time: &apos;2018-11-14T08:17:03&apos;&#10;System info: host: &apos;LIN24007907&apos;, ip: &apos;192.168.1.13&apos;, os.name: &apos;Windows 10&apos;, os.arch: &apos;amd64&apos;, os.version: &apos;10.0&apos;, java.version: &apos;17&apos;&#10;Driver info: org.openqa.selenium.chrome.ChromeDriver&#10;Capabilities {acceptInsecureCerts: false, browserName: chrome, browserVersion: 96.0.4664.110, chrome: {chromedriverVersion: 96.0.4664.45 (76e4c1bb2ab46..., userDataDir: C:\Users\Akundar\AppData\Lo...}, goog:chromeOptions: {debuggerAddress: localhost:53686}, javascriptEnabled: true, networkConnectionEnabled: false, pageLoadStrategy: normal, platform: WINDOWS, platformName: WINDOWS, proxy: Proxy(), setWindowRect: true, strictFileInteractability: false, timeouts: {implicit: 0, pageLoad: 300000, script: 30000}, unhandledPromptBehavior: dismiss and notify, webauthn:extension:credBlob: true, webauthn:extension:largeBlob: true, webauthn:virtualAuthenticators: true}&#10;Session ID: c656b495fe1ef37f64bf29af69bb819b&#10;*** Element info: {Using=xpath, value=//a[@class=&apos;product-download-btn downloadPdfClick&apos;]}"/>
    <system-out><![CDATA[Trying to find Element By : By.xpath: //a[@class='product-download-btn downloadPdfClick']
]]></system-out>
  </testcase>
  <testcase name="verifyDownloadBrochure" classname="SeleniumTesting.AEMhdfc.ProductpageTest" time="0">
    <skipped message="no such element: Unable to locate element: {&quot;method&quot;:&quot;xpath&quot;,&quot;selector&quot;:&quot;//a[@class=&apos;product-download-btn downloadPdfClick&apos;]&quot;}&#10;  (Session info: headless chrome=96.0.4664.110)&#10;For documentation on this error, please visit: https://www.seleniumhq.org/exceptions/no_such_element.html&#10;Build info: version: &apos;3.141.59&apos;, revision: &apos;e82be7d358&apos;, time: &apos;2018-11-14T08:17:03&apos;&#10;System info: host: &apos;LIN24007907&apos;, ip: &apos;192.168.1.13&apos;, os.name: &apos;Windows 10&apos;, os.arch: &apos;amd64&apos;, os.version: &apos;10.0&apos;, java.version: &apos;17&apos;&#10;Driver info: org.openqa.selenium.chrome.ChromeDriver&#10;Capabilities {acceptInsecureCerts: false, browserName: chrome, browserVersion: 96.0.4664.110, chrome: {chromedriverVersion: 96.0.4664.45 (76e4c1bb2ab46..., userDataDir: C:\Users\Akundar\AppData\Lo...}, goog:chromeOptions: {debuggerAddress: localhost:53686}, javascriptEnabled: true, networkConnectionEnabled: false, pageLoadStrategy: normal, platform: WINDOWS, platformName: WINDOWS, proxy: Proxy(), setWindowRect: true, strictFileInteractability: false, timeouts: {implicit: 0, pageLoad: 300000, script: 30000}, unhandledPromptBehavior: dismiss and notify, webauthn:extension:credBlob: true, webauthn:extension:largeBlob: true, webauthn:virtualAuthenticators: true}&#10;Session ID: c656b495fe1ef37f64bf29af69bb819b&#10;*** Element info: {Using=xpath, value=//a[@class=&apos;product-download-btn downloadPdfClick&apos;]}"/>
    <system-out><![CDATA[Trying to find Element By : By.xpath: //a[@class='product-download-btn downloadPdfClick']
]]></system-out>
  </testcase>
  <testcase name="verifyDownloadBrochure" classname="SeleniumTesting.AEMhdfc.ProductpageTest" time="0">
    <skipped message="no such element: Unable to locate element: {&quot;method&quot;:&quot;xpath&quot;,&quot;selector&quot;:&quot;//a[@class=&apos;product-download-btn downloadPdfClick&apos;]&quot;}&#10;  (Session info: headless chrome=96.0.4664.110)&#10;For documentation on this error, please visit: https://www.seleniumhq.org/exceptions/no_such_element.html&#10;Build info: version: &apos;3.141.59&apos;, revision: &apos;e82be7d358&apos;, time: &apos;2018-11-14T08:17:03&apos;&#10;System info: host: &apos;LIN24007907&apos;, ip: &apos;192.168.1.13&apos;, os.name: &apos;Windows 10&apos;, os.arch: &apos;amd64&apos;, os.version: &apos;10.0&apos;, java.version: &apos;17&apos;&#10;Driver info: org.openqa.selenium.chrome.ChromeDriver&#10;Capabilities {acceptInsecureCerts: false, browserName: chrome, browserVersion: 96.0.4664.110, chrome: {chromedriverVersion: 96.0.4664.45 (76e4c1bb2ab46..., userDataDir: C:\Users\Akundar\AppData\Lo...}, goog:chromeOptions: {debuggerAddress: localhost:53686}, javascriptEnabled: true, networkConnectionEnabled: false, pageLoadStrategy: normal, platform: WINDOWS, platformName: WINDOWS, proxy: Proxy(), setWindowRect: true, strictFileInteractability: false, timeouts: {implicit: 0, pageLoad: 300000, script: 30000}, unhandledPromptBehavior: dismiss and notify, webauthn:extension:credBlob: true, webauthn:extension:largeBlob: true, webauthn:virtualAuthenticators: true}&#10;Session ID: c656b495fe1ef37f64bf29af69bb819b&#10;*** Element info: {Using=xpath, value=//a[@class=&apos;product-download-btn downloadPdfClick&apos;]}"/>
    <system-out><![CDATA[Trying to find Element By : By.xpath: //a[@class='product-download-btn downloadPdfClick']
]]></system-out>
  </testcase>
  <testcase name="verifyDownloadBrochure" classname="SeleniumTesting.AEMhdfc.ProductpageTest" time="33.026">
    <failure message="no such element: Unable to locate element: {&quot;method&quot;:&quot;xpath&quot;,&quot;selector&quot;:&quot;//a[@class=&apos;product-download-btn downloadPdfClick&apos;]&quot;}&#10;  (Session info: headless chrome=96.0.4664.110)&#10;For documentation on this error, please visit: https://www.seleniumhq.org/exceptions/no_such_element.html&#10;Build info: version: &apos;3.141.59&apos;, revision: &apos;e82be7d358&apos;, time: &apos;2018-11-14T08:17:03&apos;&#10;System info: host: &apos;LIN24007907&apos;, ip: &apos;192.168.1.13&apos;, os.name: &apos;Windows 10&apos;, os.arch: &apos;amd64&apos;, os.version: &apos;10.0&apos;, java.version: &apos;17&apos;&#10;Driver info: org.openqa.selenium.chrome.ChromeDriver&#10;Capabilities {acceptInsecureCerts: false, browserName: chrome, browserVersion: 96.0.4664.110, chrome: {chromedriverVersion: 96.0.4664.45 (76e4c1bb2ab46..., userDataDir: C:\Users\Akundar\AppData\Lo...}, goog:chromeOptions: {debuggerAddress: localhost:53686}, javascriptEnabled: true, networkConnectionEnabled: false, pageLoadStrategy: normal, platform: WINDOWS, platformName: WINDOWS, proxy: Proxy(), setWindowRect: true, strictFileInteractability: false, timeouts: {implicit: 0, pageLoad: 300000, script: 30000}, unhandledPromptBehavior: dismiss and notify, webauthn:extension:credBlob: true, webauthn:extension:largeBlob: true, webauthn:virtualAuthenticators: true}&#10;Session ID: c656b495fe1ef37f64bf29af69bb819b&#10;*** Element info: {Using=xpath, value=//a[@class=&apos;product-download-btn downloadPdfClick&apos;]}" type="org.openqa.selenium.NoSuchElementException"><![CDATA[org.openqa.selenium.NoSuchElementException: 
no such element: Unable to locate element: {"method":"xpath","selector":"//a[@class='product-download-btn downloadPdfClick']"}
  (Session info: headless chrome=96.0.4664.110)
For documentation on this error, please visit: https://www.seleniumhq.org/exceptions/no_such_element.html
Build info: version: '3.141.59', revision: 'e82be7d358', time: '2018-11-14T08:17:03'
System info: host: 'LIN24007907', ip: '192.168.1.13', os.name: 'Windows 10', os.arch: 'amd64', os.version: '10.0', java.version: '17'
Driver info: org.openqa.selenium.chrome.ChromeDriver
Capabilities {acceptInsecureCerts: false, browserName: chrome, browserVersion: 96.0.4664.110, chrome: {chromedriverVersion: 96.0.4664.45 (76e4c1bb2ab46..., userDataDir: C:\Users\Akundar\AppData\Lo...}, goog:chromeOptions: {debuggerAddress: localhost:53686}, javascriptEnabled: true, networkConnectionEnabled: false, pageLoadStrategy: normal, platform: WINDOWS, platformName: WINDOWS, proxy: Proxy(), setWindowRect: true, strictFileInteractability: false, timeouts: {implicit: 0, pageLoad: 300000, script: 30000}, unhandledPromptBehavior: dismiss and notify, webauthn:extension:credBlob: true, webauthn:extension:largeBlob: true, webauthn:virtualAuthenticators: true}
Session ID: c656b495fe1ef37f64bf29af69bb819b
*** Element info: {Using=xpath, value=//a[@class='product-download-btn downloadPdfClick']}
	at SeleniumTesting.AEMhdfc.ProductpageTest.verifyDownloadBrochure(ProductpageTest.java:110)
]]></failure>
    <system-out><![CDATA[Trying to find Element By : By.xpath: //a[@class='product-download-btn downloadPdfClick']
]]></system-out>
  </testcase>
  <testcase name="verifyCalculatePremiumBtn" classname="SeleniumTesting.AEMhdfc.ProductpageTest" time="0">
    <skipped message="no such element: Unable to locate element: {&quot;method&quot;:&quot;xpath&quot;,&quot;selector&quot;:&quot;//a[@class=&apos;product-calculate-btn outlined-button-hover dataLayerBtnClick&apos;]&quot;}&#10;  (Session info: headless chrome=96.0.4664.110)&#10;For documentation on this error, please visit: https://www.seleniumhq.org/exceptions/no_such_element.html&#10;Build info: version: &apos;3.141.59&apos;, revision: &apos;e82be7d358&apos;, time: &apos;2018-11-14T08:17:03&apos;&#10;System info: host: &apos;LIN24007907&apos;, ip: &apos;192.168.1.13&apos;, os.name: &apos;Windows 10&apos;, os.arch: &apos;amd64&apos;, os.version: &apos;10.0&apos;, java.version: &apos;17&apos;&#10;Driver info: org.openqa.selenium.chrome.ChromeDriver&#10;Capabilities {acceptInsecureCerts: false, browserName: chrome, browserVersion: 96.0.4664.110, chrome: {chromedriverVersion: 96.0.4664.45 (76e4c1bb2ab46..., userDataDir: C:\Users\Akundar\AppData\Lo...}, goog:chromeOptions: {debuggerAddress: localhost:53686}, javascriptEnabled: true, networkConnectionEnabled: false, pageLoadStrategy: normal, platform: WINDOWS, platformName: WINDOWS, proxy: Proxy(), setWindowRect: true, strictFileInteractability: false, timeouts: {implicit: 0, pageLoad: 300000, script: 30000}, unhandledPromptBehavior: dismiss and notify, webauthn:extension:credBlob: true, webauthn:extension:largeBlob: true, webauthn:virtualAuthenticators: true}&#10;Session ID: c656b495fe1ef37f64bf29af69bb819b&#10;*** Element info: {Using=xpath, value=//a[@class=&apos;product-calculate-btn outlined-button-hover dataLayerBtnClick&apos;]}"/>
    <system-out><![CDATA[Trying to find Element By : By.xpath: //a[@class='product-calculate-btn outlined-button-hover dataLayerBtnClick']
]]></system-out>
  </testcase>
  <testcase name="verifyCalculatePremiumBtn" classname="SeleniumTesting.AEMhdfc.ProductpageTest" time="0">
    <skipped message="no such element: Unable to locate element: {&quot;method&quot;:&quot;xpath&quot;,&quot;selector&quot;:&quot;//a[@class=&apos;product-calculate-btn outlined-button-hover dataLayerBtnClick&apos;]&quot;}&#10;  (Session info: headless chrome=96.0.4664.110)&#10;For documentation on this error, please visit: https://www.seleniumhq.org/exceptions/no_such_element.html&#10;Build info: version: &apos;3.141.59&apos;, revision: &apos;e82be7d358&apos;, time: &apos;2018-11-14T08:17:03&apos;&#10;System info: host: &apos;LIN24007907&apos;, ip: &apos;192.168.1.13&apos;, os.name: &apos;Windows 10&apos;, os.arch: &apos;amd64&apos;, os.version: &apos;10.0&apos;, java.version: &apos;17&apos;&#10;Driver info: org.openqa.selenium.chrome.ChromeDriver&#10;Capabilities {acceptInsecureCerts: false, browserName: chrome, browserVersion: 96.0.4664.110, chrome: {chromedriverVersion: 96.0.4664.45 (76e4c1bb2ab46..., userDataDir: C:\Users\Akundar\AppData\Lo...}, goog:chromeOptions: {debuggerAddress: localhost:53686}, javascriptEnabled: true, networkConnectionEnabled: false, pageLoadStrategy: normal, platform: WINDOWS, platformName: WINDOWS, proxy: Proxy(), setWindowRect: true, strictFileInteractability: false, timeouts: {implicit: 0, pageLoad: 300000, script: 30000}, unhandledPromptBehavior: dismiss and notify, webauthn:extension:credBlob: true, webauthn:extension:largeBlob: true, webauthn:virtualAuthenticators: true}&#10;Session ID: c656b495fe1ef37f64bf29af69bb819b&#10;*** Element info: {Using=xpath, value=//a[@class=&apos;product-calculate-btn outlined-button-hover dataLayerBtnClick&apos;]}"/>
    <system-out><![CDATA[Trying to find Element By : By.xpath: //a[@class='product-calculate-btn outlined-button-hover dataLayerBtnClick']
]]></system-out>
  </testcase>
  <testcase name="verifyCalculatePremiumBtn" classname="SeleniumTesting.AEMhdfc.ProductpageTest" time="0">
    <skipped message="no such element: Unable to locate element: {&quot;method&quot;:&quot;xpath&quot;,&quot;selector&quot;:&quot;//a[@class=&apos;product-calculate-btn outlined-button-hover dataLayerBtnClick&apos;]&quot;}&#10;  (Session info: headless chrome=96.0.4664.110)&#10;For documentation on this error, please visit: https://www.seleniumhq.org/exceptions/no_such_element.html&#10;Build info: version: &apos;3.141.59&apos;, revision: &apos;e82be7d358&apos;, time: &apos;2018-11-14T08:17:03&apos;&#10;System info: host: &apos;LIN24007907&apos;, ip: &apos;192.168.1.13&apos;, os.name: &apos;Windows 10&apos;, os.arch: &apos;amd64&apos;, os.version: &apos;10.0&apos;, java.version: &apos;17&apos;&#10;Driver info: org.openqa.selenium.chrome.ChromeDriver&#10;Capabilities {acceptInsecureCerts: false, browserName: chrome, browserVersion: 96.0.4664.110, chrome: {chromedriverVersion: 96.0.4664.45 (76e4c1bb2ab46..., userDataDir: C:\Users\Akundar\AppData\Lo...}, goog:chromeOptions: {debuggerAddress: localhost:53686}, javascriptEnabled: true, networkConnectionEnabled: false, pageLoadStrategy: normal, platform: WINDOWS, platformName: WINDOWS, proxy: Proxy(), setWindowRect: true, strictFileInteractability: false, timeouts: {implicit: 0, pageLoad: 300000, script: 30000}, unhandledPromptBehavior: dismiss and notify, webauthn:extension:credBlob: true, webauthn:extension:largeBlob: true, webauthn:virtualAuthenticators: true}&#10;Session ID: c656b495fe1ef37f64bf29af69bb819b&#10;*** Element info: {Using=xpath, value=//a[@class=&apos;product-calculate-btn outlined-button-hover dataLayerBtnClick&apos;]}"/>
    <system-out><![CDATA[Trying to find Element By : By.xpath: //a[@class='product-calculate-btn outlined-button-hover dataLayerBtnClick']
]]></system-out>
  </testcase>
  <testcase name="verifyCalculatePremiumBtn" classname="SeleniumTesting.AEMhdfc.ProductpageTest" time="33.03">
    <failure message="no such element: Unable to locate element: {&quot;method&quot;:&quot;xpath&quot;,&quot;selector&quot;:&quot;//a[@class=&apos;product-calculate-btn outlined-button-hover dataLayerBtnClick&apos;]&quot;}&#10;  (Session info: headless chrome=96.0.4664.110)&#10;For documentation on this error, please visit: https://www.seleniumhq.org/exceptions/no_such_element.html&#10;Build info: version: &apos;3.141.59&apos;, revision: &apos;e82be7d358&apos;, time: &apos;2018-11-14T08:17:03&apos;&#10;System info: host: &apos;LIN24007907&apos;, ip: &apos;192.168.1.13&apos;, os.name: &apos;Windows 10&apos;, os.arch: &apos;amd64&apos;, os.version: &apos;10.0&apos;, java.version: &apos;17&apos;&#10;Driver info: org.openqa.selenium.chrome.ChromeDriver&#10;Capabilities {acceptInsecureCerts: false, browserName: chrome, browserVersion: 96.0.4664.110, chrome: {chromedriverVersion: 96.0.4664.45 (76e4c1bb2ab46..., userDataDir: C:\Users\Akundar\AppData\Lo...}, goog:chromeOptions: {debuggerAddress: localhost:53686}, javascriptEnabled: true, networkConnectionEnabled: false, pageLoadStrategy: normal, platform: WINDOWS, platformName: WINDOWS, proxy: Proxy(), setWindowRect: true, strictFileInteractability: false, timeouts: {implicit: 0, pageLoad: 300000, script: 30000}, unhandledPromptBehavior: dismiss and notify, webauthn:extension:credBlob: true, webauthn:extension:largeBlob: true, webauthn:virtualAuthenticators: true}&#10;Session ID: c656b495fe1ef37f64bf29af69bb819b&#10;*** Element info: {Using=xpath, value=//a[@class=&apos;product-calculate-btn outlined-button-hover dataLayerBtnClick&apos;]}" type="org.openqa.selenium.NoSuchElementException"><![CDATA[org.openqa.selenium.NoSuchElementException: 
no such element: Unable to locate element: {"method":"xpath","selector":"//a[@class='product-calculate-btn outlined-button-hover dataLayerBtnClick']"}
  (Session info: headless chrome=96.0.4664.110)
For documentation on this error, please visit: https://www.seleniumhq.org/exceptions/no_such_element.html
Build info: version: '3.141.59', revision: 'e82be7d358', time: '2018-11-14T08:17:03'
System info: host: 'LIN24007907', ip: '192.168.1.13', os.name: 'Windows 10', os.arch: 'amd64', os.version: '10.0', java.version: '17'
Driver info: org.openqa.selenium.chrome.ChromeDriver
Capabilities {acceptInsecureCerts: false, browserName: chrome, browserVersion: 96.0.4664.110, chrome: {chromedriverVersion: 96.0.4664.45 (76e4c1bb2ab46..., userDataDir: C:\Users\Akundar\AppData\Lo...}, goog:chromeOptions: {debuggerAddress: localhost:53686}, javascriptEnabled: true, networkConnectionEnabled: false, pageLoadStrategy: normal, platform: WINDOWS, platformName: WINDOWS, proxy: Proxy(), setWindowRect: true, strictFileInteractability: false, timeouts: {implicit: 0, pageLoad: 300000, script: 30000}, unhandledPromptBehavior: dismiss and notify, webauthn:extension:credBlob: true, webauthn:extension:largeBlob: true, webauthn:virtualAuthenticators: true}
Session ID: c656b495fe1ef37f64bf29af69bb819b
*** Element info: {Using=xpath, value=//a[@class='product-calculate-btn outlined-button-hover dataLayerBtnClick']}
	at SeleniumTesting.AEMhdfc.ProductpageTest.verifyCalculatePremiumBtn(ProductpageTest.java:118)
]]></failure>
    <system-out><![CDATA[Trying to find Element By : By.xpath: //a[@class='product-calculate-btn outlined-button-hover dataLayerBtnClick']
]]></system-out>
  </testcase>
  <testcase name="verifyBuyNowBtn" classname="SeleniumTesting.AEMhdfc.ProductpageTest" time="0">
    <skipped message="no such element: Unable to locate element: {&quot;method&quot;:&quot;xpath&quot;,&quot;selector&quot;:&quot;//a[@class=&apos;product-buynow-btn btnred dataLayerBtnClick&apos;]&quot;}&#10;  (Session info: headless chrome=96.0.4664.110)&#10;For documentation on this error, please visit: https://www.seleniumhq.org/exceptions/no_such_element.html&#10;Build info: version: &apos;3.141.59&apos;, revision: &apos;e82be7d358&apos;, time: &apos;2018-11-14T08:17:03&apos;&#10;System info: host: &apos;LIN24007907&apos;, ip: &apos;192.168.1.13&apos;, os.name: &apos;Windows 10&apos;, os.arch: &apos;amd64&apos;, os.version: &apos;10.0&apos;, java.version: &apos;17&apos;&#10;Driver info: org.openqa.selenium.chrome.ChromeDriver&#10;Capabilities {acceptInsecureCerts: false, browserName: chrome, browserVersion: 96.0.4664.110, chrome: {chromedriverVersion: 96.0.4664.45 (76e4c1bb2ab46..., userDataDir: C:\Users\Akundar\AppData\Lo...}, goog:chromeOptions: {debuggerAddress: localhost:53686}, javascriptEnabled: true, networkConnectionEnabled: false, pageLoadStrategy: normal, platform: WINDOWS, platformName: WINDOWS, proxy: Proxy(), setWindowRect: true, strictFileInteractability: false, timeouts: {implicit: 0, pageLoad: 300000, script: 30000}, unhandledPromptBehavior: dismiss and notify, webauthn:extension:credBlob: true, webauthn:extension:largeBlob: true, webauthn:virtualAuthenticators: true}&#10;Session ID: c656b495fe1ef37f64bf29af69bb819b&#10;*** Element info: {Using=xpath, value=//a[@class=&apos;product-buynow-btn btnred dataLayerBtnClick&apos;]}"/>
    <system-out><![CDATA[Trying to find Element By : By.xpath: //a[@class='product-buynow-btn btnred dataLayerBtnClick']
]]></system-out>
  </testcase>
  <testcase name="verifyBuyNowBtn" classname="SeleniumTesting.AEMhdfc.ProductpageTest" time="0">
    <skipped message="no such element: Unable to locate element: {&quot;method&quot;:&quot;xpath&quot;,&quot;selector&quot;:&quot;//a[@class=&apos;product-buynow-btn btnred dataLayerBtnClick&apos;]&quot;}&#10;  (Session info: headless chrome=96.0.4664.110)&#10;For documentation on this error, please visit: https://www.seleniumhq.org/exceptions/no_such_element.html&#10;Build info: version: &apos;3.141.59&apos;, revision: &apos;e82be7d358&apos;, time: &apos;2018-11-14T08:17:03&apos;&#10;System info: host: &apos;LIN24007907&apos;, ip: &apos;192.168.1.13&apos;, os.name: &apos;Windows 10&apos;, os.arch: &apos;amd64&apos;, os.version: &apos;10.0&apos;, java.version: &apos;17&apos;&#10;Driver info: org.openqa.selenium.chrome.ChromeDriver&#10;Capabilities {acceptInsecureCerts: false, browserName: chrome, browserVersion: 96.0.4664.110, chrome: {chromedriverVersion: 96.0.4664.45 (76e4c1bb2ab46..., userDataDir: C:\Users\Akundar\AppData\Lo...}, goog:chromeOptions: {debuggerAddress: localhost:53686}, javascriptEnabled: true, networkConnectionEnabled: false, pageLoadStrategy: normal, platform: WINDOWS, platformName: WINDOWS, proxy: Proxy(), setWindowRect: true, strictFileInteractability: false, timeouts: {implicit: 0, pageLoad: 300000, script: 30000}, unhandledPromptBehavior: dismiss and notify, webauthn:extension:credBlob: true, webauthn:extension:largeBlob: true, webauthn:virtualAuthenticators: true}&#10;Session ID: c656b495fe1ef37f64bf29af69bb819b&#10;*** Element info: {Using=xpath, value=//a[@class=&apos;product-buynow-btn btnred dataLayerBtnClick&apos;]}"/>
    <system-out><![CDATA[Trying to find Element By : By.xpath: //a[@class='product-buynow-btn btnred dataLayerBtnClick']
]]></system-out>
  </testcase>
  <testcase name="verifyBuyNowBtn" classname="SeleniumTesting.AEMhdfc.ProductpageTest" time="0">
    <skipped message="no such element: Unable to locate element: {&quot;method&quot;:&quot;xpath&quot;,&quot;selector&quot;:&quot;//a[@class=&apos;product-buynow-btn btnred dataLayerBtnClick&apos;]&quot;}&#10;  (Session info: headless chrome=96.0.4664.110)&#10;For documentation on this error, please visit: https://www.seleniumhq.org/exceptions/no_such_element.html&#10;Build info: version: &apos;3.141.59&apos;, revision: &apos;e82be7d358&apos;, time: &apos;2018-11-14T08:17:03&apos;&#10;System info: host: &apos;LIN24007907&apos;, ip: &apos;192.168.1.13&apos;, os.name: &apos;Windows 10&apos;, os.arch: &apos;amd64&apos;, os.version: &apos;10.0&apos;, java.version: &apos;17&apos;&#10;Driver info: org.openqa.selenium.chrome.ChromeDriver&#10;Capabilities {acceptInsecureCerts: false, browserName: chrome, browserVersion: 96.0.4664.110, chrome: {chromedriverVersion: 96.0.4664.45 (76e4c1bb2ab46..., userDataDir: C:\Users\Akundar\AppData\Lo...}, goog:chromeOptions: {debuggerAddress: localhost:53686}, javascriptEnabled: true, networkConnectionEnabled: false, pageLoadStrategy: normal, platform: WINDOWS, platformName: WINDOWS, proxy: Proxy(), setWindowRect: true, strictFileInteractability: false, timeouts: {implicit: 0, pageLoad: 300000, script: 30000}, unhandledPromptBehavior: dismiss and notify, webauthn:extension:credBlob: true, webauthn:extension:largeBlob: true, webauthn:virtualAuthenticators: true}&#10;Session ID: c656b495fe1ef37f64bf29af69bb819b&#10;*** Element info: {Using=xpath, value=//a[@class=&apos;product-buynow-btn btnred dataLayerBtnClick&apos;]}"/>
    <system-out><![CDATA[Trying to find Element By : By.xpath: //a[@class='product-buynow-btn btnred dataLayerBtnClick']
]]></system-out>
  </testcase>
  <testcase name="verifyBuyNowBtn" classname="SeleniumTesting.AEMhdfc.ProductpageTest" time="30.013">
    <failure message="no such element: Unable to locate element: {&quot;method&quot;:&quot;xpath&quot;,&quot;selector&quot;:&quot;//a[@class=&apos;product-buynow-btn btnred dataLayerBtnClick&apos;]&quot;}&#10;  (Session info: headless chrome=96.0.4664.110)&#10;For documentation on this error, please visit: https://www.seleniumhq.org/exceptions/no_such_element.html&#10;Build info: version: &apos;3.141.59&apos;, revision: &apos;e82be7d358&apos;, time: &apos;2018-11-14T08:17:03&apos;&#10;System info: host: &apos;LIN24007907&apos;, ip: &apos;192.168.1.13&apos;, os.name: &apos;Windows 10&apos;, os.arch: &apos;amd64&apos;, os.version: &apos;10.0&apos;, java.version: &apos;17&apos;&#10;Driver info: org.openqa.selenium.chrome.ChromeDriver&#10;Capabilities {acceptInsecureCerts: false, browserName: chrome, browserVersion: 96.0.4664.110, chrome: {chromedriverVersion: 96.0.4664.45 (76e4c1bb2ab46..., userDataDir: C:\Users\Akundar\AppData\Lo...}, goog:chromeOptions: {debuggerAddress: localhost:53686}, javascriptEnabled: true, networkConnectionEnabled: false, pageLoadStrategy: normal, platform: WINDOWS, platformName: WINDOWS, proxy: Proxy(), setWindowRect: true, strictFileInteractability: false, timeouts: {implicit: 0, pageLoad: 300000, script: 30000}, unhandledPromptBehavior: dismiss and notify, webauthn:extension:credBlob: true, webauthn:extension:largeBlob: true, webauthn:virtualAuthenticators: true}&#10;Session ID: c656b495fe1ef37f64bf29af69bb819b&#10;*** Element info: {Using=xpath, value=//a[@class=&apos;product-buynow-btn btnred dataLayerBtnClick&apos;]}" type="org.openqa.selenium.NoSuchElementException"><![CDATA[org.openqa.selenium.NoSuchElementException: 
no such element: Unable to locate element: {"method":"xpath","selector":"//a[@class='product-buynow-btn btnred dataLayerBtnClick']"}
  (Session info: headless chrome=96.0.4664.110)
For documentation on this error, please visit: https://www.seleniumhq.org/exceptions/no_such_element.html
Build info: version: '3.141.59', revision: 'e82be7d358', time: '2018-11-14T08:17:03'
System info: host: 'LIN24007907', ip: '192.168.1.13', os.name: 'Windows 10', os.arch: 'amd64', os.version: '10.0', java.version: '17'
Driver info: org.openqa.selenium.chrome.ChromeDriver
Capabilities {acceptInsecureCerts: false, browserName: chrome, browserVersion: 96.0.4664.110, chrome: {chromedriverVersion: 96.0.4664.45 (76e4c1bb2ab46..., userDataDir: C:\Users\Akundar\AppData\Lo...}, goog:chromeOptions: {debuggerAddress: localhost:53686}, javascriptEnabled: true, networkConnectionEnabled: false, pageLoadStrategy: normal, platform: WINDOWS, platformName: WINDOWS, proxy: Proxy(), setWindowRect: true, strictFileInteractability: false, timeouts: {implicit: 0, pageLoad: 300000, script: 30000}, unhandledPromptBehavior: dismiss and notify, webauthn:extension:credBlob: true, webauthn:extension:largeBlob: true, webauthn:virtualAuthenticators: true}
Session ID: c656b495fe1ef37f64bf29af69bb819b
*** Element info: {Using=xpath, value=//a[@class='product-buynow-btn btnred dataLayerBtnClick']}
	at SeleniumTesting.AEMhdfc.ProductpageTest.verifyBuyNowBtn(ProductpageTest.java:126)
]]></failure>
    <system-out><![CDATA[Trying to find Element By : By.xpath: //a[@class='product-buynow-btn btnred dataLayerBtnClick']
]]></system-out>
  </testcase>
  <testcase name="verifyDownloadsSectionAfterScroll" classname="SeleniumTesting.AEMhdfc.ProductpageTest" time="0">
    <skipped message="Method ProductpageTest.verifyDownloadsSectionAfterScroll()[pri:11, instance:SeleniumTesting.AEMhdfc.ProductpageTest@2cf23c81] depends on not successfully finished methods"/>
  </testcase>
  <testcase name="verifyYourPlanYourBenefitsSection" classname="SeleniumTesting.AEMhdfc.ProductpageTest" time="0">
    <skipped message="Method ProductpageTest.verifyYourPlanYourBenefitsSection()[pri:12, instance:SeleniumTesting.AEMhdfc.ProductpageTest@2cf23c81] depends on not successfully finished methods"/>
  </testcase>
  <testcase name="verifyEligibilityCriteria" classname="SeleniumTesting.AEMhdfc.ProductpageTest" time="33.095">
    <failure message="no such element: Unable to locate element: {&quot;method&quot;:&quot;css selector&quot;,&quot;selector&quot;:&quot;#view\-eligibility\-table&quot;}&#10;  (Session info: headless chrome=96.0.4664.110)&#10;For documentation on this error, please visit: https://www.seleniumhq.org/exceptions/no_such_element.html&#10;Build info: version: &apos;3.141.59&apos;, revision: &apos;e82be7d358&apos;, time: &apos;2018-11-14T08:17:03&apos;&#10;System info: host: &apos;LIN24007907&apos;, ip: &apos;192.168.1.13&apos;, os.name: &apos;Windows 10&apos;, os.arch: &apos;amd64&apos;, os.version: &apos;10.0&apos;, java.version: &apos;17&apos;&#10;Driver info: org.openqa.selenium.chrome.ChromeDriver&#10;Capabilities {acceptInsecureCerts: false, browserName: chrome, browserVersion: 96.0.4664.110, chrome: {chromedriverVersion: 96.0.4664.45 (76e4c1bb2ab46..., userDataDir: C:\Users\Akundar\AppData\Lo...}, goog:chromeOptions: {debuggerAddress: localhost:53686}, javascriptEnabled: true, networkConnectionEnabled: false, pageLoadStrategy: normal, platform: WINDOWS, platformName: WINDOWS, proxy: Proxy(), setWindowRect: true, strictFileInteractability: false, timeouts: {implicit: 0, pageLoad: 300000, script: 30000}, unhandledPromptBehavior: dismiss and notify, webauthn:extension:credBlob: true, webauthn:extension:largeBlob: true, webauthn:virtualAuthenticators: true}&#10;Session ID: c656b495fe1ef37f64bf29af69bb819b&#10;*** Element info: {Using=id, value=view-eligibility-table}" type="org.openqa.selenium.NoSuchElementException"><![CDATA[org.openqa.selenium.NoSuchElementException: 
no such element: Unable to locate element: {"method":"css selector","selector":"#view\-eligibility\-table"}
  (Session info: headless chrome=96.0.4664.110)
For documentation on this error, please visit: https://www.seleniumhq.org/exceptions/no_such_element.html
Build info: version: '3.141.59', revision: 'e82be7d358', time: '2018-11-14T08:17:03'
System info: host: 'LIN24007907', ip: '192.168.1.13', os.name: 'Windows 10', os.arch: 'amd64', os.version: '10.0', java.version: '17'
Driver info: org.openqa.selenium.chrome.ChromeDriver
Capabilities {acceptInsecureCerts: false, browserName: chrome, browserVersion: 96.0.4664.110, chrome: {chromedriverVersion: 96.0.4664.45 (76e4c1bb2ab46..., userDataDir: C:\Users\Akundar\AppData\Lo...}, goog:chromeOptions: {debuggerAddress: localhost:53686}, javascriptEnabled: true, networkConnectionEnabled: false, pageLoadStrategy: normal, platform: WINDOWS, platformName: WINDOWS, proxy: Proxy(), setWindowRect: true, strictFileInteractability: false, timeouts: {implicit: 0, pageLoad: 300000, script: 30000}, unhandledPromptBehavior: dismiss and notify, webauthn:extension:credBlob: true, webauthn:extension:largeBlob: true, webauthn:virtualAuthenticators: true}
Session ID: c656b495fe1ef37f64bf29af69bb819b
*** Element info: {Using=id, value=view-eligibility-table}
	at SeleniumTesting.AEMhdfc.ProductpageTest.verifyEligibilityCriteria(ProductpageTest.java:168)
]]></failure>
    <system-out><![CDATA[Trying to find Element By : By.id: view-eligibility-table
]]></system-out>
  </testcase>
  <testcase name="verifyVideoOnCategoryPage" classname="SeleniumTesting.AEMhdfc.ProductpageTest" time="3.018"/>
  <testcase name="verifyRidersSection" classname="SeleniumTesting.AEMhdfc.ProductpageTest" time="36.056">
    <failure message="no such element: Unable to locate element: {&quot;method&quot;:&quot;xpath&quot;,&quot;selector&quot;:&quot;(//a[@class=&apos;viewMoreBtn&apos;])[3]&quot;}&#10;  (Session info: headless chrome=96.0.4664.110)&#10;For documentation on this error, please visit: https://www.seleniumhq.org/exceptions/no_such_element.html&#10;Build info: version: &apos;3.141.59&apos;, revision: &apos;e82be7d358&apos;, time: &apos;2018-11-14T08:17:03&apos;&#10;System info: host: &apos;LIN24007907&apos;, ip: &apos;192.168.1.13&apos;, os.name: &apos;Windows 10&apos;, os.arch: &apos;amd64&apos;, os.version: &apos;10.0&apos;, java.version: &apos;17&apos;&#10;Driver info: org.openqa.selenium.chrome.ChromeDriver&#10;Capabilities {acceptInsecureCerts: false, browserName: chrome, browserVersion: 96.0.4664.110, chrome: {chromedriverVersion: 96.0.4664.45 (76e4c1bb2ab46..., userDataDir: C:\Users\Akundar\AppData\Lo...}, goog:chromeOptions: {debuggerAddress: localhost:53686}, javascriptEnabled: true, networkConnectionEnabled: false, pageLoadStrategy: normal, platform: WINDOWS, platformName: WINDOWS, proxy: Proxy(), setWindowRect: true, strictFileInteractability: false, timeouts: {implicit: 0, pageLoad: 300000, script: 30000}, unhandledPromptBehavior: dismiss and notify, webauthn:extension:credBlob: true, webauthn:extension:largeBlob: true, webauthn:virtualAuthenticators: true}&#10;Session ID: c656b495fe1ef37f64bf29af69bb819b&#10;*** Element info: {Using=xpath, value=(//a[@class=&apos;viewMoreBtn&apos;])[3]}" type="org.openqa.selenium.NoSuchElementException"><![CDATA[org.openqa.selenium.NoSuchElementException: 
no such element: Unable to locate element: {"method":"xpath","selector":"(//a[@class='viewMoreBtn'])[3]"}
  (Session info: headless chrome=96.0.4664.110)
For documentation on this error, please visit: https://www.seleniumhq.org/exceptions/no_such_element.html
Build info: version: '3.141.59', revision: 'e82be7d358', time: '2018-11-14T08:17:03'
System info: host: 'LIN24007907', ip: '192.168.1.13', os.name: 'Windows 10', os.arch: 'amd64', os.version: '10.0', java.version: '17'
Driver info: org.openqa.selenium.chrome.ChromeDriver
Capabilities {acceptInsecureCerts: false, browserName: chrome, browserVersion: 96.0.4664.110, chrome: {chromedriverVersion: 96.0.4664.45 (76e4c1bb2ab46..., userDataDir: C:\Users\Akundar\AppData\Lo...}, goog:chromeOptions: {debuggerAddress: localhost:53686}, javascriptEnabled: true, networkConnectionEnabled: false, pageLoadStrategy: normal, platform: WINDOWS, platformName: WINDOWS, proxy: Proxy(), setWindowRect: true, strictFileInteractability: false, timeouts: {implicit: 0, pageLoad: 300000, script: 30000}, unhandledPromptBehavior: dismiss and notify, webauthn:extension:credBlob: true, webauthn:extension:largeBlob: true, webauthn:virtualAuthenticators: true}
Session ID: c656b495fe1ef37f64bf29af69bb819b
*** Element info: {Using=xpath, value=(//a[@class='viewMoreBtn'])[3]}
	at SeleniumTesting.AEMhdfc.ProductpageTest.verifyRidersSection(ProductpageTest.java:183)
]]></failure>
    <system-out><![CDATA[Trying to find Element By : By.xpath: (//a[@class='viewMoreBtn'])[3]
]]></system-out>
  </testcase>
  <testcase name="verifyScheduleACallOnProductPage" classname="SeleniumTesting.AEMhdfc.ProductpageTest" time="0">
    <skipped message="Method ProductpageTest.verifyScheduleACallOnProductPage()[pri:16, instance:SeleniumTesting.AEMhdfc.ProductpageTest@2cf23c81] depends on not successfully finished methods"/>
  </testcase>
  <testcase name="verifyFAQSection" classname="SeleniumTesting.AEMhdfc.ProductpageTest" time="0">
    <skipped message="Method ProductpageTest.verifyFAQSection()[pri:17, instance:SeleniumTesting.AEMhdfc.ProductpageTest@2cf23c81] depends on not successfully finished methods"/>
  </testcase>
  <testcase name="verifyDisclaimerOnProductPage" classname="SeleniumTesting.AEMhdfc.ProductpageTest" time="0">
    <skipped message="Method ProductpageTest.verifyDisclaimerOnProductPage()[pri:18, instance:SeleniumTesting.AEMhdfc.ProductpageTest@2cf23c81] depends on not successfully finished methods"/>
  </testcase>
  <testcase name="navigateToCustomerServiceLandingPage" classname="SeleniumTesting.AEMhdfc.CustomerservicelandingTest" time="0">
    <skipped message="element not interactable&#10;  (Session info: headless chrome=96.0.4664.110)&#10;Build info: version: &apos;3.141.59&apos;, revision: &apos;e82be7d358&apos;, time: &apos;2018-11-14T08:17:03&apos;&#10;System info: host: &apos;LIN24007907&apos;, ip: &apos;192.168.1.13&apos;, os.name: &apos;Windows 10&apos;, os.arch: &apos;amd64&apos;, os.version: &apos;10.0&apos;, java.version: &apos;17&apos;&#10;Driver info: org.openqa.selenium.chrome.ChromeDriver&#10;Capabilities {acceptInsecureCerts: false, browserName: chrome, browserVersion: 96.0.4664.110, chrome: {chromedriverVersion: 96.0.4664.45 (76e4c1bb2ab46..., userDataDir: C:\Users\Akundar\AppData\Lo...}, goog:chromeOptions: {debuggerAddress: localhost:54381}, javascriptEnabled: true, networkConnectionEnabled: false, pageLoadStrategy: normal, platform: WINDOWS, platformName: WINDOWS, proxy: Proxy(), setWindowRect: true, strictFileInteractability: false, timeouts: {implicit: 0, pageLoad: 300000, script: 30000}, unhandledPromptBehavior: dismiss and notify, webauthn:extension:credBlob: true, webauthn:extension:largeBlob: true, webauthn:virtualAuthenticators: true}&#10;Session ID: e415993e1d4bce11bcbcdeb55eb42954"/>
    <system-out><![CDATA[15:18:27.399 [main] INFO  SeleniumTesting.AEMhdfc.ProductpageTest - Product page test cases executed
Before navigating to: 'https://www.hdfclife.com/'
Navigated to:'https://www.hdfclife.com/'
15:18:30.473 [main] INFO  SeleniumTesting.AEMhdfc.ProductpageTest - Customer Service Landing Page test cases started
Trying to find Element By : By.xpath: //a[contains(text(),'Customer Service')]
Found Element By : By.xpath: //a[contains(text(),'Customer Service')]
Trying to find Element By : By.xpath: //a[contains(text(),'Customer Service')]
Found Element By : By.xpath: //a[contains(text(),'Customer Service')]
Trying to click on: [[ChromeDriver: chrome on WINDOWS (e415993e1d4bce11bcbcdeb55eb42954)] -> xpath: //a[contains(text(),'Customer Service')]]
]]></system-out>
    <system-err><![CDATA[Starting ChromeDriver 96.0.4664.45 (76e4c1bb2ab4671b8beba3444e61c0f17584b2fc-refs/branch-heads/4664@{#947}) on port 15291
Only local connections are allowed.
Please see https://chromedriver.chromium.org/security-considerations for suggestions on keeping ChromeDriver safe.
ChromeDriver was started successfully.
Jan 06, 2022 3:18:28 PM org.openqa.selenium.remote.ProtocolHandshake createSession
INFO: Detected dialect: W3C
]]></system-err>
  </testcase>
  <testcase name="navigateToCustomerServiceLandingPage" classname="SeleniumTesting.AEMhdfc.CustomerservicelandingTest" time="0">
    <skipped message="element not interactable&#10;  (Session info: headless chrome=96.0.4664.110)&#10;Build info: version: &apos;3.141.59&apos;, revision: &apos;e82be7d358&apos;, time: &apos;2018-11-14T08:17:03&apos;&#10;System info: host: &apos;LIN24007907&apos;, ip: &apos;192.168.1.13&apos;, os.name: &apos;Windows 10&apos;, os.arch: &apos;amd64&apos;, os.version: &apos;10.0&apos;, java.version: &apos;17&apos;&#10;Driver info: org.openqa.selenium.chrome.ChromeDriver&#10;Capabilities {acceptInsecureCerts: false, browserName: chrome, browserVersion: 96.0.4664.110, chrome: {chromedriverVersion: 96.0.4664.45 (76e4c1bb2ab46..., userDataDir: C:\Users\Akundar\AppData\Lo...}, goog:chromeOptions: {debuggerAddress: localhost:54381}, javascriptEnabled: true, networkConnectionEnabled: false, pageLoadStrategy: normal, platform: WINDOWS, platformName: WINDOWS, proxy: Proxy(), setWindowRect: true, strictFileInteractability: false, timeouts: {implicit: 0, pageLoad: 300000, script: 30000}, unhandledPromptBehavior: dismiss and notify, webauthn:extension:credBlob: true, webauthn:extension:largeBlob: true, webauthn:virtualAuthenticators: true}&#10;Session ID: e415993e1d4bce11bcbcdeb55eb42954"/>
    <system-out><![CDATA[Trying to find Element By : By.xpath: //a[contains(text(),'Customer Service')]
Found Element By : By.xpath: //a[contains(text(),'Customer Service')]
Trying to find Element By : By.xpath: //a[contains(text(),'Customer Service')]
Found Element By : By.xpath: //a[contains(text(),'Customer Service')]
Trying to click on: [[ChromeDriver: chrome on WINDOWS (e415993e1d4bce11bcbcdeb55eb42954)] -> xpath: //a[contains(text(),'Customer Service')]]
]]></system-out>
  </testcase>
  <testcase name="navigateToCustomerServiceLandingPage" classname="SeleniumTesting.AEMhdfc.CustomerservicelandingTest" time="0">
    <skipped message="element not interactable&#10;  (Session info: headless chrome=96.0.4664.110)&#10;Build info: version: &apos;3.141.59&apos;, revision: &apos;e82be7d358&apos;, time: &apos;2018-11-14T08:17:03&apos;&#10;System info: host: &apos;LIN24007907&apos;, ip: &apos;192.168.1.13&apos;, os.name: &apos;Windows 10&apos;, os.arch: &apos;amd64&apos;, os.version: &apos;10.0&apos;, java.version: &apos;17&apos;&#10;Driver info: org.openqa.selenium.chrome.ChromeDriver&#10;Capabilities {acceptInsecureCerts: false, browserName: chrome, browserVersion: 96.0.4664.110, chrome: {chromedriverVersion: 96.0.4664.45 (76e4c1bb2ab46..., userDataDir: C:\Users\Akundar\AppData\Lo...}, goog:chromeOptions: {debuggerAddress: localhost:54381}, javascriptEnabled: true, networkConnectionEnabled: false, pageLoadStrategy: normal, platform: WINDOWS, platformName: WINDOWS, proxy: Proxy(), setWindowRect: true, strictFileInteractability: false, timeouts: {implicit: 0, pageLoad: 300000, script: 30000}, unhandledPromptBehavior: dismiss and notify, webauthn:extension:credBlob: true, webauthn:extension:largeBlob: true, webauthn:virtualAuthenticators: true}&#10;Session ID: e415993e1d4bce11bcbcdeb55eb42954"/>
    <system-out><![CDATA[Trying to find Element By : By.xpath: //a[contains(text(),'Customer Service')]
Found Element By : By.xpath: //a[contains(text(),'Customer Service')]
Trying to find Element By : By.xpath: //a[contains(text(),'Customer Service')]
Found Element By : By.xpath: //a[contains(text(),'Customer Service')]
Trying to click on: [[ChromeDriver: chrome on WINDOWS (e415993e1d4bce11bcbcdeb55eb42954)] -> xpath: //a[contains(text(),'Customer Service')]]
]]></system-out>
  </testcase>
  <testcase name="navigateToCustomerServiceLandingPage" classname="SeleniumTesting.AEMhdfc.CustomerservicelandingTest" time="30.073">
    <failure message="element not interactable&#10;  (Session info: headless chrome=96.0.4664.110)&#10;Build info: version: &apos;3.141.59&apos;, revision: &apos;e82be7d358&apos;, time: &apos;2018-11-14T08:17:03&apos;&#10;System info: host: &apos;LIN24007907&apos;, ip: &apos;192.168.1.13&apos;, os.name: &apos;Windows 10&apos;, os.arch: &apos;amd64&apos;, os.version: &apos;10.0&apos;, java.version: &apos;17&apos;&#10;Driver info: org.openqa.selenium.chrome.ChromeDriver&#10;Capabilities {acceptInsecureCerts: false, browserName: chrome, browserVersion: 96.0.4664.110, chrome: {chromedriverVersion: 96.0.4664.45 (76e4c1bb2ab46..., userDataDir: C:\Users\Akundar\AppData\Lo...}, goog:chromeOptions: {debuggerAddress: localhost:54381}, javascriptEnabled: true, networkConnectionEnabled: false, pageLoadStrategy: normal, platform: WINDOWS, platformName: WINDOWS, proxy: Proxy(), setWindowRect: true, strictFileInteractability: false, timeouts: {implicit: 0, pageLoad: 300000, script: 30000}, unhandledPromptBehavior: dismiss and notify, webauthn:extension:credBlob: true, webauthn:extension:largeBlob: true, webauthn:virtualAuthenticators: true}&#10;Session ID: e415993e1d4bce11bcbcdeb55eb42954" type="org.openqa.selenium.ElementNotInteractableException"><![CDATA[org.openqa.selenium.ElementNotInteractableException: 
element not interactable
  (Session info: headless chrome=96.0.4664.110)
Build info: version: '3.141.59', revision: 'e82be7d358', time: '2018-11-14T08:17:03'
System info: host: 'LIN24007907', ip: '192.168.1.13', os.name: 'Windows 10', os.arch: 'amd64', os.version: '10.0', java.version: '17'
Driver info: org.openqa.selenium.chrome.ChromeDriver
Capabilities {acceptInsecureCerts: false, browserName: chrome, browserVersion: 96.0.4664.110, chrome: {chromedriverVersion: 96.0.4664.45 (76e4c1bb2ab46..., userDataDir: C:\Users\Akundar\AppData\Lo...}, goog:chromeOptions: {debuggerAddress: localhost:54381}, javascriptEnabled: true, networkConnectionEnabled: false, pageLoadStrategy: normal, platform: WINDOWS, platformName: WINDOWS, proxy: Proxy(), setWindowRect: true, strictFileInteractability: false, timeouts: {implicit: 0, pageLoad: 300000, script: 30000}, unhandledPromptBehavior: dismiss and notify, webauthn:extension:credBlob: true, webauthn:extension:largeBlob: true, webauthn:virtualAuthenticators: true}
Session ID: e415993e1d4bce11bcbcdeb55eb42954
	at SeleniumTesting.AEMhdfc.CustomerservicelandingTest.navigateToCustomerServiceLandingPage(CustomerservicelandingTest.java:54)
]]></failure>
    <system-out><![CDATA[Trying to find Element By : By.xpath: //a[contains(text(),'Customer Service')]
Found Element By : By.xpath: //a[contains(text(),'Customer Service')]
Trying to find Element By : By.xpath: //a[contains(text(),'Customer Service')]
Found Element By : By.xpath: //a[contains(text(),'Customer Service')]
Trying to click on: [[ChromeDriver: chrome on WINDOWS (e415993e1d4bce11bcbcdeb55eb42954)] -> xpath: //a[contains(text(),'Customer Service')]]
]]></system-out>
  </testcase>
  <testcase name="verifyCustomerServiceLandingPopup" classname="SeleniumTesting.AEMhdfc.CustomerservicelandingTest" time="0">
    <skipped message="Method CustomerservicelandingTest.verifyCustomerServiceLandingPopup()[pri:2, instance:SeleniumTesting.AEMhdfc.CustomerservicelandingTest@3624da92] depends on not successfully finished methods"/>
  </testcase>
  <testcase name="verifyBannerCarousel" classname="SeleniumTesting.AEMhdfc.CustomerservicelandingTest" time="0">
    <skipped message="Method CustomerservicelandingTest.verifyBannerCarousel()[pri:3, instance:SeleniumTesting.AEMhdfc.CustomerservicelandingTest@3624da92] depends on not successfully finished methods"/>
  </testcase>
  <testcase name="verifyBreadcrumb" classname="SeleniumTesting.AEMhdfc.CustomerservicelandingTest" time="0">
    <skipped message="Method CustomerservicelandingTest.verifyBreadcrumb()[pri:4, instance:SeleniumTesting.AEMhdfc.CustomerservicelandingTest@3624da92] depends on not successfully finished methods"/>
  </testcase>
  <testcase name="verifyQuickLinksSection" classname="SeleniumTesting.AEMhdfc.CustomerservicelandingTest" time="0">
    <skipped message="Method CustomerservicelandingTest.verifyQuickLinksSection()[pri:5, instance:SeleniumTesting.AEMhdfc.CustomerservicelandingTest@3624da92] depends on not successfully finished methods"/>
  </testcase>
  <testcase name="verifyFAQSection" classname="SeleniumTesting.AEMhdfc.CustomerservicelandingTest" time="0">
    <skipped message="Method CustomerservicelandingTest.verifyFAQSection()[pri:6, instance:SeleniumTesting.AEMhdfc.CustomerservicelandingTest@3624da92] depends on not successfully finished methods"/>
  </testcase>
  <testcase name="verifyTiles" classname="SeleniumTesting.AEMhdfc.CustomerservicelandingTest" time="0">
    <skipped message="Method CustomerservicelandingTest.verifyTiles()[pri:7, instance:SeleniumTesting.AEMhdfc.CustomerservicelandingTest@3624da92] depends on not successfully finished methods"/>
  </testcase>
  <testcase name="verifyAadharSection" classname="SeleniumTesting.AEMhdfc.CustomerservicelandingTest" time="0">
    <skipped message="Method CustomerservicelandingTest.verifyAadharSection()[pri:8, instance:SeleniumTesting.AEMhdfc.CustomerservicelandingTest@3624da92] depends on not successfully finished methods"/>
  </testcase>
  <testcase name="verifyContactUsSection" classname="SeleniumTesting.AEMhdfc.CustomerservicelandingTest" time="0">
    <skipped message="Method CustomerservicelandingTest.verifyContactUsSection()[pri:9, instance:SeleniumTesting.AEMhdfc.CustomerservicelandingTest@3624da92] depends on not successfully finished methods"/>
  </testcase>
</testsuite>