<?xml version="1.0" encoding="UTF-8"?>
<testsuite xmlns:xsi="http://www.w3.org/2001/XMLSchema-instance" xsi:noNamespaceSchemaLocation="https://maven.apache.org/surefire/maven-surefire-plugin/xsd/surefire-test-report-3.0.xsd" version="3.0" name="TestSuite" time="1,763.609" tests="69" errors="0" skipped="0" failures="0">
  <properties>
    <property name="java.specification.version" value="17"/>
    <property name="sun.cpu.isalist" value="amd64"/>
    <property name="sun.jnu.encoding" value="Cp1252"/>
    <property name="java.class.path" value="C:\Users\Akundar\eclipse-workspace\AEMhdfc\target\test-classes;C:\Users\Akundar\eclipse-workspace\AEMhdfc\target\classes;C:\Users\Akundar\.m2\repository\junit\junit\4.11\junit-4.11.jar;C:\Users\Akundar\.m2\repository\org\hamcrest\hamcrest-core\1.3\hamcrest-core-1.3.jar;C:\Users\Akundar\.m2\repository\org\seleniumhq\selenium\selenium-java\3.141.59\selenium-java-3.141.59.jar;C:\Users\Akundar\.m2\repository\org\seleniumhq\selenium\selenium-api\3.141.59\selenium-api-3.141.59.jar;C:\Users\Akundar\.m2\repository\org\seleniumhq\selenium\selenium-chrome-driver\3.141.59\selenium-chrome-driver-3.141.59.jar;C:\Users\Akundar\.m2\repository\org\seleniumhq\selenium\selenium-edge-driver\3.141.59\selenium-edge-driver-3.141.59.jar;C:\Users\Akundar\.m2\repository\org\seleniumhq\selenium\selenium-firefox-driver\3.141.59\selenium-firefox-driver-3.141.59.jar;C:\Users\Akundar\.m2\repository\org\seleniumhq\selenium\selenium-ie-driver\3.141.59\selenium-ie-driver-3.141.59.jar;C:\Users\Akundar\.m2\repository\org\seleniumhq\selenium\selenium-opera-driver\3.141.59\selenium-opera-driver-3.141.59.jar;C:\Users\Akundar\.m2\repository\org\seleniumhq\selenium\selenium-remote-driver\3.141.59\selenium-remote-driver-3.141.59.jar;C:\Users\Akundar\.m2\repository\org\seleniumhq\selenium\selenium-safari-driver\3.141.59\selenium-safari-driver-3.141.59.jar;C:\Users\Akundar\.m2\repository\org\seleniumhq\selenium\selenium-support\3.141.59\selenium-support-3.141.59.jar;C:\Users\Akundar\.m2\repository\net\bytebuddy\byte-buddy\1.8.15\byte-buddy-1.8.15.jar;C:\Users\Akundar\.m2\repository\org\apache\commons\commons-exec\1.3\commons-exec-1.3.jar;C:\Users\Akundar\.m2\repository\com\google\guava\guava\25.0-jre\guava-25.0-jre.jar;C:\Users\Akundar\.m2\repository\com\google\code\findbugs\jsr305\1.3.9\jsr305-1.3.9.jar;C:\Users\Akundar\.m2\repository\org\checkerframework\checker-compat-qual\2.0.0\checker-compat-qual-2.0.0.jar;C:\Users\Akundar\.m2\repository\com\google\errorprone\error_prone_annotations\2.1.3\error_prone_annotations-2.1.3.jar;C:\Users\Akundar\.m2\repository\com\google\j2objc\j2objc-annotations\1.1\j2objc-annotations-1.1.jar;C:\Users\Akundar\.m2\repository\org\codehaus\mojo\animal-sniffer-annotations\1.14\animal-sniffer-annotations-1.14.jar;C:\Users\Akundar\.m2\repository\com\squareup\okhttp3\okhttp\3.11.0\okhttp-3.11.0.jar;C:\Users\Akundar\.m2\repository\com\squareup\okio\okio\1.14.0\okio-1.14.0.jar;C:\Users\Akundar\.m2\repository\org\testng\testng\7.4.0\testng-7.4.0.jar;C:\Users\Akundar\.m2\repository\com\beust\jcommander\1.78\jcommander-1.78.jar;C:\Users\Akundar\.m2\repository\org\webjars\jquery\3.5.1\jquery-3.5.1.jar;C:\Users\Akundar\.m2\repository\org\apache\logging\log4j\log4j-core\2.17.0\log4j-core-2.17.0.jar;C:\Users\Akundar\.m2\repository\org\apache\logging\log4j\log4j-api\2.17.0\log4j-api-2.17.0.jar;C:\Users\Akundar\.m2\repository\com\aventstack\extentreports\5.0.9\extentreports-5.0.9.jar;C:\Users\Akundar\.m2\repository\io\reactivex\rxjava3\rxjava\3.0.4\rxjava-3.0.4.jar;C:\Users\Akundar\.m2\repository\org\reactivestreams\reactive-streams\1.0.3\reactive-streams-1.0.3.jar;C:\Users\Akundar\.m2\repository\org\freemarker\freemarker\2.3.30\freemarker-2.3.30.jar;C:\Users\Akundar\.m2\repository\com\google\code\gson\gson\2.8.6\gson-2.8.6.jar;C:\Users\Akundar\.m2\repository\commons-io\commons-io\2.11.0\commons-io-2.11.0.jar;C:\Users\Akundar\.m2\repository\org\apache\poi\poi\5.0.0\poi-5.0.0.jar;C:\Users\Akundar\.m2\repository\org\slf4j\slf4j-api\1.7.30\slf4j-api-1.7.30.jar;C:\Users\Akundar\.m2\repository\org\slf4j\jcl-over-slf4j\1.7.30\jcl-over-slf4j-1.7.30.jar;C:\Users\Akundar\.m2\repository\commons-codec\commons-codec\1.15\commons-codec-1.15.jar;C:\Users\Akundar\.m2\repository\org\apache\commons\commons-collections4\4.4\commons-collections4-4.4.jar;C:\Users\Akundar\.m2\repository\org\apache\commons\commons-math3\3.6.1\commons-math3-3.6.1.jar;C:\Users\Akundar\.m2\repository\com\zaxxer\SparseBitSet\1.2\SparseBitSet-1.2.jar;C:\Users\Akundar\.m2\repository\org\apache\poi\poi-ooxml\5.0.0\poi-ooxml-5.0.0.jar;C:\Users\Akundar\.m2\repository\org\apache\poi\poi-ooxml-lite\5.0.0\poi-ooxml-lite-5.0.0.jar;C:\Users\Akundar\.m2\repository\org\apache\commons\commons-compress\1.20\commons-compress-1.20.jar;C:\Users\Akundar\.m2\repository\com\github\virtuald\curvesapi\1.06\curvesapi-1.06.jar;C:\Users\Akundar\.m2\repository\org\bouncycastle\bcpkix-jdk15on\1.68\bcpkix-jdk15on-1.68.jar;C:\Users\Akundar\.m2\repository\org\bouncycastle\bcprov-jdk15on\1.68\bcprov-jdk15on-1.68.jar;C:\Users\Akundar\.m2\repository\org\apache\santuario\xmlsec\2.2.1\xmlsec-2.2.1.jar;C:\Users\Akundar\.m2\repository\com\fasterxml\woodstox\woodstox-core\5.2.1\woodstox-core-5.2.1.jar;C:\Users\Akundar\.m2\repository\org\codehaus\woodstox\stax2-api\4.2\stax2-api-4.2.jar;C:\Users\Akundar\.m2\repository\jakarta\xml\bind\jakarta.xml.bind-api\2.3.2\jakarta.xml.bind-api-2.3.2.jar;C:\Users\Akundar\.m2\repository\jakarta\activation\jakarta.activation-api\1.2.1\jakarta.activation-api-1.2.1.jar;C:\Users\Akundar\.m2\repository\org\apache\xmlgraphics\batik-all\1.13\batik-all-1.13.jar;C:\Users\Akundar\.m2\repository\org\apache\xmlgraphics\batik-anim\1.13\batik-anim-1.13.jar;C:\Users\Akundar\.m2\repository\org\apache\xmlgraphics\batik-shared-resources\1.13\batik-shared-resources-1.13.jar;C:\Users\Akundar\.m2\repository\xml-apis\xml-apis-ext\1.3.04\xml-apis-ext-1.3.04.jar;C:\Users\Akundar\.m2\repository\org\apache\xmlgraphics\batik-awt-util\1.13\batik-awt-util-1.13.jar;C:\Users\Akundar\.m2\repository\org\apache\xmlgraphics\xmlgraphics-commons\2.4\xmlgraphics-commons-2.4.jar;C:\Users\Akundar\.m2\repository\org\apache\xmlgraphics\batik-bridge\1.13\batik-bridge-1.13.jar;C:\Users\Akundar\.m2\repository\org\apache\xmlgraphics\batik-codec\1.13\batik-codec-1.13.jar;C:\Users\Akundar\.m2\repository\org\apache\xmlgraphics\batik-constants\1.13\batik-constants-1.13.jar;C:\Users\Akundar\.m2\repository\org\apache\xmlgraphics\batik-css\1.13\batik-css-1.13.jar;C:\Users\Akundar\.m2\repository\org\apache\xmlgraphics\batik-dom\1.13\batik-dom-1.13.jar;C:\Users\Akundar\.m2\repository\xalan\xalan\2.7.2\xalan-2.7.2.jar;C:\Users\Akundar\.m2\repository\xalan\serializer\2.7.2\serializer-2.7.2.jar;C:\Users\Akundar\.m2\repository\xml-apis\xml-apis\1.4.01\xml-apis-1.4.01.jar;C:\Users\Akundar\.m2\repository\org\apache\xmlgraphics\batik-ext\1.13\batik-ext-1.13.jar;C:\Users\Akundar\.m2\repository\org\apache\xmlgraphics\batik-extension\1.13\batik-extension-1.13.jar;C:\Users\Akundar\.m2\repository\org\apache\xmlgraphics\batik-gui-util\1.13\batik-gui-util-1.13.jar;C:\Users\Akundar\.m2\repository\org\apache\xmlgraphics\batik-gvt\1.13\batik-gvt-1.13.jar;C:\Users\Akundar\.m2\repository\org\apache\xmlgraphics\batik-i18n\1.13\batik-i18n-1.13.jar;C:\Users\Akundar\.m2\repository\org\apache\xmlgraphics\batik-parser\1.13\batik-parser-1.13.jar;C:\Users\Akundar\.m2\repository\org\apache\xmlgraphics\batik-rasterizer-ext\1.13\batik-rasterizer-ext-1.13.jar;C:\Users\Akundar\.m2\repository\org\apache\xmlgraphics\batik-rasterizer\1.13\batik-rasterizer-1.13.jar;C:\Users\Akundar\.m2\repository\org\apache\xmlgraphics\batik-script\1.13\batik-script-1.13.jar;C:\Users\Akundar\.m2\repository\org\apache\xmlgraphics\batik-slideshow\1.13\batik-slideshow-1.13.jar;C:\Users\Akundar\.m2\repository\org\apache\xmlgraphics\batik-squiggle-ext\1.13\batik-squiggle-ext-1.13.jar;C:\Users\Akundar\.m2\repository\org\apache\xmlgraphics\batik-squiggle\1.13\batik-squiggle-1.13.jar;C:\Users\Akundar\.m2\repository\org\apache\xmlgraphics\batik-svg-dom\1.13\batik-svg-dom-1.13.jar;C:\Users\Akundar\.m2\repository\org\apache\xmlgraphics\batik-svgbrowser\1.13\batik-svgbrowser-1.13.jar;C:\Users\Akundar\.m2\repository\org\apache\xmlgraphics\batik-svggen\1.13\batik-svggen-1.13.jar;C:\Users\Akundar\.m2\repository\org\apache\xmlgraphics\batik-svgpp\1.13\batik-svgpp-1.13.jar;C:\Users\Akundar\.m2\repository\org\apache\xmlgraphics\batik-svgrasterizer\1.13\batik-svgrasterizer-1.13.jar;C:\Users\Akundar\.m2\repository\org\apache\xmlgraphics\batik-swing\1.13\batik-swing-1.13.jar;C:\Users\Akundar\.m2\repository\org\apache\xmlgraphics\batik-transcoder\1.13\batik-transcoder-1.13.jar;C:\Users\Akundar\.m2\repository\org\apache\xmlgraphics\batik-util\1.13\batik-util-1.13.jar;C:\Users\Akundar\.m2\repository\org\apache\xmlgraphics\batik-ttf2svg\1.13\batik-ttf2svg-1.13.jar;C:\Users\Akundar\.m2\repository\org\apache\xmlgraphics\batik-xml\1.13\batik-xml-1.13.jar;C:\Users\Akundar\.m2\repository\de\rototor\pdfbox\graphics2d\0.30\graphics2d-0.30.jar;C:\Users\Akundar\.m2\repository\org\apache\pdfbox\pdfbox\2.0.22\pdfbox-2.0.22.jar;C:\Users\Akundar\.m2\repository\org\apache\pdfbox\fontbox\2.0.22\fontbox-2.0.22.jar;C:\Users\Akundar\.m2\repository\org\apache\poi\poi-ooxml-schemas\4.1.2\poi-ooxml-schemas-4.1.2.jar;C:\Users\Akundar\.m2\repository\org\apache\poi\poi-scratchpad\5.0.0\poi-scratchpad-5.0.0.jar;C:\Users\Akundar\.m2\repository\org\apache\poi\poi-excelant\5.0.0\poi-excelant-5.0.0.jar;C:\Users\Akundar\.m2\repository\org\apache\ant\ant\1.10.9\ant-1.10.9.jar;C:\Users\Akundar\.m2\repository\org\apache\ant\ant-launcher\1.10.9\ant-launcher-1.10.9.jar;C:\Users\Akundar\.m2\repository\org\apache\poi\ooxml-schemas\1.4\ooxml-schemas-1.4.jar;C:\Users\Akundar\.m2\repository\org\apache\xmlbeans\xmlbeans\5.0.1\xmlbeans-5.0.1.jar;C:\Users\Akundar\.m2\repository\org\projectlombok\lombok\1.18.20\lombok-1.18.20.jar;C:\Users\Akundar\.m2\repository\com\microsoft\edge\msedge-selenium-tools-java\3.141.0\msedge-selenium-tools-java-3.141.0.jar;C:\Users\Akundar\.m2\repository\io\netty\netty-all\4.1.70.Final\netty-all-4.1.70.Final.jar;C:\Users\Akundar\.m2\repository\io\netty\netty-buffer\4.1.70.Final\netty-buffer-4.1.70.Final.jar;C:\Users\Akundar\.m2\repository\io\netty\netty-codec\4.1.70.Final\netty-codec-4.1.70.Final.jar;C:\Users\Akundar\.m2\repository\io\netty\netty-codec-dns\4.1.70.Final\netty-codec-dns-4.1.70.Final.jar;C:\Users\Akundar\.m2\repository\io\netty\netty-codec-haproxy\4.1.70.Final\netty-codec-haproxy-4.1.70.Final.jar;C:\Users\Akundar\.m2\repository\io\netty\netty-codec-http\4.1.70.Final\netty-codec-http-4.1.70.Final.jar;C:\Users\Akundar\.m2\repository\io\netty\netty-codec-http2\4.1.70.Final\netty-codec-http2-4.1.70.Final.jar;C:\Users\Akundar\.m2\repository\io\netty\netty-codec-memcache\4.1.70.Final\netty-codec-memcache-4.1.70.Final.jar;C:\Users\Akundar\.m2\repository\io\netty\netty-codec-mqtt\4.1.70.Final\netty-codec-mqtt-4.1.70.Final.jar;C:\Users\Akundar\.m2\repository\io\netty\netty-codec-redis\4.1.70.Final\netty-codec-redis-4.1.70.Final.jar;C:\Users\Akundar\.m2\repository\io\netty\netty-codec-smtp\4.1.70.Final\netty-codec-smtp-4.1.70.Final.jar;C:\Users\Akundar\.m2\repository\io\netty\netty-codec-socks\4.1.70.Final\netty-codec-socks-4.1.70.Final.jar;C:\Users\Akundar\.m2\repository\io\netty\netty-codec-stomp\4.1.70.Final\netty-codec-stomp-4.1.70.Final.jar;C:\Users\Akundar\.m2\repository\io\netty\netty-codec-xml\4.1.70.Final\netty-codec-xml-4.1.70.Final.jar;C:\Users\Akundar\.m2\repository\io\netty\netty-common\4.1.70.Final\netty-common-4.1.70.Final.jar;C:\Users\Akundar\.m2\repository\io\netty\netty-handler\4.1.70.Final\netty-handler-4.1.70.Final.jar;C:\Users\Akundar\.m2\repository\io\netty\netty-handler-proxy\4.1.70.Final\netty-handler-proxy-4.1.70.Final.jar;C:\Users\Akundar\.m2\repository\io\netty\netty-resolver\4.1.70.Final\netty-resolver-4.1.70.Final.jar;C:\Users\Akundar\.m2\repository\io\netty\netty-resolver-dns\4.1.70.Final\netty-resolver-dns-4.1.70.Final.jar;C:\Users\Akundar\.m2\repository\io\netty\netty-transport\4.1.70.Final\netty-transport-4.1.70.Final.jar;C:\Users\Akundar\.m2\repository\io\netty\netty-transport-rxtx\4.1.70.Final\netty-transport-rxtx-4.1.70.Final.jar;C:\Users\Akundar\.m2\repository\io\netty\netty-transport-sctp\4.1.70.Final\netty-transport-sctp-4.1.70.Final.jar;C:\Users\Akundar\.m2\repository\io\netty\netty-transport-udt\4.1.70.Final\netty-transport-udt-4.1.70.Final.jar;C:\Users\Akundar\.m2\repository\io\netty\netty-transport-classes-epoll\4.1.70.Final\netty-transport-classes-epoll-4.1.70.Final.jar;C:\Users\Akundar\.m2\repository\io\netty\netty-transport-native-unix-common\4.1.70.Final\netty-transport-native-unix-common-4.1.70.Final.jar;C:\Users\Akundar\.m2\repository\io\netty\netty-transport-classes-kqueue\4.1.70.Final\netty-transport-classes-kqueue-4.1.70.Final.jar;C:\Users\Akundar\.m2\repository\io\netty\netty-resolver-dns-classes-macos\4.1.70.Final\netty-resolver-dns-classes-macos-4.1.70.Final.jar;C:\Users\Akundar\.m2\repository\io\netty\netty-transport-native-epoll\4.1.70.Final\netty-transport-native-epoll-4.1.70.Final-linux-x86_64.jar;C:\Users\Akundar\.m2\repository\io\netty\netty-transport-native-epoll\4.1.70.Final\netty-transport-native-epoll-4.1.70.Final-linux-aarch_64.jar;C:\Users\Akundar\.m2\repository\io\netty\netty-transport-native-kqueue\4.1.70.Final\netty-transport-native-kqueue-4.1.70.Final-osx-x86_64.jar;C:\Users\Akundar\.m2\repository\io\netty\netty-transport-native-kqueue\4.1.70.Final\netty-transport-native-kqueue-4.1.70.Final-osx-aarch_64.jar;C:\Users\Akundar\.m2\repository\io\netty\netty-resolver-dns-native-macos\4.1.70.Final\netty-resolver-dns-native-macos-4.1.70.Final-osx-x86_64.jar;C:\Users\Akundar\.m2\repository\io\netty\netty-resolver-dns-native-macos\4.1.70.Final\netty-resolver-dns-native-macos-4.1.70.Final-osx-aarch_64.jar;C:\Users\Akundar\.m2\repository\io\github\bonigarcia\webdrivermanager\5.0.3\webdrivermanager-5.0.3.jar;C:\Users\Akundar\.m2\repository\org\jsoup\jsoup\1.14.2\jsoup-1.14.2.jar;C:\Users\Akundar\.m2\repository\com\github\docker-java\docker-java\3.2.12\docker-java-3.2.12.jar;C:\Users\Akundar\.m2\repository\com\github\docker-java\docker-java-core\3.2.12\docker-java-core-3.2.12.jar;C:\Users\Akundar\.m2\repository\com\github\docker-java\docker-java-api\3.2.12\docker-java-api-3.2.12.jar;C:\Users\Akundar\.m2\repository\com\fasterxml\jackson\core\jackson-annotations\2.10.3\jackson-annotations-2.10.3.jar;C:\Users\Akundar\.m2\repository\commons-lang\commons-lang\2.6\commons-lang-2.6.jar;C:\Users\Akundar\.m2\repository\com\fasterxml\jackson\core\jackson-databind\2.10.3\jackson-databind-2.10.3.jar;C:\Users\Akundar\.m2\repository\com\fasterxml\jackson\core\jackson-core\2.10.3\jackson-core-2.10.3.jar;C:\Users\Akundar\.m2\repository\com\github\docker-java\docker-java-transport-httpclient5\3.2.12\docker-java-transport-httpclient5-3.2.12.jar;C:\Users\Akundar\.m2\repository\com\github\docker-java\docker-java-transport\3.2.12\docker-java-transport-3.2.12.jar;C:\Users\Akundar\.m2\repository\org\apache\httpcomponents\client5\httpclient5\5.0.3\httpclient5-5.0.3.jar;C:\Users\Akundar\.m2\repository\org\apache\httpcomponents\core5\httpcore5\5.0.2\httpcore5-5.0.2.jar;C:\Users\Akundar\.m2\repository\net\java\dev\jna\jna\5.8.0\jna-5.8.0.jar;C:\Users\Akundar\.m2\repository\org\brotli\dec\0.1.2\dec-0.1.2.jar;"/>
    <property name="java.vm.vendor" value="Oracle Corporation"/>
    <property name="sun.arch.data.model" value="64"/>
    <property name="user.variant" value=""/>
    <property name="java.vendor.url" value="https://java.oracle.com/"/>
    <property name="user.timezone" value="Asia/Calcutta"/>
    <property name="os.name" value="Windows 10"/>
    <property name="java.vm.specification.version" value="17"/>
    <property name="sun.java.launcher" value="SUN_STANDARD"/>
    <property name="user.country" value="IN"/>
    <property name="sun.boot.library.path" value="C:\Users\Akundar\Installers\openjdk-17_windows-x64_bin (1)\jdk-17\bin"/>
    <property name="sun.java.command" value="C:\Users\Akundar\AppData\Local\Temp\surefire4336048632876717932\surefirebooter492415342283491142.jar C:\Users\Akundar\AppData\Local\Temp\surefire4336048632876717932 2021-12-20T19-33-48_641-jvmRun1 surefire1162509591814039977tmp surefire_018403312663367372041tmp"/>
    <property name="jdk.debug" value="release"/>
    <property name="surefire.test.class.path" value="C:\Users\Akundar\eclipse-workspace\AEMhdfc\target\test-classes;C:\Users\Akundar\eclipse-workspace\AEMhdfc\target\classes;C:\Users\Akundar\.m2\repository\junit\junit\4.11\junit-4.11.jar;C:\Users\Akundar\.m2\repository\org\hamcrest\hamcrest-core\1.3\hamcrest-core-1.3.jar;C:\Users\Akundar\.m2\repository\org\seleniumhq\selenium\selenium-java\3.141.59\selenium-java-3.141.59.jar;C:\Users\Akundar\.m2\repository\org\seleniumhq\selenium\selenium-api\3.141.59\selenium-api-3.141.59.jar;C:\Users\Akundar\.m2\repository\org\seleniumhq\selenium\selenium-chrome-driver\3.141.59\selenium-chrome-driver-3.141.59.jar;C:\Users\Akundar\.m2\repository\org\seleniumhq\selenium\selenium-edge-driver\3.141.59\selenium-edge-driver-3.141.59.jar;C:\Users\Akundar\.m2\repository\org\seleniumhq\selenium\selenium-firefox-driver\3.141.59\selenium-firefox-driver-3.141.59.jar;C:\Users\Akundar\.m2\repository\org\seleniumhq\selenium\selenium-ie-driver\3.141.59\selenium-ie-driver-3.141.59.jar;C:\Users\Akundar\.m2\repository\org\seleniumhq\selenium\selenium-opera-driver\3.141.59\selenium-opera-driver-3.141.59.jar;C:\Users\Akundar\.m2\repository\org\seleniumhq\selenium\selenium-remote-driver\3.141.59\selenium-remote-driver-3.141.59.jar;C:\Users\Akundar\.m2\repository\org\seleniumhq\selenium\selenium-safari-driver\3.141.59\selenium-safari-driver-3.141.59.jar;C:\Users\Akundar\.m2\repository\org\seleniumhq\selenium\selenium-support\3.141.59\selenium-support-3.141.59.jar;C:\Users\Akundar\.m2\repository\net\bytebuddy\byte-buddy\1.8.15\byte-buddy-1.8.15.jar;C:\Users\Akundar\.m2\repository\org\apache\commons\commons-exec\1.3\commons-exec-1.3.jar;C:\Users\Akundar\.m2\repository\com\google\guava\guava\25.0-jre\guava-25.0-jre.jar;C:\Users\Akundar\.m2\repository\com\google\code\findbugs\jsr305\1.3.9\jsr305-1.3.9.jar;C:\Users\Akundar\.m2\repository\org\checkerframework\checker-compat-qual\2.0.0\checker-compat-qual-2.0.0.jar;C:\Users\Akundar\.m2\repository\com\google\errorprone\error_prone_annotations\2.1.3\error_prone_annotations-2.1.3.jar;C:\Users\Akundar\.m2\repository\com\google\j2objc\j2objc-annotations\1.1\j2objc-annotations-1.1.jar;C:\Users\Akundar\.m2\repository\org\codehaus\mojo\animal-sniffer-annotations\1.14\animal-sniffer-annotations-1.14.jar;C:\Users\Akundar\.m2\repository\com\squareup\okhttp3\okhttp\3.11.0\okhttp-3.11.0.jar;C:\Users\Akundar\.m2\repository\com\squareup\okio\okio\1.14.0\okio-1.14.0.jar;C:\Users\Akundar\.m2\repository\org\testng\testng\7.4.0\testng-7.4.0.jar;C:\Users\Akundar\.m2\repository\com\beust\jcommander\1.78\jcommander-1.78.jar;C:\Users\Akundar\.m2\repository\org\webjars\jquery\3.5.1\jquery-3.5.1.jar;C:\Users\Akundar\.m2\repository\org\apache\logging\log4j\log4j-core\2.17.0\log4j-core-2.17.0.jar;C:\Users\Akundar\.m2\repository\org\apache\logging\log4j\log4j-api\2.17.0\log4j-api-2.17.0.jar;C:\Users\Akundar\.m2\repository\com\aventstack\extentreports\5.0.9\extentreports-5.0.9.jar;C:\Users\Akundar\.m2\repository\io\reactivex\rxjava3\rxjava\3.0.4\rxjava-3.0.4.jar;C:\Users\Akundar\.m2\repository\org\reactivestreams\reactive-streams\1.0.3\reactive-streams-1.0.3.jar;C:\Users\Akundar\.m2\repository\org\freemarker\freemarker\2.3.30\freemarker-2.3.30.jar;C:\Users\Akundar\.m2\repository\com\google\code\gson\gson\2.8.6\gson-2.8.6.jar;C:\Users\Akundar\.m2\repository\commons-io\commons-io\2.11.0\commons-io-2.11.0.jar;C:\Users\Akundar\.m2\repository\org\apache\poi\poi\5.0.0\poi-5.0.0.jar;C:\Users\Akundar\.m2\repository\org\slf4j\slf4j-api\1.7.30\slf4j-api-1.7.30.jar;C:\Users\Akundar\.m2\repository\org\slf4j\jcl-over-slf4j\1.7.30\jcl-over-slf4j-1.7.30.jar;C:\Users\Akundar\.m2\repository\commons-codec\commons-codec\1.15\commons-codec-1.15.jar;C:\Users\Akundar\.m2\repository\org\apache\commons\commons-collections4\4.4\commons-collections4-4.4.jar;C:\Users\Akundar\.m2\repository\org\apache\commons\commons-math3\3.6.1\commons-math3-3.6.1.jar;C:\Users\Akundar\.m2\repository\com\zaxxer\SparseBitSet\1.2\SparseBitSet-1.2.jar;C:\Users\Akundar\.m2\repository\org\apache\poi\poi-ooxml\5.0.0\poi-ooxml-5.0.0.jar;C:\Users\Akundar\.m2\repository\org\apache\poi\poi-ooxml-lite\5.0.0\poi-ooxml-lite-5.0.0.jar;C:\Users\Akundar\.m2\repository\org\apache\commons\commons-compress\1.20\commons-compress-1.20.jar;C:\Users\Akundar\.m2\repository\com\github\virtuald\curvesapi\1.06\curvesapi-1.06.jar;C:\Users\Akundar\.m2\repository\org\bouncycastle\bcpkix-jdk15on\1.68\bcpkix-jdk15on-1.68.jar;C:\Users\Akundar\.m2\repository\org\bouncycastle\bcprov-jdk15on\1.68\bcprov-jdk15on-1.68.jar;C:\Users\Akundar\.m2\repository\org\apache\santuario\xmlsec\2.2.1\xmlsec-2.2.1.jar;C:\Users\Akundar\.m2\repository\com\fasterxml\woodstox\woodstox-core\5.2.1\woodstox-core-5.2.1.jar;C:\Users\Akundar\.m2\repository\org\codehaus\woodstox\stax2-api\4.2\stax2-api-4.2.jar;C:\Users\Akundar\.m2\repository\jakarta\xml\bind\jakarta.xml.bind-api\2.3.2\jakarta.xml.bind-api-2.3.2.jar;C:\Users\Akundar\.m2\repository\jakarta\activation\jakarta.activation-api\1.2.1\jakarta.activation-api-1.2.1.jar;C:\Users\Akundar\.m2\repository\org\apache\xmlgraphics\batik-all\1.13\batik-all-1.13.jar;C:\Users\Akundar\.m2\repository\org\apache\xmlgraphics\batik-anim\1.13\batik-anim-1.13.jar;C:\Users\Akundar\.m2\repository\org\apache\xmlgraphics\batik-shared-resources\1.13\batik-shared-resources-1.13.jar;C:\Users\Akundar\.m2\repository\xml-apis\xml-apis-ext\1.3.04\xml-apis-ext-1.3.04.jar;C:\Users\Akundar\.m2\repository\org\apache\xmlgraphics\batik-awt-util\1.13\batik-awt-util-1.13.jar;C:\Users\Akundar\.m2\repository\org\apache\xmlgraphics\xmlgraphics-commons\2.4\xmlgraphics-commons-2.4.jar;C:\Users\Akundar\.m2\repository\org\apache\xmlgraphics\batik-bridge\1.13\batik-bridge-1.13.jar;C:\Users\Akundar\.m2\repository\org\apache\xmlgraphics\batik-codec\1.13\batik-codec-1.13.jar;C:\Users\Akundar\.m2\repository\org\apache\xmlgraphics\batik-constants\1.13\batik-constants-1.13.jar;C:\Users\Akundar\.m2\repository\org\apache\xmlgraphics\batik-css\1.13\batik-css-1.13.jar;C:\Users\Akundar\.m2\repository\org\apache\xmlgraphics\batik-dom\1.13\batik-dom-1.13.jar;C:\Users\Akundar\.m2\repository\xalan\xalan\2.7.2\xalan-2.7.2.jar;C:\Users\Akundar\.m2\repository\xalan\serializer\2.7.2\serializer-2.7.2.jar;C:\Users\Akundar\.m2\repository\xml-apis\xml-apis\1.4.01\xml-apis-1.4.01.jar;C:\Users\Akundar\.m2\repository\org\apache\xmlgraphics\batik-ext\1.13\batik-ext-1.13.jar;C:\Users\Akundar\.m2\repository\org\apache\xmlgraphics\batik-extension\1.13\batik-extension-1.13.jar;C:\Users\Akundar\.m2\repository\org\apache\xmlgraphics\batik-gui-util\1.13\batik-gui-util-1.13.jar;C:\Users\Akundar\.m2\repository\org\apache\xmlgraphics\batik-gvt\1.13\batik-gvt-1.13.jar;C:\Users\Akundar\.m2\repository\org\apache\xmlgraphics\batik-i18n\1.13\batik-i18n-1.13.jar;C:\Users\Akundar\.m2\repository\org\apache\xmlgraphics\batik-parser\1.13\batik-parser-1.13.jar;C:\Users\Akundar\.m2\repository\org\apache\xmlgraphics\batik-rasterizer-ext\1.13\batik-rasterizer-ext-1.13.jar;C:\Users\Akundar\.m2\repository\org\apache\xmlgraphics\batik-rasterizer\1.13\batik-rasterizer-1.13.jar;C:\Users\Akundar\.m2\repository\org\apache\xmlgraphics\batik-script\1.13\batik-script-1.13.jar;C:\Users\Akundar\.m2\repository\org\apache\xmlgraphics\batik-slideshow\1.13\batik-slideshow-1.13.jar;C:\Users\Akundar\.m2\repository\org\apache\xmlgraphics\batik-squiggle-ext\1.13\batik-squiggle-ext-1.13.jar;C:\Users\Akundar\.m2\repository\org\apache\xmlgraphics\batik-squiggle\1.13\batik-squiggle-1.13.jar;C:\Users\Akundar\.m2\repository\org\apache\xmlgraphics\batik-svg-dom\1.13\batik-svg-dom-1.13.jar;C:\Users\Akundar\.m2\repository\org\apache\xmlgraphics\batik-svgbrowser\1.13\batik-svgbrowser-1.13.jar;C:\Users\Akundar\.m2\repository\org\apache\xmlgraphics\batik-svggen\1.13\batik-svggen-1.13.jar;C:\Users\Akundar\.m2\repository\org\apache\xmlgraphics\batik-svgpp\1.13\batik-svgpp-1.13.jar;C:\Users\Akundar\.m2\repository\org\apache\xmlgraphics\batik-svgrasterizer\1.13\batik-svgrasterizer-1.13.jar;C:\Users\Akundar\.m2\repository\org\apache\xmlgraphics\batik-swing\1.13\batik-swing-1.13.jar;C:\Users\Akundar\.m2\repository\org\apache\xmlgraphics\batik-transcoder\1.13\batik-transcoder-1.13.jar;C:\Users\Akundar\.m2\repository\org\apache\xmlgraphics\batik-util\1.13\batik-util-1.13.jar;C:\Users\Akundar\.m2\repository\org\apache\xmlgraphics\batik-ttf2svg\1.13\batik-ttf2svg-1.13.jar;C:\Users\Akundar\.m2\repository\org\apache\xmlgraphics\batik-xml\1.13\batik-xml-1.13.jar;C:\Users\Akundar\.m2\repository\de\rototor\pdfbox\graphics2d\0.30\graphics2d-0.30.jar;C:\Users\Akundar\.m2\repository\org\apache\pdfbox\pdfbox\2.0.22\pdfbox-2.0.22.jar;C:\Users\Akundar\.m2\repository\org\apache\pdfbox\fontbox\2.0.22\fontbox-2.0.22.jar;C:\Users\Akundar\.m2\repository\org\apache\poi\poi-ooxml-schemas\4.1.2\poi-ooxml-schemas-4.1.2.jar;C:\Users\Akundar\.m2\repository\org\apache\poi\poi-scratchpad\5.0.0\poi-scratchpad-5.0.0.jar;C:\Users\Akundar\.m2\repository\org\apache\poi\poi-excelant\5.0.0\poi-excelant-5.0.0.jar;C:\Users\Akundar\.m2\repository\org\apache\ant\ant\1.10.9\ant-1.10.9.jar;C:\Users\Akundar\.m2\repository\org\apache\ant\ant-launcher\1.10.9\ant-launcher-1.10.9.jar;C:\Users\Akundar\.m2\repository\org\apache\poi\ooxml-schemas\1.4\ooxml-schemas-1.4.jar;C:\Users\Akundar\.m2\repository\org\apache\xmlbeans\xmlbeans\5.0.1\xmlbeans-5.0.1.jar;C:\Users\Akundar\.m2\repository\org\projectlombok\lombok\1.18.20\lombok-1.18.20.jar;C:\Users\Akundar\.m2\repository\com\microsoft\edge\msedge-selenium-tools-java\3.141.0\msedge-selenium-tools-java-3.141.0.jar;C:\Users\Akundar\.m2\repository\io\netty\netty-all\4.1.70.Final\netty-all-4.1.70.Final.jar;C:\Users\Akundar\.m2\repository\io\netty\netty-buffer\4.1.70.Final\netty-buffer-4.1.70.Final.jar;C:\Users\Akundar\.m2\repository\io\netty\netty-codec\4.1.70.Final\netty-codec-4.1.70.Final.jar;C:\Users\Akundar\.m2\repository\io\netty\netty-codec-dns\4.1.70.Final\netty-codec-dns-4.1.70.Final.jar;C:\Users\Akundar\.m2\repository\io\netty\netty-codec-haproxy\4.1.70.Final\netty-codec-haproxy-4.1.70.Final.jar;C:\Users\Akundar\.m2\repository\io\netty\netty-codec-http\4.1.70.Final\netty-codec-http-4.1.70.Final.jar;C:\Users\Akundar\.m2\repository\io\netty\netty-codec-http2\4.1.70.Final\netty-codec-http2-4.1.70.Final.jar;C:\Users\Akundar\.m2\repository\io\netty\netty-codec-memcache\4.1.70.Final\netty-codec-memcache-4.1.70.Final.jar;C:\Users\Akundar\.m2\repository\io\netty\netty-codec-mqtt\4.1.70.Final\netty-codec-mqtt-4.1.70.Final.jar;C:\Users\Akundar\.m2\repository\io\netty\netty-codec-redis\4.1.70.Final\netty-codec-redis-4.1.70.Final.jar;C:\Users\Akundar\.m2\repository\io\netty\netty-codec-smtp\4.1.70.Final\netty-codec-smtp-4.1.70.Final.jar;C:\Users\Akundar\.m2\repository\io\netty\netty-codec-socks\4.1.70.Final\netty-codec-socks-4.1.70.Final.jar;C:\Users\Akundar\.m2\repository\io\netty\netty-codec-stomp\4.1.70.Final\netty-codec-stomp-4.1.70.Final.jar;C:\Users\Akundar\.m2\repository\io\netty\netty-codec-xml\4.1.70.Final\netty-codec-xml-4.1.70.Final.jar;C:\Users\Akundar\.m2\repository\io\netty\netty-common\4.1.70.Final\netty-common-4.1.70.Final.jar;C:\Users\Akundar\.m2\repository\io\netty\netty-handler\4.1.70.Final\netty-handler-4.1.70.Final.jar;C:\Users\Akundar\.m2\repository\io\netty\netty-handler-proxy\4.1.70.Final\netty-handler-proxy-4.1.70.Final.jar;C:\Users\Akundar\.m2\repository\io\netty\netty-resolver\4.1.70.Final\netty-resolver-4.1.70.Final.jar;C:\Users\Akundar\.m2\repository\io\netty\netty-resolver-dns\4.1.70.Final\netty-resolver-dns-4.1.70.Final.jar;C:\Users\Akundar\.m2\repository\io\netty\netty-transport\4.1.70.Final\netty-transport-4.1.70.Final.jar;C:\Users\Akundar\.m2\repository\io\netty\netty-transport-rxtx\4.1.70.Final\netty-transport-rxtx-4.1.70.Final.jar;C:\Users\Akundar\.m2\repository\io\netty\netty-transport-sctp\4.1.70.Final\netty-transport-sctp-4.1.70.Final.jar;C:\Users\Akundar\.m2\repository\io\netty\netty-transport-udt\4.1.70.Final\netty-transport-udt-4.1.70.Final.jar;C:\Users\Akundar\.m2\repository\io\netty\netty-transport-classes-epoll\4.1.70.Final\netty-transport-classes-epoll-4.1.70.Final.jar;C:\Users\Akundar\.m2\repository\io\netty\netty-transport-native-unix-common\4.1.70.Final\netty-transport-native-unix-common-4.1.70.Final.jar;C:\Users\Akundar\.m2\repository\io\netty\netty-transport-classes-kqueue\4.1.70.Final\netty-transport-classes-kqueue-4.1.70.Final.jar;C:\Users\Akundar\.m2\repository\io\netty\netty-resolver-dns-classes-macos\4.1.70.Final\netty-resolver-dns-classes-macos-4.1.70.Final.jar;C:\Users\Akundar\.m2\repository\io\netty\netty-transport-native-epoll\4.1.70.Final\netty-transport-native-epoll-4.1.70.Final-linux-x86_64.jar;C:\Users\Akundar\.m2\repository\io\netty\netty-transport-native-epoll\4.1.70.Final\netty-transport-native-epoll-4.1.70.Final-linux-aarch_64.jar;C:\Users\Akundar\.m2\repository\io\netty\netty-transport-native-kqueue\4.1.70.Final\netty-transport-native-kqueue-4.1.70.Final-osx-x86_64.jar;C:\Users\Akundar\.m2\repository\io\netty\netty-transport-native-kqueue\4.1.70.Final\netty-transport-native-kqueue-4.1.70.Final-osx-aarch_64.jar;C:\Users\Akundar\.m2\repository\io\netty\netty-resolver-dns-native-macos\4.1.70.Final\netty-resolver-dns-native-macos-4.1.70.Final-osx-x86_64.jar;C:\Users\Akundar\.m2\repository\io\netty\netty-resolver-dns-native-macos\4.1.70.Final\netty-resolver-dns-native-macos-4.1.70.Final-osx-aarch_64.jar;C:\Users\Akundar\.m2\repository\io\github\bonigarcia\webdrivermanager\5.0.3\webdrivermanager-5.0.3.jar;C:\Users\Akundar\.m2\repository\org\jsoup\jsoup\1.14.2\jsoup-1.14.2.jar;C:\Users\Akundar\.m2\repository\com\github\docker-java\docker-java\3.2.12\docker-java-3.2.12.jar;C:\Users\Akundar\.m2\repository\com\github\docker-java\docker-java-core\3.2.12\docker-java-core-3.2.12.jar;C:\Users\Akundar\.m2\repository\com\github\docker-java\docker-java-api\3.2.12\docker-java-api-3.2.12.jar;C:\Users\Akundar\.m2\repository\com\fasterxml\jackson\core\jackson-annotations\2.10.3\jackson-annotations-2.10.3.jar;C:\Users\Akundar\.m2\repository\commons-lang\commons-lang\2.6\commons-lang-2.6.jar;C:\Users\Akundar\.m2\repository\com\fasterxml\jackson\core\jackson-databind\2.10.3\jackson-databind-2.10.3.jar;C:\Users\Akundar\.m2\repository\com\fasterxml\jackson\core\jackson-core\2.10.3\jackson-core-2.10.3.jar;C:\Users\Akundar\.m2\repository\com\github\docker-java\docker-java-transport-httpclient5\3.2.12\docker-java-transport-httpclient5-3.2.12.jar;C:\Users\Akundar\.m2\repository\com\github\docker-java\docker-java-transport\3.2.12\docker-java-transport-3.2.12.jar;C:\Users\Akundar\.m2\repository\org\apache\httpcomponents\client5\httpclient5\5.0.3\httpclient5-5.0.3.jar;C:\Users\Akundar\.m2\repository\org\apache\httpcomponents\core5\httpcore5\5.0.2\httpcore5-5.0.2.jar;C:\Users\Akundar\.m2\repository\net\java\dev\jna\jna\5.8.0\jna-5.8.0.jar;C:\Users\Akundar\.m2\repository\org\brotli\dec\0.1.2\dec-0.1.2.jar;"/>
    <property name="sun.cpu.endian" value="little"/>
    <property name="user.home" value="C:\Users\Akundar"/>
    <property name="user.language" value="en"/>
    <property name="java.specification.vendor" value="Oracle Corporation"/>
    <property name="java.version.date" value="2021-09-14"/>
    <property name="java.home" value="C:\Users\Akundar\Installers\openjdk-17_windows-x64_bin (1)\jdk-17"/>
    <property name="file.separator" value="\"/>
    <property name="basedir" value="C:\Users\Akundar\eclipse-workspace\AEMhdfc"/>
    <property name="java.vm.compressedOopsMode" value="Zero based"/>
    <property name="line.separator" value="&#10;"/>
    <property name="java.vm.specification.vendor" value="Oracle Corporation"/>
    <property name="java.specification.name" value="Java Platform API Specification"/>
    <property name="surefire.real.class.path" value="C:\Users\Akundar\AppData\Local\Temp\surefire4336048632876717932\surefirebooter492415342283491142.jar"/>
    <property name="user.script" value=""/>
    <property name="sun.management.compiler" value="HotSpot 64-Bit Tiered Compilers"/>
    <property name="java.runtime.version" value="17+35-2724"/>
    <property name="webdriver.edge.driver" value="C:\Users\Akundar\.cache\selenium\msedgedriver\win64\96.0.1054.62\msedgedriver.exe"/>
    <property name="user.name" value="akundar"/>
    <property name="path.separator" value=";"/>
    <property name="os.version" value="10.0"/>
    <property name="java.runtime.name" value="OpenJDK Runtime Environment"/>
    <property name="file.encoding" value="Cp1252"/>
    <property name="java.vm.name" value="OpenJDK 64-Bit Server VM"/>
    <property name="localRepository" value="C:\Users\Akundar\.m2\repository"/>
    <property name="java.vendor.url.bug" value="https://bugreport.java.com/bugreport/"/>
    <property name="java.io.tmpdir" value="C:\Users\Akundar\AppData\Local\Temp\"/>
    <property name="java.version" value="17"/>
    <property name="user.dir" value="C:\Users\Akundar\eclipse-workspace\AEMhdfc"/>
    <property name="os.arch" value="amd64"/>
    <property name="java.vm.specification.name" value="Java Virtual Machine Specification"/>
    <property name="sun.os.patch.level" value=""/>
    <property name="native.encoding" value="Cp1252"/>
    <property name="java.library.path" value="C:\Users\Akundar\Installers\openjdk-17_windows-x64_bin (1)\jdk-17\bin;C:\WINDOWS\Sun\Java\bin;C:\WINDOWS\system32;C:\WINDOWS;C:/Users/Akundar/Installers/openjdk-17_windows-x64_bin (1)/jdk-17/bin/server;C:/Users/Akundar/Installers/openjdk-17_windows-x64_bin (1)/jdk-17/bin;C:\Program Files (x86)\RSA SecurID Token Common;C:\Program Files\RSA SecurID Token Common;C:\Program Files (x86)\Common Files\Oracle\Java\javapath;C:\Program Files\Eclipse Foundation\jdk-11.0.12.7-hotspot\bin;C:\Program Files (x86)\Common Files\Oracle\Java\javapath_target_9596750;C:\WINDOWS\system32;C:\WINDOWS;C:\WINDOWS\System32\Wbem;C:\WINDOWS\System32\WindowsPowerShell\v1.0\;C:\WINDOWS\System32\OpenSSH\;C:\Users\Akundar\Installers\openjdk-17_windows-x64_bin (1)\jdk-17\bin;C:\apache-maven-3.8.2-bin (1)\apache-maven-3.8.2\bin;C:\Users\Akundar\Downloads\edgedriver_win64;;C:\Program Files\Docker\Docker\resources\bin;C:\ProgramData\DockerDesktop\version-bin;C:\Users\Akundar\AppData\Local\Microsoft\WindowsApps;C:\Users\Akundar\AppData\Local\Programs\Git\cmd;C:\Users\Akundar\OneDrive - Capgemini\Desktop;;."/>
    <property name="java.vm.info" value="mixed mode, sharing"/>
    <property name="java.vendor" value="Oracle Corporation"/>
    <property name="java.vm.version" value="17+35-2724"/>
    <property name="sun.io.unicode.encoding" value="UnicodeLittle"/>
    <property name="java.class.version" value="61.0"/>
  </properties>
  <testcase name="verifyBannerCarousel" classname="SeleniumTesting.AEMhdfc.HomepageTest" time="15.713">
    <system-out><![CDATA[Before navigating to: 'https://www.hdfclife.com/'
Navigated to:'https://www.hdfclife.com/'
19:33:57.600 [main] INFO  SeleniumTesting.AEMhdfc.HomepageTest - Homepage test cases started
Trying to find Element By : By.xpath: //li[@data-slide-to='1']
Found Element By : By.xpath: //li[@data-slide-to='1']
Trying to click on: [[EdgeDriver: msedge on WINDOWS (4aa116c357cd157afca0c4dae3f7ca33)] -> xpath: //li[@data-slide-to='1']]
Clicked on: [[EdgeDriver: msedge on WINDOWS (4aa116c357cd157afca0c4dae3f7ca33)] -> xpath: //li[@data-slide-to='1']]
Trying to find Element By : By.xpath: //div[@class='carousel-item active']//img[@class='bg-align']
Found Element By : By.xpath: //div[@class='carousel-item active']//img[@class='bg-align']
Trying to find Element By : By.xpath: //li[@data-slide-to='2']
Found Element By : By.xpath: //li[@data-slide-to='2']
Trying to click on: [[EdgeDriver: msedge on WINDOWS (4aa116c357cd157afca0c4dae3f7ca33)] -> xpath: //li[@data-slide-to='2']]
Clicked on: [[EdgeDriver: msedge on WINDOWS (4aa116c357cd157afca0c4dae3f7ca33)] -> xpath: //li[@data-slide-to='2']]
Trying to find Element By : By.xpath: //div[@class='carousel-item active']//img[@class='bg-align']
Found Element By : By.xpath: //div[@class='carousel-item active']//img[@class='bg-align']
Trying to find Element By : By.xpath: //li[@data-slide-to='3']
Found Element By : By.xpath: //li[@data-slide-to='3']
Trying to click on: [[EdgeDriver: msedge on WINDOWS (4aa116c357cd157afca0c4dae3f7ca33)] -> xpath: //li[@data-slide-to='3']]
Clicked on: [[EdgeDriver: msedge on WINDOWS (4aa116c357cd157afca0c4dae3f7ca33)] -> xpath: //li[@data-slide-to='3']]
Trying to find Element By : By.xpath: //div[@class='carousel-item active']//img[@class='bg-align']
Found Element By : By.xpath: //div[@class='carousel-item active']//img[@class='bg-align']
Trying to find Element By : By.xpath: //li[@data-slide-to='4']
Found Element By : By.xpath: //li[@data-slide-to='4']
Trying to click on: [[EdgeDriver: msedge on WINDOWS (4aa116c357cd157afca0c4dae3f7ca33)] -> xpath: //li[@data-slide-to='4']]
Clicked on: [[EdgeDriver: msedge on WINDOWS (4aa116c357cd157afca0c4dae3f7ca33)] -> xpath: //li[@data-slide-to='4']]
Trying to find Element By : By.xpath: //div[@class='carousel-item active']//img[@class='bg-align']
Found Element By : By.xpath: //div[@class='carousel-item active']//img[@class='bg-align']
Trying to find Element By : By.xpath: //li[@data-slide-to='0']
Found Element By : By.xpath: //li[@data-slide-to='0']
Trying to click on: [[EdgeDriver: msedge on WINDOWS (4aa116c357cd157afca0c4dae3f7ca33)] -> xpath: //li[@data-slide-to='0']]
Clicked on: [[EdgeDriver: msedge on WINDOWS (4aa116c357cd157afca0c4dae3f7ca33)] -> xpath: //li[@data-slide-to='0']]
Trying to find Element By : By.xpath: //div[@class='carousel-item active']//img[@class='bg-align']
Found Element By : By.xpath: //div[@class='carousel-item active']//img[@class='bg-align']
]]></system-out>
    <system-err><![CDATA[SLF4J: Failed to load class "org.slf4j.impl.StaticLoggerBinder".
SLF4J: Defaulting to no-operation (NOP) logger implementation
SLF4J: See http://www.slf4j.org/codes.html#StaticLoggerBinder for further details.
Dec 20, 2021 7:33:51 PM org.openqa.selenium.remote.DesiredCapabilities edge
INFO: Using `new EdgeOptions()` is preferred to `DesiredCapabilities.edge()`
Starting MSEdgeDriver 96.0.1054.62 (f97cb2ce0103f6eaa6dc1994d77748c659744916) on port 41912
Only local connections are allowed.
Please see https://chromedriver.chromium.org/security-considerations for suggestions on keeping MSEdgeDriver safe.
MSEdgeDriver was started successfully.
Dec 20, 2021 7:33:54 PM org.openqa.selenium.remote.ProtocolHandshake createSession
INFO: Detected dialect: W3C
]]></system-err>
  </testcase>
  <testcase name="verifyTermPlanOnBanner" classname="SeleniumTesting.AEMhdfc.HomepageTest" time="13.605">
    <system-out><![CDATA[Trying to find Element By : By.xpath: //a[@onclick='categoryBox(this)'][1]
Found Element By : By.xpath: //a[@onclick='categoryBox(this)'][1]
Trying to click on: [[EdgeDriver: msedge on WINDOWS (4aa116c357cd157afca0c4dae3f7ca33)] -> xpath: //a[@onclick='categoryBox(this)'][1]]
Clicked on: [[EdgeDriver: msedge on WINDOWS (4aa116c357cd157afca0c4dae3f7ca33)] -> xpath: //a[@onclick='categoryBox(this)'][1]]
Navigating back to previous page
Navigated back to previous page
]]></system-out>
  </testcase>
  <testcase name="verifySavingPlansOnBanner" classname="SeleniumTesting.AEMhdfc.HomepageTest" time="11.606">
    <system-out><![CDATA[Trying to find Element By : By.xpath: //a[@href='/savings-plans']//div
Found Element By : By.xpath: //a[@href='/savings-plans']//div
Trying to find Element By : By.xpath: //a[@href='/savings-plans']//div
Found Element By : By.xpath: //a[@href='/savings-plans']//div
Trying to click on: [[EdgeDriver: msedge on WINDOWS (4aa116c357cd157afca0c4dae3f7ca33)] -> xpath: //a[@href='/savings-plans']//div]
Clicked on: [[EdgeDriver: msedge on WINDOWS (4aa116c357cd157afca0c4dae3f7ca33)] -> xpath: //a[@href='/savings-plans']//div]
Navigating back to previous page
Navigated back to previous page
]]></system-out>
  </testcase>
  <testcase name="verifyChildrenPlansOnBanner" classname="SeleniumTesting.AEMhdfc.HomepageTest" time="11.705">
    <system-out><![CDATA[Trying to find Element By : By.xpath: //a[@href='/children-insurance-plans']//div
Found Element By : By.xpath: //a[@href='/children-insurance-plans']//div
Trying to find Element By : By.xpath: //a[@href='/children-insurance-plans']//div
Found Element By : By.xpath: //a[@href='/children-insurance-plans']//div
Trying to click on: [[EdgeDriver: msedge on WINDOWS (4aa116c357cd157afca0c4dae3f7ca33)] -> xpath: //a[@href='/children-insurance-plans']//div]
Clicked on: [[EdgeDriver: msedge on WINDOWS (4aa116c357cd157afca0c4dae3f7ca33)] -> xpath: //a[@href='/children-insurance-plans']//div]
Navigating back to previous page
Navigated back to previous page
]]></system-out>
  </testcase>
  <testcase name="verifyRetirementPlansOnBanner" classname="SeleniumTesting.AEMhdfc.HomepageTest" time="11.988">
    <system-out><![CDATA[Trying to find Element By : By.xpath: //a[@href='/retirement-and-pension-plans']//div//h2[@class='h5']
Found Element By : By.xpath: //a[@href='/retirement-and-pension-plans']//div//h2[@class='h5']
Trying to find Element By : By.xpath: //a[@href='/retirement-and-pension-plans']//div//h2[@class='h5']
Found Element By : By.xpath: //a[@href='/retirement-and-pension-plans']//div//h2[@class='h5']
Trying to click on: [[EdgeDriver: msedge on WINDOWS (4aa116c357cd157afca0c4dae3f7ca33)] -> xpath: //a[@href='/retirement-and-pension-plans']//div//h2[@class='h5']]
Clicked on: [[EdgeDriver: msedge on WINDOWS (4aa116c357cd157afca0c4dae3f7ca33)] -> xpath: //a[@href='/retirement-and-pension-plans']//div//h2[@class='h5']]
Navigating back to previous page
Navigated back to previous page
]]></system-out>
  </testcase>
  <testcase name="verifyViewAllButton" classname="SeleniumTesting.AEMhdfc.HomepageTest" time="3.56">
    <system-out><![CDATA[Trying to find Element By : By.xpath: //div[@class='viewall']
Found Element By : By.xpath: //div[@class='viewall']
Trying to find Element By : By.xpath: //div[@class='viewall']
Found Element By : By.xpath: //div[@class='viewall']
Trying to click on: [[EdgeDriver: msedge on WINDOWS (4aa116c357cd157afca0c4dae3f7ca33)] -> xpath: //div[@class='viewall']]
Clicked on: [[EdgeDriver: msedge on WINDOWS (4aa116c357cd157afca0c4dae3f7ca33)] -> xpath: //div[@class='viewall']]
]]></system-out>
  </testcase>
  <testcase name="verifyULIPPlansOnBanner" classname="SeleniumTesting.AEMhdfc.HomepageTest" time="11.915">
    <system-out><![CDATA[Trying to find Element By : By.xpath: //a[@class='tile']//div//span[@class='bg-Term_plans bg-plans-4']
Found Element By : By.xpath: //a[@class='tile']//div//span[@class='bg-Term_plans bg-plans-4']
Trying to find Element By : By.xpath: //a[@class='tile']//div//span[@class='bg-Term_plans bg-plans-4']
Found Element By : By.xpath: //a[@class='tile']//div//span[@class='bg-Term_plans bg-plans-4']
Trying to click on: [[EdgeDriver: msedge on WINDOWS (4aa116c357cd157afca0c4dae3f7ca33)] -> xpath: //a[@class='tile']//div//span[@class='bg-Term_plans bg-plans-4']]
Clicked on: [[EdgeDriver: msedge on WINDOWS (4aa116c357cd157afca0c4dae3f7ca33)] -> xpath: //a[@class='tile']//div//span[@class='bg-Term_plans bg-plans-4']]
Navigating back to previous page
Navigated back to previous page
]]></system-out>
  </testcase>
  <testcase name="verifyFixedMaturityPlanOnBanner" classname="SeleniumTesting.AEMhdfc.HomepageTest" time="15.277">
    <system-out><![CDATA[Trying to find Element By : By.xpath: //div[@class='viewall']
Found Element By : By.xpath: //div[@class='viewall']
Trying to find Element By : By.xpath: //div[@class='viewall']
Found Element By : By.xpath: //div[@class='viewall']
Trying to click on: [[EdgeDriver: msedge on WINDOWS (4aa116c357cd157afca0c4dae3f7ca33)] -> xpath: //div[@class='viewall']]
Clicked on: [[EdgeDriver: msedge on WINDOWS (4aa116c357cd157afca0c4dae3f7ca33)] -> xpath: //div[@class='viewall']]
Trying to find Element By : By.xpath: //a[@href='/savings-plans/sanchay-fixed-maturity-plan']//div
Found Element By : By.xpath: //a[@href='/savings-plans/sanchay-fixed-maturity-plan']//div
Trying to find Element By : By.xpath: //a[@href='/savings-plans/sanchay-fixed-maturity-plan']//div
Found Element By : By.xpath: //a[@href='/savings-plans/sanchay-fixed-maturity-plan']//div
Trying to click on: [[EdgeDriver: msedge on WINDOWS (4aa116c357cd157afca0c4dae3f7ca33)] -> xpath: //a[@href='/savings-plans/sanchay-fixed-maturity-plan']//div]
Clicked on: [[EdgeDriver: msedge on WINDOWS (4aa116c357cd157afca0c4dae3f7ca33)] -> xpath: //a[@href='/savings-plans/sanchay-fixed-maturity-plan']//div]
Navigating back to previous page
Navigated back to previous page
]]></system-out>
  </testcase>
  <testcase name="verifyHealthPlansOnBanner" classname="SeleniumTesting.AEMhdfc.HomepageTest" time="14.68">
    <system-out><![CDATA[Trying to find Element By : By.xpath: //div[@class='viewall']
Found Element By : By.xpath: //div[@class='viewall']
Trying to find Element By : By.xpath: //div[@class='viewall']
Found Element By : By.xpath: //div[@class='viewall']
Trying to click on: [[EdgeDriver: msedge on WINDOWS (4aa116c357cd157afca0c4dae3f7ca33)] -> xpath: //div[@class='viewall']]
Clicked on: [[EdgeDriver: msedge on WINDOWS (4aa116c357cd157afca0c4dae3f7ca33)] -> xpath: //div[@class='viewall']]
Trying to find Element By : By.xpath: //a[@href='/health-insurance-plans']//div//h2[@class='h5']
Found Element By : By.xpath: //a[@href='/health-insurance-plans']//div//h2[@class='h5']
Trying to find Element By : By.xpath: //a[@href='/health-insurance-plans']//div//h2[@class='h5']
Found Element By : By.xpath: //a[@href='/health-insurance-plans']//div//h2[@class='h5']
Trying to click on: [[EdgeDriver: msedge on WINDOWS (4aa116c357cd157afca0c4dae3f7ca33)] -> xpath: //a[@href='/health-insurance-plans']//div//h2[@class='h5']]
Clicked on: [[EdgeDriver: msedge on WINDOWS (4aa116c357cd157afca0c4dae3f7ca33)] -> xpath: //a[@href='/health-insurance-plans']//div//h2[@class='h5']]
Navigating back to previous page
Navigated back to previous page
]]></system-out>
  </testcase>
  <testcase name="verifyPosPlansOnBanner" classname="SeleniumTesting.AEMhdfc.HomepageTest" time="14.804">
    <system-out><![CDATA[Trying to find Element By : By.xpath: //div[@class='viewall']
Found Element By : By.xpath: //div[@class='viewall']
Trying to find Element By : By.xpath: //div[@class='viewall']
Found Element By : By.xpath: //div[@class='viewall']
Trying to click on: [[EdgeDriver: msedge on WINDOWS (4aa116c357cd157afca0c4dae3f7ca33)] -> xpath: //div[@class='viewall']]
Clicked on: [[EdgeDriver: msedge on WINDOWS (4aa116c357cd157afca0c4dae3f7ca33)] -> xpath: //div[@class='viewall']]
Trying to find Element By : By.xpath: //a[@href='/savings-plans/pos-guaranteed-savings-plan']//div//h2[@class='h5']
Found Element By : By.xpath: //a[@href='/savings-plans/pos-guaranteed-savings-plan']//div//h2[@class='h5']
Trying to find Element By : By.xpath: //a[@href='/savings-plans/pos-guaranteed-savings-plan']//div//h2[@class='h5']
Found Element By : By.xpath: //a[@href='/savings-plans/pos-guaranteed-savings-plan']//div//h2[@class='h5']
Trying to click on: [[EdgeDriver: msedge on WINDOWS (4aa116c357cd157afca0c4dae3f7ca33)] -> xpath: //a[@href='/savings-plans/pos-guaranteed-savings-plan']//div//h2[@class='h5']]
Clicked on: [[EdgeDriver: msedge on WINDOWS (4aa116c357cd157afca0c4dae3f7ca33)] -> xpath: //a[@href='/savings-plans/pos-guaranteed-savings-plan']//div//h2[@class='h5']]
Navigating back to previous page
Navigated back to previous page
]]></system-out>
  </testcase>
  <testcase name="verifyComboPlansOnBanner" classname="SeleniumTesting.AEMhdfc.HomepageTest" time="20.601">
    <system-out><![CDATA[Trying to find Element By : By.xpath: //div[@class='viewall']
Found Element By : By.xpath: //div[@class='viewall']
Trying to find Element By : By.xpath: //div[@class='viewall']
Found Element By : By.xpath: //div[@class='viewall']
Trying to click on: [[EdgeDriver: msedge on WINDOWS (4aa116c357cd157afca0c4dae3f7ca33)] -> xpath: //div[@class='viewall']]
Clicked on: [[EdgeDriver: msedge on WINDOWS (4aa116c357cd157afca0c4dae3f7ca33)] -> xpath: //div[@class='viewall']]
Trying to find Element By : By.xpath: //div[@class='swiper-button-next']
Found Element By : By.xpath: //div[@class='swiper-button-next']
Trying to click on: [[EdgeDriver: msedge on WINDOWS (4aa116c357cd157afca0c4dae3f7ca33)] -> xpath: //div[@class='swiper-button-next']]
Clicked on: [[EdgeDriver: msedge on WINDOWS (4aa116c357cd157afca0c4dae3f7ca33)] -> xpath: //div[@class='swiper-button-next']]
Trying to find Element By : By.xpath: //a[@class='tile']//div//span[@class='bg-Term_plans bg-plans-8']
Found Element By : By.xpath: //a[@class='tile']//div//span[@class='bg-Term_plans bg-plans-8']
Trying to find Element By : By.xpath: //a[@class='tile']//div//span[@class='bg-Term_plans bg-plans-8']
Found Element By : By.xpath: //a[@class='tile']//div//span[@class='bg-Term_plans bg-plans-8']
Trying to click on: [[EdgeDriver: msedge on WINDOWS (4aa116c357cd157afca0c4dae3f7ca33)] -> xpath: //a[@class='tile']//div//span[@class='bg-Term_plans bg-plans-8']]
Clicked on: [[EdgeDriver: msedge on WINDOWS (4aa116c357cd157afca0c4dae3f7ca33)] -> xpath: //a[@class='tile']//div//span[@class='bg-Term_plans bg-plans-8']]
Navigating back to previous page
Navigated back to previous page
]]></system-out>
  </testcase>
  <testcase name="verifyGroupPlansOnBanner" classname="SeleniumTesting.AEMhdfc.HomepageTest" time="33.261">
    <system-out><![CDATA[Trying to find Element By : By.xpath: //div[@class='viewall']
Found Element By : By.xpath: //div[@class='viewall']
Trying to find Element By : By.xpath: //div[@class='viewall']
Found Element By : By.xpath: //div[@class='viewall']
Trying to click on: [[EdgeDriver: msedge on WINDOWS (4aa116c357cd157afca0c4dae3f7ca33)] -> xpath: //div[@class='viewall']]
Clicked on: [[EdgeDriver: msedge on WINDOWS (4aa116c357cd157afca0c4dae3f7ca33)] -> xpath: //div[@class='viewall']]
Trying to find Element By : By.xpath: //div[@class='swiper-button-next']
Found Element By : By.xpath: //div[@class='swiper-button-next']
Trying to find Element By : By.xpath: //div[@class='swiper-button-next']
Found Element By : By.xpath: //div[@class='swiper-button-next']
Trying to click on: [[EdgeDriver: msedge on WINDOWS (4aa116c357cd157afca0c4dae3f7ca33)] -> xpath: //div[@class='swiper-button-next']]
Clicked on: [[EdgeDriver: msedge on WINDOWS (4aa116c357cd157afca0c4dae3f7ca33)] -> xpath: //div[@class='swiper-button-next']]
Trying to find Element By : By.xpath: //div[@class='swiper-button-next']
Found Element By : By.xpath: //div[@class='swiper-button-next']
Trying to find Element By : By.xpath: //div[@class='swiper-button-next']
Found Element By : By.xpath: //div[@class='swiper-button-next']
Trying to click on: [[EdgeDriver: msedge on WINDOWS (4aa116c357cd157afca0c4dae3f7ca33)] -> xpath: //div[@class='swiper-button-next']]
Clicked on: [[EdgeDriver: msedge on WINDOWS (4aa116c357cd157afca0c4dae3f7ca33)] -> xpath: //div[@class='swiper-button-next']]
Trying to find Element By : By.xpath: //div[@class='swiper-button-next']
Found Element By : By.xpath: //div[@class='swiper-button-next']
Trying to find Element By : By.xpath: //div[@class='swiper-button-next']
Found Element By : By.xpath: //div[@class='swiper-button-next']
Trying to click on: [[EdgeDriver: msedge on WINDOWS (4aa116c357cd157afca0c4dae3f7ca33)] -> xpath: //div[@class='swiper-button-next']]
Clicked on: [[EdgeDriver: msedge on WINDOWS (4aa116c357cd157afca0c4dae3f7ca33)] -> xpath: //div[@class='swiper-button-next']]
Trying to find Element By : By.xpath: //div[@class='swiper-button-next']
Found Element By : By.xpath: //div[@class='swiper-button-next']
Trying to find Element By : By.xpath: //div[@class='swiper-button-next']
Found Element By : By.xpath: //div[@class='swiper-button-next']
Trying to click on: [[EdgeDriver: msedge on WINDOWS (4aa116c357cd157afca0c4dae3f7ca33)] -> xpath: //div[@class='swiper-button-next']]
Clicked on: [[EdgeDriver: msedge on WINDOWS (4aa116c357cd157afca0c4dae3f7ca33)] -> xpath: //div[@class='swiper-button-next']]
Trying to find Element By : By.xpath: //div[@class='swiper-button-next']
Found Element By : By.xpath: //div[@class='swiper-button-next']
Trying to find Element By : By.xpath: //div[@class='swiper-button-next']
Found Element By : By.xpath: //div[@class='swiper-button-next']
Trying to click on: [[EdgeDriver: msedge on WINDOWS (4aa116c357cd157afca0c4dae3f7ca33)] -> xpath: //div[@class='swiper-button-next']]
Clicked on: [[EdgeDriver: msedge on WINDOWS (4aa116c357cd157afca0c4dae3f7ca33)] -> xpath: //div[@class='swiper-button-next']]
Trying to find Element By : By.xpath: //a[@class='tile']//div//span[@class='bg-Term_plans bg-plans-9']
Found Element By : By.xpath: //a[@class='tile']//div//span[@class='bg-Term_plans bg-plans-9']
Trying to find Element By : By.xpath: //a[@class='tile']//div//span[@class='bg-Term_plans bg-plans-9']
Found Element By : By.xpath: //a[@class='tile']//div//span[@class='bg-Term_plans bg-plans-9']
Trying to click on: [[EdgeDriver: msedge on WINDOWS (4aa116c357cd157afca0c4dae3f7ca33)] -> xpath: //a[@class='tile']//div//span[@class='bg-Term_plans bg-plans-9']]
Clicked on: [[EdgeDriver: msedge on WINDOWS (4aa116c357cd157afca0c4dae3f7ca33)] -> xpath: //a[@class='tile']//div//span[@class='bg-Term_plans bg-plans-9']]
Navigating back to previous page
Navigated back to previous page
]]></system-out>
  </testcase>
  <testcase name="verifyArrowButtonsOnBanner" classname="SeleniumTesting.AEMhdfc.HomepageTest" time="43.248">
    <system-out><![CDATA[Trying to find Element By : By.xpath: //div[@class='viewall']
Found Element By : By.xpath: //div[@class='viewall']
Trying to find Element By : By.xpath: //div[@class='viewall']
Found Element By : By.xpath: //div[@class='viewall']
Trying to click on: [[EdgeDriver: msedge on WINDOWS (4aa116c357cd157afca0c4dae3f7ca33)] -> xpath: //div[@class='viewall']]
Clicked on: [[EdgeDriver: msedge on WINDOWS (4aa116c357cd157afca0c4dae3f7ca33)] -> xpath: //div[@class='viewall']]
Trying to find Element By : By.xpath: //div[@class='swiper-button-next']
Found Element By : By.xpath: //div[@class='swiper-button-next']
Trying to find Element By : By.xpath: //div[@class='swiper-button-next']
Found Element By : By.xpath: //div[@class='swiper-button-next']
Trying to click on: [[EdgeDriver: msedge on WINDOWS (4aa116c357cd157afca0c4dae3f7ca33)] -> xpath: //div[@class='swiper-button-next']]
Clicked on: [[EdgeDriver: msedge on WINDOWS (4aa116c357cd157afca0c4dae3f7ca33)] -> xpath: //div[@class='swiper-button-next']]
Trying to find Element By : By.xpath: //div[@class='swiper-button-next']
Found Element By : By.xpath: //div[@class='swiper-button-next']
Trying to find Element By : By.xpath: //div[@class='swiper-button-next']
Found Element By : By.xpath: //div[@class='swiper-button-next']
Trying to click on: [[EdgeDriver: msedge on WINDOWS (4aa116c357cd157afca0c4dae3f7ca33)] -> xpath: //div[@class='swiper-button-next']]
Clicked on: [[EdgeDriver: msedge on WINDOWS (4aa116c357cd157afca0c4dae3f7ca33)] -> xpath: //div[@class='swiper-button-next']]
Trying to find Element By : By.xpath: //div[@class='swiper-button-next']
Found Element By : By.xpath: //div[@class='swiper-button-next']
Trying to find Element By : By.xpath: //div[@class='swiper-button-next']
Found Element By : By.xpath: //div[@class='swiper-button-next']
Trying to click on: [[EdgeDriver: msedge on WINDOWS (4aa116c357cd157afca0c4dae3f7ca33)] -> xpath: //div[@class='swiper-button-next']]
Clicked on: [[EdgeDriver: msedge on WINDOWS (4aa116c357cd157afca0c4dae3f7ca33)] -> xpath: //div[@class='swiper-button-next']]
Trying to find Element By : By.xpath: //div[@class='swiper-button-next']
Found Element By : By.xpath: //div[@class='swiper-button-next']
Trying to find Element By : By.xpath: //div[@class='swiper-button-next']
Found Element By : By.xpath: //div[@class='swiper-button-next']
Trying to click on: [[EdgeDriver: msedge on WINDOWS (4aa116c357cd157afca0c4dae3f7ca33)] -> xpath: //div[@class='swiper-button-next']]
Clicked on: [[EdgeDriver: msedge on WINDOWS (4aa116c357cd157afca0c4dae3f7ca33)] -> xpath: //div[@class='swiper-button-next']]
Trying to find Element By : By.xpath: //div[@class='swiper-button-next']
Found Element By : By.xpath: //div[@class='swiper-button-next']
Trying to find Element By : By.xpath: //div[@class='swiper-button-next']
Found Element By : By.xpath: //div[@class='swiper-button-next']
Trying to click on: [[EdgeDriver: msedge on WINDOWS (4aa116c357cd157afca0c4dae3f7ca33)] -> xpath: //div[@class='swiper-button-next']]
Clicked on: [[EdgeDriver: msedge on WINDOWS (4aa116c357cd157afca0c4dae3f7ca33)] -> xpath: //div[@class='swiper-button-next']]
Trying to find Element By : By.xpath: //div[@class='swiper-button-next swiper-button-disabled']
Found Element By : By.xpath: //div[@class='swiper-button-next swiper-button-disabled']
Trying to find Element By : By.xpath: //div[@class='swiper-button-prev']
Found Element By : By.xpath: //div[@class='swiper-button-prev']
Trying to find Element By : By.xpath: //div[@class='swiper-button-prev']
Found Element By : By.xpath: //div[@class='swiper-button-prev']
Trying to click on: [[EdgeDriver: msedge on WINDOWS (4aa116c357cd157afca0c4dae3f7ca33)] -> xpath: //div[@class='swiper-button-prev']]
Clicked on: [[EdgeDriver: msedge on WINDOWS (4aa116c357cd157afca0c4dae3f7ca33)] -> xpath: //div[@class='swiper-button-prev']]
Trying to find Element By : By.xpath: //div[@class='swiper-button-prev']
Found Element By : By.xpath: //div[@class='swiper-button-prev']
Trying to find Element By : By.xpath: //div[@class='swiper-button-prev']
Found Element By : By.xpath: //div[@class='swiper-button-prev']
Trying to click on: [[EdgeDriver: msedge on WINDOWS (4aa116c357cd157afca0c4dae3f7ca33)] -> xpath: //div[@class='swiper-button-prev']]
Clicked on: [[EdgeDriver: msedge on WINDOWS (4aa116c357cd157afca0c4dae3f7ca33)] -> xpath: //div[@class='swiper-button-prev']]
Trying to find Element By : By.xpath: //div[@class='swiper-button-prev']
Found Element By : By.xpath: //div[@class='swiper-button-prev']
Trying to find Element By : By.xpath: //div[@class='swiper-button-prev']
Found Element By : By.xpath: //div[@class='swiper-button-prev']
Trying to click on: [[EdgeDriver: msedge on WINDOWS (4aa116c357cd157afca0c4dae3f7ca33)] -> xpath: //div[@class='swiper-button-prev']]
Clicked on: [[EdgeDriver: msedge on WINDOWS (4aa116c357cd157afca0c4dae3f7ca33)] -> xpath: //div[@class='swiper-button-prev']]
Trying to find Element By : By.xpath: //div[@class='swiper-button-prev']
Found Element By : By.xpath: //div[@class='swiper-button-prev']
Trying to find Element By : By.xpath: //div[@class='swiper-button-prev']
Found Element By : By.xpath: //div[@class='swiper-button-prev']
Trying to click on: [[EdgeDriver: msedge on WINDOWS (4aa116c357cd157afca0c4dae3f7ca33)] -> xpath: //div[@class='swiper-button-prev']]
Clicked on: [[EdgeDriver: msedge on WINDOWS (4aa116c357cd157afca0c4dae3f7ca33)] -> xpath: //div[@class='swiper-button-prev']]
Trying to find Element By : By.xpath: //div[@class='swiper-button-prev']
Found Element By : By.xpath: //div[@class='swiper-button-prev']
Trying to find Element By : By.xpath: //div[@class='swiper-button-prev']
Found Element By : By.xpath: //div[@class='swiper-button-prev']
Trying to click on: [[EdgeDriver: msedge on WINDOWS (4aa116c357cd157afca0c4dae3f7ca33)] -> xpath: //div[@class='swiper-button-prev']]
Clicked on: [[EdgeDriver: msedge on WINDOWS (4aa116c357cd157afca0c4dae3f7ca33)] -> xpath: //div[@class='swiper-button-prev']]
Trying to find Element By : By.xpath: //div[@class='swiper-button-prev swiper-button-disabled']
Found Element By : By.xpath: //div[@class='swiper-button-prev swiper-button-disabled']
Trying to find Element By : By.xpath: //div[@class='swiper-button-next']
Found Element By : By.xpath: //div[@class='swiper-button-next']
Trying to find Element By : By.xpath: //div[@class='swiper-button-next']
Found Element By : By.xpath: //div[@class='swiper-button-next']
Trying to click on: [[EdgeDriver: msedge on WINDOWS (4aa116c357cd157afca0c4dae3f7ca33)] -> xpath: //div[@class='swiper-button-next']]
Clicked on: [[EdgeDriver: msedge on WINDOWS (4aa116c357cd157afca0c4dae3f7ca33)] -> xpath: //div[@class='swiper-button-next']]
Trying to find Element By : By.xpath: //div[@class='swiper-button-prev']
Found Element By : By.xpath: //div[@class='swiper-button-prev']
]]></system-out>
  </testcase>
  <testcase name="verifyMouseIndicator" classname="SeleniumTesting.AEMhdfc.HomepageTest" time="9.123">
    <system-out><![CDATA[Trying to find Element By : By.xpath: //li[@data-slide-to='0']
Found Element By : By.xpath: //li[@data-slide-to='0']
Trying to find Element By : By.xpath: //img[@src='/content/dam/hdfclifeinsurancecompany/home/banner/mc.svg']
Found Element By : By.xpath: //img[@src='/content/dam/hdfclifeinsurancecompany/home/banner/mc.svg']
Trying to find Element By : By.xpath: //img[@src='/content/dam/hdfclifeinsurancecompany/home/banner/mc.svg']
Found Element By : By.xpath: //img[@src='/content/dam/hdfclifeinsurancecompany/home/banner/mc.svg']
Trying to click on: [[EdgeDriver: msedge on WINDOWS (4aa116c357cd157afca0c4dae3f7ca33)] -> xpath: //img[@src='/content/dam/hdfclifeinsurancecompany/home/banner/mc.svg']]
Clicked on: [[EdgeDriver: msedge on WINDOWS (4aa116c357cd157afca0c4dae3f7ca33)] -> xpath: //img[@src='/content/dam/hdfclifeinsurancecompany/home/banner/mc.svg']]
]]></system-out>
  </testcase>
  <testcase name="verifyschedulePopupWithValidDataProductPage[Amit Kundar, 9.768462054E9](1)" classname="SeleniumTesting.AEMhdfc.HomepageTest" time="8.494">
    <system-out><![CDATA[19:37:48.993 [main] TRACE org.apache.xmlbeans.impl.common.XBeanDebug - Loading type system org.apache.poi.schemas.ooxml.system.ooxml
19:37:48.996 [main] TRACE org.apache.xmlbeans.impl.common.XBeanDebug - Loading type system org.apache.xmlbeans.metadata.system.sXMLCONFIG
19:37:48.998 [main] TRACE org.apache.xmlbeans.impl.common.XBeanDebug - Loading type system org.apache.xmlbeans.metadata.system.sXMLLANG
19:37:48.999 [main] TRACE org.apache.xmlbeans.impl.common.XBeanDebug - Loading type system org.apache.xmlbeans.metadata.system.sXMLSCHEMA
19:37:49.000 [main] TRACE org.apache.xmlbeans.impl.common.XBeanDebug - Loading type system org.apache.xmlbeans.metadata.system.sXMLTOOLS
19:37:49.001 [main] TRACE org.apache.xmlbeans.impl.common.XBeanDebug - Reading unresolved handles for type system org.apache.xmlbeans.metadata.system.sXMLTOOLS
19:37:49.012 [main] TRACE org.apache.xmlbeans.impl.common.XBeanDebug - Finished loading type system org.apache.xmlbeans.metadata.system.sXMLTOOLS
19:37:49.013 [main] TRACE org.apache.xmlbeans.impl.common.XBeanDebug - Reading unresolved handles for type system org.apache.xmlbeans.metadata.system.sXMLSCHEMA
19:37:49.018 [main] TRACE org.apache.xmlbeans.impl.common.XBeanDebug - Finished loading type system org.apache.xmlbeans.metadata.system.sXMLSCHEMA
19:37:49.018 [main] TRACE org.apache.xmlbeans.impl.common.XBeanDebug - Reading unresolved handles for type system org.apache.xmlbeans.metadata.system.sXMLLANG
19:37:49.019 [main] TRACE org.apache.xmlbeans.impl.common.XBeanDebug - Finished loading type system org.apache.xmlbeans.metadata.system.sXMLLANG
19:37:49.019 [main] TRACE org.apache.xmlbeans.impl.common.XBeanDebug - Reading unresolved handles for type system org.apache.xmlbeans.metadata.system.sXMLCONFIG
19:37:49.020 [main] TRACE org.apache.xmlbeans.impl.common.XBeanDebug - Finished loading type system org.apache.xmlbeans.metadata.system.sXMLCONFIG
19:37:49.021 [main] TRACE org.apache.xmlbeans.impl.common.XBeanDebug - Reading unresolved handles for type system org.apache.poi.schemas.ooxml.system.ooxml
19:37:49.062 [main] TRACE org.apache.xmlbeans.impl.common.XBeanDebug - Finished loading type system org.apache.poi.schemas.ooxml.system.ooxml
19:37:49.065 [main] TRACE org.apache.xmlbeans.impl.common.XBeanDebug - Resolving type for handle themefd26doctype
19:37:49.118 [main] TRACE org.apache.xmlbeans.impl.common.XBeanDebug - Resolving type for handle stylesheet5d8bdoctype
19:37:49.122 [main] TRACE org.apache.xmlbeans.impl.common.XBeanDebug - Resolving type for handle ctstylesheet4257type
19:37:49.125 [main] TRACE org.apache.xmlbeans.impl.common.XBeanDebug - Resolving type for handle ctfonts6623type
19:37:49.127 [main] TRACE org.apache.xmlbeans.impl.common.XBeanDebug - Resolving type for handle ctfont14d8type
19:37:49.132 [main] TRACE org.apache.xmlbeans.impl.common.XBeanDebug - Resolving type for handle ctfills2c6ftype
19:37:49.134 [main] TRACE org.apache.xmlbeans.impl.common.XBeanDebug - Resolving type for handle ctfill550ctype
19:37:49.135 [main] TRACE org.apache.xmlbeans.impl.common.XBeanDebug - Resolving type for handle ctborders0d66type
19:37:49.136 [main] TRACE org.apache.xmlbeans.impl.common.XBeanDebug - Resolving type for handle ctborderf935type
19:37:49.139 [main] TRACE org.apache.xmlbeans.impl.common.XBeanDebug - Resolving type for handle ctcellxfs1322type
19:37:49.141 [main] TRACE org.apache.xmlbeans.impl.common.XBeanDebug - Resolving type for handle ctxf97f7type
19:37:49.144 [main] TRACE org.apache.xmlbeans.impl.common.XBeanDebug - Resolving type for handle ctcellstylexfsa81ftype
19:37:49.146 [main] TRACE org.apache.xmlbeans.impl.common.XBeanDebug - Resolving type for handle ctdxfsb26atype
19:37:49.149 [main] TRACE org.apache.xmlbeans.impl.common.XBeanDebug - Resolving type for handle cttablestyles872ftype
19:37:49.152 [main] TRACE org.apache.xmlbeans.impl.common.XBeanDebug - Resolving type for handle sstf81fdoctype
19:37:49.154 [main] TRACE org.apache.xmlbeans.impl.common.XBeanDebug - Resolving type for handle ctsst44f3type
19:37:49.159 [main] TRACE org.apache.xmlbeans.impl.common.XBeanDebug - Resolving type for handle ctrsta472type
19:37:49.172 [main] TRACE org.apache.xmlbeans.impl.common.XBeanDebug - Resolving type for handle workbookec17doctype
19:37:49.175 [main] TRACE org.apache.xmlbeans.impl.common.XBeanDebug - Resolving type for handle ctworkbook83c3type
19:37:49.178 [main] TRACE org.apache.xmlbeans.impl.common.XBeanDebug - Resolving type for handle ctsheets49fdtype
19:37:49.181 [main] TRACE org.apache.xmlbeans.impl.common.XBeanDebug - Resolving type for handle ctsheet4dbetype
19:37:49.183 [main] TRACE org.apache.xmlbeans.impl.common.XBeanDebug - Resolving type for handle strelationshipid1e94type
19:37:49.185 [main] TRACE org.apache.xmlbeans.impl.common.XBeanDebug - Resolving type for handle worksheetf539doctype
19:37:49.189 [main] TRACE org.apache.xmlbeans.impl.common.XBeanDebug - Resolving type for handle ctworksheet530dtype
19:37:49.195 [main] TRACE org.apache.xmlbeans.impl.common.XBeanDebug - Resolving type for handle ctsheetdata8408type
19:37:49.199 [main] TRACE org.apache.xmlbeans.impl.common.XBeanDebug - Resolving type for handle ctrowdd39type
19:37:49.203 [main] TRACE org.apache.xmlbeans.impl.common.XBeanDebug - Resolving type for handle ctcell842btype
19:37:49.208 [main] TRACE org.apache.xmlbeans.impl.common.XBeanDebug - Resolving type for handle stcellrefe4e0type
19:37:49.215 [main] TRACE org.apache.xmlbeans.impl.common.XBeanDebug - Resolving type for handle ctcols627ctype
19:37:49.218 [main] TRACE org.apache.xmlbeans.impl.common.XBeanDebug - Resolving type for handle ctcola95ftype
19:37:49.233 [main] TRACE org.apache.xmlbeans.impl.common.XBeanDebug - Resolving type for handle stxstringf179type
19:37:49.236 [main] TRACE org.apache.xmlbeans.impl.common.XBeanDebug - Resolving type for handle stcelltypebf95type
19:37:49.243 [main] TRACE org.apache.xmlbeans.impl.common.XBeanDebug - Resolving type for handle stcellstylexfid70c7type
19:37:49.248 [main] TRACE org.apache.xmlbeans.impl.common.XBeanDebug - Resolving type for handle stnumfmtid76fbtype
Trying to find Element By : By.xpath: //button[@class='btn btn-primary btnred schedule-btn scb-data-layer']
Found Element By : By.xpath: //button[@class='btn btn-primary btnred schedule-btn scb-data-layer']
Trying to click on: [[EdgeDriver: msedge on WINDOWS (4aa116c357cd157afca0c4dae3f7ca33)] -> xpath: //button[@class='btn btn-primary btnred schedule-btn scb-data-layer']]
Clicked on: [[EdgeDriver: msedge on WINDOWS (4aa116c357cd157afca0c4dae3f7ca33)] -> xpath: //button[@class='btn btn-primary btnred schedule-btn scb-data-layer']]
Trying to find Element By : By.xpath: //input[@class='first-name']
Found Element By : By.xpath: //input[@class='first-name']
Trying to find Element By : By.xpath: //input[@class='modilewidth']
Found Element By : By.xpath: //input[@class='modilewidth']
Trying to find Element By : By.id: insurance_category
Found Element By : By.id: insurance_category
Trying to find Element By : By.id: insurance_category
Found Element By : By.id: insurance_category
Trying to find Element By : By.id: insurance_category
Found Element By : By.id: insurance_category
Trying to find Element By : By.xpath: .//option[@value = "Health Plans"]
Found Element By : By.xpath: .//option[@value = "Health Plans"]
Trying to click on: [[[[EdgeDriver: msedge on WINDOWS (4aa116c357cd157afca0c4dae3f7ca33)] -> id: insurance_category]] -> xpath: .//option[@value = "Health Plans"]]
Clicked on: [[[[EdgeDriver: msedge on WINDOWS (4aa116c357cd157afca0c4dae3f7ca33)] -> id: insurance_category]] -> xpath: .//option[@value = "Health Plans"]]
Trying to find Element By : By.xpath: //span[@class='close-icon1']
Found Element By : By.xpath: //span[@class='close-icon1']
Trying to find Element By : By.xpath: //span[@class='close-icon1']
Found Element By : By.xpath: //span[@class='close-icon1']
Trying to click on: [[EdgeDriver: msedge on WINDOWS (4aa116c357cd157afca0c4dae3f7ca33)] -> xpath: //span[@class='close-icon1']]
Clicked on: [[EdgeDriver: msedge on WINDOWS (4aa116c357cd157afca0c4dae3f7ca33)] -> xpath: //span[@class='close-icon1']]
]]></system-out>
  </testcase>
  <testcase name="verifyschedulepopupblankSubmit" classname="SeleniumTesting.AEMhdfc.HomepageTest" time="9.648">
    <system-out><![CDATA[Trying to find Element By : By.xpath: //button[@class='btn btn-primary btnred schedule-btn scb-data-layer']
Found Element By : By.xpath: //button[@class='btn btn-primary btnred schedule-btn scb-data-layer']
Trying to click on: [[EdgeDriver: msedge on WINDOWS (4aa116c357cd157afca0c4dae3f7ca33)] -> xpath: //button[@class='btn btn-primary btnred schedule-btn scb-data-layer']]
Clicked on: [[EdgeDriver: msedge on WINDOWS (4aa116c357cd157afca0c4dae3f7ca33)] -> xpath: //button[@class='btn btn-primary btnred schedule-btn scb-data-layer']]
Trying to find Element By : By.id: scheduleCallBtn
Found Element By : By.id: scheduleCallBtn
Trying to click on: [[EdgeDriver: msedge on WINDOWS (4aa116c357cd157afca0c4dae3f7ca33)] -> id: scheduleCallBtn]
Clicked on: [[EdgeDriver: msedge on WINDOWS (4aa116c357cd157afca0c4dae3f7ca33)] -> id: scheduleCallBtn]
Trying to find Element By : By.xpath: //span[contains(text(),'Please enter valid name')]
Found Element By : By.xpath: //span[contains(text(),'Please enter valid name')]
Trying to find Element By : By.xpath: //span[contains(text(),'Please enter valid name')]
Found Element By : By.xpath: //span[contains(text(),'Please enter valid name')]
Trying to find Element By : By.xpath: //span[contains(text(),'Please enter mobile number')]
Found Element By : By.xpath: //span[contains(text(),'Please enter mobile number')]
Trying to find Element By : By.xpath: //span[contains(text(),'Please enter mobile number')]
Found Element By : By.xpath: //span[contains(text(),'Please enter mobile number')]
Trying to find Element By : By.xpath: //span[contains(text(),'Please select plan type')]
Found Element By : By.xpath: //span[contains(text(),'Please select plan type')]
Trying to find Element By : By.xpath: //span[contains(text(),'Please select plan type')]
Found Element By : By.xpath: //span[contains(text(),'Please select plan type')]
Trying to find Element By : By.className: scb-checkbox
Found Element By : By.className: scb-checkbox
Trying to find Element By : By.className: scb-checkbox
Found Element By : By.className: scb-checkbox
Trying to click on: [[EdgeDriver: msedge on WINDOWS (4aa116c357cd157afca0c4dae3f7ca33)] -> class name: scb-checkbox]
Clicked on: [[EdgeDriver: msedge on WINDOWS (4aa116c357cd157afca0c4dae3f7ca33)] -> class name: scb-checkbox]
Trying to find Element By : By.xpath: //span[@class='scb-checkbox-error error-txt']
Found Element By : By.xpath: //span[@class='scb-checkbox-error error-txt']
Trying to find Element By : By.xpath: //span[@class='close-icon1']
Found Element By : By.xpath: //span[@class='close-icon1']
Trying to find Element By : By.xpath: //span[@class='close-icon1']
Found Element By : By.xpath: //span[@class='close-icon1']
Trying to click on: [[EdgeDriver: msedge on WINDOWS (4aa116c357cd157afca0c4dae3f7ca33)] -> xpath: //span[@class='close-icon1']]
Clicked on: [[EdgeDriver: msedge on WINDOWS (4aa116c357cd157afca0c4dae3f7ca33)] -> xpath: //span[@class='close-icon1']]
]]></system-out>
  </testcase>
  <testcase name="verifyschedulePopupwithoutmindata" classname="SeleniumTesting.AEMhdfc.HomepageTest" time="6.531">
    <system-out><![CDATA[Trying to find Element By : By.xpath: //button[@class='btn btn-primary btnred schedule-btn scb-data-layer']
Found Element By : By.xpath: //button[@class='btn btn-primary btnred schedule-btn scb-data-layer']
Trying to click on: [[EdgeDriver: msedge on WINDOWS (4aa116c357cd157afca0c4dae3f7ca33)] -> xpath: //button[@class='btn btn-primary btnred schedule-btn scb-data-layer']]
Clicked on: [[EdgeDriver: msedge on WINDOWS (4aa116c357cd157afca0c4dae3f7ca33)] -> xpath: //button[@class='btn btn-primary btnred schedule-btn scb-data-layer']]
Trying to find Element By : By.xpath: //input[@class='first-name']
Found Element By : By.xpath: //input[@class='first-name']
Trying to find Element By : By.xpath: //input[@class='modilewidth']
Found Element By : By.xpath: //input[@class='modilewidth']
Trying to find Element By : By.xpath: //span[contains(text(),'Field should contain minimum 3 and max 50 characters')]
Found Element By : By.xpath: //span[contains(text(),'Field should contain minimum 3 and max 50 characters')]
Trying to find Element By : By.xpath: //span[contains(text(),'Field should contain minimum 3 and max 50 characters')]
Found Element By : By.xpath: //span[contains(text(),'Field should contain minimum 3 and max 50 characters')]
Trying to find Element By : By.xpath: //span[contains(text(),'Field should contain minimum 3 and max 50 characters')]
Found Element By : By.xpath: //span[contains(text(),'Field should contain minimum 3 and max 50 characters')]
Trying to find Element By : By.xpath: //span[contains(text(),'Please enter valid mobile number')]
Found Element By : By.xpath: //span[contains(text(),'Please enter valid mobile number')]
Trying to find Element By : By.xpath: //span[@class='close-icon1']
Found Element By : By.xpath: //span[@class='close-icon1']
Trying to find Element By : By.xpath: //span[@class='close-icon1']
Found Element By : By.xpath: //span[@class='close-icon1']
Trying to click on: [[EdgeDriver: msedge on WINDOWS (4aa116c357cd157afca0c4dae3f7ca33)] -> xpath: //span[@class='close-icon1']]
Clicked on: [[EdgeDriver: msedge on WINDOWS (4aa116c357cd157afca0c4dae3f7ca33)] -> xpath: //span[@class='close-icon1']]
]]></system-out>
  </testcase>
  <testcase name="verifycalculatorWithValidData" classname="SeleniumTesting.AEMhdfc.HomepageTest" time="41.576">
    <system-out><![CDATA[Trying to find Element By : By.xpath: //h5[contains(text(),'How Much Life Insurance')]
Found Element By : By.xpath: //h5[contains(text(),'How Much Life Insurance')]
Trying to find Element By : By.xpath: //button[@class='calculate-btn btn btn-primary btnred cal-data-layer']
Found Element By : By.xpath: //button[@class='calculate-btn btn btn-primary btnred cal-data-layer']
Trying to click on: [[EdgeDriver: msedge on WINDOWS (4aa116c357cd157afca0c4dae3f7ca33)] -> xpath: //button[@class='calculate-btn btn btn-primary btnred cal-data-layer']]
Clicked on: [[EdgeDriver: msedge on WINDOWS (4aa116c357cd157afca0c4dae3f7ca33)] -> xpath: //button[@class='calculate-btn btn btn-primary btnred cal-data-layer']]
Trying to find Element By : By.xpath: (//input[@class='years'])[1]
Found Element By : By.xpath: (//input[@class='years'])[1]
Trying to find Element By : By.xpath: (//input[@class='years'])[2]
Found Element By : By.xpath: (//input[@class='years'])[2]
Trying to find Element By : By.id: annual-income
Found Element By : By.id: annual-income
Trying to find Element By : By.id: monthly-expenses
Found Element By : By.id: monthly-expenses
Trying to find Element By : By.id: insurance-cover
Found Element By : By.id: insurance-cover
Trying to find Element By : By.id: qualification
Found Element By : By.id: qualification
Trying to find Element By : By.xpath: .//option[@value = "graduate"]
Found Element By : By.xpath: .//option[@value = "graduate"]
Trying to find Element By : By.id: liabilities
Found Element By : By.id: liabilities
Trying to find Element By : By.xpath: .//option[@value = "0"]
Found Element By : By.xpath: .//option[@value = "0"]
Trying to find Element By : By.id: calculateHlv
Found Element By : By.id: calculateHlv
Trying to click on: [[EdgeDriver: msedge on WINDOWS (4aa116c357cd157afca0c4dae3f7ca33)] -> id: calculateHlv]
Clicked on: [[EdgeDriver: msedge on WINDOWS (4aa116c357cd157afca0c4dae3f7ca33)] -> id: calculateHlv]
Trying to find Element By : By.xpath: //section[@class='calculator-section calculateSection']//h2[1]
Found Element By : By.xpath: //section[@class='calculator-section calculateSection']//h2[1]
Trying to find Element By : By.xpath: //p[contains(text(),'Your Required life cover to protect your family’s ')]
Found Element By : By.xpath: //p[contains(text(),'Your Required life cover to protect your family’s ')]
Trying to find Element By : By.xpath: //a[@class='siteButton btnred']
Found Element By : By.xpath: //a[@class='siteButton btnred']
Trying to find Element By : By.xpath: //div[@class='recomendPlans']//a[1]
Found Element By : By.xpath: //div[@class='recomendPlans']//a[1]
Trying to find Element By : By.xpath: //div[@class='recomendPlans']//a[1]
Found Element By : By.xpath: //div[@class='recomendPlans']//a[1]
Trying to click on: [[EdgeDriver: msedge on WINDOWS (4aa116c357cd157afca0c4dae3f7ca33)] -> xpath: //div[@class='recomendPlans']//a[1]]
Clicked on: [[EdgeDriver: msedge on WINDOWS (4aa116c357cd157afca0c4dae3f7ca33)] -> xpath: //div[@class='recomendPlans']//a[1]]
Navigating back to previous page
Navigated back to previous page
Trying to find Element By : By.xpath: //button[@class='calculate-btn btn btn-primary btnred cal-data-layer']
Found Element By : By.xpath: //button[@class='calculate-btn btn btn-primary btnred cal-data-layer']
Trying to click on: [[EdgeDriver: msedge on WINDOWS (4aa116c357cd157afca0c4dae3f7ca33)] -> xpath: //button[@class='calculate-btn btn btn-primary btnred cal-data-layer']]
Clicked on: [[EdgeDriver: msedge on WINDOWS (4aa116c357cd157afca0c4dae3f7ca33)] -> xpath: //button[@class='calculate-btn btn btn-primary btnred cal-data-layer']]
Trying to find Element By : By.xpath: (//input[@class='years'])[1]
Found Element By : By.xpath: (//input[@class='years'])[1]
Trying to find Element By : By.xpath: (//input[@class='years'])[2]
Found Element By : By.xpath: (//input[@class='years'])[2]
Trying to find Element By : By.id: annual-income
Found Element By : By.id: annual-income
Trying to find Element By : By.id: monthly-expenses
Found Element By : By.id: monthly-expenses
Trying to find Element By : By.id: insurance-cover
Found Element By : By.id: insurance-cover
Trying to find Element By : By.id: qualification
Found Element By : By.id: qualification
Trying to find Element By : By.xpath: .//option[@value = "graduate"]
Found Element By : By.xpath: .//option[@value = "graduate"]
Trying to find Element By : By.id: liabilities
Found Element By : By.id: liabilities
Trying to find Element By : By.xpath: .//option[@value = "0"]
Found Element By : By.xpath: .//option[@value = "0"]
Trying to find Element By : By.id: calculateHlv
Found Element By : By.id: calculateHlv
Trying to click on: [[EdgeDriver: msedge on WINDOWS (4aa116c357cd157afca0c4dae3f7ca33)] -> id: calculateHlv]
Clicked on: [[EdgeDriver: msedge on WINDOWS (4aa116c357cd157afca0c4dae3f7ca33)] -> id: calculateHlv]
Trying to find Element By : By.xpath: //a[@class='siteButton btnred']
Found Element By : By.xpath: //a[@class='siteButton btnred']
Trying to click on: [[EdgeDriver: msedge on WINDOWS (4aa116c357cd157afca0c4dae3f7ca33)] -> xpath: //a[@class='siteButton btnred']]
Clicked on: [[EdgeDriver: msedge on WINDOWS (4aa116c357cd157afca0c4dae3f7ca33)] -> xpath: //a[@class='siteButton btnred']]
Navigating back to previous page
Navigated back to previous page
]]></system-out>
  </testcase>
  <testcase name="verifyCalculatorCloseBtn" classname="SeleniumTesting.AEMhdfc.HomepageTest" time="9.24">
    <system-out><![CDATA[Trying to find Element By : By.xpath: //button[@class='calculate-btn btn btn-primary btnred cal-data-layer']
Found Element By : By.xpath: //button[@class='calculate-btn btn btn-primary btnred cal-data-layer']
Trying to click on: [[EdgeDriver: msedge on WINDOWS (4aa116c357cd157afca0c4dae3f7ca33)] -> xpath: //button[@class='calculate-btn btn btn-primary btnred cal-data-layer']]
Clicked on: [[EdgeDriver: msedge on WINDOWS (4aa116c357cd157afca0c4dae3f7ca33)] -> xpath: //button[@class='calculate-btn btn btn-primary btnred cal-data-layer']]
Trying to find Element By : By.xpath: //span[@class='close-icon calculateClose']
Found Element By : By.xpath: //span[@class='close-icon calculateClose']
Trying to find Element By : By.xpath: //span[@class='close-icon calculateClose']
Found Element By : By.xpath: //span[@class='close-icon calculateClose']
Trying to click on: [[EdgeDriver: msedge on WINDOWS (4aa116c357cd157afca0c4dae3f7ca33)] -> xpath: //span[@class='close-icon calculateClose']]
Clicked on: [[EdgeDriver: msedge on WINDOWS (4aa116c357cd157afca0c4dae3f7ca33)] -> xpath: //span[@class='close-icon calculateClose']]
]]></system-out>
  </testcase>
  <testcase name="verifySanchayPlusBuyNowBtn" classname="SeleniumTesting.AEMhdfc.HomepageTest" time="12.85">
    <system-out><![CDATA[Trying to find Element By : By.xpath: //a[@data-button-name='BUY NOW']
Found Element By : By.xpath: //a[@data-button-name='BUY NOW']
Trying to find Element By : By.xpath: //a[@data-button-name='BUY NOW']
Found Element By : By.xpath: //a[@data-button-name='BUY NOW']
Trying to click on: [[EdgeDriver: msedge on WINDOWS (4aa116c357cd157afca0c4dae3f7ca33)] -> xpath: //a[@data-button-name='BUY NOW']]
Clicked on: [[EdgeDriver: msedge on WINDOWS (4aa116c357cd157afca0c4dae3f7ca33)] -> xpath: //a[@data-button-name='BUY NOW']]
]]></system-out>
  </testcase>
  <testcase name="verifyDisclaimer" classname="SeleniumTesting.AEMhdfc.HomepageTest" time="15.186">
    <system-out><![CDATA[Trying to find Element By : By.xpath: //a[@data-toggle='collapse']
Found Element By : By.xpath: //a[@data-toggle='collapse']
Trying to find Element By : By.xpath: //a[@data-toggle='collapse']
Found Element By : By.xpath: //a[@data-toggle='collapse']
Trying to find Element By : By.xpath: //a[@data-toggle='collapse']
Found Element By : By.xpath: //a[@data-toggle='collapse']
Trying to click on: [[EdgeDriver: msedge on WINDOWS (4aa116c357cd157afca0c4dae3f7ca33)] -> xpath: //a[@data-toggle='collapse']]
Clicked on: [[EdgeDriver: msedge on WINDOWS (4aa116c357cd157afca0c4dae3f7ca33)] -> xpath: //a[@data-toggle='collapse']]
]]></system-out>
  </testcase>
  <testcase name="verifyProductAndPopularLinks" classname="SeleniumTesting.AEMhdfc.HomepageTest" time="6.574">
    <system-out><![CDATA[19:39:35.817 [main] INFO  PageObjects.Homepage - Popular and Product Listing Footer link check started
Trying to find Element By : By.cssSelector: .wrapper.footerMenuSec a
Found Element By : By.cssSelector: .wrapper.footerMenuSec a
19:39:36.530 [main] INFO  PageObjects.Homepage - https://www.hdfclife.com/term-insurance-plans------>OK
19:39:36.603 [main] INFO  PageObjects.Homepage - https://www.hdfclife.com/ulip-plans------>OK
19:39:36.838 [main] INFO  PageObjects.Homepage - https://onlinepayments.hdfclife.com/HDFCLife/quick_pay.html?source=NW_HP_PP_POPLinks&agentcode=00399206&utm_medium=website&utm_source=home-page&utm_campaign&utm_content=banner&prod=PP------>OK
19:39:36.948 [main] INFO  PageObjects.Homepage - https://myaccount.hdfclife.com/?source=NW_HP_MyACC_POPLinks&agentcode=00399206&utm_medium=website&utm_source=home-page&utm_campaign&utm_content=banner&prod=MyACC------>OK
19:39:37.022 [main] INFO  PageObjects.Homepage - https://www.hdfclife.com/fund-performance------>OK
19:39:37.119 [main] INFO  PageObjects.Homepage - https://www.hdfclife.com/term-insurance-plans/click-2-protect-life------>OK
19:39:37.204 [main] INFO  PageObjects.Homepage - https://www.hdfclife.com/term-insurance-plans/saral-jeevan-bima------>OK
19:39:37.306 [main] INFO  PageObjects.Homepage - https://www.hdfclife.com/term-insurance-plans------>OK
19:39:37.375 [main] INFO  PageObjects.Homepage - https://www.hdfclife.com/ulip-plans/click-2-wealth-ulip-plan------>OK
19:39:37.446 [main] INFO  PageObjects.Homepage - https://www.hdfclife.com/ulip-plans/click-2-invest-ulip-plan------>OK
19:39:37.539 [main] INFO  PageObjects.Homepage - https://www.hdfclife.com/ulip-plans/progrowth-plus-ulip-plan------>OK
19:39:37.615 [main] INFO  PageObjects.Homepage - https://www.hdfclife.com/ulip-plans------>OK
19:39:37.680 [main] INFO  PageObjects.Homepage - https://www.hdfclife.com/children-insurance-plans/youngstar-super-premium------>OK
19:39:37.765 [main] INFO  PageObjects.Homepage - https://www.hdfclife.com/children-insurance-plans/youngstar-udaan------>OK
19:39:37.846 [main] INFO  PageObjects.Homepage - https://www.hdfclife.com/children-insurance-plans------>OK
19:39:37.946 [main] INFO  PageObjects.Homepage - https://www.hdfclife.com/savings-plans/pos-guaranteed-savings-plan------>OK
19:39:38.014 [main] INFO  PageObjects.Homepage - https://www.hdfclife.com/retirement-and-pension-plans/pension-guaranteed-plan------>OK
19:39:38.084 [main] INFO  PageObjects.Homepage - https://www.hdfclife.com/retirement-and-pension-plans/new-immediate-annuity-plan------>OK
19:39:38.162 [main] INFO  PageObjects.Homepage - https://www.hdfclife.com/retirement-and-pension-plans/guaranteed-pension-plan------>OK
19:39:38.262 [main] INFO  PageObjects.Homepage - https://www.hdfclife.com/retirement-and-pension-plans/click-2-retire------>OK
19:39:38.324 [main] INFO  PageObjects.Homepage - https://www.hdfclife.com/retirement-and-pension-plans------>OK
19:39:38.404 [main] INFO  PageObjects.Homepage - https://www.hdfclife.com/savings-plans/sanchay-fixed-maturity-plan------>OK
19:39:38.480 [main] INFO  PageObjects.Homepage - https://www.hdfclife.com/savings-plans/sanchay-par-advantage------>OK
19:39:38.569 [main] INFO  PageObjects.Homepage - https://www.hdfclife.com/savings-plans/sanchay-plus------>OK
19:39:38.635 [main] INFO  PageObjects.Homepage - https://www.hdfclife.com/savings-plans------>OK
19:39:39.005 [main] INFO  PageObjects.Homepage - https://www.hdfclife.com/health-insurance-plans/click-2-protect-corona-kavach------>OK
19:39:39.064 [main] INFO  PageObjects.Homepage - https://www.hdfclife.com/health-insurance-plans/click-2-protect-health-plan------>OK
19:39:39.132 [main] INFO  PageObjects.Homepage - https://www.hdfclife.com/health-insurance-plans/cancer-care-insurance------>OK
19:39:39.207 [main] INFO  PageObjects.Homepage - https://www.hdfclife.com/health-insurance-plans/cardiac-care------>OK
19:39:39.285 [main] INFO  PageObjects.Homepage - https://www.hdfclife.com/health-insurance-plans------>OK
19:39:39.358 [main] INFO  PageObjects.Homepage - https://www.hdfclife.com/sanchay-maximiser------>OK
19:39:39.358 [main] INFO  PageObjects.Homepage - Popular and Product Listing Footer link check ended
]]></system-out>
  </testcase>
  <testcase name="verifyStayConnectedwithUs" classname="SeleniumTesting.AEMhdfc.HomepageTest" time="8.806">
    <system-out><![CDATA[19:39:42.374 [main] INFO  PageObjects.Homepage - Stay Connected With Us Footer link check started
Trying to find Element By : By.cssSelector: .stayConnectedSec.footerFormBlk a
Found Element By : By.cssSelector: .stayConnectedSec.footerFormBlk a
Trying to find Element By : By.cssSelector: .stayConnectedSec.footerFormBlk a
Found Element By : By.cssSelector: .stayConnectedSec.footerFormBlk a
Trying to find Element By : By.cssSelector: .stayConnectedSec.footerFormBlk a
Found Element By : By.cssSelector: .stayConnectedSec.footerFormBlk a
Trying to find Element By : By.cssSelector: .stayConnectedSec.footerFormBlk a
Found Element By : By.cssSelector: .stayConnectedSec.footerFormBlk a
Trying to find Element By : By.cssSelector: .stayConnectedSec.footerFormBlk a
Found Element By : By.cssSelector: .stayConnectedSec.footerFormBlk a
Trying to find Element By : By.cssSelector: .stayConnectedSec.footerFormBlk a
Found Element By : By.cssSelector: .stayConnectedSec.footerFormBlk a
Trying to find Element By : By.cssSelector: .stayConnectedSec.footerFormBlk a
Found Element By : By.cssSelector: .stayConnectedSec.footerFormBlk a
Trying to find Element By : By.cssSelector: .stayConnectedSec.footerFormBlk a
Found Element By : By.cssSelector: .stayConnectedSec.footerFormBlk a
Trying to find Element By : By.cssSelector: .stayConnectedSec.footerFormBlk a
Found Element By : By.cssSelector: .stayConnectedSec.footerFormBlk a
Trying to find Element By : By.cssSelector: .stayConnectedSec.footerFormBlk a
Found Element By : By.cssSelector: .stayConnectedSec.footerFormBlk a
Trying to find Element By : By.cssSelector: .stayConnectedSec.footerFormBlk a
Found Element By : By.cssSelector: .stayConnectedSec.footerFormBlk a
Trying to find Element By : By.cssSelector: .stayConnectedSec.footerFormBlk a
Found Element By : By.cssSelector: .stayConnectedSec.footerFormBlk a
Trying to find Element By : By.cssSelector: .stayConnectedSec.footerFormBlk a
Found Element By : By.cssSelector: .stayConnectedSec.footerFormBlk a
Trying to find Element By : By.cssSelector: .stayConnectedSec.footerFormBlk a
Found Element By : By.cssSelector: .stayConnectedSec.footerFormBlk a
Trying to find Element By : By.cssSelector: .stayConnectedSec.footerFormBlk a
Found Element By : By.cssSelector: .stayConnectedSec.footerFormBlk a
Trying to find Element By : By.cssSelector: .stayConnectedSec.footerFormBlk a
Found Element By : By.cssSelector: .stayConnectedSec.footerFormBlk a
Trying to find Element By : By.cssSelector: .stayConnectedSec.footerFormBlk a
Found Element By : By.cssSelector: .stayConnectedSec.footerFormBlk a
Trying to find Element By : By.cssSelector: .stayConnectedSec.footerFormBlk a
Found Element By : By.cssSelector: .stayConnectedSec.footerFormBlk a
Trying to find Element By : By.cssSelector: .stayConnectedSec.footerFormBlk a
Found Element By : By.cssSelector: .stayConnectedSec.footerFormBlk a
Trying to find Element By : By.cssSelector: .stayConnectedSec.footerFormBlk a
Found Element By : By.cssSelector: .stayConnectedSec.footerFormBlk a
Trying to find Element By : By.cssSelector: .stayConnectedSec.footerFormBlk a
Found Element By : By.cssSelector: .stayConnectedSec.footerFormBlk a
Trying to find Element By : By.cssSelector: .stayConnectedSec.footerFormBlk a
Found Element By : By.cssSelector: .stayConnectedSec.footerFormBlk a
Trying to find Element By : By.cssSelector: .stayConnectedSec.footerFormBlk a
Found Element By : By.cssSelector: .stayConnectedSec.footerFormBlk a
Trying to find Element By : By.cssSelector: .stayConnectedSec.footerFormBlk a
Found Element By : By.cssSelector: .stayConnectedSec.footerFormBlk a
Trying to find Element By : By.cssSelector: .stayConnectedSec.footerFormBlk a
Found Element By : By.cssSelector: .stayConnectedSec.footerFormBlk a
19:39:44.541 [main] INFO  PageObjects.Homepage - https://www.facebook.com/HDFClife------>OK
19:39:44.814 [main] INFO  PageObjects.Homepage - https://www.linkedin.com/company/hdfc-life------>Request denied
19:39:45.223 [main] INFO  PageObjects.Homepage - https://twitter.com/HDFClife------>OK
19:39:45.562 [main] INFO  PageObjects.Homepage - https://www.youtube.com/user/hdfclife10------>OK
19:39:46.368 [main] INFO  PageObjects.Homepage - https://www.instagram.com/hdfclife/------>OK
19:39:48.163 [main] INFO  PageObjects.Homepage - https://www.slideshare.net/hdfclife------>OK
19:39:48.163 [main] INFO  PageObjects.Homepage - Stay Connected With Us Footer link check ended
]]></system-out>
  </testcase>
  <testcase name="verifyDownloadLinks" classname="SeleniumTesting.AEMhdfc.HomepageTest" time="12.711">
    <system-out><![CDATA[Trying to find Element By : By.xpath: //a[@class='appleIcon']
Found Element By : By.xpath: //a[@class='appleIcon']
Trying to click on: [[EdgeDriver: msedge on WINDOWS (4aa116c357cd157afca0c4dae3f7ca33)] -> xpath: //a[@class='appleIcon']]
Clicked on: [[EdgeDriver: msedge on WINDOWS (4aa116c357cd157afca0c4dae3f7ca33)] -> xpath: //a[@class='appleIcon']]
Trying to find Element By : By.xpath: (//a[@data-position='Download App Icon'])[2]
Found Element By : By.xpath: (//a[@data-position='Download App Icon'])[2]
Trying to click on: [[EdgeDriver: msedge on WINDOWS (4aa116c357cd157afca0c4dae3f7ca33)] -> xpath: (//a[@data-position='Download App Icon'])[2]]
Clicked on: [[EdgeDriver: msedge on WINDOWS (4aa116c357cd157afca0c4dae3f7ca33)] -> xpath: (//a[@data-position='Download App Icon'])[2]]
]]></system-out>
  </testcase>
  <testcase name="verifySubscribeOptionWithValidData" classname="SeleniumTesting.AEMhdfc.HomepageTest" time="9.26">
    <system-out><![CDATA[Trying to find Element By : By.className: emailAddress
Found Element By : By.className: emailAddress
Trying to find Element By : By.className: emailAddress
Found Element By : By.className: emailAddress
Trying to click on: [[EdgeDriver: msedge on WINDOWS (4aa116c357cd157afca0c4dae3f7ca33)] -> class name: emailAddress]
Clicked on: [[EdgeDriver: msedge on WINDOWS (4aa116c357cd157afca0c4dae3f7ca33)] -> class name: emailAddress]
Trying to find Element By : By.id: subscribeButton
Found Element By : By.id: subscribeButton
Trying to find Element By : By.className: emailAddress
Found Element By : By.className: emailAddress
Trying to find Element By : By.id: subscribeButton
Found Element By : By.id: subscribeButton
Trying to click on: [[EdgeDriver: msedge on WINDOWS (4aa116c357cd157afca0c4dae3f7ca33)] -> id: subscribeButton]
Clicked on: [[EdgeDriver: msedge on WINDOWS (4aa116c357cd157afca0c4dae3f7ca33)] -> id: subscribeButton]
Trying to find Element By : By.xpath: //span[@class='message-success-subscribe']
Found Element By : By.xpath: //span[@class='message-success-subscribe']
Trying to find Element By : By.xpath: //span[@class='message-success-subscribe']
Found Element By : By.xpath: //span[@class='message-success-subscribe']
]]></system-out>
  </testcase>
  <testcase name="verifyGroupWebsitesLinks" classname="SeleniumTesting.AEMhdfc.HomepageTest" time="14.993">
    <system-out><![CDATA[19:40:13.156 [main] INFO  PageObjects.Homepage - Group Websites link check started
Trying to find Element By : By.cssSelector: .wrapper.externalLinks a
Found Element By : By.cssSelector: .wrapper.externalLinks a
Trying to find Element By : By.cssSelector: .wrapper.externalLinks a
Found Element By : By.cssSelector: .wrapper.externalLinks a
Trying to find Element By : By.cssSelector: .wrapper.externalLinks a
Found Element By : By.cssSelector: .wrapper.externalLinks a
Trying to find Element By : By.cssSelector: .wrapper.externalLinks a
Found Element By : By.cssSelector: .wrapper.externalLinks a
Trying to find Element By : By.cssSelector: .wrapper.externalLinks a
Found Element By : By.cssSelector: .wrapper.externalLinks a
Trying to find Element By : By.cssSelector: .wrapper.externalLinks a
Found Element By : By.cssSelector: .wrapper.externalLinks a
Trying to find Element By : By.cssSelector: .wrapper.externalLinks a
Found Element By : By.cssSelector: .wrapper.externalLinks a
Trying to find Element By : By.cssSelector: .wrapper.externalLinks a
Found Element By : By.cssSelector: .wrapper.externalLinks a
Trying to find Element By : By.cssSelector: .wrapper.externalLinks a
Found Element By : By.cssSelector: .wrapper.externalLinks a
Trying to find Element By : By.cssSelector: .wrapper.externalLinks a
Found Element By : By.cssSelector: .wrapper.externalLinks a
Trying to find Element By : By.cssSelector: .wrapper.externalLinks a
Found Element By : By.cssSelector: .wrapper.externalLinks a
Trying to find Element By : By.cssSelector: .wrapper.externalLinks a
Found Element By : By.cssSelector: .wrapper.externalLinks a
Trying to find Element By : By.cssSelector: .wrapper.externalLinks a
Found Element By : By.cssSelector: .wrapper.externalLinks a
Trying to find Element By : By.cssSelector: .wrapper.externalLinks a
Found Element By : By.cssSelector: .wrapper.externalLinks a
Trying to find Element By : By.cssSelector: .wrapper.externalLinks a
Found Element By : By.cssSelector: .wrapper.externalLinks a
Trying to find Element By : By.cssSelector: .wrapper.externalLinks a
Found Element By : By.cssSelector: .wrapper.externalLinks a
Trying to find Element By : By.cssSelector: .wrapper.externalLinks a
Found Element By : By.cssSelector: .wrapper.externalLinks a
Trying to find Element By : By.cssSelector: .wrapper.externalLinks a
Found Element By : By.cssSelector: .wrapper.externalLinks a
Trying to find Element By : By.cssSelector: .wrapper.externalLinks a
Found Element By : By.cssSelector: .wrapper.externalLinks a
Trying to find Element By : By.cssSelector: .wrapper.externalLinks a
Found Element By : By.cssSelector: .wrapper.externalLinks a
Trying to find Element By : By.cssSelector: .wrapper.externalLinks a
Found Element By : By.cssSelector: .wrapper.externalLinks a
Trying to find Element By : By.cssSelector: .wrapper.externalLinks a
Found Element By : By.cssSelector: .wrapper.externalLinks a
Trying to find Element By : By.cssSelector: .wrapper.externalLinks a
Found Element By : By.cssSelector: .wrapper.externalLinks a
Trying to find Element By : By.cssSelector: .wrapper.externalLinks a
Found Element By : By.cssSelector: .wrapper.externalLinks a
Trying to find Element By : By.cssSelector: .wrapper.externalLinks a
Found Element By : By.cssSelector: .wrapper.externalLinks a
Trying to find Element By : By.cssSelector: .wrapper.externalLinks a
Found Element By : By.cssSelector: .wrapper.externalLinks a
Trying to find Element By : By.cssSelector: .wrapper.externalLinks a
Found Element By : By.cssSelector: .wrapper.externalLinks a
Trying to find Element By : By.cssSelector: .wrapper.externalLinks a
Found Element By : By.cssSelector: .wrapper.externalLinks a
Trying to find Element By : By.cssSelector: .wrapper.externalLinks a
Found Element By : By.cssSelector: .wrapper.externalLinks a
Trying to find Element By : By.cssSelector: .wrapper.externalLinks a
Found Element By : By.cssSelector: .wrapper.externalLinks a
Trying to find Element By : By.cssSelector: .wrapper.externalLinks a
Found Element By : By.cssSelector: .wrapper.externalLinks a
Trying to find Element By : By.cssSelector: .wrapper.externalLinks a
Found Element By : By.cssSelector: .wrapper.externalLinks a
Trying to find Element By : By.cssSelector: .wrapper.externalLinks a
Found Element By : By.cssSelector: .wrapper.externalLinks a
Trying to find Element By : By.cssSelector: .wrapper.externalLinks a
Found Element By : By.cssSelector: .wrapper.externalLinks a
Trying to find Element By : By.cssSelector: .wrapper.externalLinks a
Found Element By : By.cssSelector: .wrapper.externalLinks a
Trying to find Element By : By.cssSelector: .wrapper.externalLinks a
Found Element By : By.cssSelector: .wrapper.externalLinks a
Trying to find Element By : By.cssSelector: .wrapper.externalLinks a
Found Element By : By.cssSelector: .wrapper.externalLinks a
Trying to find Element By : By.cssSelector: .wrapper.externalLinks a
Found Element By : By.cssSelector: .wrapper.externalLinks a
Trying to find Element By : By.cssSelector: .wrapper.externalLinks a
Found Element By : By.cssSelector: .wrapper.externalLinks a
Trying to find Element By : By.cssSelector: .wrapper.externalLinks a
Found Element By : By.cssSelector: .wrapper.externalLinks a
Trying to find Element By : By.cssSelector: .wrapper.externalLinks a
Found Element By : By.cssSelector: .wrapper.externalLinks a
Trying to find Element By : By.cssSelector: .wrapper.externalLinks a
Found Element By : By.cssSelector: .wrapper.externalLinks a
Trying to find Element By : By.cssSelector: .wrapper.externalLinks a
Found Element By : By.cssSelector: .wrapper.externalLinks a
Trying to find Element By : By.cssSelector: .wrapper.externalLinks a
Found Element By : By.cssSelector: .wrapper.externalLinks a
Trying to find Element By : By.cssSelector: .wrapper.externalLinks a
Found Element By : By.cssSelector: .wrapper.externalLinks a
Trying to find Element By : By.cssSelector: .wrapper.externalLinks a
Found Element By : By.cssSelector: .wrapper.externalLinks a
Trying to find Element By : By.cssSelector: .wrapper.externalLinks a
Found Element By : By.cssSelector: .wrapper.externalLinks a
Trying to find Element By : By.cssSelector: .wrapper.externalLinks a
Found Element By : By.cssSelector: .wrapper.externalLinks a
Trying to find Element By : By.cssSelector: .wrapper.externalLinks a
Found Element By : By.cssSelector: .wrapper.externalLinks a
Trying to find Element By : By.cssSelector: .wrapper.externalLinks a
Found Element By : By.cssSelector: .wrapper.externalLinks a
Trying to find Element By : By.cssSelector: .wrapper.externalLinks a
Found Element By : By.cssSelector: .wrapper.externalLinks a
Trying to find Element By : By.cssSelector: .wrapper.externalLinks a
Found Element By : By.cssSelector: .wrapper.externalLinks a
Trying to find Element By : By.cssSelector: .wrapper.externalLinks a
Found Element By : By.cssSelector: .wrapper.externalLinks a
Trying to find Element By : By.cssSelector: .wrapper.externalLinks a
Found Element By : By.cssSelector: .wrapper.externalLinks a
Trying to find Element By : By.cssSelector: .wrapper.externalLinks a
Found Element By : By.cssSelector: .wrapper.externalLinks a
Trying to find Element By : By.cssSelector: .wrapper.externalLinks a
Found Element By : By.cssSelector: .wrapper.externalLinks a
Trying to find Element By : By.cssSelector: .wrapper.externalLinks a
Found Element By : By.cssSelector: .wrapper.externalLinks a
Trying to find Element By : By.cssSelector: .wrapper.externalLinks a
Found Element By : By.cssSelector: .wrapper.externalLinks a
Trying to find Element By : By.cssSelector: .wrapper.externalLinks a
Found Element By : By.cssSelector: .wrapper.externalLinks a
Trying to find Element By : By.cssSelector: .wrapper.externalLinks a
Found Element By : By.cssSelector: .wrapper.externalLinks a
Trying to find Element By : By.cssSelector: .wrapper.externalLinks a
Found Element By : By.cssSelector: .wrapper.externalLinks a
Trying to find Element By : By.cssSelector: .wrapper.externalLinks a
Found Element By : By.cssSelector: .wrapper.externalLinks a
Trying to find Element By : By.cssSelector: .wrapper.externalLinks a
Found Element By : By.cssSelector: .wrapper.externalLinks a
Trying to find Element By : By.cssSelector: .wrapper.externalLinks a
Found Element By : By.cssSelector: .wrapper.externalLinks a
Trying to find Element By : By.cssSelector: .wrapper.externalLinks a
Found Element By : By.cssSelector: .wrapper.externalLinks a
Trying to find Element By : By.cssSelector: .wrapper.externalLinks a
Found Element By : By.cssSelector: .wrapper.externalLinks a
Trying to find Element By : By.cssSelector: .wrapper.externalLinks a
Found Element By : By.cssSelector: .wrapper.externalLinks a
Trying to find Element By : By.cssSelector: .wrapper.externalLinks a
Found Element By : By.cssSelector: .wrapper.externalLinks a
Trying to find Element By : By.cssSelector: .wrapper.externalLinks a
Found Element By : By.cssSelector: .wrapper.externalLinks a
Trying to find Element By : By.cssSelector: .wrapper.externalLinks a
Found Element By : By.cssSelector: .wrapper.externalLinks a
Trying to find Element By : By.cssSelector: .wrapper.externalLinks a
Found Element By : By.cssSelector: .wrapper.externalLinks a
Trying to find Element By : By.cssSelector: .wrapper.externalLinks a
Found Element By : By.cssSelector: .wrapper.externalLinks a
Trying to find Element By : By.cssSelector: .wrapper.externalLinks a
Found Element By : By.cssSelector: .wrapper.externalLinks a
Trying to find Element By : By.cssSelector: .wrapper.externalLinks a
Found Element By : By.cssSelector: .wrapper.externalLinks a
Trying to find Element By : By.cssSelector: .wrapper.externalLinks a
Found Element By : By.cssSelector: .wrapper.externalLinks a
Trying to find Element By : By.cssSelector: .wrapper.externalLinks a
Found Element By : By.cssSelector: .wrapper.externalLinks a
Trying to find Element By : By.cssSelector: .wrapper.externalLinks a
Found Element By : By.cssSelector: .wrapper.externalLinks a
Trying to find Element By : By.cssSelector: .wrapper.externalLinks a
Found Element By : By.cssSelector: .wrapper.externalLinks a
Trying to find Element By : By.cssSelector: .wrapper.externalLinks a
Found Element By : By.cssSelector: .wrapper.externalLinks a
Trying to find Element By : By.cssSelector: .wrapper.externalLinks a
Found Element By : By.cssSelector: .wrapper.externalLinks a
Trying to find Element By : By.cssSelector: .wrapper.externalLinks a
Found Element By : By.cssSelector: .wrapper.externalLinks a
Trying to find Element By : By.cssSelector: .wrapper.externalLinks a
Found Element By : By.cssSelector: .wrapper.externalLinks a
Trying to find Element By : By.cssSelector: .wrapper.externalLinks a
Found Element By : By.cssSelector: .wrapper.externalLinks a
Trying to find Element By : By.cssSelector: .wrapper.externalLinks a
Found Element By : By.cssSelector: .wrapper.externalLinks a
Trying to find Element By : By.cssSelector: .wrapper.externalLinks a
Found Element By : By.cssSelector: .wrapper.externalLinks a
Trying to find Element By : By.cssSelector: .wrapper.externalLinks a
Found Element By : By.cssSelector: .wrapper.externalLinks a
Trying to find Element By : By.cssSelector: .wrapper.externalLinks a
Found Element By : By.cssSelector: .wrapper.externalLinks a
Trying to find Element By : By.cssSelector: .wrapper.externalLinks a
Found Element By : By.cssSelector: .wrapper.externalLinks a
Trying to find Element By : By.cssSelector: .wrapper.externalLinks a
Found Element By : By.cssSelector: .wrapper.externalLinks a
Trying to find Element By : By.cssSelector: .wrapper.externalLinks a
Found Element By : By.cssSelector: .wrapper.externalLinks a
Trying to find Element By : By.cssSelector: .wrapper.externalLinks a
Found Element By : By.cssSelector: .wrapper.externalLinks a
Trying to find Element By : By.cssSelector: .wrapper.externalLinks a
Found Element By : By.cssSelector: .wrapper.externalLinks a
Trying to find Element By : By.cssSelector: .wrapper.externalLinks a
Found Element By : By.cssSelector: .wrapper.externalLinks a
Trying to find Element By : By.cssSelector: .wrapper.externalLinks a
Found Element By : By.cssSelector: .wrapper.externalLinks a
Trying to find Element By : By.cssSelector: .wrapper.externalLinks a
Found Element By : By.cssSelector: .wrapper.externalLinks a
Trying to find Element By : By.cssSelector: .wrapper.externalLinks a
Found Element By : By.cssSelector: .wrapper.externalLinks a
Trying to find Element By : By.cssSelector: .wrapper.externalLinks a
Found Element By : By.cssSelector: .wrapper.externalLinks a
Trying to find Element By : By.cssSelector: .wrapper.externalLinks a
Found Element By : By.cssSelector: .wrapper.externalLinks a
Trying to find Element By : By.cssSelector: .wrapper.externalLinks a
Found Element By : By.cssSelector: .wrapper.externalLinks a
Trying to find Element By : By.cssSelector: .wrapper.externalLinks a
Found Element By : By.cssSelector: .wrapper.externalLinks a
Trying to find Element By : By.cssSelector: .wrapper.externalLinks a
Found Element By : By.cssSelector: .wrapper.externalLinks a
Trying to find Element By : By.cssSelector: .wrapper.externalLinks a
Found Element By : By.cssSelector: .wrapper.externalLinks a
Trying to find Element By : By.cssSelector: .wrapper.externalLinks a
Found Element By : By.cssSelector: .wrapper.externalLinks a
Trying to find Element By : By.cssSelector: .wrapper.externalLinks a
Found Element By : By.cssSelector: .wrapper.externalLinks a
Trying to find Element By : By.cssSelector: .wrapper.externalLinks a
Found Element By : By.cssSelector: .wrapper.externalLinks a
Trying to find Element By : By.cssSelector: .wrapper.externalLinks a
Found Element By : By.cssSelector: .wrapper.externalLinks a
Trying to find Element By : By.cssSelector: .wrapper.externalLinks a
Found Element By : By.cssSelector: .wrapper.externalLinks a
Trying to find Element By : By.cssSelector: .wrapper.externalLinks a
Found Element By : By.cssSelector: .wrapper.externalLinks a
Trying to find Element By : By.cssSelector: .wrapper.externalLinks a
Found Element By : By.cssSelector: .wrapper.externalLinks a
Trying to find Element By : By.cssSelector: .wrapper.externalLinks a
Found Element By : By.cssSelector: .wrapper.externalLinks a
Trying to find Element By : By.cssSelector: .wrapper.externalLinks a
Found Element By : By.cssSelector: .wrapper.externalLinks a
Trying to find Element By : By.cssSelector: .wrapper.externalLinks a
Found Element By : By.cssSelector: .wrapper.externalLinks a
Trying to find Element By : By.cssSelector: .wrapper.externalLinks a
Found Element By : By.cssSelector: .wrapper.externalLinks a
Trying to find Element By : By.cssSelector: .wrapper.externalLinks a
Found Element By : By.cssSelector: .wrapper.externalLinks a
Trying to find Element By : By.cssSelector: .wrapper.externalLinks a
Found Element By : By.cssSelector: .wrapper.externalLinks a
Trying to find Element By : By.cssSelector: .wrapper.externalLinks a
Found Element By : By.cssSelector: .wrapper.externalLinks a
Trying to find Element By : By.cssSelector: .wrapper.externalLinks a
Found Element By : By.cssSelector: .wrapper.externalLinks a
Trying to find Element By : By.cssSelector: .wrapper.externalLinks a
Found Element By : By.cssSelector: .wrapper.externalLinks a
Trying to find Element By : By.cssSelector: .wrapper.externalLinks a
Found Element By : By.cssSelector: .wrapper.externalLinks a
Trying to find Element By : By.cssSelector: .wrapper.externalLinks a
Found Element By : By.cssSelector: .wrapper.externalLinks a
Trying to find Element By : By.cssSelector: .wrapper.externalLinks a
Found Element By : By.cssSelector: .wrapper.externalLinks a
Trying to find Element By : By.cssSelector: .wrapper.externalLinks a
Found Element By : By.cssSelector: .wrapper.externalLinks a
Trying to find Element By : By.cssSelector: .wrapper.externalLinks a
Found Element By : By.cssSelector: .wrapper.externalLinks a
Trying to find Element By : By.cssSelector: .wrapper.externalLinks a
Found Element By : By.cssSelector: .wrapper.externalLinks a
Trying to find Element By : By.cssSelector: .wrapper.externalLinks a
Found Element By : By.cssSelector: .wrapper.externalLinks a
Trying to find Element By : By.cssSelector: .wrapper.externalLinks a
Found Element By : By.cssSelector: .wrapper.externalLinks a
Trying to find Element By : By.cssSelector: .wrapper.externalLinks a
Found Element By : By.cssSelector: .wrapper.externalLinks a
Trying to find Element By : By.cssSelector: .wrapper.externalLinks a
Found Element By : By.cssSelector: .wrapper.externalLinks a
Trying to find Element By : By.cssSelector: .wrapper.externalLinks a
Found Element By : By.cssSelector: .wrapper.externalLinks a
Trying to find Element By : By.cssSelector: .wrapper.externalLinks a
Found Element By : By.cssSelector: .wrapper.externalLinks a
Trying to find Element By : By.cssSelector: .wrapper.externalLinks a
Found Element By : By.cssSelector: .wrapper.externalLinks a
Trying to find Element By : By.cssSelector: .wrapper.externalLinks a
Found Element By : By.cssSelector: .wrapper.externalLinks a
Trying to find Element By : By.cssSelector: .wrapper.externalLinks a
Found Element By : By.cssSelector: .wrapper.externalLinks a
Trying to find Element By : By.cssSelector: .wrapper.externalLinks a
Found Element By : By.cssSelector: .wrapper.externalLinks a
Trying to find Element By : By.cssSelector: .wrapper.externalLinks a
Found Element By : By.cssSelector: .wrapper.externalLinks a
Trying to find Element By : By.cssSelector: .wrapper.externalLinks a
Found Element By : By.cssSelector: .wrapper.externalLinks a
Trying to find Element By : By.cssSelector: .wrapper.externalLinks a
Found Element By : By.cssSelector: .wrapper.externalLinks a
Trying to find Element By : By.cssSelector: .wrapper.externalLinks a
Found Element By : By.cssSelector: .wrapper.externalLinks a
Trying to find Element By : By.cssSelector: .wrapper.externalLinks a
Found Element By : By.cssSelector: .wrapper.externalLinks a
Trying to find Element By : By.cssSelector: .wrapper.externalLinks a
Found Element By : By.cssSelector: .wrapper.externalLinks a
Trying to find Element By : By.cssSelector: .wrapper.externalLinks a
Found Element By : By.cssSelector: .wrapper.externalLinks a
Trying to find Element By : By.cssSelector: .wrapper.externalLinks a
Found Element By : By.cssSelector: .wrapper.externalLinks a
Trying to find Element By : By.cssSelector: .wrapper.externalLinks a
Found Element By : By.cssSelector: .wrapper.externalLinks a
Trying to find Element By : By.cssSelector: .wrapper.externalLinks a
Found Element By : By.cssSelector: .wrapper.externalLinks a
Trying to find Element By : By.cssSelector: .wrapper.externalLinks a
Found Element By : By.cssSelector: .wrapper.externalLinks a
Trying to find Element By : By.cssSelector: .wrapper.externalLinks a
Found Element By : By.cssSelector: .wrapper.externalLinks a
Trying to find Element By : By.cssSelector: .wrapper.externalLinks a
Found Element By : By.cssSelector: .wrapper.externalLinks a
Trying to find Element By : By.cssSelector: .wrapper.externalLinks a
Found Element By : By.cssSelector: .wrapper.externalLinks a
Trying to find Element By : By.cssSelector: .wrapper.externalLinks a
Found Element By : By.cssSelector: .wrapper.externalLinks a
Trying to find Element By : By.cssSelector: .wrapper.externalLinks a
Found Element By : By.cssSelector: .wrapper.externalLinks a
Trying to find Element By : By.cssSelector: .wrapper.externalLinks a
Found Element By : By.cssSelector: .wrapper.externalLinks a
Trying to find Element By : By.cssSelector: .wrapper.externalLinks a
Found Element By : By.cssSelector: .wrapper.externalLinks a
Trying to find Element By : By.cssSelector: .wrapper.externalLinks a
Found Element By : By.cssSelector: .wrapper.externalLinks a
Trying to find Element By : By.cssSelector: .wrapper.externalLinks a
Found Element By : By.cssSelector: .wrapper.externalLinks a
Trying to find Element By : By.cssSelector: .wrapper.externalLinks a
Found Element By : By.cssSelector: .wrapper.externalLinks a
Trying to find Element By : By.cssSelector: .wrapper.externalLinks a
Found Element By : By.cssSelector: .wrapper.externalLinks a
Trying to find Element By : By.cssSelector: .wrapper.externalLinks a
Found Element By : By.cssSelector: .wrapper.externalLinks a
Trying to find Element By : By.cssSelector: .wrapper.externalLinks a
Found Element By : By.cssSelector: .wrapper.externalLinks a
Trying to find Element By : By.cssSelector: .wrapper.externalLinks a
Found Element By : By.cssSelector: .wrapper.externalLinks a
Trying to find Element By : By.cssSelector: .wrapper.externalLinks a
Found Element By : By.cssSelector: .wrapper.externalLinks a
Trying to find Element By : By.cssSelector: .wrapper.externalLinks a
Found Element By : By.cssSelector: .wrapper.externalLinks a
Trying to find Element By : By.cssSelector: .wrapper.externalLinks a
Found Element By : By.cssSelector: .wrapper.externalLinks a
Trying to find Element By : By.cssSelector: .wrapper.externalLinks a
Found Element By : By.cssSelector: .wrapper.externalLinks a
Trying to find Element By : By.cssSelector: .wrapper.externalLinks a
Found Element By : By.cssSelector: .wrapper.externalLinks a
Trying to find Element By : By.cssSelector: .wrapper.externalLinks a
Found Element By : By.cssSelector: .wrapper.externalLinks a
19:40:15.105 [main] INFO  PageObjects.Homepage - https://www.hdfc.com/------>OK
19:40:15.160 [main] INFO  PageObjects.Homepage - http://www.hdfcbank.com/------>Moved Permanently
19:40:15.215 [main] INFO  PageObjects.Homepage - http://www.hdfcsec.com/------>Moved Permanently
19:40:15.273 [main] INFO  PageObjects.Homepage - http://www.hdfcfund.com/------>Moved Permanently
19:40:16.787 [main] INFO  PageObjects.Homepage - https://www.hdfcpension.com/------>OK
19:40:17.331 [main] INFO  PageObjects.Homepage - https://www.hdfcergo.com/------>OK
19:40:17.601 [main] INFO  PageObjects.Homepage - http://www.hdbfs.com/------>Moved Permanently
19:40:19.569 [main] INFO  PageObjects.Homepage - http://hdfcrealty.com/------>OK
19:40:19.754 [main] INFO  PageObjects.Homepage - http://www.hdfcpropertyfund.com/------>OK
19:40:20.037 [main] INFO  PageObjects.Homepage - http://www.hdfclifere.com/------>Moved Permanently
19:40:21.207 [main] INFO  PageObjects.Homepage - http://www.credila.com/------>OK
19:40:21.715 [main] INFO  PageObjects.Homepage - https://www.hdfcsales.com/------>OK
19:40:21.782 [main] INFO  PageObjects.Homepage - https://myaccount.hdfclife.com/portal.do?_portalid=cpRegistrationLink&_pageid=cp_dndPage------>OK
19:40:21.856 [main] INFO  PageObjects.Homepage - https://www.hdfclife.com/disclaimer------>OK
19:40:21.965 [main] INFO  PageObjects.Homepage - https://www.hdfclife.com/privacy-policy------>OK
19:40:22.063 [main] INFO  PageObjects.Homepage - https://www.hdfclife.com/terms-and-conditions------>OK
19:40:22.134 [main] INFO  PageObjects.Homepage - https://www.hdfclife.com/content/hdfclifeinsurancecompany/in/en/about-us#investorRelations------>Moved Permanently
19:40:22.206 [main] INFO  PageObjects.Homepage - https://www.hdfclife.com/irda-public-notice-on-spurious-calls------>OK
19:40:22.272 [main] INFO  PageObjects.Homepage - https://www.hdfclife.com/content/hdfclifeinsurancecompany/in/en/customer-service/insurance-notice-corner------>Moved Permanently
19:40:22.340 [main] INFO  PageObjects.Homepage - https://www.hdfclife.com/content/hdfclifeinsurancecompany/in/en/customer-service/claims/unclaimed-policyholder-payment-dues-amount-disclosure------>Moved Permanently
19:40:22.898 [main] INFO  PageObjects.Homepage - https://www.irdai.gov.in/Defaulthome.aspx?page=H1------>OK
19:40:23.223 [main] INFO  PageObjects.Homepage - https://www.irdai.gov.in/ADMINCMS/cms/NormalData_Layout.aspx?page=PageNo234&mid=7.2------>OK
19:40:23.663 [main] INFO  PageObjects.Homepage - https://www.policyholder.gov.in/------>OK
19:40:23.770 [main] INFO  PageObjects.Homepage - https://www.lifeinscouncil.org/code/Default.aspx------>OK
19:40:23.844 [main] INFO  PageObjects.Homepage - https://www.hdfclife.com/qrops------>OK
19:40:23.929 [main] INFO  PageObjects.Homepage - https://www.hdfclife.com/customer-service/pay-premium------>OK
19:40:24.008 [main] INFO  PageObjects.Homepage - https://www.hdfclife.com/nav-summary------>OK
19:40:24.095 [main] INFO  PageObjects.Homepage - https://onlineinsurance.hdfclife.com/------>OK
19:40:24.181 [main] INFO  PageObjects.Homepage - https://www.hdfclife.com/financial-tools-calculators------>OK
19:40:24.236 [main] INFO  PageObjects.Homepage - https://www.hdfclife.com/content/hdfclifeinsurancecompany/in/en/customer-service/about-demat------>Moved Permanently
19:40:24.289 [main] INFO  PageObjects.Homepage - https://www.hdfclife.com/content/hdfclifeinsurancecompany/in/en/about-us/investor-relations------>Moved Permanently
19:40:24.355 [main] INFO  PageObjects.Homepage - https://www.hdfclife.com/content/dam/hdfclifeinsurancecompany/footer/T-and-C-for-Policy-loan.pdf------>OK
19:40:24.406 [main] INFO  PageObjects.Homepage - https://www.hdfclife.com/content/dam/hdfclifeinsurancecompany/footer/TERMS-AND-CONDITIONS-OF-APPOINTMENT.pdf------>OK
19:40:24.484 [main] INFO  PageObjects.Homepage - https://www.hdfclife.com/content/hdfclifeinsurancecompany/in/en/sitemap------>Moved Permanently
19:40:24.568 [main] INFO  PageObjects.Homepage - https://www.hdfclife.com/content/dam/hdfclifeinsurancecompany/footer/POSP-Appointment-TandC.pdf------>OK
19:40:24.635 [main] INFO  PageObjects.Homepage - https://www.hdfclife.com/content/dam/hdfclifeinsurancecompany/footer/Underwriting-philosophy-and-approach-with-regard-to-offering-insurance-coverage-to-Persons-with-Disabilities-Mental-Illness.pdf------>OK
19:40:24.735 [main] INFO  PageObjects.Homepage - https://www.hdfclife.com/insurance-knowledge-centre/glossary------>OK
19:40:24.819 [main] INFO  PageObjects.Homepage - https://www.hdfclife.com/life-insurance-solutions------>OK
19:40:24.902 [main] INFO  PageObjects.Homepage - https://www.hdfclife.com/hdfc-life-mobile-app------>OK
19:40:24.980 [main] INFO  PageObjects.Homepage - https://www.hdfclife.com/life-insurance-plans------>OK
19:40:25.054 [main] INFO  PageObjects.Homepage - https://www.hdfclife.com/customer-service/testimonials------>OK
Group Websites link check ended
]]></system-out>
  </testcase>
  <testcase name="verifyArticlesOnHomePage" classname="SeleniumTesting.AEMhdfc.HomepageTest" time="93.045">
    <system-out><![CDATA[19:40:28.077 [main] INFO  PageObjects.Categorypage - Article section verification started
Trying to find Element By : By.xpath: //div[@class='container aboutus-sec']
Found Element By : By.xpath: //div[@class='container aboutus-sec']
Trying to find Element By : By.tagName: a
Found Element By : By.tagName: a
19:40:28.097 [main] INFO  PageObjects.Categorypage -  the number of link in article section : 7
Trying to find Element By : By.xpath: //div[@class='container aboutus-sec']
Found Element By : By.xpath: //div[@class='container aboutus-sec']
Trying to find Element By : By.tagName: a
Found Element By : By.tagName: a
19:40:35.660 [main] INFO  PageObjects.Categorypage -  and URL is: https://www.hdfclife.com/insurance-knowledge-centre/about-life-insurance/best-term-insurance-plan
Navigating forward to next page
Navigated forward to next page
Navigating back to previous page
Navigated back to previous page
Trying to find Element By : By.xpath: //div[@class='container aboutus-sec']
Found Element By : By.xpath: //div[@class='container aboutus-sec']
Trying to find Element By : By.tagName: a
Found Element By : By.tagName: a
19:40:48.184 [main] INFO  PageObjects.Categorypage - Choose the Right Term Insurance Plan - 7 Simple Steps

"There are certain factors which must be taken into consideration before purchasing term plan. Read seven basic steps to be taken while choosing a term insurance plan." and URL is: https://www.hdfclife.com/insurance-knowledge-centre/about-life-insurance/best-term-insurance-plan
Navigating forward to next page
Navigated forward to next page
Navigating back to previous page
Navigated back to previous page
Trying to find Element By : By.xpath: //div[@class='container aboutus-sec']
Found Element By : By.xpath: //div[@class='container aboutus-sec']
Trying to find Element By : By.tagName: a
Found Element By : By.tagName: a
19:41:00.586 [main] INFO  PageObjects.Categorypage - Unit Linked Insurance Plans, Most Preferred Investment Option among Indians | HDFC Life and URL is: https://www.hdfclife.com/insurance-knowledge-centre/investment-for-future-planning/what-makes-ulips-attractive
Navigating forward to next page
Navigated forward to next page
Navigating back to previous page
Navigated back to previous page
Trying to find Element By : By.xpath: //div[@class='container aboutus-sec']
Found Element By : By.xpath: //div[@class='container aboutus-sec']
Trying to find Element By : By.tagName: a
Found Element By : By.tagName: a
19:41:13.696 [main] INFO  PageObjects.Categorypage - Financial Planning - Importance of Savings and Investment | HDFC Life and URL is: https://www.hdfclife.com/insurance-knowledge-centre/investment-for-future-planning/importance-of-savings-and-investments
Navigating forward to next page
Navigated forward to next page
Navigating back to previous page
Navigated back to previous page
Trying to find Element By : By.xpath: //div[@class='container aboutus-sec']
Found Element By : By.xpath: //div[@class='container aboutus-sec']
Trying to find Element By : By.tagName: a
Found Element By : By.tagName: a
19:41:25.373 [main] INFO  PageObjects.Categorypage - Health Insurance Plan - Requirement & Benefits | HDFC Life

"Health Plans offer financial security to meet health related contingencies. It becomes imperative therefore to have a health insurance plan in place. To Know more about health plans, Visit Now !" and URL is: https://www.hdfclife.com/insurance-knowledge-centre/secure-your-health/need-for-health-plan
Navigating forward to next page
Navigated forward to next page
Navigating back to previous page
Navigated back to previous page
Trying to find Element By : By.xpath: //div[@class='container aboutus-sec']
Found Element By : By.xpath: //div[@class='container aboutus-sec']
Trying to find Element By : By.tagName: a
Found Element By : By.tagName: a
19:41:37.348 [main] INFO  PageObjects.Categorypage -  and URL is: https://www.hdfclife.com/insurance-knowledge-centre/secure-your-health/need-for-health-plan
Navigating forward to next page
Navigated forward to next page
Navigating back to previous page
Navigated back to previous page
Trying to find Element By : By.xpath: //div[@class='container aboutus-sec']
Found Element By : By.xpath: //div[@class='container aboutus-sec']
Trying to find Element By : By.tagName: a
Found Element By : By.tagName: a
19:41:49.735 [main] INFO  PageObjects.Categorypage - VIEW MORE and URL is: https://www.hdfclife.com/insurance-knowledge-centre
Navigating forward to next page
Navigated forward to next page
Navigating back to previous page
Navigated back to previous page
19:41:55.163 [main] INFO  PageObjects.Categorypage - No Broken link found
19:41:55.163 [main] INFO  PageObjects.Categorypage - Article section test case ended
]]></system-out>
  </testcase>
  <testcase name="navigateToPage" classname="SeleniumTesting.AEMhdfc.CategorypageTest" time="11.952">
    <system-out><![CDATA[19:41:58.172 [main] INFO  SeleniumTesting.AEMhdfc.HomepageTest - Homepage test cases executed
Before navigating to: 'https://www.hdfclife.com/'
Navigated to:'https://www.hdfclife.com/'
19:42:03.569 [main] INFO  SeleniumTesting.AEMhdfc.CategorypageTest - Category page test cases started
Trying to find Element By : By.xpath: //a[@class='megaMenuLink']
Found Element By : By.xpath: //a[@class='megaMenuLink']
Trying to click on: [[EdgeDriver: msedge on WINDOWS (b5fe958556733425811c491c491b0fcc)] -> xpath: //a[@class='megaMenuLink']]
Clicked on: [[EdgeDriver: msedge on WINDOWS (b5fe958556733425811c491c491b0fcc)] -> xpath: //a[@class='megaMenuLink']]
Trying to find Element By : By.xpath: (//a[@class='moreMenuLink gtm-moreMenuLink'])[1]
Found Element By : By.xpath: (//a[@class='moreMenuLink gtm-moreMenuLink'])[1]
Trying to click on: [[EdgeDriver: msedge on WINDOWS (b5fe958556733425811c491c491b0fcc)] -> xpath: (//a[@class='moreMenuLink gtm-moreMenuLink'])[1]]
Clicked on: [[EdgeDriver: msedge on WINDOWS (b5fe958556733425811c491c491b0fcc)] -> xpath: (//a[@class='moreMenuLink gtm-moreMenuLink'])[1]]
]]></system-out>
    <system-err><![CDATA[Dec 20, 2021 7:41:59 PM org.openqa.selenium.remote.DesiredCapabilities edge
INFO: Using `new EdgeOptions()` is preferred to `DesiredCapabilities.edge()`
Starting MSEdgeDriver 96.0.1054.62 (f97cb2ce0103f6eaa6dc1994d77748c659744916) on port 27297
Only local connections are allowed.
Please see https://chromedriver.chromium.org/security-considerations for suggestions on keeping MSEdgeDriver safe.
MSEdgeDriver was started successfully.
Dec 20, 2021 7:42:00 PM org.openqa.selenium.remote.ProtocolHandshake createSession
INFO: Detected dialect: W3C
]]></system-err>
  </testcase>
  <testcase name="verifyCalculatePremiumBtn" classname="SeleniumTesting.AEMhdfc.CategorypageTest" time="12.447">
    <system-out><![CDATA[Trying to find Element By : By.xpath: //a[@class='siteButton dataLayerBtnClick']
Found Element By : By.xpath: //a[@class='siteButton dataLayerBtnClick']
Trying to find Element By : By.xpath: //a[@class='siteButton dataLayerBtnClick']
Found Element By : By.xpath: //a[@class='siteButton dataLayerBtnClick']
Trying to click on: [[EdgeDriver: msedge on WINDOWS (b5fe958556733425811c491c491b0fcc)] -> xpath: //a[@class='siteButton dataLayerBtnClick']]
Clicked on: [[EdgeDriver: msedge on WINDOWS (b5fe958556733425811c491c491b0fcc)] -> xpath: //a[@class='siteButton dataLayerBtnClick']]
]]></system-out>
  </testcase>
  <testcase name="verifyTalkToAdvisor" classname="SeleniumTesting.AEMhdfc.CategorypageTest" time="6.253">
    <system-out><![CDATA[Trying to find Element By : By.xpath: (//a[@class='siteButton outlinedBtn'])[4]
Found Element By : By.xpath: (//a[@class='siteButton outlinedBtn'])[4]
Trying to find Element By : By.xpath: (//a[@class='siteButton outlinedBtn'])[4]
Found Element By : By.xpath: (//a[@class='siteButton outlinedBtn'])[4]
Trying to find Element By : By.xpath: (//a[@class='siteButton outlinedBtn'])[4]
Found Element By : By.xpath: (//a[@class='siteButton outlinedBtn'])[4]
Trying to click on: [[EdgeDriver: msedge on WINDOWS (b5fe958556733425811c491c491b0fcc)] -> xpath: (//a[@class='siteButton outlinedBtn'])[4]]
Clicked on: [[EdgeDriver: msedge on WINDOWS (b5fe958556733425811c491c491b0fcc)] -> xpath: (//a[@class='siteButton outlinedBtn'])[4]]
Trying to find Element By : By.xpath: //span[@class='close-icon1']
Found Element By : By.xpath: //span[@class='close-icon1']
Trying to find Element By : By.xpath: //span[@class='close-icon1']
Found Element By : By.xpath: //span[@class='close-icon1']
Trying to click on: [[EdgeDriver: msedge on WINDOWS (b5fe958556733425811c491c491b0fcc)] -> xpath: //span[@class='close-icon1']]
Clicked on: [[EdgeDriver: msedge on WINDOWS (b5fe958556733425811c491c491b0fcc)] -> xpath: //span[@class='close-icon1']]
]]></system-out>
  </testcase>
  <testcase name="verifyTalkToAdvisorPopup" classname="SeleniumTesting.AEMhdfc.CategorypageTest" time="9.416">
    <system-out><![CDATA[Trying to find Element By : By.xpath: (//a[@class='siteButton outlinedBtn'])[4]
Found Element By : By.xpath: (//a[@class='siteButton outlinedBtn'])[4]
Trying to find Element By : By.xpath: (//a[@class='siteButton outlinedBtn'])[4]
Found Element By : By.xpath: (//a[@class='siteButton outlinedBtn'])[4]
Trying to find Element By : By.xpath: (//a[@class='siteButton outlinedBtn'])[4]
Found Element By : By.xpath: (//a[@class='siteButton outlinedBtn'])[4]
Trying to click on: [[EdgeDriver: msedge on WINDOWS (b5fe958556733425811c491c491b0fcc)] -> xpath: (//a[@class='siteButton outlinedBtn'])[4]]
Clicked on: [[EdgeDriver: msedge on WINDOWS (b5fe958556733425811c491c491b0fcc)] -> xpath: (//a[@class='siteButton outlinedBtn'])[4]]
Trying to find Element By : By.xpath: //input[@class='first-name']
Found Element By : By.xpath: //input[@class='first-name']
Trying to find Element By : By.xpath: //input[@class='modilewidth']
Found Element By : By.xpath: //input[@class='modilewidth']
Trying to find Element By : By.xpath: //span[contains(text(),'Field should contain minimum 3 and max 50 characters')]
Found Element By : By.xpath: //span[contains(text(),'Field should contain minimum 3 and max 50 characters')]
Trying to find Element By : By.xpath: //span[contains(text(),'Field should contain minimum 3 and max 50 characters')]
Found Element By : By.xpath: //span[contains(text(),'Field should contain minimum 3 and max 50 characters')]
Trying to find Element By : By.xpath: //span[contains(text(),'Field should contain minimum 3 and max 50 characters')]
Found Element By : By.xpath: //span[contains(text(),'Field should contain minimum 3 and max 50 characters')]
Trying to find Element By : By.xpath: //span[contains(text(),'Please enter valid mobile number')]
Found Element By : By.xpath: //span[contains(text(),'Please enter valid mobile number')]
Trying to find Element By : By.xpath: //span[@class='close-icon1']
Found Element By : By.xpath: //span[@class='close-icon1']
Trying to find Element By : By.xpath: //span[@class='close-icon1']
Found Element By : By.xpath: //span[@class='close-icon1']
Trying to click on: [[EdgeDriver: msedge on WINDOWS (b5fe958556733425811c491c491b0fcc)] -> xpath: //span[@class='close-icon1']]
Clicked on: [[EdgeDriver: msedge on WINDOWS (b5fe958556733425811c491c491b0fcc)] -> xpath: //span[@class='close-icon1']]
]]></system-out>
  </testcase>
  <testcase name="verifyHomeIconInBreadCrumb" classname="SeleniumTesting.AEMhdfc.CategorypageTest" time="9.102">
    <system-out><![CDATA[Trying to find Element By : By.xpath: //img[@class='homeIconImg']
Found Element By : By.xpath: //img[@class='homeIconImg']
Trying to find Element By : By.xpath: //img[@class='homeIconImg']
Found Element By : By.xpath: //img[@class='homeIconImg']
Trying to click on: [[EdgeDriver: msedge on WINDOWS (b5fe958556733425811c491c491b0fcc)] -> xpath: //img[@class='homeIconImg']]
Clicked on: [[EdgeDriver: msedge on WINDOWS (b5fe958556733425811c491c491b0fcc)] -> xpath: //img[@class='homeIconImg']]
Navigating back to previous page
Navigated back to previous page
]]></system-out>
  </testcase>
  <testcase name="verifyC2PLProduct" classname="SeleniumTesting.AEMhdfc.CategorypageTest" time="29.71">
    <system-out><![CDATA[Trying to find Element By : By.xpath: (//a[@class='siteButton outlinedBtn learMoreBtn dataLayerBtnClick'])[1]
Found Element By : By.xpath: (//a[@class='siteButton outlinedBtn learMoreBtn dataLayerBtnClick'])[1]
Trying to find Element By : By.xpath: (//a[@class='siteButton outlinedBtn learMoreBtn dataLayerBtnClick'])[1]
Found Element By : By.xpath: (//a[@class='siteButton outlinedBtn learMoreBtn dataLayerBtnClick'])[1]
Trying to find Element By : By.xpath: (//a[@class='siteButton outlinedBtn learMoreBtn dataLayerBtnClick'])[1]
Found Element By : By.xpath: (//a[@class='siteButton outlinedBtn learMoreBtn dataLayerBtnClick'])[1]
Trying to find Element By : By.xpath: (//a[@class='siteButton outlinedBtn learMoreBtn dataLayerBtnClick'])[1]
Found Element By : By.xpath: (//a[@class='siteButton outlinedBtn learMoreBtn dataLayerBtnClick'])[1]
Trying to click on: [[EdgeDriver: msedge on WINDOWS (b5fe958556733425811c491c491b0fcc)] -> xpath: (//a[@class='siteButton outlinedBtn learMoreBtn dataLayerBtnClick'])[1]]
Clicked on: [[EdgeDriver: msedge on WINDOWS (b5fe958556733425811c491c491b0fcc)] -> xpath: (//a[@class='siteButton outlinedBtn learMoreBtn dataLayerBtnClick'])[1]]
Navigating back to previous page
Navigated back to previous page
Trying to find Element By : By.xpath: (//a[@class='dwnldLink dataLayerBtnClick'])[1]
Found Element By : By.xpath: (//a[@class='dwnldLink dataLayerBtnClick'])[1]
Trying to click on: [[EdgeDriver: msedge on WINDOWS (b5fe958556733425811c491c491b0fcc)] -> xpath: (//a[@class='dwnldLink dataLayerBtnClick'])[1]]
Clicked on: [[EdgeDriver: msedge on WINDOWS (b5fe958556733425811c491c491b0fcc)] -> xpath: (//a[@class='dwnldLink dataLayerBtnClick'])[1]]
19:43:12.968 [main] INFO  PageObjects.Categorypage - MC062124237-V01-HDFC-Life-Click-2-Protect-Life-Retail-Brochure.pdf is present
Trying to find Element By : By.xpath: (//a[@class='siteButton buyOnlineBtn dataLayerBtnClick'])[1]
Found Element By : By.xpath: (//a[@class='siteButton buyOnlineBtn dataLayerBtnClick'])[1]
Trying to find Element By : By.xpath: (//a[@class='siteButton buyOnlineBtn dataLayerBtnClick'])[1]
Found Element By : By.xpath: (//a[@class='siteButton buyOnlineBtn dataLayerBtnClick'])[1]
Trying to click on: [[EdgeDriver: msedge on WINDOWS (b5fe958556733425811c491c491b0fcc)] -> xpath: (//a[@class='siteButton buyOnlineBtn dataLayerBtnClick'])[1]]
Clicked on: [[EdgeDriver: msedge on WINDOWS (b5fe958556733425811c491c491b0fcc)] -> xpath: (//a[@class='siteButton buyOnlineBtn dataLayerBtnClick'])[1]]
]]></system-out>
  </testcase>
  <testcase name="verifySJBProduct" classname="SeleniumTesting.AEMhdfc.CategorypageTest" time="25.807">
    <system-out><![CDATA[Trying to find Element By : By.xpath: (//a[@class='siteButton outlinedBtn learMoreBtn dataLayerBtnClick'])[2]
Found Element By : By.xpath: (//a[@class='siteButton outlinedBtn learMoreBtn dataLayerBtnClick'])[2]
Trying to find Element By : By.xpath: (//a[@class='siteButton outlinedBtn learMoreBtn dataLayerBtnClick'])[2]
Found Element By : By.xpath: (//a[@class='siteButton outlinedBtn learMoreBtn dataLayerBtnClick'])[2]
Trying to click on: [[EdgeDriver: msedge on WINDOWS (b5fe958556733425811c491c491b0fcc)] -> xpath: (//a[@class='siteButton outlinedBtn learMoreBtn dataLayerBtnClick'])[2]]
Clicked on: [[EdgeDriver: msedge on WINDOWS (b5fe958556733425811c491c491b0fcc)] -> xpath: (//a[@class='siteButton outlinedBtn learMoreBtn dataLayerBtnClick'])[2]]
Navigating back to previous page
Navigated back to previous page
Trying to find Element By : By.xpath: (//a[@class='dwnldLink dataLayerBtnClick'])[2]
Found Element By : By.xpath: (//a[@class='dwnldLink dataLayerBtnClick'])[2]
Trying to click on: [[EdgeDriver: msedge on WINDOWS (b5fe958556733425811c491c491b0fcc)] -> xpath: (//a[@class='dwnldLink dataLayerBtnClick'])[2]]
Clicked on: [[EdgeDriver: msedge on WINDOWS (b5fe958556733425811c491c491b0fcc)] -> xpath: (//a[@class='dwnldLink dataLayerBtnClick'])[2]]
19:43:38.832 [main] ERROR PageObjects.Categorypage - saral-jeevan-brochure.pdf is incorrect
19:43:38.832 [main] INFO  PageObjects.Categorypage - saral-jeevan-brochure.pdf is present
Trying to find Element By : By.xpath: (//a[@class='siteButton buyOnlineBtn dataLayerBtnClick'])[2]
Found Element By : By.xpath: (//a[@class='siteButton buyOnlineBtn dataLayerBtnClick'])[2]
Trying to find Element By : By.xpath: (//a[@class='siteButton buyOnlineBtn dataLayerBtnClick'])[2]
Found Element By : By.xpath: (//a[@class='siteButton buyOnlineBtn dataLayerBtnClick'])[2]
Trying to click on: [[EdgeDriver: msedge on WINDOWS (b5fe958556733425811c491c491b0fcc)] -> xpath: (//a[@class='siteButton buyOnlineBtn dataLayerBtnClick'])[2]]
Clicked on: [[EdgeDriver: msedge on WINDOWS (b5fe958556733425811c491c491b0fcc)] -> xpath: (//a[@class='siteButton buyOnlineBtn dataLayerBtnClick'])[2]]
]]></system-out>
  </testcase>
  <testcase name="verifyLetsCalculateBtn" classname="SeleniumTesting.AEMhdfc.CategorypageTest" time="12.115">
    <system-out><![CDATA[Trying to find Element By : By.xpath: (//a[@class='bannerAdBtn siteButton'])[1]
Found Element By : By.xpath: (//a[@class='bannerAdBtn siteButton'])[1]
Trying to find Element By : By.xpath: (//a[@class='bannerAdBtn siteButton'])[1]
Found Element By : By.xpath: (//a[@class='bannerAdBtn siteButton'])[1]
Trying to click on: [[EdgeDriver: msedge on WINDOWS (b5fe958556733425811c491c491b0fcc)] -> xpath: (//a[@class='bannerAdBtn siteButton'])[1]]
Clicked on: [[EdgeDriver: msedge on WINDOWS (b5fe958556733425811c491c491b0fcc)] -> xpath: (//a[@class='bannerAdBtn siteButton'])[1]]
Navigating back to previous page
Navigated back to previous page
]]></system-out>
  </testcase>
  <testcase name="verifyVideoOnCategoryPage" classname="SeleniumTesting.AEMhdfc.CategorypageTest" time="6.025"/>
  <testcase name="verifyWhySection" classname="SeleniumTesting.AEMhdfc.CategorypageTest" time="9.315">
    <system-out><![CDATA[Trying to find Element By : By.xpath: (//a[@class='viewMoreBtn'])[1]
Found Element By : By.xpath: (//a[@class='viewMoreBtn'])[1]
Trying to find Element By : By.xpath: (//a[@class='viewMoreBtn'])[1]
Found Element By : By.xpath: (//a[@class='viewMoreBtn'])[1]
Trying to click on: [[EdgeDriver: msedge on WINDOWS (b5fe958556733425811c491c491b0fcc)] -> xpath: (//a[@class='viewMoreBtn'])[1]]
Clicked on: [[EdgeDriver: msedge on WINDOWS (b5fe958556733425811c491c491b0fcc)] -> xpath: (//a[@class='viewMoreBtn'])[1]]
Trying to find Element By : By.xpath: (//a[@class='viewMoreBtn viewLessBtn'])[1]
Found Element By : By.xpath: (//a[@class='viewMoreBtn viewLessBtn'])[1]
Trying to find Element By : By.xpath: (//a[@class='viewMoreBtn viewLessBtn'])[1]
Found Element By : By.xpath: (//a[@class='viewMoreBtn viewLessBtn'])[1]
Trying to click on: [[EdgeDriver: msedge on WINDOWS (b5fe958556733425811c491c491b0fcc)] -> xpath: (//a[@class='viewMoreBtn viewLessBtn'])[1]]
Clicked on: [[EdgeDriver: msedge on WINDOWS (b5fe958556733425811c491c491b0fcc)] -> xpath: (//a[@class='viewMoreBtn viewLessBtn'])[1]]
Trying to find Element By : By.xpath: (//a[@class='viewMoreBtn'])[1]
Found Element By : By.xpath: (//a[@class='viewMoreBtn'])[1]
]]></system-out>
  </testcase>
  <testcase name="verifyTermInsuranceGuideFaqSection" classname="SeleniumTesting.AEMhdfc.CategorypageTest" time="21.611">
    <system-out><![CDATA[Trying to find Element By : By.xpath: //h2[@class='tabAccordMenu opened']
Found Element By : By.xpath: //h2[@class='tabAccordMenu opened']
19:44:18.747 [main] INFO  PageObjects.Categorypage - First FAQ accordion is open on page load
Trying to find Element By : By.xpath: //h2[@class='tabAccordMenu opened']
Found Element By : By.xpath: //h2[@class='tabAccordMenu opened']
Trying to click on: [[EdgeDriver: msedge on WINDOWS (b5fe958556733425811c491c491b0fcc)] -> xpath: //h2[@class='tabAccordMenu opened']]
Clicked on: [[EdgeDriver: msedge on WINDOWS (b5fe958556733425811c491c491b0fcc)] -> xpath: //h2[@class='tabAccordMenu opened']]
Trying to find Element By : By.xpath: (//h2[@class='tabAccordMenu'])[2]
Found Element By : By.xpath: (//h2[@class='tabAccordMenu'])[2]
Trying to find Element By : By.xpath: (//h2[@class='tabAccordMenu'])[2]
Found Element By : By.xpath: (//h2[@class='tabAccordMenu'])[2]
Trying to click on: [[EdgeDriver: msedge on WINDOWS (b5fe958556733425811c491c491b0fcc)] -> xpath: (//h2[@class='tabAccordMenu'])[2]]
Clicked on: [[EdgeDriver: msedge on WINDOWS (b5fe958556733425811c491c491b0fcc)] -> xpath: (//h2[@class='tabAccordMenu'])[2]]
Trying to find Element By : By.xpath: //h2[@class='tabAccordMenu opened']
Found Element By : By.xpath: //h2[@class='tabAccordMenu opened']
19:44:24.993 [main] INFO  PageObjects.Categorypage - Second FAQ accordion is opened on click
Trying to find Element By : By.xpath: //h2[@class='tabAccordMenu opened']
Found Element By : By.xpath: //h2[@class='tabAccordMenu opened']
Trying to click on: [[EdgeDriver: msedge on WINDOWS (b5fe958556733425811c491c491b0fcc)] -> xpath: //h2[@class='tabAccordMenu opened']]
Clicked on: [[EdgeDriver: msedge on WINDOWS (b5fe958556733425811c491c491b0fcc)] -> xpath: //h2[@class='tabAccordMenu opened']]
Trying to find Element By : By.xpath: (//a[@class='viewMoreBtn'])[2]
Found Element By : By.xpath: (//a[@class='viewMoreBtn'])[2]
Trying to find Element By : By.xpath: (//a[@class='viewMoreBtn'])[2]
Found Element By : By.xpath: (//a[@class='viewMoreBtn'])[2]
Trying to click on: [[EdgeDriver: msedge on WINDOWS (b5fe958556733425811c491c491b0fcc)] -> xpath: (//a[@class='viewMoreBtn'])[2]]
Clicked on: [[EdgeDriver: msedge on WINDOWS (b5fe958556733425811c491c491b0fcc)] -> xpath: (//a[@class='viewMoreBtn'])[2]]
Trying to find Element By : By.xpath: //a[@class='viewMoreBtn viewLessBtn']
Found Element By : By.xpath: //a[@class='viewMoreBtn viewLessBtn']
Trying to click on: [[EdgeDriver: msedge on WINDOWS (b5fe958556733425811c491c491b0fcc)] -> xpath: //a[@class='viewMoreBtn viewLessBtn']]
Clicked on: [[EdgeDriver: msedge on WINDOWS (b5fe958556733425811c491c491b0fcc)] -> xpath: //a[@class='viewMoreBtn viewLessBtn']]
Trying to find Element By : By.xpath: (//a[@class='viewMoreBtn'])[2]
Found Element By : By.xpath: (//a[@class='viewMoreBtn'])[2]
]]></system-out>
  </testcase>
  <testcase name="verifyRidersSection" classname="SeleniumTesting.AEMhdfc.CategorypageTest" time="51.792">
    <system-out><![CDATA[Trying to find Element By : By.id: nv_js-box-close-button_17168
Found Element By : By.id: nv_js-box-close-button_17168
Trying to find Element By : By.xpath: (//a[@class='viewMoreBtn'])[5]
Found Element By : By.xpath: (//a[@class='viewMoreBtn'])[5]
Trying to find Element By : By.xpath: (//a[@class='viewMoreBtn'])[5]
Found Element By : By.xpath: (//a[@class='viewMoreBtn'])[5]
Trying to click on: [[EdgeDriver: msedge on WINDOWS (b5fe958556733425811c491c491b0fcc)] -> xpath: (//a[@class='viewMoreBtn'])[5]]
Clicked on: [[EdgeDriver: msedge on WINDOWS (b5fe958556733425811c491c491b0fcc)] -> xpath: (//a[@class='viewMoreBtn'])[5]]
19:44:49.500 [main] INFO  PageObjects.Categorypage - Verification for download button in rider section started
Trying to find Element By : By.xpath: (//ul[@class='insuranceBenList'])[1]
Found Element By : By.xpath: (//ul[@class='insuranceBenList'])[1]
Trying to find Element By : By.tagName: a
Found Element By : By.tagName: a
19:44:49.533 [main] INFO  PageObjects.Categorypage -  the number of buttons in download riders section : 2
Trying to find Element By : By.xpath: (//ul[@class='insuranceBenList'])[2]
Found Element By : By.xpath: (//ul[@class='insuranceBenList'])[2]
Trying to find Element By : By.tagName: a
Found Element By : By.tagName: a
19:45:13.910 [main] INFO  PageObjects.Categorypage -  the number of buttons in second row in download riders section : 1
]]></system-out>
  </testcase>
  <testcase name="verifyContactUs" classname="SeleniumTesting.AEMhdfc.CategorypageTest" time="15.869">
    <system-out><![CDATA[Trying to find Element By : By.xpath: (//a[@class='bannerAdBtn siteButton'])[2]
Found Element By : By.xpath: (//a[@class='bannerAdBtn siteButton'])[2]
Trying to find Element By : By.xpath: (//a[@class='bannerAdBtn siteButton'])[2]
Found Element By : By.xpath: (//a[@class='bannerAdBtn siteButton'])[2]
Trying to click on: [[EdgeDriver: msedge on WINDOWS (b5fe958556733425811c491c491b0fcc)] -> xpath: (//a[@class='bannerAdBtn siteButton'])[2]]
Clicked on: [[EdgeDriver: msedge on WINDOWS (b5fe958556733425811c491c491b0fcc)] -> xpath: (//a[@class='bannerAdBtn siteButton'])[2]]
Navigating back to previous page
Navigated back to previous page
]]></system-out>
  </testcase>
  <testcase name="verifyArticlesSection" classname="SeleniumTesting.AEMhdfc.CategorypageTest" time="102.297">
    <system-out><![CDATA[19:45:48.007 [main] INFO  PageObjects.Categorypage - Article section verification started
Trying to find Element By : By.xpath: //div[@class='container aboutus-sec']
Found Element By : By.xpath: //div[@class='container aboutus-sec']
Trying to find Element By : By.tagName: a
Found Element By : By.tagName: a
19:45:48.059 [main] INFO  PageObjects.Categorypage -  the number of link in article section : 7
Trying to find Element By : By.xpath: //div[@class='container aboutus-sec']
Found Element By : By.xpath: //div[@class='container aboutus-sec']
Trying to find Element By : By.tagName: a
Found Element By : By.tagName: a
19:45:55.251 [main] INFO  PageObjects.Categorypage -  and URL is: https://www.hdfclife.com/insurance-knowledge-centre/about-life-insurance/what-is-term-insurance
Navigating forward to next page
Navigated forward to next page
Navigating back to previous page
Navigated back to previous page
Trying to find Element By : By.xpath: //div[@class='container aboutus-sec']
Found Element By : By.xpath: //div[@class='container aboutus-sec']
Trying to find Element By : By.tagName: a
Found Element By : By.tagName: a
19:46:07.528 [main] INFO  PageObjects.Categorypage - What is Term Insurance? - Meaning of Term Plan | HDFC Life

"Before making a financial plan for yourself, it is very important to know the meaning of term insurance. Read this blog to know the details about term plan!" and URL is: https://www.hdfclife.com/insurance-knowledge-centre/about-life-insurance/what-is-term-insurance
Navigating forward to next page
Navigated forward to next page
Navigating back to previous page
Navigated back to previous page
Trying to find Element By : By.xpath: //div[@class='container aboutus-sec']
Found Element By : By.xpath: //div[@class='container aboutus-sec']
Trying to find Element By : By.tagName: a
Found Element By : By.tagName: a
19:46:20.218 [main] INFO  PageObjects.Categorypage - Why Is Term Insurance Important For Everyone - HDFC Life and URL is: https://www.hdfclife.com/insurance-knowledge-centre/about-life-insurance/why-term-insurance-is-important.html
Navigating forward to next page
Navigated forward to next page
Navigating back to previous page
Navigated back to previous page
Trying to find Element By : By.xpath: //div[@class='container aboutus-sec']
Found Element By : By.xpath: //div[@class='container aboutus-sec']
Trying to find Element By : By.tagName: a
Found Element By : By.tagName: a
19:46:33.985 [main] INFO  PageObjects.Categorypage - Term Insurance FAQs - Answers to All Your Questions | HDFC Life and URL is: https://www.hdfclife.com/insurance-knowledge-centre/about-life-insurance/faqs-on-term-insurance
Navigating forward to next page
Navigated forward to next page
Navigating back to previous page
Navigated back to previous page
Trying to find Element By : By.xpath: //div[@class='container aboutus-sec']
Found Element By : By.xpath: //div[@class='container aboutus-sec']
Trying to find Element By : By.tagName: a
Found Element By : By.tagName: a
19:46:47.335 [main] INFO  PageObjects.Categorypage - Ultimate Guide - Buy Term Insurance Plans Online | HDFC Life

"Buying insurance is seen as time-consuming even cumbersome. So while individuals appreciate the importance of taking insurance, the formalities can be a put-off, making them postpone the decision......" and URL is: https://www.hdfclife.com/insurance-knowledge-centre/about-life-insurance/how-to-buy-term-insurance-online
Navigating forward to next page
Navigated forward to next page
Navigating back to previous page
Navigated back to previous page
Trying to find Element By : By.xpath: //div[@class='container aboutus-sec']
Found Element By : By.xpath: //div[@class='container aboutus-sec']
Trying to find Element By : By.tagName: a
Found Element By : By.tagName: a
19:47:03.788 [main] INFO  PageObjects.Categorypage -  and URL is: https://www.hdfclife.com/insurance-knowledge-centre/about-life-insurance/how-to-buy-term-insurance-online
Navigating forward to next page
Navigated forward to next page
Navigating back to previous page
Navigated back to previous page
Trying to find Element By : By.xpath: //div[@class='container aboutus-sec']
Found Element By : By.xpath: //div[@class='container aboutus-sec']
Trying to find Element By : By.tagName: a
Found Element By : By.tagName: a
19:47:17.849 [main] INFO  PageObjects.Categorypage - VIEW MORE and URL is: https://www.hdfclife.com/insurance-knowledge-centre
Navigating forward to next page
Navigated forward to next page
Navigating back to previous page
Navigated back to previous page
19:47:24.261 [main] INFO  PageObjects.Categorypage - No Broken link found
19:47:24.261 [main] INFO  PageObjects.Categorypage - Article section test case ended
]]></system-out>
  </testcase>
  <testcase name="verifyDisclaimer" classname="SeleniumTesting.AEMhdfc.CategorypageTest" time="9.134">
    <system-out><![CDATA[Trying to find Element By : By.xpath: //a[@data-toggle='collapse']
Found Element By : By.xpath: //a[@data-toggle='collapse']
Trying to find Element By : By.xpath: //a[@data-toggle='collapse']
Found Element By : By.xpath: //a[@data-toggle='collapse']
Trying to click on: [[EdgeDriver: msedge on WINDOWS (b5fe958556733425811c491c491b0fcc)] -> xpath: //a[@data-toggle='collapse']]
Clicked on: [[EdgeDriver: msedge on WINDOWS (b5fe958556733425811c491c491b0fcc)] -> xpath: //a[@data-toggle='collapse']]
]]></system-out>
  </testcase>
  <testcase name="navigateToProductPage" classname="SeleniumTesting.AEMhdfc.ProductpageTest" time="22.913">
    <system-out><![CDATA[19:47:37.567 [main] INFO  SeleniumTesting.AEMhdfc.CategorypageTest - Category page test cases executed
19:47:37.569 [main] INFO  SeleniumTesting.AEMhdfc.CategorypageTest - Folder deleted for Category downloads
Before navigating to: 'https://www.hdfclife.com/'
Navigated to:'https://www.hdfclife.com/'
19:47:42.048 [main] INFO  SeleniumTesting.AEMhdfc.ProductpageTest - Product page test cases started
Trying to find Element By : By.xpath: //a[@class='megaMenuLink']
Found Element By : By.xpath: //a[@class='megaMenuLink']
Trying to click on: [[EdgeDriver: msedge on WINDOWS (191c0361c2467a282ff2a25c87788c54)] -> xpath: //a[@class='megaMenuLink']]
Clicked on: [[EdgeDriver: msedge on WINDOWS (191c0361c2467a282ff2a25c87788c54)] -> xpath: //a[@class='megaMenuLink']]
Trying to find Element By : By.xpath: (//a[@class='moreMenuLink gtm-moreMenuLink'])[1]
Found Element By : By.xpath: (//a[@class='moreMenuLink gtm-moreMenuLink'])[1]
Trying to click on: [[EdgeDriver: msedge on WINDOWS (191c0361c2467a282ff2a25c87788c54)] -> xpath: (//a[@class='moreMenuLink gtm-moreMenuLink'])[1]]
Clicked on: [[EdgeDriver: msedge on WINDOWS (191c0361c2467a282ff2a25c87788c54)] -> xpath: (//a[@class='moreMenuLink gtm-moreMenuLink'])[1]]
Trying to find Element By : By.xpath: (//a[@class='siteButton outlinedBtn learMoreBtn dataLayerBtnClick'])[1]
Found Element By : By.xpath: (//a[@class='siteButton outlinedBtn learMoreBtn dataLayerBtnClick'])[1]
Trying to find Element By : By.xpath: (//a[@class='siteButton outlinedBtn learMoreBtn dataLayerBtnClick'])[1]
Found Element By : By.xpath: (//a[@class='siteButton outlinedBtn learMoreBtn dataLayerBtnClick'])[1]
Trying to find Element By : By.xpath: (//a[@class='siteButton outlinedBtn learMoreBtn dataLayerBtnClick'])[1]
Found Element By : By.xpath: (//a[@class='siteButton outlinedBtn learMoreBtn dataLayerBtnClick'])[1]
Trying to find Element By : By.xpath: (//a[@class='siteButton outlinedBtn learMoreBtn dataLayerBtnClick'])[1]
Found Element By : By.xpath: (//a[@class='siteButton outlinedBtn learMoreBtn dataLayerBtnClick'])[1]
Trying to click on: [[EdgeDriver: msedge on WINDOWS (191c0361c2467a282ff2a25c87788c54)] -> xpath: (//a[@class='siteButton outlinedBtn learMoreBtn dataLayerBtnClick'])[1]]
Clicked on: [[EdgeDriver: msedge on WINDOWS (191c0361c2467a282ff2a25c87788c54)] -> xpath: (//a[@class='siteButton outlinedBtn learMoreBtn dataLayerBtnClick'])[1]]
]]></system-out>
    <system-err><![CDATA[Dec 20, 2021 7:47:37 PM org.openqa.selenium.remote.DesiredCapabilities edge
INFO: Using `new EdgeOptions()` is preferred to `DesiredCapabilities.edge()`
Starting MSEdgeDriver 96.0.1054.62 (f97cb2ce0103f6eaa6dc1994d77748c659744916) on port 45827
Only local connections are allowed.
Please see https://chromedriver.chromium.org/security-considerations for suggestions on keeping MSEdgeDriver safe.
MSEdgeDriver was started successfully.
Dec 20, 2021 7:47:38 PM org.openqa.selenium.remote.ProtocolHandshake createSession
INFO: Detected dialect: W3C
]]></system-err>
  </testcase>
  <testcase name="verifyTandCOption" classname="SeleniumTesting.AEMhdfc.ProductpageTest" time="24.305">
    <system-out><![CDATA[Trying to find Element By : By.xpath: //a[@class='popuptext']
Found Element By : By.xpath: //a[@class='popuptext']
Trying to find Element By : By.xpath: //a[@class='popuptext']
Found Element By : By.xpath: //a[@class='popuptext']
Trying to click on: [[EdgeDriver: msedge on WINDOWS (191c0361c2467a282ff2a25c87788c54)] -> xpath: //a[@class='popuptext']]
Clicked on: [[EdgeDriver: msedge on WINDOWS (191c0361c2467a282ff2a25c87788c54)] -> xpath: //a[@class='popuptext']]
Trying to find Element By : By.xpath: //a[@data-toggle='collapse']
Found Element By : By.xpath: //a[@data-toggle='collapse']
Trying to find Element By : By.xpath: //a[@data-toggle='collapse']
Found Element By : By.xpath: //a[@data-toggle='collapse']
Trying to click on: [[EdgeDriver: msedge on WINDOWS (191c0361c2467a282ff2a25c87788c54)] -> xpath: //a[@data-toggle='collapse']]
Clicked on: [[EdgeDriver: msedge on WINDOWS (191c0361c2467a282ff2a25c87788c54)] -> xpath: //a[@data-toggle='collapse']]
]]></system-out>
  </testcase>
  <testcase name="verifyProductPageBreadcrumb" classname="SeleniumTesting.AEMhdfc.ProductpageTest" time="23.412">
    <system-out><![CDATA[Trying to find Element By : By.xpath: //img[@class='homeIconImg']
Found Element By : By.xpath: //img[@class='homeIconImg']
Trying to find Element By : By.xpath: //img[@class='homeIconImg']
Found Element By : By.xpath: //img[@class='homeIconImg']
Trying to click on: [[EdgeDriver: msedge on WINDOWS (191c0361c2467a282ff2a25c87788c54)] -> xpath: //img[@class='homeIconImg']]
Clicked on: [[EdgeDriver: msedge on WINDOWS (191c0361c2467a282ff2a25c87788c54)] -> xpath: //img[@class='homeIconImg']]
Navigating back to previous page
Navigated back to previous page
Trying to find Element By : By.xpath: //label[normalize-space()='Term Insurance Plans']
Found Element By : By.xpath: //label[normalize-space()='Term Insurance Plans']
Trying to find Element By : By.xpath: //label[normalize-space()='Term Insurance Plans']
Found Element By : By.xpath: //label[normalize-space()='Term Insurance Plans']
Trying to click on: [[EdgeDriver: msedge on WINDOWS (191c0361c2467a282ff2a25c87788c54)] -> xpath: //label[normalize-space()='Term Insurance Plans']]
Clicked on: [[EdgeDriver: msedge on WINDOWS (191c0361c2467a282ff2a25c87788c54)] -> xpath: //label[normalize-space()='Term Insurance Plans']]
Navigating back to previous page
Navigated back to previous page
]]></system-out>
  </testcase>
  <testcase name="verifyRatingOption" classname="SeleniumTesting.AEMhdfc.ProductpageTest" time="9.644">
    <system-out><![CDATA[Trying to find Element By : By.xpath: //div[@class='icon-wrap rate']
Found Element By : By.xpath: //div[@class='icon-wrap rate']
Trying to find Element By : By.xpath: //div[@class='icon-wrap rate']
Found Element By : By.xpath: //div[@class='icon-wrap rate']
Trying to find Element By : By.cssSelector: #rate-msg
Found Element By : By.cssSelector: #rate-msg
Trying to find Element By : By.xpath: (//*[name()='svg'][@class='starttest'])[2]
Found Element By : By.xpath: (//*[name()='svg'][@class='starttest'])[2]
Trying to click on: [[EdgeDriver: msedge on WINDOWS (191c0361c2467a282ff2a25c87788c54)] -> xpath: (//*[name()='svg'][@class='starttest'])[2]]
Clicked on: [[EdgeDriver: msedge on WINDOWS (191c0361c2467a282ff2a25c87788c54)] -> xpath: (//*[name()='svg'][@class='starttest'])[2]]
Trying to find Element By : By.xpath: //div[@class='icon-wrap rate']
Found Element By : By.xpath: //div[@class='icon-wrap rate']
Trying to find Element By : By.cssSelector: #rate-msg
Found Element By : By.cssSelector: #rate-msg
]]></system-out>
  </testcase>
  <testcase name="verifyPrintBtn" classname="SeleniumTesting.AEMhdfc.ProductpageTest" time="9.442">
    <system-out><![CDATA[Trying to find Element By : By.xpath: //div[@class='icon-wrap print']
Found Element By : By.xpath: //div[@class='icon-wrap print']
Trying to find Element By : By.xpath: //div[@class='icon-wrap print']
Found Element By : By.xpath: //div[@class='icon-wrap print']
Trying to click on: [[EdgeDriver: msedge on WINDOWS (191c0361c2467a282ff2a25c87788c54)] -> xpath: //div[@class='icon-wrap print']]
Clicked on: [[EdgeDriver: msedge on WINDOWS (191c0361c2467a282ff2a25c87788c54)] -> xpath: //div[@class='icon-wrap print']]
]]></system-out>
  </testcase>
  <testcase name="verifyShareOption" classname="SeleniumTesting.AEMhdfc.ProductpageTest" time="49.748">
    <system-out><![CDATA[Trying to find Element By : By.xpath: //div[@class='icon-wrap share']
Found Element By : By.xpath: //div[@class='icon-wrap share']
Trying to find Element By : By.xpath: //div[@class='icon-wrap share']
Found Element By : By.xpath: //div[@class='icon-wrap share']
Trying to find Element By : By.xpath: //li[@class='share_social'][@data-medium='facebook']
Found Element By : By.xpath: //li[@class='share_social'][@data-medium='facebook']
Trying to find Element By : By.xpath: //li[@class='share_social'][@data-medium='facebook']
Found Element By : By.xpath: //li[@class='share_social'][@data-medium='facebook']
Trying to click on: [[EdgeDriver: msedge on WINDOWS (191c0361c2467a282ff2a25c87788c54)] -> xpath: //li[@class='share_social'][@data-medium='facebook']]
Clicked on: [[EdgeDriver: msedge on WINDOWS (191c0361c2467a282ff2a25c87788c54)] -> xpath: //li[@class='share_social'][@data-medium='facebook']]
Trying to find Element By : By.xpath: //div[@class='icon-wrap share']
Found Element By : By.xpath: //div[@class='icon-wrap share']
Trying to find Element By : By.xpath: //div[@class='icon-wrap share']
Found Element By : By.xpath: //div[@class='icon-wrap share']
Trying to find Element By : By.xpath: //li[@class='share_social'][@data-medium='twitter']
Found Element By : By.xpath: //li[@class='share_social'][@data-medium='twitter']
Trying to find Element By : By.xpath: //li[@class='share_social'][@data-medium='twitter']
Found Element By : By.xpath: //li[@class='share_social'][@data-medium='twitter']
Trying to click on: [[EdgeDriver: msedge on WINDOWS (191c0361c2467a282ff2a25c87788c54)] -> xpath: //li[@class='share_social'][@data-medium='twitter']]
Clicked on: [[EdgeDriver: msedge on WINDOWS (191c0361c2467a282ff2a25c87788c54)] -> xpath: //li[@class='share_social'][@data-medium='twitter']]
Trying to find Element By : By.xpath: //div[@class='icon-wrap share']
Found Element By : By.xpath: //div[@class='icon-wrap share']
Trying to find Element By : By.xpath: //div[@class='icon-wrap share']
Found Element By : By.xpath: //div[@class='icon-wrap share']
Trying to find Element By : By.xpath: //li[@class='share_social'][@data-medium='linkedin']
Found Element By : By.xpath: //li[@class='share_social'][@data-medium='linkedin']
Trying to find Element By : By.xpath: //li[@class='share_social'][@data-medium='linkedin']
Found Element By : By.xpath: //li[@class='share_social'][@data-medium='linkedin']
Trying to click on: [[EdgeDriver: msedge on WINDOWS (191c0361c2467a282ff2a25c87788c54)] -> xpath: //li[@class='share_social'][@data-medium='linkedin']]
Clicked on: [[EdgeDriver: msedge on WINDOWS (191c0361c2467a282ff2a25c87788c54)] -> xpath: //li[@class='share_social'][@data-medium='linkedin']]
]]></system-out>
  </testcase>
  <testcase name="verifyRatingsFromAPI" classname="SeleniumTesting.AEMhdfc.ProductpageTest" time="3.029">
    <system-out><![CDATA[Trying to find Element By : By.xpath: //div[@class='five-star-wrapper'][@id='starRating']
Found Element By : By.xpath: //div[@class='five-star-wrapper'][@id='starRating']
]]></system-out>
  </testcase>
  <testcase name="verifyDownloadBrochure" classname="SeleniumTesting.AEMhdfc.ProductpageTest" time="6.164">
    <system-out><![CDATA[Trying to find Element By : By.xpath: //a[@class='product-download-btn downloadPdfClick']
Found Element By : By.xpath: //a[@class='product-download-btn downloadPdfClick']
Trying to find Element By : By.xpath: //a[@class='product-download-btn downloadPdfClick']
Found Element By : By.xpath: //a[@class='product-download-btn downloadPdfClick']
Trying to click on: [[EdgeDriver: msedge on WINDOWS (191c0361c2467a282ff2a25c87788c54)] -> xpath: //a[@class='product-download-btn downloadPdfClick']]
Clicked on: [[EdgeDriver: msedge on WINDOWS (191c0361c2467a282ff2a25c87788c54)] -> xpath: //a[@class='product-download-btn downloadPdfClick']]
19:50:10.700 [main] INFO  PageObjects.Categorypage - MC062124237-V01-HDFC-Life-Click-2-Protect-Life-Retail-Brochure.pdf is present
]]></system-out>
  </testcase>
  <testcase name="verifyCalculatePremiumBtn" classname="SeleniumTesting.AEMhdfc.ProductpageTest" time="11.371">
    <system-out><![CDATA[Trying to find Element By : By.xpath: //a[@class='product-calculate-btn outlined-button-hover dataLayerBtnClick']
Found Element By : By.xpath: //a[@class='product-calculate-btn outlined-button-hover dataLayerBtnClick']
Trying to find Element By : By.xpath: //a[@class='product-calculate-btn outlined-button-hover dataLayerBtnClick']
Found Element By : By.xpath: //a[@class='product-calculate-btn outlined-button-hover dataLayerBtnClick']
Trying to click on: [[EdgeDriver: msedge on WINDOWS (191c0361c2467a282ff2a25c87788c54)] -> xpath: //a[@class='product-calculate-btn outlined-button-hover dataLayerBtnClick']]
Clicked on: [[EdgeDriver: msedge on WINDOWS (191c0361c2467a282ff2a25c87788c54)] -> xpath: //a[@class='product-calculate-btn outlined-button-hover dataLayerBtnClick']]
]]></system-out>
  </testcase>
  <testcase name="verifyBuyNowBtn" classname="SeleniumTesting.AEMhdfc.ProductpageTest" time="9.382">
    <system-out><![CDATA[Trying to find Element By : By.xpath: //a[@class='product-buynow-btn btnred dataLayerBtnClick']
Found Element By : By.xpath: //a[@class='product-buynow-btn btnred dataLayerBtnClick']
Trying to find Element By : By.xpath: //a[@class='product-buynow-btn btnred dataLayerBtnClick']
Found Element By : By.xpath: //a[@class='product-buynow-btn btnred dataLayerBtnClick']
Trying to click on: [[EdgeDriver: msedge on WINDOWS (191c0361c2467a282ff2a25c87788c54)] -> xpath: //a[@class='product-buynow-btn btnred dataLayerBtnClick']]
Clicked on: [[EdgeDriver: msedge on WINDOWS (191c0361c2467a282ff2a25c87788c54)] -> xpath: //a[@class='product-buynow-btn btnred dataLayerBtnClick']]
]]></system-out>
  </testcase>
  <testcase name="verifyDownloadsSectionAfterScroll" classname="SeleniumTesting.AEMhdfc.ProductpageTest" time="108.077">
    <system-out><![CDATA[19:50:31.457 [main] INFO  SeleniumTesting.AEMhdfc.ProductpageTest - Download section verification after scroll started
Trying to find Element By : By.xpath: //div[@class='icon-wrap rate']
Found Element By : By.xpath: //div[@class='icon-wrap rate']
Trying to find Element By : By.xpath: //div[@class='icon-wrap rate']
Found Element By : By.xpath: //div[@class='icon-wrap rate']
Trying to find Element By : By.cssSelector: #rate-msg
Found Element By : By.cssSelector: #rate-msg
Trying to find Element By : By.xpath: (//*[name()='svg'][@class='starttest'])[2]
Found Element By : By.xpath: (//*[name()='svg'][@class='starttest'])[2]
Trying to click on: [[EdgeDriver: msedge on WINDOWS (191c0361c2467a282ff2a25c87788c54)] -> xpath: (//*[name()='svg'][@class='starttest'])[2]]
Clicked on: [[EdgeDriver: msedge on WINDOWS (191c0361c2467a282ff2a25c87788c54)] -> xpath: (//*[name()='svg'][@class='starttest'])[2]]
Trying to find Element By : By.xpath: //div[@class='icon-wrap rate']
Found Element By : By.xpath: //div[@class='icon-wrap rate']
Trying to find Element By : By.cssSelector: #rate-msg
Found Element By : By.cssSelector: #rate-msg
Trying to find Element By : By.xpath: //div[@class='icon-wrap print']
Found Element By : By.xpath: //div[@class='icon-wrap print']
Trying to find Element By : By.xpath: //div[@class='icon-wrap print']
Found Element By : By.xpath: //div[@class='icon-wrap print']
Trying to click on: [[EdgeDriver: msedge on WINDOWS (191c0361c2467a282ff2a25c87788c54)] -> xpath: //div[@class='icon-wrap print']]
Clicked on: [[EdgeDriver: msedge on WINDOWS (191c0361c2467a282ff2a25c87788c54)] -> xpath: //div[@class='icon-wrap print']]
Trying to find Element By : By.xpath: //div[@class='icon-wrap share']
Found Element By : By.xpath: //div[@class='icon-wrap share']
Trying to find Element By : By.xpath: //div[@class='icon-wrap share']
Found Element By : By.xpath: //div[@class='icon-wrap share']
Trying to find Element By : By.xpath: //li[@class='share_social'][@data-medium='facebook']
Found Element By : By.xpath: //li[@class='share_social'][@data-medium='facebook']
Trying to find Element By : By.xpath: //li[@class='share_social'][@data-medium='facebook']
Found Element By : By.xpath: //li[@class='share_social'][@data-medium='facebook']
Trying to click on: [[EdgeDriver: msedge on WINDOWS (191c0361c2467a282ff2a25c87788c54)] -> xpath: //li[@class='share_social'][@data-medium='facebook']]
Clicked on: [[EdgeDriver: msedge on WINDOWS (191c0361c2467a282ff2a25c87788c54)] -> xpath: //li[@class='share_social'][@data-medium='facebook']]
Trying to find Element By : By.xpath: //div[@class='icon-wrap share']
Found Element By : By.xpath: //div[@class='icon-wrap share']
Trying to find Element By : By.xpath: //div[@class='icon-wrap share']
Found Element By : By.xpath: //div[@class='icon-wrap share']
Trying to find Element By : By.xpath: //li[@class='share_social'][@data-medium='twitter']
Found Element By : By.xpath: //li[@class='share_social'][@data-medium='twitter']
Trying to find Element By : By.xpath: //li[@class='share_social'][@data-medium='twitter']
Found Element By : By.xpath: //li[@class='share_social'][@data-medium='twitter']
Trying to click on: [[EdgeDriver: msedge on WINDOWS (191c0361c2467a282ff2a25c87788c54)] -> xpath: //li[@class='share_social'][@data-medium='twitter']]
Clicked on: [[EdgeDriver: msedge on WINDOWS (191c0361c2467a282ff2a25c87788c54)] -> xpath: //li[@class='share_social'][@data-medium='twitter']]
Trying to find Element By : By.xpath: //div[@class='icon-wrap share']
Found Element By : By.xpath: //div[@class='icon-wrap share']
Trying to find Element By : By.xpath: //div[@class='icon-wrap share']
Found Element By : By.xpath: //div[@class='icon-wrap share']
Trying to find Element By : By.xpath: //li[@class='share_social'][@data-medium='linkedin']
Found Element By : By.xpath: //li[@class='share_social'][@data-medium='linkedin']
Trying to find Element By : By.xpath: //li[@class='share_social'][@data-medium='linkedin']
Found Element By : By.xpath: //li[@class='share_social'][@data-medium='linkedin']
Trying to click on: [[EdgeDriver: msedge on WINDOWS (191c0361c2467a282ff2a25c87788c54)] -> xpath: //li[@class='share_social'][@data-medium='linkedin']]
Clicked on: [[EdgeDriver: msedge on WINDOWS (191c0361c2467a282ff2a25c87788c54)] -> xpath: //li[@class='share_social'][@data-medium='linkedin']]
Trying to find Element By : By.xpath: //div[@class='five-star-wrapper'][@id='starRating']
Found Element By : By.xpath: //div[@class='five-star-wrapper'][@id='starRating']
Trying to find Element By : By.xpath: //a[@class='product-download-btn downloadPdfClick']
Found Element By : By.xpath: //a[@class='product-download-btn downloadPdfClick']
Trying to find Element By : By.xpath: //a[@class='product-download-btn downloadPdfClick']
Found Element By : By.xpath: //a[@class='product-download-btn downloadPdfClick']
Trying to click on: [[EdgeDriver: msedge on WINDOWS (191c0361c2467a282ff2a25c87788c54)] -> xpath: //a[@class='product-download-btn downloadPdfClick']]
Clicked on: [[EdgeDriver: msedge on WINDOWS (191c0361c2467a282ff2a25c87788c54)] -> xpath: //a[@class='product-download-btn downloadPdfClick']]
19:51:58.686 [main] INFO  PageObjects.Categorypage - MC062124237-V01-HDFC-Life-Click-2-Protect-Life-Retail-Brochure.pdf is present
Trying to find Element By : By.xpath: //a[@class='product-calculate-btn outlined-button-hover dataLayerBtnClick']
Found Element By : By.xpath: //a[@class='product-calculate-btn outlined-button-hover dataLayerBtnClick']
Trying to find Element By : By.xpath: //a[@class='product-calculate-btn outlined-button-hover dataLayerBtnClick']
Found Element By : By.xpath: //a[@class='product-calculate-btn outlined-button-hover dataLayerBtnClick']
Trying to click on: [[EdgeDriver: msedge on WINDOWS (191c0361c2467a282ff2a25c87788c54)] -> xpath: //a[@class='product-calculate-btn outlined-button-hover dataLayerBtnClick']]
Clicked on: [[EdgeDriver: msedge on WINDOWS (191c0361c2467a282ff2a25c87788c54)] -> xpath: //a[@class='product-calculate-btn outlined-button-hover dataLayerBtnClick']]
Trying to find Element By : By.xpath: //a[@class='product-buynow-btn btnred dataLayerBtnClick']
Found Element By : By.xpath: //a[@class='product-buynow-btn btnred dataLayerBtnClick']
Trying to find Element By : By.xpath: //a[@class='product-buynow-btn btnred dataLayerBtnClick']
Found Element By : By.xpath: //a[@class='product-buynow-btn btnred dataLayerBtnClick']
Trying to click on: [[EdgeDriver: msedge on WINDOWS (191c0361c2467a282ff2a25c87788c54)] -> xpath: //a[@class='product-buynow-btn btnred dataLayerBtnClick']]
Clicked on: [[EdgeDriver: msedge on WINDOWS (191c0361c2467a282ff2a25c87788c54)] -> xpath: //a[@class='product-buynow-btn btnred dataLayerBtnClick']]
]]></system-out>
  </testcase>
  <testcase name="verifyYourPlanYourBenefitsSection" classname="SeleniumTesting.AEMhdfc.ProductpageTest" time="48.534">
    <system-out><![CDATA[Trying to find Element By : By.xpath: (//button[@class='btn btnwhite dataLayerBtnClick'])[1]
Found Element By : By.xpath: (//button[@class='btn btnwhite dataLayerBtnClick'])[1]
Trying to click on: [[EdgeDriver: msedge on WINDOWS (191c0361c2467a282ff2a25c87788c54)] -> xpath: (//button[@class='btn btnwhite dataLayerBtnClick'])[1]]
Clicked on: [[EdgeDriver: msedge on WINDOWS (191c0361c2467a282ff2a25c87788c54)] -> xpath: (//button[@class='btn btnwhite dataLayerBtnClick'])[1]]
Trying to find Element By : By.xpath: (//span[@class='close-iconprod'])[1]
Found Element By : By.xpath: (//span[@class='close-iconprod'])[1]
Trying to click on: [[EdgeDriver: msedge on WINDOWS (191c0361c2467a282ff2a25c87788c54)] -> xpath: (//span[@class='close-iconprod'])[1]]
Clicked on: [[EdgeDriver: msedge on WINDOWS (191c0361c2467a282ff2a25c87788c54)] -> xpath: (//span[@class='close-iconprod'])[1]]
Trying to find Element By : By.xpath: (//button[@class='owl-next'])[1]
Found Element By : By.xpath: (//button[@class='owl-next'])[1]
Trying to find Element By : By.xpath: (//button[@class='owl-next'])[1]
Found Element By : By.xpath: (//button[@class='owl-next'])[1]
Trying to click on: [[EdgeDriver: msedge on WINDOWS (191c0361c2467a282ff2a25c87788c54)] -> xpath: (//button[@class='owl-next'])[1]]
Clicked on: [[EdgeDriver: msedge on WINDOWS (191c0361c2467a282ff2a25c87788c54)] -> xpath: (//button[@class='owl-next'])[1]]
Trying to find Element By : By.xpath: (//button[@class='owl-next'])[1]
Found Element By : By.xpath: (//button[@class='owl-next'])[1]
Trying to find Element By : By.xpath: (//button[@class='owl-next'])[1]
Found Element By : By.xpath: (//button[@class='owl-next'])[1]
Trying to click on: [[EdgeDriver: msedge on WINDOWS (191c0361c2467a282ff2a25c87788c54)] -> xpath: (//button[@class='owl-next'])[1]]
Clicked on: [[EdgeDriver: msedge on WINDOWS (191c0361c2467a282ff2a25c87788c54)] -> xpath: (//button[@class='owl-next'])[1]]
Trying to find Element By : By.xpath: (//button[@class='owl-next'])[1]
Found Element By : By.xpath: (//button[@class='owl-next'])[1]
Trying to find Element By : By.xpath: (//button[@class='owl-next disabled'])[1]
Found Element By : By.xpath: (//button[@class='owl-next disabled'])[1]
Trying to find Element By : By.xpath: (//button[@class='owl-prev'])[1]
Found Element By : By.xpath: (//button[@class='owl-prev'])[1]
Trying to find Element By : By.xpath: (//button[@class='owl-prev'])[1]
Found Element By : By.xpath: (//button[@class='owl-prev'])[1]
Trying to click on: [[EdgeDriver: msedge on WINDOWS (191c0361c2467a282ff2a25c87788c54)] -> xpath: (//button[@class='owl-prev'])[1]]
Clicked on: [[EdgeDriver: msedge on WINDOWS (191c0361c2467a282ff2a25c87788c54)] -> xpath: (//button[@class='owl-prev'])[1]]
Trying to find Element By : By.xpath: (//button[@class='owl-prev'])[1]
Found Element By : By.xpath: (//button[@class='owl-prev'])[1]
Trying to find Element By : By.xpath: (//button[@class='owl-prev'])[1]
Found Element By : By.xpath: (//button[@class='owl-prev'])[1]
Trying to click on: [[EdgeDriver: msedge on WINDOWS (191c0361c2467a282ff2a25c87788c54)] -> xpath: (//button[@class='owl-prev'])[1]]
Clicked on: [[EdgeDriver: msedge on WINDOWS (191c0361c2467a282ff2a25c87788c54)] -> xpath: (//button[@class='owl-prev'])[1]]
Trying to find Element By : By.xpath: (//button[@class='owl-prev disabled'])[1]
Found Element By : By.xpath: (//button[@class='owl-prev disabled'])[1]
Trying to find Element By : By.xpath: (//a[@class='talk-to-advisor-link outlined-button-hover product-benefits-cards-data-layer'])[1]
Found Element By : By.xpath: (//a[@class='talk-to-advisor-link outlined-button-hover product-benefits-cards-data-layer'])[1]
Trying to find Element By : By.xpath: (//a[@class='talk-to-advisor-link outlined-button-hover product-benefits-cards-data-layer'])[1]
Found Element By : By.xpath: (//a[@class='talk-to-advisor-link outlined-button-hover product-benefits-cards-data-layer'])[1]
Trying to click on: [[EdgeDriver: msedge on WINDOWS (191c0361c2467a282ff2a25c87788c54)] -> xpath: (//a[@class='talk-to-advisor-link outlined-button-hover product-benefits-cards-data-layer'])[1]]
Clicked on: [[EdgeDriver: msedge on WINDOWS (191c0361c2467a282ff2a25c87788c54)] -> xpath: (//a[@class='talk-to-advisor-link outlined-button-hover product-benefits-cards-data-layer'])[1]]
Trying to find Element By : By.xpath: //input[@class='first-name']
Found Element By : By.xpath: //input[@class='first-name']
Trying to find Element By : By.xpath: //input[@class='modilewidth']
Found Element By : By.xpath: //input[@class='modilewidth']
Trying to find Element By : By.id: insurance_category
Found Element By : By.id: insurance_category
Trying to find Element By : By.id: insurance_category
Found Element By : By.id: insurance_category
Trying to find Element By : By.id: insurance_category
Found Element By : By.id: insurance_category
Trying to find Element By : By.xpath: .//option[@value = "Health Plans"]
Found Element By : By.xpath: .//option[@value = "Health Plans"]
Trying to click on: [[[[EdgeDriver: msedge on WINDOWS (191c0361c2467a282ff2a25c87788c54)] -> id: insurance_category]] -> xpath: .//option[@value = "Health Plans"]]
Clicked on: [[[[EdgeDriver: msedge on WINDOWS (191c0361c2467a282ff2a25c87788c54)] -> id: insurance_category]] -> xpath: .//option[@value = "Health Plans"]]
Trying to find Element By : By.xpath: //span[@class='close-icon1']
Found Element By : By.xpath: //span[@class='close-icon1']
Trying to find Element By : By.xpath: //span[@class='close-icon1']
Found Element By : By.xpath: //span[@class='close-icon1']
Trying to click on: [[EdgeDriver: msedge on WINDOWS (191c0361c2467a282ff2a25c87788c54)] -> xpath: //span[@class='close-icon1']]
Clicked on: [[EdgeDriver: msedge on WINDOWS (191c0361c2467a282ff2a25c87788c54)] -> xpath: //span[@class='close-icon1']]
]]></system-out>
  </testcase>
  <testcase name="verifyEligibilityCriteria" classname="SeleniumTesting.AEMhdfc.ProductpageTest" time="9.246">
    <system-out><![CDATA[Trying to find Element By : By.id: view-eligibility-table
Found Element By : By.id: view-eligibility-table
Trying to find Element By : By.id: view-eligibility-table
Found Element By : By.id: view-eligibility-table
Trying to click on: [[EdgeDriver: msedge on WINDOWS (191c0361c2467a282ff2a25c87788c54)] -> id: view-eligibility-table]
Clicked on: [[EdgeDriver: msedge on WINDOWS (191c0361c2467a282ff2a25c87788c54)] -> id: view-eligibility-table]
Trying to find Element By : By.className: close-table
Found Element By : By.className: close-table
Trying to find Element By : By.className: close-table
Found Element By : By.className: close-table
Trying to find Element By : By.className: close-table
Found Element By : By.className: close-table
Trying to click on: [[EdgeDriver: msedge on WINDOWS (191c0361c2467a282ff2a25c87788c54)] -> class name: close-table]
Clicked on: [[EdgeDriver: msedge on WINDOWS (191c0361c2467a282ff2a25c87788c54)] -> class name: close-table]
Trying to find Element By : By.id: view-eligibility-table
Found Element By : By.id: view-eligibility-table
]]></system-out>
  </testcase>
  <testcase name="verifyVideoOnCategoryPage" classname="SeleniumTesting.AEMhdfc.ProductpageTest" time="3.013"/>
  <testcase name="verifyRidersSection" classname="SeleniumTesting.AEMhdfc.ProductpageTest" time="57.823">
    <system-out><![CDATA[Trying to find Element By : By.xpath: (//a[@class='viewMoreBtn'])[3]
Found Element By : By.xpath: (//a[@class='viewMoreBtn'])[3]
Trying to find Element By : By.xpath: (//a[@class='viewMoreBtn'])[3]
Found Element By : By.xpath: (//a[@class='viewMoreBtn'])[3]
Trying to click on: [[EdgeDriver: msedge on WINDOWS (191c0361c2467a282ff2a25c87788c54)] -> xpath: (//a[@class='viewMoreBtn'])[3]]
Clicked on: [[EdgeDriver: msedge on WINDOWS (191c0361c2467a282ff2a25c87788c54)] -> xpath: (//a[@class='viewMoreBtn'])[3]]
19:53:38.504 [main] INFO  PageObjects.Categorypage - Verification for download button in rider section started
Trying to find Element By : By.xpath: (//ul[@class='insuranceBenList'])[1]
Found Element By : By.xpath: (//ul[@class='insuranceBenList'])[1]
Trying to find Element By : By.tagName: a
Found Element By : By.tagName: a
19:53:38.524 [main] INFO  PageObjects.Categorypage -  the number of buttons in download riders section : 2
Trying to find Element By : By.xpath: (//ul[@class='insuranceBenList'])[2]
Found Element By : By.xpath: (//ul[@class='insuranceBenList'])[2]
Trying to find Element By : By.tagName: a
Found Element By : By.tagName: a
19:54:02.943 [main] INFO  PageObjects.Categorypage -  the number of buttons in second row in download riders section : 1
]]></system-out>
  </testcase>
  <testcase name="verifyScheduleACallOnProductPage" classname="SeleniumTesting.AEMhdfc.ProductpageTest" time="16.823">
    <system-out><![CDATA[Trying to find Element By : By.xpath: //button[@class='btn btn-primary btnred schedule-btn scb-data-layer']
Found Element By : By.xpath: //button[@class='btn btn-primary btnred schedule-btn scb-data-layer']
Trying to click on: [[EdgeDriver: msedge on WINDOWS (191c0361c2467a282ff2a25c87788c54)] -> xpath: //button[@class='btn btn-primary btnred schedule-btn scb-data-layer']]
Clicked on: [[EdgeDriver: msedge on WINDOWS (191c0361c2467a282ff2a25c87788c54)] -> xpath: //button[@class='btn btn-primary btnred schedule-btn scb-data-layer']]
Trying to find Element By : By.xpath: //div[@id='myModal']//input[@placeholder='Name']
Found Element By : By.xpath: //div[@id='myModal']//input[@placeholder='Name']
Trying to find Element By : By.xpath: //div[@id='myModal']//input[@placeholder='Mobile Number']
Found Element By : By.xpath: //div[@id='myModal']//input[@placeholder='Mobile Number']
Trying to find Element By : By.xpath: (//select[@id='insurance_category'])[5]
Found Element By : By.xpath: (//select[@id='insurance_category'])[5]
Trying to find Element By : By.xpath: (//select[@id='insurance_category'])[5]
Found Element By : By.xpath: (//select[@id='insurance_category'])[5]
Trying to find Element By : By.xpath: (//select[@id='insurance_category'])[5]
Found Element By : By.xpath: (//select[@id='insurance_category'])[5]
Trying to find Element By : By.xpath: .//option[@value = "Investment Plans"]
Found Element By : By.xpath: .//option[@value = "Investment Plans"]
Trying to click on: [[[[EdgeDriver: msedge on WINDOWS (191c0361c2467a282ff2a25c87788c54)] -> xpath: (//select[@id='insurance_category'])[5]]] -> xpath: .//option[@value = "Investment Plans"]]
Clicked on: [[[[EdgeDriver: msedge on WINDOWS (191c0361c2467a282ff2a25c87788c54)] -> xpath: (//select[@id='insurance_category'])[5]]] -> xpath: .//option[@value = "Investment Plans"]]
Trying to find Element By : By.xpath: (//span[@class='close-icon1'])[5]
Found Element By : By.xpath: (//span[@class='close-icon1'])[5]
Trying to find Element By : By.xpath: (//span[@class='close-icon1'])[5]
Found Element By : By.xpath: (//span[@class='close-icon1'])[5]
Trying to click on: [[EdgeDriver: msedge on WINDOWS (191c0361c2467a282ff2a25c87788c54)] -> xpath: (//span[@class='close-icon1'])[5]]
Clicked on: [[EdgeDriver: msedge on WINDOWS (191c0361c2467a282ff2a25c87788c54)] -> xpath: (//span[@class='close-icon1'])[5]]
Trying to find Element By : By.xpath: //button[@class='btn btn-primary btnred schedule-btn scb-data-layer']
Found Element By : By.xpath: //button[@class='btn btn-primary btnred schedule-btn scb-data-layer']
Trying to click on: [[EdgeDriver: msedge on WINDOWS (191c0361c2467a282ff2a25c87788c54)] -> xpath: //button[@class='btn btn-primary btnred schedule-btn scb-data-layer']]
Clicked on: [[EdgeDriver: msedge on WINDOWS (191c0361c2467a282ff2a25c87788c54)] -> xpath: //button[@class='btn btn-primary btnred schedule-btn scb-data-layer']]
Trying to find Element By : By.xpath: //div[@id='myModal']//input[@placeholder='Name']
Found Element By : By.xpath: //div[@id='myModal']//input[@placeholder='Name']
Trying to find Element By : By.xpath: //div[@id='myModal']//input[@placeholder='Mobile Number']
Found Element By : By.xpath: //div[@id='myModal']//input[@placeholder='Mobile Number']
Trying to find Element By : By.xpath: //span[contains(text(),'Field should contain minimum 3 and max 50 characters')]
Found Element By : By.xpath: //span[contains(text(),'Field should contain minimum 3 and max 50 characters')]
Trying to find Element By : By.xpath: //span[contains(text(),'Field should contain minimum 3 and max 50 characters')]
Found Element By : By.xpath: //span[contains(text(),'Field should contain minimum 3 and max 50 characters')]
Trying to find Element By : By.xpath: //span[contains(text(),'Field should contain minimum 3 and max 50 characters')]
Found Element By : By.xpath: //span[contains(text(),'Field should contain minimum 3 and max 50 characters')]
Trying to find Element By : By.xpath: //span[contains(text(),'Please enter valid mobile number')]
Found Element By : By.xpath: //span[contains(text(),'Please enter valid mobile number')]
Trying to find Element By : By.xpath: (//span[@class='close-icon1'])[5]
Found Element By : By.xpath: (//span[@class='close-icon1'])[5]
Trying to find Element By : By.xpath: (//span[@class='close-icon1'])[5]
Found Element By : By.xpath: (//span[@class='close-icon1'])[5]
Trying to click on: [[EdgeDriver: msedge on WINDOWS (191c0361c2467a282ff2a25c87788c54)] -> xpath: (//span[@class='close-icon1'])[5]]
Clicked on: [[EdgeDriver: msedge on WINDOWS (191c0361c2467a282ff2a25c87788c54)] -> xpath: (//span[@class='close-icon1'])[5]]
]]></system-out>
  </testcase>
  <testcase name="verifyFAQSection" classname="SeleniumTesting.AEMhdfc.ProductpageTest" time="12.444">
    <system-out><![CDATA[Trying to find Element By : By.xpath: //h2[@class='tabAccordMenu opened']
Found Element By : By.xpath: //h2[@class='tabAccordMenu opened']
19:54:38.005 [main] INFO  PageObjects.Categorypage - First FAQ accordion is open on page load
Trying to find Element By : By.xpath: //h2[@class='tabAccordMenu opened']
Found Element By : By.xpath: //h2[@class='tabAccordMenu opened']
Trying to click on: [[EdgeDriver: msedge on WINDOWS (191c0361c2467a282ff2a25c87788c54)] -> xpath: //h2[@class='tabAccordMenu opened']]
Clicked on: [[EdgeDriver: msedge on WINDOWS (191c0361c2467a282ff2a25c87788c54)] -> xpath: //h2[@class='tabAccordMenu opened']]
Trying to find Element By : By.xpath: (//h2[@class='tabAccordMenu'])[2]
Found Element By : By.xpath: (//h2[@class='tabAccordMenu'])[2]
Trying to find Element By : By.xpath: (//h2[@class='tabAccordMenu'])[2]
Found Element By : By.xpath: (//h2[@class='tabAccordMenu'])[2]
Trying to click on: [[EdgeDriver: msedge on WINDOWS (191c0361c2467a282ff2a25c87788c54)] -> xpath: (//h2[@class='tabAccordMenu'])[2]]
Clicked on: [[EdgeDriver: msedge on WINDOWS (191c0361c2467a282ff2a25c87788c54)] -> xpath: (//h2[@class='tabAccordMenu'])[2]]
Trying to find Element By : By.xpath: //h2[@class='tabAccordMenu opened']
Found Element By : By.xpath: //h2[@class='tabAccordMenu opened']
19:54:44.275 [main] INFO  PageObjects.Categorypage - Second FAQ accordion is opened on click
Trying to find Element By : By.xpath: //h2[@class='tabAccordMenu opened']
Found Element By : By.xpath: //h2[@class='tabAccordMenu opened']
Trying to click on: [[EdgeDriver: msedge on WINDOWS (191c0361c2467a282ff2a25c87788c54)] -> xpath: //h2[@class='tabAccordMenu opened']]
Clicked on: [[EdgeDriver: msedge on WINDOWS (191c0361c2467a282ff2a25c87788c54)] -> xpath: //h2[@class='tabAccordMenu opened']]
Trying to find Element By : By.xpath: (//a[@class='viewMoreBtn'])[4]
Found Element By : By.xpath: (//a[@class='viewMoreBtn'])[4]
19:54:47.414 [main] ERROR PageObjects.Productpage - View more button for FAQ is not visible on page load
]]></system-out>
  </testcase>
  <testcase name="verifyDisclaimerOnProductPage" classname="SeleniumTesting.AEMhdfc.ProductpageTest" time="9.141">
    <system-out><![CDATA[Trying to find Element By : By.xpath: //a[@data-toggle='collapse']
Found Element By : By.xpath: //a[@data-toggle='collapse']
Trying to find Element By : By.xpath: //a[@data-toggle='collapse']
Found Element By : By.xpath: //a[@data-toggle='collapse']
Trying to click on: [[EdgeDriver: msedge on WINDOWS (191c0361c2467a282ff2a25c87788c54)] -> xpath: //a[@data-toggle='collapse']]
Clicked on: [[EdgeDriver: msedge on WINDOWS (191c0361c2467a282ff2a25c87788c54)] -> xpath: //a[@data-toggle='collapse']]
]]></system-out>
  </testcase>
  <testcase name="navigateToCustomerServiceLandingPage" classname="SeleniumTesting.AEMhdfc.CustomerservicelandingTest" time="4.774">
    <system-out><![CDATA[19:54:56.972 [main] INFO  SeleniumTesting.AEMhdfc.ProductpageTest - Product page test cases executed
Before navigating to: 'https://www.hdfclife.com/'
Navigated to:'https://www.hdfclife.com/'
19:55:01.309 [main] INFO  SeleniumTesting.AEMhdfc.ProductpageTest - Customer Service Landing Page test cases started
Trying to find Element By : By.xpath: //a[contains(text(),'Customer Service')]
Found Element By : By.xpath: //a[contains(text(),'Customer Service')]
Trying to find Element By : By.xpath: //a[contains(text(),'Customer Service')]
Found Element By : By.xpath: //a[contains(text(),'Customer Service')]
Trying to click on: [[EdgeDriver: msedge on WINDOWS (bc277536cf1dbf6945921f00920c39f3)] -> xpath: //a[contains(text(),'Customer Service')]]
Clicked on: [[EdgeDriver: msedge on WINDOWS (bc277536cf1dbf6945921f00920c39f3)] -> xpath: //a[contains(text(),'Customer Service')]]
]]></system-out>
    <system-err><![CDATA[Dec 20, 2021 7:54:56 PM org.openqa.selenium.remote.DesiredCapabilities edge
INFO: Using `new EdgeOptions()` is preferred to `DesiredCapabilities.edge()`
Starting MSEdgeDriver 96.0.1054.62 (f97cb2ce0103f6eaa6dc1994d77748c659744916) on port 15723
Only local connections are allowed.
Please see https://chromedriver.chromium.org/security-considerations for suggestions on keeping MSEdgeDriver safe.
MSEdgeDriver was started successfully.
Dec 20, 2021 7:54:58 PM org.openqa.selenium.remote.ProtocolHandshake createSession
INFO: Detected dialect: W3C
]]></system-err>
  </testcase>
  <testcase name="verifyCustomerServiceLandingPopup" classname="SeleniumTesting.AEMhdfc.CustomerservicelandingTest" time="15.446">
    <system-out><![CDATA[Trying to find Element By : By.xpath: //img[@class='closeAll regulatorypopupAImg']
Found Element By : By.xpath: //img[@class='closeAll regulatorypopupAImg']
Trying to find Element By : By.xpath: //a[@class='download-a']
Found Element By : By.xpath: //a[@class='download-a']
Trying to find Element By : By.xpath: //a[@class='download-a']
Found Element By : By.xpath: //a[@class='download-a']
Trying to click on: [[EdgeDriver: msedge on WINDOWS (bc277536cf1dbf6945921f00920c39f3)] -> xpath: //a[@class='download-a']]
Clicked on: [[EdgeDriver: msedge on WINDOWS (bc277536cf1dbf6945921f00920c39f3)] -> xpath: //a[@class='download-a']]
Trying to find Element By : By.xpath: //img[@class='at-element-click-tracking']
Found Element By : By.xpath: //img[@class='at-element-click-tracking']
Trying to find Element By : By.xpath: //img[@class='at-element-click-tracking']
Found Element By : By.xpath: //img[@class='at-element-click-tracking']
Trying to click on: [[EdgeDriver: msedge on WINDOWS (bc277536cf1dbf6945921f00920c39f3)] -> xpath: //img[@class='at-element-click-tracking']]
Clicked on: [[EdgeDriver: msedge on WINDOWS (bc277536cf1dbf6945921f00920c39f3)] -> xpath: //img[@class='at-element-click-tracking']]
]]></system-out>
  </testcase>
  <testcase name="verifyBannerCarousel" classname="SeleniumTesting.AEMhdfc.CustomerservicelandingTest" time="37.604">
    <system-out><![CDATA[Trying to find Element By : By.xpath: //li[@data-slide-to='0']
Found Element By : By.xpath: //li[@data-slide-to='0']
Trying to find Element By : By.xpath: //li[@data-slide-to='0']
Found Element By : By.xpath: //li[@data-slide-to='0']
Trying to click on: [[EdgeDriver: msedge on WINDOWS (bc277536cf1dbf6945921f00920c39f3)] -> xpath: //li[@data-slide-to='0']]
Clicked on: [[EdgeDriver: msedge on WINDOWS (bc277536cf1dbf6945921f00920c39f3)] -> xpath: //li[@data-slide-to='0']]
Trying to find Element By : By.xpath: //li[@data-slide-to='1']
Found Element By : By.xpath: //li[@data-slide-to='1']
Trying to find Element By : By.xpath: //li[@data-slide-to='1']
Found Element By : By.xpath: //li[@data-slide-to='1']
Trying to click on: [[EdgeDriver: msedge on WINDOWS (bc277536cf1dbf6945921f00920c39f3)] -> xpath: //li[@data-slide-to='1']]
Clicked on: [[EdgeDriver: msedge on WINDOWS (bc277536cf1dbf6945921f00920c39f3)] -> xpath: //li[@data-slide-to='1']]
Trying to find Element By : By.xpath: (//a[contains(text(),'Website')])[1]
Found Element By : By.xpath: (//a[contains(text(),'Website')])[1]
Trying to find Element By : By.xpath: (//a[contains(text(),'Website')])[1]
Found Element By : By.xpath: (//a[contains(text(),'Website')])[1]
Trying to click on: [[EdgeDriver: msedge on WINDOWS (bc277536cf1dbf6945921f00920c39f3)] -> xpath: (//a[contains(text(),'Website')])[1]]
Clicked on: [[EdgeDriver: msedge on WINDOWS (bc277536cf1dbf6945921f00920c39f3)] -> xpath: (//a[contains(text(),'Website')])[1]]
Trying to find Element By : By.xpath: (//a[contains(text(),'Mobile')])[1]
Found Element By : By.xpath: (//a[contains(text(),'Mobile')])[1]
Trying to find Element By : By.xpath: //li[@data-slide-to='1']
Found Element By : By.xpath: //li[@data-slide-to='1']
Trying to find Element By : By.xpath: //li[@data-slide-to='1']
Found Element By : By.xpath: //li[@data-slide-to='1']
Trying to click on: [[EdgeDriver: msedge on WINDOWS (bc277536cf1dbf6945921f00920c39f3)] -> xpath: //li[@data-slide-to='1']]
Clicked on: [[EdgeDriver: msedge on WINDOWS (bc277536cf1dbf6945921f00920c39f3)] -> xpath: //li[@data-slide-to='1']]
Trying to find Element By : By.xpath: (//a[contains(text(),'Mobile')])[1]
Found Element By : By.xpath: (//a[contains(text(),'Mobile')])[1]
Trying to find Element By : By.xpath: (//a[contains(text(),'Mobile')])[1]
Found Element By : By.xpath: (//a[contains(text(),'Mobile')])[1]
Trying to click on: [[EdgeDriver: msedge on WINDOWS (bc277536cf1dbf6945921f00920c39f3)] -> xpath: (//a[contains(text(),'Mobile')])[1]]
Clicked on: [[EdgeDriver: msedge on WINDOWS (bc277536cf1dbf6945921f00920c39f3)] -> xpath: (//a[contains(text(),'Mobile')])[1]]
Trying to find Element By : By.xpath: //li[@data-slide-to='2']
Found Element By : By.xpath: //li[@data-slide-to='2']
Trying to find Element By : By.xpath: //li[@data-slide-to='2']
Found Element By : By.xpath: //li[@data-slide-to='2']
Trying to click on: [[EdgeDriver: msedge on WINDOWS (bc277536cf1dbf6945921f00920c39f3)] -> xpath: //li[@data-slide-to='2']]
Clicked on: [[EdgeDriver: msedge on WINDOWS (bc277536cf1dbf6945921f00920c39f3)] -> xpath: //li[@data-slide-to='2']]
Trying to find Element By : By.xpath: (//a[contains(text(),'Click here')])[3]
Found Element By : By.xpath: (//a[contains(text(),'Click here')])[3]
Trying to find Element By : By.xpath: (//a[contains(text(),'Click here')])[3]
Found Element By : By.xpath: (//a[contains(text(),'Click here')])[3]
Trying to click on: [[EdgeDriver: msedge on WINDOWS (bc277536cf1dbf6945921f00920c39f3)] -> xpath: (//a[contains(text(),'Click here')])[3]]
Clicked on: [[EdgeDriver: msedge on WINDOWS (bc277536cf1dbf6945921f00920c39f3)] -> xpath: (//a[contains(text(),'Click here')])[3]]
Trying to find Element By : By.xpath: //li[@data-slide-to='3']
Found Element By : By.xpath: //li[@data-slide-to='3']
Trying to find Element By : By.xpath: //li[@data-slide-to='3']
Found Element By : By.xpath: //li[@data-slide-to='3']
Trying to click on: [[EdgeDriver: msedge on WINDOWS (bc277536cf1dbf6945921f00920c39f3)] -> xpath: //li[@data-slide-to='3']]
Clicked on: [[EdgeDriver: msedge on WINDOWS (bc277536cf1dbf6945921f00920c39f3)] -> xpath: //li[@data-slide-to='3']]
Trying to find Element By : By.xpath: (//a[contains(text(),'Click here')])[4]
Found Element By : By.xpath: (//a[contains(text(),'Click here')])[4]
Trying to find Element By : By.xpath: (//a[contains(text(),'Click here')])[4]
Found Element By : By.xpath: (//a[contains(text(),'Click here')])[4]
Trying to click on: [[EdgeDriver: msedge on WINDOWS (bc277536cf1dbf6945921f00920c39f3)] -> xpath: (//a[contains(text(),'Click here')])[4]]
Clicked on: [[EdgeDriver: msedge on WINDOWS (bc277536cf1dbf6945921f00920c39f3)] -> xpath: (//a[contains(text(),'Click here')])[4]]
Trying to find Element By : By.xpath: //li[@data-slide-to='4']
Found Element By : By.xpath: //li[@data-slide-to='4']
Trying to find Element By : By.xpath: //li[@data-slide-to='4']
Found Element By : By.xpath: //li[@data-slide-to='4']
Trying to click on: [[EdgeDriver: msedge on WINDOWS (bc277536cf1dbf6945921f00920c39f3)] -> xpath: //li[@data-slide-to='4']]
Clicked on: [[EdgeDriver: msedge on WINDOWS (bc277536cf1dbf6945921f00920c39f3)] -> xpath: //li[@data-slide-to='4']]
]]></system-out>
  </testcase>
  <testcase name="verifyBreadcrumb" classname="SeleniumTesting.AEMhdfc.CustomerservicelandingTest" time="11.793">
    <system-out><![CDATA[Trying to find Element By : By.xpath: //img[@class='homeIconImg']
Found Element By : By.xpath: //img[@class='homeIconImg']
Trying to find Element By : By.xpath: //img[@class='homeIconImg']
Found Element By : By.xpath: //img[@class='homeIconImg']
Trying to click on: [[EdgeDriver: msedge on WINDOWS (bc277536cf1dbf6945921f00920c39f3)] -> xpath: //img[@class='homeIconImg']]
Clicked on: [[EdgeDriver: msedge on WINDOWS (bc277536cf1dbf6945921f00920c39f3)] -> xpath: //img[@class='homeIconImg']]
Navigating back to previous page
Navigated back to previous page
Trying to find Element By : By.xpath: //img[@class='at-element-click-tracking']
Found Element By : By.xpath: //img[@class='at-element-click-tracking']
Trying to find Element By : By.xpath: //img[@class='at-element-click-tracking']
Found Element By : By.xpath: //img[@class='at-element-click-tracking']
Trying to click on: [[EdgeDriver: msedge on WINDOWS (bc277536cf1dbf6945921f00920c39f3)] -> xpath: //img[@class='at-element-click-tracking']]
Clicked on: [[EdgeDriver: msedge on WINDOWS (bc277536cf1dbf6945921f00920c39f3)] -> xpath: //img[@class='at-element-click-tracking']]
]]></system-out>
  </testcase>
  <testcase name="verifyQuickLinksSection" classname="SeleniumTesting.AEMhdfc.CustomerservicelandingTest" time="177.48">
    <system-out><![CDATA[Trying to find Element By : By.xpath: (//div[@class='rt-blue-bg']//a)[1]
Found Element By : By.xpath: (//div[@class='rt-blue-bg']//a)[1]
Trying to find Element By : By.xpath: (//div[@class='rt-blue-bg']//a)[1]
Found Element By : By.xpath: (//div[@class='rt-blue-bg']//a)[1]
Trying to click on: [[EdgeDriver: msedge on WINDOWS (bc277536cf1dbf6945921f00920c39f3)] -> xpath: (//div[@class='rt-blue-bg']//a)[1]]
Clicked on: [[EdgeDriver: msedge on WINDOWS (bc277536cf1dbf6945921f00920c39f3)] -> xpath: (//div[@class='rt-blue-bg']//a)[1]]
Navigating back to previous page
Navigated back to previous page
Trying to find Element By : By.xpath: //img[@class='at-element-click-tracking']
Found Element By : By.xpath: //img[@class='at-element-click-tracking']
Trying to find Element By : By.xpath: //img[@class='at-element-click-tracking']
Found Element By : By.xpath: //img[@class='at-element-click-tracking']
Trying to find Element By : By.xpath: //img[@class='at-element-click-tracking']
Found Element By : By.xpath: //img[@class='at-element-click-tracking']
Trying to click on: [[EdgeDriver: msedge on WINDOWS (bc277536cf1dbf6945921f00920c39f3)] -> xpath: //img[@class='at-element-click-tracking']]
Clicked on: [[EdgeDriver: msedge on WINDOWS (bc277536cf1dbf6945921f00920c39f3)] -> xpath: //img[@class='at-element-click-tracking']]
Trying to find Element By : By.xpath: (//div[@class='rt-blue-bg']//a)[2]
Found Element By : By.xpath: (//div[@class='rt-blue-bg']//a)[2]
Trying to find Element By : By.xpath: (//div[@class='rt-blue-bg']//a)[2]
Found Element By : By.xpath: (//div[@class='rt-blue-bg']//a)[2]
Trying to click on: [[EdgeDriver: msedge on WINDOWS (bc277536cf1dbf6945921f00920c39f3)] -> xpath: (//div[@class='rt-blue-bg']//a)[2]]
Clicked on: [[EdgeDriver: msedge on WINDOWS (bc277536cf1dbf6945921f00920c39f3)] -> xpath: (//div[@class='rt-blue-bg']//a)[2]]
Navigating back to previous page
Navigated back to previous page
Trying to find Element By : By.xpath: //img[@class='at-element-click-tracking']
Found Element By : By.xpath: //img[@class='at-element-click-tracking']
Trying to find Element By : By.xpath: //img[@class='at-element-click-tracking']
Found Element By : By.xpath: //img[@class='at-element-click-tracking']
Trying to find Element By : By.xpath: //img[@class='at-element-click-tracking']
Found Element By : By.xpath: //img[@class='at-element-click-tracking']
Trying to click on: [[EdgeDriver: msedge on WINDOWS (bc277536cf1dbf6945921f00920c39f3)] -> xpath: //img[@class='at-element-click-tracking']]
Clicked on: [[EdgeDriver: msedge on WINDOWS (bc277536cf1dbf6945921f00920c39f3)] -> xpath: //img[@class='at-element-click-tracking']]
Trying to find Element By : By.xpath: (//div[@class='rt-blue-bg']//a)[3]
Found Element By : By.xpath: (//div[@class='rt-blue-bg']//a)[3]
Trying to find Element By : By.xpath: (//div[@class='rt-blue-bg']//a)[3]
Found Element By : By.xpath: (//div[@class='rt-blue-bg']//a)[3]
Trying to click on: [[EdgeDriver: msedge on WINDOWS (bc277536cf1dbf6945921f00920c39f3)] -> xpath: (//div[@class='rt-blue-bg']//a)[3]]
Clicked on: [[EdgeDriver: msedge on WINDOWS (bc277536cf1dbf6945921f00920c39f3)] -> xpath: (//div[@class='rt-blue-bg']//a)[3]]
Navigating back to previous page
Navigated back to previous page
Trying to find Element By : By.xpath: //img[@class='at-element-click-tracking']
Found Element By : By.xpath: //img[@class='at-element-click-tracking']
Trying to find Element By : By.xpath: //img[@class='at-element-click-tracking']
Found Element By : By.xpath: //img[@class='at-element-click-tracking']
Trying to find Element By : By.xpath: //img[@class='at-element-click-tracking']
Found Element By : By.xpath: //img[@class='at-element-click-tracking']
Trying to click on: [[EdgeDriver: msedge on WINDOWS (bc277536cf1dbf6945921f00920c39f3)] -> xpath: //img[@class='at-element-click-tracking']]
Clicked on: [[EdgeDriver: msedge on WINDOWS (bc277536cf1dbf6945921f00920c39f3)] -> xpath: //img[@class='at-element-click-tracking']]
Trying to find Element By : By.xpath: (//div[@class='rt-blue-bg']//a)[4]
Found Element By : By.xpath: (//div[@class='rt-blue-bg']//a)[4]
Trying to find Element By : By.xpath: (//div[@class='rt-blue-bg']//a)[4]
Found Element By : By.xpath: (//div[@class='rt-blue-bg']//a)[4]
Trying to click on: [[EdgeDriver: msedge on WINDOWS (bc277536cf1dbf6945921f00920c39f3)] -> xpath: (//div[@class='rt-blue-bg']//a)[4]]
Clicked on: [[EdgeDriver: msedge on WINDOWS (bc277536cf1dbf6945921f00920c39f3)] -> xpath: (//div[@class='rt-blue-bg']//a)[4]]
Navigating back to previous page
Navigated back to previous page
Trying to find Element By : By.xpath: //img[@class='at-element-click-tracking']
Found Element By : By.xpath: //img[@class='at-element-click-tracking']
Trying to find Element By : By.xpath: //img[@class='at-element-click-tracking']
Found Element By : By.xpath: //img[@class='at-element-click-tracking']
Trying to find Element By : By.xpath: //img[@class='at-element-click-tracking']
Found Element By : By.xpath: //img[@class='at-element-click-tracking']
Trying to click on: [[EdgeDriver: msedge on WINDOWS (bc277536cf1dbf6945921f00920c39f3)] -> xpath: //img[@class='at-element-click-tracking']]
Clicked on: [[EdgeDriver: msedge on WINDOWS (bc277536cf1dbf6945921f00920c39f3)] -> xpath: //img[@class='at-element-click-tracking']]
Trying to find Element By : By.xpath: (//div[@class='rt-blue-bg']//a)[5]
Found Element By : By.xpath: (//div[@class='rt-blue-bg']//a)[5]
Trying to find Element By : By.xpath: (//div[@class='rt-blue-bg']//a)[5]
Found Element By : By.xpath: (//div[@class='rt-blue-bg']//a)[5]
Trying to click on: [[EdgeDriver: msedge on WINDOWS (bc277536cf1dbf6945921f00920c39f3)] -> xpath: (//div[@class='rt-blue-bg']//a)[5]]
Clicked on: [[EdgeDriver: msedge on WINDOWS (bc277536cf1dbf6945921f00920c39f3)] -> xpath: (//div[@class='rt-blue-bg']//a)[5]]
Navigating back to previous page
Navigated back to previous page
Trying to find Element By : By.xpath: //img[@class='at-element-click-tracking']
Found Element By : By.xpath: //img[@class='at-element-click-tracking']
Trying to find Element By : By.xpath: //img[@class='at-element-click-tracking']
Found Element By : By.xpath: //img[@class='at-element-click-tracking']
Trying to find Element By : By.xpath: //img[@class='at-element-click-tracking']
Found Element By : By.xpath: //img[@class='at-element-click-tracking']
Trying to click on: [[EdgeDriver: msedge on WINDOWS (bc277536cf1dbf6945921f00920c39f3)] -> xpath: //img[@class='at-element-click-tracking']]
Clicked on: [[EdgeDriver: msedge on WINDOWS (bc277536cf1dbf6945921f00920c39f3)] -> xpath: //img[@class='at-element-click-tracking']]
Trying to find Element By : By.xpath: (//div[@class='rt-blue-bg']//a)[6]
Found Element By : By.xpath: (//div[@class='rt-blue-bg']//a)[6]
Trying to find Element By : By.xpath: (//div[@class='rt-blue-bg']//a)[6]
Found Element By : By.xpath: (//div[@class='rt-blue-bg']//a)[6]
Trying to click on: [[EdgeDriver: msedge on WINDOWS (bc277536cf1dbf6945921f00920c39f3)] -> xpath: (//div[@class='rt-blue-bg']//a)[6]]
Clicked on: [[EdgeDriver: msedge on WINDOWS (bc277536cf1dbf6945921f00920c39f3)] -> xpath: (//div[@class='rt-blue-bg']//a)[6]]
Navigating back to previous page
Navigated back to previous page
Trying to find Element By : By.xpath: //img[@class='at-element-click-tracking']
Found Element By : By.xpath: //img[@class='at-element-click-tracking']
Trying to find Element By : By.xpath: //img[@class='at-element-click-tracking']
Found Element By : By.xpath: //img[@class='at-element-click-tracking']
Trying to find Element By : By.xpath: //img[@class='at-element-click-tracking']
Found Element By : By.xpath: //img[@class='at-element-click-tracking']
Trying to click on: [[EdgeDriver: msedge on WINDOWS (bc277536cf1dbf6945921f00920c39f3)] -> xpath: //img[@class='at-element-click-tracking']]
Clicked on: [[EdgeDriver: msedge on WINDOWS (bc277536cf1dbf6945921f00920c39f3)] -> xpath: //img[@class='at-element-click-tracking']]
Trying to find Element By : By.xpath: (//div[@class='rt-blue-bg']//a)[7]
Found Element By : By.xpath: (//div[@class='rt-blue-bg']//a)[7]
Trying to find Element By : By.xpath: (//div[@class='rt-blue-bg']//a)[7]
Found Element By : By.xpath: (//div[@class='rt-blue-bg']//a)[7]
Trying to click on: [[EdgeDriver: msedge on WINDOWS (bc277536cf1dbf6945921f00920c39f3)] -> xpath: (//div[@class='rt-blue-bg']//a)[7]]
Clicked on: [[EdgeDriver: msedge on WINDOWS (bc277536cf1dbf6945921f00920c39f3)] -> xpath: (//div[@class='rt-blue-bg']//a)[7]]
Navigating back to previous page
Navigated back to previous page
Trying to find Element By : By.xpath: //img[@class='at-element-click-tracking']
Found Element By : By.xpath: //img[@class='at-element-click-tracking']
Trying to find Element By : By.xpath: //img[@class='at-element-click-tracking']
Found Element By : By.xpath: //img[@class='at-element-click-tracking']
Trying to find Element By : By.xpath: //img[@class='at-element-click-tracking']
Found Element By : By.xpath: //img[@class='at-element-click-tracking']
Trying to click on: [[EdgeDriver: msedge on WINDOWS (bc277536cf1dbf6945921f00920c39f3)] -> xpath: //img[@class='at-element-click-tracking']]
Clicked on: [[EdgeDriver: msedge on WINDOWS (bc277536cf1dbf6945921f00920c39f3)] -> xpath: //img[@class='at-element-click-tracking']]
Trying to find Element By : By.xpath: (//div[@class='rt-blue-bg']//a)[8]
Found Element By : By.xpath: (//div[@class='rt-blue-bg']//a)[8]
Trying to find Element By : By.xpath: (//div[@class='rt-blue-bg']//a)[8]
Found Element By : By.xpath: (//div[@class='rt-blue-bg']//a)[8]
Trying to click on: [[EdgeDriver: msedge on WINDOWS (bc277536cf1dbf6945921f00920c39f3)] -> xpath: (//div[@class='rt-blue-bg']//a)[8]]
Clicked on: [[EdgeDriver: msedge on WINDOWS (bc277536cf1dbf6945921f00920c39f3)] -> xpath: (//div[@class='rt-blue-bg']//a)[8]]
Navigating back to previous page
Navigated back to previous page
Trying to find Element By : By.xpath: //img[@class='at-element-click-tracking']
Found Element By : By.xpath: //img[@class='at-element-click-tracking']
Trying to find Element By : By.xpath: //img[@class='at-element-click-tracking']
Found Element By : By.xpath: //img[@class='at-element-click-tracking']
Trying to find Element By : By.xpath: //img[@class='at-element-click-tracking']
Found Element By : By.xpath: //img[@class='at-element-click-tracking']
Trying to click on: [[EdgeDriver: msedge on WINDOWS (bc277536cf1dbf6945921f00920c39f3)] -> xpath: //img[@class='at-element-click-tracking']]
Clicked on: [[EdgeDriver: msedge on WINDOWS (bc277536cf1dbf6945921f00920c39f3)] -> xpath: //img[@class='at-element-click-tracking']]
Trying to find Element By : By.xpath: (//div[@class='rt-blue-bg']//a)[9]
Found Element By : By.xpath: (//div[@class='rt-blue-bg']//a)[9]
Trying to find Element By : By.xpath: (//div[@class='rt-blue-bg']//a)[9]
Found Element By : By.xpath: (//div[@class='rt-blue-bg']//a)[9]
Trying to click on: [[EdgeDriver: msedge on WINDOWS (bc277536cf1dbf6945921f00920c39f3)] -> xpath: (//div[@class='rt-blue-bg']//a)[9]]
Clicked on: [[EdgeDriver: msedge on WINDOWS (bc277536cf1dbf6945921f00920c39f3)] -> xpath: (//div[@class='rt-blue-bg']//a)[9]]
Navigating back to previous page
Navigated back to previous page
Trying to find Element By : By.xpath: //img[@class='at-element-click-tracking']
Found Element By : By.xpath: //img[@class='at-element-click-tracking']
Trying to find Element By : By.xpath: //img[@class='at-element-click-tracking']
Found Element By : By.xpath: //img[@class='at-element-click-tracking']
Trying to find Element By : By.xpath: //img[@class='at-element-click-tracking']
Found Element By : By.xpath: //img[@class='at-element-click-tracking']
Trying to click on: [[EdgeDriver: msedge on WINDOWS (bc277536cf1dbf6945921f00920c39f3)] -> xpath: //img[@class='at-element-click-tracking']]
Clicked on: [[EdgeDriver: msedge on WINDOWS (bc277536cf1dbf6945921f00920c39f3)] -> xpath: //img[@class='at-element-click-tracking']]
Trying to find Element By : By.xpath: (//div[@class='rt-blue-bg']//a)[10]
Found Element By : By.xpath: (//div[@class='rt-blue-bg']//a)[10]
Trying to find Element By : By.xpath: (//div[@class='rt-blue-bg']//a)[10]
Found Element By : By.xpath: (//div[@class='rt-blue-bg']//a)[10]
Trying to click on: [[EdgeDriver: msedge on WINDOWS (bc277536cf1dbf6945921f00920c39f3)] -> xpath: (//div[@class='rt-blue-bg']//a)[10]]
Clicked on: [[EdgeDriver: msedge on WINDOWS (bc277536cf1dbf6945921f00920c39f3)] -> xpath: (//div[@class='rt-blue-bg']//a)[10]]
Navigating back to previous page
Navigated back to previous page
Trying to find Element By : By.xpath: //img[@class='at-element-click-tracking']
Found Element By : By.xpath: //img[@class='at-element-click-tracking']
Trying to find Element By : By.xpath: //img[@class='at-element-click-tracking']
Found Element By : By.xpath: //img[@class='at-element-click-tracking']
Trying to find Element By : By.xpath: //img[@class='at-element-click-tracking']
Found Element By : By.xpath: //img[@class='at-element-click-tracking']
Trying to click on: [[EdgeDriver: msedge on WINDOWS (bc277536cf1dbf6945921f00920c39f3)] -> xpath: //img[@class='at-element-click-tracking']]
Clicked on: [[EdgeDriver: msedge on WINDOWS (bc277536cf1dbf6945921f00920c39f3)] -> xpath: //img[@class='at-element-click-tracking']]
]]></system-out>
  </testcase>
  <testcase name="verifyFAQSection" classname="SeleniumTesting.AEMhdfc.CustomerservicelandingTest" time="7.254">
    <system-out><![CDATA[Trying to find Element By : By.xpath: //a[@data-modaltarget='service-when']
Found Element By : By.xpath: //a[@data-modaltarget='service-when']
Trying to find Element By : By.xpath: //a[@data-modaltarget='service-when']
Found Element By : By.xpath: //a[@data-modaltarget='service-when']
Trying to click on: [[EdgeDriver: msedge on WINDOWS (bc277536cf1dbf6945921f00920c39f3)] -> xpath: //a[@data-modaltarget='service-when']]
Clicked on: [[EdgeDriver: msedge on WINDOWS (bc277536cf1dbf6945921f00920c39f3)] -> xpath: //a[@data-modaltarget='service-when']]
Trying to find Element By : By.xpath: //div[@id='service-when']//a[@class='modalCloseBtn']
Found Element By : By.xpath: //div[@id='service-when']//a[@class='modalCloseBtn']
Trying to find Element By : By.xpath: //div[@id='service-when']//a[@class='modalCloseBtn']
Found Element By : By.xpath: //div[@id='service-when']//a[@class='modalCloseBtn']
Trying to click on: [[EdgeDriver: msedge on WINDOWS (bc277536cf1dbf6945921f00920c39f3)] -> xpath: //div[@id='service-when']//a[@class='modalCloseBtn']]
Clicked on: [[EdgeDriver: msedge on WINDOWS (bc277536cf1dbf6945921f00920c39f3)] -> xpath: //div[@id='service-when']//a[@class='modalCloseBtn']]
]]></system-out>
  </testcase>
  <testcase name="verifyTiles" classname="SeleniumTesting.AEMhdfc.CustomerservicelandingTest" time="215.408">
    <system-out><![CDATA[Trying to find Element By : By.cssSelector: a[class='btn btnwhite btn-white-data-layer']
Found Element By : By.cssSelector: a[class='btn btnwhite btn-white-data-layer']
Trying to click on: [[EdgeDriver: msedge on WINDOWS (bc277536cf1dbf6945921f00920c39f3)] -> css selector: a[class='btn btnwhite btn-white-data-layer']]
Clicked on: [[EdgeDriver: msedge on WINDOWS (bc277536cf1dbf6945921f00920c39f3)] -> css selector: a[class='btn btnwhite btn-white-data-layer']]
Navigating back to previous page
Navigated back to previous page
Trying to find Element By : By.xpath: //img[@class='at-element-click-tracking']
Found Element By : By.xpath: //img[@class='at-element-click-tracking']
Trying to find Element By : By.xpath: //img[@class='at-element-click-tracking']
Found Element By : By.xpath: //img[@class='at-element-click-tracking']
Trying to find Element By : By.xpath: //img[@class='at-element-click-tracking']
Found Element By : By.xpath: //img[@class='at-element-click-tracking']
Trying to click on: [[EdgeDriver: msedge on WINDOWS (bc277536cf1dbf6945921f00920c39f3)] -> xpath: //img[@class='at-element-click-tracking']]
Clicked on: [[EdgeDriver: msedge on WINDOWS (bc277536cf1dbf6945921f00920c39f3)] -> xpath: //img[@class='at-element-click-tracking']]
Trying to find Element By : By.cssSelector: a[class='btn btnwhite btn-white-data-layer']
Found Element By : By.cssSelector: a[class='btn btnwhite btn-white-data-layer']
Trying to click on: [[EdgeDriver: msedge on WINDOWS (bc277536cf1dbf6945921f00920c39f3)] -> css selector: a[class='btn btnwhite btn-white-data-layer']]
Clicked on: [[EdgeDriver: msedge on WINDOWS (bc277536cf1dbf6945921f00920c39f3)] -> css selector: a[class='btn btnwhite btn-white-data-layer']]
Navigating back to previous page
Navigated back to previous page
Trying to find Element By : By.xpath: //img[@class='at-element-click-tracking']
Found Element By : By.xpath: //img[@class='at-element-click-tracking']
Trying to find Element By : By.xpath: //img[@class='at-element-click-tracking']
Found Element By : By.xpath: //img[@class='at-element-click-tracking']
Trying to find Element By : By.xpath: //img[@class='at-element-click-tracking']
Found Element By : By.xpath: //img[@class='at-element-click-tracking']
Trying to click on: [[EdgeDriver: msedge on WINDOWS (bc277536cf1dbf6945921f00920c39f3)] -> xpath: //img[@class='at-element-click-tracking']]
Clicked on: [[EdgeDriver: msedge on WINDOWS (bc277536cf1dbf6945921f00920c39f3)] -> xpath: //img[@class='at-element-click-tracking']]
Trying to find Element By : By.cssSelector: a[class='btn btnwhite btn-white-data-layer']
Found Element By : By.cssSelector: a[class='btn btnwhite btn-white-data-layer']
Trying to click on: [[EdgeDriver: msedge on WINDOWS (bc277536cf1dbf6945921f00920c39f3)] -> css selector: a[class='btn btnwhite btn-white-data-layer']]
Clicked on: [[EdgeDriver: msedge on WINDOWS (bc277536cf1dbf6945921f00920c39f3)] -> css selector: a[class='btn btnwhite btn-white-data-layer']]
Navigating back to previous page
Navigated back to previous page
Trying to find Element By : By.xpath: //img[@class='at-element-click-tracking']
Found Element By : By.xpath: //img[@class='at-element-click-tracking']
Trying to find Element By : By.xpath: //img[@class='at-element-click-tracking']
Found Element By : By.xpath: //img[@class='at-element-click-tracking']
Trying to find Element By : By.xpath: //img[@class='at-element-click-tracking']
Found Element By : By.xpath: //img[@class='at-element-click-tracking']
Trying to click on: [[EdgeDriver: msedge on WINDOWS (bc277536cf1dbf6945921f00920c39f3)] -> xpath: //img[@class='at-element-click-tracking']]
Clicked on: [[EdgeDriver: msedge on WINDOWS (bc277536cf1dbf6945921f00920c39f3)] -> xpath: //img[@class='at-element-click-tracking']]
Trying to find Element By : By.cssSelector: button[class='info-blue-button info-blue-button-data-layer']
Found Element By : By.cssSelector: button[class='info-blue-button info-blue-button-data-layer']
Trying to click on: [[EdgeDriver: msedge on WINDOWS (bc277536cf1dbf6945921f00920c39f3)] -> css selector: button[class='info-blue-button info-blue-button-data-layer']]
Clicked on: [[EdgeDriver: msedge on WINDOWS (bc277536cf1dbf6945921f00920c39f3)] -> css selector: button[class='info-blue-button info-blue-button-data-layer']]
Navigating back to previous page
Navigated back to previous page
Trying to find Element By : By.xpath: //img[@class='at-element-click-tracking']
Found Element By : By.xpath: //img[@class='at-element-click-tracking']
Trying to find Element By : By.xpath: //img[@class='at-element-click-tracking']
Found Element By : By.xpath: //img[@class='at-element-click-tracking']
Trying to find Element By : By.xpath: //img[@class='at-element-click-tracking']
Found Element By : By.xpath: //img[@class='at-element-click-tracking']
Trying to click on: [[EdgeDriver: msedge on WINDOWS (bc277536cf1dbf6945921f00920c39f3)] -> xpath: //img[@class='at-element-click-tracking']]
Clicked on: [[EdgeDriver: msedge on WINDOWS (bc277536cf1dbf6945921f00920c39f3)] -> xpath: //img[@class='at-element-click-tracking']]
Trying to find Element By : By.cssSelector: a[class='btn btnwhite btn-white-data-layer']
Found Element By : By.cssSelector: a[class='btn btnwhite btn-white-data-layer']
Trying to click on: [[EdgeDriver: msedge on WINDOWS (bc277536cf1dbf6945921f00920c39f3)] -> css selector: a[class='btn btnwhite btn-white-data-layer']]
Clicked on: [[EdgeDriver: msedge on WINDOWS (bc277536cf1dbf6945921f00920c39f3)] -> css selector: a[class='btn btnwhite btn-white-data-layer']]
Navigating back to previous page
Navigated back to previous page
Trying to find Element By : By.xpath: //img[@class='at-element-click-tracking']
Found Element By : By.xpath: //img[@class='at-element-click-tracking']
Trying to find Element By : By.xpath: //img[@class='at-element-click-tracking']
Found Element By : By.xpath: //img[@class='at-element-click-tracking']
Trying to find Element By : By.xpath: //img[@class='at-element-click-tracking']
Found Element By : By.xpath: //img[@class='at-element-click-tracking']
Trying to click on: [[EdgeDriver: msedge on WINDOWS (bc277536cf1dbf6945921f00920c39f3)] -> xpath: //img[@class='at-element-click-tracking']]
Clicked on: [[EdgeDriver: msedge on WINDOWS (bc277536cf1dbf6945921f00920c39f3)] -> xpath: //img[@class='at-element-click-tracking']]
Trying to find Element By : By.cssSelector: a[class='btn btnwhite btn-white-data-layer']
Found Element By : By.cssSelector: a[class='btn btnwhite btn-white-data-layer']
Trying to click on: [[EdgeDriver: msedge on WINDOWS (bc277536cf1dbf6945921f00920c39f3)] -> css selector: a[class='btn btnwhite btn-white-data-layer']]
Clicked on: [[EdgeDriver: msedge on WINDOWS (bc277536cf1dbf6945921f00920c39f3)] -> css selector: a[class='btn btnwhite btn-white-data-layer']]
Navigating back to previous page
Navigated back to previous page
Trying to find Element By : By.xpath: //img[@class='at-element-click-tracking']
Found Element By : By.xpath: //img[@class='at-element-click-tracking']
Trying to find Element By : By.xpath: //img[@class='at-element-click-tracking']
Found Element By : By.xpath: //img[@class='at-element-click-tracking']
Trying to find Element By : By.xpath: //img[@class='at-element-click-tracking']
Found Element By : By.xpath: //img[@class='at-element-click-tracking']
Trying to click on: [[EdgeDriver: msedge on WINDOWS (bc277536cf1dbf6945921f00920c39f3)] -> xpath: //img[@class='at-element-click-tracking']]
Clicked on: [[EdgeDriver: msedge on WINDOWS (bc277536cf1dbf6945921f00920c39f3)] -> xpath: //img[@class='at-element-click-tracking']]
Trying to find Element By : By.cssSelector: a[class='btn btnwhite btn-white-data-layer']
Found Element By : By.cssSelector: a[class='btn btnwhite btn-white-data-layer']
Trying to click on: [[EdgeDriver: msedge on WINDOWS (bc277536cf1dbf6945921f00920c39f3)] -> css selector: a[class='btn btnwhite btn-white-data-layer']]
Clicked on: [[EdgeDriver: msedge on WINDOWS (bc277536cf1dbf6945921f00920c39f3)] -> css selector: a[class='btn btnwhite btn-white-data-layer']]
Navigating back to previous page
Navigated back to previous page
Trying to find Element By : By.xpath: //img[@class='at-element-click-tracking']
Found Element By : By.xpath: //img[@class='at-element-click-tracking']
Trying to find Element By : By.xpath: //img[@class='at-element-click-tracking']
Found Element By : By.xpath: //img[@class='at-element-click-tracking']
Trying to find Element By : By.xpath: //img[@class='at-element-click-tracking']
Found Element By : By.xpath: //img[@class='at-element-click-tracking']
Trying to click on: [[EdgeDriver: msedge on WINDOWS (bc277536cf1dbf6945921f00920c39f3)] -> xpath: //img[@class='at-element-click-tracking']]
Clicked on: [[EdgeDriver: msedge on WINDOWS (bc277536cf1dbf6945921f00920c39f3)] -> xpath: //img[@class='at-element-click-tracking']]
Trying to find Element By : By.cssSelector: a[class='btn btnwhite btn-white-data-layer']
Found Element By : By.cssSelector: a[class='btn btnwhite btn-white-data-layer']
Trying to click on: [[EdgeDriver: msedge on WINDOWS (bc277536cf1dbf6945921f00920c39f3)] -> css selector: a[class='btn btnwhite btn-white-data-layer']]
Clicked on: [[EdgeDriver: msedge on WINDOWS (bc277536cf1dbf6945921f00920c39f3)] -> css selector: a[class='btn btnwhite btn-white-data-layer']]
Navigating back to previous page
Navigated back to previous page
Trying to find Element By : By.xpath: //img[@class='at-element-click-tracking']
Found Element By : By.xpath: //img[@class='at-element-click-tracking']
Trying to find Element By : By.xpath: //img[@class='at-element-click-tracking']
Found Element By : By.xpath: //img[@class='at-element-click-tracking']
Trying to find Element By : By.xpath: //img[@class='at-element-click-tracking']
Found Element By : By.xpath: //img[@class='at-element-click-tracking']
Trying to click on: [[EdgeDriver: msedge on WINDOWS (bc277536cf1dbf6945921f00920c39f3)] -> xpath: //img[@class='at-element-click-tracking']]
Clicked on: [[EdgeDriver: msedge on WINDOWS (bc277536cf1dbf6945921f00920c39f3)] -> xpath: //img[@class='at-element-click-tracking']]
Trying to find Element By : By.cssSelector: button[class='info-blue-button info-blue-button-data-layer']
Found Element By : By.cssSelector: button[class='info-blue-button info-blue-button-data-layer']
Trying to click on: [[EdgeDriver: msedge on WINDOWS (bc277536cf1dbf6945921f00920c39f3)] -> css selector: button[class='info-blue-button info-blue-button-data-layer']]
Clicked on: [[EdgeDriver: msedge on WINDOWS (bc277536cf1dbf6945921f00920c39f3)] -> css selector: button[class='info-blue-button info-blue-button-data-layer']]
Navigating back to previous page
Navigated back to previous page
Trying to find Element By : By.xpath: //img[@class='at-element-click-tracking']
Found Element By : By.xpath: //img[@class='at-element-click-tracking']
Trying to find Element By : By.xpath: //img[@class='at-element-click-tracking']
Found Element By : By.xpath: //img[@class='at-element-click-tracking']
Trying to find Element By : By.xpath: //img[@class='at-element-click-tracking']
Found Element By : By.xpath: //img[@class='at-element-click-tracking']
Trying to click on: [[EdgeDriver: msedge on WINDOWS (bc277536cf1dbf6945921f00920c39f3)] -> xpath: //img[@class='at-element-click-tracking']]
Clicked on: [[EdgeDriver: msedge on WINDOWS (bc277536cf1dbf6945921f00920c39f3)] -> xpath: //img[@class='at-element-click-tracking']]
Trying to find Element By : By.cssSelector: a[class='btn btnwhite btn-white-data-layer']
Found Element By : By.cssSelector: a[class='btn btnwhite btn-white-data-layer']
Trying to click on: [[EdgeDriver: msedge on WINDOWS (bc277536cf1dbf6945921f00920c39f3)] -> css selector: a[class='btn btnwhite btn-white-data-layer']]
Clicked on: [[EdgeDriver: msedge on WINDOWS (bc277536cf1dbf6945921f00920c39f3)] -> css selector: a[class='btn btnwhite btn-white-data-layer']]
Navigating back to previous page
Navigated back to previous page
Trying to find Element By : By.xpath: //img[@class='at-element-click-tracking']
Found Element By : By.xpath: //img[@class='at-element-click-tracking']
Trying to find Element By : By.xpath: //img[@class='at-element-click-tracking']
Found Element By : By.xpath: //img[@class='at-element-click-tracking']
Trying to find Element By : By.xpath: //img[@class='at-element-click-tracking']
Found Element By : By.xpath: //img[@class='at-element-click-tracking']
Trying to click on: [[EdgeDriver: msedge on WINDOWS (bc277536cf1dbf6945921f00920c39f3)] -> xpath: //img[@class='at-element-click-tracking']]
Clicked on: [[EdgeDriver: msedge on WINDOWS (bc277536cf1dbf6945921f00920c39f3)] -> xpath: //img[@class='at-element-click-tracking']]
Trying to find Element By : By.cssSelector: a[class='btn btnwhite btn-white-data-layer']
Found Element By : By.cssSelector: a[class='btn btnwhite btn-white-data-layer']
Trying to click on: [[EdgeDriver: msedge on WINDOWS (bc277536cf1dbf6945921f00920c39f3)] -> css selector: a[class='btn btnwhite btn-white-data-layer']]
Clicked on: [[EdgeDriver: msedge on WINDOWS (bc277536cf1dbf6945921f00920c39f3)] -> css selector: a[class='btn btnwhite btn-white-data-layer']]
Navigating back to previous page
Navigated back to previous page
Trying to find Element By : By.xpath: //img[@class='at-element-click-tracking']
Found Element By : By.xpath: //img[@class='at-element-click-tracking']
Trying to find Element By : By.xpath: //img[@class='at-element-click-tracking']
Found Element By : By.xpath: //img[@class='at-element-click-tracking']
Trying to find Element By : By.xpath: //img[@class='at-element-click-tracking']
Found Element By : By.xpath: //img[@class='at-element-click-tracking']
Trying to click on: [[EdgeDriver: msedge on WINDOWS (bc277536cf1dbf6945921f00920c39f3)] -> xpath: //img[@class='at-element-click-tracking']]
Clicked on: [[EdgeDriver: msedge on WINDOWS (bc277536cf1dbf6945921f00920c39f3)] -> xpath: //img[@class='at-element-click-tracking']]
]]></system-out>
  </testcase>
  <testcase name="verifyAadharSection" classname="SeleniumTesting.AEMhdfc.CustomerservicelandingTest" time="10.748">
    <system-out><![CDATA[Trying to find Element By : By.xpath: //button[@class='btn btn-primary btnred btn-auto toggleBtnClick']
Found Element By : By.xpath: //button[@class='btn btn-primary btnred btn-auto toggleBtnClick']
Trying to find Element By : By.xpath: //button[@class='btn btn-primary btnred btn-auto toggleBtnClick']
Found Element By : By.xpath: //button[@class='btn btn-primary btnred btn-auto toggleBtnClick']
Trying to click on: [[EdgeDriver: msedge on WINDOWS (bc277536cf1dbf6945921f00920c39f3)] -> xpath: //button[@class='btn btn-primary btnred btn-auto toggleBtnClick']]
Clicked on: [[EdgeDriver: msedge on WINDOWS (bc277536cf1dbf6945921f00920c39f3)] -> xpath: //button[@class='btn btn-primary btnred btn-auto toggleBtnClick']]
]]></system-out>
  </testcase>
  <testcase name="verifyContactUsSection" classname="SeleniumTesting.AEMhdfc.CustomerservicelandingTest" time="10.327">
    <system-out><![CDATA[Trying to find Element By : By.xpath: //a[@class='bannerAdBtn siteButton']
Found Element By : By.xpath: //a[@class='bannerAdBtn siteButton']
Trying to find Element By : By.xpath: //a[@class='bannerAdBtn siteButton']
Found Element By : By.xpath: //a[@class='bannerAdBtn siteButton']
Trying to click on: [[EdgeDriver: msedge on WINDOWS (bc277536cf1dbf6945921f00920c39f3)] -> xpath: //a[@class='bannerAdBtn siteButton']]
Clicked on: [[EdgeDriver: msedge on WINDOWS (bc277536cf1dbf6945921f00920c39f3)] -> xpath: //a[@class='bannerAdBtn siteButton']]
]]></system-out>
  </testcase>
</testsuite>