<?xml version="1.0" encoding="UTF-8"?>
<testsuite xmlns:xsi="http://www.w3.org/2001/XMLSchema-instance" xsi:noNamespaceSchemaLocation="https://maven.apache.org/surefire/maven-surefire-plugin/xsd/surefire-test-report-3.0.xsd" version="3.0" name="TestSuite" time="507.528" tests="37" errors="0" skipped="0" failures="0">
  <properties>
    <property name="java.specification.version" value="17"/>
    <property name="webdriver.chrome.driver" value="C:\Users\Akundar\eclipse-workspace\AEMhdfc\Driver\chromedriver.exe"/>
    <property name="sun.cpu.isalist" value="amd64"/>
    <property name="sun.jnu.encoding" value="Cp1252"/>
    <property name="java.class.path" value="C:\Users\Akundar\eclipse-workspace\AEMhdfc\target\test-classes;C:\Users\Akundar\eclipse-workspace\AEMhdfc\target\classes;C:\Users\Akundar\.m2\repository\junit\junit\4.11\junit-4.11.jar;C:\Users\Akundar\.m2\repository\org\hamcrest\hamcrest-core\1.3\hamcrest-core-1.3.jar;C:\Users\Akundar\.m2\repository\org\seleniumhq\selenium\selenium-java\3.141.59\selenium-java-3.141.59.jar;C:\Users\Akundar\.m2\repository\org\seleniumhq\selenium\selenium-api\3.141.59\selenium-api-3.141.59.jar;C:\Users\Akundar\.m2\repository\org\seleniumhq\selenium\selenium-chrome-driver\3.141.59\selenium-chrome-driver-3.141.59.jar;C:\Users\Akundar\.m2\repository\org\seleniumhq\selenium\selenium-edge-driver\3.141.59\selenium-edge-driver-3.141.59.jar;C:\Users\Akundar\.m2\repository\org\seleniumhq\selenium\selenium-firefox-driver\3.141.59\selenium-firefox-driver-3.141.59.jar;C:\Users\Akundar\.m2\repository\org\seleniumhq\selenium\selenium-ie-driver\3.141.59\selenium-ie-driver-3.141.59.jar;C:\Users\Akundar\.m2\repository\org\seleniumhq\selenium\selenium-opera-driver\3.141.59\selenium-opera-driver-3.141.59.jar;C:\Users\Akundar\.m2\repository\org\seleniumhq\selenium\selenium-remote-driver\3.141.59\selenium-remote-driver-3.141.59.jar;C:\Users\Akundar\.m2\repository\org\seleniumhq\selenium\selenium-safari-driver\3.141.59\selenium-safari-driver-3.141.59.jar;C:\Users\Akundar\.m2\repository\org\seleniumhq\selenium\selenium-support\3.141.59\selenium-support-3.141.59.jar;C:\Users\Akundar\.m2\repository\net\bytebuddy\byte-buddy\1.8.15\byte-buddy-1.8.15.jar;C:\Users\Akundar\.m2\repository\org\apache\commons\commons-exec\1.3\commons-exec-1.3.jar;C:\Users\Akundar\.m2\repository\com\google\guava\guava\25.0-jre\guava-25.0-jre.jar;C:\Users\Akundar\.m2\repository\com\google\code\findbugs\jsr305\1.3.9\jsr305-1.3.9.jar;C:\Users\Akundar\.m2\repository\org\checkerframework\checker-compat-qual\2.0.0\checker-compat-qual-2.0.0.jar;C:\Users\Akundar\.m2\repository\com\google\errorprone\error_prone_annotations\2.1.3\error_prone_annotations-2.1.3.jar;C:\Users\Akundar\.m2\repository\com\google\j2objc\j2objc-annotations\1.1\j2objc-annotations-1.1.jar;C:\Users\Akundar\.m2\repository\org\codehaus\mojo\animal-sniffer-annotations\1.14\animal-sniffer-annotations-1.14.jar;C:\Users\Akundar\.m2\repository\com\squareup\okhttp3\okhttp\3.11.0\okhttp-3.11.0.jar;C:\Users\Akundar\.m2\repository\com\squareup\okio\okio\1.14.0\okio-1.14.0.jar;C:\Users\Akundar\.m2\repository\org\testng\testng\7.4.0\testng-7.4.0.jar;C:\Users\Akundar\.m2\repository\com\beust\jcommander\1.78\jcommander-1.78.jar;C:\Users\Akundar\.m2\repository\org\webjars\jquery\3.5.1\jquery-3.5.1.jar;C:\Users\Akundar\.m2\repository\com\aventstack\extentreports\5.0.9\extentreports-5.0.9.jar;C:\Users\Akundar\.m2\repository\io\reactivex\rxjava3\rxjava\3.0.4\rxjava-3.0.4.jar;C:\Users\Akundar\.m2\repository\org\reactivestreams\reactive-streams\1.0.3\reactive-streams-1.0.3.jar;C:\Users\Akundar\.m2\repository\org\freemarker\freemarker\2.3.30\freemarker-2.3.30.jar;C:\Users\Akundar\.m2\repository\com\google\code\gson\gson\2.8.6\gson-2.8.6.jar;C:\Users\Akundar\.m2\repository\commons-io\commons-io\2.11.0\commons-io-2.11.0.jar;C:\Users\Akundar\.m2\repository\org\apache\poi\poi\5.0.0\poi-5.0.0.jar;C:\Users\Akundar\.m2\repository\org\slf4j\slf4j-api\1.7.30\slf4j-api-1.7.30.jar;C:\Users\Akundar\.m2\repository\org\slf4j\jcl-over-slf4j\1.7.30\jcl-over-slf4j-1.7.30.jar;C:\Users\Akundar\.m2\repository\commons-codec\commons-codec\1.15\commons-codec-1.15.jar;C:\Users\Akundar\.m2\repository\org\apache\commons\commons-collections4\4.4\commons-collections4-4.4.jar;C:\Users\Akundar\.m2\repository\org\apache\commons\commons-math3\3.6.1\commons-math3-3.6.1.jar;C:\Users\Akundar\.m2\repository\com\zaxxer\SparseBitSet\1.2\SparseBitSet-1.2.jar;C:\Users\Akundar\.m2\repository\org\apache\poi\poi-ooxml\5.0.0\poi-ooxml-5.0.0.jar;C:\Users\Akundar\.m2\repository\org\apache\poi\poi-ooxml-lite\5.0.0\poi-ooxml-lite-5.0.0.jar;C:\Users\Akundar\.m2\repository\org\apache\commons\commons-compress\1.20\commons-compress-1.20.jar;C:\Users\Akundar\.m2\repository\com\github\virtuald\curvesapi\1.06\curvesapi-1.06.jar;C:\Users\Akundar\.m2\repository\org\bouncycastle\bcpkix-jdk15on\1.68\bcpkix-jdk15on-1.68.jar;C:\Users\Akundar\.m2\repository\org\bouncycastle\bcprov-jdk15on\1.68\bcprov-jdk15on-1.68.jar;C:\Users\Akundar\.m2\repository\org\apache\santuario\xmlsec\2.2.1\xmlsec-2.2.1.jar;C:\Users\Akundar\.m2\repository\com\fasterxml\woodstox\woodstox-core\5.2.1\woodstox-core-5.2.1.jar;C:\Users\Akundar\.m2\repository\org\codehaus\woodstox\stax2-api\4.2\stax2-api-4.2.jar;C:\Users\Akundar\.m2\repository\jakarta\xml\bind\jakarta.xml.bind-api\2.3.2\jakarta.xml.bind-api-2.3.2.jar;C:\Users\Akundar\.m2\repository\jakarta\activation\jakarta.activation-api\1.2.1\jakarta.activation-api-1.2.1.jar;C:\Users\Akundar\.m2\repository\org\apache\xmlgraphics\batik-all\1.13\batik-all-1.13.jar;C:\Users\Akundar\.m2\repository\org\apache\xmlgraphics\batik-anim\1.13\batik-anim-1.13.jar;C:\Users\Akundar\.m2\repository\org\apache\xmlgraphics\batik-shared-resources\1.13\batik-shared-resources-1.13.jar;C:\Users\Akundar\.m2\repository\xml-apis\xml-apis-ext\1.3.04\xml-apis-ext-1.3.04.jar;C:\Users\Akundar\.m2\repository\org\apache\xmlgraphics\batik-awt-util\1.13\batik-awt-util-1.13.jar;C:\Users\Akundar\.m2\repository\org\apache\xmlgraphics\xmlgraphics-commons\2.4\xmlgraphics-commons-2.4.jar;C:\Users\Akundar\.m2\repository\org\apache\xmlgraphics\batik-bridge\1.13\batik-bridge-1.13.jar;C:\Users\Akundar\.m2\repository\org\apache\xmlgraphics\batik-codec\1.13\batik-codec-1.13.jar;C:\Users\Akundar\.m2\repository\org\apache\xmlgraphics\batik-constants\1.13\batik-constants-1.13.jar;C:\Users\Akundar\.m2\repository\org\apache\xmlgraphics\batik-css\1.13\batik-css-1.13.jar;C:\Users\Akundar\.m2\repository\org\apache\xmlgraphics\batik-dom\1.13\batik-dom-1.13.jar;C:\Users\Akundar\.m2\repository\xalan\xalan\2.7.2\xalan-2.7.2.jar;C:\Users\Akundar\.m2\repository\xalan\serializer\2.7.2\serializer-2.7.2.jar;C:\Users\Akundar\.m2\repository\xml-apis\xml-apis\1.4.01\xml-apis-1.4.01.jar;C:\Users\Akundar\.m2\repository\org\apache\xmlgraphics\batik-ext\1.13\batik-ext-1.13.jar;C:\Users\Akundar\.m2\repository\org\apache\xmlgraphics\batik-extension\1.13\batik-extension-1.13.jar;C:\Users\Akundar\.m2\repository\org\apache\xmlgraphics\batik-gui-util\1.13\batik-gui-util-1.13.jar;C:\Users\Akundar\.m2\repository\org\apache\xmlgraphics\batik-gvt\1.13\batik-gvt-1.13.jar;C:\Users\Akundar\.m2\repository\org\apache\xmlgraphics\batik-i18n\1.13\batik-i18n-1.13.jar;C:\Users\Akundar\.m2\repository\org\apache\xmlgraphics\batik-parser\1.13\batik-parser-1.13.jar;C:\Users\Akundar\.m2\repository\org\apache\xmlgraphics\batik-rasterizer-ext\1.13\batik-rasterizer-ext-1.13.jar;C:\Users\Akundar\.m2\repository\org\apache\xmlgraphics\batik-rasterizer\1.13\batik-rasterizer-1.13.jar;C:\Users\Akundar\.m2\repository\org\apache\xmlgraphics\batik-script\1.13\batik-script-1.13.jar;C:\Users\Akundar\.m2\repository\org\apache\xmlgraphics\batik-slideshow\1.13\batik-slideshow-1.13.jar;C:\Users\Akundar\.m2\repository\org\apache\xmlgraphics\batik-squiggle-ext\1.13\batik-squiggle-ext-1.13.jar;C:\Users\Akundar\.m2\repository\org\apache\xmlgraphics\batik-squiggle\1.13\batik-squiggle-1.13.jar;C:\Users\Akundar\.m2\repository\org\apache\xmlgraphics\batik-svg-dom\1.13\batik-svg-dom-1.13.jar;C:\Users\Akundar\.m2\repository\org\apache\xmlgraphics\batik-svgbrowser\1.13\batik-svgbrowser-1.13.jar;C:\Users\Akundar\.m2\repository\org\apache\xmlgraphics\batik-svggen\1.13\batik-svggen-1.13.jar;C:\Users\Akundar\.m2\repository\org\apache\xmlgraphics\batik-svgpp\1.13\batik-svgpp-1.13.jar;C:\Users\Akundar\.m2\repository\org\apache\xmlgraphics\batik-svgrasterizer\1.13\batik-svgrasterizer-1.13.jar;C:\Users\Akundar\.m2\repository\org\apache\xmlgraphics\batik-swing\1.13\batik-swing-1.13.jar;C:\Users\Akundar\.m2\repository\org\apache\xmlgraphics\batik-transcoder\1.13\batik-transcoder-1.13.jar;C:\Users\Akundar\.m2\repository\org\apache\xmlgraphics\batik-util\1.13\batik-util-1.13.jar;C:\Users\Akundar\.m2\repository\org\apache\xmlgraphics\batik-ttf2svg\1.13\batik-ttf2svg-1.13.jar;C:\Users\Akundar\.m2\repository\org\apache\xmlgraphics\batik-xml\1.13\batik-xml-1.13.jar;C:\Users\Akundar\.m2\repository\de\rototor\pdfbox\graphics2d\0.30\graphics2d-0.30.jar;C:\Users\Akundar\.m2\repository\org\apache\pdfbox\pdfbox\2.0.22\pdfbox-2.0.22.jar;C:\Users\Akundar\.m2\repository\org\apache\pdfbox\fontbox\2.0.22\fontbox-2.0.22.jar;C:\Users\Akundar\.m2\repository\org\apache\poi\poi-ooxml-schemas\4.1.2\poi-ooxml-schemas-4.1.2.jar;C:\Users\Akundar\.m2\repository\org\apache\poi\poi-scratchpad\5.0.0\poi-scratchpad-5.0.0.jar;C:\Users\Akundar\.m2\repository\org\apache\poi\poi-excelant\5.0.0\poi-excelant-5.0.0.jar;C:\Users\Akundar\.m2\repository\org\apache\ant\ant\1.10.9\ant-1.10.9.jar;C:\Users\Akundar\.m2\repository\org\apache\ant\ant-launcher\1.10.9\ant-launcher-1.10.9.jar;C:\Users\Akundar\.m2\repository\org\apache\poi\ooxml-schemas\1.4\ooxml-schemas-1.4.jar;C:\Users\Akundar\.m2\repository\org\apache\xmlbeans\xmlbeans\5.0.1\xmlbeans-5.0.1.jar;C:\Users\Akundar\.m2\repository\org\apache\logging\log4j\log4j-api\2.14.0\log4j-api-2.14.0.jar;C:\Users\Akundar\.m2\repository\org\projectlombok\lombok\1.18.20\lombok-1.18.20.jar;C:\Users\Akundar\.m2\repository\io\netty\netty-all\4.1.70.Final\netty-all-4.1.70.Final.jar;C:\Users\Akundar\.m2\repository\io\netty\netty-buffer\4.1.70.Final\netty-buffer-4.1.70.Final.jar;C:\Users\Akundar\.m2\repository\io\netty\netty-codec\4.1.70.Final\netty-codec-4.1.70.Final.jar;C:\Users\Akundar\.m2\repository\io\netty\netty-codec-dns\4.1.70.Final\netty-codec-dns-4.1.70.Final.jar;C:\Users\Akundar\.m2\repository\io\netty\netty-codec-haproxy\4.1.70.Final\netty-codec-haproxy-4.1.70.Final.jar;C:\Users\Akundar\.m2\repository\io\netty\netty-codec-http\4.1.70.Final\netty-codec-http-4.1.70.Final.jar;C:\Users\Akundar\.m2\repository\io\netty\netty-codec-http2\4.1.70.Final\netty-codec-http2-4.1.70.Final.jar;C:\Users\Akundar\.m2\repository\io\netty\netty-codec-memcache\4.1.70.Final\netty-codec-memcache-4.1.70.Final.jar;C:\Users\Akundar\.m2\repository\io\netty\netty-codec-mqtt\4.1.70.Final\netty-codec-mqtt-4.1.70.Final.jar;C:\Users\Akundar\.m2\repository\io\netty\netty-codec-redis\4.1.70.Final\netty-codec-redis-4.1.70.Final.jar;C:\Users\Akundar\.m2\repository\io\netty\netty-codec-smtp\4.1.70.Final\netty-codec-smtp-4.1.70.Final.jar;C:\Users\Akundar\.m2\repository\io\netty\netty-codec-socks\4.1.70.Final\netty-codec-socks-4.1.70.Final.jar;C:\Users\Akundar\.m2\repository\io\netty\netty-codec-stomp\4.1.70.Final\netty-codec-stomp-4.1.70.Final.jar;C:\Users\Akundar\.m2\repository\io\netty\netty-codec-xml\4.1.70.Final\netty-codec-xml-4.1.70.Final.jar;C:\Users\Akundar\.m2\repository\io\netty\netty-common\4.1.70.Final\netty-common-4.1.70.Final.jar;C:\Users\Akundar\.m2\repository\io\netty\netty-handler\4.1.70.Final\netty-handler-4.1.70.Final.jar;C:\Users\Akundar\.m2\repository\io\netty\netty-handler-proxy\4.1.70.Final\netty-handler-proxy-4.1.70.Final.jar;C:\Users\Akundar\.m2\repository\io\netty\netty-resolver\4.1.70.Final\netty-resolver-4.1.70.Final.jar;C:\Users\Akundar\.m2\repository\io\netty\netty-resolver-dns\4.1.70.Final\netty-resolver-dns-4.1.70.Final.jar;C:\Users\Akundar\.m2\repository\io\netty\netty-transport\4.1.70.Final\netty-transport-4.1.70.Final.jar;C:\Users\Akundar\.m2\repository\io\netty\netty-transport-rxtx\4.1.70.Final\netty-transport-rxtx-4.1.70.Final.jar;C:\Users\Akundar\.m2\repository\io\netty\netty-transport-sctp\4.1.70.Final\netty-transport-sctp-4.1.70.Final.jar;C:\Users\Akundar\.m2\repository\io\netty\netty-transport-udt\4.1.70.Final\netty-transport-udt-4.1.70.Final.jar;C:\Users\Akundar\.m2\repository\io\netty\netty-transport-classes-epoll\4.1.70.Final\netty-transport-classes-epoll-4.1.70.Final.jar;C:\Users\Akundar\.m2\repository\io\netty\netty-transport-native-unix-common\4.1.70.Final\netty-transport-native-unix-common-4.1.70.Final.jar;C:\Users\Akundar\.m2\repository\io\netty\netty-transport-classes-kqueue\4.1.70.Final\netty-transport-classes-kqueue-4.1.70.Final.jar;C:\Users\Akundar\.m2\repository\io\netty\netty-resolver-dns-classes-macos\4.1.70.Final\netty-resolver-dns-classes-macos-4.1.70.Final.jar;C:\Users\Akundar\.m2\repository\io\netty\netty-transport-native-epoll\4.1.70.Final\netty-transport-native-epoll-4.1.70.Final-linux-x86_64.jar;C:\Users\Akundar\.m2\repository\io\netty\netty-transport-native-epoll\4.1.70.Final\netty-transport-native-epoll-4.1.70.Final-linux-aarch_64.jar;C:\Users\Akundar\.m2\repository\io\netty\netty-transport-native-kqueue\4.1.70.Final\netty-transport-native-kqueue-4.1.70.Final-osx-x86_64.jar;C:\Users\Akundar\.m2\repository\io\netty\netty-transport-native-kqueue\4.1.70.Final\netty-transport-native-kqueue-4.1.70.Final-osx-aarch_64.jar;C:\Users\Akundar\.m2\repository\io\netty\netty-resolver-dns-native-macos\4.1.70.Final\netty-resolver-dns-native-macos-4.1.70.Final-osx-x86_64.jar;C:\Users\Akundar\.m2\repository\io\netty\netty-resolver-dns-native-macos\4.1.70.Final\netty-resolver-dns-native-macos-4.1.70.Final-osx-aarch_64.jar;"/>
    <property name="java.vm.vendor" value="Oracle Corporation"/>
    <property name="sun.arch.data.model" value="64"/>
    <property name="user.variant" value=""/>
    <property name="java.vendor.url" value="https://java.oracle.com/"/>
    <property name="user.timezone" value="Asia/Calcutta"/>
    <property name="os.name" value="Windows 10"/>
    <property name="java.vm.specification.version" value="17"/>
    <property name="sun.java.launcher" value="SUN_STANDARD"/>
    <property name="user.country" value="IN"/>
    <property name="sun.boot.library.path" value="C:\Users\Akundar\Installers\openjdk-17_windows-x64_bin (1)\jdk-17\bin"/>
    <property name="sun.java.command" value="C:\Users\Akundar\AppData\Local\Temp\surefire88907876930810620\surefirebooter12461721547219044783.jar C:\Users\Akundar\AppData\Local\Temp\surefire88907876930810620 2021-11-30T20-55-28_393-jvmRun1 surefire7732927145764112307tmp surefire_016881538358736901605tmp"/>
    <property name="jdk.debug" value="release"/>
    <property name="surefire.test.class.path" value="C:\Users\Akundar\eclipse-workspace\AEMhdfc\target\test-classes;C:\Users\Akundar\eclipse-workspace\AEMhdfc\target\classes;C:\Users\Akundar\.m2\repository\junit\junit\4.11\junit-4.11.jar;C:\Users\Akundar\.m2\repository\org\hamcrest\hamcrest-core\1.3\hamcrest-core-1.3.jar;C:\Users\Akundar\.m2\repository\org\seleniumhq\selenium\selenium-java\3.141.59\selenium-java-3.141.59.jar;C:\Users\Akundar\.m2\repository\org\seleniumhq\selenium\selenium-api\3.141.59\selenium-api-3.141.59.jar;C:\Users\Akundar\.m2\repository\org\seleniumhq\selenium\selenium-chrome-driver\3.141.59\selenium-chrome-driver-3.141.59.jar;C:\Users\Akundar\.m2\repository\org\seleniumhq\selenium\selenium-edge-driver\3.141.59\selenium-edge-driver-3.141.59.jar;C:\Users\Akundar\.m2\repository\org\seleniumhq\selenium\selenium-firefox-driver\3.141.59\selenium-firefox-driver-3.141.59.jar;C:\Users\Akundar\.m2\repository\org\seleniumhq\selenium\selenium-ie-driver\3.141.59\selenium-ie-driver-3.141.59.jar;C:\Users\Akundar\.m2\repository\org\seleniumhq\selenium\selenium-opera-driver\3.141.59\selenium-opera-driver-3.141.59.jar;C:\Users\Akundar\.m2\repository\org\seleniumhq\selenium\selenium-remote-driver\3.141.59\selenium-remote-driver-3.141.59.jar;C:\Users\Akundar\.m2\repository\org\seleniumhq\selenium\selenium-safari-driver\3.141.59\selenium-safari-driver-3.141.59.jar;C:\Users\Akundar\.m2\repository\org\seleniumhq\selenium\selenium-support\3.141.59\selenium-support-3.141.59.jar;C:\Users\Akundar\.m2\repository\net\bytebuddy\byte-buddy\1.8.15\byte-buddy-1.8.15.jar;C:\Users\Akundar\.m2\repository\org\apache\commons\commons-exec\1.3\commons-exec-1.3.jar;C:\Users\Akundar\.m2\repository\com\google\guava\guava\25.0-jre\guava-25.0-jre.jar;C:\Users\Akundar\.m2\repository\com\google\code\findbugs\jsr305\1.3.9\jsr305-1.3.9.jar;C:\Users\Akundar\.m2\repository\org\checkerframework\checker-compat-qual\2.0.0\checker-compat-qual-2.0.0.jar;C:\Users\Akundar\.m2\repository\com\google\errorprone\error_prone_annotations\2.1.3\error_prone_annotations-2.1.3.jar;C:\Users\Akundar\.m2\repository\com\google\j2objc\j2objc-annotations\1.1\j2objc-annotations-1.1.jar;C:\Users\Akundar\.m2\repository\org\codehaus\mojo\animal-sniffer-annotations\1.14\animal-sniffer-annotations-1.14.jar;C:\Users\Akundar\.m2\repository\com\squareup\okhttp3\okhttp\3.11.0\okhttp-3.11.0.jar;C:\Users\Akundar\.m2\repository\com\squareup\okio\okio\1.14.0\okio-1.14.0.jar;C:\Users\Akundar\.m2\repository\org\testng\testng\7.4.0\testng-7.4.0.jar;C:\Users\Akundar\.m2\repository\com\beust\jcommander\1.78\jcommander-1.78.jar;C:\Users\Akundar\.m2\repository\org\webjars\jquery\3.5.1\jquery-3.5.1.jar;C:\Users\Akundar\.m2\repository\com\aventstack\extentreports\5.0.9\extentreports-5.0.9.jar;C:\Users\Akundar\.m2\repository\io\reactivex\rxjava3\rxjava\3.0.4\rxjava-3.0.4.jar;C:\Users\Akundar\.m2\repository\org\reactivestreams\reactive-streams\1.0.3\reactive-streams-1.0.3.jar;C:\Users\Akundar\.m2\repository\org\freemarker\freemarker\2.3.30\freemarker-2.3.30.jar;C:\Users\Akundar\.m2\repository\com\google\code\gson\gson\2.8.6\gson-2.8.6.jar;C:\Users\Akundar\.m2\repository\commons-io\commons-io\2.11.0\commons-io-2.11.0.jar;C:\Users\Akundar\.m2\repository\org\apache\poi\poi\5.0.0\poi-5.0.0.jar;C:\Users\Akundar\.m2\repository\org\slf4j\slf4j-api\1.7.30\slf4j-api-1.7.30.jar;C:\Users\Akundar\.m2\repository\org\slf4j\jcl-over-slf4j\1.7.30\jcl-over-slf4j-1.7.30.jar;C:\Users\Akundar\.m2\repository\commons-codec\commons-codec\1.15\commons-codec-1.15.jar;C:\Users\Akundar\.m2\repository\org\apache\commons\commons-collections4\4.4\commons-collections4-4.4.jar;C:\Users\Akundar\.m2\repository\org\apache\commons\commons-math3\3.6.1\commons-math3-3.6.1.jar;C:\Users\Akundar\.m2\repository\com\zaxxer\SparseBitSet\1.2\SparseBitSet-1.2.jar;C:\Users\Akundar\.m2\repository\org\apache\poi\poi-ooxml\5.0.0\poi-ooxml-5.0.0.jar;C:\Users\Akundar\.m2\repository\org\apache\poi\poi-ooxml-lite\5.0.0\poi-ooxml-lite-5.0.0.jar;C:\Users\Akundar\.m2\repository\org\apache\commons\commons-compress\1.20\commons-compress-1.20.jar;C:\Users\Akundar\.m2\repository\com\github\virtuald\curvesapi\1.06\curvesapi-1.06.jar;C:\Users\Akundar\.m2\repository\org\bouncycastle\bcpkix-jdk15on\1.68\bcpkix-jdk15on-1.68.jar;C:\Users\Akundar\.m2\repository\org\bouncycastle\bcprov-jdk15on\1.68\bcprov-jdk15on-1.68.jar;C:\Users\Akundar\.m2\repository\org\apache\santuario\xmlsec\2.2.1\xmlsec-2.2.1.jar;C:\Users\Akundar\.m2\repository\com\fasterxml\woodstox\woodstox-core\5.2.1\woodstox-core-5.2.1.jar;C:\Users\Akundar\.m2\repository\org\codehaus\woodstox\stax2-api\4.2\stax2-api-4.2.jar;C:\Users\Akundar\.m2\repository\jakarta\xml\bind\jakarta.xml.bind-api\2.3.2\jakarta.xml.bind-api-2.3.2.jar;C:\Users\Akundar\.m2\repository\jakarta\activation\jakarta.activation-api\1.2.1\jakarta.activation-api-1.2.1.jar;C:\Users\Akundar\.m2\repository\org\apache\xmlgraphics\batik-all\1.13\batik-all-1.13.jar;C:\Users\Akundar\.m2\repository\org\apache\xmlgraphics\batik-anim\1.13\batik-anim-1.13.jar;C:\Users\Akundar\.m2\repository\org\apache\xmlgraphics\batik-shared-resources\1.13\batik-shared-resources-1.13.jar;C:\Users\Akundar\.m2\repository\xml-apis\xml-apis-ext\1.3.04\xml-apis-ext-1.3.04.jar;C:\Users\Akundar\.m2\repository\org\apache\xmlgraphics\batik-awt-util\1.13\batik-awt-util-1.13.jar;C:\Users\Akundar\.m2\repository\org\apache\xmlgraphics\xmlgraphics-commons\2.4\xmlgraphics-commons-2.4.jar;C:\Users\Akundar\.m2\repository\org\apache\xmlgraphics\batik-bridge\1.13\batik-bridge-1.13.jar;C:\Users\Akundar\.m2\repository\org\apache\xmlgraphics\batik-codec\1.13\batik-codec-1.13.jar;C:\Users\Akundar\.m2\repository\org\apache\xmlgraphics\batik-constants\1.13\batik-constants-1.13.jar;C:\Users\Akundar\.m2\repository\org\apache\xmlgraphics\batik-css\1.13\batik-css-1.13.jar;C:\Users\Akundar\.m2\repository\org\apache\xmlgraphics\batik-dom\1.13\batik-dom-1.13.jar;C:\Users\Akundar\.m2\repository\xalan\xalan\2.7.2\xalan-2.7.2.jar;C:\Users\Akundar\.m2\repository\xalan\serializer\2.7.2\serializer-2.7.2.jar;C:\Users\Akundar\.m2\repository\xml-apis\xml-apis\1.4.01\xml-apis-1.4.01.jar;C:\Users\Akundar\.m2\repository\org\apache\xmlgraphics\batik-ext\1.13\batik-ext-1.13.jar;C:\Users\Akundar\.m2\repository\org\apache\xmlgraphics\batik-extension\1.13\batik-extension-1.13.jar;C:\Users\Akundar\.m2\repository\org\apache\xmlgraphics\batik-gui-util\1.13\batik-gui-util-1.13.jar;C:\Users\Akundar\.m2\repository\org\apache\xmlgraphics\batik-gvt\1.13\batik-gvt-1.13.jar;C:\Users\Akundar\.m2\repository\org\apache\xmlgraphics\batik-i18n\1.13\batik-i18n-1.13.jar;C:\Users\Akundar\.m2\repository\org\apache\xmlgraphics\batik-parser\1.13\batik-parser-1.13.jar;C:\Users\Akundar\.m2\repository\org\apache\xmlgraphics\batik-rasterizer-ext\1.13\batik-rasterizer-ext-1.13.jar;C:\Users\Akundar\.m2\repository\org\apache\xmlgraphics\batik-rasterizer\1.13\batik-rasterizer-1.13.jar;C:\Users\Akundar\.m2\repository\org\apache\xmlgraphics\batik-script\1.13\batik-script-1.13.jar;C:\Users\Akundar\.m2\repository\org\apache\xmlgraphics\batik-slideshow\1.13\batik-slideshow-1.13.jar;C:\Users\Akundar\.m2\repository\org\apache\xmlgraphics\batik-squiggle-ext\1.13\batik-squiggle-ext-1.13.jar;C:\Users\Akundar\.m2\repository\org\apache\xmlgraphics\batik-squiggle\1.13\batik-squiggle-1.13.jar;C:\Users\Akundar\.m2\repository\org\apache\xmlgraphics\batik-svg-dom\1.13\batik-svg-dom-1.13.jar;C:\Users\Akundar\.m2\repository\org\apache\xmlgraphics\batik-svgbrowser\1.13\batik-svgbrowser-1.13.jar;C:\Users\Akundar\.m2\repository\org\apache\xmlgraphics\batik-svggen\1.13\batik-svggen-1.13.jar;C:\Users\Akundar\.m2\repository\org\apache\xmlgraphics\batik-svgpp\1.13\batik-svgpp-1.13.jar;C:\Users\Akundar\.m2\repository\org\apache\xmlgraphics\batik-svgrasterizer\1.13\batik-svgrasterizer-1.13.jar;C:\Users\Akundar\.m2\repository\org\apache\xmlgraphics\batik-swing\1.13\batik-swing-1.13.jar;C:\Users\Akundar\.m2\repository\org\apache\xmlgraphics\batik-transcoder\1.13\batik-transcoder-1.13.jar;C:\Users\Akundar\.m2\repository\org\apache\xmlgraphics\batik-util\1.13\batik-util-1.13.jar;C:\Users\Akundar\.m2\repository\org\apache\xmlgraphics\batik-ttf2svg\1.13\batik-ttf2svg-1.13.jar;C:\Users\Akundar\.m2\repository\org\apache\xmlgraphics\batik-xml\1.13\batik-xml-1.13.jar;C:\Users\Akundar\.m2\repository\de\rototor\pdfbox\graphics2d\0.30\graphics2d-0.30.jar;C:\Users\Akundar\.m2\repository\org\apache\pdfbox\pdfbox\2.0.22\pdfbox-2.0.22.jar;C:\Users\Akundar\.m2\repository\org\apache\pdfbox\fontbox\2.0.22\fontbox-2.0.22.jar;C:\Users\Akundar\.m2\repository\org\apache\poi\poi-ooxml-schemas\4.1.2\poi-ooxml-schemas-4.1.2.jar;C:\Users\Akundar\.m2\repository\org\apache\poi\poi-scratchpad\5.0.0\poi-scratchpad-5.0.0.jar;C:\Users\Akundar\.m2\repository\org\apache\poi\poi-excelant\5.0.0\poi-excelant-5.0.0.jar;C:\Users\Akundar\.m2\repository\org\apache\ant\ant\1.10.9\ant-1.10.9.jar;C:\Users\Akundar\.m2\repository\org\apache\ant\ant-launcher\1.10.9\ant-launcher-1.10.9.jar;C:\Users\Akundar\.m2\repository\org\apache\poi\ooxml-schemas\1.4\ooxml-schemas-1.4.jar;C:\Users\Akundar\.m2\repository\org\apache\xmlbeans\xmlbeans\5.0.1\xmlbeans-5.0.1.jar;C:\Users\Akundar\.m2\repository\org\apache\logging\log4j\log4j-api\2.14.0\log4j-api-2.14.0.jar;C:\Users\Akundar\.m2\repository\org\projectlombok\lombok\1.18.20\lombok-1.18.20.jar;C:\Users\Akundar\.m2\repository\io\netty\netty-all\4.1.70.Final\netty-all-4.1.70.Final.jar;C:\Users\Akundar\.m2\repository\io\netty\netty-buffer\4.1.70.Final\netty-buffer-4.1.70.Final.jar;C:\Users\Akundar\.m2\repository\io\netty\netty-codec\4.1.70.Final\netty-codec-4.1.70.Final.jar;C:\Users\Akundar\.m2\repository\io\netty\netty-codec-dns\4.1.70.Final\netty-codec-dns-4.1.70.Final.jar;C:\Users\Akundar\.m2\repository\io\netty\netty-codec-haproxy\4.1.70.Final\netty-codec-haproxy-4.1.70.Final.jar;C:\Users\Akundar\.m2\repository\io\netty\netty-codec-http\4.1.70.Final\netty-codec-http-4.1.70.Final.jar;C:\Users\Akundar\.m2\repository\io\netty\netty-codec-http2\4.1.70.Final\netty-codec-http2-4.1.70.Final.jar;C:\Users\Akundar\.m2\repository\io\netty\netty-codec-memcache\4.1.70.Final\netty-codec-memcache-4.1.70.Final.jar;C:\Users\Akundar\.m2\repository\io\netty\netty-codec-mqtt\4.1.70.Final\netty-codec-mqtt-4.1.70.Final.jar;C:\Users\Akundar\.m2\repository\io\netty\netty-codec-redis\4.1.70.Final\netty-codec-redis-4.1.70.Final.jar;C:\Users\Akundar\.m2\repository\io\netty\netty-codec-smtp\4.1.70.Final\netty-codec-smtp-4.1.70.Final.jar;C:\Users\Akundar\.m2\repository\io\netty\netty-codec-socks\4.1.70.Final\netty-codec-socks-4.1.70.Final.jar;C:\Users\Akundar\.m2\repository\io\netty\netty-codec-stomp\4.1.70.Final\netty-codec-stomp-4.1.70.Final.jar;C:\Users\Akundar\.m2\repository\io\netty\netty-codec-xml\4.1.70.Final\netty-codec-xml-4.1.70.Final.jar;C:\Users\Akundar\.m2\repository\io\netty\netty-common\4.1.70.Final\netty-common-4.1.70.Final.jar;C:\Users\Akundar\.m2\repository\io\netty\netty-handler\4.1.70.Final\netty-handler-4.1.70.Final.jar;C:\Users\Akundar\.m2\repository\io\netty\netty-handler-proxy\4.1.70.Final\netty-handler-proxy-4.1.70.Final.jar;C:\Users\Akundar\.m2\repository\io\netty\netty-resolver\4.1.70.Final\netty-resolver-4.1.70.Final.jar;C:\Users\Akundar\.m2\repository\io\netty\netty-resolver-dns\4.1.70.Final\netty-resolver-dns-4.1.70.Final.jar;C:\Users\Akundar\.m2\repository\io\netty\netty-transport\4.1.70.Final\netty-transport-4.1.70.Final.jar;C:\Users\Akundar\.m2\repository\io\netty\netty-transport-rxtx\4.1.70.Final\netty-transport-rxtx-4.1.70.Final.jar;C:\Users\Akundar\.m2\repository\io\netty\netty-transport-sctp\4.1.70.Final\netty-transport-sctp-4.1.70.Final.jar;C:\Users\Akundar\.m2\repository\io\netty\netty-transport-udt\4.1.70.Final\netty-transport-udt-4.1.70.Final.jar;C:\Users\Akundar\.m2\repository\io\netty\netty-transport-classes-epoll\4.1.70.Final\netty-transport-classes-epoll-4.1.70.Final.jar;C:\Users\Akundar\.m2\repository\io\netty\netty-transport-native-unix-common\4.1.70.Final\netty-transport-native-unix-common-4.1.70.Final.jar;C:\Users\Akundar\.m2\repository\io\netty\netty-transport-classes-kqueue\4.1.70.Final\netty-transport-classes-kqueue-4.1.70.Final.jar;C:\Users\Akundar\.m2\repository\io\netty\netty-resolver-dns-classes-macos\4.1.70.Final\netty-resolver-dns-classes-macos-4.1.70.Final.jar;C:\Users\Akundar\.m2\repository\io\netty\netty-transport-native-epoll\4.1.70.Final\netty-transport-native-epoll-4.1.70.Final-linux-x86_64.jar;C:\Users\Akundar\.m2\repository\io\netty\netty-transport-native-epoll\4.1.70.Final\netty-transport-native-epoll-4.1.70.Final-linux-aarch_64.jar;C:\Users\Akundar\.m2\repository\io\netty\netty-transport-native-kqueue\4.1.70.Final\netty-transport-native-kqueue-4.1.70.Final-osx-x86_64.jar;C:\Users\Akundar\.m2\repository\io\netty\netty-transport-native-kqueue\4.1.70.Final\netty-transport-native-kqueue-4.1.70.Final-osx-aarch_64.jar;C:\Users\Akundar\.m2\repository\io\netty\netty-resolver-dns-native-macos\4.1.70.Final\netty-resolver-dns-native-macos-4.1.70.Final-osx-x86_64.jar;C:\Users\Akundar\.m2\repository\io\netty\netty-resolver-dns-native-macos\4.1.70.Final\netty-resolver-dns-native-macos-4.1.70.Final-osx-aarch_64.jar;"/>
    <property name="sun.cpu.endian" value="little"/>
    <property name="user.home" value="C:\Users\Akundar"/>
    <property name="user.language" value="en"/>
    <property name="java.specification.vendor" value="Oracle Corporation"/>
    <property name="java.version.date" value="2021-09-14"/>
    <property name="java.home" value="C:\Users\Akundar\Installers\openjdk-17_windows-x64_bin (1)\jdk-17"/>
    <property name="file.separator" value="\"/>
    <property name="basedir" value="C:\Users\Akundar\eclipse-workspace\AEMhdfc"/>
    <property name="java.vm.compressedOopsMode" value="Zero based"/>
    <property name="line.separator" value="&#10;"/>
    <property name="java.vm.specification.vendor" value="Oracle Corporation"/>
    <property name="java.specification.name" value="Java Platform API Specification"/>
    <property name="surefire.real.class.path" value="C:\Users\Akundar\AppData\Local\Temp\surefire88907876930810620\surefirebooter12461721547219044783.jar"/>
    <property name="user.script" value=""/>
    <property name="sun.management.compiler" value="HotSpot 64-Bit Tiered Compilers"/>
    <property name="java.runtime.version" value="17+35-2724"/>
    <property name="user.name" value="akundar"/>
    <property name="path.separator" value=";"/>
    <property name="os.version" value="10.0"/>
    <property name="java.runtime.name" value="OpenJDK Runtime Environment"/>
    <property name="file.encoding" value="Cp1252"/>
    <property name="java.vm.name" value="OpenJDK 64-Bit Server VM"/>
    <property name="localRepository" value="C:\Users\Akundar\.m2\repository"/>
    <property name="java.vendor.url.bug" value="https://bugreport.java.com/bugreport/"/>
    <property name="java.io.tmpdir" value="C:\Users\Akundar\AppData\Local\Temp\"/>
    <property name="java.version" value="17"/>
    <property name="user.dir" value="C:\Users\Akundar\eclipse-workspace\AEMhdfc"/>
    <property name="os.arch" value="amd64"/>
    <property name="java.vm.specification.name" value="Java Virtual Machine Specification"/>
    <property name="sun.os.patch.level" value=""/>
    <property name="native.encoding" value="Cp1252"/>
    <property name="java.library.path" value="C:\Users\Akundar\Installers\openjdk-17_windows-x64_bin (1)\jdk-17\bin;C:\WINDOWS\Sun\Java\bin;C:\WINDOWS\system32;C:\WINDOWS;C:/Users/Akundar/Installers/openjdk-17_windows-x64_bin (1)/jdk-17/bin/server;C:/Users/Akundar/Installers/openjdk-17_windows-x64_bin (1)/jdk-17/bin;C:\Program Files (x86)\RSA SecurID Token Common;C:\Program Files\RSA SecurID Token Common;C:\Program Files (x86)\Common Files\Oracle\Java\javapath;C:\Program Files\Eclipse Foundation\jdk-11.0.12.7-hotspot\bin;C:\Program Files (x86)\Common Files\Oracle\Java\javapath_target_9596750;C:\WINDOWS\system32;C:\WINDOWS;C:\WINDOWS\System32\Wbem;C:\WINDOWS\System32\WindowsPowerShell\v1.0\;C:\WINDOWS\System32\OpenSSH\;C:\Users\Akundar\Installers\openjdk-17_windows-x64_bin (1)\jdk-17\bin;C:\apache-maven-3.8.2-bin (1)\apache-maven-3.8.2\bin;;C:\Program Files\Docker\Docker\resources\bin;C:\ProgramData\DockerDesktop\version-bin;C:\Users\Akundar\AppData\Local\Microsoft\WindowsApps;;C:\WINDOWS\system32;;."/>
    <property name="java.vm.info" value="mixed mode, sharing"/>
    <property name="java.vendor" value="Oracle Corporation"/>
    <property name="java.vm.version" value="17+35-2724"/>
    <property name="sun.io.unicode.encoding" value="UnicodeLittle"/>
    <property name="java.class.version" value="61.0"/>
  </properties>
  <testcase name="verifyBannerCarousel" classname="SeleniumTesting.AEMhdfc.HomepageTest" time="15.981">
    <system-out><![CDATA[Before navigating to: 'https://www.hdfclife.com/'
Navigated to:'https://www.hdfclife.com/'
Homepage test cases started
Trying to find Element By : By.xpath: //li[@data-slide-to='1']
Found Element By : By.xpath: //li[@data-slide-to='1']
Trying to click on: [[ChromeDriver: chrome on WINDOWS (69af0932b3be591dfd7ac7319104bd47)] -> xpath: //li[@data-slide-to='1']]
Clicked on: [[ChromeDriver: chrome on WINDOWS (69af0932b3be591dfd7ac7319104bd47)] -> xpath: //li[@data-slide-to='1']]
Trying to find Element By : By.xpath: //div[@class='carousel-item active']//img[@class='bg-align']
Found Element By : By.xpath: //div[@class='carousel-item active']//img[@class='bg-align']
Trying to find Element By : By.xpath: //li[@data-slide-to='2']
Found Element By : By.xpath: //li[@data-slide-to='2']
Trying to click on: [[ChromeDriver: chrome on WINDOWS (69af0932b3be591dfd7ac7319104bd47)] -> xpath: //li[@data-slide-to='2']]
Clicked on: [[ChromeDriver: chrome on WINDOWS (69af0932b3be591dfd7ac7319104bd47)] -> xpath: //li[@data-slide-to='2']]
Trying to find Element By : By.xpath: //div[@class='carousel-item active']//img[@class='bg-align']
Found Element By : By.xpath: //div[@class='carousel-item active']//img[@class='bg-align']
Trying to find Element By : By.xpath: //li[@data-slide-to='3']
Found Element By : By.xpath: //li[@data-slide-to='3']
Trying to click on: [[ChromeDriver: chrome on WINDOWS (69af0932b3be591dfd7ac7319104bd47)] -> xpath: //li[@data-slide-to='3']]
Clicked on: [[ChromeDriver: chrome on WINDOWS (69af0932b3be591dfd7ac7319104bd47)] -> xpath: //li[@data-slide-to='3']]
Trying to find Element By : By.xpath: //div[@class='carousel-item active']//img[@class='bg-align']
Found Element By : By.xpath: //div[@class='carousel-item active']//img[@class='bg-align']
Trying to find Element By : By.xpath: //li[@data-slide-to='4']
Found Element By : By.xpath: //li[@data-slide-to='4']
Trying to click on: [[ChromeDriver: chrome on WINDOWS (69af0932b3be591dfd7ac7319104bd47)] -> xpath: //li[@data-slide-to='4']]
Clicked on: [[ChromeDriver: chrome on WINDOWS (69af0932b3be591dfd7ac7319104bd47)] -> xpath: //li[@data-slide-to='4']]
Trying to find Element By : By.xpath: //div[@class='carousel-item active']//img[@class='bg-align']
Found Element By : By.xpath: //div[@class='carousel-item active']//img[@class='bg-align']
Trying to find Element By : By.xpath: //li[@data-slide-to='0']
Found Element By : By.xpath: //li[@data-slide-to='0']
Trying to click on: [[ChromeDriver: chrome on WINDOWS (69af0932b3be591dfd7ac7319104bd47)] -> xpath: //li[@data-slide-to='0']]
Clicked on: [[ChromeDriver: chrome on WINDOWS (69af0932b3be591dfd7ac7319104bd47)] -> xpath: //li[@data-slide-to='0']]
Trying to find Element By : By.xpath: //div[@class='carousel-item active']//img[@class='bg-align']
Found Element By : By.xpath: //div[@class='carousel-item active']//img[@class='bg-align']
]]></system-out>
    <system-err><![CDATA[Nov 30, 2021 8:55:30 PM org.openqa.selenium.remote.DesiredCapabilities chrome
INFO: Using `new ChromeOptions()` is preferred to `DesiredCapabilities.chrome()`
Starting ChromeDriver 96.0.4664.45 (76e4c1bb2ab4671b8beba3444e61c0f17584b2fc-refs/branch-heads/4664@{#947}) on port 16272
Only local connections are allowed.
Please see https://chromedriver.chromium.org/security-considerations for suggestions on keeping ChromeDriver safe.
ChromeDriver was started successfully.
Nov 30, 2021 8:55:31 PM org.openqa.selenium.remote.ProtocolHandshake createSession
INFO: Detected dialect: W3C
]]></system-err>
  </testcase>
  <testcase name="verifyTermPlanOnBanner" classname="SeleniumTesting.AEMhdfc.HomepageTest" time="10.245">
    <system-out><![CDATA[Trying to find Element By : By.xpath: //a[@onclick='categoryBox(this)'][1]
Found Element By : By.xpath: //a[@onclick='categoryBox(this)'][1]
Trying to click on: [[ChromeDriver: chrome on WINDOWS (69af0932b3be591dfd7ac7319104bd47)] -> xpath: //a[@onclick='categoryBox(this)'][1]]
Clicked on: [[ChromeDriver: chrome on WINDOWS (69af0932b3be591dfd7ac7319104bd47)] -> xpath: //a[@onclick='categoryBox(this)'][1]]
Navigating back to previous page
Navigated back to previous page
]]></system-out>
  </testcase>
  <testcase name="verifyFixedMaturityPlanOnBanner" classname="SeleniumTesting.AEMhdfc.HomepageTest" time="9.273">
    <system-out><![CDATA[Trying to find Element By : By.xpath: //a[@href='/savings-plans/sanchay-fixed-maturity-plan']//div
Found Element By : By.xpath: //a[@href='/savings-plans/sanchay-fixed-maturity-plan']//div
Trying to find Element By : By.xpath: //a[@href='/savings-plans/sanchay-fixed-maturity-plan']//div
Found Element By : By.xpath: //a[@href='/savings-plans/sanchay-fixed-maturity-plan']//div
Trying to click on: [[ChromeDriver: chrome on WINDOWS (69af0932b3be591dfd7ac7319104bd47)] -> xpath: //a[@href='/savings-plans/sanchay-fixed-maturity-plan']//div]
Clicked on: [[ChromeDriver: chrome on WINDOWS (69af0932b3be591dfd7ac7319104bd47)] -> xpath: //a[@href='/savings-plans/sanchay-fixed-maturity-plan']//div]
Navigating back to previous page
Navigated back to previous page
]]></system-out>
  </testcase>
  <testcase name="verifySavingPlansOnBanner" classname="SeleniumTesting.AEMhdfc.HomepageTest" time="8.662">
    <system-out><![CDATA[Trying to find Element By : By.xpath: //a[@href='/savings-plans']//div
Found Element By : By.xpath: //a[@href='/savings-plans']//div
Trying to find Element By : By.xpath: //a[@href='/savings-plans']//div
Found Element By : By.xpath: //a[@href='/savings-plans']//div
Trying to click on: [[ChromeDriver: chrome on WINDOWS (69af0932b3be591dfd7ac7319104bd47)] -> xpath: //a[@href='/savings-plans']//div]
Clicked on: [[ChromeDriver: chrome on WINDOWS (69af0932b3be591dfd7ac7319104bd47)] -> xpath: //a[@href='/savings-plans']//div]
Navigating back to previous page
Navigated back to previous page
]]></system-out>
  </testcase>
  <testcase name="verifyRetirementPlansOnBanner" classname="SeleniumTesting.AEMhdfc.HomepageTest" time="8.617">
    <system-out><![CDATA[Trying to find Element By : By.xpath: //a[@href='/retirement-and-pension-plans']//div//h2[@class='h5']
Found Element By : By.xpath: //a[@href='/retirement-and-pension-plans']//div//h2[@class='h5']
Trying to find Element By : By.xpath: //a[@href='/retirement-and-pension-plans']//div//h2[@class='h5']
Found Element By : By.xpath: //a[@href='/retirement-and-pension-plans']//div//h2[@class='h5']
Trying to click on: [[ChromeDriver: chrome on WINDOWS (69af0932b3be591dfd7ac7319104bd47)] -> xpath: //a[@href='/retirement-and-pension-plans']//div//h2[@class='h5']]
Clicked on: [[ChromeDriver: chrome on WINDOWS (69af0932b3be591dfd7ac7319104bd47)] -> xpath: //a[@href='/retirement-and-pension-plans']//div//h2[@class='h5']]
Navigating back to previous page
Navigated back to previous page
]]></system-out>
  </testcase>
  <testcase name="verifyULIPPlansOnBanner" classname="SeleniumTesting.AEMhdfc.HomepageTest" time="8.982">
    <system-out><![CDATA[Trying to find Element By : By.xpath: //a[@class='tile']//div//span[@class='bg-Term_plans bg-plans-4']
Found Element By : By.xpath: //a[@class='tile']//div//span[@class='bg-Term_plans bg-plans-4']
Trying to find Element By : By.xpath: //a[@class='tile']//div//span[@class='bg-Term_plans bg-plans-4']
Found Element By : By.xpath: //a[@class='tile']//div//span[@class='bg-Term_plans bg-plans-4']
Trying to click on: [[ChromeDriver: chrome on WINDOWS (69af0932b3be591dfd7ac7319104bd47)] -> xpath: //a[@class='tile']//div//span[@class='bg-Term_plans bg-plans-4']]
Clicked on: [[ChromeDriver: chrome on WINDOWS (69af0932b3be591dfd7ac7319104bd47)] -> xpath: //a[@class='tile']//div//span[@class='bg-Term_plans bg-plans-4']]
Navigating back to previous page
Navigated back to previous page
]]></system-out>
  </testcase>
  <testcase name="verifyViewAllButton" classname="SeleniumTesting.AEMhdfc.HomepageTest" time="3.35">
    <system-out><![CDATA[Trying to find Element By : By.xpath: //div[@class='viewall']
Found Element By : By.xpath: //div[@class='viewall']
Trying to find Element By : By.xpath: //div[@class='viewall']
Found Element By : By.xpath: //div[@class='viewall']
Trying to click on: [[ChromeDriver: chrome on WINDOWS (69af0932b3be591dfd7ac7319104bd47)] -> xpath: //div[@class='viewall']]
Clicked on: [[ChromeDriver: chrome on WINDOWS (69af0932b3be591dfd7ac7319104bd47)] -> xpath: //div[@class='viewall']]
]]></system-out>
  </testcase>
  <testcase name="verifyChildrenPlansOnBanner" classname="SeleniumTesting.AEMhdfc.HomepageTest" time="8.441">
    <system-out><![CDATA[Trying to find Element By : By.xpath: //a[@class='tile']//div//span[@class='bg-Term_plans bg-plans-5']
Found Element By : By.xpath: //a[@class='tile']//div//span[@class='bg-Term_plans bg-plans-5']
Trying to find Element By : By.xpath: //a[@class='tile']//div//span[@class='bg-Term_plans bg-plans-5']
Found Element By : By.xpath: //a[@class='tile']//div//span[@class='bg-Term_plans bg-plans-5']
Trying to click on: [[ChromeDriver: chrome on WINDOWS (69af0932b3be591dfd7ac7319104bd47)] -> xpath: //a[@class='tile']//div//span[@class='bg-Term_plans bg-plans-5']]
Clicked on: [[ChromeDriver: chrome on WINDOWS (69af0932b3be591dfd7ac7319104bd47)] -> xpath: //a[@class='tile']//div//span[@class='bg-Term_plans bg-plans-5']]
Navigating back to previous page
Navigated back to previous page
]]></system-out>
  </testcase>
  <testcase name="verifyHealthPlansOnBanner" classname="SeleniumTesting.AEMhdfc.HomepageTest" time="12.109">
    <system-out><![CDATA[Trying to find Element By : By.xpath: //div[@class='viewall']
Found Element By : By.xpath: //div[@class='viewall']
Trying to find Element By : By.xpath: //div[@class='viewall']
Found Element By : By.xpath: //div[@class='viewall']
Trying to click on: [[ChromeDriver: chrome on WINDOWS (69af0932b3be591dfd7ac7319104bd47)] -> xpath: //div[@class='viewall']]
Clicked on: [[ChromeDriver: chrome on WINDOWS (69af0932b3be591dfd7ac7319104bd47)] -> xpath: //div[@class='viewall']]
Trying to find Element By : By.xpath: //a[@href='/health-insurance-plans']//div//h2[@class='h5']
Found Element By : By.xpath: //a[@href='/health-insurance-plans']//div//h2[@class='h5']
Trying to find Element By : By.xpath: //a[@href='/health-insurance-plans']//div//h2[@class='h5']
Found Element By : By.xpath: //a[@href='/health-insurance-plans']//div//h2[@class='h5']
Trying to click on: [[ChromeDriver: chrome on WINDOWS (69af0932b3be591dfd7ac7319104bd47)] -> xpath: //a[@href='/health-insurance-plans']//div//h2[@class='h5']]
Clicked on: [[ChromeDriver: chrome on WINDOWS (69af0932b3be591dfd7ac7319104bd47)] -> xpath: //a[@href='/health-insurance-plans']//div//h2[@class='h5']]
Navigating back to previous page
Navigated back to previous page
]]></system-out>
  </testcase>
  <testcase name="verifyPosPlansOnBanner" classname="SeleniumTesting.AEMhdfc.HomepageTest" time="12">
    <system-out><![CDATA[Trying to find Element By : By.xpath: //div[@class='viewall']
Found Element By : By.xpath: //div[@class='viewall']
Trying to find Element By : By.xpath: //div[@class='viewall']
Found Element By : By.xpath: //div[@class='viewall']
Trying to click on: [[ChromeDriver: chrome on WINDOWS (69af0932b3be591dfd7ac7319104bd47)] -> xpath: //div[@class='viewall']]
Clicked on: [[ChromeDriver: chrome on WINDOWS (69af0932b3be591dfd7ac7319104bd47)] -> xpath: //div[@class='viewall']]
Trying to find Element By : By.xpath: //a[@href='/savings-plans/pos-guaranteed-savings-plan']//div//h2[@class='h5']
Found Element By : By.xpath: //a[@href='/savings-plans/pos-guaranteed-savings-plan']//div//h2[@class='h5']
Trying to find Element By : By.xpath: //a[@href='/savings-plans/pos-guaranteed-savings-plan']//div//h2[@class='h5']
Found Element By : By.xpath: //a[@href='/savings-plans/pos-guaranteed-savings-plan']//div//h2[@class='h5']
Trying to click on: [[ChromeDriver: chrome on WINDOWS (69af0932b3be591dfd7ac7319104bd47)] -> xpath: //a[@href='/savings-plans/pos-guaranteed-savings-plan']//div//h2[@class='h5']]
Clicked on: [[ChromeDriver: chrome on WINDOWS (69af0932b3be591dfd7ac7319104bd47)] -> xpath: //a[@href='/savings-plans/pos-guaranteed-savings-plan']//div//h2[@class='h5']]
Navigating back to previous page
Navigated back to previous page
]]></system-out>
  </testcase>
  <testcase name="verifyComboPlansOnBanner" classname="SeleniumTesting.AEMhdfc.HomepageTest" time="17.39">
    <system-out><![CDATA[Trying to find Element By : By.xpath: //div[@class='viewall']
Found Element By : By.xpath: //div[@class='viewall']
Trying to find Element By : By.xpath: //div[@class='viewall']
Found Element By : By.xpath: //div[@class='viewall']
Trying to click on: [[ChromeDriver: chrome on WINDOWS (69af0932b3be591dfd7ac7319104bd47)] -> xpath: //div[@class='viewall']]
Clicked on: [[ChromeDriver: chrome on WINDOWS (69af0932b3be591dfd7ac7319104bd47)] -> xpath: //div[@class='viewall']]
Trying to find Element By : By.xpath: //div[@class='swiper-button-next']
Found Element By : By.xpath: //div[@class='swiper-button-next']
Trying to click on: [[ChromeDriver: chrome on WINDOWS (69af0932b3be591dfd7ac7319104bd47)] -> xpath: //div[@class='swiper-button-next']]
Clicked on: [[ChromeDriver: chrome on WINDOWS (69af0932b3be591dfd7ac7319104bd47)] -> xpath: //div[@class='swiper-button-next']]
Trying to find Element By : By.xpath: //a[@class='tile']//div//span[@class='bg-Term_plans bg-plans-8']
Found Element By : By.xpath: //a[@class='tile']//div//span[@class='bg-Term_plans bg-plans-8']
Trying to find Element By : By.xpath: //a[@class='tile']//div//span[@class='bg-Term_plans bg-plans-8']
Found Element By : By.xpath: //a[@class='tile']//div//span[@class='bg-Term_plans bg-plans-8']
Trying to click on: [[ChromeDriver: chrome on WINDOWS (69af0932b3be591dfd7ac7319104bd47)] -> xpath: //a[@class='tile']//div//span[@class='bg-Term_plans bg-plans-8']]
Clicked on: [[ChromeDriver: chrome on WINDOWS (69af0932b3be591dfd7ac7319104bd47)] -> xpath: //a[@class='tile']//div//span[@class='bg-Term_plans bg-plans-8']]
Navigating back to previous page
Navigated back to previous page
]]></system-out>
  </testcase>
  <testcase name="verifyGroupPlansOnBanner" classname="SeleniumTesting.AEMhdfc.HomepageTest" time="30.626">
    <system-out><![CDATA[Trying to find Element By : By.xpath: //div[@class='viewall']
Found Element By : By.xpath: //div[@class='viewall']
Trying to find Element By : By.xpath: //div[@class='viewall']
Found Element By : By.xpath: //div[@class='viewall']
Trying to click on: [[ChromeDriver: chrome on WINDOWS (69af0932b3be591dfd7ac7319104bd47)] -> xpath: //div[@class='viewall']]
Clicked on: [[ChromeDriver: chrome on WINDOWS (69af0932b3be591dfd7ac7319104bd47)] -> xpath: //div[@class='viewall']]
Trying to find Element By : By.xpath: //div[@class='swiper-button-next']
Found Element By : By.xpath: //div[@class='swiper-button-next']
Trying to find Element By : By.xpath: //div[@class='swiper-button-next']
Found Element By : By.xpath: //div[@class='swiper-button-next']
Trying to click on: [[ChromeDriver: chrome on WINDOWS (69af0932b3be591dfd7ac7319104bd47)] -> xpath: //div[@class='swiper-button-next']]
Clicked on: [[ChromeDriver: chrome on WINDOWS (69af0932b3be591dfd7ac7319104bd47)] -> xpath: //div[@class='swiper-button-next']]
Trying to find Element By : By.xpath: //div[@class='swiper-button-next']
Found Element By : By.xpath: //div[@class='swiper-button-next']
Trying to find Element By : By.xpath: //div[@class='swiper-button-next']
Found Element By : By.xpath: //div[@class='swiper-button-next']
Trying to click on: [[ChromeDriver: chrome on WINDOWS (69af0932b3be591dfd7ac7319104bd47)] -> xpath: //div[@class='swiper-button-next']]
Clicked on: [[ChromeDriver: chrome on WINDOWS (69af0932b3be591dfd7ac7319104bd47)] -> xpath: //div[@class='swiper-button-next']]
Trying to find Element By : By.xpath: //div[@class='swiper-button-next']
Found Element By : By.xpath: //div[@class='swiper-button-next']
Trying to find Element By : By.xpath: //div[@class='swiper-button-next']
Found Element By : By.xpath: //div[@class='swiper-button-next']
Trying to click on: [[ChromeDriver: chrome on WINDOWS (69af0932b3be591dfd7ac7319104bd47)] -> xpath: //div[@class='swiper-button-next']]
Clicked on: [[ChromeDriver: chrome on WINDOWS (69af0932b3be591dfd7ac7319104bd47)] -> xpath: //div[@class='swiper-button-next']]
Trying to find Element By : By.xpath: //div[@class='swiper-button-next']
Found Element By : By.xpath: //div[@class='swiper-button-next']
Trying to find Element By : By.xpath: //div[@class='swiper-button-next']
Found Element By : By.xpath: //div[@class='swiper-button-next']
Trying to click on: [[ChromeDriver: chrome on WINDOWS (69af0932b3be591dfd7ac7319104bd47)] -> xpath: //div[@class='swiper-button-next']]
Clicked on: [[ChromeDriver: chrome on WINDOWS (69af0932b3be591dfd7ac7319104bd47)] -> xpath: //div[@class='swiper-button-next']]
Trying to find Element By : By.xpath: //div[@class='swiper-button-next']
Found Element By : By.xpath: //div[@class='swiper-button-next']
Trying to find Element By : By.xpath: //div[@class='swiper-button-next']
Found Element By : By.xpath: //div[@class='swiper-button-next']
Trying to click on: [[ChromeDriver: chrome on WINDOWS (69af0932b3be591dfd7ac7319104bd47)] -> xpath: //div[@class='swiper-button-next']]
Clicked on: [[ChromeDriver: chrome on WINDOWS (69af0932b3be591dfd7ac7319104bd47)] -> xpath: //div[@class='swiper-button-next']]
Trying to find Element By : By.xpath: //a[@class='tile']//div//span[@class='bg-Term_plans bg-plans-9']
Found Element By : By.xpath: //a[@class='tile']//div//span[@class='bg-Term_plans bg-plans-9']
Trying to find Element By : By.xpath: //a[@class='tile']//div//span[@class='bg-Term_plans bg-plans-9']
Found Element By : By.xpath: //a[@class='tile']//div//span[@class='bg-Term_plans bg-plans-9']
Trying to click on: [[ChromeDriver: chrome on WINDOWS (69af0932b3be591dfd7ac7319104bd47)] -> xpath: //a[@class='tile']//div//span[@class='bg-Term_plans bg-plans-9']]
Clicked on: [[ChromeDriver: chrome on WINDOWS (69af0932b3be591dfd7ac7319104bd47)] -> xpath: //a[@class='tile']//div//span[@class='bg-Term_plans bg-plans-9']]
Navigating back to previous page
Navigated back to previous page
]]></system-out>
  </testcase>
  <testcase name="verifyArrowButtonsOnBanner" classname="SeleniumTesting.AEMhdfc.HomepageTest" time="44.062">
    <system-out><![CDATA[Trying to find Element By : By.xpath: //div[@class='viewall']
Found Element By : By.xpath: //div[@class='viewall']
Trying to find Element By : By.xpath: //div[@class='viewall']
Found Element By : By.xpath: //div[@class='viewall']
Trying to click on: [[ChromeDriver: chrome on WINDOWS (69af0932b3be591dfd7ac7319104bd47)] -> xpath: //div[@class='viewall']]
Clicked on: [[ChromeDriver: chrome on WINDOWS (69af0932b3be591dfd7ac7319104bd47)] -> xpath: //div[@class='viewall']]
Trying to find Element By : By.xpath: //div[@class='swiper-button-next']
Found Element By : By.xpath: //div[@class='swiper-button-next']
Trying to find Element By : By.xpath: //div[@class='swiper-button-next']
Found Element By : By.xpath: //div[@class='swiper-button-next']
Trying to click on: [[ChromeDriver: chrome on WINDOWS (69af0932b3be591dfd7ac7319104bd47)] -> xpath: //div[@class='swiper-button-next']]
Clicked on: [[ChromeDriver: chrome on WINDOWS (69af0932b3be591dfd7ac7319104bd47)] -> xpath: //div[@class='swiper-button-next']]
Trying to find Element By : By.xpath: //div[@class='swiper-button-next']
Found Element By : By.xpath: //div[@class='swiper-button-next']
Trying to find Element By : By.xpath: //div[@class='swiper-button-next']
Found Element By : By.xpath: //div[@class='swiper-button-next']
Trying to click on: [[ChromeDriver: chrome on WINDOWS (69af0932b3be591dfd7ac7319104bd47)] -> xpath: //div[@class='swiper-button-next']]
Clicked on: [[ChromeDriver: chrome on WINDOWS (69af0932b3be591dfd7ac7319104bd47)] -> xpath: //div[@class='swiper-button-next']]
Trying to find Element By : By.xpath: //div[@class='swiper-button-next']
Found Element By : By.xpath: //div[@class='swiper-button-next']
Trying to find Element By : By.xpath: //div[@class='swiper-button-next']
Found Element By : By.xpath: //div[@class='swiper-button-next']
Trying to click on: [[ChromeDriver: chrome on WINDOWS (69af0932b3be591dfd7ac7319104bd47)] -> xpath: //div[@class='swiper-button-next']]
Clicked on: [[ChromeDriver: chrome on WINDOWS (69af0932b3be591dfd7ac7319104bd47)] -> xpath: //div[@class='swiper-button-next']]
Trying to find Element By : By.xpath: //div[@class='swiper-button-next']
Found Element By : By.xpath: //div[@class='swiper-button-next']
Trying to find Element By : By.xpath: //div[@class='swiper-button-next']
Found Element By : By.xpath: //div[@class='swiper-button-next']
Trying to click on: [[ChromeDriver: chrome on WINDOWS (69af0932b3be591dfd7ac7319104bd47)] -> xpath: //div[@class='swiper-button-next']]
Clicked on: [[ChromeDriver: chrome on WINDOWS (69af0932b3be591dfd7ac7319104bd47)] -> xpath: //div[@class='swiper-button-next']]
Trying to find Element By : By.xpath: //div[@class='swiper-button-next']
Found Element By : By.xpath: //div[@class='swiper-button-next']
Trying to find Element By : By.xpath: //div[@class='swiper-button-next']
Found Element By : By.xpath: //div[@class='swiper-button-next']
Trying to click on: [[ChromeDriver: chrome on WINDOWS (69af0932b3be591dfd7ac7319104bd47)] -> xpath: //div[@class='swiper-button-next']]
Clicked on: [[ChromeDriver: chrome on WINDOWS (69af0932b3be591dfd7ac7319104bd47)] -> xpath: //div[@class='swiper-button-next']]
Trying to find Element By : By.xpath: //div[@class='swiper-button-next swiper-button-disabled']
Found Element By : By.xpath: //div[@class='swiper-button-next swiper-button-disabled']
Trying to find Element By : By.xpath: //div[@class='swiper-button-prev']
Found Element By : By.xpath: //div[@class='swiper-button-prev']
Trying to find Element By : By.xpath: //div[@class='swiper-button-prev']
Found Element By : By.xpath: //div[@class='swiper-button-prev']
Trying to click on: [[ChromeDriver: chrome on WINDOWS (69af0932b3be591dfd7ac7319104bd47)] -> xpath: //div[@class='swiper-button-prev']]
Clicked on: [[ChromeDriver: chrome on WINDOWS (69af0932b3be591dfd7ac7319104bd47)] -> xpath: //div[@class='swiper-button-prev']]
Trying to find Element By : By.xpath: //div[@class='swiper-button-prev']
Found Element By : By.xpath: //div[@class='swiper-button-prev']
Trying to find Element By : By.xpath: //div[@class='swiper-button-prev']
Found Element By : By.xpath: //div[@class='swiper-button-prev']
Trying to click on: [[ChromeDriver: chrome on WINDOWS (69af0932b3be591dfd7ac7319104bd47)] -> xpath: //div[@class='swiper-button-prev']]
Clicked on: [[ChromeDriver: chrome on WINDOWS (69af0932b3be591dfd7ac7319104bd47)] -> xpath: //div[@class='swiper-button-prev']]
Trying to find Element By : By.xpath: //div[@class='swiper-button-prev']
Found Element By : By.xpath: //div[@class='swiper-button-prev']
Trying to find Element By : By.xpath: //div[@class='swiper-button-prev']
Found Element By : By.xpath: //div[@class='swiper-button-prev']
Trying to click on: [[ChromeDriver: chrome on WINDOWS (69af0932b3be591dfd7ac7319104bd47)] -> xpath: //div[@class='swiper-button-prev']]
Clicked on: [[ChromeDriver: chrome on WINDOWS (69af0932b3be591dfd7ac7319104bd47)] -> xpath: //div[@class='swiper-button-prev']]
Trying to find Element By : By.xpath: //div[@class='swiper-button-prev']
Found Element By : By.xpath: //div[@class='swiper-button-prev']
Trying to find Element By : By.xpath: //div[@class='swiper-button-prev']
Found Element By : By.xpath: //div[@class='swiper-button-prev']
Trying to click on: [[ChromeDriver: chrome on WINDOWS (69af0932b3be591dfd7ac7319104bd47)] -> xpath: //div[@class='swiper-button-prev']]
Clicked on: [[ChromeDriver: chrome on WINDOWS (69af0932b3be591dfd7ac7319104bd47)] -> xpath: //div[@class='swiper-button-prev']]
Trying to find Element By : By.xpath: //div[@class='swiper-button-prev']
Found Element By : By.xpath: //div[@class='swiper-button-prev']
Trying to find Element By : By.xpath: //div[@class='swiper-button-prev']
Found Element By : By.xpath: //div[@class='swiper-button-prev']
Trying to click on: [[ChromeDriver: chrome on WINDOWS (69af0932b3be591dfd7ac7319104bd47)] -> xpath: //div[@class='swiper-button-prev']]
Clicked on: [[ChromeDriver: chrome on WINDOWS (69af0932b3be591dfd7ac7319104bd47)] -> xpath: //div[@class='swiper-button-prev']]
Trying to find Element By : By.xpath: //div[@class='swiper-button-prev swiper-button-disabled']
Found Element By : By.xpath: //div[@class='swiper-button-prev swiper-button-disabled']
Trying to find Element By : By.xpath: //div[@class='swiper-button-next']
Found Element By : By.xpath: //div[@class='swiper-button-next']
Trying to find Element By : By.xpath: //div[@class='swiper-button-next']
Found Element By : By.xpath: //div[@class='swiper-button-next']
Trying to click on: [[ChromeDriver: chrome on WINDOWS (69af0932b3be591dfd7ac7319104bd47)] -> xpath: //div[@class='swiper-button-next']]
Clicked on: [[ChromeDriver: chrome on WINDOWS (69af0932b3be591dfd7ac7319104bd47)] -> xpath: //div[@class='swiper-button-next']]
Trying to find Element By : By.xpath: //div[@class='swiper-button-prev']
Found Element By : By.xpath: //div[@class='swiper-button-prev']
]]></system-out>
  </testcase>
  <testcase name="verifyMouseIndicator" classname="SeleniumTesting.AEMhdfc.HomepageTest" time="9.21">
    <system-out><![CDATA[Trying to find Element By : By.xpath: //li[@data-slide-to='0']
Found Element By : By.xpath: //li[@data-slide-to='0']
Trying to find Element By : By.xpath: (//a[@href='javascript:void(0)'])[3]
Found Element By : By.xpath: (//a[@href='javascript:void(0)'])[3]
Trying to find Element By : By.xpath: (//a[@href='javascript:void(0)'])[3]
Found Element By : By.xpath: (//a[@href='javascript:void(0)'])[3]
Trying to click on: [[ChromeDriver: chrome on WINDOWS (69af0932b3be591dfd7ac7319104bd47)] -> xpath: (//a[@href='javascript:void(0)'])[3]]
Clicked on: [[ChromeDriver: chrome on WINDOWS (69af0932b3be591dfd7ac7319104bd47)] -> xpath: (//a[@href='javascript:void(0)'])[3]]
]]></system-out>
  </testcase>
  <testcase name="verifyschedulePopupWithValidData[Amit Kundar, 9.768462054E9](1)" classname="SeleniumTesting.AEMhdfc.HomepageTest" time="8.615">
    <system-out><![CDATA[Trying to find Element By : By.xpath: //button[@class='btn btn-primary btnred schedule-btn scb-data-layer']
Found Element By : By.xpath: //button[@class='btn btn-primary btnred schedule-btn scb-data-layer']
Trying to click on: [[ChromeDriver: chrome on WINDOWS (69af0932b3be591dfd7ac7319104bd47)] -> xpath: //button[@class='btn btn-primary btnred schedule-btn scb-data-layer']]
Clicked on: [[ChromeDriver: chrome on WINDOWS (69af0932b3be591dfd7ac7319104bd47)] -> xpath: //button[@class='btn btn-primary btnred schedule-btn scb-data-layer']]
Trying to find Element By : By.xpath: //input[@class='first-name']
Found Element By : By.xpath: //input[@class='first-name']
Trying to find Element By : By.xpath: //input[@class='modilewidth']
Found Element By : By.xpath: //input[@class='modilewidth']
Trying to find Element By : By.id: insurance_category
Found Element By : By.id: insurance_category
Trying to find Element By : By.id: insurance_category
Found Element By : By.id: insurance_category
Trying to find Element By : By.id: insurance_category
Found Element By : By.id: insurance_category
Trying to find Element By : By.xpath: .//option[@value = "Health Plans"]
Found Element By : By.xpath: .//option[@value = "Health Plans"]
Trying to click on: [[[[ChromeDriver: chrome on WINDOWS (69af0932b3be591dfd7ac7319104bd47)] -> id: insurance_category]] -> xpath: .//option[@value = "Health Plans"]]
Clicked on: [[[[ChromeDriver: chrome on WINDOWS (69af0932b3be591dfd7ac7319104bd47)] -> id: insurance_category]] -> xpath: .//option[@value = "Health Plans"]]
Trying to find Element By : By.xpath: //span[@class='close-icon1']
Found Element By : By.xpath: //span[@class='close-icon1']
Trying to find Element By : By.xpath: //span[@class='close-icon1']
Found Element By : By.xpath: //span[@class='close-icon1']
Trying to click on: [[ChromeDriver: chrome on WINDOWS (69af0932b3be591dfd7ac7319104bd47)] -> xpath: //span[@class='close-icon1']]
Clicked on: [[ChromeDriver: chrome on WINDOWS (69af0932b3be591dfd7ac7319104bd47)] -> xpath: //span[@class='close-icon1']]
]]></system-out>
    <system-err><![CDATA[ERROR StatusLogger Log4j2 could not find a logging implementation. Please add log4j-core to the classpath. Using SimpleLogger to log to the console...
]]></system-err>
  </testcase>
  <testcase name="verifyschedulepopupblankSubmit" classname="SeleniumTesting.AEMhdfc.HomepageTest" time="9.866">
    <system-out><![CDATA[Trying to find Element By : By.xpath: //button[@class='btn btn-primary btnred schedule-btn scb-data-layer']
Found Element By : By.xpath: //button[@class='btn btn-primary btnred schedule-btn scb-data-layer']
Trying to click on: [[ChromeDriver: chrome on WINDOWS (69af0932b3be591dfd7ac7319104bd47)] -> xpath: //button[@class='btn btn-primary btnred schedule-btn scb-data-layer']]
Clicked on: [[ChromeDriver: chrome on WINDOWS (69af0932b3be591dfd7ac7319104bd47)] -> xpath: //button[@class='btn btn-primary btnred schedule-btn scb-data-layer']]
Trying to find Element By : By.id: scheduleCallBtn
Found Element By : By.id: scheduleCallBtn
Trying to click on: [[ChromeDriver: chrome on WINDOWS (69af0932b3be591dfd7ac7319104bd47)] -> id: scheduleCallBtn]
Clicked on: [[ChromeDriver: chrome on WINDOWS (69af0932b3be591dfd7ac7319104bd47)] -> id: scheduleCallBtn]
Trying to find Element By : By.xpath: //span[contains(text(),'Please enter valid name')]
Found Element By : By.xpath: //span[contains(text(),'Please enter valid name')]
Trying to find Element By : By.xpath: //span[contains(text(),'Please enter valid name')]
Found Element By : By.xpath: //span[contains(text(),'Please enter valid name')]
Trying to find Element By : By.xpath: //span[contains(text(),'Please enter mobile number')]
Found Element By : By.xpath: //span[contains(text(),'Please enter mobile number')]
Trying to find Element By : By.xpath: //span[contains(text(),'Please enter mobile number')]
Found Element By : By.xpath: //span[contains(text(),'Please enter mobile number')]
Trying to find Element By : By.xpath: //span[contains(text(),'Please select plan type')]
Found Element By : By.xpath: //span[contains(text(),'Please select plan type')]
Trying to find Element By : By.xpath: //span[contains(text(),'Please select plan type')]
Found Element By : By.xpath: //span[contains(text(),'Please select plan type')]
Trying to find Element By : By.className: scb-checkbox
Found Element By : By.className: scb-checkbox
Trying to find Element By : By.className: scb-checkbox
Found Element By : By.className: scb-checkbox
Trying to click on: [[ChromeDriver: chrome on WINDOWS (69af0932b3be591dfd7ac7319104bd47)] -> class name: scb-checkbox]
Clicked on: [[ChromeDriver: chrome on WINDOWS (69af0932b3be591dfd7ac7319104bd47)] -> class name: scb-checkbox]
Trying to find Element By : By.xpath: //span[@class='scb-checkbox-error error-txt']
Found Element By : By.xpath: //span[@class='scb-checkbox-error error-txt']
Trying to find Element By : By.xpath: //span[@class='close-icon1']
Found Element By : By.xpath: //span[@class='close-icon1']
Trying to find Element By : By.xpath: //span[@class='close-icon1']
Found Element By : By.xpath: //span[@class='close-icon1']
Trying to click on: [[ChromeDriver: chrome on WINDOWS (69af0932b3be591dfd7ac7319104bd47)] -> xpath: //span[@class='close-icon1']]
Clicked on: [[ChromeDriver: chrome on WINDOWS (69af0932b3be591dfd7ac7319104bd47)] -> xpath: //span[@class='close-icon1']]
]]></system-out>
  </testcase>
  <testcase name="verifyschedulePopupwithoutmindata" classname="SeleniumTesting.AEMhdfc.HomepageTest" time="6.613">
    <system-out><![CDATA[Trying to find Element By : By.xpath: //button[@class='btn btn-primary btnred schedule-btn scb-data-layer']
Found Element By : By.xpath: //button[@class='btn btn-primary btnred schedule-btn scb-data-layer']
Trying to click on: [[ChromeDriver: chrome on WINDOWS (69af0932b3be591dfd7ac7319104bd47)] -> xpath: //button[@class='btn btn-primary btnred schedule-btn scb-data-layer']]
Clicked on: [[ChromeDriver: chrome on WINDOWS (69af0932b3be591dfd7ac7319104bd47)] -> xpath: //button[@class='btn btn-primary btnred schedule-btn scb-data-layer']]
Trying to find Element By : By.xpath: //input[@class='first-name']
Found Element By : By.xpath: //input[@class='first-name']
Trying to find Element By : By.xpath: //input[@class='modilewidth']
Found Element By : By.xpath: //input[@class='modilewidth']
Trying to find Element By : By.xpath: //span[contains(text(),'Field should contain minimum 3 and max 50 characters')]
Found Element By : By.xpath: //span[contains(text(),'Field should contain minimum 3 and max 50 characters')]
Trying to find Element By : By.xpath: //span[contains(text(),'Field should contain minimum 3 and max 50 characters')]
Found Element By : By.xpath: //span[contains(text(),'Field should contain minimum 3 and max 50 characters')]
Trying to find Element By : By.xpath: //span[contains(text(),'Field should contain minimum 3 and max 50 characters')]
Found Element By : By.xpath: //span[contains(text(),'Field should contain minimum 3 and max 50 characters')]
Trying to find Element By : By.xpath: //span[contains(text(),'Please enter valid mobile number')]
Found Element By : By.xpath: //span[contains(text(),'Please enter valid mobile number')]
Trying to find Element By : By.xpath: //span[@class='close-icon1']
Found Element By : By.xpath: //span[@class='close-icon1']
Trying to find Element By : By.xpath: //span[@class='close-icon1']
Found Element By : By.xpath: //span[@class='close-icon1']
Trying to click on: [[ChromeDriver: chrome on WINDOWS (69af0932b3be591dfd7ac7319104bd47)] -> xpath: //span[@class='close-icon1']]
Clicked on: [[ChromeDriver: chrome on WINDOWS (69af0932b3be591dfd7ac7319104bd47)] -> xpath: //span[@class='close-icon1']]
]]></system-out>
  </testcase>
  <testcase name="verifycalculatorWithValidData" classname="SeleniumTesting.AEMhdfc.HomepageTest" time="43.223">
    <system-out><![CDATA[Trying to find Element By : By.xpath: //h5[contains(text(),'How Much Life Insurance')]
Found Element By : By.xpath: //h5[contains(text(),'How Much Life Insurance')]
Trying to find Element By : By.xpath: //button[@class='calculate-btn btn btn-primary btnred cal-data-layer']
Found Element By : By.xpath: //button[@class='calculate-btn btn btn-primary btnred cal-data-layer']
Trying to click on: [[ChromeDriver: chrome on WINDOWS (69af0932b3be591dfd7ac7319104bd47)] -> xpath: //button[@class='calculate-btn btn btn-primary btnred cal-data-layer']]
Clicked on: [[ChromeDriver: chrome on WINDOWS (69af0932b3be591dfd7ac7319104bd47)] -> xpath: //button[@class='calculate-btn btn btn-primary btnred cal-data-layer']]
Trying to find Element By : By.xpath: (//input[@class='years'])[1]
Found Element By : By.xpath: (//input[@class='years'])[1]
Trying to find Element By : By.xpath: (//input[@class='years'])[2]
Found Element By : By.xpath: (//input[@class='years'])[2]
Trying to find Element By : By.id: annual-income
Found Element By : By.id: annual-income
Trying to find Element By : By.id: monthly-expenses
Found Element By : By.id: monthly-expenses
Trying to find Element By : By.id: insurance-cover
Found Element By : By.id: insurance-cover
Trying to find Element By : By.id: qualification
Found Element By : By.id: qualification
Trying to find Element By : By.xpath: .//option[@value = "graduate"]
Found Element By : By.xpath: .//option[@value = "graduate"]
Trying to find Element By : By.id: liabilities
Found Element By : By.id: liabilities
Trying to find Element By : By.xpath: .//option[@value = "0"]
Found Element By : By.xpath: .//option[@value = "0"]
Trying to find Element By : By.id: calculateHlv
Found Element By : By.id: calculateHlv
Trying to click on: [[ChromeDriver: chrome on WINDOWS (69af0932b3be591dfd7ac7319104bd47)] -> id: calculateHlv]
Clicked on: [[ChromeDriver: chrome on WINDOWS (69af0932b3be591dfd7ac7319104bd47)] -> id: calculateHlv]
Trying to find Element By : By.xpath: //section[@class='calculator-section calculateSection']//h2[1]
Found Element By : By.xpath: //section[@class='calculator-section calculateSection']//h2[1]
Trying to find Element By : By.xpath: //p[contains(text(),'Your Required life cover to protect your family’s ')]
Found Element By : By.xpath: //p[contains(text(),'Your Required life cover to protect your family’s ')]
Trying to find Element By : By.xpath: //a[@class='siteButton btnred']
Found Element By : By.xpath: //a[@class='siteButton btnred']
Trying to find Element By : By.xpath: //div[@class='recomendPlans']//a[1]
Found Element By : By.xpath: //div[@class='recomendPlans']//a[1]
Trying to find Element By : By.xpath: //div[@class='recomendPlans']//a[1]
Found Element By : By.xpath: //div[@class='recomendPlans']//a[1]
Trying to click on: [[ChromeDriver: chrome on WINDOWS (69af0932b3be591dfd7ac7319104bd47)] -> xpath: //div[@class='recomendPlans']//a[1]]
Clicked on: [[ChromeDriver: chrome on WINDOWS (69af0932b3be591dfd7ac7319104bd47)] -> xpath: //div[@class='recomendPlans']//a[1]]
Navigating back to previous page
Navigated back to previous page
Trying to find Element By : By.xpath: //button[@class='calculate-btn btn btn-primary btnred cal-data-layer']
Found Element By : By.xpath: //button[@class='calculate-btn btn btn-primary btnred cal-data-layer']
Trying to click on: [[ChromeDriver: chrome on WINDOWS (69af0932b3be591dfd7ac7319104bd47)] -> xpath: //button[@class='calculate-btn btn btn-primary btnred cal-data-layer']]
Clicked on: [[ChromeDriver: chrome on WINDOWS (69af0932b3be591dfd7ac7319104bd47)] -> xpath: //button[@class='calculate-btn btn btn-primary btnred cal-data-layer']]
Trying to find Element By : By.xpath: (//input[@class='years'])[1]
Found Element By : By.xpath: (//input[@class='years'])[1]
Trying to find Element By : By.xpath: (//input[@class='years'])[2]
Found Element By : By.xpath: (//input[@class='years'])[2]
Trying to find Element By : By.id: annual-income
Found Element By : By.id: annual-income
Trying to find Element By : By.id: monthly-expenses
Found Element By : By.id: monthly-expenses
Trying to find Element By : By.id: insurance-cover
Found Element By : By.id: insurance-cover
Trying to find Element By : By.id: qualification
Found Element By : By.id: qualification
Trying to find Element By : By.xpath: .//option[@value = "graduate"]
Found Element By : By.xpath: .//option[@value = "graduate"]
Trying to find Element By : By.id: liabilities
Found Element By : By.id: liabilities
Trying to find Element By : By.xpath: .//option[@value = "0"]
Found Element By : By.xpath: .//option[@value = "0"]
Trying to find Element By : By.id: calculateHlv
Found Element By : By.id: calculateHlv
Trying to click on: [[ChromeDriver: chrome on WINDOWS (69af0932b3be591dfd7ac7319104bd47)] -> id: calculateHlv]
Clicked on: [[ChromeDriver: chrome on WINDOWS (69af0932b3be591dfd7ac7319104bd47)] -> id: calculateHlv]
Trying to find Element By : By.xpath: //a[@class='siteButton btnred']
Found Element By : By.xpath: //a[@class='siteButton btnred']
Trying to click on: [[ChromeDriver: chrome on WINDOWS (69af0932b3be591dfd7ac7319104bd47)] -> xpath: //a[@class='siteButton btnred']]
Clicked on: [[ChromeDriver: chrome on WINDOWS (69af0932b3be591dfd7ac7319104bd47)] -> xpath: //a[@class='siteButton btnred']]
Navigating back to previous page
Navigated back to previous page
]]></system-out>
  </testcase>
  <testcase name="verifyCalculatorCloseBtn" classname="SeleniumTesting.AEMhdfc.HomepageTest" time="9.429">
    <system-out><![CDATA[Trying to find Element By : By.xpath: //button[@class='calculate-btn btn btn-primary btnred cal-data-layer']
Found Element By : By.xpath: //button[@class='calculate-btn btn btn-primary btnred cal-data-layer']
Trying to click on: [[ChromeDriver: chrome on WINDOWS (69af0932b3be591dfd7ac7319104bd47)] -> xpath: //button[@class='calculate-btn btn btn-primary btnred cal-data-layer']]
Clicked on: [[ChromeDriver: chrome on WINDOWS (69af0932b3be591dfd7ac7319104bd47)] -> xpath: //button[@class='calculate-btn btn btn-primary btnred cal-data-layer']]
Trying to find Element By : By.xpath: //span[@class='close-icon calculateClose']
Found Element By : By.xpath: //span[@class='close-icon calculateClose']
Trying to find Element By : By.xpath: //span[@class='close-icon calculateClose']
Found Element By : By.xpath: //span[@class='close-icon calculateClose']
Trying to click on: [[ChromeDriver: chrome on WINDOWS (69af0932b3be591dfd7ac7319104bd47)] -> xpath: //span[@class='close-icon calculateClose']]
Clicked on: [[ChromeDriver: chrome on WINDOWS (69af0932b3be591dfd7ac7319104bd47)] -> xpath: //span[@class='close-icon calculateClose']]
]]></system-out>
  </testcase>
  <testcase name="verifySanchayPlusBuyNowBtn" classname="SeleniumTesting.AEMhdfc.HomepageTest" time="12.521">
    <system-out><![CDATA[Trying to find Element By : By.xpath: //a[@data-button-name='BUY NOW']
Found Element By : By.xpath: //a[@data-button-name='BUY NOW']
Trying to find Element By : By.xpath: //a[@data-button-name='BUY NOW']
Found Element By : By.xpath: //a[@data-button-name='BUY NOW']
Trying to click on: [[ChromeDriver: chrome on WINDOWS (69af0932b3be591dfd7ac7319104bd47)] -> xpath: //a[@data-button-name='BUY NOW']]
Clicked on: [[ChromeDriver: chrome on WINDOWS (69af0932b3be591dfd7ac7319104bd47)] -> xpath: //a[@data-button-name='BUY NOW']]
]]></system-out>
  </testcase>
  <testcase name="verifyDisclaimer" classname="SeleniumTesting.AEMhdfc.HomepageTest" time="6.205">
    <system-out><![CDATA[Trying to find Element By : By.xpath: //a[@data-toggle='collapse']
Found Element By : By.xpath: //a[@data-toggle='collapse']
Trying to find Element By : By.xpath: //a[@data-toggle='collapse']
Found Element By : By.xpath: //a[@data-toggle='collapse']
Trying to find Element By : By.xpath: //a[@data-toggle='collapse']
Found Element By : By.xpath: //a[@data-toggle='collapse']
Trying to click on: [[ChromeDriver: chrome on WINDOWS (69af0932b3be591dfd7ac7319104bd47)] -> xpath: //a[@data-toggle='collapse']]
Clicked on: [[ChromeDriver: chrome on WINDOWS (69af0932b3be591dfd7ac7319104bd47)] -> xpath: //a[@data-toggle='collapse']]
]]></system-out>
  </testcase>
  <testcase name="verifyProductAndPopularLinks" classname="SeleniumTesting.AEMhdfc.HomepageTest" time="6.807">
    <system-out><![CDATA[Popular and Product Listing Footer link check started
Trying to find Element By : By.cssSelector: .wrapper.footerMenuSec a
Found Element By : By.cssSelector: .wrapper.footerMenuSec a
https://www.hdfclife.com/term-insurance-plans------>OK
https://www.hdfclife.com/ulip-plans------>OK
https://onlinepayments.hdfclife.com/HDFCLife/quick_pay.html?source=NW_HP_PP_POPLinks&agentcode=00399206&utm_medium=website&utm_source=home-page&utm_campaign&utm_content=banner&prod=PP------>OK
https://myaccount.hdfclife.com/?source=NW_HP_MyACC_POPLinks&agentcode=00399206&utm_medium=website&utm_source=home-page&utm_campaign&utm_content=banner&prod=MyACC------>OK
https://www.hdfclife.com/fund-performance------>OK
https://www.hdfclife.com/term-insurance-plans/click-2-protect-life------>OK
https://www.hdfclife.com/term-insurance-plans/saral-jeevan-bima------>OK
https://www.hdfclife.com/term-insurance-plans------>OK
https://www.hdfclife.com/ulip-plans/click-2-wealth-ulip-plan------>OK
https://www.hdfclife.com/ulip-plans/click-2-invest-ulip-plan------>OK
https://www.hdfclife.com/ulip-plans/progrowth-plus-ulip-plan------>OK
https://www.hdfclife.com/ulip-plans------>OK
https://www.hdfclife.com/children-insurance-plans/youngstar-super-premium------>OK
https://www.hdfclife.com/children-insurance-plans/youngstar-udaan------>OK
https://www.hdfclife.com/children-insurance-plans------>OK
https://www.hdfclife.com/savings-plans/pos-guaranteed-savings-plan------>OK
https://www.hdfclife.com/retirement-and-pension-plans/pension-guaranteed-plan------>OK
https://www.hdfclife.com/retirement-and-pension-plans/new-immediate-annuity-plan------>OK
https://www.hdfclife.com/retirement-and-pension-plans/guaranteed-pension-plan------>OK
https://www.hdfclife.com/retirement-and-pension-plans/click-2-retire------>OK
https://www.hdfclife.com/retirement-and-pension-plans------>OK
https://www.hdfclife.com/savings-plans/sanchay-fixed-maturity-plan------>OK
https://www.hdfclife.com/savings-plans/sanchay-par-advantage------>OK
https://www.hdfclife.com/savings-plans/sanchay-plus------>OK
https://www.hdfclife.com/savings-plans------>OK
https://www.hdfclife.com/health-insurance-plans/click-2-protect-corona-kavach------>OK
https://www.hdfclife.com/health-insurance-plans/click-2-protect-health-plan------>OK
https://www.hdfclife.com/health-insurance-plans/cancer-care-insurance------>OK
https://www.hdfclife.com/health-insurance-plans/cardiac-care------>OK
https://www.hdfclife.com/health-insurance-plans------>OK
https://www.hdfclife.com/sanchay-maximiser------>OK
Popular and Product Listing Footer link check ended
]]></system-out>
  </testcase>
  <testcase name="verifyStayConnectedwithUs" classname="SeleniumTesting.AEMhdfc.HomepageTest" time="8.786">
    <system-out><![CDATA[Stay Connected With Us Footer link check started
Trying to find Element By : By.cssSelector: .stayConnectedSec.footerFormBlk a
Found Element By : By.cssSelector: .stayConnectedSec.footerFormBlk a
Trying to find Element By : By.cssSelector: .stayConnectedSec.footerFormBlk a
Found Element By : By.cssSelector: .stayConnectedSec.footerFormBlk a
Trying to find Element By : By.cssSelector: .stayConnectedSec.footerFormBlk a
Found Element By : By.cssSelector: .stayConnectedSec.footerFormBlk a
Trying to find Element By : By.cssSelector: .stayConnectedSec.footerFormBlk a
Found Element By : By.cssSelector: .stayConnectedSec.footerFormBlk a
Trying to find Element By : By.cssSelector: .stayConnectedSec.footerFormBlk a
Found Element By : By.cssSelector: .stayConnectedSec.footerFormBlk a
Trying to find Element By : By.cssSelector: .stayConnectedSec.footerFormBlk a
Found Element By : By.cssSelector: .stayConnectedSec.footerFormBlk a
Trying to find Element By : By.cssSelector: .stayConnectedSec.footerFormBlk a
Found Element By : By.cssSelector: .stayConnectedSec.footerFormBlk a
Trying to find Element By : By.cssSelector: .stayConnectedSec.footerFormBlk a
Found Element By : By.cssSelector: .stayConnectedSec.footerFormBlk a
Trying to find Element By : By.cssSelector: .stayConnectedSec.footerFormBlk a
Found Element By : By.cssSelector: .stayConnectedSec.footerFormBlk a
Trying to find Element By : By.cssSelector: .stayConnectedSec.footerFormBlk a
Found Element By : By.cssSelector: .stayConnectedSec.footerFormBlk a
Trying to find Element By : By.cssSelector: .stayConnectedSec.footerFormBlk a
Found Element By : By.cssSelector: .stayConnectedSec.footerFormBlk a
Trying to find Element By : By.cssSelector: .stayConnectedSec.footerFormBlk a
Found Element By : By.cssSelector: .stayConnectedSec.footerFormBlk a
Trying to find Element By : By.cssSelector: .stayConnectedSec.footerFormBlk a
Found Element By : By.cssSelector: .stayConnectedSec.footerFormBlk a
Trying to find Element By : By.cssSelector: .stayConnectedSec.footerFormBlk a
Found Element By : By.cssSelector: .stayConnectedSec.footerFormBlk a
Trying to find Element By : By.cssSelector: .stayConnectedSec.footerFormBlk a
Found Element By : By.cssSelector: .stayConnectedSec.footerFormBlk a
Trying to find Element By : By.cssSelector: .stayConnectedSec.footerFormBlk a
Found Element By : By.cssSelector: .stayConnectedSec.footerFormBlk a
Trying to find Element By : By.cssSelector: .stayConnectedSec.footerFormBlk a
Found Element By : By.cssSelector: .stayConnectedSec.footerFormBlk a
Trying to find Element By : By.cssSelector: .stayConnectedSec.footerFormBlk a
Found Element By : By.cssSelector: .stayConnectedSec.footerFormBlk a
Trying to find Element By : By.cssSelector: .stayConnectedSec.footerFormBlk a
Found Element By : By.cssSelector: .stayConnectedSec.footerFormBlk a
Trying to find Element By : By.cssSelector: .stayConnectedSec.footerFormBlk a
Found Element By : By.cssSelector: .stayConnectedSec.footerFormBlk a
Trying to find Element By : By.cssSelector: .stayConnectedSec.footerFormBlk a
Found Element By : By.cssSelector: .stayConnectedSec.footerFormBlk a
Trying to find Element By : By.cssSelector: .stayConnectedSec.footerFormBlk a
Found Element By : By.cssSelector: .stayConnectedSec.footerFormBlk a
Trying to find Element By : By.cssSelector: .stayConnectedSec.footerFormBlk a
Found Element By : By.cssSelector: .stayConnectedSec.footerFormBlk a
Trying to find Element By : By.cssSelector: .stayConnectedSec.footerFormBlk a
Found Element By : By.cssSelector: .stayConnectedSec.footerFormBlk a
Trying to find Element By : By.cssSelector: .stayConnectedSec.footerFormBlk a
Found Element By : By.cssSelector: .stayConnectedSec.footerFormBlk a
https://www.facebook.com/HDFClife------>OK
https://www.linkedin.com/company/hdfc-life------>Request denied
https://twitter.com/HDFClife------>OK
https://www.youtube.com/user/hdfclife10------>OK
https://www.instagram.com/hdfclife/------>OK
https://www.slideshare.net/hdfclife------>OK
Stay Connected With Us Footer link check ended
]]></system-out>
  </testcase>
  <testcase name="verifyDownloadLinks" classname="SeleniumTesting.AEMhdfc.HomepageTest" time="12.531">
    <system-out><![CDATA[Trying to find Element By : By.xpath: //a[@class='appleIcon']
Found Element By : By.xpath: //a[@class='appleIcon']
Trying to click on: [[ChromeDriver: chrome on WINDOWS (69af0932b3be591dfd7ac7319104bd47)] -> xpath: //a[@class='appleIcon']]
Clicked on: [[ChromeDriver: chrome on WINDOWS (69af0932b3be591dfd7ac7319104bd47)] -> xpath: //a[@class='appleIcon']]
Trying to find Element By : By.xpath: (//a[@data-position='Download App Icon'])[2]
Found Element By : By.xpath: (//a[@data-position='Download App Icon'])[2]
Trying to click on: [[ChromeDriver: chrome on WINDOWS (69af0932b3be591dfd7ac7319104bd47)] -> xpath: (//a[@data-position='Download App Icon'])[2]]
Clicked on: [[ChromeDriver: chrome on WINDOWS (69af0932b3be591dfd7ac7319104bd47)] -> xpath: (//a[@data-position='Download App Icon'])[2]]
]]></system-out>
  </testcase>
  <testcase name="verifySubscribeOptionWithValidData" classname="SeleniumTesting.AEMhdfc.HomepageTest" time="9.344">
    <system-out><![CDATA[Trying to find Element By : By.className: emailAddress
Found Element By : By.className: emailAddress
Trying to find Element By : By.className: emailAddress
Found Element By : By.className: emailAddress
Trying to click on: [[ChromeDriver: chrome on WINDOWS (69af0932b3be591dfd7ac7319104bd47)] -> class name: emailAddress]
Clicked on: [[ChromeDriver: chrome on WINDOWS (69af0932b3be591dfd7ac7319104bd47)] -> class name: emailAddress]
Trying to find Element By : By.id: subscribeButton
Found Element By : By.id: subscribeButton
Trying to find Element By : By.className: emailAddress
Found Element By : By.className: emailAddress
Trying to find Element By : By.id: subscribeButton
Found Element By : By.id: subscribeButton
Trying to click on: [[ChromeDriver: chrome on WINDOWS (69af0932b3be591dfd7ac7319104bd47)] -> id: subscribeButton]
Clicked on: [[ChromeDriver: chrome on WINDOWS (69af0932b3be591dfd7ac7319104bd47)] -> id: subscribeButton]
Trying to find Element By : By.xpath: //span[@class='message-success-subscribe']
Found Element By : By.xpath: //span[@class='message-success-subscribe']
Trying to find Element By : By.xpath: //span[@class='message-success-subscribe']
Found Element By : By.xpath: //span[@class='message-success-subscribe']
]]></system-out>
  </testcase>
  <testcase name="verifyGroupWebsitesLinks" classname="SeleniumTesting.AEMhdfc.HomepageTest" time="29.419">
    <system-out><![CDATA[Group Websites link check started
Trying to find Element By : By.cssSelector: .wrapper.externalLinks a
Found Element By : By.cssSelector: .wrapper.externalLinks a
Trying to find Element By : By.cssSelector: .wrapper.externalLinks a
Found Element By : By.cssSelector: .wrapper.externalLinks a
Trying to find Element By : By.cssSelector: .wrapper.externalLinks a
Found Element By : By.cssSelector: .wrapper.externalLinks a
Trying to find Element By : By.cssSelector: .wrapper.externalLinks a
Found Element By : By.cssSelector: .wrapper.externalLinks a
Trying to find Element By : By.cssSelector: .wrapper.externalLinks a
Found Element By : By.cssSelector: .wrapper.externalLinks a
Trying to find Element By : By.cssSelector: .wrapper.externalLinks a
Found Element By : By.cssSelector: .wrapper.externalLinks a
Trying to find Element By : By.cssSelector: .wrapper.externalLinks a
Found Element By : By.cssSelector: .wrapper.externalLinks a
Trying to find Element By : By.cssSelector: .wrapper.externalLinks a
Found Element By : By.cssSelector: .wrapper.externalLinks a
Trying to find Element By : By.cssSelector: .wrapper.externalLinks a
Found Element By : By.cssSelector: .wrapper.externalLinks a
Trying to find Element By : By.cssSelector: .wrapper.externalLinks a
Found Element By : By.cssSelector: .wrapper.externalLinks a
Trying to find Element By : By.cssSelector: .wrapper.externalLinks a
Found Element By : By.cssSelector: .wrapper.externalLinks a
Trying to find Element By : By.cssSelector: .wrapper.externalLinks a
Found Element By : By.cssSelector: .wrapper.externalLinks a
Trying to find Element By : By.cssSelector: .wrapper.externalLinks a
Found Element By : By.cssSelector: .wrapper.externalLinks a
Trying to find Element By : By.cssSelector: .wrapper.externalLinks a
Found Element By : By.cssSelector: .wrapper.externalLinks a
Trying to find Element By : By.cssSelector: .wrapper.externalLinks a
Found Element By : By.cssSelector: .wrapper.externalLinks a
Trying to find Element By : By.cssSelector: .wrapper.externalLinks a
Found Element By : By.cssSelector: .wrapper.externalLinks a
Trying to find Element By : By.cssSelector: .wrapper.externalLinks a
Found Element By : By.cssSelector: .wrapper.externalLinks a
Trying to find Element By : By.cssSelector: .wrapper.externalLinks a
Found Element By : By.cssSelector: .wrapper.externalLinks a
Trying to find Element By : By.cssSelector: .wrapper.externalLinks a
Found Element By : By.cssSelector: .wrapper.externalLinks a
Trying to find Element By : By.cssSelector: .wrapper.externalLinks a
Found Element By : By.cssSelector: .wrapper.externalLinks a
Trying to find Element By : By.cssSelector: .wrapper.externalLinks a
Found Element By : By.cssSelector: .wrapper.externalLinks a
Trying to find Element By : By.cssSelector: .wrapper.externalLinks a
Found Element By : By.cssSelector: .wrapper.externalLinks a
Trying to find Element By : By.cssSelector: .wrapper.externalLinks a
Found Element By : By.cssSelector: .wrapper.externalLinks a
Trying to find Element By : By.cssSelector: .wrapper.externalLinks a
Found Element By : By.cssSelector: .wrapper.externalLinks a
Trying to find Element By : By.cssSelector: .wrapper.externalLinks a
Found Element By : By.cssSelector: .wrapper.externalLinks a
Trying to find Element By : By.cssSelector: .wrapper.externalLinks a
Found Element By : By.cssSelector: .wrapper.externalLinks a
Trying to find Element By : By.cssSelector: .wrapper.externalLinks a
Found Element By : By.cssSelector: .wrapper.externalLinks a
Trying to find Element By : By.cssSelector: .wrapper.externalLinks a
Found Element By : By.cssSelector: .wrapper.externalLinks a
Trying to find Element By : By.cssSelector: .wrapper.externalLinks a
Found Element By : By.cssSelector: .wrapper.externalLinks a
Trying to find Element By : By.cssSelector: .wrapper.externalLinks a
Found Element By : By.cssSelector: .wrapper.externalLinks a
Trying to find Element By : By.cssSelector: .wrapper.externalLinks a
Found Element By : By.cssSelector: .wrapper.externalLinks a
Trying to find Element By : By.cssSelector: .wrapper.externalLinks a
Found Element By : By.cssSelector: .wrapper.externalLinks a
Trying to find Element By : By.cssSelector: .wrapper.externalLinks a
Found Element By : By.cssSelector: .wrapper.externalLinks a
Trying to find Element By : By.cssSelector: .wrapper.externalLinks a
Found Element By : By.cssSelector: .wrapper.externalLinks a
Trying to find Element By : By.cssSelector: .wrapper.externalLinks a
Found Element By : By.cssSelector: .wrapper.externalLinks a
Trying to find Element By : By.cssSelector: .wrapper.externalLinks a
Found Element By : By.cssSelector: .wrapper.externalLinks a
Trying to find Element By : By.cssSelector: .wrapper.externalLinks a
Found Element By : By.cssSelector: .wrapper.externalLinks a
Trying to find Element By : By.cssSelector: .wrapper.externalLinks a
Found Element By : By.cssSelector: .wrapper.externalLinks a
Trying to find Element By : By.cssSelector: .wrapper.externalLinks a
Found Element By : By.cssSelector: .wrapper.externalLinks a
Trying to find Element By : By.cssSelector: .wrapper.externalLinks a
Found Element By : By.cssSelector: .wrapper.externalLinks a
Trying to find Element By : By.cssSelector: .wrapper.externalLinks a
Found Element By : By.cssSelector: .wrapper.externalLinks a
Trying to find Element By : By.cssSelector: .wrapper.externalLinks a
Found Element By : By.cssSelector: .wrapper.externalLinks a
Trying to find Element By : By.cssSelector: .wrapper.externalLinks a
Found Element By : By.cssSelector: .wrapper.externalLinks a
Trying to find Element By : By.cssSelector: .wrapper.externalLinks a
Found Element By : By.cssSelector: .wrapper.externalLinks a
Trying to find Element By : By.cssSelector: .wrapper.externalLinks a
Found Element By : By.cssSelector: .wrapper.externalLinks a
Trying to find Element By : By.cssSelector: .wrapper.externalLinks a
Found Element By : By.cssSelector: .wrapper.externalLinks a
Trying to find Element By : By.cssSelector: .wrapper.externalLinks a
Found Element By : By.cssSelector: .wrapper.externalLinks a
Trying to find Element By : By.cssSelector: .wrapper.externalLinks a
Found Element By : By.cssSelector: .wrapper.externalLinks a
Trying to find Element By : By.cssSelector: .wrapper.externalLinks a
Found Element By : By.cssSelector: .wrapper.externalLinks a
Trying to find Element By : By.cssSelector: .wrapper.externalLinks a
Found Element By : By.cssSelector: .wrapper.externalLinks a
Trying to find Element By : By.cssSelector: .wrapper.externalLinks a
Found Element By : By.cssSelector: .wrapper.externalLinks a
Trying to find Element By : By.cssSelector: .wrapper.externalLinks a
Found Element By : By.cssSelector: .wrapper.externalLinks a
Trying to find Element By : By.cssSelector: .wrapper.externalLinks a
Found Element By : By.cssSelector: .wrapper.externalLinks a
Trying to find Element By : By.cssSelector: .wrapper.externalLinks a
Found Element By : By.cssSelector: .wrapper.externalLinks a
Trying to find Element By : By.cssSelector: .wrapper.externalLinks a
Found Element By : By.cssSelector: .wrapper.externalLinks a
Trying to find Element By : By.cssSelector: .wrapper.externalLinks a
Found Element By : By.cssSelector: .wrapper.externalLinks a
Trying to find Element By : By.cssSelector: .wrapper.externalLinks a
Found Element By : By.cssSelector: .wrapper.externalLinks a
Trying to find Element By : By.cssSelector: .wrapper.externalLinks a
Found Element By : By.cssSelector: .wrapper.externalLinks a
Trying to find Element By : By.cssSelector: .wrapper.externalLinks a
Found Element By : By.cssSelector: .wrapper.externalLinks a
Trying to find Element By : By.cssSelector: .wrapper.externalLinks a
Found Element By : By.cssSelector: .wrapper.externalLinks a
Trying to find Element By : By.cssSelector: .wrapper.externalLinks a
Found Element By : By.cssSelector: .wrapper.externalLinks a
Trying to find Element By : By.cssSelector: .wrapper.externalLinks a
Found Element By : By.cssSelector: .wrapper.externalLinks a
Trying to find Element By : By.cssSelector: .wrapper.externalLinks a
Found Element By : By.cssSelector: .wrapper.externalLinks a
Trying to find Element By : By.cssSelector: .wrapper.externalLinks a
Found Element By : By.cssSelector: .wrapper.externalLinks a
Trying to find Element By : By.cssSelector: .wrapper.externalLinks a
Found Element By : By.cssSelector: .wrapper.externalLinks a
Trying to find Element By : By.cssSelector: .wrapper.externalLinks a
Found Element By : By.cssSelector: .wrapper.externalLinks a
Trying to find Element By : By.cssSelector: .wrapper.externalLinks a
Found Element By : By.cssSelector: .wrapper.externalLinks a
Trying to find Element By : By.cssSelector: .wrapper.externalLinks a
Found Element By : By.cssSelector: .wrapper.externalLinks a
Trying to find Element By : By.cssSelector: .wrapper.externalLinks a
Found Element By : By.cssSelector: .wrapper.externalLinks a
Trying to find Element By : By.cssSelector: .wrapper.externalLinks a
Found Element By : By.cssSelector: .wrapper.externalLinks a
Trying to find Element By : By.cssSelector: .wrapper.externalLinks a
Found Element By : By.cssSelector: .wrapper.externalLinks a
Trying to find Element By : By.cssSelector: .wrapper.externalLinks a
Found Element By : By.cssSelector: .wrapper.externalLinks a
Trying to find Element By : By.cssSelector: .wrapper.externalLinks a
Found Element By : By.cssSelector: .wrapper.externalLinks a
Trying to find Element By : By.cssSelector: .wrapper.externalLinks a
Found Element By : By.cssSelector: .wrapper.externalLinks a
Trying to find Element By : By.cssSelector: .wrapper.externalLinks a
Found Element By : By.cssSelector: .wrapper.externalLinks a
Trying to find Element By : By.cssSelector: .wrapper.externalLinks a
Found Element By : By.cssSelector: .wrapper.externalLinks a
Trying to find Element By : By.cssSelector: .wrapper.externalLinks a
Found Element By : By.cssSelector: .wrapper.externalLinks a
Trying to find Element By : By.cssSelector: .wrapper.externalLinks a
Found Element By : By.cssSelector: .wrapper.externalLinks a
Trying to find Element By : By.cssSelector: .wrapper.externalLinks a
Found Element By : By.cssSelector: .wrapper.externalLinks a
Trying to find Element By : By.cssSelector: .wrapper.externalLinks a
Found Element By : By.cssSelector: .wrapper.externalLinks a
Trying to find Element By : By.cssSelector: .wrapper.externalLinks a
Found Element By : By.cssSelector: .wrapper.externalLinks a
Trying to find Element By : By.cssSelector: .wrapper.externalLinks a
Found Element By : By.cssSelector: .wrapper.externalLinks a
Trying to find Element By : By.cssSelector: .wrapper.externalLinks a
Found Element By : By.cssSelector: .wrapper.externalLinks a
Trying to find Element By : By.cssSelector: .wrapper.externalLinks a
Found Element By : By.cssSelector: .wrapper.externalLinks a
Trying to find Element By : By.cssSelector: .wrapper.externalLinks a
Found Element By : By.cssSelector: .wrapper.externalLinks a
Trying to find Element By : By.cssSelector: .wrapper.externalLinks a
Found Element By : By.cssSelector: .wrapper.externalLinks a
Trying to find Element By : By.cssSelector: .wrapper.externalLinks a
Found Element By : By.cssSelector: .wrapper.externalLinks a
Trying to find Element By : By.cssSelector: .wrapper.externalLinks a
Found Element By : By.cssSelector: .wrapper.externalLinks a
Trying to find Element By : By.cssSelector: .wrapper.externalLinks a
Found Element By : By.cssSelector: .wrapper.externalLinks a
Trying to find Element By : By.cssSelector: .wrapper.externalLinks a
Found Element By : By.cssSelector: .wrapper.externalLinks a
Trying to find Element By : By.cssSelector: .wrapper.externalLinks a
Found Element By : By.cssSelector: .wrapper.externalLinks a
Trying to find Element By : By.cssSelector: .wrapper.externalLinks a
Found Element By : By.cssSelector: .wrapper.externalLinks a
Trying to find Element By : By.cssSelector: .wrapper.externalLinks a
Found Element By : By.cssSelector: .wrapper.externalLinks a
Trying to find Element By : By.cssSelector: .wrapper.externalLinks a
Found Element By : By.cssSelector: .wrapper.externalLinks a
Trying to find Element By : By.cssSelector: .wrapper.externalLinks a
Found Element By : By.cssSelector: .wrapper.externalLinks a
Trying to find Element By : By.cssSelector: .wrapper.externalLinks a
Found Element By : By.cssSelector: .wrapper.externalLinks a
Trying to find Element By : By.cssSelector: .wrapper.externalLinks a
Found Element By : By.cssSelector: .wrapper.externalLinks a
Trying to find Element By : By.cssSelector: .wrapper.externalLinks a
Found Element By : By.cssSelector: .wrapper.externalLinks a
Trying to find Element By : By.cssSelector: .wrapper.externalLinks a
Found Element By : By.cssSelector: .wrapper.externalLinks a
Trying to find Element By : By.cssSelector: .wrapper.externalLinks a
Found Element By : By.cssSelector: .wrapper.externalLinks a
Trying to find Element By : By.cssSelector: .wrapper.externalLinks a
Found Element By : By.cssSelector: .wrapper.externalLinks a
Trying to find Element By : By.cssSelector: .wrapper.externalLinks a
Found Element By : By.cssSelector: .wrapper.externalLinks a
Trying to find Element By : By.cssSelector: .wrapper.externalLinks a
Found Element By : By.cssSelector: .wrapper.externalLinks a
Trying to find Element By : By.cssSelector: .wrapper.externalLinks a
Found Element By : By.cssSelector: .wrapper.externalLinks a
Trying to find Element By : By.cssSelector: .wrapper.externalLinks a
Found Element By : By.cssSelector: .wrapper.externalLinks a
Trying to find Element By : By.cssSelector: .wrapper.externalLinks a
Found Element By : By.cssSelector: .wrapper.externalLinks a
Trying to find Element By : By.cssSelector: .wrapper.externalLinks a
Found Element By : By.cssSelector: .wrapper.externalLinks a
Trying to find Element By : By.cssSelector: .wrapper.externalLinks a
Found Element By : By.cssSelector: .wrapper.externalLinks a
Trying to find Element By : By.cssSelector: .wrapper.externalLinks a
Found Element By : By.cssSelector: .wrapper.externalLinks a
Trying to find Element By : By.cssSelector: .wrapper.externalLinks a
Found Element By : By.cssSelector: .wrapper.externalLinks a
Trying to find Element By : By.cssSelector: .wrapper.externalLinks a
Found Element By : By.cssSelector: .wrapper.externalLinks a
Trying to find Element By : By.cssSelector: .wrapper.externalLinks a
Found Element By : By.cssSelector: .wrapper.externalLinks a
Trying to find Element By : By.cssSelector: .wrapper.externalLinks a
Found Element By : By.cssSelector: .wrapper.externalLinks a
Trying to find Element By : By.cssSelector: .wrapper.externalLinks a
Found Element By : By.cssSelector: .wrapper.externalLinks a
Trying to find Element By : By.cssSelector: .wrapper.externalLinks a
Found Element By : By.cssSelector: .wrapper.externalLinks a
Trying to find Element By : By.cssSelector: .wrapper.externalLinks a
Found Element By : By.cssSelector: .wrapper.externalLinks a
Trying to find Element By : By.cssSelector: .wrapper.externalLinks a
Found Element By : By.cssSelector: .wrapper.externalLinks a
Trying to find Element By : By.cssSelector: .wrapper.externalLinks a
Found Element By : By.cssSelector: .wrapper.externalLinks a
Trying to find Element By : By.cssSelector: .wrapper.externalLinks a
Found Element By : By.cssSelector: .wrapper.externalLinks a
Trying to find Element By : By.cssSelector: .wrapper.externalLinks a
Found Element By : By.cssSelector: .wrapper.externalLinks a
Trying to find Element By : By.cssSelector: .wrapper.externalLinks a
Found Element By : By.cssSelector: .wrapper.externalLinks a
Trying to find Element By : By.cssSelector: .wrapper.externalLinks a
Found Element By : By.cssSelector: .wrapper.externalLinks a
Trying to find Element By : By.cssSelector: .wrapper.externalLinks a
Found Element By : By.cssSelector: .wrapper.externalLinks a
Trying to find Element By : By.cssSelector: .wrapper.externalLinks a
Found Element By : By.cssSelector: .wrapper.externalLinks a
Trying to find Element By : By.cssSelector: .wrapper.externalLinks a
Found Element By : By.cssSelector: .wrapper.externalLinks a
Trying to find Element By : By.cssSelector: .wrapper.externalLinks a
Found Element By : By.cssSelector: .wrapper.externalLinks a
Trying to find Element By : By.cssSelector: .wrapper.externalLinks a
Found Element By : By.cssSelector: .wrapper.externalLinks a
Trying to find Element By : By.cssSelector: .wrapper.externalLinks a
Found Element By : By.cssSelector: .wrapper.externalLinks a
Trying to find Element By : By.cssSelector: .wrapper.externalLinks a
Found Element By : By.cssSelector: .wrapper.externalLinks a
Trying to find Element By : By.cssSelector: .wrapper.externalLinks a
Found Element By : By.cssSelector: .wrapper.externalLinks a
Trying to find Element By : By.cssSelector: .wrapper.externalLinks a
Found Element By : By.cssSelector: .wrapper.externalLinks a
Trying to find Element By : By.cssSelector: .wrapper.externalLinks a
Found Element By : By.cssSelector: .wrapper.externalLinks a
Trying to find Element By : By.cssSelector: .wrapper.externalLinks a
Found Element By : By.cssSelector: .wrapper.externalLinks a
Trying to find Element By : By.cssSelector: .wrapper.externalLinks a
Found Element By : By.cssSelector: .wrapper.externalLinks a
Trying to find Element By : By.cssSelector: .wrapper.externalLinks a
Found Element By : By.cssSelector: .wrapper.externalLinks a
Trying to find Element By : By.cssSelector: .wrapper.externalLinks a
Found Element By : By.cssSelector: .wrapper.externalLinks a
Trying to find Element By : By.cssSelector: .wrapper.externalLinks a
Found Element By : By.cssSelector: .wrapper.externalLinks a
Trying to find Element By : By.cssSelector: .wrapper.externalLinks a
Found Element By : By.cssSelector: .wrapper.externalLinks a
Trying to find Element By : By.cssSelector: .wrapper.externalLinks a
Found Element By : By.cssSelector: .wrapper.externalLinks a
Trying to find Element By : By.cssSelector: .wrapper.externalLinks a
Found Element By : By.cssSelector: .wrapper.externalLinks a
Trying to find Element By : By.cssSelector: .wrapper.externalLinks a
Found Element By : By.cssSelector: .wrapper.externalLinks a
Trying to find Element By : By.cssSelector: .wrapper.externalLinks a
Found Element By : By.cssSelector: .wrapper.externalLinks a
Trying to find Element By : By.cssSelector: .wrapper.externalLinks a
Found Element By : By.cssSelector: .wrapper.externalLinks a
Trying to find Element By : By.cssSelector: .wrapper.externalLinks a
Found Element By : By.cssSelector: .wrapper.externalLinks a
Trying to find Element By : By.cssSelector: .wrapper.externalLinks a
Found Element By : By.cssSelector: .wrapper.externalLinks a
Trying to find Element By : By.cssSelector: .wrapper.externalLinks a
Found Element By : By.cssSelector: .wrapper.externalLinks a
Trying to find Element By : By.cssSelector: .wrapper.externalLinks a
Found Element By : By.cssSelector: .wrapper.externalLinks a
Trying to find Element By : By.cssSelector: .wrapper.externalLinks a
Found Element By : By.cssSelector: .wrapper.externalLinks a
Trying to find Element By : By.cssSelector: .wrapper.externalLinks a
Found Element By : By.cssSelector: .wrapper.externalLinks a
Trying to find Element By : By.cssSelector: .wrapper.externalLinks a
Found Element By : By.cssSelector: .wrapper.externalLinks a
Trying to find Element By : By.cssSelector: .wrapper.externalLinks a
Found Element By : By.cssSelector: .wrapper.externalLinks a
Trying to find Element By : By.cssSelector: .wrapper.externalLinks a
Found Element By : By.cssSelector: .wrapper.externalLinks a
Trying to find Element By : By.cssSelector: .wrapper.externalLinks a
Found Element By : By.cssSelector: .wrapper.externalLinks a
Trying to find Element By : By.cssSelector: .wrapper.externalLinks a
Found Element By : By.cssSelector: .wrapper.externalLinks a
Trying to find Element By : By.cssSelector: .wrapper.externalLinks a
Found Element By : By.cssSelector: .wrapper.externalLinks a
Trying to find Element By : By.cssSelector: .wrapper.externalLinks a
Found Element By : By.cssSelector: .wrapper.externalLinks a
Trying to find Element By : By.cssSelector: .wrapper.externalLinks a
Found Element By : By.cssSelector: .wrapper.externalLinks a
Trying to find Element By : By.cssSelector: .wrapper.externalLinks a
Found Element By : By.cssSelector: .wrapper.externalLinks a
Trying to find Element By : By.cssSelector: .wrapper.externalLinks a
Found Element By : By.cssSelector: .wrapper.externalLinks a
Trying to find Element By : By.cssSelector: .wrapper.externalLinks a
Found Element By : By.cssSelector: .wrapper.externalLinks a
Trying to find Element By : By.cssSelector: .wrapper.externalLinks a
Found Element By : By.cssSelector: .wrapper.externalLinks a
https://www.hdfc.com/------>OK
http://www.hdfcbank.com/------>Moved Permanently
http://www.hdfcsec.com/------>Moved Permanently
http://www.hdfcfund.com/------>Moved Permanently
https://www.hdfcpension.com/------>OK
https://www.hdfcergo.com/------>OK
http://www.hdbfs.com/------>Moved Permanently
http://hdfcrealty.com/------>OK
http://www.hdfcpropertyfund.com/------>OK
http://www.hdfclifere.com/------>Moved Permanently
http://www.credila.com/------>OK
https://www.hdfcsales.com/------>OK
https://myaccount.hdfclife.com/portal.do?_portalid=cpRegistrationLink&_pageid=cp_dndPage------>OK
https://www.hdfclife.com/disclaimer------>OK
https://www.hdfclife.com/privacy-policy------>OK
https://www.hdfclife.com/terms-and-conditions------>OK
https://www.hdfclife.com/content/hdfclifeinsurancecompany/in/en/about-us#investorRelations------>Moved Permanently
https://www.hdfclife.com/irda-public-notice-on-spurious-calls------>OK
https://www.hdfclife.com/content/hdfclifeinsurancecompany/in/en/customer-service/insurance-notice-corner------>Moved Permanently
https://www.hdfclife.com/content/hdfclifeinsurancecompany/in/en/customer-service/claims/unclaimed-policyholder-payment-dues-amount-disclosure------>Moved Permanently
https://www.irdai.gov.in/Defaulthome.aspx?page=H1------>OK
https://www.irdai.gov.in/ADMINCMS/cms/NormalData_Layout.aspx?page=PageNo234&mid=7.2------>OK
https://www.policyholder.gov.in/------>OK
https://www.lifeinscouncil.org/code/Default.aspx------>OK
https://www.hdfclife.com/qrops------>OK
https://www.hdfclife.com/customer-service/pay-premium------>OK
https://www.hdfclife.com/nav-summary------>OK
https://onlineinsurance.hdfclife.com/------>OK
https://www.hdfclife.com/financial-tools-calculators------>OK
https://www.hdfclife.com/content/hdfclifeinsurancecompany/in/en/customer-service/about-demat------>Moved Permanently
https://www.hdfclife.com/content/hdfclifeinsurancecompany/in/en/about-us/investor-relations------>Moved Permanently
https://www.hdfclife.com/content/dam/hdfclifeinsurancecompany/footer/T-and-C-for-Policy-loan.pdf------>OK
https://www.hdfclife.com/content/dam/hdfclifeinsurancecompany/footer/TERMS-AND-CONDITIONS-OF-APPOINTMENT.pdf------>OK
https://www.hdfclife.com/content/hdfclifeinsurancecompany/in/en/sitemap------>Moved Permanently
https://www.hdfclife.com/content/dam/hdfclifeinsurancecompany/footer/POSP-Appointment-TandC.pdf------>OK
https://www.hdfclife.com/content/dam/hdfclifeinsurancecompany/footer/Underwriting-philosophy-and-approach-with-regard-to-offering-insurance-coverage-to-Persons-with-Disabilities-Mental-Illness.pdf------>OK
https://www.hdfclife.com/insurance-knowledge-centre/glossary------>OK
https://www.hdfclife.com/life-insurance-solutions------>OK
https://www.hdfclife.com/hdfc-life-mobile-app------>OK
https://www.hdfclife.com/life-insurance-plans------>OK
Group Websites link check ended
]]></system-out>
  </testcase>
  <testcase name="navigateToPage" classname="SeleniumTesting.AEMhdfc.CategorypageTest" time="8.683">
    <system-out><![CDATA[Homepage test cases executed
Before navigating to: 'https://www.hdfclife.com/'
Navigated to:'https://www.hdfclife.com/'
Category page test cases started
Trying to find Element By : By.xpath: //a[@class='megaMenuLink']
Found Element By : By.xpath: //a[@class='megaMenuLink']
Trying to click on: [[ChromeDriver: chrome on WINDOWS (f82f26accbd83d1d6c595686850cfc1f)] -> xpath: //a[@class='megaMenuLink']]
Clicked on: [[ChromeDriver: chrome on WINDOWS (f82f26accbd83d1d6c595686850cfc1f)] -> xpath: //a[@class='megaMenuLink']]
Trying to find Element By : By.xpath: (//a[@class='moreMenuLink gtm-moreMenuLink'])[1]
Found Element By : By.xpath: (//a[@class='moreMenuLink gtm-moreMenuLink'])[1]
Trying to click on: [[ChromeDriver: chrome on WINDOWS (f82f26accbd83d1d6c595686850cfc1f)] -> xpath: (//a[@class='moreMenuLink gtm-moreMenuLink'])[1]]
Clicked on: [[ChromeDriver: chrome on WINDOWS (f82f26accbd83d1d6c595686850cfc1f)] -> xpath: (//a[@class='moreMenuLink gtm-moreMenuLink'])[1]]
]]></system-out>
    <system-err><![CDATA[Nov 30, 2021 9:01:38 PM org.openqa.selenium.remote.DesiredCapabilities chrome
INFO: Using `new ChromeOptions()` is preferred to `DesiredCapabilities.chrome()`
Starting ChromeDriver 96.0.4664.45 (76e4c1bb2ab4671b8beba3444e61c0f17584b2fc-refs/branch-heads/4664@{#947}) on port 45904
Only local connections are allowed.
Please see https://chromedriver.chromium.org/security-considerations for suggestions on keeping ChromeDriver safe.
ChromeDriver was started successfully.
Nov 30, 2021 9:01:40 PM org.openqa.selenium.remote.ProtocolHandshake createSession
INFO: Detected dialect: W3C
]]></system-err>
  </testcase>
  <testcase name="verifyCalculatePremiumBtn" classname="SeleniumTesting.AEMhdfc.CategorypageTest" time="12.715">
    <system-out><![CDATA[Trying to find Element By : By.xpath: //a[@class='siteButton dataLayerBtnClick']
Found Element By : By.xpath: //a[@class='siteButton dataLayerBtnClick']
Trying to find Element By : By.xpath: //a[@class='siteButton dataLayerBtnClick']
Found Element By : By.xpath: //a[@class='siteButton dataLayerBtnClick']
Trying to click on: [[ChromeDriver: chrome on WINDOWS (f82f26accbd83d1d6c595686850cfc1f)] -> xpath: //a[@class='siteButton dataLayerBtnClick']]
Clicked on: [[ChromeDriver: chrome on WINDOWS (f82f26accbd83d1d6c595686850cfc1f)] -> xpath: //a[@class='siteButton dataLayerBtnClick']]
]]></system-out>
  </testcase>
  <testcase name="verifyTalkToAdvisor" classname="SeleniumTesting.AEMhdfc.CategorypageTest" time="6.49">
    <system-out><![CDATA[Trying to find Element By : By.xpath: (//a[@class='siteButton outlinedBtn'])[4]
Found Element By : By.xpath: (//a[@class='siteButton outlinedBtn'])[4]
Trying to find Element By : By.xpath: (//a[@class='siteButton outlinedBtn'])[4]
Found Element By : By.xpath: (//a[@class='siteButton outlinedBtn'])[4]
Trying to find Element By : By.xpath: (//a[@class='siteButton outlinedBtn'])[4]
Found Element By : By.xpath: (//a[@class='siteButton outlinedBtn'])[4]
Trying to click on: [[ChromeDriver: chrome on WINDOWS (f82f26accbd83d1d6c595686850cfc1f)] -> xpath: (//a[@class='siteButton outlinedBtn'])[4]]
Clicked on: [[ChromeDriver: chrome on WINDOWS (f82f26accbd83d1d6c595686850cfc1f)] -> xpath: (//a[@class='siteButton outlinedBtn'])[4]]
Trying to find Element By : By.xpath: //span[@class='close-icon1']
Found Element By : By.xpath: //span[@class='close-icon1']
Trying to find Element By : By.xpath: //span[@class='close-icon1']
Found Element By : By.xpath: //span[@class='close-icon1']
Trying to click on: [[ChromeDriver: chrome on WINDOWS (f82f26accbd83d1d6c595686850cfc1f)] -> xpath: //span[@class='close-icon1']]
Clicked on: [[ChromeDriver: chrome on WINDOWS (f82f26accbd83d1d6c595686850cfc1f)] -> xpath: //span[@class='close-icon1']]
]]></system-out>
  </testcase>
  <testcase name="verifyTalkToAdvisorPopup" classname="SeleniumTesting.AEMhdfc.CategorypageTest" time="9.696">
    <system-out><![CDATA[Trying to find Element By : By.xpath: (//a[@class='siteButton outlinedBtn'])[4]
Found Element By : By.xpath: (//a[@class='siteButton outlinedBtn'])[4]
Trying to find Element By : By.xpath: (//a[@class='siteButton outlinedBtn'])[4]
Found Element By : By.xpath: (//a[@class='siteButton outlinedBtn'])[4]
Trying to find Element By : By.xpath: (//a[@class='siteButton outlinedBtn'])[4]
Found Element By : By.xpath: (//a[@class='siteButton outlinedBtn'])[4]
Trying to click on: [[ChromeDriver: chrome on WINDOWS (f82f26accbd83d1d6c595686850cfc1f)] -> xpath: (//a[@class='siteButton outlinedBtn'])[4]]
Clicked on: [[ChromeDriver: chrome on WINDOWS (f82f26accbd83d1d6c595686850cfc1f)] -> xpath: (//a[@class='siteButton outlinedBtn'])[4]]
Trying to find Element By : By.xpath: //input[@class='first-name']
Found Element By : By.xpath: //input[@class='first-name']
Trying to find Element By : By.xpath: //input[@class='modilewidth']
Found Element By : By.xpath: //input[@class='modilewidth']
Trying to find Element By : By.xpath: //span[contains(text(),'Field should contain minimum 3 and max 50 characters')]
Found Element By : By.xpath: //span[contains(text(),'Field should contain minimum 3 and max 50 characters')]
Trying to find Element By : By.xpath: //span[contains(text(),'Field should contain minimum 3 and max 50 characters')]
Found Element By : By.xpath: //span[contains(text(),'Field should contain minimum 3 and max 50 characters')]
Trying to find Element By : By.xpath: //span[contains(text(),'Field should contain minimum 3 and max 50 characters')]
Found Element By : By.xpath: //span[contains(text(),'Field should contain minimum 3 and max 50 characters')]
Trying to find Element By : By.xpath: //span[contains(text(),'Please enter valid mobile number')]
Found Element By : By.xpath: //span[contains(text(),'Please enter valid mobile number')]
Trying to find Element By : By.xpath: //span[@class='close-icon1']
Found Element By : By.xpath: //span[@class='close-icon1']
Trying to find Element By : By.xpath: //span[@class='close-icon1']
Found Element By : By.xpath: //span[@class='close-icon1']
Trying to click on: [[ChromeDriver: chrome on WINDOWS (f82f26accbd83d1d6c595686850cfc1f)] -> xpath: //span[@class='close-icon1']]
Clicked on: [[ChromeDriver: chrome on WINDOWS (f82f26accbd83d1d6c595686850cfc1f)] -> xpath: //span[@class='close-icon1']]
]]></system-out>
  </testcase>
  <testcase name="verifyHomeIconInBreadCrumb" classname="SeleniumTesting.AEMhdfc.CategorypageTest" time="9.805">
    <system-out><![CDATA[Trying to find Element By : By.xpath: //img[@class='homeIconImg']
Found Element By : By.xpath: //img[@class='homeIconImg']
Trying to find Element By : By.xpath: //img[@class='homeIconImg']
Found Element By : By.xpath: //img[@class='homeIconImg']
Trying to click on: [[ChromeDriver: chrome on WINDOWS (f82f26accbd83d1d6c595686850cfc1f)] -> xpath: //img[@class='homeIconImg']]
Clicked on: [[ChromeDriver: chrome on WINDOWS (f82f26accbd83d1d6c595686850cfc1f)] -> xpath: //img[@class='homeIconImg']]
Navigating back to previous page
Navigated back to previous page
]]></system-out>
  </testcase>
  <testcase name="verifyC2PLProduct" classname="SeleniumTesting.AEMhdfc.CategorypageTest" time="27.735">
    <system-out><![CDATA[Trying to find Element By : By.xpath: (//a[@class='siteButton outlinedBtn learMoreBtn dataLayerBtnClick'])[1]
Found Element By : By.xpath: (//a[@class='siteButton outlinedBtn learMoreBtn dataLayerBtnClick'])[1]
Trying to find Element By : By.xpath: (//a[@class='siteButton outlinedBtn learMoreBtn dataLayerBtnClick'])[1]
Found Element By : By.xpath: (//a[@class='siteButton outlinedBtn learMoreBtn dataLayerBtnClick'])[1]
Trying to find Element By : By.xpath: (//a[@class='siteButton outlinedBtn learMoreBtn dataLayerBtnClick'])[1]
Found Element By : By.xpath: (//a[@class='siteButton outlinedBtn learMoreBtn dataLayerBtnClick'])[1]
Trying to find Element By : By.xpath: (//a[@class='siteButton outlinedBtn learMoreBtn dataLayerBtnClick'])[1]
Found Element By : By.xpath: (//a[@class='siteButton outlinedBtn learMoreBtn dataLayerBtnClick'])[1]
Trying to click on: [[ChromeDriver: chrome on WINDOWS (f82f26accbd83d1d6c595686850cfc1f)] -> xpath: (//a[@class='siteButton outlinedBtn learMoreBtn dataLayerBtnClick'])[1]]
Clicked on: [[ChromeDriver: chrome on WINDOWS (f82f26accbd83d1d6c595686850cfc1f)] -> xpath: (//a[@class='siteButton outlinedBtn learMoreBtn dataLayerBtnClick'])[1]]
Navigating back to previous page
Navigated back to previous page
Trying to find Element By : By.xpath: (//a[@class='dwnldLink dataLayerBtnClick'])[1]
Found Element By : By.xpath: (//a[@class='dwnldLink dataLayerBtnClick'])[1]
Trying to click on: [[ChromeDriver: chrome on WINDOWS (f82f26accbd83d1d6c595686850cfc1f)] -> xpath: (//a[@class='dwnldLink dataLayerBtnClick'])[1]]
Clicked on: [[ChromeDriver: chrome on WINDOWS (f82f26accbd83d1d6c595686850cfc1f)] -> xpath: (//a[@class='dwnldLink dataLayerBtnClick'])[1]]
MC062124237-V01-HDFC-Life-Click-2-Protect-Life-Retail-Brochure.pdf is present
Trying to find Element By : By.xpath: (//a[@class='siteButton buyOnlineBtn dataLayerBtnClick'])[1]
Found Element By : By.xpath: (//a[@class='siteButton buyOnlineBtn dataLayerBtnClick'])[1]
Trying to find Element By : By.xpath: (//a[@class='siteButton buyOnlineBtn dataLayerBtnClick'])[1]
Found Element By : By.xpath: (//a[@class='siteButton buyOnlineBtn dataLayerBtnClick'])[1]
Trying to click on: [[ChromeDriver: chrome on WINDOWS (f82f26accbd83d1d6c595686850cfc1f)] -> xpath: (//a[@class='siteButton buyOnlineBtn dataLayerBtnClick'])[1]]
Clicked on: [[ChromeDriver: chrome on WINDOWS (f82f26accbd83d1d6c595686850cfc1f)] -> xpath: (//a[@class='siteButton buyOnlineBtn dataLayerBtnClick'])[1]]
]]></system-out>
  </testcase>
  <testcase name="verifySJBProduct" classname="SeleniumTesting.AEMhdfc.CategorypageTest" time="22.922">
    <system-out><![CDATA[Trying to find Element By : By.xpath: (//a[@class='siteButton outlinedBtn learMoreBtn dataLayerBtnClick'])[2]
Found Element By : By.xpath: (//a[@class='siteButton outlinedBtn learMoreBtn dataLayerBtnClick'])[2]
Trying to find Element By : By.xpath: (//a[@class='siteButton outlinedBtn learMoreBtn dataLayerBtnClick'])[2]
Found Element By : By.xpath: (//a[@class='siteButton outlinedBtn learMoreBtn dataLayerBtnClick'])[2]
Trying to click on: [[ChromeDriver: chrome on WINDOWS (f82f26accbd83d1d6c595686850cfc1f)] -> xpath: (//a[@class='siteButton outlinedBtn learMoreBtn dataLayerBtnClick'])[2]]
Clicked on: [[ChromeDriver: chrome on WINDOWS (f82f26accbd83d1d6c595686850cfc1f)] -> xpath: (//a[@class='siteButton outlinedBtn learMoreBtn dataLayerBtnClick'])[2]]
Navigating back to previous page
Navigated back to previous page
saral-jeevan-brochure.pdf is incorrect
Trying to find Element By : By.xpath: (//a[@class='siteButton buyOnlineBtn dataLayerBtnClick'])[2]
Found Element By : By.xpath: (//a[@class='siteButton buyOnlineBtn dataLayerBtnClick'])[2]
Trying to find Element By : By.xpath: (//a[@class='siteButton buyOnlineBtn dataLayerBtnClick'])[2]
Found Element By : By.xpath: (//a[@class='siteButton buyOnlineBtn dataLayerBtnClick'])[2]
Trying to click on: [[ChromeDriver: chrome on WINDOWS (f82f26accbd83d1d6c595686850cfc1f)] -> xpath: (//a[@class='siteButton buyOnlineBtn dataLayerBtnClick'])[2]]
Clicked on: [[ChromeDriver: chrome on WINDOWS (f82f26accbd83d1d6c595686850cfc1f)] -> xpath: (//a[@class='siteButton buyOnlineBtn dataLayerBtnClick'])[2]]
]]></system-out>
  </testcase>
  <testcase name="verifyLetsCalculateWithValidData" classname="SeleniumTesting.AEMhdfc.CategorypageTest" time="8.932">
    <system-out><![CDATA[Trying to find Element By : By.xpath: (//a[@class='bannerAdBtn siteButton'])[1]
Found Element By : By.xpath: (//a[@class='bannerAdBtn siteButton'])[1]
Trying to find Element By : By.xpath: (//a[@class='bannerAdBtn siteButton'])[1]
Found Element By : By.xpath: (//a[@class='bannerAdBtn siteButton'])[1]
Trying to click on: [[ChromeDriver: chrome on WINDOWS (f82f26accbd83d1d6c595686850cfc1f)] -> xpath: (//a[@class='bannerAdBtn siteButton'])[1]]
Clicked on: [[ChromeDriver: chrome on WINDOWS (f82f26accbd83d1d6c595686850cfc1f)] -> xpath: (//a[@class='bannerAdBtn siteButton'])[1]]
Navigating back to previous page
Navigated back to previous page
]]></system-out>
  </testcase>
  <testcase name="verifyVideoOnCategoryPage" classname="SeleniumTesting.AEMhdfc.CategorypageTest" time="6.033"/>
  <testcase name="verifyWhySection" classname="SeleniumTesting.AEMhdfc.CategorypageTest" time="9.633">
    <system-out><![CDATA[Trying to find Element By : By.xpath: (//a[@class='viewMoreBtn'])[1]
Found Element By : By.xpath: (//a[@class='viewMoreBtn'])[1]
Trying to find Element By : By.xpath: (//a[@class='viewMoreBtn'])[1]
Found Element By : By.xpath: (//a[@class='viewMoreBtn'])[1]
Trying to click on: [[ChromeDriver: chrome on WINDOWS (f82f26accbd83d1d6c595686850cfc1f)] -> xpath: (//a[@class='viewMoreBtn'])[1]]
Clicked on: [[ChromeDriver: chrome on WINDOWS (f82f26accbd83d1d6c595686850cfc1f)] -> xpath: (//a[@class='viewMoreBtn'])[1]]
Trying to find Element By : By.xpath: (//a[@class='viewMoreBtn viewLessBtn'])[1]
Found Element By : By.xpath: (//a[@class='viewMoreBtn viewLessBtn'])[1]
Trying to find Element By : By.xpath: (//a[@class='viewMoreBtn viewLessBtn'])[1]
Found Element By : By.xpath: (//a[@class='viewMoreBtn viewLessBtn'])[1]
Trying to click on: [[ChromeDriver: chrome on WINDOWS (f82f26accbd83d1d6c595686850cfc1f)] -> xpath: (//a[@class='viewMoreBtn viewLessBtn'])[1]]
Clicked on: [[ChromeDriver: chrome on WINDOWS (f82f26accbd83d1d6c595686850cfc1f)] -> xpath: (//a[@class='viewMoreBtn viewLessBtn'])[1]]
Trying to find Element By : By.xpath: (//a[@class='viewMoreBtn'])[1]
Found Element By : By.xpath: (//a[@class='viewMoreBtn'])[1]
]]></system-out>
  </testcase>
  <testcase name="verifyFaqAccordions" classname="SeleniumTesting.AEMhdfc.CategorypageTest" time="9.44">
    <system-out><![CDATA[Trying to find Element By : By.xpath: //h2[@class='tabAccordMenu opened']
Found Element By : By.xpath: //h2[@class='tabAccordMenu opened']
Trying to find Element By : By.xpath: //h2[@class='tabAccordMenu opened']
Found Element By : By.xpath: //h2[@class='tabAccordMenu opened']
Trying to click on: [[ChromeDriver: chrome on WINDOWS (f82f26accbd83d1d6c595686850cfc1f)] -> xpath: //h2[@class='tabAccordMenu opened']]
Clicked on: [[ChromeDriver: chrome on WINDOWS (f82f26accbd83d1d6c595686850cfc1f)] -> xpath: //h2[@class='tabAccordMenu opened']]
Trying to find Element By : By.xpath: //h2[@class='tabAccordMenu']
Found Element By : By.xpath: //h2[@class='tabAccordMenu']
Trying to find Element By : By.xpath: //h2[@class='tabAccordMenu']
Found Element By : By.xpath: //h2[@class='tabAccordMenu']
Trying to click on: [[ChromeDriver: chrome on WINDOWS (f82f26accbd83d1d6c595686850cfc1f)] -> xpath: //h2[@class='tabAccordMenu']]
Clicked on: [[ChromeDriver: chrome on WINDOWS (f82f26accbd83d1d6c595686850cfc1f)] -> xpath: //h2[@class='tabAccordMenu']]
Trying to find Element By : By.xpath: //h2[@class='tabAccordMenu opened']
Found Element By : By.xpath: //h2[@class='tabAccordMenu opened']
Trying to find Element By : By.xpath: //h2[@class='tabAccordMenu opened']
Found Element By : By.xpath: //h2[@class='tabAccordMenu opened']
Trying to click on: [[ChromeDriver: chrome on WINDOWS (f82f26accbd83d1d6c595686850cfc1f)] -> xpath: //h2[@class='tabAccordMenu opened']]
Clicked on: [[ChromeDriver: chrome on WINDOWS (f82f26accbd83d1d6c595686850cfc1f)] -> xpath: //h2[@class='tabAccordMenu opened']]
]]></system-out>
  </testcase>
</testsuite>