<?xml version="1.0" encoding="UTF-8"?>
<testsuite xmlns:xsi="http://www.w3.org/2001/XMLSchema-instance" xsi:noNamespaceSchemaLocation="https://maven.apache.org/surefire/maven-surefire-plugin/xsd/surefire-test-report-3.0.xsd" version="3.0" name="TestSuite" time="1,742.236" tests="69" errors="0" skipped="0" failures="1">
  <properties>
    <property name="java.specification.version" value="17"/>
    <property name="sun.cpu.isalist" value="amd64"/>
    <property name="sun.jnu.encoding" value="Cp1252"/>
    <property name="java.class.path" value="C:\Users\Akundar\eclipse-workspace\AEMhdfc\target\test-classes;C:\Users\Akundar\eclipse-workspace\AEMhdfc\target\classes;C:\Users\Akundar\.m2\repository\junit\junit\4.11\junit-4.11.jar;C:\Users\Akundar\.m2\repository\org\hamcrest\hamcrest-core\1.3\hamcrest-core-1.3.jar;C:\Users\Akundar\.m2\repository\org\seleniumhq\selenium\selenium-java\3.141.59\selenium-java-3.141.59.jar;C:\Users\Akundar\.m2\repository\org\seleniumhq\selenium\selenium-api\3.141.59\selenium-api-3.141.59.jar;C:\Users\Akundar\.m2\repository\org\seleniumhq\selenium\selenium-chrome-driver\3.141.59\selenium-chrome-driver-3.141.59.jar;C:\Users\Akundar\.m2\repository\org\seleniumhq\selenium\selenium-edge-driver\3.141.59\selenium-edge-driver-3.141.59.jar;C:\Users\Akundar\.m2\repository\org\seleniumhq\selenium\selenium-firefox-driver\3.141.59\selenium-firefox-driver-3.141.59.jar;C:\Users\Akundar\.m2\repository\org\seleniumhq\selenium\selenium-ie-driver\3.141.59\selenium-ie-driver-3.141.59.jar;C:\Users\Akundar\.m2\repository\org\seleniumhq\selenium\selenium-opera-driver\3.141.59\selenium-opera-driver-3.141.59.jar;C:\Users\Akundar\.m2\repository\org\seleniumhq\selenium\selenium-remote-driver\3.141.59\selenium-remote-driver-3.141.59.jar;C:\Users\Akundar\.m2\repository\org\seleniumhq\selenium\selenium-safari-driver\3.141.59\selenium-safari-driver-3.141.59.jar;C:\Users\Akundar\.m2\repository\org\seleniumhq\selenium\selenium-support\3.141.59\selenium-support-3.141.59.jar;C:\Users\Akundar\.m2\repository\net\bytebuddy\byte-buddy\1.8.15\byte-buddy-1.8.15.jar;C:\Users\Akundar\.m2\repository\org\apache\commons\commons-exec\1.3\commons-exec-1.3.jar;C:\Users\Akundar\.m2\repository\com\google\guava\guava\25.0-jre\guava-25.0-jre.jar;C:\Users\Akundar\.m2\repository\com\google\code\findbugs\jsr305\1.3.9\jsr305-1.3.9.jar;C:\Users\Akundar\.m2\repository\org\checkerframework\checker-compat-qual\2.0.0\checker-compat-qual-2.0.0.jar;C:\Users\Akundar\.m2\repository\com\google\errorprone\error_prone_annotations\2.1.3\error_prone_annotations-2.1.3.jar;C:\Users\Akundar\.m2\repository\com\google\j2objc\j2objc-annotations\1.1\j2objc-annotations-1.1.jar;C:\Users\Akundar\.m2\repository\org\codehaus\mojo\animal-sniffer-annotations\1.14\animal-sniffer-annotations-1.14.jar;C:\Users\Akundar\.m2\repository\com\squareup\okhttp3\okhttp\3.11.0\okhttp-3.11.0.jar;C:\Users\Akundar\.m2\repository\com\squareup\okio\okio\1.14.0\okio-1.14.0.jar;C:\Users\Akundar\.m2\repository\org\testng\testng\7.4.0\testng-7.4.0.jar;C:\Users\Akundar\.m2\repository\com\beust\jcommander\1.78\jcommander-1.78.jar;C:\Users\Akundar\.m2\repository\org\webjars\jquery\3.5.1\jquery-3.5.1.jar;C:\Users\Akundar\.m2\repository\org\apache\logging\log4j\log4j-core\2.17.0\log4j-core-2.17.0.jar;C:\Users\Akundar\.m2\repository\org\apache\logging\log4j\log4j-api\2.17.0\log4j-api-2.17.0.jar;C:\Users\Akundar\.m2\repository\com\aventstack\extentreports\5.0.9\extentreports-5.0.9.jar;C:\Users\Akundar\.m2\repository\io\reactivex\rxjava3\rxjava\3.0.4\rxjava-3.0.4.jar;C:\Users\Akundar\.m2\repository\org\reactivestreams\reactive-streams\1.0.3\reactive-streams-1.0.3.jar;C:\Users\Akundar\.m2\repository\org\freemarker\freemarker\2.3.30\freemarker-2.3.30.jar;C:\Users\Akundar\.m2\repository\com\google\code\gson\gson\2.8.6\gson-2.8.6.jar;C:\Users\Akundar\.m2\repository\commons-io\commons-io\2.11.0\commons-io-2.11.0.jar;C:\Users\Akundar\.m2\repository\org\apache\poi\poi\5.0.0\poi-5.0.0.jar;C:\Users\Akundar\.m2\repository\org\slf4j\slf4j-api\1.7.30\slf4j-api-1.7.30.jar;C:\Users\Akundar\.m2\repository\org\slf4j\jcl-over-slf4j\1.7.30\jcl-over-slf4j-1.7.30.jar;C:\Users\Akundar\.m2\repository\commons-codec\commons-codec\1.15\commons-codec-1.15.jar;C:\Users\Akundar\.m2\repository\org\apache\commons\commons-collections4\4.4\commons-collections4-4.4.jar;C:\Users\Akundar\.m2\repository\org\apache\commons\commons-math3\3.6.1\commons-math3-3.6.1.jar;C:\Users\Akundar\.m2\repository\com\zaxxer\SparseBitSet\1.2\SparseBitSet-1.2.jar;C:\Users\Akundar\.m2\repository\org\apache\poi\poi-ooxml\5.0.0\poi-ooxml-5.0.0.jar;C:\Users\Akundar\.m2\repository\org\apache\poi\poi-ooxml-lite\5.0.0\poi-ooxml-lite-5.0.0.jar;C:\Users\Akundar\.m2\repository\org\apache\commons\commons-compress\1.20\commons-compress-1.20.jar;C:\Users\Akundar\.m2\repository\com\github\virtuald\curvesapi\1.06\curvesapi-1.06.jar;C:\Users\Akundar\.m2\repository\org\bouncycastle\bcpkix-jdk15on\1.68\bcpkix-jdk15on-1.68.jar;C:\Users\Akundar\.m2\repository\org\bouncycastle\bcprov-jdk15on\1.68\bcprov-jdk15on-1.68.jar;C:\Users\Akundar\.m2\repository\org\apache\santuario\xmlsec\2.2.1\xmlsec-2.2.1.jar;C:\Users\Akundar\.m2\repository\com\fasterxml\woodstox\woodstox-core\5.2.1\woodstox-core-5.2.1.jar;C:\Users\Akundar\.m2\repository\org\codehaus\woodstox\stax2-api\4.2\stax2-api-4.2.jar;C:\Users\Akundar\.m2\repository\jakarta\xml\bind\jakarta.xml.bind-api\2.3.2\jakarta.xml.bind-api-2.3.2.jar;C:\Users\Akundar\.m2\repository\jakarta\activation\jakarta.activation-api\1.2.1\jakarta.activation-api-1.2.1.jar;C:\Users\Akundar\.m2\repository\org\apache\xmlgraphics\batik-all\1.13\batik-all-1.13.jar;C:\Users\Akundar\.m2\repository\org\apache\xmlgraphics\batik-anim\1.13\batik-anim-1.13.jar;C:\Users\Akundar\.m2\repository\org\apache\xmlgraphics\batik-shared-resources\1.13\batik-shared-resources-1.13.jar;C:\Users\Akundar\.m2\repository\xml-apis\xml-apis-ext\1.3.04\xml-apis-ext-1.3.04.jar;C:\Users\Akundar\.m2\repository\org\apache\xmlgraphics\batik-awt-util\1.13\batik-awt-util-1.13.jar;C:\Users\Akundar\.m2\repository\org\apache\xmlgraphics\xmlgraphics-commons\2.4\xmlgraphics-commons-2.4.jar;C:\Users\Akundar\.m2\repository\org\apache\xmlgraphics\batik-bridge\1.13\batik-bridge-1.13.jar;C:\Users\Akundar\.m2\repository\org\apache\xmlgraphics\batik-codec\1.13\batik-codec-1.13.jar;C:\Users\Akundar\.m2\repository\org\apache\xmlgraphics\batik-constants\1.13\batik-constants-1.13.jar;C:\Users\Akundar\.m2\repository\org\apache\xmlgraphics\batik-css\1.13\batik-css-1.13.jar;C:\Users\Akundar\.m2\repository\org\apache\xmlgraphics\batik-dom\1.13\batik-dom-1.13.jar;C:\Users\Akundar\.m2\repository\xalan\xalan\2.7.2\xalan-2.7.2.jar;C:\Users\Akundar\.m2\repository\xalan\serializer\2.7.2\serializer-2.7.2.jar;C:\Users\Akundar\.m2\repository\xml-apis\xml-apis\1.4.01\xml-apis-1.4.01.jar;C:\Users\Akundar\.m2\repository\org\apache\xmlgraphics\batik-ext\1.13\batik-ext-1.13.jar;C:\Users\Akundar\.m2\repository\org\apache\xmlgraphics\batik-extension\1.13\batik-extension-1.13.jar;C:\Users\Akundar\.m2\repository\org\apache\xmlgraphics\batik-gui-util\1.13\batik-gui-util-1.13.jar;C:\Users\Akundar\.m2\repository\org\apache\xmlgraphics\batik-gvt\1.13\batik-gvt-1.13.jar;C:\Users\Akundar\.m2\repository\org\apache\xmlgraphics\batik-i18n\1.13\batik-i18n-1.13.jar;C:\Users\Akundar\.m2\repository\org\apache\xmlgraphics\batik-parser\1.13\batik-parser-1.13.jar;C:\Users\Akundar\.m2\repository\org\apache\xmlgraphics\batik-rasterizer-ext\1.13\batik-rasterizer-ext-1.13.jar;C:\Users\Akundar\.m2\repository\org\apache\xmlgraphics\batik-rasterizer\1.13\batik-rasterizer-1.13.jar;C:\Users\Akundar\.m2\repository\org\apache\xmlgraphics\batik-script\1.13\batik-script-1.13.jar;C:\Users\Akundar\.m2\repository\org\apache\xmlgraphics\batik-slideshow\1.13\batik-slideshow-1.13.jar;C:\Users\Akundar\.m2\repository\org\apache\xmlgraphics\batik-squiggle-ext\1.13\batik-squiggle-ext-1.13.jar;C:\Users\Akundar\.m2\repository\org\apache\xmlgraphics\batik-squiggle\1.13\batik-squiggle-1.13.jar;C:\Users\Akundar\.m2\repository\org\apache\xmlgraphics\batik-svg-dom\1.13\batik-svg-dom-1.13.jar;C:\Users\Akundar\.m2\repository\org\apache\xmlgraphics\batik-svgbrowser\1.13\batik-svgbrowser-1.13.jar;C:\Users\Akundar\.m2\repository\org\apache\xmlgraphics\batik-svggen\1.13\batik-svggen-1.13.jar;C:\Users\Akundar\.m2\repository\org\apache\xmlgraphics\batik-svgpp\1.13\batik-svgpp-1.13.jar;C:\Users\Akundar\.m2\repository\org\apache\xmlgraphics\batik-svgrasterizer\1.13\batik-svgrasterizer-1.13.jar;C:\Users\Akundar\.m2\repository\org\apache\xmlgraphics\batik-swing\1.13\batik-swing-1.13.jar;C:\Users\Akundar\.m2\repository\org\apache\xmlgraphics\batik-transcoder\1.13\batik-transcoder-1.13.jar;C:\Users\Akundar\.m2\repository\org\apache\xmlgraphics\batik-util\1.13\batik-util-1.13.jar;C:\Users\Akundar\.m2\repository\org\apache\xmlgraphics\batik-ttf2svg\1.13\batik-ttf2svg-1.13.jar;C:\Users\Akundar\.m2\repository\org\apache\xmlgraphics\batik-xml\1.13\batik-xml-1.13.jar;C:\Users\Akundar\.m2\repository\de\rototor\pdfbox\graphics2d\0.30\graphics2d-0.30.jar;C:\Users\Akundar\.m2\repository\org\apache\pdfbox\pdfbox\2.0.22\pdfbox-2.0.22.jar;C:\Users\Akundar\.m2\repository\org\apache\pdfbox\fontbox\2.0.22\fontbox-2.0.22.jar;C:\Users\Akundar\.m2\repository\org\apache\poi\poi-ooxml-schemas\4.1.2\poi-ooxml-schemas-4.1.2.jar;C:\Users\Akundar\.m2\repository\org\apache\poi\poi-scratchpad\5.0.0\poi-scratchpad-5.0.0.jar;C:\Users\Akundar\.m2\repository\org\apache\poi\poi-excelant\5.0.0\poi-excelant-5.0.0.jar;C:\Users\Akundar\.m2\repository\org\apache\ant\ant\1.10.9\ant-1.10.9.jar;C:\Users\Akundar\.m2\repository\org\apache\ant\ant-launcher\1.10.9\ant-launcher-1.10.9.jar;C:\Users\Akundar\.m2\repository\org\apache\poi\ooxml-schemas\1.4\ooxml-schemas-1.4.jar;C:\Users\Akundar\.m2\repository\org\apache\xmlbeans\xmlbeans\5.0.1\xmlbeans-5.0.1.jar;C:\Users\Akundar\.m2\repository\org\projectlombok\lombok\1.18.20\lombok-1.18.20.jar;C:\Users\Akundar\.m2\repository\com\microsoft\edge\msedge-selenium-tools-java\3.141.0\msedge-selenium-tools-java-3.141.0.jar;C:\Users\Akundar\.m2\repository\io\netty\netty-all\4.1.70.Final\netty-all-4.1.70.Final.jar;C:\Users\Akundar\.m2\repository\io\netty\netty-buffer\4.1.70.Final\netty-buffer-4.1.70.Final.jar;C:\Users\Akundar\.m2\repository\io\netty\netty-codec\4.1.70.Final\netty-codec-4.1.70.Final.jar;C:\Users\Akundar\.m2\repository\io\netty\netty-codec-dns\4.1.70.Final\netty-codec-dns-4.1.70.Final.jar;C:\Users\Akundar\.m2\repository\io\netty\netty-codec-haproxy\4.1.70.Final\netty-codec-haproxy-4.1.70.Final.jar;C:\Users\Akundar\.m2\repository\io\netty\netty-codec-http\4.1.70.Final\netty-codec-http-4.1.70.Final.jar;C:\Users\Akundar\.m2\repository\io\netty\netty-codec-http2\4.1.70.Final\netty-codec-http2-4.1.70.Final.jar;C:\Users\Akundar\.m2\repository\io\netty\netty-codec-memcache\4.1.70.Final\netty-codec-memcache-4.1.70.Final.jar;C:\Users\Akundar\.m2\repository\io\netty\netty-codec-mqtt\4.1.70.Final\netty-codec-mqtt-4.1.70.Final.jar;C:\Users\Akundar\.m2\repository\io\netty\netty-codec-redis\4.1.70.Final\netty-codec-redis-4.1.70.Final.jar;C:\Users\Akundar\.m2\repository\io\netty\netty-codec-smtp\4.1.70.Final\netty-codec-smtp-4.1.70.Final.jar;C:\Users\Akundar\.m2\repository\io\netty\netty-codec-socks\4.1.70.Final\netty-codec-socks-4.1.70.Final.jar;C:\Users\Akundar\.m2\repository\io\netty\netty-codec-stomp\4.1.70.Final\netty-codec-stomp-4.1.70.Final.jar;C:\Users\Akundar\.m2\repository\io\netty\netty-codec-xml\4.1.70.Final\netty-codec-xml-4.1.70.Final.jar;C:\Users\Akundar\.m2\repository\io\netty\netty-common\4.1.70.Final\netty-common-4.1.70.Final.jar;C:\Users\Akundar\.m2\repository\io\netty\netty-handler\4.1.70.Final\netty-handler-4.1.70.Final.jar;C:\Users\Akundar\.m2\repository\io\netty\netty-handler-proxy\4.1.70.Final\netty-handler-proxy-4.1.70.Final.jar;C:\Users\Akundar\.m2\repository\io\netty\netty-resolver\4.1.70.Final\netty-resolver-4.1.70.Final.jar;C:\Users\Akundar\.m2\repository\io\netty\netty-resolver-dns\4.1.70.Final\netty-resolver-dns-4.1.70.Final.jar;C:\Users\Akundar\.m2\repository\io\netty\netty-transport\4.1.70.Final\netty-transport-4.1.70.Final.jar;C:\Users\Akundar\.m2\repository\io\netty\netty-transport-rxtx\4.1.70.Final\netty-transport-rxtx-4.1.70.Final.jar;C:\Users\Akundar\.m2\repository\io\netty\netty-transport-sctp\4.1.70.Final\netty-transport-sctp-4.1.70.Final.jar;C:\Users\Akundar\.m2\repository\io\netty\netty-transport-udt\4.1.70.Final\netty-transport-udt-4.1.70.Final.jar;C:\Users\Akundar\.m2\repository\io\netty\netty-transport-classes-epoll\4.1.70.Final\netty-transport-classes-epoll-4.1.70.Final.jar;C:\Users\Akundar\.m2\repository\io\netty\netty-transport-native-unix-common\4.1.70.Final\netty-transport-native-unix-common-4.1.70.Final.jar;C:\Users\Akundar\.m2\repository\io\netty\netty-transport-classes-kqueue\4.1.70.Final\netty-transport-classes-kqueue-4.1.70.Final.jar;C:\Users\Akundar\.m2\repository\io\netty\netty-resolver-dns-classes-macos\4.1.70.Final\netty-resolver-dns-classes-macos-4.1.70.Final.jar;C:\Users\Akundar\.m2\repository\io\netty\netty-transport-native-epoll\4.1.70.Final\netty-transport-native-epoll-4.1.70.Final-linux-x86_64.jar;C:\Users\Akundar\.m2\repository\io\netty\netty-transport-native-epoll\4.1.70.Final\netty-transport-native-epoll-4.1.70.Final-linux-aarch_64.jar;C:\Users\Akundar\.m2\repository\io\netty\netty-transport-native-kqueue\4.1.70.Final\netty-transport-native-kqueue-4.1.70.Final-osx-x86_64.jar;C:\Users\Akundar\.m2\repository\io\netty\netty-transport-native-kqueue\4.1.70.Final\netty-transport-native-kqueue-4.1.70.Final-osx-aarch_64.jar;C:\Users\Akundar\.m2\repository\io\netty\netty-resolver-dns-native-macos\4.1.70.Final\netty-resolver-dns-native-macos-4.1.70.Final-osx-x86_64.jar;C:\Users\Akundar\.m2\repository\io\netty\netty-resolver-dns-native-macos\4.1.70.Final\netty-resolver-dns-native-macos-4.1.70.Final-osx-aarch_64.jar;C:\Users\Akundar\.m2\repository\io\github\bonigarcia\webdrivermanager\5.0.3\webdrivermanager-5.0.3.jar;C:\Users\Akundar\.m2\repository\org\jsoup\jsoup\1.14.2\jsoup-1.14.2.jar;C:\Users\Akundar\.m2\repository\com\github\docker-java\docker-java\3.2.12\docker-java-3.2.12.jar;C:\Users\Akundar\.m2\repository\com\github\docker-java\docker-java-core\3.2.12\docker-java-core-3.2.12.jar;C:\Users\Akundar\.m2\repository\com\github\docker-java\docker-java-api\3.2.12\docker-java-api-3.2.12.jar;C:\Users\Akundar\.m2\repository\com\fasterxml\jackson\core\jackson-annotations\2.10.3\jackson-annotations-2.10.3.jar;C:\Users\Akundar\.m2\repository\commons-lang\commons-lang\2.6\commons-lang-2.6.jar;C:\Users\Akundar\.m2\repository\com\fasterxml\jackson\core\jackson-databind\2.10.3\jackson-databind-2.10.3.jar;C:\Users\Akundar\.m2\repository\com\fasterxml\jackson\core\jackson-core\2.10.3\jackson-core-2.10.3.jar;C:\Users\Akundar\.m2\repository\com\github\docker-java\docker-java-transport-httpclient5\3.2.12\docker-java-transport-httpclient5-3.2.12.jar;C:\Users\Akundar\.m2\repository\com\github\docker-java\docker-java-transport\3.2.12\docker-java-transport-3.2.12.jar;C:\Users\Akundar\.m2\repository\org\apache\httpcomponents\client5\httpclient5\5.0.3\httpclient5-5.0.3.jar;C:\Users\Akundar\.m2\repository\org\apache\httpcomponents\core5\httpcore5\5.0.2\httpcore5-5.0.2.jar;C:\Users\Akundar\.m2\repository\net\java\dev\jna\jna\5.8.0\jna-5.8.0.jar;C:\Users\Akundar\.m2\repository\org\brotli\dec\0.1.2\dec-0.1.2.jar;"/>
    <property name="java.vm.vendor" value="Oracle Corporation"/>
    <property name="sun.arch.data.model" value="64"/>
    <property name="user.variant" value=""/>
    <property name="java.vendor.url" value="https://java.oracle.com/"/>
    <property name="user.timezone" value="Asia/Calcutta"/>
    <property name="os.name" value="Windows 10"/>
    <property name="java.vm.specification.version" value="17"/>
    <property name="sun.java.launcher" value="SUN_STANDARD"/>
    <property name="user.country" value="IN"/>
    <property name="sun.boot.library.path" value="C:\Users\Akundar\Installers\openjdk-17_windows-x64_bin (1)\jdk-17\bin"/>
    <property name="sun.java.command" value="C:\Users\Akundar\AppData\Local\Temp\surefire3492447564915661766\surefirebooter18186885133700316883.jar C:\Users\Akundar\AppData\Local\Temp\surefire3492447564915661766 2021-12-20T11-59-08_679-jvmRun1 surefire5880315851357916693tmp surefire_08114320693388309843tmp"/>
    <property name="jdk.debug" value="release"/>
    <property name="surefire.test.class.path" value="C:\Users\Akundar\eclipse-workspace\AEMhdfc\target\test-classes;C:\Users\Akundar\eclipse-workspace\AEMhdfc\target\classes;C:\Users\Akundar\.m2\repository\junit\junit\4.11\junit-4.11.jar;C:\Users\Akundar\.m2\repository\org\hamcrest\hamcrest-core\1.3\hamcrest-core-1.3.jar;C:\Users\Akundar\.m2\repository\org\seleniumhq\selenium\selenium-java\3.141.59\selenium-java-3.141.59.jar;C:\Users\Akundar\.m2\repository\org\seleniumhq\selenium\selenium-api\3.141.59\selenium-api-3.141.59.jar;C:\Users\Akundar\.m2\repository\org\seleniumhq\selenium\selenium-chrome-driver\3.141.59\selenium-chrome-driver-3.141.59.jar;C:\Users\Akundar\.m2\repository\org\seleniumhq\selenium\selenium-edge-driver\3.141.59\selenium-edge-driver-3.141.59.jar;C:\Users\Akundar\.m2\repository\org\seleniumhq\selenium\selenium-firefox-driver\3.141.59\selenium-firefox-driver-3.141.59.jar;C:\Users\Akundar\.m2\repository\org\seleniumhq\selenium\selenium-ie-driver\3.141.59\selenium-ie-driver-3.141.59.jar;C:\Users\Akundar\.m2\repository\org\seleniumhq\selenium\selenium-opera-driver\3.141.59\selenium-opera-driver-3.141.59.jar;C:\Users\Akundar\.m2\repository\org\seleniumhq\selenium\selenium-remote-driver\3.141.59\selenium-remote-driver-3.141.59.jar;C:\Users\Akundar\.m2\repository\org\seleniumhq\selenium\selenium-safari-driver\3.141.59\selenium-safari-driver-3.141.59.jar;C:\Users\Akundar\.m2\repository\org\seleniumhq\selenium\selenium-support\3.141.59\selenium-support-3.141.59.jar;C:\Users\Akundar\.m2\repository\net\bytebuddy\byte-buddy\1.8.15\byte-buddy-1.8.15.jar;C:\Users\Akundar\.m2\repository\org\apache\commons\commons-exec\1.3\commons-exec-1.3.jar;C:\Users\Akundar\.m2\repository\com\google\guava\guava\25.0-jre\guava-25.0-jre.jar;C:\Users\Akundar\.m2\repository\com\google\code\findbugs\jsr305\1.3.9\jsr305-1.3.9.jar;C:\Users\Akundar\.m2\repository\org\checkerframework\checker-compat-qual\2.0.0\checker-compat-qual-2.0.0.jar;C:\Users\Akundar\.m2\repository\com\google\errorprone\error_prone_annotations\2.1.3\error_prone_annotations-2.1.3.jar;C:\Users\Akundar\.m2\repository\com\google\j2objc\j2objc-annotations\1.1\j2objc-annotations-1.1.jar;C:\Users\Akundar\.m2\repository\org\codehaus\mojo\animal-sniffer-annotations\1.14\animal-sniffer-annotations-1.14.jar;C:\Users\Akundar\.m2\repository\com\squareup\okhttp3\okhttp\3.11.0\okhttp-3.11.0.jar;C:\Users\Akundar\.m2\repository\com\squareup\okio\okio\1.14.0\okio-1.14.0.jar;C:\Users\Akundar\.m2\repository\org\testng\testng\7.4.0\testng-7.4.0.jar;C:\Users\Akundar\.m2\repository\com\beust\jcommander\1.78\jcommander-1.78.jar;C:\Users\Akundar\.m2\repository\org\webjars\jquery\3.5.1\jquery-3.5.1.jar;C:\Users\Akundar\.m2\repository\org\apache\logging\log4j\log4j-core\2.17.0\log4j-core-2.17.0.jar;C:\Users\Akundar\.m2\repository\org\apache\logging\log4j\log4j-api\2.17.0\log4j-api-2.17.0.jar;C:\Users\Akundar\.m2\repository\com\aventstack\extentreports\5.0.9\extentreports-5.0.9.jar;C:\Users\Akundar\.m2\repository\io\reactivex\rxjava3\rxjava\3.0.4\rxjava-3.0.4.jar;C:\Users\Akundar\.m2\repository\org\reactivestreams\reactive-streams\1.0.3\reactive-streams-1.0.3.jar;C:\Users\Akundar\.m2\repository\org\freemarker\freemarker\2.3.30\freemarker-2.3.30.jar;C:\Users\Akundar\.m2\repository\com\google\code\gson\gson\2.8.6\gson-2.8.6.jar;C:\Users\Akundar\.m2\repository\commons-io\commons-io\2.11.0\commons-io-2.11.0.jar;C:\Users\Akundar\.m2\repository\org\apache\poi\poi\5.0.0\poi-5.0.0.jar;C:\Users\Akundar\.m2\repository\org\slf4j\slf4j-api\1.7.30\slf4j-api-1.7.30.jar;C:\Users\Akundar\.m2\repository\org\slf4j\jcl-over-slf4j\1.7.30\jcl-over-slf4j-1.7.30.jar;C:\Users\Akundar\.m2\repository\commons-codec\commons-codec\1.15\commons-codec-1.15.jar;C:\Users\Akundar\.m2\repository\org\apache\commons\commons-collections4\4.4\commons-collections4-4.4.jar;C:\Users\Akundar\.m2\repository\org\apache\commons\commons-math3\3.6.1\commons-math3-3.6.1.jar;C:\Users\Akundar\.m2\repository\com\zaxxer\SparseBitSet\1.2\SparseBitSet-1.2.jar;C:\Users\Akundar\.m2\repository\org\apache\poi\poi-ooxml\5.0.0\poi-ooxml-5.0.0.jar;C:\Users\Akundar\.m2\repository\org\apache\poi\poi-ooxml-lite\5.0.0\poi-ooxml-lite-5.0.0.jar;C:\Users\Akundar\.m2\repository\org\apache\commons\commons-compress\1.20\commons-compress-1.20.jar;C:\Users\Akundar\.m2\repository\com\github\virtuald\curvesapi\1.06\curvesapi-1.06.jar;C:\Users\Akundar\.m2\repository\org\bouncycastle\bcpkix-jdk15on\1.68\bcpkix-jdk15on-1.68.jar;C:\Users\Akundar\.m2\repository\org\bouncycastle\bcprov-jdk15on\1.68\bcprov-jdk15on-1.68.jar;C:\Users\Akundar\.m2\repository\org\apache\santuario\xmlsec\2.2.1\xmlsec-2.2.1.jar;C:\Users\Akundar\.m2\repository\com\fasterxml\woodstox\woodstox-core\5.2.1\woodstox-core-5.2.1.jar;C:\Users\Akundar\.m2\repository\org\codehaus\woodstox\stax2-api\4.2\stax2-api-4.2.jar;C:\Users\Akundar\.m2\repository\jakarta\xml\bind\jakarta.xml.bind-api\2.3.2\jakarta.xml.bind-api-2.3.2.jar;C:\Users\Akundar\.m2\repository\jakarta\activation\jakarta.activation-api\1.2.1\jakarta.activation-api-1.2.1.jar;C:\Users\Akundar\.m2\repository\org\apache\xmlgraphics\batik-all\1.13\batik-all-1.13.jar;C:\Users\Akundar\.m2\repository\org\apache\xmlgraphics\batik-anim\1.13\batik-anim-1.13.jar;C:\Users\Akundar\.m2\repository\org\apache\xmlgraphics\batik-shared-resources\1.13\batik-shared-resources-1.13.jar;C:\Users\Akundar\.m2\repository\xml-apis\xml-apis-ext\1.3.04\xml-apis-ext-1.3.04.jar;C:\Users\Akundar\.m2\repository\org\apache\xmlgraphics\batik-awt-util\1.13\batik-awt-util-1.13.jar;C:\Users\Akundar\.m2\repository\org\apache\xmlgraphics\xmlgraphics-commons\2.4\xmlgraphics-commons-2.4.jar;C:\Users\Akundar\.m2\repository\org\apache\xmlgraphics\batik-bridge\1.13\batik-bridge-1.13.jar;C:\Users\Akundar\.m2\repository\org\apache\xmlgraphics\batik-codec\1.13\batik-codec-1.13.jar;C:\Users\Akundar\.m2\repository\org\apache\xmlgraphics\batik-constants\1.13\batik-constants-1.13.jar;C:\Users\Akundar\.m2\repository\org\apache\xmlgraphics\batik-css\1.13\batik-css-1.13.jar;C:\Users\Akundar\.m2\repository\org\apache\xmlgraphics\batik-dom\1.13\batik-dom-1.13.jar;C:\Users\Akundar\.m2\repository\xalan\xalan\2.7.2\xalan-2.7.2.jar;C:\Users\Akundar\.m2\repository\xalan\serializer\2.7.2\serializer-2.7.2.jar;C:\Users\Akundar\.m2\repository\xml-apis\xml-apis\1.4.01\xml-apis-1.4.01.jar;C:\Users\Akundar\.m2\repository\org\apache\xmlgraphics\batik-ext\1.13\batik-ext-1.13.jar;C:\Users\Akundar\.m2\repository\org\apache\xmlgraphics\batik-extension\1.13\batik-extension-1.13.jar;C:\Users\Akundar\.m2\repository\org\apache\xmlgraphics\batik-gui-util\1.13\batik-gui-util-1.13.jar;C:\Users\Akundar\.m2\repository\org\apache\xmlgraphics\batik-gvt\1.13\batik-gvt-1.13.jar;C:\Users\Akundar\.m2\repository\org\apache\xmlgraphics\batik-i18n\1.13\batik-i18n-1.13.jar;C:\Users\Akundar\.m2\repository\org\apache\xmlgraphics\batik-parser\1.13\batik-parser-1.13.jar;C:\Users\Akundar\.m2\repository\org\apache\xmlgraphics\batik-rasterizer-ext\1.13\batik-rasterizer-ext-1.13.jar;C:\Users\Akundar\.m2\repository\org\apache\xmlgraphics\batik-rasterizer\1.13\batik-rasterizer-1.13.jar;C:\Users\Akundar\.m2\repository\org\apache\xmlgraphics\batik-script\1.13\batik-script-1.13.jar;C:\Users\Akundar\.m2\repository\org\apache\xmlgraphics\batik-slideshow\1.13\batik-slideshow-1.13.jar;C:\Users\Akundar\.m2\repository\org\apache\xmlgraphics\batik-squiggle-ext\1.13\batik-squiggle-ext-1.13.jar;C:\Users\Akundar\.m2\repository\org\apache\xmlgraphics\batik-squiggle\1.13\batik-squiggle-1.13.jar;C:\Users\Akundar\.m2\repository\org\apache\xmlgraphics\batik-svg-dom\1.13\batik-svg-dom-1.13.jar;C:\Users\Akundar\.m2\repository\org\apache\xmlgraphics\batik-svgbrowser\1.13\batik-svgbrowser-1.13.jar;C:\Users\Akundar\.m2\repository\org\apache\xmlgraphics\batik-svggen\1.13\batik-svggen-1.13.jar;C:\Users\Akundar\.m2\repository\org\apache\xmlgraphics\batik-svgpp\1.13\batik-svgpp-1.13.jar;C:\Users\Akundar\.m2\repository\org\apache\xmlgraphics\batik-svgrasterizer\1.13\batik-svgrasterizer-1.13.jar;C:\Users\Akundar\.m2\repository\org\apache\xmlgraphics\batik-swing\1.13\batik-swing-1.13.jar;C:\Users\Akundar\.m2\repository\org\apache\xmlgraphics\batik-transcoder\1.13\batik-transcoder-1.13.jar;C:\Users\Akundar\.m2\repository\org\apache\xmlgraphics\batik-util\1.13\batik-util-1.13.jar;C:\Users\Akundar\.m2\repository\org\apache\xmlgraphics\batik-ttf2svg\1.13\batik-ttf2svg-1.13.jar;C:\Users\Akundar\.m2\repository\org\apache\xmlgraphics\batik-xml\1.13\batik-xml-1.13.jar;C:\Users\Akundar\.m2\repository\de\rototor\pdfbox\graphics2d\0.30\graphics2d-0.30.jar;C:\Users\Akundar\.m2\repository\org\apache\pdfbox\pdfbox\2.0.22\pdfbox-2.0.22.jar;C:\Users\Akundar\.m2\repository\org\apache\pdfbox\fontbox\2.0.22\fontbox-2.0.22.jar;C:\Users\Akundar\.m2\repository\org\apache\poi\poi-ooxml-schemas\4.1.2\poi-ooxml-schemas-4.1.2.jar;C:\Users\Akundar\.m2\repository\org\apache\poi\poi-scratchpad\5.0.0\poi-scratchpad-5.0.0.jar;C:\Users\Akundar\.m2\repository\org\apache\poi\poi-excelant\5.0.0\poi-excelant-5.0.0.jar;C:\Users\Akundar\.m2\repository\org\apache\ant\ant\1.10.9\ant-1.10.9.jar;C:\Users\Akundar\.m2\repository\org\apache\ant\ant-launcher\1.10.9\ant-launcher-1.10.9.jar;C:\Users\Akundar\.m2\repository\org\apache\poi\ooxml-schemas\1.4\ooxml-schemas-1.4.jar;C:\Users\Akundar\.m2\repository\org\apache\xmlbeans\xmlbeans\5.0.1\xmlbeans-5.0.1.jar;C:\Users\Akundar\.m2\repository\org\projectlombok\lombok\1.18.20\lombok-1.18.20.jar;C:\Users\Akundar\.m2\repository\com\microsoft\edge\msedge-selenium-tools-java\3.141.0\msedge-selenium-tools-java-3.141.0.jar;C:\Users\Akundar\.m2\repository\io\netty\netty-all\4.1.70.Final\netty-all-4.1.70.Final.jar;C:\Users\Akundar\.m2\repository\io\netty\netty-buffer\4.1.70.Final\netty-buffer-4.1.70.Final.jar;C:\Users\Akundar\.m2\repository\io\netty\netty-codec\4.1.70.Final\netty-codec-4.1.70.Final.jar;C:\Users\Akundar\.m2\repository\io\netty\netty-codec-dns\4.1.70.Final\netty-codec-dns-4.1.70.Final.jar;C:\Users\Akundar\.m2\repository\io\netty\netty-codec-haproxy\4.1.70.Final\netty-codec-haproxy-4.1.70.Final.jar;C:\Users\Akundar\.m2\repository\io\netty\netty-codec-http\4.1.70.Final\netty-codec-http-4.1.70.Final.jar;C:\Users\Akundar\.m2\repository\io\netty\netty-codec-http2\4.1.70.Final\netty-codec-http2-4.1.70.Final.jar;C:\Users\Akundar\.m2\repository\io\netty\netty-codec-memcache\4.1.70.Final\netty-codec-memcache-4.1.70.Final.jar;C:\Users\Akundar\.m2\repository\io\netty\netty-codec-mqtt\4.1.70.Final\netty-codec-mqtt-4.1.70.Final.jar;C:\Users\Akundar\.m2\repository\io\netty\netty-codec-redis\4.1.70.Final\netty-codec-redis-4.1.70.Final.jar;C:\Users\Akundar\.m2\repository\io\netty\netty-codec-smtp\4.1.70.Final\netty-codec-smtp-4.1.70.Final.jar;C:\Users\Akundar\.m2\repository\io\netty\netty-codec-socks\4.1.70.Final\netty-codec-socks-4.1.70.Final.jar;C:\Users\Akundar\.m2\repository\io\netty\netty-codec-stomp\4.1.70.Final\netty-codec-stomp-4.1.70.Final.jar;C:\Users\Akundar\.m2\repository\io\netty\netty-codec-xml\4.1.70.Final\netty-codec-xml-4.1.70.Final.jar;C:\Users\Akundar\.m2\repository\io\netty\netty-common\4.1.70.Final\netty-common-4.1.70.Final.jar;C:\Users\Akundar\.m2\repository\io\netty\netty-handler\4.1.70.Final\netty-handler-4.1.70.Final.jar;C:\Users\Akundar\.m2\repository\io\netty\netty-handler-proxy\4.1.70.Final\netty-handler-proxy-4.1.70.Final.jar;C:\Users\Akundar\.m2\repository\io\netty\netty-resolver\4.1.70.Final\netty-resolver-4.1.70.Final.jar;C:\Users\Akundar\.m2\repository\io\netty\netty-resolver-dns\4.1.70.Final\netty-resolver-dns-4.1.70.Final.jar;C:\Users\Akundar\.m2\repository\io\netty\netty-transport\4.1.70.Final\netty-transport-4.1.70.Final.jar;C:\Users\Akundar\.m2\repository\io\netty\netty-transport-rxtx\4.1.70.Final\netty-transport-rxtx-4.1.70.Final.jar;C:\Users\Akundar\.m2\repository\io\netty\netty-transport-sctp\4.1.70.Final\netty-transport-sctp-4.1.70.Final.jar;C:\Users\Akundar\.m2\repository\io\netty\netty-transport-udt\4.1.70.Final\netty-transport-udt-4.1.70.Final.jar;C:\Users\Akundar\.m2\repository\io\netty\netty-transport-classes-epoll\4.1.70.Final\netty-transport-classes-epoll-4.1.70.Final.jar;C:\Users\Akundar\.m2\repository\io\netty\netty-transport-native-unix-common\4.1.70.Final\netty-transport-native-unix-common-4.1.70.Final.jar;C:\Users\Akundar\.m2\repository\io\netty\netty-transport-classes-kqueue\4.1.70.Final\netty-transport-classes-kqueue-4.1.70.Final.jar;C:\Users\Akundar\.m2\repository\io\netty\netty-resolver-dns-classes-macos\4.1.70.Final\netty-resolver-dns-classes-macos-4.1.70.Final.jar;C:\Users\Akundar\.m2\repository\io\netty\netty-transport-native-epoll\4.1.70.Final\netty-transport-native-epoll-4.1.70.Final-linux-x86_64.jar;C:\Users\Akundar\.m2\repository\io\netty\netty-transport-native-epoll\4.1.70.Final\netty-transport-native-epoll-4.1.70.Final-linux-aarch_64.jar;C:\Users\Akundar\.m2\repository\io\netty\netty-transport-native-kqueue\4.1.70.Final\netty-transport-native-kqueue-4.1.70.Final-osx-x86_64.jar;C:\Users\Akundar\.m2\repository\io\netty\netty-transport-native-kqueue\4.1.70.Final\netty-transport-native-kqueue-4.1.70.Final-osx-aarch_64.jar;C:\Users\Akundar\.m2\repository\io\netty\netty-resolver-dns-native-macos\4.1.70.Final\netty-resolver-dns-native-macos-4.1.70.Final-osx-x86_64.jar;C:\Users\Akundar\.m2\repository\io\netty\netty-resolver-dns-native-macos\4.1.70.Final\netty-resolver-dns-native-macos-4.1.70.Final-osx-aarch_64.jar;C:\Users\Akundar\.m2\repository\io\github\bonigarcia\webdrivermanager\5.0.3\webdrivermanager-5.0.3.jar;C:\Users\Akundar\.m2\repository\org\jsoup\jsoup\1.14.2\jsoup-1.14.2.jar;C:\Users\Akundar\.m2\repository\com\github\docker-java\docker-java\3.2.12\docker-java-3.2.12.jar;C:\Users\Akundar\.m2\repository\com\github\docker-java\docker-java-core\3.2.12\docker-java-core-3.2.12.jar;C:\Users\Akundar\.m2\repository\com\github\docker-java\docker-java-api\3.2.12\docker-java-api-3.2.12.jar;C:\Users\Akundar\.m2\repository\com\fasterxml\jackson\core\jackson-annotations\2.10.3\jackson-annotations-2.10.3.jar;C:\Users\Akundar\.m2\repository\commons-lang\commons-lang\2.6\commons-lang-2.6.jar;C:\Users\Akundar\.m2\repository\com\fasterxml\jackson\core\jackson-databind\2.10.3\jackson-databind-2.10.3.jar;C:\Users\Akundar\.m2\repository\com\fasterxml\jackson\core\jackson-core\2.10.3\jackson-core-2.10.3.jar;C:\Users\Akundar\.m2\repository\com\github\docker-java\docker-java-transport-httpclient5\3.2.12\docker-java-transport-httpclient5-3.2.12.jar;C:\Users\Akundar\.m2\repository\com\github\docker-java\docker-java-transport\3.2.12\docker-java-transport-3.2.12.jar;C:\Users\Akundar\.m2\repository\org\apache\httpcomponents\client5\httpclient5\5.0.3\httpclient5-5.0.3.jar;C:\Users\Akundar\.m2\repository\org\apache\httpcomponents\core5\httpcore5\5.0.2\httpcore5-5.0.2.jar;C:\Users\Akundar\.m2\repository\net\java\dev\jna\jna\5.8.0\jna-5.8.0.jar;C:\Users\Akundar\.m2\repository\org\brotli\dec\0.1.2\dec-0.1.2.jar;"/>
    <property name="sun.cpu.endian" value="little"/>
    <property name="user.home" value="C:\Users\Akundar"/>
    <property name="user.language" value="en"/>
    <property name="java.specification.vendor" value="Oracle Corporation"/>
    <property name="java.version.date" value="2021-09-14"/>
    <property name="java.home" value="C:\Users\Akundar\Installers\openjdk-17_windows-x64_bin (1)\jdk-17"/>
    <property name="file.separator" value="\"/>
    <property name="basedir" value="C:\Users\Akundar\eclipse-workspace\AEMhdfc"/>
    <property name="java.vm.compressedOopsMode" value="Zero based"/>
    <property name="line.separator" value="&#10;"/>
    <property name="java.vm.specification.vendor" value="Oracle Corporation"/>
    <property name="java.specification.name" value="Java Platform API Specification"/>
    <property name="surefire.real.class.path" value="C:\Users\Akundar\AppData\Local\Temp\surefire3492447564915661766\surefirebooter18186885133700316883.jar"/>
    <property name="user.script" value=""/>
    <property name="sun.management.compiler" value="HotSpot 64-Bit Tiered Compilers"/>
    <property name="java.runtime.version" value="17+35-2724"/>
    <property name="webdriver.edge.driver" value="C:\Users\Akundar\.cache\selenium\msedgedriver\win64\96.0.1054.62\msedgedriver.exe"/>
    <property name="user.name" value="akundar"/>
    <property name="path.separator" value=";"/>
    <property name="os.version" value="10.0"/>
    <property name="java.runtime.name" value="OpenJDK Runtime Environment"/>
    <property name="file.encoding" value="Cp1252"/>
    <property name="java.vm.name" value="OpenJDK 64-Bit Server VM"/>
    <property name="localRepository" value="C:\Users\Akundar\.m2\repository"/>
    <property name="java.vendor.url.bug" value="https://bugreport.java.com/bugreport/"/>
    <property name="java.io.tmpdir" value="C:\Users\Akundar\AppData\Local\Temp\"/>
    <property name="java.version" value="17"/>
    <property name="user.dir" value="C:\Users\Akundar\eclipse-workspace\AEMhdfc"/>
    <property name="os.arch" value="amd64"/>
    <property name="java.vm.specification.name" value="Java Virtual Machine Specification"/>
    <property name="sun.os.patch.level" value=""/>
    <property name="native.encoding" value="Cp1252"/>
    <property name="java.library.path" value="C:\Users\Akundar\Installers\openjdk-17_windows-x64_bin (1)\jdk-17\bin;C:\WINDOWS\Sun\Java\bin;C:\WINDOWS\system32;C:\WINDOWS;C:/Users/Akundar/Installers/openjdk-17_windows-x64_bin (1)/jdk-17/bin/server;C:/Users/Akundar/Installers/openjdk-17_windows-x64_bin (1)/jdk-17/bin;C:\Program Files (x86)\RSA SecurID Token Common;C:\Program Files\RSA SecurID Token Common;C:\Program Files (x86)\Common Files\Oracle\Java\javapath;C:\Program Files\Eclipse Foundation\jdk-11.0.12.7-hotspot\bin;C:\Program Files (x86)\Common Files\Oracle\Java\javapath_target_9596750;C:\WINDOWS\system32;C:\WINDOWS;C:\WINDOWS\System32\Wbem;C:\WINDOWS\System32\WindowsPowerShell\v1.0\;C:\WINDOWS\System32\OpenSSH\;C:\Users\Akundar\Installers\openjdk-17_windows-x64_bin (1)\jdk-17\bin;C:\apache-maven-3.8.2-bin (1)\apache-maven-3.8.2\bin;C:\Users\Akundar\Downloads\edgedriver_win64;;C:\Program Files\Docker\Docker\resources\bin;C:\ProgramData\DockerDesktop\version-bin;C:\Users\Akundar\AppData\Local\Microsoft\WindowsApps;C:\Users\Akundar\AppData\Local\Programs\Git\cmd;C:\Users\Akundar\OneDrive - Capgemini\Desktop;;."/>
    <property name="java.vm.info" value="mixed mode, sharing"/>
    <property name="java.vendor" value="Oracle Corporation"/>
    <property name="java.vm.version" value="17+35-2724"/>
    <property name="sun.io.unicode.encoding" value="UnicodeLittle"/>
    <property name="java.class.version" value="61.0"/>
  </properties>
  <testcase name="verifyBannerCarousel" classname="SeleniumTesting.AEMhdfc.HomepageTest" time="15.856">
    <system-out><![CDATA[Before navigating to: 'https://www.hdfclife.com/'
Navigated to:'https://www.hdfclife.com/'
11:59:19.805 [main] INFO  SeleniumTesting.AEMhdfc.HomepageTest - Homepage test cases started
Trying to find Element By : By.xpath: //li[@data-slide-to='1']
Found Element By : By.xpath: //li[@data-slide-to='1']
Trying to click on: [[EdgeDriver: msedge on WINDOWS (e43f52fd913ea81239764e5478f634f2)] -> xpath: //li[@data-slide-to='1']]
Clicked on: [[EdgeDriver: msedge on WINDOWS (e43f52fd913ea81239764e5478f634f2)] -> xpath: //li[@data-slide-to='1']]
Trying to find Element By : By.xpath: //div[@class='carousel-item active']//img[@class='bg-align']
Found Element By : By.xpath: //div[@class='carousel-item active']//img[@class='bg-align']
Trying to find Element By : By.xpath: //li[@data-slide-to='2']
Found Element By : By.xpath: //li[@data-slide-to='2']
Trying to click on: [[EdgeDriver: msedge on WINDOWS (e43f52fd913ea81239764e5478f634f2)] -> xpath: //li[@data-slide-to='2']]
Clicked on: [[EdgeDriver: msedge on WINDOWS (e43f52fd913ea81239764e5478f634f2)] -> xpath: //li[@data-slide-to='2']]
Trying to find Element By : By.xpath: //div[@class='carousel-item active']//img[@class='bg-align']
Found Element By : By.xpath: //div[@class='carousel-item active']//img[@class='bg-align']
Trying to find Element By : By.xpath: //li[@data-slide-to='3']
Found Element By : By.xpath: //li[@data-slide-to='3']
Trying to click on: [[EdgeDriver: msedge on WINDOWS (e43f52fd913ea81239764e5478f634f2)] -> xpath: //li[@data-slide-to='3']]
Clicked on: [[EdgeDriver: msedge on WINDOWS (e43f52fd913ea81239764e5478f634f2)] -> xpath: //li[@data-slide-to='3']]
Trying to find Element By : By.xpath: //div[@class='carousel-item active']//img[@class='bg-align']
Found Element By : By.xpath: //div[@class='carousel-item active']//img[@class='bg-align']
Trying to find Element By : By.xpath: //li[@data-slide-to='4']
Found Element By : By.xpath: //li[@data-slide-to='4']
Trying to click on: [[EdgeDriver: msedge on WINDOWS (e43f52fd913ea81239764e5478f634f2)] -> xpath: //li[@data-slide-to='4']]
Clicked on: [[EdgeDriver: msedge on WINDOWS (e43f52fd913ea81239764e5478f634f2)] -> xpath: //li[@data-slide-to='4']]
Trying to find Element By : By.xpath: //div[@class='carousel-item active']//img[@class='bg-align']
Found Element By : By.xpath: //div[@class='carousel-item active']//img[@class='bg-align']
Trying to find Element By : By.xpath: //li[@data-slide-to='0']
Found Element By : By.xpath: //li[@data-slide-to='0']
Trying to click on: [[EdgeDriver: msedge on WINDOWS (e43f52fd913ea81239764e5478f634f2)] -> xpath: //li[@data-slide-to='0']]
Clicked on: [[EdgeDriver: msedge on WINDOWS (e43f52fd913ea81239764e5478f634f2)] -> xpath: //li[@data-slide-to='0']]
Trying to find Element By : By.xpath: //div[@class='carousel-item active']//img[@class='bg-align']
Found Element By : By.xpath: //div[@class='carousel-item active']//img[@class='bg-align']
]]></system-out>
    <system-err><![CDATA[SLF4J: Failed to load class "org.slf4j.impl.StaticLoggerBinder".
SLF4J: Defaulting to no-operation (NOP) logger implementation
SLF4J: See http://www.slf4j.org/codes.html#StaticLoggerBinder for further details.
Dec 20, 2021 11:59:13 AM org.openqa.selenium.remote.DesiredCapabilities edge
INFO: Using `new EdgeOptions()` is preferred to `DesiredCapabilities.edge()`
Starting MSEdgeDriver 96.0.1054.62 (f97cb2ce0103f6eaa6dc1994d77748c659744916) on port 18649
Only local connections are allowed.
Please see https://chromedriver.chromium.org/security-considerations for suggestions on keeping MSEdgeDriver safe.
MSEdgeDriver was started successfully.
Dec 20, 2021 11:59:16 AM org.openqa.selenium.remote.ProtocolHandshake createSession
INFO: Detected dialect: W3C
]]></system-err>
  </testcase>
  <testcase name="verifyTermPlanOnBanner" classname="SeleniumTesting.AEMhdfc.HomepageTest" time="13.729">
    <system-out><![CDATA[Trying to find Element By : By.xpath: //a[@onclick='categoryBox(this)'][1]
Found Element By : By.xpath: //a[@onclick='categoryBox(this)'][1]
Trying to click on: [[EdgeDriver: msedge on WINDOWS (e43f52fd913ea81239764e5478f634f2)] -> xpath: //a[@onclick='categoryBox(this)'][1]]
Clicked on: [[EdgeDriver: msedge on WINDOWS (e43f52fd913ea81239764e5478f634f2)] -> xpath: //a[@onclick='categoryBox(this)'][1]]
Navigating back to previous page
Navigated back to previous page
]]></system-out>
  </testcase>
  <testcase name="verifySavingPlansOnBanner" classname="SeleniumTesting.AEMhdfc.HomepageTest" time="11.694">
    <system-out><![CDATA[Trying to find Element By : By.xpath: //a[@href='/savings-plans']//div
Found Element By : By.xpath: //a[@href='/savings-plans']//div
Trying to find Element By : By.xpath: //a[@href='/savings-plans']//div
Found Element By : By.xpath: //a[@href='/savings-plans']//div
Trying to click on: [[EdgeDriver: msedge on WINDOWS (e43f52fd913ea81239764e5478f634f2)] -> xpath: //a[@href='/savings-plans']//div]
Clicked on: [[EdgeDriver: msedge on WINDOWS (e43f52fd913ea81239764e5478f634f2)] -> xpath: //a[@href='/savings-plans']//div]
Navigating back to previous page
Navigated back to previous page
]]></system-out>
  </testcase>
  <testcase name="verifyChildrenPlansOnBanner" classname="SeleniumTesting.AEMhdfc.HomepageTest" time="11.438">
    <system-out><![CDATA[Trying to find Element By : By.xpath: //a[@href='/children-insurance-plans']//div
Found Element By : By.xpath: //a[@href='/children-insurance-plans']//div
Trying to find Element By : By.xpath: //a[@href='/children-insurance-plans']//div
Found Element By : By.xpath: //a[@href='/children-insurance-plans']//div
Trying to click on: [[EdgeDriver: msedge on WINDOWS (e43f52fd913ea81239764e5478f634f2)] -> xpath: //a[@href='/children-insurance-plans']//div]
Clicked on: [[EdgeDriver: msedge on WINDOWS (e43f52fd913ea81239764e5478f634f2)] -> xpath: //a[@href='/children-insurance-plans']//div]
Navigating back to previous page
Navigated back to previous page
]]></system-out>
  </testcase>
  <testcase name="verifyRetirementPlansOnBanner" classname="SeleniumTesting.AEMhdfc.HomepageTest" time="11.475">
    <system-out><![CDATA[Trying to find Element By : By.xpath: //a[@href='/retirement-and-pension-plans']//div//h2[@class='h5']
Found Element By : By.xpath: //a[@href='/retirement-and-pension-plans']//div//h2[@class='h5']
Trying to find Element By : By.xpath: //a[@href='/retirement-and-pension-plans']//div//h2[@class='h5']
Found Element By : By.xpath: //a[@href='/retirement-and-pension-plans']//div//h2[@class='h5']
Trying to click on: [[EdgeDriver: msedge on WINDOWS (e43f52fd913ea81239764e5478f634f2)] -> xpath: //a[@href='/retirement-and-pension-plans']//div//h2[@class='h5']]
Clicked on: [[EdgeDriver: msedge on WINDOWS (e43f52fd913ea81239764e5478f634f2)] -> xpath: //a[@href='/retirement-and-pension-plans']//div//h2[@class='h5']]
Navigating back to previous page
Navigated back to previous page
]]></system-out>
  </testcase>
  <testcase name="verifyViewAllButton" classname="SeleniumTesting.AEMhdfc.HomepageTest" time="3.18">
    <system-out><![CDATA[Trying to find Element By : By.xpath: //div[@class='viewall']
Found Element By : By.xpath: //div[@class='viewall']
Trying to find Element By : By.xpath: //div[@class='viewall']
Found Element By : By.xpath: //div[@class='viewall']
Trying to click on: [[EdgeDriver: msedge on WINDOWS (e43f52fd913ea81239764e5478f634f2)] -> xpath: //div[@class='viewall']]
Clicked on: [[EdgeDriver: msedge on WINDOWS (e43f52fd913ea81239764e5478f634f2)] -> xpath: //div[@class='viewall']]
]]></system-out>
  </testcase>
  <testcase name="verifyULIPPlansOnBanner" classname="SeleniumTesting.AEMhdfc.HomepageTest" time="11.909">
    <system-out><![CDATA[Trying to find Element By : By.xpath: //a[@class='tile']//div//span[@class='bg-Term_plans bg-plans-4']
Found Element By : By.xpath: //a[@class='tile']//div//span[@class='bg-Term_plans bg-plans-4']
Trying to find Element By : By.xpath: //a[@class='tile']//div//span[@class='bg-Term_plans bg-plans-4']
Found Element By : By.xpath: //a[@class='tile']//div//span[@class='bg-Term_plans bg-plans-4']
Trying to click on: [[EdgeDriver: msedge on WINDOWS (e43f52fd913ea81239764e5478f634f2)] -> xpath: //a[@class='tile']//div//span[@class='bg-Term_plans bg-plans-4']]
Clicked on: [[EdgeDriver: msedge on WINDOWS (e43f52fd913ea81239764e5478f634f2)] -> xpath: //a[@class='tile']//div//span[@class='bg-Term_plans bg-plans-4']]
Navigating back to previous page
Navigated back to previous page
]]></system-out>
  </testcase>
  <testcase name="verifyFixedMaturityPlanOnBanner" classname="SeleniumTesting.AEMhdfc.HomepageTest" time="15.42">
    <system-out><![CDATA[Trying to find Element By : By.xpath: //div[@class='viewall']
Found Element By : By.xpath: //div[@class='viewall']
Trying to find Element By : By.xpath: //div[@class='viewall']
Found Element By : By.xpath: //div[@class='viewall']
Trying to click on: [[EdgeDriver: msedge on WINDOWS (e43f52fd913ea81239764e5478f634f2)] -> xpath: //div[@class='viewall']]
Clicked on: [[EdgeDriver: msedge on WINDOWS (e43f52fd913ea81239764e5478f634f2)] -> xpath: //div[@class='viewall']]
Trying to find Element By : By.xpath: //a[@href='/savings-plans/sanchay-fixed-maturity-plan']//div
Found Element By : By.xpath: //a[@href='/savings-plans/sanchay-fixed-maturity-plan']//div
Trying to find Element By : By.xpath: //a[@href='/savings-plans/sanchay-fixed-maturity-plan']//div
Found Element By : By.xpath: //a[@href='/savings-plans/sanchay-fixed-maturity-plan']//div
Trying to click on: [[EdgeDriver: msedge on WINDOWS (e43f52fd913ea81239764e5478f634f2)] -> xpath: //a[@href='/savings-plans/sanchay-fixed-maturity-plan']//div]
Clicked on: [[EdgeDriver: msedge on WINDOWS (e43f52fd913ea81239764e5478f634f2)] -> xpath: //a[@href='/savings-plans/sanchay-fixed-maturity-plan']//div]
Navigating back to previous page
Navigated back to previous page
]]></system-out>
  </testcase>
  <testcase name="verifyHealthPlansOnBanner" classname="SeleniumTesting.AEMhdfc.HomepageTest" time="15.023">
    <system-out><![CDATA[Trying to find Element By : By.xpath: //div[@class='viewall']
Found Element By : By.xpath: //div[@class='viewall']
Trying to find Element By : By.xpath: //div[@class='viewall']
Found Element By : By.xpath: //div[@class='viewall']
Trying to click on: [[EdgeDriver: msedge on WINDOWS (e43f52fd913ea81239764e5478f634f2)] -> xpath: //div[@class='viewall']]
Clicked on: [[EdgeDriver: msedge on WINDOWS (e43f52fd913ea81239764e5478f634f2)] -> xpath: //div[@class='viewall']]
Trying to find Element By : By.xpath: //a[@href='/health-insurance-plans']//div//h2[@class='h5']
Found Element By : By.xpath: //a[@href='/health-insurance-plans']//div//h2[@class='h5']
Trying to find Element By : By.xpath: //a[@href='/health-insurance-plans']//div//h2[@class='h5']
Found Element By : By.xpath: //a[@href='/health-insurance-plans']//div//h2[@class='h5']
Trying to click on: [[EdgeDriver: msedge on WINDOWS (e43f52fd913ea81239764e5478f634f2)] -> xpath: //a[@href='/health-insurance-plans']//div//h2[@class='h5']]
Clicked on: [[EdgeDriver: msedge on WINDOWS (e43f52fd913ea81239764e5478f634f2)] -> xpath: //a[@href='/health-insurance-plans']//div//h2[@class='h5']]
Navigating back to previous page
Navigated back to previous page
]]></system-out>
  </testcase>
  <testcase name="verifyPosPlansOnBanner" classname="SeleniumTesting.AEMhdfc.HomepageTest" time="15.164">
    <system-out><![CDATA[Trying to find Element By : By.xpath: //div[@class='viewall']
Found Element By : By.xpath: //div[@class='viewall']
Trying to find Element By : By.xpath: //div[@class='viewall']
Found Element By : By.xpath: //div[@class='viewall']
Trying to click on: [[EdgeDriver: msedge on WINDOWS (e43f52fd913ea81239764e5478f634f2)] -> xpath: //div[@class='viewall']]
Clicked on: [[EdgeDriver: msedge on WINDOWS (e43f52fd913ea81239764e5478f634f2)] -> xpath: //div[@class='viewall']]
Trying to find Element By : By.xpath: //a[@href='/savings-plans/pos-guaranteed-savings-plan']//div//h2[@class='h5']
Found Element By : By.xpath: //a[@href='/savings-plans/pos-guaranteed-savings-plan']//div//h2[@class='h5']
Trying to find Element By : By.xpath: //a[@href='/savings-plans/pos-guaranteed-savings-plan']//div//h2[@class='h5']
Found Element By : By.xpath: //a[@href='/savings-plans/pos-guaranteed-savings-plan']//div//h2[@class='h5']
Trying to click on: [[EdgeDriver: msedge on WINDOWS (e43f52fd913ea81239764e5478f634f2)] -> xpath: //a[@href='/savings-plans/pos-guaranteed-savings-plan']//div//h2[@class='h5']]
Clicked on: [[EdgeDriver: msedge on WINDOWS (e43f52fd913ea81239764e5478f634f2)] -> xpath: //a[@href='/savings-plans/pos-guaranteed-savings-plan']//div//h2[@class='h5']]
Navigating back to previous page
Navigated back to previous page
]]></system-out>
  </testcase>
  <testcase name="verifyComboPlansOnBanner" classname="SeleniumTesting.AEMhdfc.HomepageTest" time="20.225">
    <system-out><![CDATA[Trying to find Element By : By.xpath: //div[@class='viewall']
Found Element By : By.xpath: //div[@class='viewall']
Trying to find Element By : By.xpath: //div[@class='viewall']
Found Element By : By.xpath: //div[@class='viewall']
Trying to click on: [[EdgeDriver: msedge on WINDOWS (e43f52fd913ea81239764e5478f634f2)] -> xpath: //div[@class='viewall']]
Clicked on: [[EdgeDriver: msedge on WINDOWS (e43f52fd913ea81239764e5478f634f2)] -> xpath: //div[@class='viewall']]
Trying to find Element By : By.xpath: //div[@class='swiper-button-next']
Found Element By : By.xpath: //div[@class='swiper-button-next']
Trying to click on: [[EdgeDriver: msedge on WINDOWS (e43f52fd913ea81239764e5478f634f2)] -> xpath: //div[@class='swiper-button-next']]
Clicked on: [[EdgeDriver: msedge on WINDOWS (e43f52fd913ea81239764e5478f634f2)] -> xpath: //div[@class='swiper-button-next']]
Trying to find Element By : By.xpath: //a[@class='tile']//div//span[@class='bg-Term_plans bg-plans-8']
Found Element By : By.xpath: //a[@class='tile']//div//span[@class='bg-Term_plans bg-plans-8']
Trying to find Element By : By.xpath: //a[@class='tile']//div//span[@class='bg-Term_plans bg-plans-8']
Found Element By : By.xpath: //a[@class='tile']//div//span[@class='bg-Term_plans bg-plans-8']
Trying to click on: [[EdgeDriver: msedge on WINDOWS (e43f52fd913ea81239764e5478f634f2)] -> xpath: //a[@class='tile']//div//span[@class='bg-Term_plans bg-plans-8']]
Clicked on: [[EdgeDriver: msedge on WINDOWS (e43f52fd913ea81239764e5478f634f2)] -> xpath: //a[@class='tile']//div//span[@class='bg-Term_plans bg-plans-8']]
Navigating back to previous page
Navigated back to previous page
]]></system-out>
  </testcase>
  <testcase name="verifyGroupPlansOnBanner" classname="SeleniumTesting.AEMhdfc.HomepageTest" time="33.424">
    <system-out><![CDATA[Trying to find Element By : By.xpath: //div[@class='viewall']
Found Element By : By.xpath: //div[@class='viewall']
Trying to find Element By : By.xpath: //div[@class='viewall']
Found Element By : By.xpath: //div[@class='viewall']
Trying to click on: [[EdgeDriver: msedge on WINDOWS (e43f52fd913ea81239764e5478f634f2)] -> xpath: //div[@class='viewall']]
Clicked on: [[EdgeDriver: msedge on WINDOWS (e43f52fd913ea81239764e5478f634f2)] -> xpath: //div[@class='viewall']]
Trying to find Element By : By.xpath: //div[@class='swiper-button-next']
Found Element By : By.xpath: //div[@class='swiper-button-next']
Trying to find Element By : By.xpath: //div[@class='swiper-button-next']
Found Element By : By.xpath: //div[@class='swiper-button-next']
Trying to click on: [[EdgeDriver: msedge on WINDOWS (e43f52fd913ea81239764e5478f634f2)] -> xpath: //div[@class='swiper-button-next']]
Clicked on: [[EdgeDriver: msedge on WINDOWS (e43f52fd913ea81239764e5478f634f2)] -> xpath: //div[@class='swiper-button-next']]
Trying to find Element By : By.xpath: //div[@class='swiper-button-next']
Found Element By : By.xpath: //div[@class='swiper-button-next']
Trying to find Element By : By.xpath: //div[@class='swiper-button-next']
Found Element By : By.xpath: //div[@class='swiper-button-next']
Trying to click on: [[EdgeDriver: msedge on WINDOWS (e43f52fd913ea81239764e5478f634f2)] -> xpath: //div[@class='swiper-button-next']]
Clicked on: [[EdgeDriver: msedge on WINDOWS (e43f52fd913ea81239764e5478f634f2)] -> xpath: //div[@class='swiper-button-next']]
Trying to find Element By : By.xpath: //div[@class='swiper-button-next']
Found Element By : By.xpath: //div[@class='swiper-button-next']
Trying to find Element By : By.xpath: //div[@class='swiper-button-next']
Found Element By : By.xpath: //div[@class='swiper-button-next']
Trying to click on: [[EdgeDriver: msedge on WINDOWS (e43f52fd913ea81239764e5478f634f2)] -> xpath: //div[@class='swiper-button-next']]
Clicked on: [[EdgeDriver: msedge on WINDOWS (e43f52fd913ea81239764e5478f634f2)] -> xpath: //div[@class='swiper-button-next']]
Trying to find Element By : By.xpath: //div[@class='swiper-button-next']
Found Element By : By.xpath: //div[@class='swiper-button-next']
Trying to find Element By : By.xpath: //div[@class='swiper-button-next']
Found Element By : By.xpath: //div[@class='swiper-button-next']
Trying to click on: [[EdgeDriver: msedge on WINDOWS (e43f52fd913ea81239764e5478f634f2)] -> xpath: //div[@class='swiper-button-next']]
Clicked on: [[EdgeDriver: msedge on WINDOWS (e43f52fd913ea81239764e5478f634f2)] -> xpath: //div[@class='swiper-button-next']]
Trying to find Element By : By.xpath: //div[@class='swiper-button-next']
Found Element By : By.xpath: //div[@class='swiper-button-next']
Trying to find Element By : By.xpath: //div[@class='swiper-button-next']
Found Element By : By.xpath: //div[@class='swiper-button-next']
Trying to click on: [[EdgeDriver: msedge on WINDOWS (e43f52fd913ea81239764e5478f634f2)] -> xpath: //div[@class='swiper-button-next']]
Clicked on: [[EdgeDriver: msedge on WINDOWS (e43f52fd913ea81239764e5478f634f2)] -> xpath: //div[@class='swiper-button-next']]
Trying to find Element By : By.xpath: //a[@class='tile']//div//span[@class='bg-Term_plans bg-plans-9']
Found Element By : By.xpath: //a[@class='tile']//div//span[@class='bg-Term_plans bg-plans-9']
Trying to find Element By : By.xpath: //a[@class='tile']//div//span[@class='bg-Term_plans bg-plans-9']
Found Element By : By.xpath: //a[@class='tile']//div//span[@class='bg-Term_plans bg-plans-9']
Trying to click on: [[EdgeDriver: msedge on WINDOWS (e43f52fd913ea81239764e5478f634f2)] -> xpath: //a[@class='tile']//div//span[@class='bg-Term_plans bg-plans-9']]
Clicked on: [[EdgeDriver: msedge on WINDOWS (e43f52fd913ea81239764e5478f634f2)] -> xpath: //a[@class='tile']//div//span[@class='bg-Term_plans bg-plans-9']]
Navigating back to previous page
Navigated back to previous page
]]></system-out>
  </testcase>
  <testcase name="verifyArrowButtonsOnBanner" classname="SeleniumTesting.AEMhdfc.HomepageTest" time="43.168">
    <system-out><![CDATA[Trying to find Element By : By.xpath: //div[@class='viewall']
Found Element By : By.xpath: //div[@class='viewall']
Trying to find Element By : By.xpath: //div[@class='viewall']
Found Element By : By.xpath: //div[@class='viewall']
Trying to click on: [[EdgeDriver: msedge on WINDOWS (e43f52fd913ea81239764e5478f634f2)] -> xpath: //div[@class='viewall']]
Clicked on: [[EdgeDriver: msedge on WINDOWS (e43f52fd913ea81239764e5478f634f2)] -> xpath: //div[@class='viewall']]
Trying to find Element By : By.xpath: //div[@class='swiper-button-next']
Found Element By : By.xpath: //div[@class='swiper-button-next']
Trying to find Element By : By.xpath: //div[@class='swiper-button-next']
Found Element By : By.xpath: //div[@class='swiper-button-next']
Trying to click on: [[EdgeDriver: msedge on WINDOWS (e43f52fd913ea81239764e5478f634f2)] -> xpath: //div[@class='swiper-button-next']]
Clicked on: [[EdgeDriver: msedge on WINDOWS (e43f52fd913ea81239764e5478f634f2)] -> xpath: //div[@class='swiper-button-next']]
Trying to find Element By : By.xpath: //div[@class='swiper-button-next']
Found Element By : By.xpath: //div[@class='swiper-button-next']
Trying to find Element By : By.xpath: //div[@class='swiper-button-next']
Found Element By : By.xpath: //div[@class='swiper-button-next']
Trying to click on: [[EdgeDriver: msedge on WINDOWS (e43f52fd913ea81239764e5478f634f2)] -> xpath: //div[@class='swiper-button-next']]
Clicked on: [[EdgeDriver: msedge on WINDOWS (e43f52fd913ea81239764e5478f634f2)] -> xpath: //div[@class='swiper-button-next']]
Trying to find Element By : By.xpath: //div[@class='swiper-button-next']
Found Element By : By.xpath: //div[@class='swiper-button-next']
Trying to find Element By : By.xpath: //div[@class='swiper-button-next']
Found Element By : By.xpath: //div[@class='swiper-button-next']
Trying to click on: [[EdgeDriver: msedge on WINDOWS (e43f52fd913ea81239764e5478f634f2)] -> xpath: //div[@class='swiper-button-next']]
Clicked on: [[EdgeDriver: msedge on WINDOWS (e43f52fd913ea81239764e5478f634f2)] -> xpath: //div[@class='swiper-button-next']]
Trying to find Element By : By.xpath: //div[@class='swiper-button-next']
Found Element By : By.xpath: //div[@class='swiper-button-next']
Trying to find Element By : By.xpath: //div[@class='swiper-button-next']
Found Element By : By.xpath: //div[@class='swiper-button-next']
Trying to click on: [[EdgeDriver: msedge on WINDOWS (e43f52fd913ea81239764e5478f634f2)] -> xpath: //div[@class='swiper-button-next']]
Clicked on: [[EdgeDriver: msedge on WINDOWS (e43f52fd913ea81239764e5478f634f2)] -> xpath: //div[@class='swiper-button-next']]
Trying to find Element By : By.xpath: //div[@class='swiper-button-next']
Found Element By : By.xpath: //div[@class='swiper-button-next']
Trying to find Element By : By.xpath: //div[@class='swiper-button-next']
Found Element By : By.xpath: //div[@class='swiper-button-next']
Trying to click on: [[EdgeDriver: msedge on WINDOWS (e43f52fd913ea81239764e5478f634f2)] -> xpath: //div[@class='swiper-button-next']]
Clicked on: [[EdgeDriver: msedge on WINDOWS (e43f52fd913ea81239764e5478f634f2)] -> xpath: //div[@class='swiper-button-next']]
Trying to find Element By : By.xpath: //div[@class='swiper-button-next swiper-button-disabled']
Found Element By : By.xpath: //div[@class='swiper-button-next swiper-button-disabled']
Trying to find Element By : By.xpath: //div[@class='swiper-button-prev']
Found Element By : By.xpath: //div[@class='swiper-button-prev']
Trying to find Element By : By.xpath: //div[@class='swiper-button-prev']
Found Element By : By.xpath: //div[@class='swiper-button-prev']
Trying to click on: [[EdgeDriver: msedge on WINDOWS (e43f52fd913ea81239764e5478f634f2)] -> xpath: //div[@class='swiper-button-prev']]
Clicked on: [[EdgeDriver: msedge on WINDOWS (e43f52fd913ea81239764e5478f634f2)] -> xpath: //div[@class='swiper-button-prev']]
Trying to find Element By : By.xpath: //div[@class='swiper-button-prev']
Found Element By : By.xpath: //div[@class='swiper-button-prev']
Trying to find Element By : By.xpath: //div[@class='swiper-button-prev']
Found Element By : By.xpath: //div[@class='swiper-button-prev']
Trying to click on: [[EdgeDriver: msedge on WINDOWS (e43f52fd913ea81239764e5478f634f2)] -> xpath: //div[@class='swiper-button-prev']]
Clicked on: [[EdgeDriver: msedge on WINDOWS (e43f52fd913ea81239764e5478f634f2)] -> xpath: //div[@class='swiper-button-prev']]
Trying to find Element By : By.xpath: //div[@class='swiper-button-prev']
Found Element By : By.xpath: //div[@class='swiper-button-prev']
Trying to find Element By : By.xpath: //div[@class='swiper-button-prev']
Found Element By : By.xpath: //div[@class='swiper-button-prev']
Trying to click on: [[EdgeDriver: msedge on WINDOWS (e43f52fd913ea81239764e5478f634f2)] -> xpath: //div[@class='swiper-button-prev']]
Clicked on: [[EdgeDriver: msedge on WINDOWS (e43f52fd913ea81239764e5478f634f2)] -> xpath: //div[@class='swiper-button-prev']]
Trying to find Element By : By.xpath: //div[@class='swiper-button-prev']
Found Element By : By.xpath: //div[@class='swiper-button-prev']
Trying to find Element By : By.xpath: //div[@class='swiper-button-prev']
Found Element By : By.xpath: //div[@class='swiper-button-prev']
Trying to click on: [[EdgeDriver: msedge on WINDOWS (e43f52fd913ea81239764e5478f634f2)] -> xpath: //div[@class='swiper-button-prev']]
Clicked on: [[EdgeDriver: msedge on WINDOWS (e43f52fd913ea81239764e5478f634f2)] -> xpath: //div[@class='swiper-button-prev']]
Trying to find Element By : By.xpath: //div[@class='swiper-button-prev']
Found Element By : By.xpath: //div[@class='swiper-button-prev']
Trying to find Element By : By.xpath: //div[@class='swiper-button-prev']
Found Element By : By.xpath: //div[@class='swiper-button-prev']
Trying to click on: [[EdgeDriver: msedge on WINDOWS (e43f52fd913ea81239764e5478f634f2)] -> xpath: //div[@class='swiper-button-prev']]
Clicked on: [[EdgeDriver: msedge on WINDOWS (e43f52fd913ea81239764e5478f634f2)] -> xpath: //div[@class='swiper-button-prev']]
Trying to find Element By : By.xpath: //div[@class='swiper-button-prev swiper-button-disabled']
Found Element By : By.xpath: //div[@class='swiper-button-prev swiper-button-disabled']
Trying to find Element By : By.xpath: //div[@class='swiper-button-next']
Found Element By : By.xpath: //div[@class='swiper-button-next']
Trying to find Element By : By.xpath: //div[@class='swiper-button-next']
Found Element By : By.xpath: //div[@class='swiper-button-next']
Trying to click on: [[EdgeDriver: msedge on WINDOWS (e43f52fd913ea81239764e5478f634f2)] -> xpath: //div[@class='swiper-button-next']]
Clicked on: [[EdgeDriver: msedge on WINDOWS (e43f52fd913ea81239764e5478f634f2)] -> xpath: //div[@class='swiper-button-next']]
Trying to find Element By : By.xpath: //div[@class='swiper-button-prev']
Found Element By : By.xpath: //div[@class='swiper-button-prev']
]]></system-out>
  </testcase>
  <testcase name="verifyMouseIndicator" classname="SeleniumTesting.AEMhdfc.HomepageTest" time="9.1">
    <system-out><![CDATA[Trying to find Element By : By.xpath: //li[@data-slide-to='0']
Found Element By : By.xpath: //li[@data-slide-to='0']
Trying to find Element By : By.xpath: //img[@src='/content/dam/hdfclifeinsurancecompany/home/banner/mc.svg']
Found Element By : By.xpath: //img[@src='/content/dam/hdfclifeinsurancecompany/home/banner/mc.svg']
Trying to find Element By : By.xpath: //img[@src='/content/dam/hdfclifeinsurancecompany/home/banner/mc.svg']
Found Element By : By.xpath: //img[@src='/content/dam/hdfclifeinsurancecompany/home/banner/mc.svg']
Trying to click on: [[EdgeDriver: msedge on WINDOWS (e43f52fd913ea81239764e5478f634f2)] -> xpath: //img[@src='/content/dam/hdfclifeinsurancecompany/home/banner/mc.svg']]
Clicked on: [[EdgeDriver: msedge on WINDOWS (e43f52fd913ea81239764e5478f634f2)] -> xpath: //img[@src='/content/dam/hdfclifeinsurancecompany/home/banner/mc.svg']]
]]></system-out>
  </testcase>
  <testcase name="verifyschedulePopupWithValidDataProductPage[Amit Kundar, 9.768462054E9](1)" classname="SeleniumTesting.AEMhdfc.HomepageTest" time="8.432">
    <system-out><![CDATA[12:03:10.853 [main] TRACE org.apache.xmlbeans.impl.common.XBeanDebug - Loading type system org.apache.poi.schemas.ooxml.system.ooxml
12:03:10.855 [main] TRACE org.apache.xmlbeans.impl.common.XBeanDebug - Loading type system org.apache.xmlbeans.metadata.system.sXMLCONFIG
12:03:10.856 [main] TRACE org.apache.xmlbeans.impl.common.XBeanDebug - Loading type system org.apache.xmlbeans.metadata.system.sXMLLANG
12:03:10.856 [main] TRACE org.apache.xmlbeans.impl.common.XBeanDebug - Loading type system org.apache.xmlbeans.metadata.system.sXMLSCHEMA
12:03:10.857 [main] TRACE org.apache.xmlbeans.impl.common.XBeanDebug - Loading type system org.apache.xmlbeans.metadata.system.sXMLTOOLS
12:03:10.858 [main] TRACE org.apache.xmlbeans.impl.common.XBeanDebug - Reading unresolved handles for type system org.apache.xmlbeans.metadata.system.sXMLTOOLS
12:03:10.866 [main] TRACE org.apache.xmlbeans.impl.common.XBeanDebug - Finished loading type system org.apache.xmlbeans.metadata.system.sXMLTOOLS
12:03:10.867 [main] TRACE org.apache.xmlbeans.impl.common.XBeanDebug - Reading unresolved handles for type system org.apache.xmlbeans.metadata.system.sXMLSCHEMA
12:03:10.870 [main] TRACE org.apache.xmlbeans.impl.common.XBeanDebug - Finished loading type system org.apache.xmlbeans.metadata.system.sXMLSCHEMA
12:03:10.870 [main] TRACE org.apache.xmlbeans.impl.common.XBeanDebug - Reading unresolved handles for type system org.apache.xmlbeans.metadata.system.sXMLLANG
12:03:10.871 [main] TRACE org.apache.xmlbeans.impl.common.XBeanDebug - Finished loading type system org.apache.xmlbeans.metadata.system.sXMLLANG
12:03:10.871 [main] TRACE org.apache.xmlbeans.impl.common.XBeanDebug - Reading unresolved handles for type system org.apache.xmlbeans.metadata.system.sXMLCONFIG
12:03:10.872 [main] TRACE org.apache.xmlbeans.impl.common.XBeanDebug - Finished loading type system org.apache.xmlbeans.metadata.system.sXMLCONFIG
12:03:10.872 [main] TRACE org.apache.xmlbeans.impl.common.XBeanDebug - Reading unresolved handles for type system org.apache.poi.schemas.ooxml.system.ooxml
12:03:10.914 [main] TRACE org.apache.xmlbeans.impl.common.XBeanDebug - Finished loading type system org.apache.poi.schemas.ooxml.system.ooxml
12:03:10.915 [main] TRACE org.apache.xmlbeans.impl.common.XBeanDebug - Resolving type for handle themefd26doctype
12:03:10.953 [main] TRACE org.apache.xmlbeans.impl.common.XBeanDebug - Resolving type for handle stylesheet5d8bdoctype
12:03:10.956 [main] TRACE org.apache.xmlbeans.impl.common.XBeanDebug - Resolving type for handle ctstylesheet4257type
12:03:10.959 [main] TRACE org.apache.xmlbeans.impl.common.XBeanDebug - Resolving type for handle ctfonts6623type
12:03:10.961 [main] TRACE org.apache.xmlbeans.impl.common.XBeanDebug - Resolving type for handle ctfont14d8type
12:03:10.964 [main] TRACE org.apache.xmlbeans.impl.common.XBeanDebug - Resolving type for handle ctfills2c6ftype
12:03:10.966 [main] TRACE org.apache.xmlbeans.impl.common.XBeanDebug - Resolving type for handle ctfill550ctype
12:03:10.968 [main] TRACE org.apache.xmlbeans.impl.common.XBeanDebug - Resolving type for handle ctborders0d66type
12:03:10.970 [main] TRACE org.apache.xmlbeans.impl.common.XBeanDebug - Resolving type for handle ctborderf935type
12:03:10.972 [main] TRACE org.apache.xmlbeans.impl.common.XBeanDebug - Resolving type for handle ctcellxfs1322type
12:03:10.973 [main] TRACE org.apache.xmlbeans.impl.common.XBeanDebug - Resolving type for handle ctxf97f7type
12:03:10.975 [main] TRACE org.apache.xmlbeans.impl.common.XBeanDebug - Resolving type for handle ctcellstylexfsa81ftype
12:03:10.976 [main] TRACE org.apache.xmlbeans.impl.common.XBeanDebug - Resolving type for handle ctdxfsb26atype
12:03:10.978 [main] TRACE org.apache.xmlbeans.impl.common.XBeanDebug - Resolving type for handle cttablestyles872ftype
12:03:10.981 [main] TRACE org.apache.xmlbeans.impl.common.XBeanDebug - Resolving type for handle sstf81fdoctype
12:03:10.985 [main] TRACE org.apache.xmlbeans.impl.common.XBeanDebug - Resolving type for handle ctsst44f3type
12:03:10.992 [main] TRACE org.apache.xmlbeans.impl.common.XBeanDebug - Resolving type for handle ctrsta472type
12:03:11.006 [main] TRACE org.apache.xmlbeans.impl.common.XBeanDebug - Resolving type for handle workbookec17doctype
12:03:11.009 [main] TRACE org.apache.xmlbeans.impl.common.XBeanDebug - Resolving type for handle ctworkbook83c3type
12:03:11.012 [main] TRACE org.apache.xmlbeans.impl.common.XBeanDebug - Resolving type for handle ctsheets49fdtype
12:03:11.013 [main] TRACE org.apache.xmlbeans.impl.common.XBeanDebug - Resolving type for handle ctsheet4dbetype
12:03:11.015 [main] TRACE org.apache.xmlbeans.impl.common.XBeanDebug - Resolving type for handle strelationshipid1e94type
12:03:11.024 [main] TRACE org.apache.xmlbeans.impl.common.XBeanDebug - Resolving type for handle worksheetf539doctype
12:03:11.028 [main] TRACE org.apache.xmlbeans.impl.common.XBeanDebug - Resolving type for handle ctworksheet530dtype
12:03:11.035 [main] TRACE org.apache.xmlbeans.impl.common.XBeanDebug - Resolving type for handle ctsheetdata8408type
12:03:11.040 [main] TRACE org.apache.xmlbeans.impl.common.XBeanDebug - Resolving type for handle ctrowdd39type
12:03:11.046 [main] TRACE org.apache.xmlbeans.impl.common.XBeanDebug - Resolving type for handle ctcell842btype
12:03:11.052 [main] TRACE org.apache.xmlbeans.impl.common.XBeanDebug - Resolving type for handle stcellrefe4e0type
12:03:11.057 [main] TRACE org.apache.xmlbeans.impl.common.XBeanDebug - Resolving type for handle ctcols627ctype
12:03:11.059 [main] TRACE org.apache.xmlbeans.impl.common.XBeanDebug - Resolving type for handle ctcola95ftype
12:03:11.072 [main] TRACE org.apache.xmlbeans.impl.common.XBeanDebug - Resolving type for handle stxstringf179type
12:03:11.074 [main] TRACE org.apache.xmlbeans.impl.common.XBeanDebug - Resolving type for handle stcelltypebf95type
12:03:11.081 [main] TRACE org.apache.xmlbeans.impl.common.XBeanDebug - Resolving type for handle stcellstylexfid70c7type
12:03:11.084 [main] TRACE org.apache.xmlbeans.impl.common.XBeanDebug - Resolving type for handle stnumfmtid76fbtype
Trying to find Element By : By.xpath: //button[@class='btn btn-primary btnred schedule-btn scb-data-layer']
Found Element By : By.xpath: //button[@class='btn btn-primary btnred schedule-btn scb-data-layer']
Trying to click on: [[EdgeDriver: msedge on WINDOWS (e43f52fd913ea81239764e5478f634f2)] -> xpath: //button[@class='btn btn-primary btnred schedule-btn scb-data-layer']]
Clicked on: [[EdgeDriver: msedge on WINDOWS (e43f52fd913ea81239764e5478f634f2)] -> xpath: //button[@class='btn btn-primary btnred schedule-btn scb-data-layer']]
Trying to find Element By : By.xpath: //input[@class='first-name']
Found Element By : By.xpath: //input[@class='first-name']
Trying to find Element By : By.xpath: //input[@class='modilewidth']
Found Element By : By.xpath: //input[@class='modilewidth']
Trying to find Element By : By.id: insurance_category
Found Element By : By.id: insurance_category
Trying to find Element By : By.id: insurance_category
Found Element By : By.id: insurance_category
Trying to find Element By : By.id: insurance_category
Found Element By : By.id: insurance_category
Trying to find Element By : By.xpath: .//option[@value = "Health Plans"]
Found Element By : By.xpath: .//option[@value = "Health Plans"]
Trying to click on: [[[[EdgeDriver: msedge on WINDOWS (e43f52fd913ea81239764e5478f634f2)] -> id: insurance_category]] -> xpath: .//option[@value = "Health Plans"]]
Clicked on: [[[[EdgeDriver: msedge on WINDOWS (e43f52fd913ea81239764e5478f634f2)] -> id: insurance_category]] -> xpath: .//option[@value = "Health Plans"]]
Trying to find Element By : By.xpath: //span[@class='close-icon1']
Found Element By : By.xpath: //span[@class='close-icon1']
Trying to find Element By : By.xpath: //span[@class='close-icon1']
Found Element By : By.xpath: //span[@class='close-icon1']
Trying to click on: [[EdgeDriver: msedge on WINDOWS (e43f52fd913ea81239764e5478f634f2)] -> xpath: //span[@class='close-icon1']]
Clicked on: [[EdgeDriver: msedge on WINDOWS (e43f52fd913ea81239764e5478f634f2)] -> xpath: //span[@class='close-icon1']]
]]></system-out>
  </testcase>
  <testcase name="verifyschedulepopupblankSubmit" classname="SeleniumTesting.AEMhdfc.HomepageTest" time="9.644">
    <system-out><![CDATA[Trying to find Element By : By.xpath: //button[@class='btn btn-primary btnred schedule-btn scb-data-layer']
Found Element By : By.xpath: //button[@class='btn btn-primary btnred schedule-btn scb-data-layer']
Trying to click on: [[EdgeDriver: msedge on WINDOWS (e43f52fd913ea81239764e5478f634f2)] -> xpath: //button[@class='btn btn-primary btnred schedule-btn scb-data-layer']]
Clicked on: [[EdgeDriver: msedge on WINDOWS (e43f52fd913ea81239764e5478f634f2)] -> xpath: //button[@class='btn btn-primary btnred schedule-btn scb-data-layer']]
Trying to find Element By : By.id: scheduleCallBtn
Found Element By : By.id: scheduleCallBtn
Trying to click on: [[EdgeDriver: msedge on WINDOWS (e43f52fd913ea81239764e5478f634f2)] -> id: scheduleCallBtn]
Clicked on: [[EdgeDriver: msedge on WINDOWS (e43f52fd913ea81239764e5478f634f2)] -> id: scheduleCallBtn]
Trying to find Element By : By.xpath: //span[contains(text(),'Please enter valid name')]
Found Element By : By.xpath: //span[contains(text(),'Please enter valid name')]
Trying to find Element By : By.xpath: //span[contains(text(),'Please enter valid name')]
Found Element By : By.xpath: //span[contains(text(),'Please enter valid name')]
Trying to find Element By : By.xpath: //span[contains(text(),'Please enter mobile number')]
Found Element By : By.xpath: //span[contains(text(),'Please enter mobile number')]
Trying to find Element By : By.xpath: //span[contains(text(),'Please enter mobile number')]
Found Element By : By.xpath: //span[contains(text(),'Please enter mobile number')]
Trying to find Element By : By.xpath: //span[contains(text(),'Please select plan type')]
Found Element By : By.xpath: //span[contains(text(),'Please select plan type')]
Trying to find Element By : By.xpath: //span[contains(text(),'Please select plan type')]
Found Element By : By.xpath: //span[contains(text(),'Please select plan type')]
Trying to find Element By : By.className: scb-checkbox
Found Element By : By.className: scb-checkbox
Trying to find Element By : By.className: scb-checkbox
Found Element By : By.className: scb-checkbox
Trying to click on: [[EdgeDriver: msedge on WINDOWS (e43f52fd913ea81239764e5478f634f2)] -> class name: scb-checkbox]
Clicked on: [[EdgeDriver: msedge on WINDOWS (e43f52fd913ea81239764e5478f634f2)] -> class name: scb-checkbox]
Trying to find Element By : By.xpath: //span[@class='scb-checkbox-error error-txt']
Found Element By : By.xpath: //span[@class='scb-checkbox-error error-txt']
Trying to find Element By : By.xpath: //span[@class='close-icon1']
Found Element By : By.xpath: //span[@class='close-icon1']
Trying to find Element By : By.xpath: //span[@class='close-icon1']
Found Element By : By.xpath: //span[@class='close-icon1']
Trying to click on: [[EdgeDriver: msedge on WINDOWS (e43f52fd913ea81239764e5478f634f2)] -> xpath: //span[@class='close-icon1']]
Clicked on: [[EdgeDriver: msedge on WINDOWS (e43f52fd913ea81239764e5478f634f2)] -> xpath: //span[@class='close-icon1']]
]]></system-out>
  </testcase>
  <testcase name="verifyschedulePopupwithoutmindata" classname="SeleniumTesting.AEMhdfc.HomepageTest" time="6.522">
    <system-out><![CDATA[Trying to find Element By : By.xpath: //button[@class='btn btn-primary btnred schedule-btn scb-data-layer']
Found Element By : By.xpath: //button[@class='btn btn-primary btnred schedule-btn scb-data-layer']
Trying to click on: [[EdgeDriver: msedge on WINDOWS (e43f52fd913ea81239764e5478f634f2)] -> xpath: //button[@class='btn btn-primary btnred schedule-btn scb-data-layer']]
Clicked on: [[EdgeDriver: msedge on WINDOWS (e43f52fd913ea81239764e5478f634f2)] -> xpath: //button[@class='btn btn-primary btnred schedule-btn scb-data-layer']]
Trying to find Element By : By.xpath: //input[@class='first-name']
Found Element By : By.xpath: //input[@class='first-name']
Trying to find Element By : By.xpath: //input[@class='modilewidth']
Found Element By : By.xpath: //input[@class='modilewidth']
Trying to find Element By : By.xpath: //span[contains(text(),'Field should contain minimum 3 and max 50 characters')]
Found Element By : By.xpath: //span[contains(text(),'Field should contain minimum 3 and max 50 characters')]
Trying to find Element By : By.xpath: //span[contains(text(),'Field should contain minimum 3 and max 50 characters')]
Found Element By : By.xpath: //span[contains(text(),'Field should contain minimum 3 and max 50 characters')]
Trying to find Element By : By.xpath: //span[contains(text(),'Field should contain minimum 3 and max 50 characters')]
Found Element By : By.xpath: //span[contains(text(),'Field should contain minimum 3 and max 50 characters')]
Trying to find Element By : By.xpath: //span[contains(text(),'Please enter valid mobile number')]
Found Element By : By.xpath: //span[contains(text(),'Please enter valid mobile number')]
Trying to find Element By : By.xpath: //span[@class='close-icon1']
Found Element By : By.xpath: //span[@class='close-icon1']
Trying to find Element By : By.xpath: //span[@class='close-icon1']
Found Element By : By.xpath: //span[@class='close-icon1']
Trying to click on: [[EdgeDriver: msedge on WINDOWS (e43f52fd913ea81239764e5478f634f2)] -> xpath: //span[@class='close-icon1']]
Clicked on: [[EdgeDriver: msedge on WINDOWS (e43f52fd913ea81239764e5478f634f2)] -> xpath: //span[@class='close-icon1']]
]]></system-out>
  </testcase>
  <testcase name="verifycalculatorWithValidData" classname="SeleniumTesting.AEMhdfc.HomepageTest" time="44.178">
    <system-out><![CDATA[Trying to find Element By : By.xpath: //h5[contains(text(),'How Much Life Insurance')]
Found Element By : By.xpath: //h5[contains(text(),'How Much Life Insurance')]
Trying to find Element By : By.xpath: //button[@class='calculate-btn btn btn-primary btnred cal-data-layer']
Found Element By : By.xpath: //button[@class='calculate-btn btn btn-primary btnred cal-data-layer']
Trying to click on: [[EdgeDriver: msedge on WINDOWS (e43f52fd913ea81239764e5478f634f2)] -> xpath: //button[@class='calculate-btn btn btn-primary btnred cal-data-layer']]
Clicked on: [[EdgeDriver: msedge on WINDOWS (e43f52fd913ea81239764e5478f634f2)] -> xpath: //button[@class='calculate-btn btn btn-primary btnred cal-data-layer']]
Trying to find Element By : By.xpath: (//input[@class='years'])[1]
Found Element By : By.xpath: (//input[@class='years'])[1]
Trying to find Element By : By.xpath: (//input[@class='years'])[2]
Found Element By : By.xpath: (//input[@class='years'])[2]
Trying to find Element By : By.id: annual-income
Found Element By : By.id: annual-income
Trying to find Element By : By.id: monthly-expenses
Found Element By : By.id: monthly-expenses
Trying to find Element By : By.id: insurance-cover
Found Element By : By.id: insurance-cover
Trying to find Element By : By.id: qualification
Found Element By : By.id: qualification
Trying to find Element By : By.xpath: .//option[@value = "graduate"]
Found Element By : By.xpath: .//option[@value = "graduate"]
Trying to find Element By : By.id: liabilities
Found Element By : By.id: liabilities
Trying to find Element By : By.xpath: .//option[@value = "0"]
Found Element By : By.xpath: .//option[@value = "0"]
Trying to find Element By : By.id: calculateHlv
Found Element By : By.id: calculateHlv
Trying to click on: [[EdgeDriver: msedge on WINDOWS (e43f52fd913ea81239764e5478f634f2)] -> id: calculateHlv]
Clicked on: [[EdgeDriver: msedge on WINDOWS (e43f52fd913ea81239764e5478f634f2)] -> id: calculateHlv]
Trying to find Element By : By.xpath: //section[@class='calculator-section calculateSection']//h2[1]
Found Element By : By.xpath: //section[@class='calculator-section calculateSection']//h2[1]
Trying to find Element By : By.xpath: //p[contains(text(),'Your Required life cover to protect your family’s ')]
Found Element By : By.xpath: //p[contains(text(),'Your Required life cover to protect your family’s ')]
Trying to find Element By : By.xpath: //a[@class='siteButton btnred']
Found Element By : By.xpath: //a[@class='siteButton btnred']
Trying to find Element By : By.xpath: //div[@class='recomendPlans']//a[1]
Found Element By : By.xpath: //div[@class='recomendPlans']//a[1]
Trying to find Element By : By.xpath: //div[@class='recomendPlans']//a[1]
Found Element By : By.xpath: //div[@class='recomendPlans']//a[1]
Trying to click on: [[EdgeDriver: msedge on WINDOWS (e43f52fd913ea81239764e5478f634f2)] -> xpath: //div[@class='recomendPlans']//a[1]]
Clicked on: [[EdgeDriver: msedge on WINDOWS (e43f52fd913ea81239764e5478f634f2)] -> xpath: //div[@class='recomendPlans']//a[1]]
Navigating back to previous page
Navigated back to previous page
Trying to find Element By : By.xpath: //button[@class='calculate-btn btn btn-primary btnred cal-data-layer']
Found Element By : By.xpath: //button[@class='calculate-btn btn btn-primary btnred cal-data-layer']
Trying to click on: [[EdgeDriver: msedge on WINDOWS (e43f52fd913ea81239764e5478f634f2)] -> xpath: //button[@class='calculate-btn btn btn-primary btnred cal-data-layer']]
Clicked on: [[EdgeDriver: msedge on WINDOWS (e43f52fd913ea81239764e5478f634f2)] -> xpath: //button[@class='calculate-btn btn btn-primary btnred cal-data-layer']]
Trying to find Element By : By.xpath: (//input[@class='years'])[1]
Found Element By : By.xpath: (//input[@class='years'])[1]
Trying to find Element By : By.xpath: (//input[@class='years'])[2]
Found Element By : By.xpath: (//input[@class='years'])[2]
Trying to find Element By : By.id: annual-income
Found Element By : By.id: annual-income
Trying to find Element By : By.id: monthly-expenses
Found Element By : By.id: monthly-expenses
Trying to find Element By : By.id: insurance-cover
Found Element By : By.id: insurance-cover
Trying to find Element By : By.id: qualification
Found Element By : By.id: qualification
Trying to find Element By : By.xpath: .//option[@value = "graduate"]
Found Element By : By.xpath: .//option[@value = "graduate"]
Trying to find Element By : By.id: liabilities
Found Element By : By.id: liabilities
Trying to find Element By : By.xpath: .//option[@value = "0"]
Found Element By : By.xpath: .//option[@value = "0"]
Trying to find Element By : By.id: calculateHlv
Found Element By : By.id: calculateHlv
Trying to click on: [[EdgeDriver: msedge on WINDOWS (e43f52fd913ea81239764e5478f634f2)] -> id: calculateHlv]
Clicked on: [[EdgeDriver: msedge on WINDOWS (e43f52fd913ea81239764e5478f634f2)] -> id: calculateHlv]
Trying to find Element By : By.xpath: //a[@class='siteButton btnred']
Found Element By : By.xpath: //a[@class='siteButton btnred']
Trying to click on: [[EdgeDriver: msedge on WINDOWS (e43f52fd913ea81239764e5478f634f2)] -> xpath: //a[@class='siteButton btnred']]
Clicked on: [[EdgeDriver: msedge on WINDOWS (e43f52fd913ea81239764e5478f634f2)] -> xpath: //a[@class='siteButton btnred']]
Navigating back to previous page
Navigated back to previous page
]]></system-out>
  </testcase>
  <testcase name="verifyCalculatorCloseBtn" classname="SeleniumTesting.AEMhdfc.HomepageTest" time="9.225">
    <system-out><![CDATA[Trying to find Element By : By.xpath: //button[@class='calculate-btn btn btn-primary btnred cal-data-layer']
Found Element By : By.xpath: //button[@class='calculate-btn btn btn-primary btnred cal-data-layer']
Trying to click on: [[EdgeDriver: msedge on WINDOWS (e43f52fd913ea81239764e5478f634f2)] -> xpath: //button[@class='calculate-btn btn btn-primary btnred cal-data-layer']]
Clicked on: [[EdgeDriver: msedge on WINDOWS (e43f52fd913ea81239764e5478f634f2)] -> xpath: //button[@class='calculate-btn btn btn-primary btnred cal-data-layer']]
Trying to find Element By : By.xpath: //span[@class='close-icon calculateClose']
Found Element By : By.xpath: //span[@class='close-icon calculateClose']
Trying to find Element By : By.xpath: //span[@class='close-icon calculateClose']
Found Element By : By.xpath: //span[@class='close-icon calculateClose']
Trying to click on: [[EdgeDriver: msedge on WINDOWS (e43f52fd913ea81239764e5478f634f2)] -> xpath: //span[@class='close-icon calculateClose']]
Clicked on: [[EdgeDriver: msedge on WINDOWS (e43f52fd913ea81239764e5478f634f2)] -> xpath: //span[@class='close-icon calculateClose']]
]]></system-out>
  </testcase>
  <testcase name="verifySanchayPlusBuyNowBtn" classname="SeleniumTesting.AEMhdfc.HomepageTest" time="12.693">
    <system-out><![CDATA[Trying to find Element By : By.xpath: //a[@data-button-name='BUY NOW']
Found Element By : By.xpath: //a[@data-button-name='BUY NOW']
Trying to find Element By : By.xpath: //a[@data-button-name='BUY NOW']
Found Element By : By.xpath: //a[@data-button-name='BUY NOW']
Trying to click on: [[EdgeDriver: msedge on WINDOWS (e43f52fd913ea81239764e5478f634f2)] -> xpath: //a[@data-button-name='BUY NOW']]
Clicked on: [[EdgeDriver: msedge on WINDOWS (e43f52fd913ea81239764e5478f634f2)] -> xpath: //a[@data-button-name='BUY NOW']]
]]></system-out>
  </testcase>
  <testcase name="verifyDisclaimer" classname="SeleniumTesting.AEMhdfc.HomepageTest" time="15.173">
    <system-out><![CDATA[Trying to find Element By : By.xpath: //a[@data-toggle='collapse']
Found Element By : By.xpath: //a[@data-toggle='collapse']
Trying to find Element By : By.xpath: //a[@data-toggle='collapse']
Found Element By : By.xpath: //a[@data-toggle='collapse']
Trying to find Element By : By.xpath: //a[@data-toggle='collapse']
Found Element By : By.xpath: //a[@data-toggle='collapse']
Trying to click on: [[EdgeDriver: msedge on WINDOWS (e43f52fd913ea81239764e5478f634f2)] -> xpath: //a[@data-toggle='collapse']]
Clicked on: [[EdgeDriver: msedge on WINDOWS (e43f52fd913ea81239764e5478f634f2)] -> xpath: //a[@data-toggle='collapse']]
]]></system-out>
  </testcase>
  <testcase name="verifyProductAndPopularLinks" classname="SeleniumTesting.AEMhdfc.HomepageTest" time="6.148">
    <system-out><![CDATA[12:04:59.988 [main] INFO  PageObjects.Homepage - Popular and Product Listing Footer link check started
Trying to find Element By : By.cssSelector: .wrapper.footerMenuSec a
Found Element By : By.cssSelector: .wrapper.footerMenuSec a
12:05:00.544 [main] INFO  PageObjects.Homepage - https://www.hdfclife.com/term-insurance-plans------>OK
12:05:00.626 [main] INFO  PageObjects.Homepage - https://www.hdfclife.com/ulip-plans------>OK
12:05:00.724 [main] INFO  PageObjects.Homepage - https://onlinepayments.hdfclife.com/HDFCLife/quick_pay.html?source=NW_HP_PP_POPLinks&agentcode=00399206&utm_medium=website&utm_source=home-page&utm_campaign&utm_content=banner&prod=PP------>OK
12:05:00.929 [main] INFO  PageObjects.Homepage - https://myaccount.hdfclife.com/?source=NW_HP_MyACC_POPLinks&agentcode=00399206&utm_medium=website&utm_source=home-page&utm_campaign&utm_content=banner&prod=MyACC------>OK
12:05:00.995 [main] INFO  PageObjects.Homepage - https://www.hdfclife.com/fund-performance------>OK
12:05:01.078 [main] INFO  PageObjects.Homepage - https://www.hdfclife.com/term-insurance-plans/click-2-protect-life------>OK
12:05:01.159 [main] INFO  PageObjects.Homepage - https://www.hdfclife.com/term-insurance-plans/saral-jeevan-bima------>OK
12:05:01.229 [main] INFO  PageObjects.Homepage - https://www.hdfclife.com/term-insurance-plans------>OK
12:05:01.324 [main] INFO  PageObjects.Homepage - https://www.hdfclife.com/ulip-plans/click-2-wealth-ulip-plan------>OK
12:05:01.401 [main] INFO  PageObjects.Homepage - https://www.hdfclife.com/ulip-plans/click-2-invest-ulip-plan------>OK
12:05:01.516 [main] INFO  PageObjects.Homepage - https://www.hdfclife.com/ulip-plans/progrowth-plus-ulip-plan------>OK
12:05:01.643 [main] INFO  PageObjects.Homepage - https://www.hdfclife.com/ulip-plans------>OK
12:05:01.726 [main] INFO  PageObjects.Homepage - https://www.hdfclife.com/children-insurance-plans/youngstar-super-premium------>OK
12:05:01.810 [main] INFO  PageObjects.Homepage - https://www.hdfclife.com/children-insurance-plans/youngstar-udaan------>OK
12:05:01.876 [main] INFO  PageObjects.Homepage - https://www.hdfclife.com/children-insurance-plans------>OK
12:05:01.972 [main] INFO  PageObjects.Homepage - https://www.hdfclife.com/savings-plans/pos-guaranteed-savings-plan------>OK
12:05:02.050 [main] INFO  PageObjects.Homepage - https://www.hdfclife.com/retirement-and-pension-plans/pension-guaranteed-plan------>OK
12:05:02.113 [main] INFO  PageObjects.Homepage - https://www.hdfclife.com/retirement-and-pension-plans/new-immediate-annuity-plan------>OK
12:05:02.206 [main] INFO  PageObjects.Homepage - https://www.hdfclife.com/retirement-and-pension-plans/guaranteed-pension-plan------>OK
12:05:02.268 [main] INFO  PageObjects.Homepage - https://www.hdfclife.com/retirement-and-pension-plans/click-2-retire------>OK
12:05:02.339 [main] INFO  PageObjects.Homepage - https://www.hdfclife.com/retirement-and-pension-plans------>OK
12:05:02.423 [main] INFO  PageObjects.Homepage - https://www.hdfclife.com/savings-plans/sanchay-fixed-maturity-plan------>OK
12:05:02.499 [main] INFO  PageObjects.Homepage - https://www.hdfclife.com/savings-plans/sanchay-par-advantage------>OK
12:05:02.586 [main] INFO  PageObjects.Homepage - https://www.hdfclife.com/savings-plans/sanchay-plus------>OK
12:05:02.651 [main] INFO  PageObjects.Homepage - https://www.hdfclife.com/savings-plans------>OK
12:05:02.737 [main] INFO  PageObjects.Homepage - https://www.hdfclife.com/health-insurance-plans/click-2-protect-corona-kavach------>OK
12:05:02.816 [main] INFO  PageObjects.Homepage - https://www.hdfclife.com/health-insurance-plans/click-2-protect-health-plan------>OK
12:05:02.888 [main] INFO  PageObjects.Homepage - https://www.hdfclife.com/health-insurance-plans/cancer-care-insurance------>OK
12:05:02.950 [main] INFO  PageObjects.Homepage - https://www.hdfclife.com/health-insurance-plans/cardiac-care------>OK
12:05:03.008 [main] INFO  PageObjects.Homepage - https://www.hdfclife.com/health-insurance-plans------>OK
12:05:03.103 [main] INFO  PageObjects.Homepage - https://www.hdfclife.com/sanchay-maximiser------>OK
12:05:03.103 [main] INFO  PageObjects.Homepage - Popular and Product Listing Footer link check ended
]]></system-out>
  </testcase>
  <testcase name="verifyStayConnectedwithUs" classname="SeleniumTesting.AEMhdfc.HomepageTest" time="9.939">
    <system-out><![CDATA[12:05:06.113 [main] INFO  PageObjects.Homepage - Stay Connected With Us Footer link check started
Trying to find Element By : By.cssSelector: .stayConnectedSec.footerFormBlk a
Found Element By : By.cssSelector: .stayConnectedSec.footerFormBlk a
Trying to find Element By : By.cssSelector: .stayConnectedSec.footerFormBlk a
Found Element By : By.cssSelector: .stayConnectedSec.footerFormBlk a
Trying to find Element By : By.cssSelector: .stayConnectedSec.footerFormBlk a
Found Element By : By.cssSelector: .stayConnectedSec.footerFormBlk a
Trying to find Element By : By.cssSelector: .stayConnectedSec.footerFormBlk a
Found Element By : By.cssSelector: .stayConnectedSec.footerFormBlk a
Trying to find Element By : By.cssSelector: .stayConnectedSec.footerFormBlk a
Found Element By : By.cssSelector: .stayConnectedSec.footerFormBlk a
Trying to find Element By : By.cssSelector: .stayConnectedSec.footerFormBlk a
Found Element By : By.cssSelector: .stayConnectedSec.footerFormBlk a
Trying to find Element By : By.cssSelector: .stayConnectedSec.footerFormBlk a
Found Element By : By.cssSelector: .stayConnectedSec.footerFormBlk a
Trying to find Element By : By.cssSelector: .stayConnectedSec.footerFormBlk a
Found Element By : By.cssSelector: .stayConnectedSec.footerFormBlk a
Trying to find Element By : By.cssSelector: .stayConnectedSec.footerFormBlk a
Found Element By : By.cssSelector: .stayConnectedSec.footerFormBlk a
Trying to find Element By : By.cssSelector: .stayConnectedSec.footerFormBlk a
Found Element By : By.cssSelector: .stayConnectedSec.footerFormBlk a
Trying to find Element By : By.cssSelector: .stayConnectedSec.footerFormBlk a
Found Element By : By.cssSelector: .stayConnectedSec.footerFormBlk a
Trying to find Element By : By.cssSelector: .stayConnectedSec.footerFormBlk a
Found Element By : By.cssSelector: .stayConnectedSec.footerFormBlk a
Trying to find Element By : By.cssSelector: .stayConnectedSec.footerFormBlk a
Found Element By : By.cssSelector: .stayConnectedSec.footerFormBlk a
Trying to find Element By : By.cssSelector: .stayConnectedSec.footerFormBlk a
Found Element By : By.cssSelector: .stayConnectedSec.footerFormBlk a
Trying to find Element By : By.cssSelector: .stayConnectedSec.footerFormBlk a
Found Element By : By.cssSelector: .stayConnectedSec.footerFormBlk a
Trying to find Element By : By.cssSelector: .stayConnectedSec.footerFormBlk a
Found Element By : By.cssSelector: .stayConnectedSec.footerFormBlk a
Trying to find Element By : By.cssSelector: .stayConnectedSec.footerFormBlk a
Found Element By : By.cssSelector: .stayConnectedSec.footerFormBlk a
Trying to find Element By : By.cssSelector: .stayConnectedSec.footerFormBlk a
Found Element By : By.cssSelector: .stayConnectedSec.footerFormBlk a
Trying to find Element By : By.cssSelector: .stayConnectedSec.footerFormBlk a
Found Element By : By.cssSelector: .stayConnectedSec.footerFormBlk a
Trying to find Element By : By.cssSelector: .stayConnectedSec.footerFormBlk a
Found Element By : By.cssSelector: .stayConnectedSec.footerFormBlk a
Trying to find Element By : By.cssSelector: .stayConnectedSec.footerFormBlk a
Found Element By : By.cssSelector: .stayConnectedSec.footerFormBlk a
Trying to find Element By : By.cssSelector: .stayConnectedSec.footerFormBlk a
Found Element By : By.cssSelector: .stayConnectedSec.footerFormBlk a
Trying to find Element By : By.cssSelector: .stayConnectedSec.footerFormBlk a
Found Element By : By.cssSelector: .stayConnectedSec.footerFormBlk a
Trying to find Element By : By.cssSelector: .stayConnectedSec.footerFormBlk a
Found Element By : By.cssSelector: .stayConnectedSec.footerFormBlk a
Trying to find Element By : By.cssSelector: .stayConnectedSec.footerFormBlk a
Found Element By : By.cssSelector: .stayConnectedSec.footerFormBlk a
12:05:07.625 [main] INFO  PageObjects.Homepage - https://www.facebook.com/HDFClife------>OK
12:05:07.879 [main] INFO  PageObjects.Homepage - https://www.linkedin.com/company/hdfc-life------>Request denied
12:05:08.351 [main] INFO  PageObjects.Homepage - https://twitter.com/HDFClife------>OK
12:05:08.685 [main] INFO  PageObjects.Homepage - https://www.youtube.com/user/hdfclife10------>OK
12:05:11.618 [main] INFO  PageObjects.Homepage - https://www.instagram.com/hdfclife/------>OK
12:05:13.047 [main] INFO  PageObjects.Homepage - https://www.slideshare.net/hdfclife------>OK
12:05:13.047 [main] INFO  PageObjects.Homepage - Stay Connected With Us Footer link check ended
]]></system-out>
  </testcase>
  <testcase name="verifyDownloadLinks" classname="SeleniumTesting.AEMhdfc.HomepageTest" time="12.556">
    <system-out><![CDATA[Trying to find Element By : By.xpath: //a[@class='appleIcon']
Found Element By : By.xpath: //a[@class='appleIcon']
Trying to click on: [[EdgeDriver: msedge on WINDOWS (e43f52fd913ea81239764e5478f634f2)] -> xpath: //a[@class='appleIcon']]
Clicked on: [[EdgeDriver: msedge on WINDOWS (e43f52fd913ea81239764e5478f634f2)] -> xpath: //a[@class='appleIcon']]
Trying to find Element By : By.xpath: (//a[@data-position='Download App Icon'])[2]
Found Element By : By.xpath: (//a[@data-position='Download App Icon'])[2]
Trying to click on: [[EdgeDriver: msedge on WINDOWS (e43f52fd913ea81239764e5478f634f2)] -> xpath: (//a[@data-position='Download App Icon'])[2]]
Clicked on: [[EdgeDriver: msedge on WINDOWS (e43f52fd913ea81239764e5478f634f2)] -> xpath: (//a[@data-position='Download App Icon'])[2]]
]]></system-out>
  </testcase>
  <testcase name="verifySubscribeOptionWithValidData" classname="SeleniumTesting.AEMhdfc.HomepageTest" time="9.272">
    <system-out><![CDATA[Trying to find Element By : By.className: emailAddress
Found Element By : By.className: emailAddress
Trying to find Element By : By.className: emailAddress
Found Element By : By.className: emailAddress
Trying to click on: [[EdgeDriver: msedge on WINDOWS (e43f52fd913ea81239764e5478f634f2)] -> class name: emailAddress]
Clicked on: [[EdgeDriver: msedge on WINDOWS (e43f52fd913ea81239764e5478f634f2)] -> class name: emailAddress]
Trying to find Element By : By.id: subscribeButton
Found Element By : By.id: subscribeButton
Trying to find Element By : By.className: emailAddress
Found Element By : By.className: emailAddress
Trying to find Element By : By.id: subscribeButton
Found Element By : By.id: subscribeButton
Trying to click on: [[EdgeDriver: msedge on WINDOWS (e43f52fd913ea81239764e5478f634f2)] -> id: subscribeButton]
Clicked on: [[EdgeDriver: msedge on WINDOWS (e43f52fd913ea81239764e5478f634f2)] -> id: subscribeButton]
Trying to find Element By : By.xpath: //span[@class='message-success-subscribe']
Found Element By : By.xpath: //span[@class='message-success-subscribe']
Trying to find Element By : By.xpath: //span[@class='message-success-subscribe']
Found Element By : By.xpath: //span[@class='message-success-subscribe']
]]></system-out>
  </testcase>
  <testcase name="verifyGroupWebsitesLinks" classname="SeleniumTesting.AEMhdfc.HomepageTest" time="16.219">
    <system-out><![CDATA[12:05:37.906 [main] INFO  PageObjects.Homepage - Group Websites link check started
Trying to find Element By : By.cssSelector: .wrapper.externalLinks a
Found Element By : By.cssSelector: .wrapper.externalLinks a
Trying to find Element By : By.cssSelector: .wrapper.externalLinks a
Found Element By : By.cssSelector: .wrapper.externalLinks a
Trying to find Element By : By.cssSelector: .wrapper.externalLinks a
Found Element By : By.cssSelector: .wrapper.externalLinks a
Trying to find Element By : By.cssSelector: .wrapper.externalLinks a
Found Element By : By.cssSelector: .wrapper.externalLinks a
Trying to find Element By : By.cssSelector: .wrapper.externalLinks a
Found Element By : By.cssSelector: .wrapper.externalLinks a
Trying to find Element By : By.cssSelector: .wrapper.externalLinks a
Found Element By : By.cssSelector: .wrapper.externalLinks a
Trying to find Element By : By.cssSelector: .wrapper.externalLinks a
Found Element By : By.cssSelector: .wrapper.externalLinks a
Trying to find Element By : By.cssSelector: .wrapper.externalLinks a
Found Element By : By.cssSelector: .wrapper.externalLinks a
Trying to find Element By : By.cssSelector: .wrapper.externalLinks a
Found Element By : By.cssSelector: .wrapper.externalLinks a
Trying to find Element By : By.cssSelector: .wrapper.externalLinks a
Found Element By : By.cssSelector: .wrapper.externalLinks a
Trying to find Element By : By.cssSelector: .wrapper.externalLinks a
Found Element By : By.cssSelector: .wrapper.externalLinks a
Trying to find Element By : By.cssSelector: .wrapper.externalLinks a
Found Element By : By.cssSelector: .wrapper.externalLinks a
Trying to find Element By : By.cssSelector: .wrapper.externalLinks a
Found Element By : By.cssSelector: .wrapper.externalLinks a
Trying to find Element By : By.cssSelector: .wrapper.externalLinks a
Found Element By : By.cssSelector: .wrapper.externalLinks a
Trying to find Element By : By.cssSelector: .wrapper.externalLinks a
Found Element By : By.cssSelector: .wrapper.externalLinks a
Trying to find Element By : By.cssSelector: .wrapper.externalLinks a
Found Element By : By.cssSelector: .wrapper.externalLinks a
Trying to find Element By : By.cssSelector: .wrapper.externalLinks a
Found Element By : By.cssSelector: .wrapper.externalLinks a
Trying to find Element By : By.cssSelector: .wrapper.externalLinks a
Found Element By : By.cssSelector: .wrapper.externalLinks a
Trying to find Element By : By.cssSelector: .wrapper.externalLinks a
Found Element By : By.cssSelector: .wrapper.externalLinks a
Trying to find Element By : By.cssSelector: .wrapper.externalLinks a
Found Element By : By.cssSelector: .wrapper.externalLinks a
Trying to find Element By : By.cssSelector: .wrapper.externalLinks a
Found Element By : By.cssSelector: .wrapper.externalLinks a
Trying to find Element By : By.cssSelector: .wrapper.externalLinks a
Found Element By : By.cssSelector: .wrapper.externalLinks a
Trying to find Element By : By.cssSelector: .wrapper.externalLinks a
Found Element By : By.cssSelector: .wrapper.externalLinks a
Trying to find Element By : By.cssSelector: .wrapper.externalLinks a
Found Element By : By.cssSelector: .wrapper.externalLinks a
Trying to find Element By : By.cssSelector: .wrapper.externalLinks a
Found Element By : By.cssSelector: .wrapper.externalLinks a
Trying to find Element By : By.cssSelector: .wrapper.externalLinks a
Found Element By : By.cssSelector: .wrapper.externalLinks a
Trying to find Element By : By.cssSelector: .wrapper.externalLinks a
Found Element By : By.cssSelector: .wrapper.externalLinks a
Trying to find Element By : By.cssSelector: .wrapper.externalLinks a
Found Element By : By.cssSelector: .wrapper.externalLinks a
Trying to find Element By : By.cssSelector: .wrapper.externalLinks a
Found Element By : By.cssSelector: .wrapper.externalLinks a
Trying to find Element By : By.cssSelector: .wrapper.externalLinks a
Found Element By : By.cssSelector: .wrapper.externalLinks a
Trying to find Element By : By.cssSelector: .wrapper.externalLinks a
Found Element By : By.cssSelector: .wrapper.externalLinks a
Trying to find Element By : By.cssSelector: .wrapper.externalLinks a
Found Element By : By.cssSelector: .wrapper.externalLinks a
Trying to find Element By : By.cssSelector: .wrapper.externalLinks a
Found Element By : By.cssSelector: .wrapper.externalLinks a
Trying to find Element By : By.cssSelector: .wrapper.externalLinks a
Found Element By : By.cssSelector: .wrapper.externalLinks a
Trying to find Element By : By.cssSelector: .wrapper.externalLinks a
Found Element By : By.cssSelector: .wrapper.externalLinks a
Trying to find Element By : By.cssSelector: .wrapper.externalLinks a
Found Element By : By.cssSelector: .wrapper.externalLinks a
Trying to find Element By : By.cssSelector: .wrapper.externalLinks a
Found Element By : By.cssSelector: .wrapper.externalLinks a
Trying to find Element By : By.cssSelector: .wrapper.externalLinks a
Found Element By : By.cssSelector: .wrapper.externalLinks a
Trying to find Element By : By.cssSelector: .wrapper.externalLinks a
Found Element By : By.cssSelector: .wrapper.externalLinks a
Trying to find Element By : By.cssSelector: .wrapper.externalLinks a
Found Element By : By.cssSelector: .wrapper.externalLinks a
Trying to find Element By : By.cssSelector: .wrapper.externalLinks a
Found Element By : By.cssSelector: .wrapper.externalLinks a
Trying to find Element By : By.cssSelector: .wrapper.externalLinks a
Found Element By : By.cssSelector: .wrapper.externalLinks a
Trying to find Element By : By.cssSelector: .wrapper.externalLinks a
Found Element By : By.cssSelector: .wrapper.externalLinks a
Trying to find Element By : By.cssSelector: .wrapper.externalLinks a
Found Element By : By.cssSelector: .wrapper.externalLinks a
Trying to find Element By : By.cssSelector: .wrapper.externalLinks a
Found Element By : By.cssSelector: .wrapper.externalLinks a
Trying to find Element By : By.cssSelector: .wrapper.externalLinks a
Found Element By : By.cssSelector: .wrapper.externalLinks a
Trying to find Element By : By.cssSelector: .wrapper.externalLinks a
Found Element By : By.cssSelector: .wrapper.externalLinks a
Trying to find Element By : By.cssSelector: .wrapper.externalLinks a
Found Element By : By.cssSelector: .wrapper.externalLinks a
Trying to find Element By : By.cssSelector: .wrapper.externalLinks a
Found Element By : By.cssSelector: .wrapper.externalLinks a
Trying to find Element By : By.cssSelector: .wrapper.externalLinks a
Found Element By : By.cssSelector: .wrapper.externalLinks a
Trying to find Element By : By.cssSelector: .wrapper.externalLinks a
Found Element By : By.cssSelector: .wrapper.externalLinks a
Trying to find Element By : By.cssSelector: .wrapper.externalLinks a
Found Element By : By.cssSelector: .wrapper.externalLinks a
Trying to find Element By : By.cssSelector: .wrapper.externalLinks a
Found Element By : By.cssSelector: .wrapper.externalLinks a
Trying to find Element By : By.cssSelector: .wrapper.externalLinks a
Found Element By : By.cssSelector: .wrapper.externalLinks a
Trying to find Element By : By.cssSelector: .wrapper.externalLinks a
Found Element By : By.cssSelector: .wrapper.externalLinks a
Trying to find Element By : By.cssSelector: .wrapper.externalLinks a
Found Element By : By.cssSelector: .wrapper.externalLinks a
Trying to find Element By : By.cssSelector: .wrapper.externalLinks a
Found Element By : By.cssSelector: .wrapper.externalLinks a
Trying to find Element By : By.cssSelector: .wrapper.externalLinks a
Found Element By : By.cssSelector: .wrapper.externalLinks a
Trying to find Element By : By.cssSelector: .wrapper.externalLinks a
Found Element By : By.cssSelector: .wrapper.externalLinks a
Trying to find Element By : By.cssSelector: .wrapper.externalLinks a
Found Element By : By.cssSelector: .wrapper.externalLinks a
Trying to find Element By : By.cssSelector: .wrapper.externalLinks a
Found Element By : By.cssSelector: .wrapper.externalLinks a
Trying to find Element By : By.cssSelector: .wrapper.externalLinks a
Found Element By : By.cssSelector: .wrapper.externalLinks a
Trying to find Element By : By.cssSelector: .wrapper.externalLinks a
Found Element By : By.cssSelector: .wrapper.externalLinks a
Trying to find Element By : By.cssSelector: .wrapper.externalLinks a
Found Element By : By.cssSelector: .wrapper.externalLinks a
Trying to find Element By : By.cssSelector: .wrapper.externalLinks a
Found Element By : By.cssSelector: .wrapper.externalLinks a
Trying to find Element By : By.cssSelector: .wrapper.externalLinks a
Found Element By : By.cssSelector: .wrapper.externalLinks a
Trying to find Element By : By.cssSelector: .wrapper.externalLinks a
Found Element By : By.cssSelector: .wrapper.externalLinks a
Trying to find Element By : By.cssSelector: .wrapper.externalLinks a
Found Element By : By.cssSelector: .wrapper.externalLinks a
Trying to find Element By : By.cssSelector: .wrapper.externalLinks a
Found Element By : By.cssSelector: .wrapper.externalLinks a
Trying to find Element By : By.cssSelector: .wrapper.externalLinks a
Found Element By : By.cssSelector: .wrapper.externalLinks a
Trying to find Element By : By.cssSelector: .wrapper.externalLinks a
Found Element By : By.cssSelector: .wrapper.externalLinks a
Trying to find Element By : By.cssSelector: .wrapper.externalLinks a
Found Element By : By.cssSelector: .wrapper.externalLinks a
Trying to find Element By : By.cssSelector: .wrapper.externalLinks a
Found Element By : By.cssSelector: .wrapper.externalLinks a
Trying to find Element By : By.cssSelector: .wrapper.externalLinks a
Found Element By : By.cssSelector: .wrapper.externalLinks a
Trying to find Element By : By.cssSelector: .wrapper.externalLinks a
Found Element By : By.cssSelector: .wrapper.externalLinks a
Trying to find Element By : By.cssSelector: .wrapper.externalLinks a
Found Element By : By.cssSelector: .wrapper.externalLinks a
Trying to find Element By : By.cssSelector: .wrapper.externalLinks a
Found Element By : By.cssSelector: .wrapper.externalLinks a
Trying to find Element By : By.cssSelector: .wrapper.externalLinks a
Found Element By : By.cssSelector: .wrapper.externalLinks a
Trying to find Element By : By.cssSelector: .wrapper.externalLinks a
Found Element By : By.cssSelector: .wrapper.externalLinks a
Trying to find Element By : By.cssSelector: .wrapper.externalLinks a
Found Element By : By.cssSelector: .wrapper.externalLinks a
Trying to find Element By : By.cssSelector: .wrapper.externalLinks a
Found Element By : By.cssSelector: .wrapper.externalLinks a
Trying to find Element By : By.cssSelector: .wrapper.externalLinks a
Found Element By : By.cssSelector: .wrapper.externalLinks a
Trying to find Element By : By.cssSelector: .wrapper.externalLinks a
Found Element By : By.cssSelector: .wrapper.externalLinks a
Trying to find Element By : By.cssSelector: .wrapper.externalLinks a
Found Element By : By.cssSelector: .wrapper.externalLinks a
Trying to find Element By : By.cssSelector: .wrapper.externalLinks a
Found Element By : By.cssSelector: .wrapper.externalLinks a
Trying to find Element By : By.cssSelector: .wrapper.externalLinks a
Found Element By : By.cssSelector: .wrapper.externalLinks a
Trying to find Element By : By.cssSelector: .wrapper.externalLinks a
Found Element By : By.cssSelector: .wrapper.externalLinks a
Trying to find Element By : By.cssSelector: .wrapper.externalLinks a
Found Element By : By.cssSelector: .wrapper.externalLinks a
Trying to find Element By : By.cssSelector: .wrapper.externalLinks a
Found Element By : By.cssSelector: .wrapper.externalLinks a
Trying to find Element By : By.cssSelector: .wrapper.externalLinks a
Found Element By : By.cssSelector: .wrapper.externalLinks a
Trying to find Element By : By.cssSelector: .wrapper.externalLinks a
Found Element By : By.cssSelector: .wrapper.externalLinks a
Trying to find Element By : By.cssSelector: .wrapper.externalLinks a
Found Element By : By.cssSelector: .wrapper.externalLinks a
Trying to find Element By : By.cssSelector: .wrapper.externalLinks a
Found Element By : By.cssSelector: .wrapper.externalLinks a
Trying to find Element By : By.cssSelector: .wrapper.externalLinks a
Found Element By : By.cssSelector: .wrapper.externalLinks a
Trying to find Element By : By.cssSelector: .wrapper.externalLinks a
Found Element By : By.cssSelector: .wrapper.externalLinks a
Trying to find Element By : By.cssSelector: .wrapper.externalLinks a
Found Element By : By.cssSelector: .wrapper.externalLinks a
Trying to find Element By : By.cssSelector: .wrapper.externalLinks a
Found Element By : By.cssSelector: .wrapper.externalLinks a
Trying to find Element By : By.cssSelector: .wrapper.externalLinks a
Found Element By : By.cssSelector: .wrapper.externalLinks a
Trying to find Element By : By.cssSelector: .wrapper.externalLinks a
Found Element By : By.cssSelector: .wrapper.externalLinks a
Trying to find Element By : By.cssSelector: .wrapper.externalLinks a
Found Element By : By.cssSelector: .wrapper.externalLinks a
Trying to find Element By : By.cssSelector: .wrapper.externalLinks a
Found Element By : By.cssSelector: .wrapper.externalLinks a
Trying to find Element By : By.cssSelector: .wrapper.externalLinks a
Found Element By : By.cssSelector: .wrapper.externalLinks a
Trying to find Element By : By.cssSelector: .wrapper.externalLinks a
Found Element By : By.cssSelector: .wrapper.externalLinks a
Trying to find Element By : By.cssSelector: .wrapper.externalLinks a
Found Element By : By.cssSelector: .wrapper.externalLinks a
Trying to find Element By : By.cssSelector: .wrapper.externalLinks a
Found Element By : By.cssSelector: .wrapper.externalLinks a
Trying to find Element By : By.cssSelector: .wrapper.externalLinks a
Found Element By : By.cssSelector: .wrapper.externalLinks a
Trying to find Element By : By.cssSelector: .wrapper.externalLinks a
Found Element By : By.cssSelector: .wrapper.externalLinks a
Trying to find Element By : By.cssSelector: .wrapper.externalLinks a
Found Element By : By.cssSelector: .wrapper.externalLinks a
Trying to find Element By : By.cssSelector: .wrapper.externalLinks a
Found Element By : By.cssSelector: .wrapper.externalLinks a
Trying to find Element By : By.cssSelector: .wrapper.externalLinks a
Found Element By : By.cssSelector: .wrapper.externalLinks a
Trying to find Element By : By.cssSelector: .wrapper.externalLinks a
Found Element By : By.cssSelector: .wrapper.externalLinks a
Trying to find Element By : By.cssSelector: .wrapper.externalLinks a
Found Element By : By.cssSelector: .wrapper.externalLinks a
Trying to find Element By : By.cssSelector: .wrapper.externalLinks a
Found Element By : By.cssSelector: .wrapper.externalLinks a
Trying to find Element By : By.cssSelector: .wrapper.externalLinks a
Found Element By : By.cssSelector: .wrapper.externalLinks a
Trying to find Element By : By.cssSelector: .wrapper.externalLinks a
Found Element By : By.cssSelector: .wrapper.externalLinks a
Trying to find Element By : By.cssSelector: .wrapper.externalLinks a
Found Element By : By.cssSelector: .wrapper.externalLinks a
Trying to find Element By : By.cssSelector: .wrapper.externalLinks a
Found Element By : By.cssSelector: .wrapper.externalLinks a
Trying to find Element By : By.cssSelector: .wrapper.externalLinks a
Found Element By : By.cssSelector: .wrapper.externalLinks a
Trying to find Element By : By.cssSelector: .wrapper.externalLinks a
Found Element By : By.cssSelector: .wrapper.externalLinks a
Trying to find Element By : By.cssSelector: .wrapper.externalLinks a
Found Element By : By.cssSelector: .wrapper.externalLinks a
Trying to find Element By : By.cssSelector: .wrapper.externalLinks a
Found Element By : By.cssSelector: .wrapper.externalLinks a
Trying to find Element By : By.cssSelector: .wrapper.externalLinks a
Found Element By : By.cssSelector: .wrapper.externalLinks a
Trying to find Element By : By.cssSelector: .wrapper.externalLinks a
Found Element By : By.cssSelector: .wrapper.externalLinks a
Trying to find Element By : By.cssSelector: .wrapper.externalLinks a
Found Element By : By.cssSelector: .wrapper.externalLinks a
Trying to find Element By : By.cssSelector: .wrapper.externalLinks a
Found Element By : By.cssSelector: .wrapper.externalLinks a
Trying to find Element By : By.cssSelector: .wrapper.externalLinks a
Found Element By : By.cssSelector: .wrapper.externalLinks a
Trying to find Element By : By.cssSelector: .wrapper.externalLinks a
Found Element By : By.cssSelector: .wrapper.externalLinks a
Trying to find Element By : By.cssSelector: .wrapper.externalLinks a
Found Element By : By.cssSelector: .wrapper.externalLinks a
Trying to find Element By : By.cssSelector: .wrapper.externalLinks a
Found Element By : By.cssSelector: .wrapper.externalLinks a
Trying to find Element By : By.cssSelector: .wrapper.externalLinks a
Found Element By : By.cssSelector: .wrapper.externalLinks a
Trying to find Element By : By.cssSelector: .wrapper.externalLinks a
Found Element By : By.cssSelector: .wrapper.externalLinks a
Trying to find Element By : By.cssSelector: .wrapper.externalLinks a
Found Element By : By.cssSelector: .wrapper.externalLinks a
Trying to find Element By : By.cssSelector: .wrapper.externalLinks a
Found Element By : By.cssSelector: .wrapper.externalLinks a
Trying to find Element By : By.cssSelector: .wrapper.externalLinks a
Found Element By : By.cssSelector: .wrapper.externalLinks a
Trying to find Element By : By.cssSelector: .wrapper.externalLinks a
Found Element By : By.cssSelector: .wrapper.externalLinks a
Trying to find Element By : By.cssSelector: .wrapper.externalLinks a
Found Element By : By.cssSelector: .wrapper.externalLinks a
Trying to find Element By : By.cssSelector: .wrapper.externalLinks a
Found Element By : By.cssSelector: .wrapper.externalLinks a
Trying to find Element By : By.cssSelector: .wrapper.externalLinks a
Found Element By : By.cssSelector: .wrapper.externalLinks a
Trying to find Element By : By.cssSelector: .wrapper.externalLinks a
Found Element By : By.cssSelector: .wrapper.externalLinks a
Trying to find Element By : By.cssSelector: .wrapper.externalLinks a
Found Element By : By.cssSelector: .wrapper.externalLinks a
Trying to find Element By : By.cssSelector: .wrapper.externalLinks a
Found Element By : By.cssSelector: .wrapper.externalLinks a
Trying to find Element By : By.cssSelector: .wrapper.externalLinks a
Found Element By : By.cssSelector: .wrapper.externalLinks a
Trying to find Element By : By.cssSelector: .wrapper.externalLinks a
Found Element By : By.cssSelector: .wrapper.externalLinks a
Trying to find Element By : By.cssSelector: .wrapper.externalLinks a
Found Element By : By.cssSelector: .wrapper.externalLinks a
Trying to find Element By : By.cssSelector: .wrapper.externalLinks a
Found Element By : By.cssSelector: .wrapper.externalLinks a
Trying to find Element By : By.cssSelector: .wrapper.externalLinks a
Found Element By : By.cssSelector: .wrapper.externalLinks a
Trying to find Element By : By.cssSelector: .wrapper.externalLinks a
Found Element By : By.cssSelector: .wrapper.externalLinks a
Trying to find Element By : By.cssSelector: .wrapper.externalLinks a
Found Element By : By.cssSelector: .wrapper.externalLinks a
Trying to find Element By : By.cssSelector: .wrapper.externalLinks a
Found Element By : By.cssSelector: .wrapper.externalLinks a
Trying to find Element By : By.cssSelector: .wrapper.externalLinks a
Found Element By : By.cssSelector: .wrapper.externalLinks a
Trying to find Element By : By.cssSelector: .wrapper.externalLinks a
Found Element By : By.cssSelector: .wrapper.externalLinks a
Trying to find Element By : By.cssSelector: .wrapper.externalLinks a
Found Element By : By.cssSelector: .wrapper.externalLinks a
Trying to find Element By : By.cssSelector: .wrapper.externalLinks a
Found Element By : By.cssSelector: .wrapper.externalLinks a
Trying to find Element By : By.cssSelector: .wrapper.externalLinks a
Found Element By : By.cssSelector: .wrapper.externalLinks a
Trying to find Element By : By.cssSelector: .wrapper.externalLinks a
Found Element By : By.cssSelector: .wrapper.externalLinks a
Trying to find Element By : By.cssSelector: .wrapper.externalLinks a
Found Element By : By.cssSelector: .wrapper.externalLinks a
Trying to find Element By : By.cssSelector: .wrapper.externalLinks a
Found Element By : By.cssSelector: .wrapper.externalLinks a
Trying to find Element By : By.cssSelector: .wrapper.externalLinks a
Found Element By : By.cssSelector: .wrapper.externalLinks a
Trying to find Element By : By.cssSelector: .wrapper.externalLinks a
Found Element By : By.cssSelector: .wrapper.externalLinks a
Trying to find Element By : By.cssSelector: .wrapper.externalLinks a
Found Element By : By.cssSelector: .wrapper.externalLinks a
Trying to find Element By : By.cssSelector: .wrapper.externalLinks a
Found Element By : By.cssSelector: .wrapper.externalLinks a
Trying to find Element By : By.cssSelector: .wrapper.externalLinks a
Found Element By : By.cssSelector: .wrapper.externalLinks a
Trying to find Element By : By.cssSelector: .wrapper.externalLinks a
Found Element By : By.cssSelector: .wrapper.externalLinks a
Trying to find Element By : By.cssSelector: .wrapper.externalLinks a
Found Element By : By.cssSelector: .wrapper.externalLinks a
Trying to find Element By : By.cssSelector: .wrapper.externalLinks a
Found Element By : By.cssSelector: .wrapper.externalLinks a
12:05:39.662 [main] INFO  PageObjects.Homepage - https://www.hdfc.com/------>OK
12:05:39.717 [main] INFO  PageObjects.Homepage - http://www.hdfcbank.com/------>Moved Permanently
12:05:39.769 [main] INFO  PageObjects.Homepage - http://www.hdfcsec.com/------>Moved Permanently
12:05:39.828 [main] INFO  PageObjects.Homepage - http://www.hdfcfund.com/------>Moved Permanently
12:05:41.619 [main] INFO  PageObjects.Homepage - https://www.hdfcpension.com/------>OK
12:05:43.074 [main] INFO  PageObjects.Homepage - https://www.hdfcergo.com/------>OK
12:05:43.471 [main] INFO  PageObjects.Homepage - http://www.hdbfs.com/------>Moved Permanently
12:05:44.987 [main] INFO  PageObjects.Homepage - http://hdfcrealty.com/------>OK
12:05:45.187 [main] INFO  PageObjects.Homepage - http://www.hdfcpropertyfund.com/------>OK
12:05:45.401 [main] INFO  PageObjects.Homepage - http://www.hdfclifere.com/------>Moved Permanently
12:05:46.325 [main] INFO  PageObjects.Homepage - http://www.credila.com/------>OK
12:05:46.786 [main] INFO  PageObjects.Homepage - https://www.hdfcsales.com/------>OK
12:05:46.890 [main] INFO  PageObjects.Homepage - https://myaccount.hdfclife.com/portal.do?_portalid=cpRegistrationLink&_pageid=cp_dndPage------>OK
12:05:46.987 [main] INFO  PageObjects.Homepage - https://www.hdfclife.com/disclaimer------>OK
12:05:47.075 [main] INFO  PageObjects.Homepage - https://www.hdfclife.com/privacy-policy------>OK
12:05:47.152 [main] INFO  PageObjects.Homepage - https://www.hdfclife.com/terms-and-conditions------>OK
12:05:47.226 [main] INFO  PageObjects.Homepage - https://www.hdfclife.com/content/hdfclifeinsurancecompany/in/en/about-us#investorRelations------>Moved Permanently
12:05:47.295 [main] INFO  PageObjects.Homepage - https://www.hdfclife.com/irda-public-notice-on-spurious-calls------>OK
12:05:47.370 [main] INFO  PageObjects.Homepage - https://www.hdfclife.com/content/hdfclifeinsurancecompany/in/en/customer-service/insurance-notice-corner------>Moved Permanently
12:05:47.454 [main] INFO  PageObjects.Homepage - https://www.hdfclife.com/content/hdfclifeinsurancecompany/in/en/customer-service/claims/unclaimed-policyholder-payment-dues-amount-disclosure------>Moved Permanently
12:05:48.036 [main] INFO  PageObjects.Homepage - https://www.irdai.gov.in/Defaulthome.aspx?page=H1------>OK
12:05:48.440 [main] INFO  PageObjects.Homepage - https://www.irdai.gov.in/ADMINCMS/cms/NormalData_Layout.aspx?page=PageNo234&mid=7.2------>OK
12:05:48.923 [main] INFO  PageObjects.Homepage - https://www.policyholder.gov.in/------>OK
12:05:49.839 [main] INFO  PageObjects.Homepage - https://www.lifeinscouncil.org/code/Default.aspx------>OK
12:05:49.904 [main] INFO  PageObjects.Homepage - https://www.hdfclife.com/qrops------>OK
12:05:49.960 [main] INFO  PageObjects.Homepage - https://www.hdfclife.com/customer-service/pay-premium------>OK
12:05:50.036 [main] INFO  PageObjects.Homepage - https://www.hdfclife.com/nav-summary------>OK
12:05:50.122 [main] INFO  PageObjects.Homepage - https://onlineinsurance.hdfclife.com/------>OK
12:05:50.195 [main] INFO  PageObjects.Homepage - https://www.hdfclife.com/financial-tools-calculators------>OK
12:05:50.255 [main] INFO  PageObjects.Homepage - https://www.hdfclife.com/content/hdfclifeinsurancecompany/in/en/customer-service/about-demat------>Moved Permanently
12:05:50.310 [main] INFO  PageObjects.Homepage - https://www.hdfclife.com/content/hdfclifeinsurancecompany/in/en/about-us/investor-relations------>Moved Permanently
12:05:50.361 [main] INFO  PageObjects.Homepage - https://www.hdfclife.com/content/dam/hdfclifeinsurancecompany/footer/T-and-C-for-Policy-loan.pdf------>OK
12:05:50.434 [main] INFO  PageObjects.Homepage - https://www.hdfclife.com/content/dam/hdfclifeinsurancecompany/footer/TERMS-AND-CONDITIONS-OF-APPOINTMENT.pdf------>OK
12:05:50.520 [main] INFO  PageObjects.Homepage - https://www.hdfclife.com/content/hdfclifeinsurancecompany/in/en/sitemap------>Moved Permanently
12:05:50.589 [main] INFO  PageObjects.Homepage - https://www.hdfclife.com/content/dam/hdfclifeinsurancecompany/footer/POSP-Appointment-TandC.pdf------>OK
12:05:50.657 [main] INFO  PageObjects.Homepage - https://www.hdfclife.com/content/dam/hdfclifeinsurancecompany/footer/Underwriting-philosophy-and-approach-with-regard-to-offering-insurance-coverage-to-Persons-with-Disabilities-Mental-Illness.pdf------>OK
12:05:50.736 [main] INFO  PageObjects.Homepage - https://www.hdfclife.com/insurance-knowledge-centre/glossary------>OK
12:05:50.805 [main] INFO  PageObjects.Homepage - https://www.hdfclife.com/life-insurance-solutions------>OK
12:05:50.875 [main] INFO  PageObjects.Homepage - https://www.hdfclife.com/hdfc-life-mobile-app------>OK
12:05:50.950 [main] INFO  PageObjects.Homepage - https://www.hdfclife.com/life-insurance-plans------>OK
12:05:51.021 [main] INFO  PageObjects.Homepage - https://www.hdfclife.com/customer-service/testimonials------>OK
Group Websites link check ended
]]></system-out>
  </testcase>
  <testcase name="verifyArticlesOnHomePage" classname="SeleniumTesting.AEMhdfc.HomepageTest" time="92.658">
    <system-out><![CDATA[12:05:54.032 [main] INFO  PageObjects.Categorypage - Article section verification started
Trying to find Element By : By.xpath: //div[@class='container aboutus-sec']
Found Element By : By.xpath: //div[@class='container aboutus-sec']
Trying to find Element By : By.tagName: a
Found Element By : By.tagName: a
12:05:54.061 [main] INFO  PageObjects.Categorypage -  the number of link in article section : 7
Trying to find Element By : By.xpath: //div[@class='container aboutus-sec']
Found Element By : By.xpath: //div[@class='container aboutus-sec']
Trying to find Element By : By.tagName: a
Found Element By : By.tagName: a
12:06:01.630 [main] INFO  PageObjects.Categorypage -  and URL is: https://www.hdfclife.com/insurance-knowledge-centre/about-life-insurance/best-term-insurance-plan
Navigating forward to next page
Navigated forward to next page
Navigating back to previous page
Navigated back to previous page
Trying to find Element By : By.xpath: //div[@class='container aboutus-sec']
Found Element By : By.xpath: //div[@class='container aboutus-sec']
Trying to find Element By : By.tagName: a
Found Element By : By.tagName: a
12:06:14.050 [main] INFO  PageObjects.Categorypage - Choose the Right Term Insurance Plan - 7 Simple Steps

"There are certain factors which must be taken into consideration before purchasing term plan. Read seven basic steps to be taken while choosing a term insurance plan." and URL is: https://www.hdfclife.com/insurance-knowledge-centre/about-life-insurance/best-term-insurance-plan
Navigating forward to next page
Navigated forward to next page
Navigating back to previous page
Navigated back to previous page
Trying to find Element By : By.xpath: //div[@class='container aboutus-sec']
Found Element By : By.xpath: //div[@class='container aboutus-sec']
Trying to find Element By : By.tagName: a
Found Element By : By.tagName: a
12:06:26.605 [main] INFO  PageObjects.Categorypage - Unit Linked Insurance Plans, Most Preferred Investment Option among Indians | HDFC Life and URL is: https://www.hdfclife.com/insurance-knowledge-centre/investment-for-future-planning/what-makes-ulips-attractive
Navigating forward to next page
Navigated forward to next page
Navigating back to previous page
Navigated back to previous page
Trying to find Element By : By.xpath: //div[@class='container aboutus-sec']
Found Element By : By.xpath: //div[@class='container aboutus-sec']
Trying to find Element By : By.tagName: a
Found Element By : By.tagName: a
12:06:38.526 [main] INFO  PageObjects.Categorypage - Financial Planning - Importance of Savings and Investment | HDFC Life and URL is: https://www.hdfclife.com/insurance-knowledge-centre/investment-for-future-planning/importance-of-savings-and-investments
Navigating forward to next page
Navigated forward to next page
Navigating back to previous page
Navigated back to previous page
Trying to find Element By : By.xpath: //div[@class='container aboutus-sec']
Found Element By : By.xpath: //div[@class='container aboutus-sec']
Trying to find Element By : By.tagName: a
Found Element By : By.tagName: a
12:06:50.795 [main] INFO  PageObjects.Categorypage - Health Insurance Plan - Requirement & Benefits | HDFC Life

"Health Plans offer financial security to meet health related contingencies. It becomes imperative therefore to have a health insurance plan in place. To Know more about health plans, Visit Now !" and URL is: https://www.hdfclife.com/insurance-knowledge-centre/secure-your-health/need-for-health-plan
Navigating forward to next page
Navigated forward to next page
Navigating back to previous page
Navigated back to previous page
Trying to find Element By : By.xpath: //div[@class='container aboutus-sec']
Found Element By : By.xpath: //div[@class='container aboutus-sec']
Trying to find Element By : By.tagName: a
Found Element By : By.tagName: a
12:07:03.366 [main] INFO  PageObjects.Categorypage -  and URL is: https://www.hdfclife.com/insurance-knowledge-centre/secure-your-health/need-for-health-plan
Navigating forward to next page
Navigated forward to next page
Navigating back to previous page
Navigated back to previous page
Trying to find Element By : By.xpath: //div[@class='container aboutus-sec']
Found Element By : By.xpath: //div[@class='container aboutus-sec']
Trying to find Element By : By.tagName: a
Found Element By : By.tagName: a
12:07:15.570 [main] INFO  PageObjects.Categorypage - VIEW MORE and URL is: https://www.hdfclife.com/insurance-knowledge-centre
Navigating forward to next page
Navigated forward to next page
Navigating back to previous page
Navigated back to previous page
12:07:20.751 [main] INFO  PageObjects.Categorypage - No Broken link found
12:07:20.751 [main] INFO  PageObjects.Categorypage - Article section test case ended
]]></system-out>
  </testcase>
  <testcase name="navigateToPage" classname="SeleniumTesting.AEMhdfc.CategorypageTest" time="11.619">
    <system-out><![CDATA[12:07:23.756 [main] INFO  SeleniumTesting.AEMhdfc.HomepageTest - Homepage test cases executed
Before navigating to: 'https://www.hdfclife.com/'
Navigated to:'https://www.hdfclife.com/'
12:07:29.387 [main] INFO  SeleniumTesting.AEMhdfc.CategorypageTest - Category page test cases started
Trying to find Element By : By.xpath: //a[@class='megaMenuLink']
Found Element By : By.xpath: //a[@class='megaMenuLink']
Trying to click on: [[EdgeDriver: msedge on WINDOWS (2104af9cd8164123af434a0b0991cd30)] -> xpath: //a[@class='megaMenuLink']]
Clicked on: [[EdgeDriver: msedge on WINDOWS (2104af9cd8164123af434a0b0991cd30)] -> xpath: //a[@class='megaMenuLink']]
Trying to find Element By : By.xpath: (//a[@class='moreMenuLink gtm-moreMenuLink'])[1]
Found Element By : By.xpath: (//a[@class='moreMenuLink gtm-moreMenuLink'])[1]
Trying to click on: [[EdgeDriver: msedge on WINDOWS (2104af9cd8164123af434a0b0991cd30)] -> xpath: (//a[@class='moreMenuLink gtm-moreMenuLink'])[1]]
Clicked on: [[EdgeDriver: msedge on WINDOWS (2104af9cd8164123af434a0b0991cd30)] -> xpath: (//a[@class='moreMenuLink gtm-moreMenuLink'])[1]]
]]></system-out>
    <system-err><![CDATA[Dec 20, 2021 12:07:25 PM org.openqa.selenium.remote.DesiredCapabilities edge
INFO: Using `new EdgeOptions()` is preferred to `DesiredCapabilities.edge()`
Starting MSEdgeDriver 96.0.1054.62 (f97cb2ce0103f6eaa6dc1994d77748c659744916) on port 41760
Only local connections are allowed.
Please see https://chromedriver.chromium.org/security-considerations for suggestions on keeping MSEdgeDriver safe.
MSEdgeDriver was started successfully.
Dec 20, 2021 12:07:26 PM org.openqa.selenium.remote.ProtocolHandshake createSession
INFO: Detected dialect: W3C
]]></system-err>
  </testcase>
  <testcase name="verifyCalculatePremiumBtn" classname="SeleniumTesting.AEMhdfc.CategorypageTest" time="12.473">
    <system-out><![CDATA[Trying to find Element By : By.xpath: //a[@class='siteButton dataLayerBtnClick']
Found Element By : By.xpath: //a[@class='siteButton dataLayerBtnClick']
Trying to find Element By : By.xpath: //a[@class='siteButton dataLayerBtnClick']
Found Element By : By.xpath: //a[@class='siteButton dataLayerBtnClick']
Trying to click on: [[EdgeDriver: msedge on WINDOWS (2104af9cd8164123af434a0b0991cd30)] -> xpath: //a[@class='siteButton dataLayerBtnClick']]
Clicked on: [[EdgeDriver: msedge on WINDOWS (2104af9cd8164123af434a0b0991cd30)] -> xpath: //a[@class='siteButton dataLayerBtnClick']]
]]></system-out>
  </testcase>
  <testcase name="verifyTalkToAdvisor" classname="SeleniumTesting.AEMhdfc.CategorypageTest" time="6.25">
    <system-out><![CDATA[Trying to find Element By : By.xpath: (//a[@class='siteButton outlinedBtn'])[4]
Found Element By : By.xpath: (//a[@class='siteButton outlinedBtn'])[4]
Trying to find Element By : By.xpath: (//a[@class='siteButton outlinedBtn'])[4]
Found Element By : By.xpath: (//a[@class='siteButton outlinedBtn'])[4]
Trying to find Element By : By.xpath: (//a[@class='siteButton outlinedBtn'])[4]
Found Element By : By.xpath: (//a[@class='siteButton outlinedBtn'])[4]
Trying to click on: [[EdgeDriver: msedge on WINDOWS (2104af9cd8164123af434a0b0991cd30)] -> xpath: (//a[@class='siteButton outlinedBtn'])[4]]
Clicked on: [[EdgeDriver: msedge on WINDOWS (2104af9cd8164123af434a0b0991cd30)] -> xpath: (//a[@class='siteButton outlinedBtn'])[4]]
Trying to find Element By : By.xpath: //span[@class='close-icon1']
Found Element By : By.xpath: //span[@class='close-icon1']
Trying to find Element By : By.xpath: //span[@class='close-icon1']
Found Element By : By.xpath: //span[@class='close-icon1']
Trying to click on: [[EdgeDriver: msedge on WINDOWS (2104af9cd8164123af434a0b0991cd30)] -> xpath: //span[@class='close-icon1']]
Clicked on: [[EdgeDriver: msedge on WINDOWS (2104af9cd8164123af434a0b0991cd30)] -> xpath: //span[@class='close-icon1']]
]]></system-out>
  </testcase>
  <testcase name="verifyTalkToAdvisorPopup" classname="SeleniumTesting.AEMhdfc.CategorypageTest" time="9.421">
    <system-out><![CDATA[Trying to find Element By : By.xpath: (//a[@class='siteButton outlinedBtn'])[4]
Found Element By : By.xpath: (//a[@class='siteButton outlinedBtn'])[4]
Trying to find Element By : By.xpath: (//a[@class='siteButton outlinedBtn'])[4]
Found Element By : By.xpath: (//a[@class='siteButton outlinedBtn'])[4]
Trying to find Element By : By.xpath: (//a[@class='siteButton outlinedBtn'])[4]
Found Element By : By.xpath: (//a[@class='siteButton outlinedBtn'])[4]
Trying to click on: [[EdgeDriver: msedge on WINDOWS (2104af9cd8164123af434a0b0991cd30)] -> xpath: (//a[@class='siteButton outlinedBtn'])[4]]
Clicked on: [[EdgeDriver: msedge on WINDOWS (2104af9cd8164123af434a0b0991cd30)] -> xpath: (//a[@class='siteButton outlinedBtn'])[4]]
Trying to find Element By : By.xpath: //input[@class='first-name']
Found Element By : By.xpath: //input[@class='first-name']
Trying to find Element By : By.xpath: //input[@class='modilewidth']
Found Element By : By.xpath: //input[@class='modilewidth']
Trying to find Element By : By.xpath: //span[contains(text(),'Field should contain minimum 3 and max 50 characters')]
Found Element By : By.xpath: //span[contains(text(),'Field should contain minimum 3 and max 50 characters')]
Trying to find Element By : By.xpath: //span[contains(text(),'Field should contain minimum 3 and max 50 characters')]
Found Element By : By.xpath: //span[contains(text(),'Field should contain minimum 3 and max 50 characters')]
Trying to find Element By : By.xpath: //span[contains(text(),'Field should contain minimum 3 and max 50 characters')]
Found Element By : By.xpath: //span[contains(text(),'Field should contain minimum 3 and max 50 characters')]
Trying to find Element By : By.xpath: //span[contains(text(),'Please enter valid mobile number')]
Found Element By : By.xpath: //span[contains(text(),'Please enter valid mobile number')]
Trying to find Element By : By.xpath: //span[@class='close-icon1']
Found Element By : By.xpath: //span[@class='close-icon1']
Trying to find Element By : By.xpath: //span[@class='close-icon1']
Found Element By : By.xpath: //span[@class='close-icon1']
Trying to click on: [[EdgeDriver: msedge on WINDOWS (2104af9cd8164123af434a0b0991cd30)] -> xpath: //span[@class='close-icon1']]
Clicked on: [[EdgeDriver: msedge on WINDOWS (2104af9cd8164123af434a0b0991cd30)] -> xpath: //span[@class='close-icon1']]
]]></system-out>
  </testcase>
  <testcase name="verifyHomeIconInBreadCrumb" classname="SeleniumTesting.AEMhdfc.CategorypageTest" time="9.232">
    <system-out><![CDATA[Trying to find Element By : By.xpath: //img[@class='homeIconImg']
Found Element By : By.xpath: //img[@class='homeIconImg']
Trying to find Element By : By.xpath: //img[@class='homeIconImg']
Found Element By : By.xpath: //img[@class='homeIconImg']
Trying to click on: [[EdgeDriver: msedge on WINDOWS (2104af9cd8164123af434a0b0991cd30)] -> xpath: //img[@class='homeIconImg']]
Clicked on: [[EdgeDriver: msedge on WINDOWS (2104af9cd8164123af434a0b0991cd30)] -> xpath: //img[@class='homeIconImg']]
Navigating back to previous page
Navigated back to previous page
]]></system-out>
  </testcase>
  <testcase name="verifyC2PLProduct" classname="SeleniumTesting.AEMhdfc.CategorypageTest" time="31.789">
    <system-out><![CDATA[Trying to find Element By : By.xpath: (//a[@class='siteButton outlinedBtn learMoreBtn dataLayerBtnClick'])[1]
Found Element By : By.xpath: (//a[@class='siteButton outlinedBtn learMoreBtn dataLayerBtnClick'])[1]
Trying to find Element By : By.xpath: (//a[@class='siteButton outlinedBtn learMoreBtn dataLayerBtnClick'])[1]
Found Element By : By.xpath: (//a[@class='siteButton outlinedBtn learMoreBtn dataLayerBtnClick'])[1]
Trying to find Element By : By.xpath: (//a[@class='siteButton outlinedBtn learMoreBtn dataLayerBtnClick'])[1]
Found Element By : By.xpath: (//a[@class='siteButton outlinedBtn learMoreBtn dataLayerBtnClick'])[1]
Trying to find Element By : By.xpath: (//a[@class='siteButton outlinedBtn learMoreBtn dataLayerBtnClick'])[1]
Found Element By : By.xpath: (//a[@class='siteButton outlinedBtn learMoreBtn dataLayerBtnClick'])[1]
Trying to click on: [[EdgeDriver: msedge on WINDOWS (2104af9cd8164123af434a0b0991cd30)] -> xpath: (//a[@class='siteButton outlinedBtn learMoreBtn dataLayerBtnClick'])[1]]
Clicked on: [[EdgeDriver: msedge on WINDOWS (2104af9cd8164123af434a0b0991cd30)] -> xpath: (//a[@class='siteButton outlinedBtn learMoreBtn dataLayerBtnClick'])[1]]
Navigating back to previous page
Navigated back to previous page
Trying to find Element By : By.xpath: (//a[@class='dwnldLink dataLayerBtnClick'])[1]
Found Element By : By.xpath: (//a[@class='dwnldLink dataLayerBtnClick'])[1]
Trying to click on: [[EdgeDriver: msedge on WINDOWS (2104af9cd8164123af434a0b0991cd30)] -> xpath: (//a[@class='dwnldLink dataLayerBtnClick'])[1]]
Clicked on: [[EdgeDriver: msedge on WINDOWS (2104af9cd8164123af434a0b0991cd30)] -> xpath: (//a[@class='dwnldLink dataLayerBtnClick'])[1]]
The directory is empty
Trying to find Element By : By.xpath: (//a[@class='siteButton buyOnlineBtn dataLayerBtnClick'])[1]
Found Element By : By.xpath: (//a[@class='siteButton buyOnlineBtn dataLayerBtnClick'])[1]
Trying to find Element By : By.xpath: (//a[@class='siteButton buyOnlineBtn dataLayerBtnClick'])[1]
Found Element By : By.xpath: (//a[@class='siteButton buyOnlineBtn dataLayerBtnClick'])[1]
Trying to click on: [[EdgeDriver: msedge on WINDOWS (2104af9cd8164123af434a0b0991cd30)] -> xpath: (//a[@class='siteButton buyOnlineBtn dataLayerBtnClick'])[1]]
Clicked on: [[EdgeDriver: msedge on WINDOWS (2104af9cd8164123af434a0b0991cd30)] -> xpath: (//a[@class='siteButton buyOnlineBtn dataLayerBtnClick'])[1]]
]]></system-out>
  </testcase>
  <testcase name="verifySJBProduct" classname="SeleniumTesting.AEMhdfc.CategorypageTest" time="25.525">
    <system-out><![CDATA[Trying to find Element By : By.xpath: (//a[@class='siteButton outlinedBtn learMoreBtn dataLayerBtnClick'])[2]
Found Element By : By.xpath: (//a[@class='siteButton outlinedBtn learMoreBtn dataLayerBtnClick'])[2]
Trying to find Element By : By.xpath: (//a[@class='siteButton outlinedBtn learMoreBtn dataLayerBtnClick'])[2]
Found Element By : By.xpath: (//a[@class='siteButton outlinedBtn learMoreBtn dataLayerBtnClick'])[2]
Trying to click on: [[EdgeDriver: msedge on WINDOWS (2104af9cd8164123af434a0b0991cd30)] -> xpath: (//a[@class='siteButton outlinedBtn learMoreBtn dataLayerBtnClick'])[2]]
Clicked on: [[EdgeDriver: msedge on WINDOWS (2104af9cd8164123af434a0b0991cd30)] -> xpath: (//a[@class='siteButton outlinedBtn learMoreBtn dataLayerBtnClick'])[2]]
Navigating back to previous page
Navigated back to previous page
Trying to find Element By : By.xpath: (//a[@class='dwnldLink dataLayerBtnClick'])[2]
Found Element By : By.xpath: (//a[@class='dwnldLink dataLayerBtnClick'])[2]
Trying to click on: [[EdgeDriver: msedge on WINDOWS (2104af9cd8164123af434a0b0991cd30)] -> xpath: (//a[@class='dwnldLink dataLayerBtnClick'])[2]]
Clicked on: [[EdgeDriver: msedge on WINDOWS (2104af9cd8164123af434a0b0991cd30)] -> xpath: (//a[@class='dwnldLink dataLayerBtnClick'])[2]]
The directory is empty
Trying to find Element By : By.xpath: (//a[@class='siteButton buyOnlineBtn dataLayerBtnClick'])[2]
Found Element By : By.xpath: (//a[@class='siteButton buyOnlineBtn dataLayerBtnClick'])[2]
Trying to find Element By : By.xpath: (//a[@class='siteButton buyOnlineBtn dataLayerBtnClick'])[2]
Found Element By : By.xpath: (//a[@class='siteButton buyOnlineBtn dataLayerBtnClick'])[2]
Trying to click on: [[EdgeDriver: msedge on WINDOWS (2104af9cd8164123af434a0b0991cd30)] -> xpath: (//a[@class='siteButton buyOnlineBtn dataLayerBtnClick'])[2]]
Clicked on: [[EdgeDriver: msedge on WINDOWS (2104af9cd8164123af434a0b0991cd30)] -> xpath: (//a[@class='siteButton buyOnlineBtn dataLayerBtnClick'])[2]]
]]></system-out>
  </testcase>
  <testcase name="verifyLetsCalculateBtn" classname="SeleniumTesting.AEMhdfc.CategorypageTest" time="12.074">
    <system-out><![CDATA[Trying to find Element By : By.xpath: (//a[@class='bannerAdBtn siteButton'])[1]
Found Element By : By.xpath: (//a[@class='bannerAdBtn siteButton'])[1]
Trying to find Element By : By.xpath: (//a[@class='bannerAdBtn siteButton'])[1]
Found Element By : By.xpath: (//a[@class='bannerAdBtn siteButton'])[1]
Trying to click on: [[EdgeDriver: msedge on WINDOWS (2104af9cd8164123af434a0b0991cd30)] -> xpath: (//a[@class='bannerAdBtn siteButton'])[1]]
Clicked on: [[EdgeDriver: msedge on WINDOWS (2104af9cd8164123af434a0b0991cd30)] -> xpath: (//a[@class='bannerAdBtn siteButton'])[1]]
Navigating back to previous page
Navigated back to previous page
]]></system-out>
  </testcase>
  <testcase name="verifyVideoOnCategoryPage" classname="SeleniumTesting.AEMhdfc.CategorypageTest" time="6.017"/>
  <testcase name="verifyWhySection" classname="SeleniumTesting.AEMhdfc.CategorypageTest" time="9.274">
    <system-out><![CDATA[Trying to find Element By : By.xpath: (//a[@class='viewMoreBtn'])[1]
Found Element By : By.xpath: (//a[@class='viewMoreBtn'])[1]
Trying to find Element By : By.xpath: (//a[@class='viewMoreBtn'])[1]
Found Element By : By.xpath: (//a[@class='viewMoreBtn'])[1]
Trying to click on: [[EdgeDriver: msedge on WINDOWS (2104af9cd8164123af434a0b0991cd30)] -> xpath: (//a[@class='viewMoreBtn'])[1]]
Clicked on: [[EdgeDriver: msedge on WINDOWS (2104af9cd8164123af434a0b0991cd30)] -> xpath: (//a[@class='viewMoreBtn'])[1]]
Trying to find Element By : By.xpath: (//a[@class='viewMoreBtn viewLessBtn'])[1]
Found Element By : By.xpath: (//a[@class='viewMoreBtn viewLessBtn'])[1]
Trying to find Element By : By.xpath: (//a[@class='viewMoreBtn viewLessBtn'])[1]
Found Element By : By.xpath: (//a[@class='viewMoreBtn viewLessBtn'])[1]
Trying to click on: [[EdgeDriver: msedge on WINDOWS (2104af9cd8164123af434a0b0991cd30)] -> xpath: (//a[@class='viewMoreBtn viewLessBtn'])[1]]
Clicked on: [[EdgeDriver: msedge on WINDOWS (2104af9cd8164123af434a0b0991cd30)] -> xpath: (//a[@class='viewMoreBtn viewLessBtn'])[1]]
Trying to find Element By : By.xpath: (//a[@class='viewMoreBtn'])[1]
Found Element By : By.xpath: (//a[@class='viewMoreBtn'])[1]
]]></system-out>
  </testcase>
  <testcase name="verifyTermInsuranceGuideFaqSection" classname="SeleniumTesting.AEMhdfc.CategorypageTest" time="21.62">
    <system-out><![CDATA[Trying to find Element By : By.xpath: //h2[@class='tabAccordMenu opened']
Found Element By : By.xpath: //h2[@class='tabAccordMenu opened']
12:09:46.106 [main] INFO  PageObjects.Categorypage - First FAQ accordion is open on page load
Trying to find Element By : By.xpath: //h2[@class='tabAccordMenu opened']
Found Element By : By.xpath: //h2[@class='tabAccordMenu opened']
Trying to click on: [[EdgeDriver: msedge on WINDOWS (2104af9cd8164123af434a0b0991cd30)] -> xpath: //h2[@class='tabAccordMenu opened']]
Clicked on: [[EdgeDriver: msedge on WINDOWS (2104af9cd8164123af434a0b0991cd30)] -> xpath: //h2[@class='tabAccordMenu opened']]
Trying to find Element By : By.xpath: (//h2[@class='tabAccordMenu'])[2]
Found Element By : By.xpath: (//h2[@class='tabAccordMenu'])[2]
Trying to find Element By : By.xpath: (//h2[@class='tabAccordMenu'])[2]
Found Element By : By.xpath: (//h2[@class='tabAccordMenu'])[2]
Trying to click on: [[EdgeDriver: msedge on WINDOWS (2104af9cd8164123af434a0b0991cd30)] -> xpath: (//h2[@class='tabAccordMenu'])[2]]
Clicked on: [[EdgeDriver: msedge on WINDOWS (2104af9cd8164123af434a0b0991cd30)] -> xpath: (//h2[@class='tabAccordMenu'])[2]]
Trying to find Element By : By.xpath: //h2[@class='tabAccordMenu opened']
Found Element By : By.xpath: //h2[@class='tabAccordMenu opened']
12:09:52.341 [main] INFO  PageObjects.Categorypage - Second FAQ accordion is opened on click
Trying to find Element By : By.xpath: //h2[@class='tabAccordMenu opened']
Found Element By : By.xpath: //h2[@class='tabAccordMenu opened']
Trying to click on: [[EdgeDriver: msedge on WINDOWS (2104af9cd8164123af434a0b0991cd30)] -> xpath: //h2[@class='tabAccordMenu opened']]
Clicked on: [[EdgeDriver: msedge on WINDOWS (2104af9cd8164123af434a0b0991cd30)] -> xpath: //h2[@class='tabAccordMenu opened']]
Trying to find Element By : By.xpath: (//a[@class='viewMoreBtn'])[2]
Found Element By : By.xpath: (//a[@class='viewMoreBtn'])[2]
Trying to find Element By : By.xpath: (//a[@class='viewMoreBtn'])[2]
Found Element By : By.xpath: (//a[@class='viewMoreBtn'])[2]
Trying to click on: [[EdgeDriver: msedge on WINDOWS (2104af9cd8164123af434a0b0991cd30)] -> xpath: (//a[@class='viewMoreBtn'])[2]]
Clicked on: [[EdgeDriver: msedge on WINDOWS (2104af9cd8164123af434a0b0991cd30)] -> xpath: (//a[@class='viewMoreBtn'])[2]]
Trying to find Element By : By.xpath: //a[@class='viewMoreBtn viewLessBtn']
Found Element By : By.xpath: //a[@class='viewMoreBtn viewLessBtn']
Trying to click on: [[EdgeDriver: msedge on WINDOWS (2104af9cd8164123af434a0b0991cd30)] -> xpath: //a[@class='viewMoreBtn viewLessBtn']]
Clicked on: [[EdgeDriver: msedge on WINDOWS (2104af9cd8164123af434a0b0991cd30)] -> xpath: //a[@class='viewMoreBtn viewLessBtn']]
Trying to find Element By : By.xpath: (//a[@class='viewMoreBtn'])[2]
Found Element By : By.xpath: (//a[@class='viewMoreBtn'])[2]
]]></system-out>
  </testcase>
  <testcase name="verifyRidersSection" classname="SeleniumTesting.AEMhdfc.CategorypageTest" time="51.785">
    <system-out><![CDATA[Trying to find Element By : By.xpath: (//a[@class='viewMoreBtn'])[5]
Found Element By : By.xpath: (//a[@class='viewMoreBtn'])[5]
Trying to find Element By : By.xpath: (//a[@class='viewMoreBtn'])[5]
Found Element By : By.xpath: (//a[@class='viewMoreBtn'])[5]
Trying to click on: [[EdgeDriver: msedge on WINDOWS (2104af9cd8164123af434a0b0991cd30)] -> xpath: (//a[@class='viewMoreBtn'])[5]]
Clicked on: [[EdgeDriver: msedge on WINDOWS (2104af9cd8164123af434a0b0991cd30)] -> xpath: (//a[@class='viewMoreBtn'])[5]]
12:10:16.818 [main] INFO  PageObjects.Categorypage - Verification for download button in rider section started
Trying to find Element By : By.xpath: (//ul[@class='insuranceBenList'])[1]
Found Element By : By.xpath: (//ul[@class='insuranceBenList'])[1]
Trying to find Element By : By.tagName: a
Found Element By : By.tagName: a
12:10:16.844 [main] INFO  PageObjects.Categorypage -  the number of buttons in download riders section : 2
Trying to find Element By : By.xpath: (//ul[@class='insuranceBenList'])[2]
Found Element By : By.xpath: (//ul[@class='insuranceBenList'])[2]
Trying to find Element By : By.tagName: a
Found Element By : By.tagName: a
12:10:41.270 [main] INFO  PageObjects.Categorypage -  the number of buttons in second row in download riders section : 1
]]></system-out>
  </testcase>
  <testcase name="verifyContactUs" classname="SeleniumTesting.AEMhdfc.CategorypageTest" time="15.919">
    <system-out><![CDATA[Trying to find Element By : By.xpath: (//a[@class='bannerAdBtn siteButton'])[2]
Found Element By : By.xpath: (//a[@class='bannerAdBtn siteButton'])[2]
Trying to find Element By : By.xpath: (//a[@class='bannerAdBtn siteButton'])[2]
Found Element By : By.xpath: (//a[@class='bannerAdBtn siteButton'])[2]
Trying to click on: [[EdgeDriver: msedge on WINDOWS (2104af9cd8164123af434a0b0991cd30)] -> xpath: (//a[@class='bannerAdBtn siteButton'])[2]]
Clicked on: [[EdgeDriver: msedge on WINDOWS (2104af9cd8164123af434a0b0991cd30)] -> xpath: (//a[@class='bannerAdBtn siteButton'])[2]]
Navigating back to previous page
Navigated back to previous page
]]></system-out>
  </testcase>
  <testcase name="verifyArticlesSection" classname="SeleniumTesting.AEMhdfc.CategorypageTest" time="100.725">
    <system-out><![CDATA[12:11:15.401 [main] INFO  PageObjects.Categorypage - Article section verification started
Trying to find Element By : By.xpath: //div[@class='container aboutus-sec']
Found Element By : By.xpath: //div[@class='container aboutus-sec']
Trying to find Element By : By.tagName: a
Found Element By : By.tagName: a
12:11:15.421 [main] INFO  PageObjects.Categorypage -  the number of link in article section : 7
Trying to find Element By : By.xpath: //div[@class='container aboutus-sec']
Found Element By : By.xpath: //div[@class='container aboutus-sec']
Trying to find Element By : By.tagName: a
Found Element By : By.tagName: a
12:11:22.568 [main] INFO  PageObjects.Categorypage -  and URL is: https://www.hdfclife.com/insurance-knowledge-centre/about-life-insurance/what-is-term-insurance
Navigating forward to next page
Navigated forward to next page
Navigating back to previous page
Navigated back to previous page
Trying to find Element By : By.xpath: //div[@class='container aboutus-sec']
Found Element By : By.xpath: //div[@class='container aboutus-sec']
Trying to find Element By : By.tagName: a
Found Element By : By.tagName: a
12:11:36.109 [main] INFO  PageObjects.Categorypage - What is Term Insurance? - Meaning of Term Plan | HDFC Life

"Before making a financial plan for yourself, it is very important to know the meaning of term insurance. Read this blog to know the details about term plan!" and URL is: https://www.hdfclife.com/insurance-knowledge-centre/about-life-insurance/what-is-term-insurance
Navigating forward to next page
Navigated forward to next page
Navigating back to previous page
Navigated back to previous page
Trying to find Element By : By.xpath: //div[@class='container aboutus-sec']
Found Element By : By.xpath: //div[@class='container aboutus-sec']
Trying to find Element By : By.tagName: a
Found Element By : By.tagName: a
12:11:49.514 [main] INFO  PageObjects.Categorypage - Why Is Term Insurance Important For Everyone - HDFC Life and URL is: https://www.hdfclife.com/insurance-knowledge-centre/about-life-insurance/why-term-insurance-is-important.html
Navigating forward to next page
Navigated forward to next page
Navigating back to previous page
Navigated back to previous page
Trying to find Element By : By.xpath: //div[@class='container aboutus-sec']
Found Element By : By.xpath: //div[@class='container aboutus-sec']
Trying to find Element By : By.tagName: a
Found Element By : By.tagName: a
12:12:02.918 [main] INFO  PageObjects.Categorypage - Term Insurance FAQs - Answers to All Your Questions | HDFC Life and URL is: https://www.hdfclife.com/insurance-knowledge-centre/about-life-insurance/faqs-on-term-insurance
Navigating forward to next page
Navigated forward to next page
Navigating back to previous page
Navigated back to previous page
Trying to find Element By : By.xpath: //div[@class='container aboutus-sec']
Found Element By : By.xpath: //div[@class='container aboutus-sec']
Trying to find Element By : By.tagName: a
Found Element By : By.tagName: a
12:12:16.619 [main] INFO  PageObjects.Categorypage - Ultimate Guide - Buy Term Insurance Plans Online | HDFC Life

"Buying insurance is seen as time-consuming even cumbersome. So while individuals appreciate the importance of taking insurance, the formalities can be a put-off, making them postpone the decision......" and URL is: https://www.hdfclife.com/insurance-knowledge-centre/about-life-insurance/how-to-buy-term-insurance-online
Navigating forward to next page
Navigated forward to next page
Navigating back to previous page
Navigated back to previous page
Trying to find Element By : By.xpath: //div[@class='container aboutus-sec']
Found Element By : By.xpath: //div[@class='container aboutus-sec']
Trying to find Element By : By.tagName: a
Found Element By : By.tagName: a
12:12:30.384 [main] INFO  PageObjects.Categorypage -  and URL is: https://www.hdfclife.com/insurance-knowledge-centre/about-life-insurance/how-to-buy-term-insurance-online
Navigating forward to next page
Navigated forward to next page
Navigating back to previous page
Navigated back to previous page
Trying to find Element By : By.xpath: //div[@class='container aboutus-sec']
Found Element By : By.xpath: //div[@class='container aboutus-sec']
Trying to find Element By : By.tagName: a
Found Element By : By.tagName: a
12:12:43.978 [main] INFO  PageObjects.Categorypage - VIEW MORE and URL is: https://www.hdfclife.com/insurance-knowledge-centre
Navigating forward to next page
Navigated forward to next page
Navigating back to previous page
Navigated back to previous page
12:12:50.093 [main] INFO  PageObjects.Categorypage - No Broken link found
12:12:50.093 [main] INFO  PageObjects.Categorypage - Article section test case ended
]]></system-out>
  </testcase>
  <testcase name="verifyDisclaimer" classname="SeleniumTesting.AEMhdfc.CategorypageTest" time="9.122">
    <system-out><![CDATA[Trying to find Element By : By.xpath: //a[@data-toggle='collapse']
Found Element By : By.xpath: //a[@data-toggle='collapse']
Trying to find Element By : By.xpath: //a[@data-toggle='collapse']
Found Element By : By.xpath: //a[@data-toggle='collapse']
Trying to click on: [[EdgeDriver: msedge on WINDOWS (2104af9cd8164123af434a0b0991cd30)] -> xpath: //a[@data-toggle='collapse']]
Clicked on: [[EdgeDriver: msedge on WINDOWS (2104af9cd8164123af434a0b0991cd30)] -> xpath: //a[@data-toggle='collapse']]
]]></system-out>
  </testcase>
  <testcase name="navigateToProductPage" classname="SeleniumTesting.AEMhdfc.ProductpageTest" time="22.386">
    <system-out><![CDATA[12:13:03.428 [main] INFO  SeleniumTesting.AEMhdfc.CategorypageTest - Category page test cases executed
12:13:03.429 [main] INFO  SeleniumTesting.AEMhdfc.CategorypageTest - Folder deleted for Category downloads
Before navigating to: 'https://www.hdfclife.com/'
Navigated to:'https://www.hdfclife.com/'
12:13:07.727 [main] INFO  SeleniumTesting.AEMhdfc.ProductpageTest - Product page test cases started
Trying to find Element By : By.xpath: //a[@class='megaMenuLink']
Found Element By : By.xpath: //a[@class='megaMenuLink']
Trying to click on: [[EdgeDriver: msedge on WINDOWS (b1b2accbd6a8ae6b8be6d77e863a1e9a)] -> xpath: //a[@class='megaMenuLink']]
Clicked on: [[EdgeDriver: msedge on WINDOWS (b1b2accbd6a8ae6b8be6d77e863a1e9a)] -> xpath: //a[@class='megaMenuLink']]
Trying to find Element By : By.xpath: (//a[@class='moreMenuLink gtm-moreMenuLink'])[1]
Found Element By : By.xpath: (//a[@class='moreMenuLink gtm-moreMenuLink'])[1]
Trying to click on: [[EdgeDriver: msedge on WINDOWS (b1b2accbd6a8ae6b8be6d77e863a1e9a)] -> xpath: (//a[@class='moreMenuLink gtm-moreMenuLink'])[1]]
Clicked on: [[EdgeDriver: msedge on WINDOWS (b1b2accbd6a8ae6b8be6d77e863a1e9a)] -> xpath: (//a[@class='moreMenuLink gtm-moreMenuLink'])[1]]
Trying to find Element By : By.xpath: (//a[@class='siteButton outlinedBtn learMoreBtn dataLayerBtnClick'])[1]
Found Element By : By.xpath: (//a[@class='siteButton outlinedBtn learMoreBtn dataLayerBtnClick'])[1]
Trying to find Element By : By.xpath: (//a[@class='siteButton outlinedBtn learMoreBtn dataLayerBtnClick'])[1]
Found Element By : By.xpath: (//a[@class='siteButton outlinedBtn learMoreBtn dataLayerBtnClick'])[1]
Trying to find Element By : By.xpath: (//a[@class='siteButton outlinedBtn learMoreBtn dataLayerBtnClick'])[1]
Found Element By : By.xpath: (//a[@class='siteButton outlinedBtn learMoreBtn dataLayerBtnClick'])[1]
Trying to find Element By : By.xpath: (//a[@class='siteButton outlinedBtn learMoreBtn dataLayerBtnClick'])[1]
Found Element By : By.xpath: (//a[@class='siteButton outlinedBtn learMoreBtn dataLayerBtnClick'])[1]
Trying to click on: [[EdgeDriver: msedge on WINDOWS (b1b2accbd6a8ae6b8be6d77e863a1e9a)] -> xpath: (//a[@class='siteButton outlinedBtn learMoreBtn dataLayerBtnClick'])[1]]
Clicked on: [[EdgeDriver: msedge on WINDOWS (b1b2accbd6a8ae6b8be6d77e863a1e9a)] -> xpath: (//a[@class='siteButton outlinedBtn learMoreBtn dataLayerBtnClick'])[1]]
]]></system-out>
    <system-err><![CDATA[Dec 20, 2021 12:13:03 PM org.openqa.selenium.remote.DesiredCapabilities edge
INFO: Using `new EdgeOptions()` is preferred to `DesiredCapabilities.edge()`
Starting MSEdgeDriver 96.0.1054.62 (f97cb2ce0103f6eaa6dc1994d77748c659744916) on port 36626
Only local connections are allowed.
Please see https://chromedriver.chromium.org/security-considerations for suggestions on keeping MSEdgeDriver safe.
MSEdgeDriver was started successfully.
Dec 20, 2021 12:13:04 PM org.openqa.selenium.remote.ProtocolHandshake createSession
INFO: Detected dialect: W3C
]]></system-err>
  </testcase>
  <testcase name="verifyTandCOption" classname="SeleniumTesting.AEMhdfc.ProductpageTest" time="24.311">
    <system-out><![CDATA[Trying to find Element By : By.xpath: //a[@class='popuptext']
Found Element By : By.xpath: //a[@class='popuptext']
Trying to find Element By : By.xpath: //a[@class='popuptext']
Found Element By : By.xpath: //a[@class='popuptext']
Trying to click on: [[EdgeDriver: msedge on WINDOWS (b1b2accbd6a8ae6b8be6d77e863a1e9a)] -> xpath: //a[@class='popuptext']]
Clicked on: [[EdgeDriver: msedge on WINDOWS (b1b2accbd6a8ae6b8be6d77e863a1e9a)] -> xpath: //a[@class='popuptext']]
Trying to find Element By : By.xpath: //a[@data-toggle='collapse']
Found Element By : By.xpath: //a[@data-toggle='collapse']
Trying to find Element By : By.xpath: //a[@data-toggle='collapse']
Found Element By : By.xpath: //a[@data-toggle='collapse']
Trying to click on: [[EdgeDriver: msedge on WINDOWS (b1b2accbd6a8ae6b8be6d77e863a1e9a)] -> xpath: //a[@data-toggle='collapse']]
Clicked on: [[EdgeDriver: msedge on WINDOWS (b1b2accbd6a8ae6b8be6d77e863a1e9a)] -> xpath: //a[@data-toggle='collapse']]
]]></system-out>
  </testcase>
  <testcase name="verifyProductPageBreadcrumb" classname="SeleniumTesting.AEMhdfc.ProductpageTest" time="23.26">
    <system-out><![CDATA[Trying to find Element By : By.xpath: //img[@class='homeIconImg']
Found Element By : By.xpath: //img[@class='homeIconImg']
Trying to find Element By : By.xpath: //img[@class='homeIconImg']
Found Element By : By.xpath: //img[@class='homeIconImg']
Trying to click on: [[EdgeDriver: msedge on WINDOWS (b1b2accbd6a8ae6b8be6d77e863a1e9a)] -> xpath: //img[@class='homeIconImg']]
Clicked on: [[EdgeDriver: msedge on WINDOWS (b1b2accbd6a8ae6b8be6d77e863a1e9a)] -> xpath: //img[@class='homeIconImg']]
Navigating back to previous page
Navigated back to previous page
Trying to find Element By : By.xpath: //label[normalize-space()='Term Insurance Plans']
Found Element By : By.xpath: //label[normalize-space()='Term Insurance Plans']
Trying to find Element By : By.xpath: //label[normalize-space()='Term Insurance Plans']
Found Element By : By.xpath: //label[normalize-space()='Term Insurance Plans']
Trying to click on: [[EdgeDriver: msedge on WINDOWS (b1b2accbd6a8ae6b8be6d77e863a1e9a)] -> xpath: //label[normalize-space()='Term Insurance Plans']]
Clicked on: [[EdgeDriver: msedge on WINDOWS (b1b2accbd6a8ae6b8be6d77e863a1e9a)] -> xpath: //label[normalize-space()='Term Insurance Plans']]
Navigating back to previous page
Navigated back to previous page
]]></system-out>
  </testcase>
  <testcase name="verifyRatingOption" classname="SeleniumTesting.AEMhdfc.ProductpageTest" time="9.434">
    <system-out><![CDATA[Trying to find Element By : By.xpath: //div[@class='icon-wrap rate']
Found Element By : By.xpath: //div[@class='icon-wrap rate']
Trying to find Element By : By.xpath: //div[@class='icon-wrap rate']
Found Element By : By.xpath: //div[@class='icon-wrap rate']
Trying to find Element By : By.cssSelector: #rate-msg
Found Element By : By.cssSelector: #rate-msg
Trying to find Element By : By.xpath: (//*[name()='svg'][@class='starttest'])[2]
Found Element By : By.xpath: (//*[name()='svg'][@class='starttest'])[2]
Trying to click on: [[EdgeDriver: msedge on WINDOWS (b1b2accbd6a8ae6b8be6d77e863a1e9a)] -> xpath: (//*[name()='svg'][@class='starttest'])[2]]
Clicked on: [[EdgeDriver: msedge on WINDOWS (b1b2accbd6a8ae6b8be6d77e863a1e9a)] -> xpath: (//*[name()='svg'][@class='starttest'])[2]]
Trying to find Element By : By.xpath: //div[@class='icon-wrap rate']
Found Element By : By.xpath: //div[@class='icon-wrap rate']
Trying to find Element By : By.cssSelector: #rate-msg
Found Element By : By.cssSelector: #rate-msg
]]></system-out>
  </testcase>
  <testcase name="verifyPrintBtn" classname="SeleniumTesting.AEMhdfc.ProductpageTest" time="9.361">
    <system-out><![CDATA[Trying to find Element By : By.xpath: //div[@class='icon-wrap print']
Found Element By : By.xpath: //div[@class='icon-wrap print']
Trying to find Element By : By.xpath: //div[@class='icon-wrap print']
Found Element By : By.xpath: //div[@class='icon-wrap print']
Trying to click on: [[EdgeDriver: msedge on WINDOWS (b1b2accbd6a8ae6b8be6d77e863a1e9a)] -> xpath: //div[@class='icon-wrap print']]
Clicked on: [[EdgeDriver: msedge on WINDOWS (b1b2accbd6a8ae6b8be6d77e863a1e9a)] -> xpath: //div[@class='icon-wrap print']]
]]></system-out>
  </testcase>
  <testcase name="verifyShareOption" classname="SeleniumTesting.AEMhdfc.ProductpageTest" time="49.653">
    <system-out><![CDATA[Trying to find Element By : By.xpath: //div[@class='icon-wrap share']
Found Element By : By.xpath: //div[@class='icon-wrap share']
Trying to find Element By : By.xpath: //div[@class='icon-wrap share']
Found Element By : By.xpath: //div[@class='icon-wrap share']
Trying to find Element By : By.xpath: //li[@class='share_social'][@data-medium='facebook']
Found Element By : By.xpath: //li[@class='share_social'][@data-medium='facebook']
Trying to find Element By : By.xpath: //li[@class='share_social'][@data-medium='facebook']
Found Element By : By.xpath: //li[@class='share_social'][@data-medium='facebook']
Trying to click on: [[EdgeDriver: msedge on WINDOWS (b1b2accbd6a8ae6b8be6d77e863a1e9a)] -> xpath: //li[@class='share_social'][@data-medium='facebook']]
Clicked on: [[EdgeDriver: msedge on WINDOWS (b1b2accbd6a8ae6b8be6d77e863a1e9a)] -> xpath: //li[@class='share_social'][@data-medium='facebook']]
Trying to find Element By : By.xpath: //div[@class='icon-wrap share']
Found Element By : By.xpath: //div[@class='icon-wrap share']
Trying to find Element By : By.xpath: //div[@class='icon-wrap share']
Found Element By : By.xpath: //div[@class='icon-wrap share']
Trying to find Element By : By.xpath: //li[@class='share_social'][@data-medium='twitter']
Found Element By : By.xpath: //li[@class='share_social'][@data-medium='twitter']
Trying to find Element By : By.xpath: //li[@class='share_social'][@data-medium='twitter']
Found Element By : By.xpath: //li[@class='share_social'][@data-medium='twitter']
Trying to click on: [[EdgeDriver: msedge on WINDOWS (b1b2accbd6a8ae6b8be6d77e863a1e9a)] -> xpath: //li[@class='share_social'][@data-medium='twitter']]
Clicked on: [[EdgeDriver: msedge on WINDOWS (b1b2accbd6a8ae6b8be6d77e863a1e9a)] -> xpath: //li[@class='share_social'][@data-medium='twitter']]
Trying to find Element By : By.xpath: //div[@class='icon-wrap share']
Found Element By : By.xpath: //div[@class='icon-wrap share']
Trying to find Element By : By.xpath: //div[@class='icon-wrap share']
Found Element By : By.xpath: //div[@class='icon-wrap share']
Trying to find Element By : By.xpath: //li[@class='share_social'][@data-medium='linkedin']
Found Element By : By.xpath: //li[@class='share_social'][@data-medium='linkedin']
Trying to find Element By : By.xpath: //li[@class='share_social'][@data-medium='linkedin']
Found Element By : By.xpath: //li[@class='share_social'][@data-medium='linkedin']
Trying to click on: [[EdgeDriver: msedge on WINDOWS (b1b2accbd6a8ae6b8be6d77e863a1e9a)] -> xpath: //li[@class='share_social'][@data-medium='linkedin']]
Clicked on: [[EdgeDriver: msedge on WINDOWS (b1b2accbd6a8ae6b8be6d77e863a1e9a)] -> xpath: //li[@class='share_social'][@data-medium='linkedin']]
]]></system-out>
  </testcase>
  <testcase name="verifyRatingsFromAPI" classname="SeleniumTesting.AEMhdfc.ProductpageTest" time="3.016">
    <system-out><![CDATA[Trying to find Element By : By.xpath: //div[@class='five-star-wrapper'][@id='starRating']
Found Element By : By.xpath: //div[@class='five-star-wrapper'][@id='starRating']
]]></system-out>
  </testcase>
  <testcase name="verifyDownloadBrochure" classname="SeleniumTesting.AEMhdfc.ProductpageTest" time="6.139">
    <system-out><![CDATA[Trying to find Element By : By.xpath: //a[@class='product-download-btn downloadPdfClick']
Found Element By : By.xpath: //a[@class='product-download-btn downloadPdfClick']
Trying to find Element By : By.xpath: //a[@class='product-download-btn downloadPdfClick']
Found Element By : By.xpath: //a[@class='product-download-btn downloadPdfClick']
Trying to click on: [[EdgeDriver: msedge on WINDOWS (b1b2accbd6a8ae6b8be6d77e863a1e9a)] -> xpath: //a[@class='product-download-btn downloadPdfClick']]
Clicked on: [[EdgeDriver: msedge on WINDOWS (b1b2accbd6a8ae6b8be6d77e863a1e9a)] -> xpath: //a[@class='product-download-btn downloadPdfClick']]
The directory is empty
]]></system-out>
  </testcase>
  <testcase name="verifyCalculatePremiumBtn" classname="SeleniumTesting.AEMhdfc.ProductpageTest" time="11.351">
    <system-out><![CDATA[Trying to find Element By : By.xpath: //a[@class='product-calculate-btn outlined-button-hover dataLayerBtnClick']
Found Element By : By.xpath: //a[@class='product-calculate-btn outlined-button-hover dataLayerBtnClick']
Trying to find Element By : By.xpath: //a[@class='product-calculate-btn outlined-button-hover dataLayerBtnClick']
Found Element By : By.xpath: //a[@class='product-calculate-btn outlined-button-hover dataLayerBtnClick']
Trying to click on: [[EdgeDriver: msedge on WINDOWS (b1b2accbd6a8ae6b8be6d77e863a1e9a)] -> xpath: //a[@class='product-calculate-btn outlined-button-hover dataLayerBtnClick']]
Clicked on: [[EdgeDriver: msedge on WINDOWS (b1b2accbd6a8ae6b8be6d77e863a1e9a)] -> xpath: //a[@class='product-calculate-btn outlined-button-hover dataLayerBtnClick']]
]]></system-out>
  </testcase>
  <testcase name="verifyBuyNowBtn" classname="SeleniumTesting.AEMhdfc.ProductpageTest" time="9.383">
    <system-out><![CDATA[Trying to find Element By : By.xpath: //a[@class='product-buynow-btn btnred dataLayerBtnClick']
Found Element By : By.xpath: //a[@class='product-buynow-btn btnred dataLayerBtnClick']
Trying to find Element By : By.xpath: //a[@class='product-buynow-btn btnred dataLayerBtnClick']
Found Element By : By.xpath: //a[@class='product-buynow-btn btnred dataLayerBtnClick']
Trying to click on: [[EdgeDriver: msedge on WINDOWS (b1b2accbd6a8ae6b8be6d77e863a1e9a)] -> xpath: //a[@class='product-buynow-btn btnred dataLayerBtnClick']]
Clicked on: [[EdgeDriver: msedge on WINDOWS (b1b2accbd6a8ae6b8be6d77e863a1e9a)] -> xpath: //a[@class='product-buynow-btn btnred dataLayerBtnClick']]
]]></system-out>
  </testcase>
  <testcase name="verifyDownloadsSectionAfterScroll" classname="SeleniumTesting.AEMhdfc.ProductpageTest" time="107.695">
    <system-out><![CDATA[12:15:56.026 [main] INFO  SeleniumTesting.AEMhdfc.ProductpageTest - Download section verification after scroll started
Trying to find Element By : By.xpath: //div[@class='icon-wrap rate']
Found Element By : By.xpath: //div[@class='icon-wrap rate']
Trying to find Element By : By.xpath: //div[@class='icon-wrap rate']
Found Element By : By.xpath: //div[@class='icon-wrap rate']
Trying to find Element By : By.cssSelector: #rate-msg
Found Element By : By.cssSelector: #rate-msg
Trying to find Element By : By.xpath: (//*[name()='svg'][@class='starttest'])[2]
Found Element By : By.xpath: (//*[name()='svg'][@class='starttest'])[2]
Trying to click on: [[EdgeDriver: msedge on WINDOWS (b1b2accbd6a8ae6b8be6d77e863a1e9a)] -> xpath: (//*[name()='svg'][@class='starttest'])[2]]
Clicked on: [[EdgeDriver: msedge on WINDOWS (b1b2accbd6a8ae6b8be6d77e863a1e9a)] -> xpath: (//*[name()='svg'][@class='starttest'])[2]]
Trying to find Element By : By.xpath: //div[@class='icon-wrap rate']
Found Element By : By.xpath: //div[@class='icon-wrap rate']
Trying to find Element By : By.cssSelector: #rate-msg
Found Element By : By.cssSelector: #rate-msg
Trying to find Element By : By.xpath: //div[@class='icon-wrap print']
Found Element By : By.xpath: //div[@class='icon-wrap print']
Trying to find Element By : By.xpath: //div[@class='icon-wrap print']
Found Element By : By.xpath: //div[@class='icon-wrap print']
Trying to click on: [[EdgeDriver: msedge on WINDOWS (b1b2accbd6a8ae6b8be6d77e863a1e9a)] -> xpath: //div[@class='icon-wrap print']]
Clicked on: [[EdgeDriver: msedge on WINDOWS (b1b2accbd6a8ae6b8be6d77e863a1e9a)] -> xpath: //div[@class='icon-wrap print']]
Trying to find Element By : By.xpath: //div[@class='icon-wrap share']
Found Element By : By.xpath: //div[@class='icon-wrap share']
Trying to find Element By : By.xpath: //div[@class='icon-wrap share']
Found Element By : By.xpath: //div[@class='icon-wrap share']
Trying to find Element By : By.xpath: //li[@class='share_social'][@data-medium='facebook']
Found Element By : By.xpath: //li[@class='share_social'][@data-medium='facebook']
Trying to find Element By : By.xpath: //li[@class='share_social'][@data-medium='facebook']
Found Element By : By.xpath: //li[@class='share_social'][@data-medium='facebook']
Trying to click on: [[EdgeDriver: msedge on WINDOWS (b1b2accbd6a8ae6b8be6d77e863a1e9a)] -> xpath: //li[@class='share_social'][@data-medium='facebook']]
Clicked on: [[EdgeDriver: msedge on WINDOWS (b1b2accbd6a8ae6b8be6d77e863a1e9a)] -> xpath: //li[@class='share_social'][@data-medium='facebook']]
Trying to find Element By : By.xpath: //div[@class='icon-wrap share']
Found Element By : By.xpath: //div[@class='icon-wrap share']
Trying to find Element By : By.xpath: //div[@class='icon-wrap share']
Found Element By : By.xpath: //div[@class='icon-wrap share']
Trying to find Element By : By.xpath: //li[@class='share_social'][@data-medium='twitter']
Found Element By : By.xpath: //li[@class='share_social'][@data-medium='twitter']
Trying to find Element By : By.xpath: //li[@class='share_social'][@data-medium='twitter']
Found Element By : By.xpath: //li[@class='share_social'][@data-medium='twitter']
Trying to click on: [[EdgeDriver: msedge on WINDOWS (b1b2accbd6a8ae6b8be6d77e863a1e9a)] -> xpath: //li[@class='share_social'][@data-medium='twitter']]
Clicked on: [[EdgeDriver: msedge on WINDOWS (b1b2accbd6a8ae6b8be6d77e863a1e9a)] -> xpath: //li[@class='share_social'][@data-medium='twitter']]
Trying to find Element By : By.xpath: //div[@class='icon-wrap share']
Found Element By : By.xpath: //div[@class='icon-wrap share']
Trying to find Element By : By.xpath: //div[@class='icon-wrap share']
Found Element By : By.xpath: //div[@class='icon-wrap share']
Trying to find Element By : By.xpath: //li[@class='share_social'][@data-medium='linkedin']
Found Element By : By.xpath: //li[@class='share_social'][@data-medium='linkedin']
Trying to find Element By : By.xpath: //li[@class='share_social'][@data-medium='linkedin']
Found Element By : By.xpath: //li[@class='share_social'][@data-medium='linkedin']
Trying to click on: [[EdgeDriver: msedge on WINDOWS (b1b2accbd6a8ae6b8be6d77e863a1e9a)] -> xpath: //li[@class='share_social'][@data-medium='linkedin']]
Clicked on: [[EdgeDriver: msedge on WINDOWS (b1b2accbd6a8ae6b8be6d77e863a1e9a)] -> xpath: //li[@class='share_social'][@data-medium='linkedin']]
Trying to find Element By : By.xpath: //div[@class='five-star-wrapper'][@id='starRating']
Found Element By : By.xpath: //div[@class='five-star-wrapper'][@id='starRating']
Trying to find Element By : By.xpath: //a[@class='product-download-btn downloadPdfClick']
Found Element By : By.xpath: //a[@class='product-download-btn downloadPdfClick']
Trying to find Element By : By.xpath: //a[@class='product-download-btn downloadPdfClick']
Found Element By : By.xpath: //a[@class='product-download-btn downloadPdfClick']
Trying to click on: [[EdgeDriver: msedge on WINDOWS (b1b2accbd6a8ae6b8be6d77e863a1e9a)] -> xpath: //a[@class='product-download-btn downloadPdfClick']]
Clicked on: [[EdgeDriver: msedge on WINDOWS (b1b2accbd6a8ae6b8be6d77e863a1e9a)] -> xpath: //a[@class='product-download-btn downloadPdfClick']]
The directory is empty
Trying to find Element By : By.xpath: //a[@class='product-calculate-btn outlined-button-hover dataLayerBtnClick']
Found Element By : By.xpath: //a[@class='product-calculate-btn outlined-button-hover dataLayerBtnClick']
Trying to find Element By : By.xpath: //a[@class='product-calculate-btn outlined-button-hover dataLayerBtnClick']
Found Element By : By.xpath: //a[@class='product-calculate-btn outlined-button-hover dataLayerBtnClick']
Trying to click on: [[EdgeDriver: msedge on WINDOWS (b1b2accbd6a8ae6b8be6d77e863a1e9a)] -> xpath: //a[@class='product-calculate-btn outlined-button-hover dataLayerBtnClick']]
Clicked on: [[EdgeDriver: msedge on WINDOWS (b1b2accbd6a8ae6b8be6d77e863a1e9a)] -> xpath: //a[@class='product-calculate-btn outlined-button-hover dataLayerBtnClick']]
Trying to find Element By : By.xpath: //a[@class='product-buynow-btn btnred dataLayerBtnClick']
Found Element By : By.xpath: //a[@class='product-buynow-btn btnred dataLayerBtnClick']
Trying to find Element By : By.xpath: //a[@class='product-buynow-btn btnred dataLayerBtnClick']
Found Element By : By.xpath: //a[@class='product-buynow-btn btnred dataLayerBtnClick']
Trying to click on: [[EdgeDriver: msedge on WINDOWS (b1b2accbd6a8ae6b8be6d77e863a1e9a)] -> xpath: //a[@class='product-buynow-btn btnred dataLayerBtnClick']]
Clicked on: [[EdgeDriver: msedge on WINDOWS (b1b2accbd6a8ae6b8be6d77e863a1e9a)] -> xpath: //a[@class='product-buynow-btn btnred dataLayerBtnClick']]
]]></system-out>
  </testcase>
  <testcase name="verifyYourPlanYourBenefitsSection" classname="SeleniumTesting.AEMhdfc.ProductpageTest" time="30.116">
    <failure message="timeout: Timed out receiving message from renderer: 30.000&#10;  (Session info: MicrosoftEdge=96.0.1054.62)&#10;Build info: version: &apos;3.141.59&apos;, revision: &apos;e82be7d358&apos;, time: &apos;2018-11-14T08:17:03&apos;&#10;System info: host: &apos;LIN24007907&apos;, ip: &apos;192.168.1.13&apos;, os.name: &apos;Windows 10&apos;, os.arch: &apos;amd64&apos;, os.version: &apos;10.0&apos;, java.version: &apos;17&apos;&#10;Driver info: com.microsoft.edge.seleniumtools.EdgeDriver&#10;Capabilities {acceptInsecureCerts: false, browserName: msedge, browserVersion: 96.0.1054.62, javascriptEnabled: true, ms:edgeOptions: {debuggerAddress: localhost:61301}, msedge: {msedgedriverVersion: 96.0.1054.62 (f97cb2ce0103f..., userDataDir: C:\Users\Akundar\AppData\Lo...}, networkConnectionEnabled: false, pageLoadStrategy: normal, platform: WINDOWS, platformName: WINDOWS, proxy: Proxy(), setWindowRect: true, strictFileInteractability: false, timeouts: {implicit: 0, pageLoad: 300000, script: 30000}, unhandledPromptBehavior: dismiss and notify, webauthn:extension:credBlob: true, webauthn:extension:largeBlob: true, webauthn:virtualAuthenticators: true}&#10;Session ID: b1b2accbd6a8ae6b8be6d77e863a1e9a" type="org.openqa.selenium.TimeoutException"><![CDATA[org.openqa.selenium.TimeoutException: 
timeout: Timed out receiving message from renderer: 30.000
  (Session info: MicrosoftEdge=96.0.1054.62)
Build info: version: '3.141.59', revision: 'e82be7d358', time: '2018-11-14T08:17:03'
System info: host: 'LIN24007907', ip: '192.168.1.13', os.name: 'Windows 10', os.arch: 'amd64', os.version: '10.0', java.version: '17'
Driver info: com.microsoft.edge.seleniumtools.EdgeDriver
Capabilities {acceptInsecureCerts: false, browserName: msedge, browserVersion: 96.0.1054.62, javascriptEnabled: true, ms:edgeOptions: {debuggerAddress: localhost:61301}, msedge: {msedgedriverVersion: 96.0.1054.62 (f97cb2ce0103f..., userDataDir: C:\Users\Akundar\AppData\Lo...}, networkConnectionEnabled: false, pageLoadStrategy: normal, platform: WINDOWS, platformName: WINDOWS, proxy: Proxy(), setWindowRect: true, strictFileInteractability: false, timeouts: {implicit: 0, pageLoad: 300000, script: 30000}, unhandledPromptBehavior: dismiss and notify, webauthn:extension:credBlob: true, webauthn:extension:largeBlob: true, webauthn:virtualAuthenticators: true}
Session ID: b1b2accbd6a8ae6b8be6d77e863a1e9a
	at SeleniumTesting.AEMhdfc.ProductpageTest.verifyYourPlanYourBenefitsSection(ProductpageTest.java:153)
]]></failure>
    <system-err><![CDATA[[1639982893.827][SEVERE]: Timed out receiving message from renderer: 30.000
[1639982893.829][SEVERE]: Timed out receiving message from renderer: 30.000
]]></system-err>
  </testcase>
  <testcase name="verifyEligibilityCriteria" classname="SeleniumTesting.AEMhdfc.ProductpageTest" time="9.298">
    <system-out><![CDATA[Trying to find Element By : By.id: view-eligibility-table
Found Element By : By.id: view-eligibility-table
Trying to find Element By : By.id: view-eligibility-table
Found Element By : By.id: view-eligibility-table
Trying to click on: [[EdgeDriver: msedge on WINDOWS (b1b2accbd6a8ae6b8be6d77e863a1e9a)] -> id: view-eligibility-table]
Clicked on: [[EdgeDriver: msedge on WINDOWS (b1b2accbd6a8ae6b8be6d77e863a1e9a)] -> id: view-eligibility-table]
Trying to find Element By : By.className: close-table
Found Element By : By.className: close-table
Trying to find Element By : By.className: close-table
Found Element By : By.className: close-table
Trying to find Element By : By.className: close-table
Found Element By : By.className: close-table
Trying to click on: [[EdgeDriver: msedge on WINDOWS (b1b2accbd6a8ae6b8be6d77e863a1e9a)] -> class name: close-table]
Clicked on: [[EdgeDriver: msedge on WINDOWS (b1b2accbd6a8ae6b8be6d77e863a1e9a)] -> class name: close-table]
Trying to find Element By : By.id: view-eligibility-table
Found Element By : By.id: view-eligibility-table
]]></system-out>
  </testcase>
  <testcase name="verifyVideoOnCategoryPage" classname="SeleniumTesting.AEMhdfc.ProductpageTest" time="3.01"/>
  <testcase name="verifyRidersSection" classname="SeleniumTesting.AEMhdfc.ProductpageTest" time="57.818">
    <system-out><![CDATA[Trying to find Element By : By.xpath: (//a[@class='viewMoreBtn'])[3]
Found Element By : By.xpath: (//a[@class='viewMoreBtn'])[3]
Trying to find Element By : By.xpath: (//a[@class='viewMoreBtn'])[3]
Found Element By : By.xpath: (//a[@class='viewMoreBtn'])[3]
Trying to click on: [[EdgeDriver: msedge on WINDOWS (b1b2accbd6a8ae6b8be6d77e863a1e9a)] -> xpath: (//a[@class='viewMoreBtn'])[3]]
Clicked on: [[EdgeDriver: msedge on WINDOWS (b1b2accbd6a8ae6b8be6d77e863a1e9a)] -> xpath: (//a[@class='viewMoreBtn'])[3]]
12:18:44.492 [main] INFO  PageObjects.Categorypage - Verification for download button in rider section started
Trying to find Element By : By.xpath: (//ul[@class='insuranceBenList'])[1]
Found Element By : By.xpath: (//ul[@class='insuranceBenList'])[1]
Trying to find Element By : By.tagName: a
Found Element By : By.tagName: a
12:18:44.539 [main] INFO  PageObjects.Categorypage -  the number of buttons in download riders section : 2
Trying to find Element By : By.xpath: (//ul[@class='insuranceBenList'])[2]
Found Element By : By.xpath: (//ul[@class='insuranceBenList'])[2]
Trying to find Element By : By.tagName: a
Found Element By : By.tagName: a
12:19:08.908 [main] INFO  PageObjects.Categorypage -  the number of buttons in second row in download riders section : 1
]]></system-out>
  </testcase>
  <testcase name="verifyScheduleACallOnProductPage" classname="SeleniumTesting.AEMhdfc.ProductpageTest" time="16.827">
    <system-out><![CDATA[Trying to find Element By : By.xpath: //button[@class='btn btn-primary btnred schedule-btn scb-data-layer']
Found Element By : By.xpath: //button[@class='btn btn-primary btnred schedule-btn scb-data-layer']
Trying to click on: [[EdgeDriver: msedge on WINDOWS (b1b2accbd6a8ae6b8be6d77e863a1e9a)] -> xpath: //button[@class='btn btn-primary btnred schedule-btn scb-data-layer']]
Clicked on: [[EdgeDriver: msedge on WINDOWS (b1b2accbd6a8ae6b8be6d77e863a1e9a)] -> xpath: //button[@class='btn btn-primary btnred schedule-btn scb-data-layer']]
Trying to find Element By : By.xpath: //div[@id='myModal']//input[@placeholder='Name']
Found Element By : By.xpath: //div[@id='myModal']//input[@placeholder='Name']
Trying to find Element By : By.xpath: //div[@id='myModal']//input[@placeholder='Mobile Number']
Found Element By : By.xpath: //div[@id='myModal']//input[@placeholder='Mobile Number']
Trying to find Element By : By.xpath: (//select[@id='insurance_category'])[5]
Found Element By : By.xpath: (//select[@id='insurance_category'])[5]
Trying to find Element By : By.xpath: (//select[@id='insurance_category'])[5]
Found Element By : By.xpath: (//select[@id='insurance_category'])[5]
Trying to find Element By : By.xpath: (//select[@id='insurance_category'])[5]
Found Element By : By.xpath: (//select[@id='insurance_category'])[5]
Trying to find Element By : By.xpath: .//option[@value = "Investment Plans"]
Found Element By : By.xpath: .//option[@value = "Investment Plans"]
Trying to click on: [[[[EdgeDriver: msedge on WINDOWS (b1b2accbd6a8ae6b8be6d77e863a1e9a)] -> xpath: (//select[@id='insurance_category'])[5]]] -> xpath: .//option[@value = "Investment Plans"]]
Clicked on: [[[[EdgeDriver: msedge on WINDOWS (b1b2accbd6a8ae6b8be6d77e863a1e9a)] -> xpath: (//select[@id='insurance_category'])[5]]] -> xpath: .//option[@value = "Investment Plans"]]
Trying to find Element By : By.xpath: (//span[@class='close-icon1'])[5]
Found Element By : By.xpath: (//span[@class='close-icon1'])[5]
Trying to find Element By : By.xpath: (//span[@class='close-icon1'])[5]
Found Element By : By.xpath: (//span[@class='close-icon1'])[5]
Trying to click on: [[EdgeDriver: msedge on WINDOWS (b1b2accbd6a8ae6b8be6d77e863a1e9a)] -> xpath: (//span[@class='close-icon1'])[5]]
Clicked on: [[EdgeDriver: msedge on WINDOWS (b1b2accbd6a8ae6b8be6d77e863a1e9a)] -> xpath: (//span[@class='close-icon1'])[5]]
Trying to find Element By : By.xpath: //button[@class='btn btn-primary btnred schedule-btn scb-data-layer']
Found Element By : By.xpath: //button[@class='btn btn-primary btnred schedule-btn scb-data-layer']
Trying to click on: [[EdgeDriver: msedge on WINDOWS (b1b2accbd6a8ae6b8be6d77e863a1e9a)] -> xpath: //button[@class='btn btn-primary btnred schedule-btn scb-data-layer']]
Clicked on: [[EdgeDriver: msedge on WINDOWS (b1b2accbd6a8ae6b8be6d77e863a1e9a)] -> xpath: //button[@class='btn btn-primary btnred schedule-btn scb-data-layer']]
Trying to find Element By : By.xpath: //div[@id='myModal']//input[@placeholder='Name']
Found Element By : By.xpath: //div[@id='myModal']//input[@placeholder='Name']
Trying to find Element By : By.xpath: //div[@id='myModal']//input[@placeholder='Mobile Number']
Found Element By : By.xpath: //div[@id='myModal']//input[@placeholder='Mobile Number']
Trying to find Element By : By.xpath: //span[contains(text(),'Field should contain minimum 3 and max 50 characters')]
Found Element By : By.xpath: //span[contains(text(),'Field should contain minimum 3 and max 50 characters')]
Trying to find Element By : By.xpath: //span[contains(text(),'Field should contain minimum 3 and max 50 characters')]
Found Element By : By.xpath: //span[contains(text(),'Field should contain minimum 3 and max 50 characters')]
Trying to find Element By : By.xpath: //span[contains(text(),'Field should contain minimum 3 and max 50 characters')]
Found Element By : By.xpath: //span[contains(text(),'Field should contain minimum 3 and max 50 characters')]
Trying to find Element By : By.xpath: //span[contains(text(),'Please enter valid mobile number')]
Found Element By : By.xpath: //span[contains(text(),'Please enter valid mobile number')]
Trying to find Element By : By.xpath: (//span[@class='close-icon1'])[5]
Found Element By : By.xpath: (//span[@class='close-icon1'])[5]
Trying to find Element By : By.xpath: (//span[@class='close-icon1'])[5]
Found Element By : By.xpath: (//span[@class='close-icon1'])[5]
Trying to click on: [[EdgeDriver: msedge on WINDOWS (b1b2accbd6a8ae6b8be6d77e863a1e9a)] -> xpath: (//span[@class='close-icon1'])[5]]
Clicked on: [[EdgeDriver: msedge on WINDOWS (b1b2accbd6a8ae6b8be6d77e863a1e9a)] -> xpath: (//span[@class='close-icon1'])[5]]
]]></system-out>
  </testcase>
  <testcase name="verifyFAQSection" classname="SeleniumTesting.AEMhdfc.ProductpageTest" time="12.383">
    <system-out><![CDATA[Trying to find Element By : By.xpath: //h2[@class='tabAccordMenu opened']
Found Element By : By.xpath: //h2[@class='tabAccordMenu opened']
12:19:43.969 [main] INFO  PageObjects.Categorypage - First FAQ accordion is open on page load
Trying to find Element By : By.xpath: //h2[@class='tabAccordMenu opened']
Found Element By : By.xpath: //h2[@class='tabAccordMenu opened']
Trying to click on: [[EdgeDriver: msedge on WINDOWS (b1b2accbd6a8ae6b8be6d77e863a1e9a)] -> xpath: //h2[@class='tabAccordMenu opened']]
Clicked on: [[EdgeDriver: msedge on WINDOWS (b1b2accbd6a8ae6b8be6d77e863a1e9a)] -> xpath: //h2[@class='tabAccordMenu opened']]
Trying to find Element By : By.xpath: (//h2[@class='tabAccordMenu'])[2]
Found Element By : By.xpath: (//h2[@class='tabAccordMenu'])[2]
Trying to find Element By : By.xpath: (//h2[@class='tabAccordMenu'])[2]
Found Element By : By.xpath: (//h2[@class='tabAccordMenu'])[2]
Trying to click on: [[EdgeDriver: msedge on WINDOWS (b1b2accbd6a8ae6b8be6d77e863a1e9a)] -> xpath: (//h2[@class='tabAccordMenu'])[2]]
Clicked on: [[EdgeDriver: msedge on WINDOWS (b1b2accbd6a8ae6b8be6d77e863a1e9a)] -> xpath: (//h2[@class='tabAccordMenu'])[2]]
Trying to find Element By : By.xpath: //h2[@class='tabAccordMenu opened']
Found Element By : By.xpath: //h2[@class='tabAccordMenu opened']
12:19:50.200 [main] INFO  PageObjects.Categorypage - Second FAQ accordion is opened on click
Trying to find Element By : By.xpath: //h2[@class='tabAccordMenu opened']
Found Element By : By.xpath: //h2[@class='tabAccordMenu opened']
Trying to click on: [[EdgeDriver: msedge on WINDOWS (b1b2accbd6a8ae6b8be6d77e863a1e9a)] -> xpath: //h2[@class='tabAccordMenu opened']]
Clicked on: [[EdgeDriver: msedge on WINDOWS (b1b2accbd6a8ae6b8be6d77e863a1e9a)] -> xpath: //h2[@class='tabAccordMenu opened']]
Trying to find Element By : By.xpath: (//a[@class='viewMoreBtn'])[4]
Found Element By : By.xpath: (//a[@class='viewMoreBtn'])[4]
12:19:53.317 [main] ERROR PageObjects.Productpage - View more button for FAQ is not visible on page load
]]></system-out>
  </testcase>
  <testcase name="verifyDisclaimerOnProductPage" classname="SeleniumTesting.AEMhdfc.ProductpageTest" time="9.137">
    <system-out><![CDATA[Trying to find Element By : By.xpath: //a[@data-toggle='collapse']
Found Element By : By.xpath: //a[@data-toggle='collapse']
Trying to find Element By : By.xpath: //a[@data-toggle='collapse']
Found Element By : By.xpath: //a[@data-toggle='collapse']
Trying to click on: [[EdgeDriver: msedge on WINDOWS (b1b2accbd6a8ae6b8be6d77e863a1e9a)] -> xpath: //a[@data-toggle='collapse']]
Clicked on: [[EdgeDriver: msedge on WINDOWS (b1b2accbd6a8ae6b8be6d77e863a1e9a)] -> xpath: //a[@data-toggle='collapse']]
]]></system-out>
  </testcase>
  <testcase name="navigateToCustomerServiceLandingPage" classname="SeleniumTesting.AEMhdfc.CustomerservicelandingTest" time="5.361">
    <system-out><![CDATA[12:20:02.833 [main] INFO  SeleniumTesting.AEMhdfc.ProductpageTest - Product page test cases executed
Before navigating to: 'https://www.hdfclife.com/'
Navigated to:'https://www.hdfclife.com/'
12:20:07.135 [main] INFO  SeleniumTesting.AEMhdfc.ProductpageTest - Customer Service Landing Page test cases started
Trying to find Element By : By.xpath: //a[contains(text(),'Customer Service')]
Found Element By : By.xpath: //a[contains(text(),'Customer Service')]
Trying to find Element By : By.xpath: //a[contains(text(),'Customer Service')]
Found Element By : By.xpath: //a[contains(text(),'Customer Service')]
Trying to click on: [[EdgeDriver: msedge on WINDOWS (82cf354d20c95ef660b9b28e745c8fb8)] -> xpath: //a[contains(text(),'Customer Service')]]
Clicked on: [[EdgeDriver: msedge on WINDOWS (82cf354d20c95ef660b9b28e745c8fb8)] -> xpath: //a[contains(text(),'Customer Service')]]
]]></system-out>
    <system-err><![CDATA[Dec 20, 2021 12:20:02 PM org.openqa.selenium.remote.DesiredCapabilities edge
INFO: Using `new EdgeOptions()` is preferred to `DesiredCapabilities.edge()`
Starting MSEdgeDriver 96.0.1054.62 (f97cb2ce0103f6eaa6dc1994d77748c659744916) on port 27658
Only local connections are allowed.
Please see https://chromedriver.chromium.org/security-considerations for suggestions on keeping MSEdgeDriver safe.
MSEdgeDriver was started successfully.
Dec 20, 2021 12:20:04 PM org.openqa.selenium.remote.ProtocolHandshake createSession
INFO: Detected dialect: W3C
]]></system-err>
  </testcase>
  <testcase name="verifyCustomerServiceLandingPopup" classname="SeleniumTesting.AEMhdfc.CustomerservicelandingTest" time="15.462">
    <system-out><![CDATA[Trying to find Element By : By.xpath: //img[@class='closeAll regulatorypopupAImg']
Found Element By : By.xpath: //img[@class='closeAll regulatorypopupAImg']
Trying to find Element By : By.xpath: //a[@class='download-a']
Found Element By : By.xpath: //a[@class='download-a']
Trying to find Element By : By.xpath: //a[@class='download-a']
Found Element By : By.xpath: //a[@class='download-a']
Trying to click on: [[EdgeDriver: msedge on WINDOWS (82cf354d20c95ef660b9b28e745c8fb8)] -> xpath: //a[@class='download-a']]
Clicked on: [[EdgeDriver: msedge on WINDOWS (82cf354d20c95ef660b9b28e745c8fb8)] -> xpath: //a[@class='download-a']]
Trying to find Element By : By.xpath: //img[@class='at-element-click-tracking']
Found Element By : By.xpath: //img[@class='at-element-click-tracking']
Trying to find Element By : By.xpath: //img[@class='at-element-click-tracking']
Found Element By : By.xpath: //img[@class='at-element-click-tracking']
Trying to click on: [[EdgeDriver: msedge on WINDOWS (82cf354d20c95ef660b9b28e745c8fb8)] -> xpath: //img[@class='at-element-click-tracking']]
Clicked on: [[EdgeDriver: msedge on WINDOWS (82cf354d20c95ef660b9b28e745c8fb8)] -> xpath: //img[@class='at-element-click-tracking']]
]]></system-out>
  </testcase>
  <testcase name="verifyBannerCarousel" classname="SeleniumTesting.AEMhdfc.CustomerservicelandingTest" time="35.412">
    <system-out><![CDATA[Trying to find Element By : By.xpath: //li[@data-slide-to='0']
Found Element By : By.xpath: //li[@data-slide-to='0']
Trying to find Element By : By.xpath: //li[@data-slide-to='0']
Found Element By : By.xpath: //li[@data-slide-to='0']
Trying to click on: [[EdgeDriver: msedge on WINDOWS (82cf354d20c95ef660b9b28e745c8fb8)] -> xpath: //li[@data-slide-to='0']]
Clicked on: [[EdgeDriver: msedge on WINDOWS (82cf354d20c95ef660b9b28e745c8fb8)] -> xpath: //li[@data-slide-to='0']]
Trying to find Element By : By.xpath: //li[@data-slide-to='1']
Found Element By : By.xpath: //li[@data-slide-to='1']
Trying to find Element By : By.xpath: //li[@data-slide-to='1']
Found Element By : By.xpath: //li[@data-slide-to='1']
Trying to click on: [[EdgeDriver: msedge on WINDOWS (82cf354d20c95ef660b9b28e745c8fb8)] -> xpath: //li[@data-slide-to='1']]
Clicked on: [[EdgeDriver: msedge on WINDOWS (82cf354d20c95ef660b9b28e745c8fb8)] -> xpath: //li[@data-slide-to='1']]
Trying to find Element By : By.xpath: (//a[contains(text(),'Website')])[1]
Found Element By : By.xpath: (//a[contains(text(),'Website')])[1]
Trying to find Element By : By.xpath: (//a[contains(text(),'Website')])[1]
Found Element By : By.xpath: (//a[contains(text(),'Website')])[1]
Trying to click on: [[EdgeDriver: msedge on WINDOWS (82cf354d20c95ef660b9b28e745c8fb8)] -> xpath: (//a[contains(text(),'Website')])[1]]
Clicked on: [[EdgeDriver: msedge on WINDOWS (82cf354d20c95ef660b9b28e745c8fb8)] -> xpath: (//a[contains(text(),'Website')])[1]]
Trying to find Element By : By.xpath: (//a[contains(text(),'Mobile')])[1]
Found Element By : By.xpath: (//a[contains(text(),'Mobile')])[1]
Trying to find Element By : By.xpath: (//a[contains(text(),'Mobile')])[1]
Found Element By : By.xpath: (//a[contains(text(),'Mobile')])[1]
Trying to click on: [[EdgeDriver: msedge on WINDOWS (82cf354d20c95ef660b9b28e745c8fb8)] -> xpath: (//a[contains(text(),'Mobile')])[1]]
Clicked on: [[EdgeDriver: msedge on WINDOWS (82cf354d20c95ef660b9b28e745c8fb8)] -> xpath: (//a[contains(text(),'Mobile')])[1]]
Trying to find Element By : By.xpath: //li[@data-slide-to='2']
Found Element By : By.xpath: //li[@data-slide-to='2']
Trying to find Element By : By.xpath: //li[@data-slide-to='2']
Found Element By : By.xpath: //li[@data-slide-to='2']
Trying to click on: [[EdgeDriver: msedge on WINDOWS (82cf354d20c95ef660b9b28e745c8fb8)] -> xpath: //li[@data-slide-to='2']]
Clicked on: [[EdgeDriver: msedge on WINDOWS (82cf354d20c95ef660b9b28e745c8fb8)] -> xpath: //li[@data-slide-to='2']]
Trying to find Element By : By.xpath: (//a[contains(text(),'Click here')])[3]
Found Element By : By.xpath: (//a[contains(text(),'Click here')])[3]
Trying to find Element By : By.xpath: (//a[contains(text(),'Click here')])[3]
Found Element By : By.xpath: (//a[contains(text(),'Click here')])[3]
Trying to click on: [[EdgeDriver: msedge on WINDOWS (82cf354d20c95ef660b9b28e745c8fb8)] -> xpath: (//a[contains(text(),'Click here')])[3]]
Clicked on: [[EdgeDriver: msedge on WINDOWS (82cf354d20c95ef660b9b28e745c8fb8)] -> xpath: (//a[contains(text(),'Click here')])[3]]
Trying to find Element By : By.xpath: //li[@data-slide-to='3']
Found Element By : By.xpath: //li[@data-slide-to='3']
Trying to find Element By : By.xpath: //li[@data-slide-to='3']
Found Element By : By.xpath: //li[@data-slide-to='3']
Trying to click on: [[EdgeDriver: msedge on WINDOWS (82cf354d20c95ef660b9b28e745c8fb8)] -> xpath: //li[@data-slide-to='3']]
Clicked on: [[EdgeDriver: msedge on WINDOWS (82cf354d20c95ef660b9b28e745c8fb8)] -> xpath: //li[@data-slide-to='3']]
Trying to find Element By : By.xpath: (//a[contains(text(),'Click here')])[4]
Found Element By : By.xpath: (//a[contains(text(),'Click here')])[4]
Trying to find Element By : By.xpath: (//a[contains(text(),'Click here')])[4]
Found Element By : By.xpath: (//a[contains(text(),'Click here')])[4]
Trying to click on: [[EdgeDriver: msedge on WINDOWS (82cf354d20c95ef660b9b28e745c8fb8)] -> xpath: (//a[contains(text(),'Click here')])[4]]
Clicked on: [[EdgeDriver: msedge on WINDOWS (82cf354d20c95ef660b9b28e745c8fb8)] -> xpath: (//a[contains(text(),'Click here')])[4]]
Trying to find Element By : By.xpath: //li[@data-slide-to='4']
Found Element By : By.xpath: //li[@data-slide-to='4']
Trying to find Element By : By.xpath: //li[@data-slide-to='4']
Found Element By : By.xpath: //li[@data-slide-to='4']
Trying to click on: [[EdgeDriver: msedge on WINDOWS (82cf354d20c95ef660b9b28e745c8fb8)] -> xpath: //li[@data-slide-to='4']]
Clicked on: [[EdgeDriver: msedge on WINDOWS (82cf354d20c95ef660b9b28e745c8fb8)] -> xpath: //li[@data-slide-to='4']]
]]></system-out>
  </testcase>
  <testcase name="verifyBreadcrumb" classname="SeleniumTesting.AEMhdfc.CustomerservicelandingTest" time="11.309">
    <system-out><![CDATA[Trying to find Element By : By.xpath: //img[@class='homeIconImg']
Found Element By : By.xpath: //img[@class='homeIconImg']
Trying to find Element By : By.xpath: //img[@class='homeIconImg']
Found Element By : By.xpath: //img[@class='homeIconImg']
Trying to click on: [[EdgeDriver: msedge on WINDOWS (82cf354d20c95ef660b9b28e745c8fb8)] -> xpath: //img[@class='homeIconImg']]
Clicked on: [[EdgeDriver: msedge on WINDOWS (82cf354d20c95ef660b9b28e745c8fb8)] -> xpath: //img[@class='homeIconImg']]
Navigating back to previous page
Navigated back to previous page
Trying to find Element By : By.xpath: //img[@class='at-element-click-tracking']
Found Element By : By.xpath: //img[@class='at-element-click-tracking']
Trying to find Element By : By.xpath: //img[@class='at-element-click-tracking']
Found Element By : By.xpath: //img[@class='at-element-click-tracking']
Trying to click on: [[EdgeDriver: msedge on WINDOWS (82cf354d20c95ef660b9b28e745c8fb8)] -> xpath: //img[@class='at-element-click-tracking']]
Clicked on: [[EdgeDriver: msedge on WINDOWS (82cf354d20c95ef660b9b28e745c8fb8)] -> xpath: //img[@class='at-element-click-tracking']]
]]></system-out>
  </testcase>
  <testcase name="verifyQuickLinksSection" classname="SeleniumTesting.AEMhdfc.CustomerservicelandingTest" time="177.188">
    <system-out><![CDATA[Trying to find Element By : By.xpath: (//div[@class='rt-blue-bg']//a)[1]
Found Element By : By.xpath: (//div[@class='rt-blue-bg']//a)[1]
Trying to find Element By : By.xpath: (//div[@class='rt-blue-bg']//a)[1]
Found Element By : By.xpath: (//div[@class='rt-blue-bg']//a)[1]
Trying to click on: [[EdgeDriver: msedge on WINDOWS (82cf354d20c95ef660b9b28e745c8fb8)] -> xpath: (//div[@class='rt-blue-bg']//a)[1]]
Clicked on: [[EdgeDriver: msedge on WINDOWS (82cf354d20c95ef660b9b28e745c8fb8)] -> xpath: (//div[@class='rt-blue-bg']//a)[1]]
Navigating back to previous page
Navigated back to previous page
Trying to find Element By : By.xpath: //img[@class='at-element-click-tracking']
Found Element By : By.xpath: //img[@class='at-element-click-tracking']
Trying to find Element By : By.xpath: //img[@class='at-element-click-tracking']
Found Element By : By.xpath: //img[@class='at-element-click-tracking']
Trying to find Element By : By.xpath: //img[@class='at-element-click-tracking']
Found Element By : By.xpath: //img[@class='at-element-click-tracking']
Trying to click on: [[EdgeDriver: msedge on WINDOWS (82cf354d20c95ef660b9b28e745c8fb8)] -> xpath: //img[@class='at-element-click-tracking']]
Clicked on: [[EdgeDriver: msedge on WINDOWS (82cf354d20c95ef660b9b28e745c8fb8)] -> xpath: //img[@class='at-element-click-tracking']]
Trying to find Element By : By.xpath: (//div[@class='rt-blue-bg']//a)[2]
Found Element By : By.xpath: (//div[@class='rt-blue-bg']//a)[2]
Trying to find Element By : By.xpath: (//div[@class='rt-blue-bg']//a)[2]
Found Element By : By.xpath: (//div[@class='rt-blue-bg']//a)[2]
Trying to click on: [[EdgeDriver: msedge on WINDOWS (82cf354d20c95ef660b9b28e745c8fb8)] -> xpath: (//div[@class='rt-blue-bg']//a)[2]]
Clicked on: [[EdgeDriver: msedge on WINDOWS (82cf354d20c95ef660b9b28e745c8fb8)] -> xpath: (//div[@class='rt-blue-bg']//a)[2]]
Navigating back to previous page
Navigated back to previous page
Trying to find Element By : By.xpath: //img[@class='at-element-click-tracking']
Found Element By : By.xpath: //img[@class='at-element-click-tracking']
Trying to find Element By : By.xpath: //img[@class='at-element-click-tracking']
Found Element By : By.xpath: //img[@class='at-element-click-tracking']
Trying to find Element By : By.xpath: //img[@class='at-element-click-tracking']
Found Element By : By.xpath: //img[@class='at-element-click-tracking']
Trying to click on: [[EdgeDriver: msedge on WINDOWS (82cf354d20c95ef660b9b28e745c8fb8)] -> xpath: //img[@class='at-element-click-tracking']]
Clicked on: [[EdgeDriver: msedge on WINDOWS (82cf354d20c95ef660b9b28e745c8fb8)] -> xpath: //img[@class='at-element-click-tracking']]
Trying to find Element By : By.xpath: (//div[@class='rt-blue-bg']//a)[3]
Found Element By : By.xpath: (//div[@class='rt-blue-bg']//a)[3]
Trying to find Element By : By.xpath: (//div[@class='rt-blue-bg']//a)[3]
Found Element By : By.xpath: (//div[@class='rt-blue-bg']//a)[3]
Trying to click on: [[EdgeDriver: msedge on WINDOWS (82cf354d20c95ef660b9b28e745c8fb8)] -> xpath: (//div[@class='rt-blue-bg']//a)[3]]
Clicked on: [[EdgeDriver: msedge on WINDOWS (82cf354d20c95ef660b9b28e745c8fb8)] -> xpath: (//div[@class='rt-blue-bg']//a)[3]]
Navigating back to previous page
Navigated back to previous page
Trying to find Element By : By.xpath: //img[@class='at-element-click-tracking']
Found Element By : By.xpath: //img[@class='at-element-click-tracking']
Trying to find Element By : By.xpath: //img[@class='at-element-click-tracking']
Found Element By : By.xpath: //img[@class='at-element-click-tracking']
Trying to find Element By : By.xpath: //img[@class='at-element-click-tracking']
Found Element By : By.xpath: //img[@class='at-element-click-tracking']
Trying to click on: [[EdgeDriver: msedge on WINDOWS (82cf354d20c95ef660b9b28e745c8fb8)] -> xpath: //img[@class='at-element-click-tracking']]
Clicked on: [[EdgeDriver: msedge on WINDOWS (82cf354d20c95ef660b9b28e745c8fb8)] -> xpath: //img[@class='at-element-click-tracking']]
Trying to find Element By : By.xpath: (//div[@class='rt-blue-bg']//a)[4]
Found Element By : By.xpath: (//div[@class='rt-blue-bg']//a)[4]
Trying to find Element By : By.xpath: (//div[@class='rt-blue-bg']//a)[4]
Found Element By : By.xpath: (//div[@class='rt-blue-bg']//a)[4]
Trying to click on: [[EdgeDriver: msedge on WINDOWS (82cf354d20c95ef660b9b28e745c8fb8)] -> xpath: (//div[@class='rt-blue-bg']//a)[4]]
Clicked on: [[EdgeDriver: msedge on WINDOWS (82cf354d20c95ef660b9b28e745c8fb8)] -> xpath: (//div[@class='rt-blue-bg']//a)[4]]
Navigating back to previous page
Navigated back to previous page
Trying to find Element By : By.xpath: //img[@class='at-element-click-tracking']
Found Element By : By.xpath: //img[@class='at-element-click-tracking']
Trying to find Element By : By.xpath: //img[@class='at-element-click-tracking']
Found Element By : By.xpath: //img[@class='at-element-click-tracking']
Trying to find Element By : By.xpath: //img[@class='at-element-click-tracking']
Found Element By : By.xpath: //img[@class='at-element-click-tracking']
Trying to click on: [[EdgeDriver: msedge on WINDOWS (82cf354d20c95ef660b9b28e745c8fb8)] -> xpath: //img[@class='at-element-click-tracking']]
Clicked on: [[EdgeDriver: msedge on WINDOWS (82cf354d20c95ef660b9b28e745c8fb8)] -> xpath: //img[@class='at-element-click-tracking']]
Trying to find Element By : By.xpath: (//div[@class='rt-blue-bg']//a)[5]
Found Element By : By.xpath: (//div[@class='rt-blue-bg']//a)[5]
Trying to find Element By : By.xpath: (//div[@class='rt-blue-bg']//a)[5]
Found Element By : By.xpath: (//div[@class='rt-blue-bg']//a)[5]
Trying to click on: [[EdgeDriver: msedge on WINDOWS (82cf354d20c95ef660b9b28e745c8fb8)] -> xpath: (//div[@class='rt-blue-bg']//a)[5]]
Clicked on: [[EdgeDriver: msedge on WINDOWS (82cf354d20c95ef660b9b28e745c8fb8)] -> xpath: (//div[@class='rt-blue-bg']//a)[5]]
Navigating back to previous page
Navigated back to previous page
Trying to find Element By : By.xpath: //img[@class='at-element-click-tracking']
Found Element By : By.xpath: //img[@class='at-element-click-tracking']
Trying to find Element By : By.xpath: //img[@class='at-element-click-tracking']
Found Element By : By.xpath: //img[@class='at-element-click-tracking']
Trying to find Element By : By.xpath: //img[@class='at-element-click-tracking']
Found Element By : By.xpath: //img[@class='at-element-click-tracking']
Trying to click on: [[EdgeDriver: msedge on WINDOWS (82cf354d20c95ef660b9b28e745c8fb8)] -> xpath: //img[@class='at-element-click-tracking']]
Clicked on: [[EdgeDriver: msedge on WINDOWS (82cf354d20c95ef660b9b28e745c8fb8)] -> xpath: //img[@class='at-element-click-tracking']]
Trying to find Element By : By.xpath: (//div[@class='rt-blue-bg']//a)[6]
Found Element By : By.xpath: (//div[@class='rt-blue-bg']//a)[6]
Trying to find Element By : By.xpath: (//div[@class='rt-blue-bg']//a)[6]
Found Element By : By.xpath: (//div[@class='rt-blue-bg']//a)[6]
Trying to click on: [[EdgeDriver: msedge on WINDOWS (82cf354d20c95ef660b9b28e745c8fb8)] -> xpath: (//div[@class='rt-blue-bg']//a)[6]]
Clicked on: [[EdgeDriver: msedge on WINDOWS (82cf354d20c95ef660b9b28e745c8fb8)] -> xpath: (//div[@class='rt-blue-bg']//a)[6]]
Navigating back to previous page
Navigated back to previous page
Trying to find Element By : By.xpath: //img[@class='at-element-click-tracking']
Found Element By : By.xpath: //img[@class='at-element-click-tracking']
Trying to find Element By : By.xpath: //img[@class='at-element-click-tracking']
Found Element By : By.xpath: //img[@class='at-element-click-tracking']
Trying to find Element By : By.xpath: //img[@class='at-element-click-tracking']
Found Element By : By.xpath: //img[@class='at-element-click-tracking']
Trying to click on: [[EdgeDriver: msedge on WINDOWS (82cf354d20c95ef660b9b28e745c8fb8)] -> xpath: //img[@class='at-element-click-tracking']]
Clicked on: [[EdgeDriver: msedge on WINDOWS (82cf354d20c95ef660b9b28e745c8fb8)] -> xpath: //img[@class='at-element-click-tracking']]
Trying to find Element By : By.xpath: (//div[@class='rt-blue-bg']//a)[7]
Found Element By : By.xpath: (//div[@class='rt-blue-bg']//a)[7]
Trying to find Element By : By.xpath: (//div[@class='rt-blue-bg']//a)[7]
Found Element By : By.xpath: (//div[@class='rt-blue-bg']//a)[7]
Trying to click on: [[EdgeDriver: msedge on WINDOWS (82cf354d20c95ef660b9b28e745c8fb8)] -> xpath: (//div[@class='rt-blue-bg']//a)[7]]
Clicked on: [[EdgeDriver: msedge on WINDOWS (82cf354d20c95ef660b9b28e745c8fb8)] -> xpath: (//div[@class='rt-blue-bg']//a)[7]]
Navigating back to previous page
Navigated back to previous page
Trying to find Element By : By.xpath: //img[@class='at-element-click-tracking']
Found Element By : By.xpath: //img[@class='at-element-click-tracking']
Trying to find Element By : By.xpath: //img[@class='at-element-click-tracking']
Found Element By : By.xpath: //img[@class='at-element-click-tracking']
Trying to find Element By : By.xpath: //img[@class='at-element-click-tracking']
Found Element By : By.xpath: //img[@class='at-element-click-tracking']
Trying to click on: [[EdgeDriver: msedge on WINDOWS (82cf354d20c95ef660b9b28e745c8fb8)] -> xpath: //img[@class='at-element-click-tracking']]
Clicked on: [[EdgeDriver: msedge on WINDOWS (82cf354d20c95ef660b9b28e745c8fb8)] -> xpath: //img[@class='at-element-click-tracking']]
Trying to find Element By : By.xpath: (//div[@class='rt-blue-bg']//a)[8]
Found Element By : By.xpath: (//div[@class='rt-blue-bg']//a)[8]
Trying to find Element By : By.xpath: (//div[@class='rt-blue-bg']//a)[8]
Found Element By : By.xpath: (//div[@class='rt-blue-bg']//a)[8]
Trying to click on: [[EdgeDriver: msedge on WINDOWS (82cf354d20c95ef660b9b28e745c8fb8)] -> xpath: (//div[@class='rt-blue-bg']//a)[8]]
Clicked on: [[EdgeDriver: msedge on WINDOWS (82cf354d20c95ef660b9b28e745c8fb8)] -> xpath: (//div[@class='rt-blue-bg']//a)[8]]
Navigating back to previous page
Navigated back to previous page
Trying to find Element By : By.xpath: //img[@class='at-element-click-tracking']
Found Element By : By.xpath: //img[@class='at-element-click-tracking']
Trying to find Element By : By.xpath: //img[@class='at-element-click-tracking']
Found Element By : By.xpath: //img[@class='at-element-click-tracking']
Trying to find Element By : By.xpath: //img[@class='at-element-click-tracking']
Found Element By : By.xpath: //img[@class='at-element-click-tracking']
Trying to click on: [[EdgeDriver: msedge on WINDOWS (82cf354d20c95ef660b9b28e745c8fb8)] -> xpath: //img[@class='at-element-click-tracking']]
Clicked on: [[EdgeDriver: msedge on WINDOWS (82cf354d20c95ef660b9b28e745c8fb8)] -> xpath: //img[@class='at-element-click-tracking']]
Trying to find Element By : By.xpath: (//div[@class='rt-blue-bg']//a)[9]
Found Element By : By.xpath: (//div[@class='rt-blue-bg']//a)[9]
Trying to find Element By : By.xpath: (//div[@class='rt-blue-bg']//a)[9]
Found Element By : By.xpath: (//div[@class='rt-blue-bg']//a)[9]
Trying to click on: [[EdgeDriver: msedge on WINDOWS (82cf354d20c95ef660b9b28e745c8fb8)] -> xpath: (//div[@class='rt-blue-bg']//a)[9]]
Clicked on: [[EdgeDriver: msedge on WINDOWS (82cf354d20c95ef660b9b28e745c8fb8)] -> xpath: (//div[@class='rt-blue-bg']//a)[9]]
Navigating back to previous page
Navigated back to previous page
Trying to find Element By : By.xpath: //img[@class='at-element-click-tracking']
Found Element By : By.xpath: //img[@class='at-element-click-tracking']
Trying to find Element By : By.xpath: //img[@class='at-element-click-tracking']
Found Element By : By.xpath: //img[@class='at-element-click-tracking']
Trying to find Element By : By.xpath: //img[@class='at-element-click-tracking']
Found Element By : By.xpath: //img[@class='at-element-click-tracking']
Trying to click on: [[EdgeDriver: msedge on WINDOWS (82cf354d20c95ef660b9b28e745c8fb8)] -> xpath: //img[@class='at-element-click-tracking']]
Clicked on: [[EdgeDriver: msedge on WINDOWS (82cf354d20c95ef660b9b28e745c8fb8)] -> xpath: //img[@class='at-element-click-tracking']]
Trying to find Element By : By.xpath: (//div[@class='rt-blue-bg']//a)[10]
Found Element By : By.xpath: (//div[@class='rt-blue-bg']//a)[10]
Trying to find Element By : By.xpath: (//div[@class='rt-blue-bg']//a)[10]
Found Element By : By.xpath: (//div[@class='rt-blue-bg']//a)[10]
Trying to click on: [[EdgeDriver: msedge on WINDOWS (82cf354d20c95ef660b9b28e745c8fb8)] -> xpath: (//div[@class='rt-blue-bg']//a)[10]]
Clicked on: [[EdgeDriver: msedge on WINDOWS (82cf354d20c95ef660b9b28e745c8fb8)] -> xpath: (//div[@class='rt-blue-bg']//a)[10]]
Navigating back to previous page
Navigated back to previous page
Trying to find Element By : By.xpath: //img[@class='at-element-click-tracking']
Found Element By : By.xpath: //img[@class='at-element-click-tracking']
Trying to find Element By : By.xpath: //img[@class='at-element-click-tracking']
Found Element By : By.xpath: //img[@class='at-element-click-tracking']
Trying to find Element By : By.xpath: //img[@class='at-element-click-tracking']
Found Element By : By.xpath: //img[@class='at-element-click-tracking']
Trying to click on: [[EdgeDriver: msedge on WINDOWS (82cf354d20c95ef660b9b28e745c8fb8)] -> xpath: //img[@class='at-element-click-tracking']]
Clicked on: [[EdgeDriver: msedge on WINDOWS (82cf354d20c95ef660b9b28e745c8fb8)] -> xpath: //img[@class='at-element-click-tracking']]
]]></system-out>
  </testcase>
  <testcase name="verifyFAQSection" classname="SeleniumTesting.AEMhdfc.CustomerservicelandingTest" time="7.17">
    <system-out><![CDATA[Trying to find Element By : By.xpath: //a[@data-modaltarget='service-when']
Found Element By : By.xpath: //a[@data-modaltarget='service-when']
Trying to find Element By : By.xpath: //a[@data-modaltarget='service-when']
Found Element By : By.xpath: //a[@data-modaltarget='service-when']
Trying to click on: [[EdgeDriver: msedge on WINDOWS (82cf354d20c95ef660b9b28e745c8fb8)] -> xpath: //a[@data-modaltarget='service-when']]
Clicked on: [[EdgeDriver: msedge on WINDOWS (82cf354d20c95ef660b9b28e745c8fb8)] -> xpath: //a[@data-modaltarget='service-when']]
Trying to find Element By : By.xpath: //div[@id='service-when']//a[@class='modalCloseBtn']
Found Element By : By.xpath: //div[@id='service-when']//a[@class='modalCloseBtn']
Trying to find Element By : By.xpath: //div[@id='service-when']//a[@class='modalCloseBtn']
Found Element By : By.xpath: //div[@id='service-when']//a[@class='modalCloseBtn']
Trying to click on: [[EdgeDriver: msedge on WINDOWS (82cf354d20c95ef660b9b28e745c8fb8)] -> xpath: //div[@id='service-when']//a[@class='modalCloseBtn']]
Clicked on: [[EdgeDriver: msedge on WINDOWS (82cf354d20c95ef660b9b28e745c8fb8)] -> xpath: //div[@id='service-when']//a[@class='modalCloseBtn']]
]]></system-out>
  </testcase>
  <testcase name="verifyTiles" classname="SeleniumTesting.AEMhdfc.CustomerservicelandingTest" time="211.3">
    <system-out><![CDATA[Trying to find Element By : By.cssSelector: a[class='btn btnwhite btn-white-data-layer']
Found Element By : By.cssSelector: a[class='btn btnwhite btn-white-data-layer']
Trying to click on: [[EdgeDriver: msedge on WINDOWS (82cf354d20c95ef660b9b28e745c8fb8)] -> css selector: a[class='btn btnwhite btn-white-data-layer']]
Clicked on: [[EdgeDriver: msedge on WINDOWS (82cf354d20c95ef660b9b28e745c8fb8)] -> css selector: a[class='btn btnwhite btn-white-data-layer']]
Navigating back to previous page
Navigated back to previous page
Trying to find Element By : By.xpath: //img[@class='at-element-click-tracking']
Found Element By : By.xpath: //img[@class='at-element-click-tracking']
Trying to find Element By : By.xpath: //img[@class='at-element-click-tracking']
Found Element By : By.xpath: //img[@class='at-element-click-tracking']
Trying to find Element By : By.xpath: //img[@class='at-element-click-tracking']
Found Element By : By.xpath: //img[@class='at-element-click-tracking']
Trying to click on: [[EdgeDriver: msedge on WINDOWS (82cf354d20c95ef660b9b28e745c8fb8)] -> xpath: //img[@class='at-element-click-tracking']]
Clicked on: [[EdgeDriver: msedge on WINDOWS (82cf354d20c95ef660b9b28e745c8fb8)] -> xpath: //img[@class='at-element-click-tracking']]
Trying to find Element By : By.cssSelector: a[class='btn btnwhite btn-white-data-layer']
Found Element By : By.cssSelector: a[class='btn btnwhite btn-white-data-layer']
Trying to click on: [[EdgeDriver: msedge on WINDOWS (82cf354d20c95ef660b9b28e745c8fb8)] -> css selector: a[class='btn btnwhite btn-white-data-layer']]
Clicked on: [[EdgeDriver: msedge on WINDOWS (82cf354d20c95ef660b9b28e745c8fb8)] -> css selector: a[class='btn btnwhite btn-white-data-layer']]
Navigating back to previous page
Navigated back to previous page
Trying to find Element By : By.xpath: //img[@class='at-element-click-tracking']
Found Element By : By.xpath: //img[@class='at-element-click-tracking']
Trying to find Element By : By.xpath: //img[@class='at-element-click-tracking']
Found Element By : By.xpath: //img[@class='at-element-click-tracking']
Trying to find Element By : By.xpath: //img[@class='at-element-click-tracking']
Found Element By : By.xpath: //img[@class='at-element-click-tracking']
Trying to click on: [[EdgeDriver: msedge on WINDOWS (82cf354d20c95ef660b9b28e745c8fb8)] -> xpath: //img[@class='at-element-click-tracking']]
Clicked on: [[EdgeDriver: msedge on WINDOWS (82cf354d20c95ef660b9b28e745c8fb8)] -> xpath: //img[@class='at-element-click-tracking']]
Trying to find Element By : By.cssSelector: a[class='btn btnwhite btn-white-data-layer']
Found Element By : By.cssSelector: a[class='btn btnwhite btn-white-data-layer']
Trying to click on: [[EdgeDriver: msedge on WINDOWS (82cf354d20c95ef660b9b28e745c8fb8)] -> css selector: a[class='btn btnwhite btn-white-data-layer']]
Clicked on: [[EdgeDriver: msedge on WINDOWS (82cf354d20c95ef660b9b28e745c8fb8)] -> css selector: a[class='btn btnwhite btn-white-data-layer']]
Navigating back to previous page
Navigated back to previous page
Trying to find Element By : By.xpath: //img[@class='at-element-click-tracking']
Found Element By : By.xpath: //img[@class='at-element-click-tracking']
Trying to find Element By : By.xpath: //img[@class='at-element-click-tracking']
Found Element By : By.xpath: //img[@class='at-element-click-tracking']
Trying to find Element By : By.xpath: //img[@class='at-element-click-tracking']
Found Element By : By.xpath: //img[@class='at-element-click-tracking']
Trying to click on: [[EdgeDriver: msedge on WINDOWS (82cf354d20c95ef660b9b28e745c8fb8)] -> xpath: //img[@class='at-element-click-tracking']]
Clicked on: [[EdgeDriver: msedge on WINDOWS (82cf354d20c95ef660b9b28e745c8fb8)] -> xpath: //img[@class='at-element-click-tracking']]
Trying to find Element By : By.cssSelector: button[class='info-blue-button info-blue-button-data-layer']
Found Element By : By.cssSelector: button[class='info-blue-button info-blue-button-data-layer']
Trying to click on: [[EdgeDriver: msedge on WINDOWS (82cf354d20c95ef660b9b28e745c8fb8)] -> css selector: button[class='info-blue-button info-blue-button-data-layer']]
Clicked on: [[EdgeDriver: msedge on WINDOWS (82cf354d20c95ef660b9b28e745c8fb8)] -> css selector: button[class='info-blue-button info-blue-button-data-layer']]
Navigating back to previous page
Navigated back to previous page
Trying to find Element By : By.xpath: //img[@class='at-element-click-tracking']
Found Element By : By.xpath: //img[@class='at-element-click-tracking']
Trying to find Element By : By.xpath: //img[@class='at-element-click-tracking']
Found Element By : By.xpath: //img[@class='at-element-click-tracking']
Trying to find Element By : By.xpath: //img[@class='at-element-click-tracking']
Found Element By : By.xpath: //img[@class='at-element-click-tracking']
Trying to click on: [[EdgeDriver: msedge on WINDOWS (82cf354d20c95ef660b9b28e745c8fb8)] -> xpath: //img[@class='at-element-click-tracking']]
Clicked on: [[EdgeDriver: msedge on WINDOWS (82cf354d20c95ef660b9b28e745c8fb8)] -> xpath: //img[@class='at-element-click-tracking']]
Trying to find Element By : By.cssSelector: a[class='btn btnwhite btn-white-data-layer']
Found Element By : By.cssSelector: a[class='btn btnwhite btn-white-data-layer']
Trying to click on: [[EdgeDriver: msedge on WINDOWS (82cf354d20c95ef660b9b28e745c8fb8)] -> css selector: a[class='btn btnwhite btn-white-data-layer']]
Clicked on: [[EdgeDriver: msedge on WINDOWS (82cf354d20c95ef660b9b28e745c8fb8)] -> css selector: a[class='btn btnwhite btn-white-data-layer']]
Navigating back to previous page
Navigated back to previous page
Trying to find Element By : By.xpath: //img[@class='at-element-click-tracking']
Found Element By : By.xpath: //img[@class='at-element-click-tracking']
Trying to find Element By : By.xpath: //img[@class='at-element-click-tracking']
Found Element By : By.xpath: //img[@class='at-element-click-tracking']
Trying to find Element By : By.xpath: //img[@class='at-element-click-tracking']
Found Element By : By.xpath: //img[@class='at-element-click-tracking']
Trying to click on: [[EdgeDriver: msedge on WINDOWS (82cf354d20c95ef660b9b28e745c8fb8)] -> xpath: //img[@class='at-element-click-tracking']]
Clicked on: [[EdgeDriver: msedge on WINDOWS (82cf354d20c95ef660b9b28e745c8fb8)] -> xpath: //img[@class='at-element-click-tracking']]
Trying to find Element By : By.cssSelector: a[class='btn btnwhite btn-white-data-layer']
Found Element By : By.cssSelector: a[class='btn btnwhite btn-white-data-layer']
Trying to click on: [[EdgeDriver: msedge on WINDOWS (82cf354d20c95ef660b9b28e745c8fb8)] -> css selector: a[class='btn btnwhite btn-white-data-layer']]
Clicked on: [[EdgeDriver: msedge on WINDOWS (82cf354d20c95ef660b9b28e745c8fb8)] -> css selector: a[class='btn btnwhite btn-white-data-layer']]
Navigating back to previous page
Navigated back to previous page
Trying to find Element By : By.xpath: //img[@class='at-element-click-tracking']
Found Element By : By.xpath: //img[@class='at-element-click-tracking']
Trying to find Element By : By.xpath: //img[@class='at-element-click-tracking']
Found Element By : By.xpath: //img[@class='at-element-click-tracking']
Trying to find Element By : By.xpath: //img[@class='at-element-click-tracking']
Found Element By : By.xpath: //img[@class='at-element-click-tracking']
Trying to click on: [[EdgeDriver: msedge on WINDOWS (82cf354d20c95ef660b9b28e745c8fb8)] -> xpath: //img[@class='at-element-click-tracking']]
Clicked on: [[EdgeDriver: msedge on WINDOWS (82cf354d20c95ef660b9b28e745c8fb8)] -> xpath: //img[@class='at-element-click-tracking']]
Trying to find Element By : By.cssSelector: a[class='btn btnwhite btn-white-data-layer']
Found Element By : By.cssSelector: a[class='btn btnwhite btn-white-data-layer']
Trying to click on: [[EdgeDriver: msedge on WINDOWS (82cf354d20c95ef660b9b28e745c8fb8)] -> css selector: a[class='btn btnwhite btn-white-data-layer']]
Clicked on: [[EdgeDriver: msedge on WINDOWS (82cf354d20c95ef660b9b28e745c8fb8)] -> css selector: a[class='btn btnwhite btn-white-data-layer']]
Navigating back to previous page
Navigated back to previous page
Trying to find Element By : By.xpath: //img[@class='at-element-click-tracking']
Found Element By : By.xpath: //img[@class='at-element-click-tracking']
Trying to find Element By : By.xpath: //img[@class='at-element-click-tracking']
Found Element By : By.xpath: //img[@class='at-element-click-tracking']
Trying to find Element By : By.xpath: //img[@class='at-element-click-tracking']
Found Element By : By.xpath: //img[@class='at-element-click-tracking']
Trying to click on: [[EdgeDriver: msedge on WINDOWS (82cf354d20c95ef660b9b28e745c8fb8)] -> xpath: //img[@class='at-element-click-tracking']]
Clicked on: [[EdgeDriver: msedge on WINDOWS (82cf354d20c95ef660b9b28e745c8fb8)] -> xpath: //img[@class='at-element-click-tracking']]
Trying to find Element By : By.cssSelector: a[class='btn btnwhite btn-white-data-layer']
Found Element By : By.cssSelector: a[class='btn btnwhite btn-white-data-layer']
Trying to click on: [[EdgeDriver: msedge on WINDOWS (82cf354d20c95ef660b9b28e745c8fb8)] -> css selector: a[class='btn btnwhite btn-white-data-layer']]
Clicked on: [[EdgeDriver: msedge on WINDOWS (82cf354d20c95ef660b9b28e745c8fb8)] -> css selector: a[class='btn btnwhite btn-white-data-layer']]
Navigating back to previous page
Navigated back to previous page
Trying to find Element By : By.xpath: //img[@class='at-element-click-tracking']
Found Element By : By.xpath: //img[@class='at-element-click-tracking']
Trying to find Element By : By.xpath: //img[@class='at-element-click-tracking']
Found Element By : By.xpath: //img[@class='at-element-click-tracking']
Trying to find Element By : By.xpath: //img[@class='at-element-click-tracking']
Found Element By : By.xpath: //img[@class='at-element-click-tracking']
Trying to click on: [[EdgeDriver: msedge on WINDOWS (82cf354d20c95ef660b9b28e745c8fb8)] -> xpath: //img[@class='at-element-click-tracking']]
Clicked on: [[EdgeDriver: msedge on WINDOWS (82cf354d20c95ef660b9b28e745c8fb8)] -> xpath: //img[@class='at-element-click-tracking']]
Trying to find Element By : By.cssSelector: button[class='info-blue-button info-blue-button-data-layer']
Found Element By : By.cssSelector: button[class='info-blue-button info-blue-button-data-layer']
Trying to click on: [[EdgeDriver: msedge on WINDOWS (82cf354d20c95ef660b9b28e745c8fb8)] -> css selector: button[class='info-blue-button info-blue-button-data-layer']]
Clicked on: [[EdgeDriver: msedge on WINDOWS (82cf354d20c95ef660b9b28e745c8fb8)] -> css selector: button[class='info-blue-button info-blue-button-data-layer']]
Navigating back to previous page
Navigated back to previous page
Trying to find Element By : By.xpath: //img[@class='at-element-click-tracking']
Found Element By : By.xpath: //img[@class='at-element-click-tracking']
Trying to find Element By : By.xpath: //img[@class='at-element-click-tracking']
Found Element By : By.xpath: //img[@class='at-element-click-tracking']
Trying to find Element By : By.xpath: //img[@class='at-element-click-tracking']
Found Element By : By.xpath: //img[@class='at-element-click-tracking']
Trying to click on: [[EdgeDriver: msedge on WINDOWS (82cf354d20c95ef660b9b28e745c8fb8)] -> xpath: //img[@class='at-element-click-tracking']]
Clicked on: [[EdgeDriver: msedge on WINDOWS (82cf354d20c95ef660b9b28e745c8fb8)] -> xpath: //img[@class='at-element-click-tracking']]
Trying to find Element By : By.cssSelector: a[class='btn btnwhite btn-white-data-layer']
Found Element By : By.cssSelector: a[class='btn btnwhite btn-white-data-layer']
Trying to click on: [[EdgeDriver: msedge on WINDOWS (82cf354d20c95ef660b9b28e745c8fb8)] -> css selector: a[class='btn btnwhite btn-white-data-layer']]
Clicked on: [[EdgeDriver: msedge on WINDOWS (82cf354d20c95ef660b9b28e745c8fb8)] -> css selector: a[class='btn btnwhite btn-white-data-layer']]
Navigating back to previous page
Navigated back to previous page
Trying to find Element By : By.xpath: //img[@class='at-element-click-tracking']
Found Element By : By.xpath: //img[@class='at-element-click-tracking']
Trying to find Element By : By.xpath: //img[@class='at-element-click-tracking']
Found Element By : By.xpath: //img[@class='at-element-click-tracking']
Trying to find Element By : By.xpath: //img[@class='at-element-click-tracking']
Found Element By : By.xpath: //img[@class='at-element-click-tracking']
Trying to click on: [[EdgeDriver: msedge on WINDOWS (82cf354d20c95ef660b9b28e745c8fb8)] -> xpath: //img[@class='at-element-click-tracking']]
Clicked on: [[EdgeDriver: msedge on WINDOWS (82cf354d20c95ef660b9b28e745c8fb8)] -> xpath: //img[@class='at-element-click-tracking']]
Trying to find Element By : By.cssSelector: a[class='btn btnwhite btn-white-data-layer']
Found Element By : By.cssSelector: a[class='btn btnwhite btn-white-data-layer']
Trying to click on: [[EdgeDriver: msedge on WINDOWS (82cf354d20c95ef660b9b28e745c8fb8)] -> css selector: a[class='btn btnwhite btn-white-data-layer']]
Clicked on: [[EdgeDriver: msedge on WINDOWS (82cf354d20c95ef660b9b28e745c8fb8)] -> css selector: a[class='btn btnwhite btn-white-data-layer']]
Navigating back to previous page
Navigated back to previous page
Trying to find Element By : By.xpath: //img[@class='at-element-click-tracking']
Found Element By : By.xpath: //img[@class='at-element-click-tracking']
Trying to find Element By : By.xpath: //img[@class='at-element-click-tracking']
Found Element By : By.xpath: //img[@class='at-element-click-tracking']
Trying to find Element By : By.xpath: //img[@class='at-element-click-tracking']
Found Element By : By.xpath: //img[@class='at-element-click-tracking']
Trying to click on: [[EdgeDriver: msedge on WINDOWS (82cf354d20c95ef660b9b28e745c8fb8)] -> xpath: //img[@class='at-element-click-tracking']]
Clicked on: [[EdgeDriver: msedge on WINDOWS (82cf354d20c95ef660b9b28e745c8fb8)] -> xpath: //img[@class='at-element-click-tracking']]
]]></system-out>
  </testcase>
  <testcase name="verifyAadharSection" classname="SeleniumTesting.AEMhdfc.CustomerservicelandingTest" time="10.546">
    <system-out><![CDATA[Trying to find Element By : By.xpath: //button[@class='btn btn-primary btnred btn-auto toggleBtnClick']
Found Element By : By.xpath: //button[@class='btn btn-primary btnred btn-auto toggleBtnClick']
Trying to find Element By : By.xpath: //button[@class='btn btn-primary btnred btn-auto toggleBtnClick']
Found Element By : By.xpath: //button[@class='btn btn-primary btnred btn-auto toggleBtnClick']
Trying to click on: [[EdgeDriver: msedge on WINDOWS (82cf354d20c95ef660b9b28e745c8fb8)] -> xpath: //button[@class='btn btn-primary btnred btn-auto toggleBtnClick']]
Clicked on: [[EdgeDriver: msedge on WINDOWS (82cf354d20c95ef660b9b28e745c8fb8)] -> xpath: //button[@class='btn btn-primary btnred btn-auto toggleBtnClick']]
]]></system-out>
  </testcase>
  <testcase name="verifyContactUsSection" classname="SeleniumTesting.AEMhdfc.CustomerservicelandingTest" time="10.207">
    <system-out><![CDATA[Trying to find Element By : By.xpath: //a[@class='bannerAdBtn siteButton']
Found Element By : By.xpath: //a[@class='bannerAdBtn siteButton']
Trying to find Element By : By.xpath: //a[@class='bannerAdBtn siteButton']
Found Element By : By.xpath: //a[@class='bannerAdBtn siteButton']
Trying to click on: [[EdgeDriver: msedge on WINDOWS (82cf354d20c95ef660b9b28e745c8fb8)] -> xpath: //a[@class='bannerAdBtn siteButton']]
Clicked on: [[EdgeDriver: msedge on WINDOWS (82cf354d20c95ef660b9b28e745c8fb8)] -> xpath: //a[@class='bannerAdBtn siteButton']]
]]></system-out>
  </testcase>
</testsuite>