<?xml version="1.0" encoding="UTF-8"?>
<!-- Generated by org.testng.reporters.JUnitReportReporter -->
<testsuite hostname="LIN24007907" failures="0" tests="9" name="SeleniumTesting.AEMhdfc.CustomerservicelandingTest" time="493.091" errors="0" timestamp="20 Dec 2021 04:59:01 GMT" skipped="0">
  <testcase classname="SeleniumTesting.AEMhdfc.CustomerservicelandingTest" name="navigateToCustomerServiceLandingPage" time="4.875"/>
  <testcase classname="SeleniumTesting.AEMhdfc.CustomerservicelandingTest" name="verifyCustomerServiceLandingPopup" time="15.653"/>
  <testcase classname="SeleniumTesting.AEMhdfc.CustomerservicelandingTest" name="verifyBannerCarousel" time="38.588"/>
  <testcase classname="SeleniumTesting.AEMhdfc.CustomerservicelandingTest" name="verifyBreadcrumb" time="12.570"/>
  <testcase classname="SeleniumTesting.AEMhdfc.CustomerservicelandingTest" name="verifyQuickLinksSection" time="179.055"/>
  <testcase classname="SeleniumTesting.AEMhdfc.CustomerservicelandingTest" name="verifyFAQSection" time="7.294"/>
  <testcase classname="SeleniumTesting.AEMhdfc.CustomerservicelandingTest" name="verifyTiles" time="214.121"/>
  <testcase classname="SeleniumTesting.AEMhdfc.CustomerservicelandingTest" name="verifyAadharSection" time="10.619"/>
  <testcase classname="SeleniumTesting.AEMhdfc.CustomerservicelandingTest" name="verifyContactUsSection" time="10.316"/>
</testsuite> <!-- SeleniumTesting.AEMhdfc.CustomerservicelandingTest -->
