<?xml version="1.0" encoding="UTF-8"?>
<!-- Generated by org.testng.reporters.JUnitReportReporter -->
<testsuite hostname="LIN24007907" failures="0" tests="1" name="SeleniumTesting.AEMhdfc.HomepageTest" time="15.718" errors="0" timestamp="04 Dec 2021 20:27:16 GMT" skipped="0">
  <testcase classname="SeleniumTesting.AEMhdfc.HomepageTest" name="verifyBannerCarousel" time="15.718"/>
</testsuite> <!-- SeleniumTesting.AEMhdfc.HomepageTest -->
