<?xml version="1.0" encoding="UTF-8"?>
<!-- Generated by org.testng.reporters.JUnitReportReporter -->
<testsuite hostname="LIN24007907" failures="0" tests="1" name="SeleniumTesting.AEMhdfc.Otherwebtest" time="27.450" errors="0" timestamp="29 Dec 2021 10:34:58 GMT" skipped="0">
  <testcase classname="SeleniumTesting.AEMhdfc.Otherwebtest" name="sampleTest" time="27.450"/>
</testsuite> <!-- SeleniumTesting.AEMhdfc.Otherwebtest -->
