<?xml version="1.0" encoding="UTF-8"?>
<!-- Generated by org.testng.reporters.JUnitReportReporter -->
<testsuite hostname="LIN24007907" failures="0" tests="2" name="SeleniumTesting.AEMhdfc.HomepageTest" time="96.071" errors="0" timestamp="11 Dec 2021 05:24:39 GMT" skipped="0">
  <testcase classname="SeleniumTesting.AEMhdfc.HomepageTest" name="verifyGroupWebsitesLinks" time="3.023"/>
  <testcase classname="SeleniumTesting.AEMhdfc.HomepageTest" name="verifyArticlesOnHomePage" time="93.048"/>
</testsuite> <!-- SeleniumTesting.AEMhdfc.HomepageTest -->
