<?xml version="1.0" encoding="UTF-8"?>
<!-- Generated by org.testng.reporters.JUnitReportReporter -->
<testsuite hostname="LIN24007907" failures="0" tests="2" name="SeleniumTesting.AEMhdfc.ProductpageTest" time="37.334" errors="0" timestamp="06 Dec 2021 03:42:14 GMT" skipped="0">
  <testcase classname="SeleniumTesting.AEMhdfc.ProductpageTest" name="navigateToProductPage" time="19.049"/>
  <testcase classname="SeleniumTesting.AEMhdfc.ProductpageTest" name="verifyTandCOption" time="18.285"/>
</testsuite> <!-- SeleniumTesting.AEMhdfc.ProductpageTest -->
