<?xml version="1.0" encoding="UTF-8"?>
<!-- Generated by org.testng.reporters.JUnitReportReporter -->
<testsuite hostname="LIN24007907" failures="0" tests="9" name="SeleniumTesting.AEMhdfc.CustomerservicelandingTest" time="489.054" errors="0" timestamp="2021-12-22T14:53:47 IST" skipped="0">
  <testcase classname="SeleniumTesting.AEMhdfc.CustomerservicelandingTest" name="navigateToCustomerServiceLandingPage" time="4.747"/>
  <system-out/>
  <testcase classname="SeleniumTesting.AEMhdfc.CustomerservicelandingTest" name="verifyCustomerServiceLandingPopup" time="15.540"/>
  <system-out/>
  <testcase classname="SeleniumTesting.AEMhdfc.CustomerservicelandingTest" name="verifyBannerCarousel" time="36.332"/>
  <system-out/>
  <testcase classname="SeleniumTesting.AEMhdfc.CustomerservicelandingTest" name="verifyBreadcrumb" time="12.059"/>
  <system-out/>
  <testcase classname="SeleniumTesting.AEMhdfc.CustomerservicelandingTest" name="verifyQuickLinksSection" time="180.183"/>
  <system-out/>
  <testcase classname="SeleniumTesting.AEMhdfc.CustomerservicelandingTest" name="verifyFAQSection" time="7.269"/>
  <system-out/>
  <testcase classname="SeleniumTesting.AEMhdfc.CustomerservicelandingTest" name="verifyTiles" time="211.904"/>
  <system-out/>
  <testcase classname="SeleniumTesting.AEMhdfc.CustomerservicelandingTest" name="verifyAadharSection" time="10.727"/>
  <system-out/>
  <testcase classname="SeleniumTesting.AEMhdfc.CustomerservicelandingTest" name="verifyContactUsSection" time="10.293"/>
  <system-out/>
</testsuite> <!-- SeleniumTesting.AEMhdfc.CustomerservicelandingTest -->
