<?xml version="1.0" encoding="UTF-8"?>
<!-- Generated by org.testng.reporters.JUnitReportReporter -->
<testsuite hostname="LIN24007907" failures="0" tests="5" name="SeleniumTesting.AEMhdfc.CustomerservicelandingTest" time="241.285" errors="0" timestamp="2021-12-15T20:52:37 IST" skipped="0">
  <testcase classname="SeleniumTesting.AEMhdfc.CustomerservicelandingTest" name="navigateToCustomerServiceLandingPage" time="4.544"/>
  <system-out/>
  <testcase classname="SeleniumTesting.AEMhdfc.CustomerservicelandingTest" name="verifyCustomerServiceLandingPopup" time="12.574"/>
  <system-out/>
  <testcase classname="SeleniumTesting.AEMhdfc.CustomerservicelandingTest" name="verifyBannerCarousel" time="35.715"/>
  <system-out/>
  <testcase classname="SeleniumTesting.AEMhdfc.CustomerservicelandingTest" name="verifyBreadcrumb" time="12.664"/>
  <system-out/>
  <testcase classname="SeleniumTesting.AEMhdfc.CustomerservicelandingTest" name="verifyQuickLinksSection" time="175.788"/>
  <system-out/>
</testsuite> <!-- SeleniumTesting.AEMhdfc.CustomerservicelandingTest -->
