<?xml version="1.0" encoding="UTF-8"?>
<!-- Generated by org.testng.reporters.JUnitReportReporter -->
<testsuite hostname="LIN24007907" failures="0" tests="6" name="SeleniumTesting.AEMhdfc.CategorypageTest" time="66.689" errors="0" timestamp="2021-11-29T16:50:03 IST" skipped="0">
  <testcase classname="SeleniumTesting.AEMhdfc.CategorypageTest" name="navigateToPage" time="9.468"/>
  <system-out/>
  <testcase classname="SeleniumTesting.AEMhdfc.CategorypageTest" name="verifyCalculatePremiumBtn" time="12.637"/>
  <system-out/>
  <testcase classname="SeleniumTesting.AEMhdfc.CategorypageTest" name="verifyTalkToAdvisor" time="6.294"/>
  <system-out/>
  <testcase classname="SeleniumTesting.AEMhdfc.CategorypageTest" name="verifyTalkToAdvisorPopup" time="9.611"/>
  <system-out/>
  <testcase classname="SeleniumTesting.AEMhdfc.CategorypageTest" name="verifyHomeIconInBreadCrumb" time="9.809"/>
  <system-out/>
  <testcase classname="SeleniumTesting.AEMhdfc.CategorypageTest" name="verifyC2PLProduct" time="18.870"/>
  <system-out/>
</testsuite> <!-- SeleniumTesting.AEMhdfc.CategorypageTest -->
