<?xml version="1.0" encoding="UTF-8"?>
<!-- Generated by org.testng.reporters.JUnitReportReporter -->
<testsuite hostname="LIN24007907" failures="0" tests="15" name="SeleniumTesting.AEMhdfc.CategorypageTest" time="332.842" errors="0" timestamp="2021-12-20T20:03:12 IST" skipped="0">
  <testcase classname="SeleniumTesting.AEMhdfc.CategorypageTest" name="navigateToPage" time="11.954"/>
  <system-out/>
  <testcase classname="SeleniumTesting.AEMhdfc.CategorypageTest" name="verifyCalculatePremiumBtn" time="12.445"/>
  <system-out/>
  <testcase classname="SeleniumTesting.AEMhdfc.CategorypageTest" name="verifyTalkToAdvisor" time="6.250"/>
  <system-out/>
  <testcase classname="SeleniumTesting.AEMhdfc.CategorypageTest" name="verifyTalkToAdvisorPopup" time="9.411"/>
  <system-out/>
  <testcase classname="SeleniumTesting.AEMhdfc.CategorypageTest" name="verifyHomeIconInBreadCrumb" time="9.110"/>
  <system-out/>
  <testcase classname="SeleniumTesting.AEMhdfc.CategorypageTest" name="verifyC2PLProduct" time="29.692"/>
  <system-out/>
  <testcase classname="SeleniumTesting.AEMhdfc.CategorypageTest" name="verifySJBProduct" time="25.784"/>
  <system-out/>
  <testcase classname="SeleniumTesting.AEMhdfc.CategorypageTest" name="verifyLetsCalculateBtn" time="12.154"/>
  <system-out/>
  <testcase classname="SeleniumTesting.AEMhdfc.CategorypageTest" name="verifyVideoOnCategoryPage" time="6.026"/>
  <system-out/>
  <testcase classname="SeleniumTesting.AEMhdfc.CategorypageTest" name="verifyWhySection" time="9.312"/>
  <system-out/>
  <testcase classname="SeleniumTesting.AEMhdfc.CategorypageTest" name="verifyTermInsuranceGuideFaqSection" time="21.605"/>
  <system-out/>
  <testcase classname="SeleniumTesting.AEMhdfc.CategorypageTest" name="verifyRidersSection" time="51.798"/>
  <system-out/>
  <testcase classname="SeleniumTesting.AEMhdfc.CategorypageTest" name="verifyContactUs" time="15.871"/>
  <system-out/>
  <testcase classname="SeleniumTesting.AEMhdfc.CategorypageTest" name="verifyArticlesSection" time="102.283"/>
  <system-out/>
  <testcase classname="SeleniumTesting.AEMhdfc.CategorypageTest" name="verifyDisclaimer" time="9.147"/>
  <system-out/>
</testsuite> <!-- SeleniumTesting.AEMhdfc.CategorypageTest -->
