<?xml version="1.0" encoding="UTF-8"?>
<!-- Generated by org.testng.reporters.JUnitReportReporter -->
<testsuite hostname="LIN24007907" failures="0" tests="4" name="SeleniumTesting.AEMhdfc.CategorypageTest" time="36.857" errors="0" timestamp="2021-11-27T15:19:51 IST" skipped="0">
  <testcase classname="SeleniumTesting.AEMhdfc.CategorypageTest" name="navigateToPage" time="8.758"/>
  <system-out/>
  <testcase classname="SeleniumTesting.AEMhdfc.CategorypageTest" name="verifyCalculatePremiumBtn" time="12.416"/>
  <system-out/>
  <testcase classname="SeleniumTesting.AEMhdfc.CategorypageTest" name="verifyTalkToAdvisor" time="6.245"/>
  <system-out/>
  <testcase classname="SeleniumTesting.AEMhdfc.CategorypageTest" name="verifyTalkToAdvisorPopup" time="9.438"/>
  <system-out/>
</testsuite> <!-- SeleniumTesting.AEMhdfc.CategorypageTest -->
