<?xml version="1.0" encoding="UTF-8"?>
<!-- Generated by org.testng.reporters.JUnitReportReporter -->
<testsuite hostname="LIN24007907" failures="0" tests="9" name="SeleniumTesting.AEMhdfc.CustomerservicelandingTest" time="483.954" errors="0" timestamp="2021-12-20T12:28:11 IST" skipped="0">
  <testcase classname="SeleniumTesting.AEMhdfc.CustomerservicelandingTest" name="navigateToCustomerServiceLandingPage" time="5.365"/>
  <system-out/>
  <testcase classname="SeleniumTesting.AEMhdfc.CustomerservicelandingTest" name="verifyCustomerServiceLandingPopup" time="15.461"/>
  <system-out/>
  <testcase classname="SeleniumTesting.AEMhdfc.CustomerservicelandingTest" name="verifyBannerCarousel" time="35.391"/>
  <system-out/>
  <testcase classname="SeleniumTesting.AEMhdfc.CustomerservicelandingTest" name="verifyBreadcrumb" time="11.326"/>
  <system-out/>
  <testcase classname="SeleniumTesting.AEMhdfc.CustomerservicelandingTest" name="verifyQuickLinksSection" time="177.124"/>
  <system-out/>
  <testcase classname="SeleniumTesting.AEMhdfc.CustomerservicelandingTest" name="verifyFAQSection" time="7.233"/>
  <system-out/>
  <testcase classname="SeleniumTesting.AEMhdfc.CustomerservicelandingTest" name="verifyTiles" time="211.263"/>
  <system-out/>
  <testcase classname="SeleniumTesting.AEMhdfc.CustomerservicelandingTest" name="verifyAadharSection" time="10.583"/>
  <system-out/>
  <testcase classname="SeleniumTesting.AEMhdfc.CustomerservicelandingTest" name="verifyContactUsSection" time="10.208"/>
  <system-out/>
</testsuite> <!-- SeleniumTesting.AEMhdfc.CustomerservicelandingTest -->
