<?xml version="1.0" encoding="UTF-8"?>
<!-- Generated by org.testng.reporters.JUnitReportReporter -->
<testsuite hostname="LIN24007907" failures="0" tests="6" name="SeleniumTesting.AEMhdfc.CategorypageTest" time="62.064" errors="0" timestamp="2021-11-29T15:59:38 IST" skipped="0">
  <testcase classname="SeleniumTesting.AEMhdfc.CategorypageTest" name="navigateToPage" time="8.930"/>
  <system-out/>
  <testcase classname="SeleniumTesting.AEMhdfc.CategorypageTest" name="verifyCalculatePremiumBtn" time="12.646"/>
  <system-out/>
  <testcase classname="SeleniumTesting.AEMhdfc.CategorypageTest" name="verifyTalkToAdvisor" time="6.329"/>
  <system-out/>
  <testcase classname="SeleniumTesting.AEMhdfc.CategorypageTest" name="verifyTalkToAdvisorPopup" time="9.468"/>
  <system-out/>
  <testcase classname="SeleniumTesting.AEMhdfc.CategorypageTest" name="verifyHomeIconInBreadCrumb" time="9.561"/>
  <system-out/>
  <testcase classname="SeleniumTesting.AEMhdfc.CategorypageTest" name="verifyC2PLProduct" time="15.130"/>
  <system-out/>
</testsuite> <!-- SeleniumTesting.AEMhdfc.CategorypageTest -->
