<?xml version="1.0" encoding="UTF-8"?>
<!-- Generated by org.testng.reporters.JUnitReportReporter -->
<testsuite hostname="LIN24007907" failures="0" tests="17" name="SeleniumTesting.AEMhdfc.CategorypageTest" time="9.968" errors="2" timestamp="2021-12-08T16:50:08 IST" skipped="15">
  <testcase classname="SeleniumTesting.AEMhdfc.CategorypageTest" name="setUp" time="9.748">
    <error message="unknown error: net::ERR_NAME_NOT_RESOLVED
  (Session info: chrome=96.0.4664.45)
Build info: version: &#039;3.141.59&#039;, revision: &#039;e82be7d358&#039;, time: &#039;2018-11-14T08:17:03&#039;
System info: host: &#039;LIN24007907&#039;, ip: &#039;192.168.100.110&#039;, os.name: &#039;Windows 10&#039;, os.arch: &#039;amd64&#039;, os.version: &#039;10.0&#039;, java.version: &#039;17&#039;
Driver info: org.openqa.selenium.chrome.ChromeDriver
Capabilities {acceptInsecureCerts: false, browserName: chrome, browserVersion: 96.0.4664.45, chrome: {chromedriverVersion: 96.0.4664.45 (76e4c1bb2ab46..., userDataDir: C:\Users\Akundar\AppData\Lo...}, goog:chromeOptions: {debuggerAddress: localhost:51147}, javascriptEnabled: true, networkConnectionEnabled: false, pageLoadStrategy: normal, platform: WINDOWS, platformName: WINDOWS, proxy: Proxy(), setWindowRect: true, strictFileInteractability: false, timeouts: {implicit: 0, pageLoad: 300000, script: 30000}, unhandledPromptBehavior: dismiss and notify, webauthn:extension:credBlob: true, webauthn:extension:largeBlob: true, webauthn:virtualAuthenticators: true}
Session ID: 32554a65af4686f2f010be203c0e631a" type="org.openqa.selenium.WebDriverException">
      <![CDATA[org.openqa.selenium.WebDriverException: unknown error: net::ERR_NAME_NOT_RESOLVED
  (Session info: chrome=96.0.4664.45)
Build info: version: '3.141.59', revision: 'e82be7d358', time: '2018-11-14T08:17:03'
System info: host: 'LIN24007907', ip: '192.168.100.110', os.name: 'Windows 10', os.arch: 'amd64', os.version: '10.0', java.version: '17'
Driver info: org.openqa.selenium.chrome.ChromeDriver
Capabilities {acceptInsecureCerts: false, browserName: chrome, browserVersion: 96.0.4664.45, chrome: {chromedriverVersion: 96.0.4664.45 (76e4c1bb2ab46..., userDataDir: C:\Users\Akundar\AppData\Lo...}, goog:chromeOptions: {debuggerAddress: localhost:51147}, javascriptEnabled: true, networkConnectionEnabled: false, pageLoadStrategy: normal, platform: WINDOWS, platformName: WINDOWS, proxy: Proxy(), setWindowRect: true, strictFileInteractability: false, timeouts: {implicit: 0, pageLoad: 300000, script: 30000}, unhandledPromptBehavior: dismiss and notify, webauthn:extension:credBlob: true, webauthn:extension:largeBlob: true, webauthn:virtualAuthenticators: true}
Session ID: 32554a65af4686f2f010be203c0e631a
at java.base/jdk.internal.reflect.NativeConstructorAccessorImpl.newInstance0(Native Method)
at java.base/jdk.internal.reflect.NativeConstructorAccessorImpl.newInstance(NativeConstructorAccessorImpl.java:77)
at java.base/jdk.internal.reflect.DelegatingConstructorAccessorImpl.newInstance(DelegatingConstructorAccessorImpl.java:45)
at java.base/java.lang.reflect.Constructor.newInstanceWithCaller(Constructor.java:499)
at java.base/java.lang.reflect.Constructor.newInstance(Constructor.java:480)
at org.openqa.selenium.remote.http.W3CHttpResponseCodec.createException(W3CHttpResponseCodec.java:187)
at org.openqa.selenium.remote.http.W3CHttpResponseCodec.decode(W3CHttpResponseCodec.java:122)
at org.openqa.selenium.remote.http.W3CHttpResponseCodec.decode(W3CHttpResponseCodec.java:49)
at org.openqa.selenium.remote.HttpCommandExecutor.execute(HttpCommandExecutor.java:158)
at org.openqa.selenium.remote.service.DriverCommandExecutor.execute(DriverCommandExecutor.java:83)
at org.openqa.selenium.remote.RemoteWebDriver.execute(RemoteWebDriver.java:552)
at org.openqa.selenium.remote.RemoteWebDriver.get(RemoteWebDriver.java:277)
at java.base/jdk.internal.reflect.NativeMethodAccessorImpl.invoke0(Native Method)
at java.base/jdk.internal.reflect.NativeMethodAccessorImpl.invoke(NativeMethodAccessorImpl.java:77)
at java.base/jdk.internal.reflect.DelegatingMethodAccessorImpl.invoke(DelegatingMethodAccessorImpl.java:43)
at java.base/java.lang.reflect.Method.invoke(Method.java:568)
at org.openqa.selenium.support.events.EventFiringWebDriver.lambda$new$1(EventFiringWebDriver.java:105)
at jdk.proxy2/jdk.proxy2.$Proxy25.get(Unknown Source)
at org.openqa.selenium.support.events.EventFiringWebDriver.get(EventFiringWebDriver.java:165)
at base.BaseClass.initializeDriver(BaseClass.java:76)
at SeleniumTesting.AEMhdfc.CategorypageTest.setUp(CategorypageTest.java:29)
at java.base/jdk.internal.reflect.NativeMethodAccessorImpl.invoke0(Native Method)
at java.base/jdk.internal.reflect.NativeMethodAccessorImpl.invoke(NativeMethodAccessorImpl.java:77)
at java.base/jdk.internal.reflect.DelegatingMethodAccessorImpl.invoke(DelegatingMethodAccessorImpl.java:43)
at java.base/java.lang.reflect.Method.invoke(Method.java:568)
at org.testng.internal.MethodInvocationHelper.invokeMethod(MethodInvocationHelper.java:133)
at org.testng.internal.MethodInvocationHelper.invokeMethodConsideringTimeout(MethodInvocationHelper.java:62)
at org.testng.internal.ConfigInvoker.invokeConfigurationMethod(ConfigInvoker.java:385)
at org.testng.internal.ConfigInvoker.invokeConfigurations(ConfigInvoker.java:321)
at org.testng.internal.TestMethodWorker.invokeBeforeClassMethods(TestMethodWorker.java:176)
at org.testng.internal.TestMethodWorker.run(TestMethodWorker.java:122)
at java.base/java.util.ArrayList.forEach(ArrayList.java:1511)
at org.testng.TestRunner.privateRun(TestRunner.java:794)
at org.testng.TestRunner.run(TestRunner.java:596)
at org.testng.SuiteRunner.runTest(SuiteRunner.java:377)
at org.testng.SuiteRunner.runSequentially(SuiteRunner.java:371)
at org.testng.SuiteRunner.privateRun(SuiteRunner.java:332)
at org.testng.SuiteRunner.run(SuiteRunner.java:276)
at org.testng.SuiteRunnerWorker.runSuite(SuiteRunnerWorker.java:53)
at org.testng.SuiteRunnerWorker.run(SuiteRunnerWorker.java:96)
at org.testng.TestNG.runSuitesSequentially(TestNG.java:1212)
at org.testng.TestNG.runSuitesLocally(TestNG.java:1134)
at org.testng.TestNG.runSuites(TestNG.java:1063)
at org.testng.TestNG.run(TestNG.java:1031)
at org.apache.maven.surefire.testng.TestNGExecutor.run(TestNGExecutor.java:284)
at org.apache.maven.surefire.testng.TestNGXmlTestSuite.execute(TestNGXmlTestSuite.java:75)
at org.apache.maven.surefire.testng.TestNGProvider.invoke(TestNGProvider.java:119)
at org.apache.maven.surefire.booter.ForkedBooter.runSuitesInProcess(ForkedBooter.java:428)
at org.apache.maven.surefire.booter.ForkedBooter.execute(ForkedBooter.java:162)
at org.apache.maven.surefire.booter.ForkedBooter.run(ForkedBooter.java:562)
at org.apache.maven.surefire.booter.ForkedBooter.main(ForkedBooter.java:548)
]]>
    </error>
  </testcase> <!-- setUp -->
  <system-out/>
  <testcase classname="SeleniumTesting.AEMhdfc.CategorypageTest" name="tear" time="0.220">
    <error message="Cannot invoke &quot;PageObjects.Categorypage.deleteFolder()&quot; because &quot;this.cp&quot; is null" type="java.lang.NullPointerException">
      <![CDATA[java.lang.NullPointerException: Cannot invoke "PageObjects.Categorypage.deleteFolder()" because "this.cp" is null
at SeleniumTesting.AEMhdfc.CategorypageTest.tear(CategorypageTest.java:181)
at java.base/jdk.internal.reflect.NativeMethodAccessorImpl.invoke0(Native Method)
at java.base/jdk.internal.reflect.NativeMethodAccessorImpl.invoke(NativeMethodAccessorImpl.java:77)
at java.base/jdk.internal.reflect.DelegatingMethodAccessorImpl.invoke(DelegatingMethodAccessorImpl.java:43)
at java.base/java.lang.reflect.Method.invoke(Method.java:568)
at org.testng.internal.MethodInvocationHelper.invokeMethod(MethodInvocationHelper.java:133)
at org.testng.internal.MethodInvocationHelper.invokeMethodConsideringTimeout(MethodInvocationHelper.java:62)
at org.testng.internal.ConfigInvoker.invokeConfigurationMethod(ConfigInvoker.java:385)
at org.testng.internal.ConfigInvoker.invokeConfigurations(ConfigInvoker.java:321)
at org.testng.internal.TestMethodWorker.invokeAfterClassMethods(TestMethodWorker.java:217)
at org.testng.internal.TestMethodWorker.run(TestMethodWorker.java:130)
at java.base/java.util.ArrayList.forEach(ArrayList.java:1511)
at org.testng.TestRunner.privateRun(TestRunner.java:794)
at org.testng.TestRunner.run(TestRunner.java:596)
at org.testng.SuiteRunner.runTest(SuiteRunner.java:377)
at org.testng.SuiteRunner.runSequentially(SuiteRunner.java:371)
at org.testng.SuiteRunner.privateRun(SuiteRunner.java:332)
at org.testng.SuiteRunner.run(SuiteRunner.java:276)
at org.testng.SuiteRunnerWorker.runSuite(SuiteRunnerWorker.java:53)
at org.testng.SuiteRunnerWorker.run(SuiteRunnerWorker.java:96)
at org.testng.TestNG.runSuitesSequentially(TestNG.java:1212)
at org.testng.TestNG.runSuitesLocally(TestNG.java:1134)
at org.testng.TestNG.runSuites(TestNG.java:1063)
at org.testng.TestNG.run(TestNG.java:1031)
at org.apache.maven.surefire.testng.TestNGExecutor.run(TestNGExecutor.java:284)
at org.apache.maven.surefire.testng.TestNGXmlTestSuite.execute(TestNGXmlTestSuite.java:75)
at org.apache.maven.surefire.testng.TestNGProvider.invoke(TestNGProvider.java:119)
at org.apache.maven.surefire.booter.ForkedBooter.runSuitesInProcess(ForkedBooter.java:428)
at org.apache.maven.surefire.booter.ForkedBooter.execute(ForkedBooter.java:162)
at org.apache.maven.surefire.booter.ForkedBooter.run(ForkedBooter.java:562)
at org.apache.maven.surefire.booter.ForkedBooter.main(ForkedBooter.java:548)
]]>
    </error>
  </testcase> <!-- tear -->
  <system-out/>
  <testcase classname="SeleniumTesting.AEMhdfc.CategorypageTest" name="navigateToPage" time="0.000">
    <skipped/>
  </testcase> <!-- navigateToPage -->
  <system-out/>
  <testcase classname="SeleniumTesting.AEMhdfc.CategorypageTest" name="verifyCalculatePremiumBtn" time="0.000">
    <skipped/>
  </testcase> <!-- verifyCalculatePremiumBtn -->
  <system-out/>
  <testcase classname="SeleniumTesting.AEMhdfc.CategorypageTest" name="verifyTalkToAdvisor" time="0.000">
    <skipped/>
  </testcase> <!-- verifyTalkToAdvisor -->
  <system-out/>
  <testcase classname="SeleniumTesting.AEMhdfc.CategorypageTest" name="verifyTalkToAdvisorPopup" time="0.000">
    <skipped/>
  </testcase> <!-- verifyTalkToAdvisorPopup -->
  <system-out/>
  <testcase classname="SeleniumTesting.AEMhdfc.CategorypageTest" name="verifyHomeIconInBreadCrumb" time="0.000">
    <skipped/>
  </testcase> <!-- verifyHomeIconInBreadCrumb -->
  <system-out/>
  <testcase classname="SeleniumTesting.AEMhdfc.CategorypageTest" name="verifyC2PLProduct" time="0.000">
    <skipped/>
  </testcase> <!-- verifyC2PLProduct -->
  <system-out/>
  <testcase classname="SeleniumTesting.AEMhdfc.CategorypageTest" name="verifySJBProduct" time="0.000">
    <skipped/>
  </testcase> <!-- verifySJBProduct -->
  <system-out/>
  <testcase classname="SeleniumTesting.AEMhdfc.CategorypageTest" name="verifyLetsCalculateBtn" time="0.000">
    <skipped/>
  </testcase> <!-- verifyLetsCalculateBtn -->
  <system-out/>
  <testcase classname="SeleniumTesting.AEMhdfc.CategorypageTest" name="verifyVideoOnCategoryPage" time="0.000">
    <skipped/>
  </testcase> <!-- verifyVideoOnCategoryPage -->
  <system-out/>
  <testcase classname="SeleniumTesting.AEMhdfc.CategorypageTest" name="verifyWhySection" time="0.000">
    <skipped/>
  </testcase> <!-- verifyWhySection -->
  <system-out/>
  <testcase classname="SeleniumTesting.AEMhdfc.CategorypageTest" name="verifyTermInsuranceGuideFaqSection" time="0.000">
    <skipped/>
  </testcase> <!-- verifyTermInsuranceGuideFaqSection -->
  <system-out/>
  <testcase classname="SeleniumTesting.AEMhdfc.CategorypageTest" name="verifyRidersSection" time="0.000">
    <skipped/>
  </testcase> <!-- verifyRidersSection -->
  <system-out/>
  <testcase classname="SeleniumTesting.AEMhdfc.CategorypageTest" name="verifyContactUs" time="0.000">
    <skipped/>
  </testcase> <!-- verifyContactUs -->
  <system-out/>
  <testcase classname="SeleniumTesting.AEMhdfc.CategorypageTest" name="verifyArticlesSection" time="0.000">
    <skipped/>
  </testcase> <!-- verifyArticlesSection -->
  <system-out/>
  <testcase classname="SeleniumTesting.AEMhdfc.CategorypageTest" name="verifyDisclaimer" time="0.000">
    <skipped/>
  </testcase> <!-- verifyDisclaimer -->
  <system-out/>
</testsuite> <!-- SeleniumTesting.AEMhdfc.CategorypageTest -->
